[2023-04-16T11:15:38.004+0700] {taskinstance.py:1090} INFO - Dependencies all met for dep_context=non-requeueable deps ti=<TaskInstance: our_first_dag_v3.taskid3 manual__2023-04-16T04:15:32.996961+00:00 [queued]>
[2023-04-16T11:15:38.009+0700] {taskinstance.py:1090} INFO - Dependencies all met for dep_context=requeueable deps ti=<TaskInstance: our_first_dag_v3.taskid3 manual__2023-04-16T04:15:32.996961+00:00 [queued]>
[2023-04-16T11:15:38.009+0700] {taskinstance.py:1288} INFO - 
--------------------------------------------------------------------------------
[2023-04-16T11:15:38.009+0700] {taskinstance.py:1289} INFO - Starting attempt 1 of 6
[2023-04-16T11:15:38.009+0700] {taskinstance.py:1290} INFO - 
--------------------------------------------------------------------------------
[2023-04-16T11:15:38.020+0700] {taskinstance.py:1309} INFO - Executing <Task(BashOperator): taskid3> on 2023-04-16 04:15:32.996961+00:00
[2023-04-16T11:15:38.023+0700] {standard_task_runner.py:55} INFO - Started process 13643 to run task
[2023-04-16T11:15:38.025+0700] {standard_task_runner.py:82} INFO - Running: ['airflow', 'tasks', 'run', 'our_first_dag_v3', 'taskid3', 'manual__2023-04-16T04:15:32.996961+00:00', '--job-id', '225', '--raw', '--subdir', 'DAGS_FOLDER/first_dag.py', '--cfg-path', '/tmp/tmpur1qet9_']
[2023-04-16T11:15:38.026+0700] {standard_task_runner.py:83} INFO - Job 225: Subtask taskid3
[2023-04-16T11:15:38.055+0700] {task_command.py:389} INFO - Running <TaskInstance: our_first_dag_v3.taskid3 manual__2023-04-16T04:15:32.996961+00:00 [running]> on host ahyar-Aspire-A514-54
[2023-04-16T11:15:38.097+0700] {taskinstance.py:1516} INFO - Exporting the following env vars:
AIRFLOW_CTX_DAG_OWNER=ahyar
AIRFLOW_CTX_DAG_ID=our_first_dag_v3
AIRFLOW_CTX_TASK_ID=taskid3
AIRFLOW_CTX_EXECUTION_DATE=2023-04-16T04:15:32.996961+00:00
AIRFLOW_CTX_TRY_NUMBER=1
AIRFLOW_CTX_DAG_RUN_ID=manual__2023-04-16T04:15:32.996961+00:00
[2023-04-16T11:15:38.098+0700] {subprocess.py:63} INFO - Tmp dir root location: 
 /tmp
[2023-04-16T11:15:38.098+0700] {subprocess.py:75} INFO - Running command: ['/usr/bin/bash', '-c', 'echo this is task 3 command']
[2023-04-16T11:15:38.106+0700] {subprocess.py:86} INFO - Output:
[2023-04-16T11:15:38.107+0700] {subprocess.py:93} INFO - this is task 3 command
[2023-04-16T11:15:38.108+0700] {subprocess.py:97} INFO - Command exited with return code 0
[2023-04-16T11:15:38.123+0700] {taskinstance.py:1327} INFO - Marking task as SUCCESS. dag_id=our_first_dag_v3, task_id=taskid3, execution_date=20230416T041532, start_date=20230416T041538, end_date=20230416T041538
[2023-04-16T11:15:38.157+0700] {local_task_job.py:212} INFO - Task exited with return code 0
[2023-04-16T11:15:38.169+0700] {taskinstance.py:2596} INFO - 0 downstream tasks scheduled from follow-on schedule check
