[2023-07-23T13:24:12.623+0700] {taskinstance.py:1090} INFO - Dependencies all met for dep_context=non-requeueable deps ti=<TaskInstance: python_dag_v6.greet scheduled__2023-04-17T00:00:00+00:00 [queued]>
[2023-07-23T13:24:12.627+0700] {taskinstance.py:1090} INFO - Dependencies all met for dep_context=requeueable deps ti=<TaskInstance: python_dag_v6.greet scheduled__2023-04-17T00:00:00+00:00 [queued]>
[2023-07-23T13:24:12.627+0700] {taskinstance.py:1288} INFO - 
--------------------------------------------------------------------------------
[2023-07-23T13:24:12.627+0700] {taskinstance.py:1289} INFO - Starting attempt 1 of 6
[2023-07-23T13:24:12.627+0700] {taskinstance.py:1290} INFO - 
--------------------------------------------------------------------------------
[2023-07-23T13:24:12.639+0700] {taskinstance.py:1309} INFO - Executing <Task(PythonOperator): greet> on 2023-04-17 00:00:00+00:00
[2023-07-23T13:24:12.640+0700] {standard_task_runner.py:55} INFO - Started process 10230 to run task
[2023-07-23T13:24:12.642+0700] {standard_task_runner.py:82} INFO - Running: ['airflow', 'tasks', 'run', 'python_dag_v6', 'greet', 'scheduled__2023-04-17T00:00:00+00:00', '--job-id', '264', '--raw', '--subdir', 'DAGS_FOLDER/dag_python_operator.py', '--cfg-path', '/tmp/tmpx8celdxp']
[2023-07-23T13:24:12.643+0700] {standard_task_runner.py:83} INFO - Job 264: Subtask greet
[2023-07-23T13:24:12.668+0700] {task_command.py:389} INFO - Running <TaskInstance: python_dag_v6.greet scheduled__2023-04-17T00:00:00+00:00 [running]> on host ahyar-Aspire-A514-54
[2023-07-23T13:24:12.700+0700] {taskinstance.py:1516} INFO - Exporting the following env vars:
AIRFLOW_CTX_DAG_OWNER=ahyar
AIRFLOW_CTX_DAG_ID=python_dag_v6
AIRFLOW_CTX_TASK_ID=greet
AIRFLOW_CTX_EXECUTION_DATE=2023-04-17T00:00:00+00:00
AIRFLOW_CTX_TRY_NUMBER=1
AIRFLOW_CTX_DAG_RUN_ID=scheduled__2023-04-17T00:00:00+00:00
[2023-07-23T13:24:12.705+0700] {logging_mixin.py:137} INFO - Hello, I am boim and my last name ald I am 20 years old
[2023-07-23T13:24:12.705+0700] {python.py:177} INFO - Done. Returned value was: None
[2023-07-23T13:24:12.707+0700] {taskinstance.py:1327} INFO - Marking task as SUCCESS. dag_id=python_dag_v6, task_id=greet, execution_date=20230417T000000, start_date=20230723T062412, end_date=20230723T062412
[2023-07-23T13:24:12.734+0700] {local_task_job.py:212} INFO - Task exited with return code 0
[2023-07-23T13:24:12.740+0700] {taskinstance.py:2596} INFO - 0 downstream tasks scheduled from follow-on schedule check
