[2023-04-16T11:42:32.279+0700] {taskinstance.py:1090} INFO - Dependencies all met for dep_context=non-requeueable deps ti=<TaskInstance: python_dag_v5.get_name manual__2023-04-16T04:42:30.055093+00:00 [queued]>
[2023-04-16T11:42:32.283+0700] {taskinstance.py:1090} INFO - Dependencies all met for dep_context=requeueable deps ti=<TaskInstance: python_dag_v5.get_name manual__2023-04-16T04:42:30.055093+00:00 [queued]>
[2023-04-16T11:42:32.283+0700] {taskinstance.py:1288} INFO - 
--------------------------------------------------------------------------------
[2023-04-16T11:42:32.284+0700] {taskinstance.py:1289} INFO - Starting attempt 1 of 6
[2023-04-16T11:42:32.284+0700] {taskinstance.py:1290} INFO - 
--------------------------------------------------------------------------------
[2023-04-16T11:42:32.296+0700] {taskinstance.py:1309} INFO - Executing <Task(PythonOperator): get_name> on 2023-04-16 04:42:30.055093+00:00
[2023-04-16T11:42:32.298+0700] {standard_task_runner.py:55} INFO - Started process 18799 to run task
[2023-04-16T11:42:32.302+0700] {standard_task_runner.py:82} INFO - Running: ['airflow', 'tasks', 'run', 'python_dag_v5', 'get_name', 'manual__2023-04-16T04:42:30.055093+00:00', '--job-id', '233', '--raw', '--subdir', 'DAGS_FOLDER/dag_python_operator.py', '--cfg-path', '/tmp/tmp9qwhsbzs']
[2023-04-16T11:42:32.303+0700] {standard_task_runner.py:83} INFO - Job 233: Subtask get_name
[2023-04-16T11:42:32.331+0700] {task_command.py:389} INFO - Running <TaskInstance: python_dag_v5.get_name manual__2023-04-16T04:42:30.055093+00:00 [running]> on host ahyar-Aspire-A514-54
[2023-04-16T11:42:32.365+0700] {taskinstance.py:1516} INFO - Exporting the following env vars:
AIRFLOW_CTX_DAG_OWNER=ahyar
AIRFLOW_CTX_DAG_ID=python_dag_v5
AIRFLOW_CTX_TASK_ID=get_name
AIRFLOW_CTX_EXECUTION_DATE=2023-04-16T04:42:30.055093+00:00
AIRFLOW_CTX_TRY_NUMBER=1
AIRFLOW_CTX_DAG_RUN_ID=manual__2023-04-16T04:42:30.055093+00:00
[2023-04-16T11:42:32.365+0700] {python.py:177} INFO - Done. Returned value was: Jerry
[2023-04-16T11:42:32.377+0700] {taskinstance.py:1327} INFO - Marking task as SUCCESS. dag_id=python_dag_v5, task_id=get_name, execution_date=20230416T044230, start_date=20230416T044232, end_date=20230416T044232
[2023-04-16T11:42:32.433+0700] {local_task_job.py:212} INFO - Task exited with return code 0
[2023-04-16T11:42:32.449+0700] {taskinstance.py:2596} INFO - 1 downstream tasks scheduled from follow-on schedule check
