[2023-07-23T13:28:29.442+0700] {taskinstance.py:1090} INFO - Dependencies all met for dep_context=non-requeueable deps ti=<TaskInstance: dag_with_taskflow_api_v2.get_age scheduled__2023-05-09T00:00:00+00:00 [queued]>
[2023-07-23T13:28:29.446+0700] {taskinstance.py:1090} INFO - Dependencies all met for dep_context=requeueable deps ti=<TaskInstance: dag_with_taskflow_api_v2.get_age scheduled__2023-05-09T00:00:00+00:00 [queued]>
[2023-07-23T13:28:29.446+0700] {taskinstance.py:1288} INFO - 
--------------------------------------------------------------------------------
[2023-07-23T13:28:29.446+0700] {taskinstance.py:1289} INFO - Starting attempt 1 of 6
[2023-07-23T13:28:29.446+0700] {taskinstance.py:1290} INFO - 
--------------------------------------------------------------------------------
[2023-07-23T13:28:29.457+0700] {taskinstance.py:1309} INFO - Executing <Task(_PythonDecoratedOperator): get_age> on 2023-05-09 00:00:00+00:00
[2023-07-23T13:28:29.459+0700] {standard_task_runner.py:55} INFO - Started process 13143 to run task
[2023-07-23T13:28:29.461+0700] {standard_task_runner.py:82} INFO - Running: ['airflow', 'tasks', 'run', 'dag_with_taskflow_api_v2', 'get_age', 'scheduled__2023-05-09T00:00:00+00:00', '--job-id', '435', '--raw', '--subdir', 'DAGS_FOLDER/dag_taskflow_api.py', '--cfg-path', '/tmp/tmpxmtn7slg']
[2023-07-23T13:28:29.461+0700] {standard_task_runner.py:83} INFO - Job 435: Subtask get_age
[2023-07-23T13:28:29.489+0700] {task_command.py:389} INFO - Running <TaskInstance: dag_with_taskflow_api_v2.get_age scheduled__2023-05-09T00:00:00+00:00 [running]> on host ahyar-Aspire-A514-54
[2023-07-23T13:28:29.525+0700] {taskinstance.py:1516} INFO - Exporting the following env vars:
AIRFLOW_CTX_DAG_OWNER=ahyar
AIRFLOW_CTX_DAG_ID=dag_with_taskflow_api_v2
AIRFLOW_CTX_TASK_ID=get_age
AIRFLOW_CTX_EXECUTION_DATE=2023-05-09T00:00:00+00:00
AIRFLOW_CTX_TRY_NUMBER=1
AIRFLOW_CTX_DAG_RUN_ID=scheduled__2023-05-09T00:00:00+00:00
[2023-07-23T13:28:29.526+0700] {python.py:177} INFO - Done. Returned value was: 21
[2023-07-23T13:28:29.537+0700] {taskinstance.py:1327} INFO - Marking task as SUCCESS. dag_id=dag_with_taskflow_api_v2, task_id=get_age, execution_date=20230509T000000, start_date=20230723T062829, end_date=20230723T062829
[2023-07-23T13:28:29.552+0700] {local_task_job.py:212} INFO - Task exited with return code 0
[2023-07-23T13:28:29.563+0700] {taskinstance.py:2596} INFO - 1 downstream tasks scheduled from follow-on schedule check
