[2023-07-23T13:25:07.537+0700] {taskinstance.py:1090} INFO - Dependencies all met for dep_context=non-requeueable deps ti=<TaskInstance: python_dag_v6.get_name scheduled__2023-04-24T00:00:00+00:00 [queued]>
[2023-07-23T13:25:07.541+0700] {taskinstance.py:1090} INFO - Dependencies all met for dep_context=requeueable deps ti=<TaskInstance: python_dag_v6.get_name scheduled__2023-04-24T00:00:00+00:00 [queued]>
[2023-07-23T13:25:07.541+0700] {taskinstance.py:1288} INFO - 
--------------------------------------------------------------------------------
[2023-07-23T13:25:07.541+0700] {taskinstance.py:1289} INFO - Starting attempt 1 of 6
[2023-07-23T13:25:07.541+0700] {taskinstance.py:1290} INFO - 
--------------------------------------------------------------------------------
[2023-07-23T13:25:07.552+0700] {taskinstance.py:1309} INFO - Executing <Task(PythonOperator): get_name> on 2023-04-24 00:00:00+00:00
[2023-07-23T13:25:07.556+0700] {standard_task_runner.py:55} INFO - Started process 10927 to run task
[2023-07-23T13:25:07.558+0700] {standard_task_runner.py:82} INFO - Running: ['airflow', 'tasks', 'run', 'python_dag_v6', 'get_name', 'scheduled__2023-04-24T00:00:00+00:00', '--job-id', '309', '--raw', '--subdir', 'DAGS_FOLDER/dag_python_operator.py', '--cfg-path', '/tmp/tmp_ecaoqfq']
[2023-07-23T13:25:07.558+0700] {standard_task_runner.py:83} INFO - Job 309: Subtask get_name
[2023-07-23T13:25:07.584+0700] {task_command.py:389} INFO - Running <TaskInstance: python_dag_v6.get_name scheduled__2023-04-24T00:00:00+00:00 [running]> on host ahyar-Aspire-A514-54
[2023-07-23T13:25:07.617+0700] {taskinstance.py:1516} INFO - Exporting the following env vars:
AIRFLOW_CTX_DAG_OWNER=ahyar
AIRFLOW_CTX_DAG_ID=python_dag_v6
AIRFLOW_CTX_TASK_ID=get_name
AIRFLOW_CTX_EXECUTION_DATE=2023-04-24T00:00:00+00:00
AIRFLOW_CTX_TRY_NUMBER=1
AIRFLOW_CTX_DAG_RUN_ID=scheduled__2023-04-24T00:00:00+00:00
[2023-07-23T13:25:07.632+0700] {python.py:177} INFO - Done. Returned value was: None
[2023-07-23T13:25:07.635+0700] {taskinstance.py:1327} INFO - Marking task as SUCCESS. dag_id=python_dag_v6, task_id=get_name, execution_date=20230424T000000, start_date=20230723T062507, end_date=20230723T062507
[2023-07-23T13:25:07.649+0700] {local_task_job.py:212} INFO - Task exited with return code 0
[2023-07-23T13:25:07.658+0700] {taskinstance.py:2596} INFO - 1 downstream tasks scheduled from follow-on schedule check
