[2023-04-15T11:00:25.845+0700] {taskinstance.py:1090} INFO - Dependencies all met for dep_context=non-requeueable deps ti=<TaskInstance: our_first_dag_v5.first_task scheduled__2021-08-06T00:00:00+00:00 [queued]>
[2023-04-15T11:00:25.859+0700] {taskinstance.py:1090} INFO - Dependencies all met for dep_context=requeueable deps ti=<TaskInstance: our_first_dag_v5.first_task scheduled__2021-08-06T00:00:00+00:00 [queued]>
[2023-04-15T11:00:25.860+0700] {taskinstance.py:1288} INFO - 
--------------------------------------------------------------------------------
[2023-04-15T11:00:25.860+0700] {taskinstance.py:1289} INFO - Starting attempt 1 of 6
[2023-04-15T11:00:25.860+0700] {taskinstance.py:1290} INFO - 
--------------------------------------------------------------------------------
[2023-04-15T11:00:25.884+0700] {taskinstance.py:1309} INFO - Executing <Task(BashOperator): first_task> on 2021-08-06 00:00:00+00:00
[2023-04-15T11:00:25.893+0700] {standard_task_runner.py:55} INFO - Started process 19923 to run task
[2023-04-15T11:00:25.896+0700] {standard_task_runner.py:82} INFO - Running: ['airflow', 'tasks', 'run', 'our_first_dag_v5', 'first_task', 'scheduled__2021-08-06T00:00:00+00:00', '--job-id', '25', '--raw', '--subdir', 'DAGS_FOLDER/first_dag.py', '--cfg-path', '/tmp/tmpeliievk8']
[2023-04-15T11:00:25.898+0700] {standard_task_runner.py:83} INFO - Job 25: Subtask first_task
[2023-04-15T11:00:26.148+0700] {task_command.py:389} INFO - Running <TaskInstance: our_first_dag_v5.first_task scheduled__2021-08-06T00:00:00+00:00 [running]> on host ahyar-Aspire-A514-54
[2023-04-15T11:00:26.219+0700] {taskinstance.py:1516} INFO - Exporting the following env vars:
AIRFLOW_CTX_DAG_OWNER=coder2j
AIRFLOW_CTX_DAG_ID=our_first_dag_v5
AIRFLOW_CTX_TASK_ID=first_task
AIRFLOW_CTX_EXECUTION_DATE=2021-08-06T00:00:00+00:00
AIRFLOW_CTX_TRY_NUMBER=1
AIRFLOW_CTX_DAG_RUN_ID=scheduled__2021-08-06T00:00:00+00:00
[2023-04-15T11:00:26.221+0700] {subprocess.py:63} INFO - Tmp dir root location: 
 /tmp
[2023-04-15T11:00:26.222+0700] {subprocess.py:75} INFO - Running command: ['/usr/bin/bash', '-c', 'echo hello world, this is the first task!']
[2023-04-15T11:00:26.236+0700] {subprocess.py:86} INFO - Output:
[2023-04-15T11:00:26.237+0700] {subprocess.py:93} INFO - hello world, this is the first task!
[2023-04-15T11:00:26.238+0700] {subprocess.py:97} INFO - Command exited with return code 0
[2023-04-15T11:00:26.260+0700] {taskinstance.py:1327} INFO - Marking task as SUCCESS. dag_id=our_first_dag_v5, task_id=first_task, execution_date=20210806T000000, start_date=20230415T040025, end_date=20230415T040026
[2023-04-15T11:00:26.309+0700] {local_task_job.py:212} INFO - Task exited with return code 0
[2023-04-15T11:00:26.495+0700] {taskinstance.py:2596} INFO - 2 downstream tasks scheduled from follow-on schedule check
