[2023-07-23T13:28:17.636+0700] {taskinstance.py:1090} INFO - Dependencies all met for dep_context=non-requeueable deps ti=<TaskInstance: python_dag_v6.greet scheduled__2023-05-08T00:00:00+00:00 [queued]>
[2023-07-23T13:28:17.644+0700] {taskinstance.py:1090} INFO - Dependencies all met for dep_context=requeueable deps ti=<TaskInstance: python_dag_v6.greet scheduled__2023-05-08T00:00:00+00:00 [queued]>
[2023-07-23T13:28:17.645+0700] {taskinstance.py:1288} INFO - 
--------------------------------------------------------------------------------
[2023-07-23T13:28:17.645+0700] {taskinstance.py:1289} INFO - Starting attempt 1 of 6
[2023-07-23T13:28:17.645+0700] {taskinstance.py:1290} INFO - 
--------------------------------------------------------------------------------
[2023-07-23T13:28:17.666+0700] {taskinstance.py:1309} INFO - Executing <Task(PythonOperator): greet> on 2023-05-08 00:00:00+00:00
[2023-07-23T13:28:17.668+0700] {standard_task_runner.py:55} INFO - Started process 12966 to run task
[2023-07-23T13:28:17.670+0700] {standard_task_runner.py:82} INFO - Running: ['airflow', 'tasks', 'run', 'python_dag_v6', 'greet', 'scheduled__2023-05-08T00:00:00+00:00', '--job-id', '427', '--raw', '--subdir', 'DAGS_FOLDER/dag_python_operator.py', '--cfg-path', '/tmp/tmpyy4akq3s']
[2023-07-23T13:28:17.671+0700] {standard_task_runner.py:83} INFO - Job 427: Subtask greet
[2023-07-23T13:28:17.703+0700] {task_command.py:389} INFO - Running <TaskInstance: python_dag_v6.greet scheduled__2023-05-08T00:00:00+00:00 [running]> on host ahyar-Aspire-A514-54
[2023-07-23T13:28:17.745+0700] {taskinstance.py:1516} INFO - Exporting the following env vars:
AIRFLOW_CTX_DAG_OWNER=ahyar
AIRFLOW_CTX_DAG_ID=python_dag_v6
AIRFLOW_CTX_TASK_ID=greet
AIRFLOW_CTX_EXECUTION_DATE=2023-05-08T00:00:00+00:00
AIRFLOW_CTX_TRY_NUMBER=1
AIRFLOW_CTX_DAG_RUN_ID=scheduled__2023-05-08T00:00:00+00:00
[2023-07-23T13:28:17.751+0700] {logging_mixin.py:137} INFO - Hello, I am boim and my last name ald I am 20 years old
[2023-07-23T13:28:17.751+0700] {python.py:177} INFO - Done. Returned value was: None
[2023-07-23T13:28:17.753+0700] {taskinstance.py:1327} INFO - Marking task as SUCCESS. dag_id=python_dag_v6, task_id=greet, execution_date=20230508T000000, start_date=20230723T062817, end_date=20230723T062817
[2023-07-23T13:28:17.801+0700] {local_task_job.py:212} INFO - Task exited with return code 0
[2023-07-23T13:28:17.811+0700] {taskinstance.py:2596} INFO - 0 downstream tasks scheduled from follow-on schedule check
