[2023-07-23T13:28:43.559+0700] {taskinstance.py:1090} INFO - Dependencies all met for dep_context=non-requeueable deps ti=<TaskInstance: python_dag_v6.get_name scheduled__2023-05-11T00:00:00+00:00 [queued]>
[2023-07-23T13:28:43.563+0700] {taskinstance.py:1090} INFO - Dependencies all met for dep_context=requeueable deps ti=<TaskInstance: python_dag_v6.get_name scheduled__2023-05-11T00:00:00+00:00 [queued]>
[2023-07-23T13:28:43.563+0700] {taskinstance.py:1288} INFO - 
--------------------------------------------------------------------------------
[2023-07-23T13:28:43.563+0700] {taskinstance.py:1289} INFO - Starting attempt 1 of 6
[2023-07-23T13:28:43.563+0700] {taskinstance.py:1290} INFO - 
--------------------------------------------------------------------------------
[2023-07-23T13:28:43.575+0700] {taskinstance.py:1309} INFO - Executing <Task(PythonOperator): get_name> on 2023-05-11 00:00:00+00:00
[2023-07-23T13:28:43.576+0700] {standard_task_runner.py:55} INFO - Started process 13350 to run task
[2023-07-23T13:28:43.578+0700] {standard_task_runner.py:82} INFO - Running: ['airflow', 'tasks', 'run', 'python_dag_v6', 'get_name', 'scheduled__2023-05-11T00:00:00+00:00', '--job-id', '444', '--raw', '--subdir', 'DAGS_FOLDER/dag_python_operator.py', '--cfg-path', '/tmp/tmprw_unsaw']
[2023-07-23T13:28:43.579+0700] {standard_task_runner.py:83} INFO - Job 444: Subtask get_name
[2023-07-23T13:28:43.605+0700] {task_command.py:389} INFO - Running <TaskInstance: python_dag_v6.get_name scheduled__2023-05-11T00:00:00+00:00 [running]> on host ahyar-Aspire-A514-54
[2023-07-23T13:28:43.638+0700] {taskinstance.py:1516} INFO - Exporting the following env vars:
AIRFLOW_CTX_DAG_OWNER=ahyar
AIRFLOW_CTX_DAG_ID=python_dag_v6
AIRFLOW_CTX_TASK_ID=get_name
AIRFLOW_CTX_EXECUTION_DATE=2023-05-11T00:00:00+00:00
AIRFLOW_CTX_TRY_NUMBER=1
AIRFLOW_CTX_DAG_RUN_ID=scheduled__2023-05-11T00:00:00+00:00
[2023-07-23T13:28:43.655+0700] {python.py:177} INFO - Done. Returned value was: None
[2023-07-23T13:28:43.658+0700] {taskinstance.py:1327} INFO - Marking task as SUCCESS. dag_id=python_dag_v6, task_id=get_name, execution_date=20230511T000000, start_date=20230723T062843, end_date=20230723T062843
[2023-07-23T13:28:43.710+0700] {local_task_job.py:212} INFO - Task exited with return code 0
[2023-07-23T13:28:43.729+0700] {taskinstance.py:2596} INFO - 1 downstream tasks scheduled from follow-on schedule check
