[2023-04-15T10:46:21.023+0700] {processor.py:153} INFO - Started process (PID=16253) to work on /home/ahyar/Documents/tut_folder/tut_python/python_script/tut_airflow/env_airflow/lib/python3.9/site-packages/airflow/example_dags/subdags/subdag.py
[2023-04-15T10:46:21.024+0700] {processor.py:743} INFO - Processing file /home/ahyar/Documents/tut_folder/tut_python/python_script/tut_airflow/env_airflow/lib/python3.9/site-packages/airflow/example_dags/subdags/subdag.py for tasks to queue
[2023-04-15T10:46:21.024+0700] {logging_mixin.py:137} INFO - [2023-04-15T10:46:21.024+0700] {dagbag.py:532} INFO - Filling up the DagBag from /home/ahyar/Documents/tut_folder/tut_python/python_script/tut_airflow/env_airflow/lib/python3.9/site-packages/airflow/example_dags/subdags/subdag.py
[2023-04-15T10:46:21.025+0700] {processor.py:755} WARNING - No viable dags retrieved from /home/ahyar/Documents/tut_folder/tut_python/python_script/tut_airflow/env_airflow/lib/python3.9/site-packages/airflow/example_dags/subdags/subdag.py
[2023-04-15T10:46:21.038+0700] {processor.py:175} INFO - Processing /home/ahyar/Documents/tut_folder/tut_python/python_script/tut_airflow/env_airflow/lib/python3.9/site-packages/airflow/example_dags/subdags/subdag.py took 0.017 seconds
[2023-04-15T10:47:07.617+0700] {processor.py:153} INFO - Started process (PID=16560) to work on /home/ahyar/Documents/tut_folder/tut_python/python_script/tut_airflow/env_airflow/lib/python3.9/site-packages/airflow/example_dags/subdags/subdag.py
[2023-04-15T10:47:07.618+0700] {processor.py:743} INFO - Processing file /home/ahyar/Documents/tut_folder/tut_python/python_script/tut_airflow/env_airflow/lib/python3.9/site-packages/airflow/example_dags/subdags/subdag.py for tasks to queue
[2023-04-15T10:47:07.619+0700] {logging_mixin.py:137} INFO - [2023-04-15T10:47:07.619+0700] {dagbag.py:532} INFO - Filling up the DagBag from /home/ahyar/Documents/tut_folder/tut_python/python_script/tut_airflow/env_airflow/lib/python3.9/site-packages/airflow/example_dags/subdags/subdag.py
[2023-04-15T10:47:07.623+0700] {processor.py:755} WARNING - No viable dags retrieved from /home/ahyar/Documents/tut_folder/tut_python/python_script/tut_airflow/env_airflow/lib/python3.9/site-packages/airflow/example_dags/subdags/subdag.py
[2023-04-15T10:47:07.631+0700] {processor.py:175} INFO - Processing /home/ahyar/Documents/tut_folder/tut_python/python_script/tut_airflow/env_airflow/lib/python3.9/site-packages/airflow/example_dags/subdags/subdag.py took 0.018 seconds
[2023-04-15T10:47:48.542+0700] {processor.py:153} INFO - Started process (PID=16700) to work on /home/ahyar/Documents/tut_folder/tut_python/python_script/tut_airflow/env_airflow/lib/python3.9/site-packages/airflow/example_dags/subdags/subdag.py
[2023-04-15T10:47:48.542+0700] {processor.py:743} INFO - Processing file /home/ahyar/Documents/tut_folder/tut_python/python_script/tut_airflow/env_airflow/lib/python3.9/site-packages/airflow/example_dags/subdags/subdag.py for tasks to queue
[2023-04-15T10:47:48.543+0700] {logging_mixin.py:137} INFO - [2023-04-15T10:47:48.543+0700] {dagbag.py:532} INFO - Filling up the DagBag from /home/ahyar/Documents/tut_folder/tut_python/python_script/tut_airflow/env_airflow/lib/python3.9/site-packages/airflow/example_dags/subdags/subdag.py
[2023-04-15T10:47:48.545+0700] {processor.py:755} WARNING - No viable dags retrieved from /home/ahyar/Documents/tut_folder/tut_python/python_script/tut_airflow/env_airflow/lib/python3.9/site-packages/airflow/example_dags/subdags/subdag.py
[2023-04-15T10:47:48.553+0700] {processor.py:175} INFO - Processing /home/ahyar/Documents/tut_folder/tut_python/python_script/tut_airflow/env_airflow/lib/python3.9/site-packages/airflow/example_dags/subdags/subdag.py took 0.013 seconds
[2023-04-15T10:48:19.379+0700] {processor.py:153} INFO - Started process (PID=16943) to work on /home/ahyar/Documents/tut_folder/tut_python/python_script/tut_airflow/env_airflow/lib/python3.9/site-packages/airflow/example_dags/subdags/subdag.py
[2023-04-15T10:48:19.380+0700] {processor.py:743} INFO - Processing file /home/ahyar/Documents/tut_folder/tut_python/python_script/tut_airflow/env_airflow/lib/python3.9/site-packages/airflow/example_dags/subdags/subdag.py for tasks to queue
[2023-04-15T10:48:19.380+0700] {logging_mixin.py:137} INFO - [2023-04-15T10:48:19.380+0700] {dagbag.py:532} INFO - Filling up the DagBag from /home/ahyar/Documents/tut_folder/tut_python/python_script/tut_airflow/env_airflow/lib/python3.9/site-packages/airflow/example_dags/subdags/subdag.py
[2023-04-15T10:48:19.384+0700] {processor.py:755} WARNING - No viable dags retrieved from /home/ahyar/Documents/tut_folder/tut_python/python_script/tut_airflow/env_airflow/lib/python3.9/site-packages/airflow/example_dags/subdags/subdag.py
[2023-04-15T10:48:19.394+0700] {processor.py:175} INFO - Processing /home/ahyar/Documents/tut_folder/tut_python/python_script/tut_airflow/env_airflow/lib/python3.9/site-packages/airflow/example_dags/subdags/subdag.py took 0.017 seconds
[2023-04-15T10:48:59.698+0700] {processor.py:153} INFO - Started process (PID=17269) to work on /home/ahyar/Documents/tut_folder/tut_python/python_script/tut_airflow/env_airflow/lib/python3.9/site-packages/airflow/example_dags/subdags/subdag.py
[2023-04-15T10:48:59.702+0700] {processor.py:743} INFO - Processing file /home/ahyar/Documents/tut_folder/tut_python/python_script/tut_airflow/env_airflow/lib/python3.9/site-packages/airflow/example_dags/subdags/subdag.py for tasks to queue
[2023-04-15T10:48:59.707+0700] {logging_mixin.py:137} INFO - [2023-04-15T10:48:59.707+0700] {dagbag.py:532} INFO - Filling up the DagBag from /home/ahyar/Documents/tut_folder/tut_python/python_script/tut_airflow/env_airflow/lib/python3.9/site-packages/airflow/example_dags/subdags/subdag.py
[2023-04-15T10:48:59.728+0700] {processor.py:755} WARNING - No viable dags retrieved from /home/ahyar/Documents/tut_folder/tut_python/python_script/tut_airflow/env_airflow/lib/python3.9/site-packages/airflow/example_dags/subdags/subdag.py
[2023-04-15T10:48:59.745+0700] {processor.py:175} INFO - Processing /home/ahyar/Documents/tut_folder/tut_python/python_script/tut_airflow/env_airflow/lib/python3.9/site-packages/airflow/example_dags/subdags/subdag.py took 0.051 seconds
[2023-04-15T10:49:50.300+0700] {processor.py:153} INFO - Started process (PID=17503) to work on /home/ahyar/Documents/tut_folder/tut_python/python_script/tut_airflow/env_airflow/lib/python3.9/site-packages/airflow/example_dags/subdags/subdag.py
[2023-04-15T10:49:50.301+0700] {processor.py:743} INFO - Processing file /home/ahyar/Documents/tut_folder/tut_python/python_script/tut_airflow/env_airflow/lib/python3.9/site-packages/airflow/example_dags/subdags/subdag.py for tasks to queue
[2023-04-15T10:49:50.302+0700] {logging_mixin.py:137} INFO - [2023-04-15T10:49:50.302+0700] {dagbag.py:532} INFO - Filling up the DagBag from /home/ahyar/Documents/tut_folder/tut_python/python_script/tut_airflow/env_airflow/lib/python3.9/site-packages/airflow/example_dags/subdags/subdag.py
[2023-04-15T10:49:50.309+0700] {processor.py:755} WARNING - No viable dags retrieved from /home/ahyar/Documents/tut_folder/tut_python/python_script/tut_airflow/env_airflow/lib/python3.9/site-packages/airflow/example_dags/subdags/subdag.py
[2023-04-15T10:49:50.335+0700] {processor.py:175} INFO - Processing /home/ahyar/Documents/tut_folder/tut_python/python_script/tut_airflow/env_airflow/lib/python3.9/site-packages/airflow/example_dags/subdags/subdag.py took 0.037 seconds
[2023-04-15T10:50:32.661+0700] {processor.py:153} INFO - Started process (PID=17740) to work on /home/ahyar/Documents/tut_folder/tut_python/python_script/tut_airflow/env_airflow/lib/python3.9/site-packages/airflow/example_dags/subdags/subdag.py
[2023-04-15T10:50:32.662+0700] {processor.py:743} INFO - Processing file /home/ahyar/Documents/tut_folder/tut_python/python_script/tut_airflow/env_airflow/lib/python3.9/site-packages/airflow/example_dags/subdags/subdag.py for tasks to queue
[2023-04-15T10:50:32.663+0700] {logging_mixin.py:137} INFO - [2023-04-15T10:50:32.663+0700] {dagbag.py:532} INFO - Filling up the DagBag from /home/ahyar/Documents/tut_folder/tut_python/python_script/tut_airflow/env_airflow/lib/python3.9/site-packages/airflow/example_dags/subdags/subdag.py
[2023-04-15T10:50:32.667+0700] {processor.py:755} WARNING - No viable dags retrieved from /home/ahyar/Documents/tut_folder/tut_python/python_script/tut_airflow/env_airflow/lib/python3.9/site-packages/airflow/example_dags/subdags/subdag.py
[2023-04-15T10:50:32.677+0700] {processor.py:175} INFO - Processing /home/ahyar/Documents/tut_folder/tut_python/python_script/tut_airflow/env_airflow/lib/python3.9/site-packages/airflow/example_dags/subdags/subdag.py took 0.020 seconds
[2023-04-15T10:51:14.378+0700] {processor.py:153} INFO - Started process (PID=17823) to work on /home/ahyar/Documents/tut_folder/tut_python/python_script/tut_airflow/env_airflow/lib/python3.9/site-packages/airflow/example_dags/subdags/subdag.py
[2023-04-15T10:51:14.380+0700] {processor.py:743} INFO - Processing file /home/ahyar/Documents/tut_folder/tut_python/python_script/tut_airflow/env_airflow/lib/python3.9/site-packages/airflow/example_dags/subdags/subdag.py for tasks to queue
[2023-04-15T10:51:14.381+0700] {logging_mixin.py:137} INFO - [2023-04-15T10:51:14.381+0700] {dagbag.py:532} INFO - Filling up the DagBag from /home/ahyar/Documents/tut_folder/tut_python/python_script/tut_airflow/env_airflow/lib/python3.9/site-packages/airflow/example_dags/subdags/subdag.py
[2023-04-15T10:51:14.387+0700] {processor.py:755} WARNING - No viable dags retrieved from /home/ahyar/Documents/tut_folder/tut_python/python_script/tut_airflow/env_airflow/lib/python3.9/site-packages/airflow/example_dags/subdags/subdag.py
[2023-04-15T10:51:14.395+0700] {processor.py:175} INFO - Processing /home/ahyar/Documents/tut_folder/tut_python/python_script/tut_airflow/env_airflow/lib/python3.9/site-packages/airflow/example_dags/subdags/subdag.py took 0.021 seconds
[2023-04-15T10:51:59.111+0700] {processor.py:153} INFO - Started process (PID=17890) to work on /home/ahyar/Documents/tut_folder/tut_python/python_script/tut_airflow/env_airflow/lib/python3.9/site-packages/airflow/example_dags/subdags/subdag.py
[2023-04-15T10:51:59.112+0700] {processor.py:743} INFO - Processing file /home/ahyar/Documents/tut_folder/tut_python/python_script/tut_airflow/env_airflow/lib/python3.9/site-packages/airflow/example_dags/subdags/subdag.py for tasks to queue
[2023-04-15T10:51:59.114+0700] {logging_mixin.py:137} INFO - [2023-04-15T10:51:59.114+0700] {dagbag.py:532} INFO - Filling up the DagBag from /home/ahyar/Documents/tut_folder/tut_python/python_script/tut_airflow/env_airflow/lib/python3.9/site-packages/airflow/example_dags/subdags/subdag.py
[2023-04-15T10:51:59.119+0700] {processor.py:755} WARNING - No viable dags retrieved from /home/ahyar/Documents/tut_folder/tut_python/python_script/tut_airflow/env_airflow/lib/python3.9/site-packages/airflow/example_dags/subdags/subdag.py
[2023-04-15T10:51:59.130+0700] {processor.py:175} INFO - Processing /home/ahyar/Documents/tut_folder/tut_python/python_script/tut_airflow/env_airflow/lib/python3.9/site-packages/airflow/example_dags/subdags/subdag.py took 0.023 seconds
[2023-04-15T10:52:44.105+0700] {processor.py:153} INFO - Started process (PID=18057) to work on /home/ahyar/Documents/tut_folder/tut_python/python_script/tut_airflow/env_airflow/lib/python3.9/site-packages/airflow/example_dags/subdags/subdag.py
[2023-04-15T10:52:44.108+0700] {processor.py:743} INFO - Processing file /home/ahyar/Documents/tut_folder/tut_python/python_script/tut_airflow/env_airflow/lib/python3.9/site-packages/airflow/example_dags/subdags/subdag.py for tasks to queue
[2023-04-15T10:52:44.108+0700] {logging_mixin.py:137} INFO - [2023-04-15T10:52:44.108+0700] {dagbag.py:532} INFO - Filling up the DagBag from /home/ahyar/Documents/tut_folder/tut_python/python_script/tut_airflow/env_airflow/lib/python3.9/site-packages/airflow/example_dags/subdags/subdag.py
[2023-04-15T10:52:44.112+0700] {processor.py:755} WARNING - No viable dags retrieved from /home/ahyar/Documents/tut_folder/tut_python/python_script/tut_airflow/env_airflow/lib/python3.9/site-packages/airflow/example_dags/subdags/subdag.py
[2023-04-15T10:52:44.132+0700] {processor.py:175} INFO - Processing /home/ahyar/Documents/tut_folder/tut_python/python_script/tut_airflow/env_airflow/lib/python3.9/site-packages/airflow/example_dags/subdags/subdag.py took 0.032 seconds
[2023-04-15T10:53:30.822+0700] {processor.py:153} INFO - Started process (PID=18162) to work on /home/ahyar/Documents/tut_folder/tut_python/python_script/tut_airflow/env_airflow/lib/python3.9/site-packages/airflow/example_dags/subdags/subdag.py
[2023-04-15T10:53:30.823+0700] {processor.py:743} INFO - Processing file /home/ahyar/Documents/tut_folder/tut_python/python_script/tut_airflow/env_airflow/lib/python3.9/site-packages/airflow/example_dags/subdags/subdag.py for tasks to queue
[2023-04-15T10:53:30.823+0700] {logging_mixin.py:137} INFO - [2023-04-15T10:53:30.823+0700] {dagbag.py:532} INFO - Filling up the DagBag from /home/ahyar/Documents/tut_folder/tut_python/python_script/tut_airflow/env_airflow/lib/python3.9/site-packages/airflow/example_dags/subdags/subdag.py
[2023-04-15T10:53:30.825+0700] {processor.py:755} WARNING - No viable dags retrieved from /home/ahyar/Documents/tut_folder/tut_python/python_script/tut_airflow/env_airflow/lib/python3.9/site-packages/airflow/example_dags/subdags/subdag.py
[2023-04-15T10:53:30.832+0700] {processor.py:175} INFO - Processing /home/ahyar/Documents/tut_folder/tut_python/python_script/tut_airflow/env_airflow/lib/python3.9/site-packages/airflow/example_dags/subdags/subdag.py took 0.011 seconds
[2023-04-15T10:54:15.845+0700] {processor.py:153} INFO - Started process (PID=18247) to work on /home/ahyar/Documents/tut_folder/tut_python/python_script/tut_airflow/env_airflow/lib/python3.9/site-packages/airflow/example_dags/subdags/subdag.py
[2023-04-15T10:54:15.846+0700] {processor.py:743} INFO - Processing file /home/ahyar/Documents/tut_folder/tut_python/python_script/tut_airflow/env_airflow/lib/python3.9/site-packages/airflow/example_dags/subdags/subdag.py for tasks to queue
[2023-04-15T10:54:15.847+0700] {logging_mixin.py:137} INFO - [2023-04-15T10:54:15.846+0700] {dagbag.py:532} INFO - Filling up the DagBag from /home/ahyar/Documents/tut_folder/tut_python/python_script/tut_airflow/env_airflow/lib/python3.9/site-packages/airflow/example_dags/subdags/subdag.py
[2023-04-15T10:54:15.849+0700] {processor.py:755} WARNING - No viable dags retrieved from /home/ahyar/Documents/tut_folder/tut_python/python_script/tut_airflow/env_airflow/lib/python3.9/site-packages/airflow/example_dags/subdags/subdag.py
[2023-04-15T10:54:15.857+0700] {processor.py:175} INFO - Processing /home/ahyar/Documents/tut_folder/tut_python/python_script/tut_airflow/env_airflow/lib/python3.9/site-packages/airflow/example_dags/subdags/subdag.py took 0.013 seconds
[2023-04-15T10:55:00.434+0700] {processor.py:153} INFO - Started process (PID=18318) to work on /home/ahyar/Documents/tut_folder/tut_python/python_script/tut_airflow/env_airflow/lib/python3.9/site-packages/airflow/example_dags/subdags/subdag.py
[2023-04-15T10:55:00.711+0700] {processor.py:743} INFO - Processing file /home/ahyar/Documents/tut_folder/tut_python/python_script/tut_airflow/env_airflow/lib/python3.9/site-packages/airflow/example_dags/subdags/subdag.py for tasks to queue
[2023-04-15T10:55:00.713+0700] {logging_mixin.py:137} INFO - [2023-04-15T10:55:00.713+0700] {dagbag.py:532} INFO - Filling up the DagBag from /home/ahyar/Documents/tut_folder/tut_python/python_script/tut_airflow/env_airflow/lib/python3.9/site-packages/airflow/example_dags/subdags/subdag.py
[2023-04-15T10:55:00.717+0700] {processor.py:755} WARNING - No viable dags retrieved from /home/ahyar/Documents/tut_folder/tut_python/python_script/tut_airflow/env_airflow/lib/python3.9/site-packages/airflow/example_dags/subdags/subdag.py
[2023-04-15T10:55:00.738+0700] {processor.py:175} INFO - Processing /home/ahyar/Documents/tut_folder/tut_python/python_script/tut_airflow/env_airflow/lib/python3.9/site-packages/airflow/example_dags/subdags/subdag.py took 0.306 seconds
[2023-04-15T10:55:46.739+0700] {processor.py:153} INFO - Started process (PID=18430) to work on /home/ahyar/Documents/tut_folder/tut_python/python_script/tut_airflow/env_airflow/lib/python3.9/site-packages/airflow/example_dags/subdags/subdag.py
[2023-04-15T10:55:46.740+0700] {processor.py:743} INFO - Processing file /home/ahyar/Documents/tut_folder/tut_python/python_script/tut_airflow/env_airflow/lib/python3.9/site-packages/airflow/example_dags/subdags/subdag.py for tasks to queue
[2023-04-15T10:55:46.741+0700] {logging_mixin.py:137} INFO - [2023-04-15T10:55:46.741+0700] {dagbag.py:532} INFO - Filling up the DagBag from /home/ahyar/Documents/tut_folder/tut_python/python_script/tut_airflow/env_airflow/lib/python3.9/site-packages/airflow/example_dags/subdags/subdag.py
[2023-04-15T10:55:46.745+0700] {processor.py:755} WARNING - No viable dags retrieved from /home/ahyar/Documents/tut_folder/tut_python/python_script/tut_airflow/env_airflow/lib/python3.9/site-packages/airflow/example_dags/subdags/subdag.py
[2023-04-15T10:55:46.753+0700] {processor.py:175} INFO - Processing /home/ahyar/Documents/tut_folder/tut_python/python_script/tut_airflow/env_airflow/lib/python3.9/site-packages/airflow/example_dags/subdags/subdag.py took 0.018 seconds
[2023-04-15T10:56:29.677+0700] {processor.py:153} INFO - Started process (PID=18483) to work on /home/ahyar/Documents/tut_folder/tut_python/python_script/tut_airflow/env_airflow/lib/python3.9/site-packages/airflow/example_dags/subdags/subdag.py
[2023-04-15T10:56:29.679+0700] {processor.py:743} INFO - Processing file /home/ahyar/Documents/tut_folder/tut_python/python_script/tut_airflow/env_airflow/lib/python3.9/site-packages/airflow/example_dags/subdags/subdag.py for tasks to queue
[2023-04-15T10:56:29.679+0700] {logging_mixin.py:137} INFO - [2023-04-15T10:56:29.679+0700] {dagbag.py:532} INFO - Filling up the DagBag from /home/ahyar/Documents/tut_folder/tut_python/python_script/tut_airflow/env_airflow/lib/python3.9/site-packages/airflow/example_dags/subdags/subdag.py
[2023-04-15T10:56:29.683+0700] {processor.py:755} WARNING - No viable dags retrieved from /home/ahyar/Documents/tut_folder/tut_python/python_script/tut_airflow/env_airflow/lib/python3.9/site-packages/airflow/example_dags/subdags/subdag.py
[2023-04-15T10:56:29.690+0700] {processor.py:175} INFO - Processing /home/ahyar/Documents/tut_folder/tut_python/python_script/tut_airflow/env_airflow/lib/python3.9/site-packages/airflow/example_dags/subdags/subdag.py took 0.016 seconds
[2023-04-15T10:57:11.647+0700] {processor.py:153} INFO - Started process (PID=18563) to work on /home/ahyar/Documents/tut_folder/tut_python/python_script/tut_airflow/env_airflow/lib/python3.9/site-packages/airflow/example_dags/subdags/subdag.py
[2023-04-15T10:57:11.648+0700] {processor.py:743} INFO - Processing file /home/ahyar/Documents/tut_folder/tut_python/python_script/tut_airflow/env_airflow/lib/python3.9/site-packages/airflow/example_dags/subdags/subdag.py for tasks to queue
[2023-04-15T10:57:11.649+0700] {logging_mixin.py:137} INFO - [2023-04-15T10:57:11.649+0700] {dagbag.py:532} INFO - Filling up the DagBag from /home/ahyar/Documents/tut_folder/tut_python/python_script/tut_airflow/env_airflow/lib/python3.9/site-packages/airflow/example_dags/subdags/subdag.py
[2023-04-15T10:57:11.657+0700] {processor.py:755} WARNING - No viable dags retrieved from /home/ahyar/Documents/tut_folder/tut_python/python_script/tut_airflow/env_airflow/lib/python3.9/site-packages/airflow/example_dags/subdags/subdag.py
[2023-04-15T10:57:11.674+0700] {processor.py:175} INFO - Processing /home/ahyar/Documents/tut_folder/tut_python/python_script/tut_airflow/env_airflow/lib/python3.9/site-packages/airflow/example_dags/subdags/subdag.py took 0.031 seconds
[2023-04-15T10:57:56.630+0700] {processor.py:153} INFO - Started process (PID=18632) to work on /home/ahyar/Documents/tut_folder/tut_python/python_script/tut_airflow/env_airflow/lib/python3.9/site-packages/airflow/example_dags/subdags/subdag.py
[2023-04-15T10:57:56.632+0700] {processor.py:743} INFO - Processing file /home/ahyar/Documents/tut_folder/tut_python/python_script/tut_airflow/env_airflow/lib/python3.9/site-packages/airflow/example_dags/subdags/subdag.py for tasks to queue
[2023-04-15T10:57:56.633+0700] {logging_mixin.py:137} INFO - [2023-04-15T10:57:56.633+0700] {dagbag.py:532} INFO - Filling up the DagBag from /home/ahyar/Documents/tut_folder/tut_python/python_script/tut_airflow/env_airflow/lib/python3.9/site-packages/airflow/example_dags/subdags/subdag.py
[2023-04-15T10:57:56.636+0700] {processor.py:755} WARNING - No viable dags retrieved from /home/ahyar/Documents/tut_folder/tut_python/python_script/tut_airflow/env_airflow/lib/python3.9/site-packages/airflow/example_dags/subdags/subdag.py
[2023-04-15T10:57:56.651+0700] {processor.py:175} INFO - Processing /home/ahyar/Documents/tut_folder/tut_python/python_script/tut_airflow/env_airflow/lib/python3.9/site-packages/airflow/example_dags/subdags/subdag.py took 0.026 seconds
[2023-04-15T10:58:44.657+0700] {processor.py:153} INFO - Started process (PID=18784) to work on /home/ahyar/Documents/tut_folder/tut_python/python_script/tut_airflow/env_airflow/lib/python3.9/site-packages/airflow/example_dags/subdags/subdag.py
[2023-04-15T10:58:44.662+0700] {processor.py:743} INFO - Processing file /home/ahyar/Documents/tut_folder/tut_python/python_script/tut_airflow/env_airflow/lib/python3.9/site-packages/airflow/example_dags/subdags/subdag.py for tasks to queue
[2023-04-15T10:58:44.666+0700] {logging_mixin.py:137} INFO - [2023-04-15T10:58:44.665+0700] {dagbag.py:532} INFO - Filling up the DagBag from /home/ahyar/Documents/tut_folder/tut_python/python_script/tut_airflow/env_airflow/lib/python3.9/site-packages/airflow/example_dags/subdags/subdag.py
[2023-04-15T10:58:44.673+0700] {processor.py:755} WARNING - No viable dags retrieved from /home/ahyar/Documents/tut_folder/tut_python/python_script/tut_airflow/env_airflow/lib/python3.9/site-packages/airflow/example_dags/subdags/subdag.py
[2023-04-15T10:58:44.693+0700] {processor.py:175} INFO - Processing /home/ahyar/Documents/tut_folder/tut_python/python_script/tut_airflow/env_airflow/lib/python3.9/site-packages/airflow/example_dags/subdags/subdag.py took 0.045 seconds
[2023-04-15T11:01:25.376+0700] {processor.py:153} INFO - Started process (PID=20439) to work on /home/ahyar/Documents/tut_folder/tut_python/python_script/tut_airflow/env_airflow/lib/python3.9/site-packages/airflow/example_dags/subdags/subdag.py
[2023-04-15T11:01:25.377+0700] {processor.py:743} INFO - Processing file /home/ahyar/Documents/tut_folder/tut_python/python_script/tut_airflow/env_airflow/lib/python3.9/site-packages/airflow/example_dags/subdags/subdag.py for tasks to queue
[2023-04-15T11:01:25.377+0700] {logging_mixin.py:137} INFO - [2023-04-15T11:01:25.377+0700] {dagbag.py:532} INFO - Filling up the DagBag from /home/ahyar/Documents/tut_folder/tut_python/python_script/tut_airflow/env_airflow/lib/python3.9/site-packages/airflow/example_dags/subdags/subdag.py
[2023-04-15T11:01:25.379+0700] {processor.py:755} WARNING - No viable dags retrieved from /home/ahyar/Documents/tut_folder/tut_python/python_script/tut_airflow/env_airflow/lib/python3.9/site-packages/airflow/example_dags/subdags/subdag.py
[2023-04-15T11:01:25.388+0700] {processor.py:175} INFO - Processing /home/ahyar/Documents/tut_folder/tut_python/python_script/tut_airflow/env_airflow/lib/python3.9/site-packages/airflow/example_dags/subdags/subdag.py took 0.015 seconds
[2023-04-15T11:04:34.765+0700] {processor.py:153} INFO - Started process (PID=22725) to work on /home/ahyar/Documents/tut_folder/tut_python/python_script/tut_airflow/env_airflow/lib/python3.9/site-packages/airflow/example_dags/subdags/subdag.py
[2023-04-15T11:04:34.766+0700] {processor.py:743} INFO - Processing file /home/ahyar/Documents/tut_folder/tut_python/python_script/tut_airflow/env_airflow/lib/python3.9/site-packages/airflow/example_dags/subdags/subdag.py for tasks to queue
[2023-04-15T11:04:34.767+0700] {logging_mixin.py:137} INFO - [2023-04-15T11:04:34.767+0700] {dagbag.py:532} INFO - Filling up the DagBag from /home/ahyar/Documents/tut_folder/tut_python/python_script/tut_airflow/env_airflow/lib/python3.9/site-packages/airflow/example_dags/subdags/subdag.py
[2023-04-15T11:04:34.770+0700] {processor.py:755} WARNING - No viable dags retrieved from /home/ahyar/Documents/tut_folder/tut_python/python_script/tut_airflow/env_airflow/lib/python3.9/site-packages/airflow/example_dags/subdags/subdag.py
[2023-04-15T11:04:34.782+0700] {processor.py:175} INFO - Processing /home/ahyar/Documents/tut_folder/tut_python/python_script/tut_airflow/env_airflow/lib/python3.9/site-packages/airflow/example_dags/subdags/subdag.py took 0.021 seconds
