[2023-04-15T11:04:42.492+0700] {taskinstance.py:1090} INFO - Dependencies all met for dep_context=non-requeueable deps ti=<TaskInstance: our_first_dag_v5.first_task scheduled__2021-09-07T00:00:00+00:00 [queued]>
[2023-04-15T11:04:42.500+0700] {taskinstance.py:1090} INFO - Dependencies all met for dep_context=requeueable deps ti=<TaskInstance: our_first_dag_v5.first_task scheduled__2021-09-07T00:00:00+00:00 [queued]>
[2023-04-15T11:04:42.500+0700] {taskinstance.py:1288} INFO - 
--------------------------------------------------------------------------------
[2023-04-15T11:04:42.500+0700] {taskinstance.py:1289} INFO - Starting attempt 1 of 6
[2023-04-15T11:04:42.500+0700] {taskinstance.py:1290} INFO - 
--------------------------------------------------------------------------------
[2023-04-15T11:04:42.523+0700] {taskinstance.py:1309} INFO - Executing <Task(BashOperator): first_task> on 2021-09-07 00:00:00+00:00
[2023-04-15T11:04:42.527+0700] {standard_task_runner.py:55} INFO - Started process 22813 to run task
[2023-04-15T11:04:42.530+0700] {standard_task_runner.py:82} INFO - Running: ['airflow', 'tasks', 'run', 'our_first_dag_v5', 'first_task', 'scheduled__2021-09-07T00:00:00+00:00', '--job-id', '121', '--raw', '--subdir', 'DAGS_FOLDER/first_dag.py', '--cfg-path', '/tmp/tmpz35bh_rg']
[2023-04-15T11:04:42.532+0700] {standard_task_runner.py:83} INFO - Job 121: Subtask first_task
[2023-04-15T11:04:42.704+0700] {task_command.py:389} INFO - Running <TaskInstance: our_first_dag_v5.first_task scheduled__2021-09-07T00:00:00+00:00 [running]> on host ahyar-Aspire-A514-54
[2023-04-15T11:04:42.824+0700] {taskinstance.py:1516} INFO - Exporting the following env vars:
AIRFLOW_CTX_DAG_OWNER=coder2j
AIRFLOW_CTX_DAG_ID=our_first_dag_v5
AIRFLOW_CTX_TASK_ID=first_task
AIRFLOW_CTX_EXECUTION_DATE=2021-09-07T00:00:00+00:00
AIRFLOW_CTX_TRY_NUMBER=1
AIRFLOW_CTX_DAG_RUN_ID=scheduled__2021-09-07T00:00:00+00:00
[2023-04-15T11:04:42.825+0700] {subprocess.py:63} INFO - Tmp dir root location: 
 /tmp
[2023-04-15T11:04:42.825+0700] {subprocess.py:75} INFO - Running command: ['/usr/bin/bash', '-c', 'echo hello world, this is the first task!']
[2023-04-15T11:04:42.838+0700] {subprocess.py:86} INFO - Output:
[2023-04-15T11:04:42.843+0700] {subprocess.py:93} INFO - hello world, this is the first task!
[2023-04-15T11:04:42.844+0700] {subprocess.py:97} INFO - Command exited with return code 0
[2023-04-15T11:04:42.869+0700] {taskinstance.py:1327} INFO - Marking task as SUCCESS. dag_id=our_first_dag_v5, task_id=first_task, execution_date=20210907T000000, start_date=20230415T040442, end_date=20230415T040442
[2023-04-15T11:04:42.902+0700] {local_task_job.py:212} INFO - Task exited with return code 0
[2023-04-15T11:04:43.002+0700] {taskinstance.py:2596} INFO - 2 downstream tasks scheduled from follow-on schedule check
