[2023-07-23T13:27:41.051+0700] {taskinstance.py:1090} INFO - Dependencies all met for dep_context=non-requeueable deps ti=<TaskInstance: python_dag_v6.get_name scheduled__2023-05-06T00:00:00+00:00 [queued]>
[2023-07-23T13:27:41.055+0700] {taskinstance.py:1090} INFO - Dependencies all met for dep_context=requeueable deps ti=<TaskInstance: python_dag_v6.get_name scheduled__2023-05-06T00:00:00+00:00 [queued]>
[2023-07-23T13:27:41.055+0700] {taskinstance.py:1288} INFO - 
--------------------------------------------------------------------------------
[2023-07-23T13:27:41.055+0700] {taskinstance.py:1289} INFO - Starting attempt 1 of 6
[2023-07-23T13:27:41.055+0700] {taskinstance.py:1290} INFO - 
--------------------------------------------------------------------------------
[2023-07-23T13:27:41.068+0700] {taskinstance.py:1309} INFO - Executing <Task(PythonOperator): get_name> on 2023-05-06 00:00:00+00:00
[2023-07-23T13:27:41.070+0700] {standard_task_runner.py:55} INFO - Started process 12518 to run task
[2023-07-23T13:27:41.072+0700] {standard_task_runner.py:82} INFO - Running: ['airflow', 'tasks', 'run', 'python_dag_v6', 'get_name', 'scheduled__2023-05-06T00:00:00+00:00', '--job-id', '407', '--raw', '--subdir', 'DAGS_FOLDER/dag_python_operator.py', '--cfg-path', '/tmp/tmpqb87cd3k']
[2023-07-23T13:27:41.072+0700] {standard_task_runner.py:83} INFO - Job 407: Subtask get_name
[2023-07-23T13:27:41.106+0700] {task_command.py:389} INFO - Running <TaskInstance: python_dag_v6.get_name scheduled__2023-05-06T00:00:00+00:00 [running]> on host ahyar-Aspire-A514-54
[2023-07-23T13:27:41.155+0700] {taskinstance.py:1516} INFO - Exporting the following env vars:
AIRFLOW_CTX_DAG_OWNER=ahyar
AIRFLOW_CTX_DAG_ID=python_dag_v6
AIRFLOW_CTX_TASK_ID=get_name
AIRFLOW_CTX_EXECUTION_DATE=2023-05-06T00:00:00+00:00
AIRFLOW_CTX_TRY_NUMBER=1
AIRFLOW_CTX_DAG_RUN_ID=scheduled__2023-05-06T00:00:00+00:00
[2023-07-23T13:27:41.173+0700] {python.py:177} INFO - Done. Returned value was: None
[2023-07-23T13:27:41.178+0700] {taskinstance.py:1327} INFO - Marking task as SUCCESS. dag_id=python_dag_v6, task_id=get_name, execution_date=20230506T000000, start_date=20230723T062741, end_date=20230723T062741
[2023-07-23T13:27:41.203+0700] {local_task_job.py:212} INFO - Task exited with return code 0
[2023-07-23T13:27:41.215+0700] {taskinstance.py:2596} INFO - 1 downstream tasks scheduled from follow-on schedule check
