[2023-04-15T11:01:35.531+0700] {taskinstance.py:1090} INFO - Dependencies all met for dep_context=non-requeueable deps ti=<TaskInstance: our_first_dag_v5.first_task scheduled__2021-08-13T00:00:00+00:00 [queued]>
[2023-04-15T11:01:35.534+0700] {taskinstance.py:1090} INFO - Dependencies all met for dep_context=requeueable deps ti=<TaskInstance: our_first_dag_v5.first_task scheduled__2021-08-13T00:00:00+00:00 [queued]>
[2023-04-15T11:01:35.535+0700] {taskinstance.py:1288} INFO - 
--------------------------------------------------------------------------------
[2023-04-15T11:01:35.535+0700] {taskinstance.py:1289} INFO - Starting attempt 1 of 6
[2023-04-15T11:01:35.535+0700] {taskinstance.py:1290} INFO - 
--------------------------------------------------------------------------------
[2023-04-15T11:01:35.549+0700] {taskinstance.py:1309} INFO - Executing <Task(BashOperator): first_task> on 2021-08-13 00:00:00+00:00
[2023-04-15T11:01:35.554+0700] {standard_task_runner.py:55} INFO - Started process 20523 to run task
[2023-04-15T11:01:35.556+0700] {standard_task_runner.py:82} INFO - Running: ['airflow', 'tasks', 'run', 'our_first_dag_v5', 'first_task', 'scheduled__2021-08-13T00:00:00+00:00', '--job-id', '46', '--raw', '--subdir', 'DAGS_FOLDER/first_dag.py', '--cfg-path', '/tmp/tmp_cyp1tm4']
[2023-04-15T11:01:35.557+0700] {standard_task_runner.py:83} INFO - Job 46: Subtask first_task
[2023-04-15T11:01:35.674+0700] {task_command.py:389} INFO - Running <TaskInstance: our_first_dag_v5.first_task scheduled__2021-08-13T00:00:00+00:00 [running]> on host ahyar-Aspire-A514-54
[2023-04-15T11:01:35.706+0700] {taskinstance.py:1516} INFO - Exporting the following env vars:
AIRFLOW_CTX_DAG_OWNER=coder2j
AIRFLOW_CTX_DAG_ID=our_first_dag_v5
AIRFLOW_CTX_TASK_ID=first_task
AIRFLOW_CTX_EXECUTION_DATE=2021-08-13T00:00:00+00:00
AIRFLOW_CTX_TRY_NUMBER=1
AIRFLOW_CTX_DAG_RUN_ID=scheduled__2021-08-13T00:00:00+00:00
[2023-04-15T11:01:35.707+0700] {subprocess.py:63} INFO - Tmp dir root location: 
 /tmp
[2023-04-15T11:01:35.707+0700] {subprocess.py:75} INFO - Running command: ['/usr/bin/bash', '-c', 'echo hello world, this is the first task!']
[2023-04-15T11:01:35.713+0700] {subprocess.py:86} INFO - Output:
[2023-04-15T11:01:35.714+0700] {subprocess.py:93} INFO - hello world, this is the first task!
[2023-04-15T11:01:35.714+0700] {subprocess.py:97} INFO - Command exited with return code 0
[2023-04-15T11:01:35.727+0700] {taskinstance.py:1327} INFO - Marking task as SUCCESS. dag_id=our_first_dag_v5, task_id=first_task, execution_date=20210813T000000, start_date=20230415T040135, end_date=20230415T040135
[2023-04-15T11:01:35.769+0700] {local_task_job.py:212} INFO - Task exited with return code 0
[2023-04-15T11:01:35.858+0700] {taskinstance.py:2596} INFO - 2 downstream tasks scheduled from follow-on schedule check
