[2023-07-23T13:25:42.791+0700] {taskinstance.py:1090} INFO - Dependencies all met for dep_context=non-requeueable deps ti=<TaskInstance: python_dag_v6.greet scheduled__2023-04-26T00:00:00+00:00 [queued]>
[2023-07-23T13:25:42.795+0700] {taskinstance.py:1090} INFO - Dependencies all met for dep_context=requeueable deps ti=<TaskInstance: python_dag_v6.greet scheduled__2023-04-26T00:00:00+00:00 [queued]>
[2023-07-23T13:25:42.795+0700] {taskinstance.py:1288} INFO - 
--------------------------------------------------------------------------------
[2023-07-23T13:25:42.795+0700] {taskinstance.py:1289} INFO - Starting attempt 1 of 6
[2023-07-23T13:25:42.795+0700] {taskinstance.py:1290} INFO - 
--------------------------------------------------------------------------------
[2023-07-23T13:25:42.807+0700] {taskinstance.py:1309} INFO - Executing <Task(PythonOperator): greet> on 2023-04-26 00:00:00+00:00
[2023-07-23T13:25:42.808+0700] {standard_task_runner.py:55} INFO - Started process 11315 to run task
[2023-07-23T13:25:42.810+0700] {standard_task_runner.py:82} INFO - Running: ['airflow', 'tasks', 'run', 'python_dag_v6', 'greet', 'scheduled__2023-04-26T00:00:00+00:00', '--job-id', '338', '--raw', '--subdir', 'DAGS_FOLDER/dag_python_operator.py', '--cfg-path', '/tmp/tmpsdyh170d']
[2023-07-23T13:25:42.811+0700] {standard_task_runner.py:83} INFO - Job 338: Subtask greet
[2023-07-23T13:25:42.836+0700] {task_command.py:389} INFO - Running <TaskInstance: python_dag_v6.greet scheduled__2023-04-26T00:00:00+00:00 [running]> on host ahyar-Aspire-A514-54
[2023-07-23T13:25:42.869+0700] {taskinstance.py:1516} INFO - Exporting the following env vars:
AIRFLOW_CTX_DAG_OWNER=ahyar
AIRFLOW_CTX_DAG_ID=python_dag_v6
AIRFLOW_CTX_TASK_ID=greet
AIRFLOW_CTX_EXECUTION_DATE=2023-04-26T00:00:00+00:00
AIRFLOW_CTX_TRY_NUMBER=1
AIRFLOW_CTX_DAG_RUN_ID=scheduled__2023-04-26T00:00:00+00:00
[2023-07-23T13:25:42.875+0700] {logging_mixin.py:137} INFO - Hello, I am boim and my last name ald I am 20 years old
[2023-07-23T13:25:42.875+0700] {python.py:177} INFO - Done. Returned value was: None
[2023-07-23T13:25:42.877+0700] {taskinstance.py:1327} INFO - Marking task as SUCCESS. dag_id=python_dag_v6, task_id=greet, execution_date=20230426T000000, start_date=20230723T062542, end_date=20230723T062542
[2023-07-23T13:25:42.902+0700] {local_task_job.py:212} INFO - Task exited with return code 0
[2023-07-23T13:25:42.912+0700] {taskinstance.py:2596} INFO - 0 downstream tasks scheduled from follow-on schedule check
