[2023-07-23T13:27:49.362+0700] {taskinstance.py:1090} INFO - Dependencies all met for dep_context=non-requeueable deps ti=<TaskInstance: our_first_dag_v4.idtask1 scheduled__2023-05-08T00:00:00+00:00 [queued]>
[2023-07-23T13:27:49.366+0700] {taskinstance.py:1090} INFO - Dependencies all met for dep_context=requeueable deps ti=<TaskInstance: our_first_dag_v4.idtask1 scheduled__2023-05-08T00:00:00+00:00 [queued]>
[2023-07-23T13:27:49.367+0700] {taskinstance.py:1288} INFO - 
--------------------------------------------------------------------------------
[2023-07-23T13:27:49.367+0700] {taskinstance.py:1289} INFO - Starting attempt 1 of 6
[2023-07-23T13:27:49.367+0700] {taskinstance.py:1290} INFO - 
--------------------------------------------------------------------------------
[2023-07-23T13:27:49.382+0700] {taskinstance.py:1309} INFO - Executing <Task(BashOperator): idtask1> on 2023-05-08 00:00:00+00:00
[2023-07-23T13:27:49.385+0700] {standard_task_runner.py:55} INFO - Started process 12601 to run task
[2023-07-23T13:27:49.391+0700] {standard_task_runner.py:82} INFO - Running: ['airflow', 'tasks', 'run', 'our_first_dag_v4', 'idtask1', 'scheduled__2023-05-08T00:00:00+00:00', '--job-id', '411', '--raw', '--subdir', 'DAGS_FOLDER/dag_bash_operator.py', '--cfg-path', '/tmp/tmph3hgoplm']
[2023-07-23T13:27:49.392+0700] {standard_task_runner.py:83} INFO - Job 411: Subtask idtask1
[2023-07-23T13:27:49.424+0700] {task_command.py:389} INFO - Running <TaskInstance: our_first_dag_v4.idtask1 scheduled__2023-05-08T00:00:00+00:00 [running]> on host ahyar-Aspire-A514-54
[2023-07-23T13:27:49.464+0700] {taskinstance.py:1516} INFO - Exporting the following env vars:
AIRFLOW_CTX_DAG_OWNER=ahyar
AIRFLOW_CTX_DAG_ID=our_first_dag_v4
AIRFLOW_CTX_TASK_ID=idtask1
AIRFLOW_CTX_EXECUTION_DATE=2023-05-08T00:00:00+00:00
AIRFLOW_CTX_TRY_NUMBER=1
AIRFLOW_CTX_DAG_RUN_ID=scheduled__2023-05-08T00:00:00+00:00
[2023-07-23T13:27:49.465+0700] {subprocess.py:63} INFO - Tmp dir root location: 
 /tmp
[2023-07-23T13:27:49.465+0700] {subprocess.py:75} INFO - Running command: ['/usr/bin/bash', '-c', 'echo hello world this is the first task']
[2023-07-23T13:27:49.472+0700] {subprocess.py:86} INFO - Output:
[2023-07-23T13:27:49.474+0700] {subprocess.py:93} INFO - hello world this is the first task
[2023-07-23T13:27:49.475+0700] {subprocess.py:97} INFO - Command exited with return code 0
[2023-07-23T13:27:49.492+0700] {taskinstance.py:1327} INFO - Marking task as SUCCESS. dag_id=our_first_dag_v4, task_id=idtask1, execution_date=20230508T000000, start_date=20230723T062749, end_date=20230723T062749
[2023-07-23T13:27:49.523+0700] {local_task_job.py:212} INFO - Task exited with return code 0
[2023-07-23T13:27:49.537+0700] {taskinstance.py:2596} INFO - 2 downstream tasks scheduled from follow-on schedule check
