[2023-07-23T13:25:02.628+0700] {taskinstance.py:1090} INFO - Dependencies all met for dep_context=non-requeueable deps ti=<TaskInstance: dag_with_taskflow_api_v2.get_age scheduled__2023-04-23T00:00:00+00:00 [queued]>
[2023-07-23T13:25:02.632+0700] {taskinstance.py:1090} INFO - Dependencies all met for dep_context=requeueable deps ti=<TaskInstance: dag_with_taskflow_api_v2.get_age scheduled__2023-04-23T00:00:00+00:00 [queued]>
[2023-07-23T13:25:02.632+0700] {taskinstance.py:1288} INFO - 
--------------------------------------------------------------------------------
[2023-07-23T13:25:02.632+0700] {taskinstance.py:1289} INFO - Starting attempt 1 of 6
[2023-07-23T13:25:02.632+0700] {taskinstance.py:1290} INFO - 
--------------------------------------------------------------------------------
[2023-07-23T13:25:02.644+0700] {taskinstance.py:1309} INFO - Executing <Task(_PythonDecoratedOperator): get_age> on 2023-04-23 00:00:00+00:00
[2023-07-23T13:25:02.646+0700] {standard_task_runner.py:55} INFO - Started process 10875 to run task
[2023-07-23T13:25:02.648+0700] {standard_task_runner.py:82} INFO - Running: ['airflow', 'tasks', 'run', 'dag_with_taskflow_api_v2', 'get_age', 'scheduled__2023-04-23T00:00:00+00:00', '--job-id', '305', '--raw', '--subdir', 'DAGS_FOLDER/dag_taskflow_api.py', '--cfg-path', '/tmp/tmpc27xbpoa']
[2023-07-23T13:25:02.648+0700] {standard_task_runner.py:83} INFO - Job 305: Subtask get_age
[2023-07-23T13:25:02.677+0700] {task_command.py:389} INFO - Running <TaskInstance: dag_with_taskflow_api_v2.get_age scheduled__2023-04-23T00:00:00+00:00 [running]> on host ahyar-Aspire-A514-54
[2023-07-23T13:25:02.712+0700] {taskinstance.py:1516} INFO - Exporting the following env vars:
AIRFLOW_CTX_DAG_OWNER=ahyar
AIRFLOW_CTX_DAG_ID=dag_with_taskflow_api_v2
AIRFLOW_CTX_TASK_ID=get_age
AIRFLOW_CTX_EXECUTION_DATE=2023-04-23T00:00:00+00:00
AIRFLOW_CTX_TRY_NUMBER=1
AIRFLOW_CTX_DAG_RUN_ID=scheduled__2023-04-23T00:00:00+00:00
[2023-07-23T13:25:02.713+0700] {python.py:177} INFO - Done. Returned value was: 21
[2023-07-23T13:25:02.725+0700] {taskinstance.py:1327} INFO - Marking task as SUCCESS. dag_id=dag_with_taskflow_api_v2, task_id=get_age, execution_date=20230423T000000, start_date=20230723T062502, end_date=20230723T062502
[2023-07-23T13:25:02.739+0700] {local_task_job.py:212} INFO - Task exited with return code 0
[2023-07-23T13:25:02.748+0700] {taskinstance.py:2596} INFO - 1 downstream tasks scheduled from follow-on schedule check
