[2023-04-15T11:00:56.050+0700] {taskinstance.py:1090} INFO - Dependencies all met for dep_context=non-requeueable deps ti=<TaskInstance: our_first_dag_v5.first_task scheduled__2021-08-09T00:00:00+00:00 [queued]>
[2023-04-15T11:00:56.054+0700] {taskinstance.py:1090} INFO - Dependencies all met for dep_context=requeueable deps ti=<TaskInstance: our_first_dag_v5.first_task scheduled__2021-08-09T00:00:00+00:00 [queued]>
[2023-04-15T11:00:56.054+0700] {taskinstance.py:1288} INFO - 
--------------------------------------------------------------------------------
[2023-04-15T11:00:56.054+0700] {taskinstance.py:1289} INFO - Starting attempt 1 of 6
[2023-04-15T11:00:56.054+0700] {taskinstance.py:1290} INFO - 
--------------------------------------------------------------------------------
[2023-04-15T11:00:56.077+0700] {taskinstance.py:1309} INFO - Executing <Task(BashOperator): first_task> on 2021-08-09 00:00:00+00:00
[2023-04-15T11:00:56.086+0700] {standard_task_runner.py:55} INFO - Started process 20218 to run task
[2023-04-15T11:00:56.091+0700] {standard_task_runner.py:82} INFO - Running: ['airflow', 'tasks', 'run', 'our_first_dag_v5', 'first_task', 'scheduled__2021-08-09T00:00:00+00:00', '--job-id', '34', '--raw', '--subdir', 'DAGS_FOLDER/first_dag.py', '--cfg-path', '/tmp/tmpw9jlptnm']
[2023-04-15T11:00:56.092+0700] {standard_task_runner.py:83} INFO - Job 34: Subtask first_task
[2023-04-15T11:00:56.337+0700] {task_command.py:389} INFO - Running <TaskInstance: our_first_dag_v5.first_task scheduled__2021-08-09T00:00:00+00:00 [running]> on host ahyar-Aspire-A514-54
[2023-04-15T11:00:56.404+0700] {taskinstance.py:1516} INFO - Exporting the following env vars:
AIRFLOW_CTX_DAG_OWNER=coder2j
AIRFLOW_CTX_DAG_ID=our_first_dag_v5
AIRFLOW_CTX_TASK_ID=first_task
AIRFLOW_CTX_EXECUTION_DATE=2021-08-09T00:00:00+00:00
AIRFLOW_CTX_TRY_NUMBER=1
AIRFLOW_CTX_DAG_RUN_ID=scheduled__2021-08-09T00:00:00+00:00
[2023-04-15T11:00:56.405+0700] {subprocess.py:63} INFO - Tmp dir root location: 
 /tmp
[2023-04-15T11:00:56.406+0700] {subprocess.py:75} INFO - Running command: ['/usr/bin/bash', '-c', 'echo hello world, this is the first task!']
[2023-04-15T11:00:56.420+0700] {subprocess.py:86} INFO - Output:
[2023-04-15T11:00:56.423+0700] {subprocess.py:93} INFO - hello world, this is the first task!
[2023-04-15T11:00:56.424+0700] {subprocess.py:97} INFO - Command exited with return code 0
[2023-04-15T11:00:56.446+0700] {taskinstance.py:1327} INFO - Marking task as SUCCESS. dag_id=our_first_dag_v5, task_id=first_task, execution_date=20210809T000000, start_date=20230415T040056, end_date=20230415T040056
[2023-04-15T11:00:56.468+0700] {local_task_job.py:212} INFO - Task exited with return code 0
[2023-04-15T11:00:56.639+0700] {taskinstance.py:2596} INFO - 2 downstream tasks scheduled from follow-on schedule check
