[2023-07-23T13:27:16.791+0700] {taskinstance.py:1090} INFO - Dependencies all met for dep_context=non-requeueable deps ti=<TaskInstance: python_dag_v6.greet scheduled__2023-05-04T00:00:00+00:00 [queued]>
[2023-07-23T13:27:16.796+0700] {taskinstance.py:1090} INFO - Dependencies all met for dep_context=requeueable deps ti=<TaskInstance: python_dag_v6.greet scheduled__2023-05-04T00:00:00+00:00 [queued]>
[2023-07-23T13:27:16.796+0700] {taskinstance.py:1288} INFO - 
--------------------------------------------------------------------------------
[2023-07-23T13:27:16.796+0700] {taskinstance.py:1289} INFO - Starting attempt 1 of 6
[2023-07-23T13:27:16.796+0700] {taskinstance.py:1290} INFO - 
--------------------------------------------------------------------------------
[2023-07-23T13:27:16.815+0700] {taskinstance.py:1309} INFO - Executing <Task(PythonOperator): greet> on 2023-05-04 00:00:00+00:00
[2023-07-23T13:27:16.818+0700] {standard_task_runner.py:55} INFO - Started process 12306 to run task
[2023-07-23T13:27:16.823+0700] {standard_task_runner.py:82} INFO - Running: ['airflow', 'tasks', 'run', 'python_dag_v6', 'greet', 'scheduled__2023-05-04T00:00:00+00:00', '--job-id', '396', '--raw', '--subdir', 'DAGS_FOLDER/dag_python_operator.py', '--cfg-path', '/tmp/tmpex_la57r']
[2023-07-23T13:27:16.824+0700] {standard_task_runner.py:83} INFO - Job 396: Subtask greet
[2023-07-23T13:27:16.861+0700] {task_command.py:389} INFO - Running <TaskInstance: python_dag_v6.greet scheduled__2023-05-04T00:00:00+00:00 [running]> on host ahyar-Aspire-A514-54
[2023-07-23T13:27:17.069+0700] {taskinstance.py:1516} INFO - Exporting the following env vars:
AIRFLOW_CTX_DAG_OWNER=ahyar
AIRFLOW_CTX_DAG_ID=python_dag_v6
AIRFLOW_CTX_TASK_ID=greet
AIRFLOW_CTX_EXECUTION_DATE=2023-05-04T00:00:00+00:00
AIRFLOW_CTX_TRY_NUMBER=1
AIRFLOW_CTX_DAG_RUN_ID=scheduled__2023-05-04T00:00:00+00:00
[2023-07-23T13:27:17.093+0700] {logging_mixin.py:137} INFO - Hello, I am boim and my last name ald I am 20 years old
[2023-07-23T13:27:17.094+0700] {python.py:177} INFO - Done. Returned value was: None
[2023-07-23T13:27:17.102+0700] {taskinstance.py:1327} INFO - Marking task as SUCCESS. dag_id=python_dag_v6, task_id=greet, execution_date=20230504T000000, start_date=20230723T062716, end_date=20230723T062717
[2023-07-23T13:27:17.156+0700] {local_task_job.py:212} INFO - Task exited with return code 0
[2023-07-23T13:27:17.175+0700] {taskinstance.py:2596} INFO - 0 downstream tasks scheduled from follow-on schedule check
