[2023-07-23T13:28:30.681+0700] {taskinstance.py:1090} INFO - Dependencies all met for dep_context=non-requeueable deps ti=<TaskInstance: dag_with_taskflow_api_v2.greet scheduled__2023-05-08T00:00:00+00:00 [queued]>
[2023-07-23T13:28:30.686+0700] {taskinstance.py:1090} INFO - Dependencies all met for dep_context=requeueable deps ti=<TaskInstance: dag_with_taskflow_api_v2.greet scheduled__2023-05-08T00:00:00+00:00 [queued]>
[2023-07-23T13:28:30.687+0700] {taskinstance.py:1288} INFO - 
--------------------------------------------------------------------------------
[2023-07-23T13:28:30.687+0700] {taskinstance.py:1289} INFO - Starting attempt 1 of 6
[2023-07-23T13:28:30.687+0700] {taskinstance.py:1290} INFO - 
--------------------------------------------------------------------------------
[2023-07-23T13:28:30.698+0700] {taskinstance.py:1309} INFO - Executing <Task(_PythonDecoratedOperator): greet> on 2023-05-08 00:00:00+00:00
[2023-07-23T13:28:30.705+0700] {standard_task_runner.py:55} INFO - Started process 13177 to run task
[2023-07-23T13:28:30.707+0700] {standard_task_runner.py:82} INFO - Running: ['airflow', 'tasks', 'run', 'dag_with_taskflow_api_v2', 'greet', 'scheduled__2023-05-08T00:00:00+00:00', '--job-id', '436', '--raw', '--subdir', 'DAGS_FOLDER/dag_taskflow_api.py', '--cfg-path', '/tmp/tmpaobq3qxt']
[2023-07-23T13:28:30.708+0700] {standard_task_runner.py:83} INFO - Job 436: Subtask greet
[2023-07-23T13:28:30.785+0700] {task_command.py:389} INFO - Running <TaskInstance: dag_with_taskflow_api_v2.greet scheduled__2023-05-08T00:00:00+00:00 [running]> on host ahyar-Aspire-A514-54
[2023-07-23T13:28:30.874+0700] {taskinstance.py:1516} INFO - Exporting the following env vars:
AIRFLOW_CTX_DAG_OWNER=ahyar
AIRFLOW_CTX_DAG_ID=dag_with_taskflow_api_v2
AIRFLOW_CTX_TASK_ID=greet
AIRFLOW_CTX_EXECUTION_DATE=2023-05-08T00:00:00+00:00
AIRFLOW_CTX_TRY_NUMBER=1
AIRFLOW_CTX_DAG_RUN_ID=scheduled__2023-05-08T00:00:00+00:00
[2023-07-23T13:28:30.874+0700] {logging_mixin.py:137} INFO - Hello world! my name is jerry Tome and i am 21 years old 
[2023-07-23T13:28:30.875+0700] {python.py:177} INFO - Done. Returned value was: None
[2023-07-23T13:28:30.878+0700] {taskinstance.py:1327} INFO - Marking task as SUCCESS. dag_id=dag_with_taskflow_api_v2, task_id=greet, execution_date=20230508T000000, start_date=20230723T062830, end_date=20230723T062830
[2023-07-23T13:28:30.924+0700] {local_task_job.py:212} INFO - Task exited with return code 0
[2023-07-23T13:28:30.945+0700] {taskinstance.py:2596} INFO - 0 downstream tasks scheduled from follow-on schedule check
