[2023-04-16T11:12:25.611+0700] {taskinstance.py:1090} INFO - Dependencies all met for dep_context=non-requeueable deps ti=<TaskInstance: our_first_dag_v2.idtask1 manual__2023-04-16T04:12:22.525550+00:00 [queued]>
[2023-04-16T11:12:25.618+0700] {taskinstance.py:1090} INFO - Dependencies all met for dep_context=requeueable deps ti=<TaskInstance: our_first_dag_v2.idtask1 manual__2023-04-16T04:12:22.525550+00:00 [queued]>
[2023-04-16T11:12:25.618+0700] {taskinstance.py:1288} INFO - 
--------------------------------------------------------------------------------
[2023-04-16T11:12:25.618+0700] {taskinstance.py:1289} INFO - Starting attempt 1 of 6
[2023-04-16T11:12:25.618+0700] {taskinstance.py:1290} INFO - 
--------------------------------------------------------------------------------
[2023-04-16T11:12:25.633+0700] {taskinstance.py:1309} INFO - Executing <Task(BashOperator): idtask1> on 2023-04-16 04:12:22.525550+00:00
[2023-04-16T11:12:25.635+0700] {standard_task_runner.py:55} INFO - Started process 12776 to run task
[2023-04-16T11:12:25.638+0700] {standard_task_runner.py:82} INFO - Running: ['airflow', 'tasks', 'run', 'our_first_dag_v2', 'idtask1', 'manual__2023-04-16T04:12:22.525550+00:00', '--job-id', '219', '--raw', '--subdir', 'DAGS_FOLDER/first_dag.py', '--cfg-path', '/tmp/tmp5xh99jyd']
[2023-04-16T11:12:25.639+0700] {standard_task_runner.py:83} INFO - Job 219: Subtask idtask1
[2023-04-16T11:12:25.678+0700] {task_command.py:389} INFO - Running <TaskInstance: our_first_dag_v2.idtask1 manual__2023-04-16T04:12:22.525550+00:00 [running]> on host ahyar-Aspire-A514-54
[2023-04-16T11:12:25.899+0700] {taskinstance.py:1516} INFO - Exporting the following env vars:
AIRFLOW_CTX_DAG_OWNER=ahyar
AIRFLOW_CTX_DAG_ID=our_first_dag_v2
AIRFLOW_CTX_TASK_ID=idtask1
AIRFLOW_CTX_EXECUTION_DATE=2023-04-16T04:12:22.525550+00:00
AIRFLOW_CTX_TRY_NUMBER=1
AIRFLOW_CTX_DAG_RUN_ID=manual__2023-04-16T04:12:22.525550+00:00
[2023-04-16T11:12:25.904+0700] {subprocess.py:63} INFO - Tmp dir root location: 
 /tmp
[2023-04-16T11:12:25.907+0700] {subprocess.py:75} INFO - Running command: ['/usr/bin/bash', '-c', 'echo hello world this is the first task']
[2023-04-16T11:12:25.915+0700] {subprocess.py:86} INFO - Output:
[2023-04-16T11:12:25.918+0700] {subprocess.py:93} INFO - hello world this is the first task
[2023-04-16T11:12:25.918+0700] {subprocess.py:97} INFO - Command exited with return code 0
[2023-04-16T11:12:25.936+0700] {taskinstance.py:1327} INFO - Marking task as SUCCESS. dag_id=our_first_dag_v2, task_id=idtask1, execution_date=20230416T041222, start_date=20230416T041225, end_date=20230416T041225
[2023-04-16T11:12:25.970+0700] {local_task_job.py:212} INFO - Task exited with return code 0
[2023-04-16T11:12:25.989+0700] {taskinstance.py:2596} INFO - 1 downstream tasks scheduled from follow-on schedule check
