[2023-04-16T11:06:06.725+0700] {taskinstance.py:1090} INFO - Dependencies all met for dep_context=non-requeueable deps ti=<TaskInstance: our_first_dag.idtask1 manual__2023-04-16T04:06:04.798310+00:00 [queued]>
[2023-04-16T11:06:06.731+0700] {taskinstance.py:1090} INFO - Dependencies all met for dep_context=requeueable deps ti=<TaskInstance: our_first_dag.idtask1 manual__2023-04-16T04:06:04.798310+00:00 [queued]>
[2023-04-16T11:06:06.731+0700] {taskinstance.py:1288} INFO - 
--------------------------------------------------------------------------------
[2023-04-16T11:06:06.731+0700] {taskinstance.py:1289} INFO - Starting attempt 1 of 6
[2023-04-16T11:06:06.731+0700] {taskinstance.py:1290} INFO - 
--------------------------------------------------------------------------------
[2023-04-16T11:06:06.744+0700] {taskinstance.py:1309} INFO - Executing <Task(BashOperator): idtask1> on 2023-04-16 04:06:04.798310+00:00
[2023-04-16T11:06:06.747+0700] {standard_task_runner.py:55} INFO - Started process 11304 to run task
[2023-04-16T11:06:06.749+0700] {standard_task_runner.py:82} INFO - Running: ['airflow', 'tasks', 'run', 'our_first_dag', 'idtask1', 'manual__2023-04-16T04:06:04.798310+00:00', '--job-id', '218', '--raw', '--subdir', 'DAGS_FOLDER/first_dag.py', '--cfg-path', '/tmp/tmpyebfeqek']
[2023-04-16T11:06:06.749+0700] {standard_task_runner.py:83} INFO - Job 218: Subtask idtask1
[2023-04-16T11:06:06.780+0700] {task_command.py:389} INFO - Running <TaskInstance: our_first_dag.idtask1 manual__2023-04-16T04:06:04.798310+00:00 [running]> on host ahyar-Aspire-A514-54
[2023-04-16T11:06:06.818+0700] {taskinstance.py:1516} INFO - Exporting the following env vars:
AIRFLOW_CTX_DAG_OWNER=ahyar
AIRFLOW_CTX_DAG_ID=our_first_dag
AIRFLOW_CTX_TASK_ID=idtask1
AIRFLOW_CTX_EXECUTION_DATE=2023-04-16T04:06:04.798310+00:00
AIRFLOW_CTX_TRY_NUMBER=1
AIRFLOW_CTX_DAG_RUN_ID=manual__2023-04-16T04:06:04.798310+00:00
[2023-04-16T11:06:06.819+0700] {subprocess.py:63} INFO - Tmp dir root location: 
 /tmp
[2023-04-16T11:06:06.819+0700] {subprocess.py:75} INFO - Running command: ['/usr/bin/bash', '-c', 'echo hello world this is the first task']
[2023-04-16T11:06:06.825+0700] {subprocess.py:86} INFO - Output:
[2023-04-16T11:06:06.826+0700] {subprocess.py:93} INFO - hello world this is the first task
[2023-04-16T11:06:06.826+0700] {subprocess.py:97} INFO - Command exited with return code 0
[2023-04-16T11:06:06.844+0700] {taskinstance.py:1327} INFO - Marking task as SUCCESS. dag_id=our_first_dag, task_id=idtask1, execution_date=20230416T040604, start_date=20230416T040606, end_date=20230416T040606
[2023-04-16T11:06:06.880+0700] {local_task_job.py:212} INFO - Task exited with return code 0
[2023-04-16T11:06:06.889+0700] {taskinstance.py:2596} INFO - 0 downstream tasks scheduled from follow-on schedule check
