[2023-04-15T10:59:56.836+0700] {taskinstance.py:1090} INFO - Dependencies all met for dep_context=non-requeueable deps ti=<TaskInstance: our_first_dag_v5.first_task scheduled__2021-08-03T00:00:00+00:00 [queued]>
[2023-04-15T10:59:56.848+0700] {taskinstance.py:1090} INFO - Dependencies all met for dep_context=requeueable deps ti=<TaskInstance: our_first_dag_v5.first_task scheduled__2021-08-03T00:00:00+00:00 [queued]>
[2023-04-15T10:59:56.849+0700] {taskinstance.py:1288} INFO - 
--------------------------------------------------------------------------------
[2023-04-15T10:59:56.849+0700] {taskinstance.py:1289} INFO - Starting attempt 1 of 6
[2023-04-15T10:59:56.849+0700] {taskinstance.py:1290} INFO - 
--------------------------------------------------------------------------------
[2023-04-15T10:59:56.873+0700] {taskinstance.py:1309} INFO - Executing <Task(BashOperator): first_task> on 2021-08-03 00:00:00+00:00
[2023-04-15T10:59:56.876+0700] {standard_task_runner.py:55} INFO - Started process 19530 to run task
[2023-04-15T10:59:56.881+0700] {standard_task_runner.py:82} INFO - Running: ['airflow', 'tasks', 'run', 'our_first_dag_v5', 'first_task', 'scheduled__2021-08-03T00:00:00+00:00', '--job-id', '16', '--raw', '--subdir', 'DAGS_FOLDER/first_dag.py', '--cfg-path', '/tmp/tmpt10e2ci2']
[2023-04-15T10:59:56.882+0700] {standard_task_runner.py:83} INFO - Job 16: Subtask first_task
[2023-04-15T10:59:57.029+0700] {task_command.py:389} INFO - Running <TaskInstance: our_first_dag_v5.first_task scheduled__2021-08-03T00:00:00+00:00 [running]> on host ahyar-Aspire-A514-54
[2023-04-15T10:59:57.066+0700] {taskinstance.py:1516} INFO - Exporting the following env vars:
AIRFLOW_CTX_DAG_OWNER=coder2j
AIRFLOW_CTX_DAG_ID=our_first_dag_v5
AIRFLOW_CTX_TASK_ID=first_task
AIRFLOW_CTX_EXECUTION_DATE=2021-08-03T00:00:00+00:00
AIRFLOW_CTX_TRY_NUMBER=1
AIRFLOW_CTX_DAG_RUN_ID=scheduled__2021-08-03T00:00:00+00:00
[2023-04-15T10:59:57.067+0700] {subprocess.py:63} INFO - Tmp dir root location: 
 /tmp
[2023-04-15T10:59:57.067+0700] {subprocess.py:75} INFO - Running command: ['/usr/bin/bash', '-c', 'echo hello world, this is the first task!']
[2023-04-15T10:59:57.075+0700] {subprocess.py:86} INFO - Output:
[2023-04-15T10:59:57.076+0700] {subprocess.py:93} INFO - hello world, this is the first task!
[2023-04-15T10:59:57.076+0700] {subprocess.py:97} INFO - Command exited with return code 0
[2023-04-15T10:59:57.093+0700] {taskinstance.py:1327} INFO - Marking task as SUCCESS. dag_id=our_first_dag_v5, task_id=first_task, execution_date=20210803T000000, start_date=20230415T035956, end_date=20230415T035957
[2023-04-15T10:59:57.133+0700] {local_task_job.py:212} INFO - Task exited with return code 0
[2023-04-15T10:59:57.258+0700] {taskinstance.py:2596} INFO - 2 downstream tasks scheduled from follow-on schedule check
