[2023-04-15T10:58:20.512+0700] {processor.py:153} INFO - Started process (PID=18669) to work on /home/ahyar/Documents/tut_folder/tut_python/python_script/tut_airflow/dags/first_dag.py
[2023-04-15T10:58:20.513+0700] {processor.py:743} INFO - Processing file /home/ahyar/Documents/tut_folder/tut_python/python_script/tut_airflow/dags/first_dag.py for tasks to queue
[2023-04-15T10:58:20.514+0700] {logging_mixin.py:137} INFO - [2023-04-15T10:58:20.513+0700] {dagbag.py:532} INFO - Filling up the DagBag from /home/ahyar/Documents/tut_folder/tut_python/python_script/tut_airflow/dags/first_dag.py
[2023-04-15T10:58:20.532+0700] {processor.py:753} INFO - DAG(s) dict_keys(['our_first_dag_v5']) retrieved from /home/ahyar/Documents/tut_folder/tut_python/python_script/tut_airflow/dags/first_dag.py
[2023-04-15T10:58:20.668+0700] {logging_mixin.py:137} INFO - [2023-04-15T10:58:20.668+0700] {manager.py:504} INFO - Created Permission View: can read on DAG:our_first_dag_v5
[2023-04-15T10:58:20.680+0700] {logging_mixin.py:137} INFO - [2023-04-15T10:58:20.680+0700] {manager.py:504} INFO - Created Permission View: can edit on DAG:our_first_dag_v5
[2023-04-15T10:58:20.689+0700] {logging_mixin.py:137} INFO - [2023-04-15T10:58:20.688+0700] {manager.py:504} INFO - Created Permission View: can delete on DAG:our_first_dag_v5
[2023-04-15T10:58:20.689+0700] {logging_mixin.py:137} INFO - [2023-04-15T10:58:20.689+0700] {dag.py:2705} INFO - Sync 1 DAGs
[2023-04-15T10:58:20.805+0700] {logging_mixin.py:137} INFO - [2023-04-15T10:58:20.804+0700] {dag.py:2726} INFO - Creating ORM DAG for our_first_dag_v5
[2023-04-15T10:58:20.815+0700] {logging_mixin.py:137} INFO - [2023-04-15T10:58:20.815+0700] {dag.py:3452} INFO - Setting next_dagrun for our_first_dag_v5 to 2021-07-30T00:00:00+00:00, run_after=2021-07-31T00:00:00+00:00
[2023-04-15T10:58:20.833+0700] {processor.py:175} INFO - Processing /home/ahyar/Documents/tut_folder/tut_python/python_script/tut_airflow/dags/first_dag.py took 0.327 seconds
[2023-04-15T10:58:43.494+0700] {processor.py:153} INFO - Started process (PID=18783) to work on /home/ahyar/Documents/tut_folder/tut_python/python_script/tut_airflow/dags/first_dag.py
[2023-04-15T10:58:43.495+0700] {processor.py:743} INFO - Processing file /home/ahyar/Documents/tut_folder/tut_python/python_script/tut_airflow/dags/first_dag.py for tasks to queue
[2023-04-15T10:58:43.496+0700] {logging_mixin.py:137} INFO - [2023-04-15T10:58:43.496+0700] {dagbag.py:532} INFO - Filling up the DagBag from /home/ahyar/Documents/tut_folder/tut_python/python_script/tut_airflow/dags/first_dag.py
[2023-04-15T10:58:43.510+0700] {processor.py:753} INFO - DAG(s) dict_keys(['our_first_dag_v5']) retrieved from /home/ahyar/Documents/tut_folder/tut_python/python_script/tut_airflow/dags/first_dag.py
[2023-04-15T10:58:43.514+0700] {logging_mixin.py:137} INFO - [2023-04-15T10:58:43.514+0700] {dag.py:2705} INFO - Sync 1 DAGs
[2023-04-15T10:58:43.530+0700] {logging_mixin.py:137} INFO - [2023-04-15T10:58:43.530+0700] {dag.py:3452} INFO - Setting next_dagrun for our_first_dag_v5 to 2021-07-30T00:00:00+00:00, run_after=2021-07-31T00:00:00+00:00
[2023-04-15T10:58:43.548+0700] {processor.py:175} INFO - Processing /home/ahyar/Documents/tut_folder/tut_python/python_script/tut_airflow/dags/first_dag.py took 0.056 seconds
[2023-04-15T11:01:15.533+0700] {processor.py:153} INFO - Started process (PID=20361) to work on /home/ahyar/Documents/tut_folder/tut_python/python_script/tut_airflow/dags/first_dag.py
[2023-04-15T11:01:15.535+0700] {processor.py:743} INFO - Processing file /home/ahyar/Documents/tut_folder/tut_python/python_script/tut_airflow/dags/first_dag.py for tasks to queue
[2023-04-15T11:01:15.537+0700] {logging_mixin.py:137} INFO - [2023-04-15T11:01:15.536+0700] {dagbag.py:532} INFO - Filling up the DagBag from /home/ahyar/Documents/tut_folder/tut_python/python_script/tut_airflow/dags/first_dag.py
[2023-04-15T11:01:15.568+0700] {processor.py:753} INFO - DAG(s) dict_keys(['our_first_dag_v5']) retrieved from /home/ahyar/Documents/tut_folder/tut_python/python_script/tut_airflow/dags/first_dag.py
[2023-04-15T11:01:15.602+0700] {logging_mixin.py:137} INFO - [2023-04-15T11:01:15.601+0700] {dag.py:2705} INFO - Sync 1 DAGs
[2023-04-15T11:01:15.631+0700] {logging_mixin.py:137} INFO - [2023-04-15T11:01:15.630+0700] {dag.py:3452} INFO - Setting next_dagrun for our_first_dag_v5 to 2021-08-11T00:00:00+00:00, run_after=2021-08-12T00:00:00+00:00
[2023-04-15T11:01:15.672+0700] {processor.py:175} INFO - Processing /home/ahyar/Documents/tut_folder/tut_python/python_script/tut_airflow/dags/first_dag.py took 0.143 seconds
[2023-04-15T11:04:32.921+0700] {processor.py:153} INFO - Started process (PID=22718) to work on /home/ahyar/Documents/tut_folder/tut_python/python_script/tut_airflow/dags/first_dag.py
[2023-04-15T11:04:32.921+0700] {processor.py:743} INFO - Processing file /home/ahyar/Documents/tut_folder/tut_python/python_script/tut_airflow/dags/first_dag.py for tasks to queue
[2023-04-15T11:04:32.922+0700] {logging_mixin.py:137} INFO - [2023-04-15T11:04:32.922+0700] {dagbag.py:532} INFO - Filling up the DagBag from /home/ahyar/Documents/tut_folder/tut_python/python_script/tut_airflow/dags/first_dag.py
[2023-04-15T11:04:32.931+0700] {processor.py:753} INFO - DAG(s) dict_keys(['our_first_dag_v5']) retrieved from /home/ahyar/Documents/tut_folder/tut_python/python_script/tut_airflow/dags/first_dag.py
[2023-04-15T11:04:32.941+0700] {logging_mixin.py:137} INFO - [2023-04-15T11:04:32.941+0700] {dag.py:2705} INFO - Sync 1 DAGs
[2023-04-15T11:04:32.952+0700] {logging_mixin.py:137} INFO - [2023-04-15T11:04:32.952+0700] {dag.py:3452} INFO - Setting next_dagrun for our_first_dag_v5 to 2021-09-05T00:00:00+00:00, run_after=2021-09-06T00:00:00+00:00
[2023-04-15T11:04:32.966+0700] {processor.py:175} INFO - Processing /home/ahyar/Documents/tut_folder/tut_python/python_script/tut_airflow/dags/first_dag.py took 0.047 seconds
[2023-04-15T11:06:50.170+0700] {processor.py:153} INFO - Started process (PID=23746) to work on /home/ahyar/Documents/tut_folder/tut_python/python_script/tut_airflow/dags/first_dag.py
[2023-04-15T11:06:50.171+0700] {processor.py:743} INFO - Processing file /home/ahyar/Documents/tut_folder/tut_python/python_script/tut_airflow/dags/first_dag.py for tasks to queue
[2023-04-15T11:06:50.171+0700] {logging_mixin.py:137} INFO - [2023-04-15T11:06:50.171+0700] {dagbag.py:532} INFO - Filling up the DagBag from /home/ahyar/Documents/tut_folder/tut_python/python_script/tut_airflow/dags/first_dag.py
[2023-04-15T11:06:50.179+0700] {processor.py:753} INFO - DAG(s) dict_keys(['our_first_dag_v5']) retrieved from /home/ahyar/Documents/tut_folder/tut_python/python_script/tut_airflow/dags/first_dag.py
[2023-04-15T11:06:50.188+0700] {logging_mixin.py:137} INFO - [2023-04-15T11:06:50.188+0700] {dag.py:2705} INFO - Sync 1 DAGs
[2023-04-15T11:06:50.198+0700] {logging_mixin.py:137} INFO - [2023-04-15T11:06:50.198+0700] {dag.py:3452} INFO - Setting next_dagrun for our_first_dag_v5 to 2021-09-20T00:00:00+00:00, run_after=2021-09-21T00:00:00+00:00
[2023-04-15T11:06:50.213+0700] {processor.py:175} INFO - Processing /home/ahyar/Documents/tut_folder/tut_python/python_script/tut_airflow/dags/first_dag.py took 0.044 seconds
[2023-04-15T11:06:52.954+0700] {processor.py:153} INFO - Started process (PID=23762) to work on /home/ahyar/Documents/tut_folder/tut_python/python_script/tut_airflow/dags/first_dag.py
[2023-04-15T11:06:52.954+0700] {processor.py:743} INFO - Processing file /home/ahyar/Documents/tut_folder/tut_python/python_script/tut_airflow/dags/first_dag.py for tasks to queue
[2023-04-15T11:06:52.954+0700] {logging_mixin.py:137} INFO - [2023-04-15T11:06:52.954+0700] {dagbag.py:532} INFO - Filling up the DagBag from /home/ahyar/Documents/tut_folder/tut_python/python_script/tut_airflow/dags/first_dag.py
[2023-04-15T11:06:52.966+0700] {processor.py:753} INFO - DAG(s) dict_keys(['our_first_dag_v5']) retrieved from /home/ahyar/Documents/tut_folder/tut_python/python_script/tut_airflow/dags/first_dag.py
[2023-04-15T11:06:52.976+0700] {logging_mixin.py:137} INFO - [2023-04-15T11:06:52.976+0700] {dag.py:2705} INFO - Sync 1 DAGs
[2023-04-15T11:06:52.990+0700] {logging_mixin.py:137} INFO - [2023-04-15T11:06:52.990+0700] {dag.py:3452} INFO - Setting next_dagrun for our_first_dag_v5 to 2021-09-21T00:00:00+00:00, run_after=2021-09-22T00:00:00+00:00
[2023-04-15T11:06:53.003+0700] {processor.py:175} INFO - Processing /home/ahyar/Documents/tut_folder/tut_python/python_script/tut_airflow/dags/first_dag.py took 0.051 seconds
[2023-04-15T11:07:00.317+0700] {processor.py:153} INFO - Started process (PID=23878) to work on /home/ahyar/Documents/tut_folder/tut_python/python_script/tut_airflow/dags/first_dag.py
[2023-04-15T11:07:00.317+0700] {processor.py:743} INFO - Processing file /home/ahyar/Documents/tut_folder/tut_python/python_script/tut_airflow/dags/first_dag.py for tasks to queue
[2023-04-15T11:07:00.317+0700] {logging_mixin.py:137} INFO - [2023-04-15T11:07:00.317+0700] {dagbag.py:532} INFO - Filling up the DagBag from /home/ahyar/Documents/tut_folder/tut_python/python_script/tut_airflow/dags/first_dag.py
[2023-04-15T11:07:00.327+0700] {processor.py:753} INFO - DAG(s) dict_keys(['our_first_dag_v5']) retrieved from /home/ahyar/Documents/tut_folder/tut_python/python_script/tut_airflow/dags/first_dag.py
[2023-04-15T11:07:00.337+0700] {logging_mixin.py:137} INFO - [2023-04-15T11:07:00.337+0700] {dag.py:2705} INFO - Sync 1 DAGs
[2023-04-15T11:07:00.351+0700] {logging_mixin.py:137} INFO - [2023-04-15T11:07:00.351+0700] {dag.py:3452} INFO - Setting next_dagrun for our_first_dag_v5 to 2021-09-22T00:00:00+00:00, run_after=2021-09-23T00:00:00+00:00
[2023-04-15T11:07:00.367+0700] {processor.py:175} INFO - Processing /home/ahyar/Documents/tut_folder/tut_python/python_script/tut_airflow/dags/first_dag.py took 0.052 seconds
[2023-04-15T11:07:05.389+0700] {processor.py:153} INFO - Started process (PID=24073) to work on /home/ahyar/Documents/tut_folder/tut_python/python_script/tut_airflow/dags/first_dag.py
[2023-04-15T11:07:05.390+0700] {processor.py:743} INFO - Processing file /home/ahyar/Documents/tut_folder/tut_python/python_script/tut_airflow/dags/first_dag.py for tasks to queue
[2023-04-15T11:07:05.390+0700] {logging_mixin.py:137} INFO - [2023-04-15T11:07:05.390+0700] {dagbag.py:532} INFO - Filling up the DagBag from /home/ahyar/Documents/tut_folder/tut_python/python_script/tut_airflow/dags/first_dag.py
[2023-04-15T11:07:05.403+0700] {processor.py:753} INFO - DAG(s) dict_keys(['our_first_dag_v5']) retrieved from /home/ahyar/Documents/tut_folder/tut_python/python_script/tut_airflow/dags/first_dag.py
[2023-04-15T11:07:05.416+0700] {logging_mixin.py:137} INFO - [2023-04-15T11:07:05.416+0700] {dag.py:2705} INFO - Sync 1 DAGs
[2023-04-15T11:07:05.434+0700] {logging_mixin.py:137} INFO - [2023-04-15T11:07:05.433+0700] {dag.py:3452} INFO - Setting next_dagrun for our_first_dag_v5 to 2021-09-23T00:00:00+00:00, run_after=2021-09-24T00:00:00+00:00
[2023-04-15T11:07:05.460+0700] {processor.py:175} INFO - Processing /home/ahyar/Documents/tut_folder/tut_python/python_script/tut_airflow/dags/first_dag.py took 0.073 seconds
[2023-04-15T11:07:09.938+0700] {processor.py:153} INFO - Started process (PID=24297) to work on /home/ahyar/Documents/tut_folder/tut_python/python_script/tut_airflow/dags/first_dag.py
[2023-04-15T11:07:09.939+0700] {processor.py:743} INFO - Processing file /home/ahyar/Documents/tut_folder/tut_python/python_script/tut_airflow/dags/first_dag.py for tasks to queue
[2023-04-15T11:07:09.939+0700] {logging_mixin.py:137} INFO - [2023-04-15T11:07:09.939+0700] {dagbag.py:532} INFO - Filling up the DagBag from /home/ahyar/Documents/tut_folder/tut_python/python_script/tut_airflow/dags/first_dag.py
[2023-04-15T11:07:09.947+0700] {processor.py:753} INFO - DAG(s) dict_keys(['our_first_dag_v5']) retrieved from /home/ahyar/Documents/tut_folder/tut_python/python_script/tut_airflow/dags/first_dag.py
[2023-04-15T11:07:09.957+0700] {logging_mixin.py:137} INFO - [2023-04-15T11:07:09.957+0700] {dag.py:2705} INFO - Sync 1 DAGs
[2023-04-15T11:07:09.970+0700] {logging_mixin.py:137} INFO - [2023-04-15T11:07:09.970+0700] {dag.py:3452} INFO - Setting next_dagrun for our_first_dag_v5 to 2021-09-24T00:00:00+00:00, run_after=2021-09-25T00:00:00+00:00
[2023-04-15T11:07:09.985+0700] {processor.py:175} INFO - Processing /home/ahyar/Documents/tut_folder/tut_python/python_script/tut_airflow/dags/first_dag.py took 0.048 seconds
[2023-04-15T11:07:14.134+0700] {processor.py:153} INFO - Started process (PID=24338) to work on /home/ahyar/Documents/tut_folder/tut_python/python_script/tut_airflow/dags/first_dag.py
[2023-04-15T11:07:14.135+0700] {processor.py:743} INFO - Processing file /home/ahyar/Documents/tut_folder/tut_python/python_script/tut_airflow/dags/first_dag.py for tasks to queue
[2023-04-15T11:07:14.135+0700] {logging_mixin.py:137} INFO - [2023-04-15T11:07:14.135+0700] {dagbag.py:532} INFO - Filling up the DagBag from /home/ahyar/Documents/tut_folder/tut_python/python_script/tut_airflow/dags/first_dag.py
[2023-04-15T11:07:14.147+0700] {processor.py:753} INFO - DAG(s) dict_keys(['our_first_dag_v5']) retrieved from /home/ahyar/Documents/tut_folder/tut_python/python_script/tut_airflow/dags/first_dag.py
[2023-04-15T11:07:14.166+0700] {logging_mixin.py:137} INFO - [2023-04-15T11:07:14.166+0700] {dag.py:2705} INFO - Sync 1 DAGs
[2023-04-15T11:07:14.194+0700] {logging_mixin.py:137} INFO - [2023-04-15T11:07:14.194+0700] {dag.py:3452} INFO - Setting next_dagrun for our_first_dag_v5 to 2021-09-25T00:00:00+00:00, run_after=2021-09-26T00:00:00+00:00
[2023-04-15T11:07:14.268+0700] {processor.py:175} INFO - Processing /home/ahyar/Documents/tut_folder/tut_python/python_script/tut_airflow/dags/first_dag.py took 0.135 seconds
[2023-04-15T11:07:19.025+0700] {processor.py:153} INFO - Started process (PID=24436) to work on /home/ahyar/Documents/tut_folder/tut_python/python_script/tut_airflow/dags/first_dag.py
[2023-04-15T11:07:19.025+0700] {processor.py:743} INFO - Processing file /home/ahyar/Documents/tut_folder/tut_python/python_script/tut_airflow/dags/first_dag.py for tasks to queue
[2023-04-15T11:07:19.026+0700] {logging_mixin.py:137} INFO - [2023-04-15T11:07:19.026+0700] {dagbag.py:532} INFO - Filling up the DagBag from /home/ahyar/Documents/tut_folder/tut_python/python_script/tut_airflow/dags/first_dag.py
[2023-04-15T11:07:19.034+0700] {processor.py:753} INFO - DAG(s) dict_keys(['our_first_dag_v5']) retrieved from /home/ahyar/Documents/tut_folder/tut_python/python_script/tut_airflow/dags/first_dag.py
[2023-04-15T11:07:19.045+0700] {logging_mixin.py:137} INFO - [2023-04-15T11:07:19.045+0700] {dag.py:2705} INFO - Sync 1 DAGs
[2023-04-15T11:07:19.058+0700] {logging_mixin.py:137} INFO - [2023-04-15T11:07:19.058+0700] {dag.py:3452} INFO - Setting next_dagrun for our_first_dag_v5 to 2021-09-26T00:00:00+00:00, run_after=2021-09-27T00:00:00+00:00
[2023-04-15T11:07:19.074+0700] {processor.py:175} INFO - Processing /home/ahyar/Documents/tut_folder/tut_python/python_script/tut_airflow/dags/first_dag.py took 0.050 seconds
[2023-04-15T11:07:23.026+0700] {processor.py:153} INFO - Started process (PID=24501) to work on /home/ahyar/Documents/tut_folder/tut_python/python_script/tut_airflow/dags/first_dag.py
[2023-04-15T11:07:23.026+0700] {processor.py:743} INFO - Processing file /home/ahyar/Documents/tut_folder/tut_python/python_script/tut_airflow/dags/first_dag.py for tasks to queue
[2023-04-15T11:07:23.026+0700] {logging_mixin.py:137} INFO - [2023-04-15T11:07:23.026+0700] {dagbag.py:532} INFO - Filling up the DagBag from /home/ahyar/Documents/tut_folder/tut_python/python_script/tut_airflow/dags/first_dag.py
[2023-04-15T11:07:23.035+0700] {processor.py:753} INFO - DAG(s) dict_keys(['our_first_dag_v5']) retrieved from /home/ahyar/Documents/tut_folder/tut_python/python_script/tut_airflow/dags/first_dag.py
[2023-04-15T11:07:23.044+0700] {logging_mixin.py:137} INFO - [2023-04-15T11:07:23.044+0700] {dag.py:2705} INFO - Sync 1 DAGs
[2023-04-15T11:07:23.055+0700] {logging_mixin.py:137} INFO - [2023-04-15T11:07:23.055+0700] {dag.py:3452} INFO - Setting next_dagrun for our_first_dag_v5 to 2021-09-27T00:00:00+00:00, run_after=2021-09-28T00:00:00+00:00
[2023-04-15T11:07:23.069+0700] {processor.py:175} INFO - Processing /home/ahyar/Documents/tut_folder/tut_python/python_script/tut_airflow/dags/first_dag.py took 0.045 seconds
[2023-04-15T11:07:27.287+0700] {processor.py:153} INFO - Started process (PID=24580) to work on /home/ahyar/Documents/tut_folder/tut_python/python_script/tut_airflow/dags/first_dag.py
[2023-04-15T11:07:27.288+0700] {processor.py:743} INFO - Processing file /home/ahyar/Documents/tut_folder/tut_python/python_script/tut_airflow/dags/first_dag.py for tasks to queue
[2023-04-15T11:07:27.288+0700] {logging_mixin.py:137} INFO - [2023-04-15T11:07:27.288+0700] {dagbag.py:532} INFO - Filling up the DagBag from /home/ahyar/Documents/tut_folder/tut_python/python_script/tut_airflow/dags/first_dag.py
[2023-04-15T11:07:27.297+0700] {processor.py:753} INFO - DAG(s) dict_keys(['our_first_dag_v5']) retrieved from /home/ahyar/Documents/tut_folder/tut_python/python_script/tut_airflow/dags/first_dag.py
[2023-04-15T11:07:27.306+0700] {logging_mixin.py:137} INFO - [2023-04-15T11:07:27.306+0700] {dag.py:2705} INFO - Sync 1 DAGs
[2023-04-15T11:07:27.318+0700] {logging_mixin.py:137} INFO - [2023-04-15T11:07:27.318+0700] {dag.py:3452} INFO - Setting next_dagrun for our_first_dag_v5 to 2021-09-28T00:00:00+00:00, run_after=2021-09-29T00:00:00+00:00
[2023-04-15T11:07:27.333+0700] {processor.py:175} INFO - Processing /home/ahyar/Documents/tut_folder/tut_python/python_script/tut_airflow/dags/first_dag.py took 0.047 seconds
[2023-04-15T11:07:32.635+0700] {processor.py:153} INFO - Started process (PID=24660) to work on /home/ahyar/Documents/tut_folder/tut_python/python_script/tut_airflow/dags/first_dag.py
[2023-04-15T11:07:32.635+0700] {processor.py:743} INFO - Processing file /home/ahyar/Documents/tut_folder/tut_python/python_script/tut_airflow/dags/first_dag.py for tasks to queue
[2023-04-15T11:07:32.636+0700] {logging_mixin.py:137} INFO - [2023-04-15T11:07:32.636+0700] {dagbag.py:532} INFO - Filling up the DagBag from /home/ahyar/Documents/tut_folder/tut_python/python_script/tut_airflow/dags/first_dag.py
[2023-04-15T11:07:32.649+0700] {processor.py:753} INFO - DAG(s) dict_keys(['our_first_dag_v5']) retrieved from /home/ahyar/Documents/tut_folder/tut_python/python_script/tut_airflow/dags/first_dag.py
[2023-04-15T11:07:32.660+0700] {logging_mixin.py:137} INFO - [2023-04-15T11:07:32.660+0700] {dag.py:2705} INFO - Sync 1 DAGs
[2023-04-15T11:07:32.672+0700] {logging_mixin.py:137} INFO - [2023-04-15T11:07:32.672+0700] {dag.py:3452} INFO - Setting next_dagrun for our_first_dag_v5 to 2021-09-29T00:00:00+00:00, run_after=2021-09-30T00:00:00+00:00
[2023-04-15T11:07:32.686+0700] {processor.py:175} INFO - Processing /home/ahyar/Documents/tut_folder/tut_python/python_script/tut_airflow/dags/first_dag.py took 0.054 seconds
[2023-04-15T11:07:37.163+0700] {processor.py:153} INFO - Started process (PID=24736) to work on /home/ahyar/Documents/tut_folder/tut_python/python_script/tut_airflow/dags/first_dag.py
[2023-04-15T11:07:37.163+0700] {processor.py:743} INFO - Processing file /home/ahyar/Documents/tut_folder/tut_python/python_script/tut_airflow/dags/first_dag.py for tasks to queue
[2023-04-15T11:07:37.163+0700] {logging_mixin.py:137} INFO - [2023-04-15T11:07:37.163+0700] {dagbag.py:532} INFO - Filling up the DagBag from /home/ahyar/Documents/tut_folder/tut_python/python_script/tut_airflow/dags/first_dag.py
[2023-04-15T11:07:37.175+0700] {processor.py:753} INFO - DAG(s) dict_keys(['our_first_dag_v5']) retrieved from /home/ahyar/Documents/tut_folder/tut_python/python_script/tut_airflow/dags/first_dag.py
[2023-04-15T11:07:37.194+0700] {logging_mixin.py:137} INFO - [2023-04-15T11:07:37.194+0700] {dag.py:2705} INFO - Sync 1 DAGs
[2023-04-15T11:07:37.217+0700] {logging_mixin.py:137} INFO - [2023-04-15T11:07:37.216+0700] {dag.py:3452} INFO - Setting next_dagrun for our_first_dag_v5 to 2021-09-30T00:00:00+00:00, run_after=2021-10-01T00:00:00+00:00
[2023-04-15T11:07:37.236+0700] {processor.py:175} INFO - Processing /home/ahyar/Documents/tut_folder/tut_python/python_script/tut_airflow/dags/first_dag.py took 0.075 seconds
[2023-04-15T11:07:41.442+0700] {processor.py:153} INFO - Started process (PID=24785) to work on /home/ahyar/Documents/tut_folder/tut_python/python_script/tut_airflow/dags/first_dag.py
[2023-04-15T11:07:41.442+0700] {processor.py:743} INFO - Processing file /home/ahyar/Documents/tut_folder/tut_python/python_script/tut_airflow/dags/first_dag.py for tasks to queue
[2023-04-15T11:07:41.443+0700] {logging_mixin.py:137} INFO - [2023-04-15T11:07:41.443+0700] {dagbag.py:532} INFO - Filling up the DagBag from /home/ahyar/Documents/tut_folder/tut_python/python_script/tut_airflow/dags/first_dag.py
[2023-04-15T11:07:41.451+0700] {processor.py:753} INFO - DAG(s) dict_keys(['our_first_dag_v5']) retrieved from /home/ahyar/Documents/tut_folder/tut_python/python_script/tut_airflow/dags/first_dag.py
[2023-04-15T11:07:41.462+0700] {logging_mixin.py:137} INFO - [2023-04-15T11:07:41.462+0700] {dag.py:2705} INFO - Sync 1 DAGs
[2023-04-15T11:07:41.476+0700] {logging_mixin.py:137} INFO - [2023-04-15T11:07:41.475+0700] {dag.py:3452} INFO - Setting next_dagrun for our_first_dag_v5 to 2021-10-01T00:00:00+00:00, run_after=2021-10-02T00:00:00+00:00
[2023-04-15T11:07:41.496+0700] {processor.py:175} INFO - Processing /home/ahyar/Documents/tut_folder/tut_python/python_script/tut_airflow/dags/first_dag.py took 0.056 seconds
[2023-04-15T11:07:46.588+0700] {processor.py:153} INFO - Started process (PID=24866) to work on /home/ahyar/Documents/tut_folder/tut_python/python_script/tut_airflow/dags/first_dag.py
[2023-04-15T11:07:46.589+0700] {processor.py:743} INFO - Processing file /home/ahyar/Documents/tut_folder/tut_python/python_script/tut_airflow/dags/first_dag.py for tasks to queue
[2023-04-15T11:07:46.589+0700] {logging_mixin.py:137} INFO - [2023-04-15T11:07:46.589+0700] {dagbag.py:532} INFO - Filling up the DagBag from /home/ahyar/Documents/tut_folder/tut_python/python_script/tut_airflow/dags/first_dag.py
[2023-04-15T11:07:46.599+0700] {processor.py:753} INFO - DAG(s) dict_keys(['our_first_dag_v5']) retrieved from /home/ahyar/Documents/tut_folder/tut_python/python_script/tut_airflow/dags/first_dag.py
[2023-04-15T11:07:46.611+0700] {logging_mixin.py:137} INFO - [2023-04-15T11:07:46.611+0700] {dag.py:2705} INFO - Sync 1 DAGs
[2023-04-15T11:07:46.627+0700] {logging_mixin.py:137} INFO - [2023-04-15T11:07:46.627+0700] {dag.py:3452} INFO - Setting next_dagrun for our_first_dag_v5 to 2021-10-02T00:00:00+00:00, run_after=2021-10-03T00:00:00+00:00
[2023-04-15T11:07:46.642+0700] {processor.py:175} INFO - Processing /home/ahyar/Documents/tut_folder/tut_python/python_script/tut_airflow/dags/first_dag.py took 0.055 seconds
[2023-04-15T11:07:51.170+0700] {processor.py:153} INFO - Started process (PID=24944) to work on /home/ahyar/Documents/tut_folder/tut_python/python_script/tut_airflow/dags/first_dag.py
[2023-04-15T11:07:51.170+0700] {processor.py:743} INFO - Processing file /home/ahyar/Documents/tut_folder/tut_python/python_script/tut_airflow/dags/first_dag.py for tasks to queue
[2023-04-15T11:07:51.171+0700] {logging_mixin.py:137} INFO - [2023-04-15T11:07:51.171+0700] {dagbag.py:532} INFO - Filling up the DagBag from /home/ahyar/Documents/tut_folder/tut_python/python_script/tut_airflow/dags/first_dag.py
[2023-04-15T11:07:51.180+0700] {processor.py:753} INFO - DAG(s) dict_keys(['our_first_dag_v5']) retrieved from /home/ahyar/Documents/tut_folder/tut_python/python_script/tut_airflow/dags/first_dag.py
[2023-04-15T11:07:51.190+0700] {logging_mixin.py:137} INFO - [2023-04-15T11:07:51.190+0700] {dag.py:2705} INFO - Sync 1 DAGs
[2023-04-15T11:07:51.202+0700] {logging_mixin.py:137} INFO - [2023-04-15T11:07:51.202+0700] {dag.py:3452} INFO - Setting next_dagrun for our_first_dag_v5 to 2021-10-03T00:00:00+00:00, run_after=2021-10-04T00:00:00+00:00
[2023-04-15T11:07:51.216+0700] {processor.py:175} INFO - Processing /home/ahyar/Documents/tut_folder/tut_python/python_script/tut_airflow/dags/first_dag.py took 0.048 seconds
[2023-04-15T11:07:55.470+0700] {processor.py:153} INFO - Started process (PID=24990) to work on /home/ahyar/Documents/tut_folder/tut_python/python_script/tut_airflow/dags/first_dag.py
[2023-04-15T11:07:55.470+0700] {processor.py:743} INFO - Processing file /home/ahyar/Documents/tut_folder/tut_python/python_script/tut_airflow/dags/first_dag.py for tasks to queue
[2023-04-15T11:07:55.471+0700] {logging_mixin.py:137} INFO - [2023-04-15T11:07:55.471+0700] {dagbag.py:532} INFO - Filling up the DagBag from /home/ahyar/Documents/tut_folder/tut_python/python_script/tut_airflow/dags/first_dag.py
[2023-04-15T11:07:55.482+0700] {processor.py:753} INFO - DAG(s) dict_keys(['our_first_dag_v5']) retrieved from /home/ahyar/Documents/tut_folder/tut_python/python_script/tut_airflow/dags/first_dag.py
[2023-04-15T11:07:55.493+0700] {logging_mixin.py:137} INFO - [2023-04-15T11:07:55.493+0700] {dag.py:2705} INFO - Sync 1 DAGs
[2023-04-15T11:07:55.506+0700] {logging_mixin.py:137} INFO - [2023-04-15T11:07:55.506+0700] {dag.py:3452} INFO - Setting next_dagrun for our_first_dag_v5 to 2021-10-04T00:00:00+00:00, run_after=2021-10-05T00:00:00+00:00
[2023-04-15T11:07:55.519+0700] {processor.py:175} INFO - Processing /home/ahyar/Documents/tut_folder/tut_python/python_script/tut_airflow/dags/first_dag.py took 0.051 seconds
[2023-04-15T11:07:59.632+0700] {processor.py:153} INFO - Started process (PID=25024) to work on /home/ahyar/Documents/tut_folder/tut_python/python_script/tut_airflow/dags/first_dag.py
[2023-04-15T11:07:59.633+0700] {processor.py:743} INFO - Processing file /home/ahyar/Documents/tut_folder/tut_python/python_script/tut_airflow/dags/first_dag.py for tasks to queue
[2023-04-15T11:07:59.633+0700] {logging_mixin.py:137} INFO - [2023-04-15T11:07:59.633+0700] {dagbag.py:532} INFO - Filling up the DagBag from /home/ahyar/Documents/tut_folder/tut_python/python_script/tut_airflow/dags/first_dag.py
[2023-04-15T11:07:59.645+0700] {processor.py:753} INFO - DAG(s) dict_keys(['our_first_dag_v5']) retrieved from /home/ahyar/Documents/tut_folder/tut_python/python_script/tut_airflow/dags/first_dag.py
[2023-04-15T11:07:59.656+0700] {logging_mixin.py:137} INFO - [2023-04-15T11:07:59.656+0700] {dag.py:2705} INFO - Sync 1 DAGs
[2023-04-15T11:07:59.670+0700] {logging_mixin.py:137} INFO - [2023-04-15T11:07:59.669+0700] {dag.py:3452} INFO - Setting next_dagrun for our_first_dag_v5 to 2021-10-05T00:00:00+00:00, run_after=2021-10-06T00:00:00+00:00
[2023-04-15T11:07:59.683+0700] {processor.py:175} INFO - Processing /home/ahyar/Documents/tut_folder/tut_python/python_script/tut_airflow/dags/first_dag.py took 0.052 seconds
[2023-04-15T11:08:03.455+0700] {processor.py:153} INFO - Started process (PID=25057) to work on /home/ahyar/Documents/tut_folder/tut_python/python_script/tut_airflow/dags/first_dag.py
[2023-04-15T11:08:03.456+0700] {processor.py:743} INFO - Processing file /home/ahyar/Documents/tut_folder/tut_python/python_script/tut_airflow/dags/first_dag.py for tasks to queue
[2023-04-15T11:08:03.456+0700] {logging_mixin.py:137} INFO - [2023-04-15T11:08:03.456+0700] {dagbag.py:532} INFO - Filling up the DagBag from /home/ahyar/Documents/tut_folder/tut_python/python_script/tut_airflow/dags/first_dag.py
[2023-04-15T11:08:03.464+0700] {processor.py:753} INFO - DAG(s) dict_keys(['our_first_dag_v5']) retrieved from /home/ahyar/Documents/tut_folder/tut_python/python_script/tut_airflow/dags/first_dag.py
[2023-04-15T11:08:03.477+0700] {logging_mixin.py:137} INFO - [2023-04-15T11:08:03.477+0700] {dag.py:2705} INFO - Sync 1 DAGs
[2023-04-15T11:08:03.491+0700] {logging_mixin.py:137} INFO - [2023-04-15T11:08:03.491+0700] {dag.py:3452} INFO - Setting next_dagrun for our_first_dag_v5 to 2021-10-06T00:00:00+00:00, run_after=2021-10-07T00:00:00+00:00
[2023-04-15T11:08:03.504+0700] {processor.py:175} INFO - Processing /home/ahyar/Documents/tut_folder/tut_python/python_script/tut_airflow/dags/first_dag.py took 0.052 seconds
