[2023-07-23T13:24:46.690+0700] {taskinstance.py:1090} INFO - Dependencies all met for dep_context=non-requeueable deps ti=<TaskInstance: our_first_dag_v4.idtask1 scheduled__2023-04-23T00:00:00+00:00 [queued]>
[2023-07-23T13:24:46.694+0700] {taskinstance.py:1090} INFO - Dependencies all met for dep_context=requeueable deps ti=<TaskInstance: our_first_dag_v4.idtask1 scheduled__2023-04-23T00:00:00+00:00 [queued]>
[2023-07-23T13:24:46.694+0700] {taskinstance.py:1288} INFO - 
--------------------------------------------------------------------------------
[2023-07-23T13:24:46.694+0700] {taskinstance.py:1289} INFO - Starting attempt 1 of 6
[2023-07-23T13:24:46.694+0700] {taskinstance.py:1290} INFO - 
--------------------------------------------------------------------------------
[2023-07-23T13:24:46.706+0700] {taskinstance.py:1309} INFO - Executing <Task(BashOperator): idtask1> on 2023-04-23 00:00:00+00:00
[2023-07-23T13:24:46.708+0700] {standard_task_runner.py:55} INFO - Started process 10713 to run task
[2023-07-23T13:24:46.710+0700] {standard_task_runner.py:82} INFO - Running: ['airflow', 'tasks', 'run', 'our_first_dag_v4', 'idtask1', 'scheduled__2023-04-23T00:00:00+00:00', '--job-id', '292', '--raw', '--subdir', 'DAGS_FOLDER/dag_bash_operator.py', '--cfg-path', '/tmp/tmpsw1kb7s7']
[2023-07-23T13:24:46.710+0700] {standard_task_runner.py:83} INFO - Job 292: Subtask idtask1
[2023-07-23T13:24:46.736+0700] {task_command.py:389} INFO - Running <TaskInstance: our_first_dag_v4.idtask1 scheduled__2023-04-23T00:00:00+00:00 [running]> on host ahyar-Aspire-A514-54
[2023-07-23T13:24:46.769+0700] {taskinstance.py:1516} INFO - Exporting the following env vars:
AIRFLOW_CTX_DAG_OWNER=ahyar
AIRFLOW_CTX_DAG_ID=our_first_dag_v4
AIRFLOW_CTX_TASK_ID=idtask1
AIRFLOW_CTX_EXECUTION_DATE=2023-04-23T00:00:00+00:00
AIRFLOW_CTX_TRY_NUMBER=1
AIRFLOW_CTX_DAG_RUN_ID=scheduled__2023-04-23T00:00:00+00:00
[2023-07-23T13:24:46.769+0700] {subprocess.py:63} INFO - Tmp dir root location: 
 /tmp
[2023-07-23T13:24:46.769+0700] {subprocess.py:75} INFO - Running command: ['/usr/bin/bash', '-c', 'echo hello world this is the first task']
[2023-07-23T13:24:46.773+0700] {subprocess.py:86} INFO - Output:
[2023-07-23T13:24:46.774+0700] {subprocess.py:93} INFO - hello world this is the first task
[2023-07-23T13:24:46.774+0700] {subprocess.py:97} INFO - Command exited with return code 0
[2023-07-23T13:24:46.788+0700] {taskinstance.py:1327} INFO - Marking task as SUCCESS. dag_id=our_first_dag_v4, task_id=idtask1, execution_date=20230423T000000, start_date=20230723T062446, end_date=20230723T062446
[2023-07-23T13:24:46.801+0700] {local_task_job.py:212} INFO - Task exited with return code 0
[2023-07-23T13:24:46.811+0700] {taskinstance.py:2596} INFO - 2 downstream tasks scheduled from follow-on schedule check
