[2023-04-15T10:59:29.192+0700] {taskinstance.py:1090} INFO - Dependencies all met for dep_context=non-requeueable deps ti=<TaskInstance: our_first_dag_v5.second_task manual__2023-04-15T03:59:09.742596+00:00 [queued]>
[2023-04-15T10:59:29.203+0700] {taskinstance.py:1090} INFO - Dependencies all met for dep_context=requeueable deps ti=<TaskInstance: our_first_dag_v5.second_task manual__2023-04-15T03:59:09.742596+00:00 [queued]>
[2023-04-15T10:59:29.204+0700] {taskinstance.py:1288} INFO - 
--------------------------------------------------------------------------------
[2023-04-15T10:59:29.204+0700] {taskinstance.py:1289} INFO - Starting attempt 1 of 6
[2023-04-15T10:59:29.204+0700] {taskinstance.py:1290} INFO - 
--------------------------------------------------------------------------------
[2023-04-15T10:59:29.221+0700] {taskinstance.py:1309} INFO - Executing <Task(BashOperator): second_task> on 2023-04-15 03:59:09.742596+00:00
[2023-04-15T10:59:29.224+0700] {standard_task_runner.py:55} INFO - Started process 19153 to run task
[2023-04-15T10:59:29.227+0700] {standard_task_runner.py:82} INFO - Running: ['airflow', 'tasks', 'run', 'our_first_dag_v5', 'second_task', 'manual__2023-04-15T03:59:09.742596+00:00', '--job-id', '8', '--raw', '--subdir', 'DAGS_FOLDER/first_dag.py', '--cfg-path', '/tmp/tmp3bv2n8ht']
[2023-04-15T10:59:29.229+0700] {standard_task_runner.py:83} INFO - Job 8: Subtask second_task
[2023-04-15T10:59:29.374+0700] {task_command.py:389} INFO - Running <TaskInstance: our_first_dag_v5.second_task manual__2023-04-15T03:59:09.742596+00:00 [running]> on host ahyar-Aspire-A514-54
[2023-04-15T10:59:29.419+0700] {taskinstance.py:1516} INFO - Exporting the following env vars:
AIRFLOW_CTX_DAG_OWNER=coder2j
AIRFLOW_CTX_DAG_ID=our_first_dag_v5
AIRFLOW_CTX_TASK_ID=second_task
AIRFLOW_CTX_EXECUTION_DATE=2023-04-15T03:59:09.742596+00:00
AIRFLOW_CTX_TRY_NUMBER=1
AIRFLOW_CTX_DAG_RUN_ID=manual__2023-04-15T03:59:09.742596+00:00
[2023-04-15T10:59:29.421+0700] {subprocess.py:63} INFO - Tmp dir root location: 
 /tmp
[2023-04-15T10:59:29.421+0700] {subprocess.py:75} INFO - Running command: ['/usr/bin/bash', '-c', 'echo hey, I am task2 and will be running after task1!']
[2023-04-15T10:59:29.428+0700] {subprocess.py:86} INFO - Output:
[2023-04-15T10:59:29.430+0700] {subprocess.py:93} INFO - hey, I am task2 and will be running after task1!
[2023-04-15T10:59:29.430+0700] {subprocess.py:97} INFO - Command exited with return code 0
[2023-04-15T10:59:29.449+0700] {taskinstance.py:1327} INFO - Marking task as SUCCESS. dag_id=our_first_dag_v5, task_id=second_task, execution_date=20230415T035909, start_date=20230415T035929, end_date=20230415T035929
[2023-04-15T10:59:29.479+0700] {local_task_job.py:212} INFO - Task exited with return code 0
[2023-04-15T10:59:29.573+0700] {taskinstance.py:2596} INFO - 0 downstream tasks scheduled from follow-on schedule check
