[2023-04-16T13:32:58.718+0700] {taskinstance.py:1090} INFO - Dependencies all met for dep_context=non-requeueable deps ti=<TaskInstance: dag_with_taskflow_api_v1.greet manual__2023-04-16T06:32:43.375869+00:00 [queued]>
[2023-04-16T13:32:58.722+0700] {taskinstance.py:1090} INFO - Dependencies all met for dep_context=requeueable deps ti=<TaskInstance: dag_with_taskflow_api_v1.greet manual__2023-04-16T06:32:43.375869+00:00 [queued]>
[2023-04-16T13:32:58.722+0700] {taskinstance.py:1288} INFO - 
--------------------------------------------------------------------------------
[2023-04-16T13:32:58.722+0700] {taskinstance.py:1289} INFO - Starting attempt 1 of 6
[2023-04-16T13:32:58.722+0700] {taskinstance.py:1290} INFO - 
--------------------------------------------------------------------------------
[2023-04-16T13:32:58.733+0700] {taskinstance.py:1309} INFO - Executing <Task(_PythonDecoratedOperator): greet> on 2023-04-16 06:32:43.375869+00:00
[2023-04-16T13:32:58.740+0700] {standard_task_runner.py:55} INFO - Started process 13108 to run task
[2023-04-16T13:32:58.742+0700] {standard_task_runner.py:82} INFO - Running: ['airflow', 'tasks', 'run', 'dag_with_taskflow_api_v1', 'greet', 'manual__2023-04-16T06:32:43.375869+00:00', '--job-id', '243', '--raw', '--subdir', 'DAGS_FOLDER/dag_taskflow_api.py', '--cfg-path', '/tmp/tmp2ysehw6b']
[2023-04-16T13:32:58.743+0700] {standard_task_runner.py:83} INFO - Job 243: Subtask greet
[2023-04-16T13:32:58.786+0700] {task_command.py:389} INFO - Running <TaskInstance: dag_with_taskflow_api_v1.greet manual__2023-04-16T06:32:43.375869+00:00 [running]> on host ahyar-Aspire-A514-54
[2023-04-16T13:32:58.841+0700] {taskinstance.py:1516} INFO - Exporting the following env vars:
AIRFLOW_CTX_DAG_OWNER=ahyar
AIRFLOW_CTX_DAG_ID=dag_with_taskflow_api_v1
AIRFLOW_CTX_TASK_ID=greet
AIRFLOW_CTX_EXECUTION_DATE=2023-04-16T06:32:43.375869+00:00
AIRFLOW_CTX_TRY_NUMBER=1
AIRFLOW_CTX_DAG_RUN_ID=manual__2023-04-16T06:32:43.375869+00:00
[2023-04-16T13:32:58.842+0700] {logging_mixin.py:137} INFO - Hello world! my name is Jerry and i am 21 years old 
[2023-04-16T13:32:58.842+0700] {python.py:177} INFO - Done. Returned value was: None
[2023-04-16T13:32:58.849+0700] {taskinstance.py:1327} INFO - Marking task as SUCCESS. dag_id=dag_with_taskflow_api_v1, task_id=greet, execution_date=20230416T063243, start_date=20230416T063258, end_date=20230416T063258
[2023-04-16T13:32:58.914+0700] {local_task_job.py:212} INFO - Task exited with return code 0
[2023-04-16T13:32:58.929+0700] {taskinstance.py:2596} INFO - 0 downstream tasks scheduled from follow-on schedule check
