[2023-04-15T10:46:57.327+0700] {processor.py:153} INFO - Started process (PID=16475) to work on /home/ahyar/Documents/tut_folder/tut_python/python_script/tut_airflow/env_airflow/lib/python3.9/site-packages/airflow/example_dags/plugins/listener_plugin.py
[2023-04-15T10:46:57.327+0700] {processor.py:743} INFO - Processing file /home/ahyar/Documents/tut_folder/tut_python/python_script/tut_airflow/env_airflow/lib/python3.9/site-packages/airflow/example_dags/plugins/listener_plugin.py for tasks to queue
[2023-04-15T10:46:57.328+0700] {logging_mixin.py:137} INFO - [2023-04-15T10:46:57.328+0700] {dagbag.py:532} INFO - Filling up the DagBag from /home/ahyar/Documents/tut_folder/tut_python/python_script/tut_airflow/env_airflow/lib/python3.9/site-packages/airflow/example_dags/plugins/listener_plugin.py
[2023-04-15T10:46:57.330+0700] {processor.py:755} WARNING - No viable dags retrieved from /home/ahyar/Documents/tut_folder/tut_python/python_script/tut_airflow/env_airflow/lib/python3.9/site-packages/airflow/example_dags/plugins/listener_plugin.py
[2023-04-15T10:46:57.334+0700] {processor.py:175} INFO - Processing /home/ahyar/Documents/tut_folder/tut_python/python_script/tut_airflow/env_airflow/lib/python3.9/site-packages/airflow/example_dags/plugins/listener_plugin.py took 0.010 seconds
[2023-04-15T10:47:38.690+0700] {processor.py:153} INFO - Started process (PID=16617) to work on /home/ahyar/Documents/tut_folder/tut_python/python_script/tut_airflow/env_airflow/lib/python3.9/site-packages/airflow/example_dags/plugins/listener_plugin.py
[2023-04-15T10:47:38.691+0700] {processor.py:743} INFO - Processing file /home/ahyar/Documents/tut_folder/tut_python/python_script/tut_airflow/env_airflow/lib/python3.9/site-packages/airflow/example_dags/plugins/listener_plugin.py for tasks to queue
[2023-04-15T10:47:38.692+0700] {logging_mixin.py:137} INFO - [2023-04-15T10:47:38.692+0700] {dagbag.py:532} INFO - Filling up the DagBag from /home/ahyar/Documents/tut_folder/tut_python/python_script/tut_airflow/env_airflow/lib/python3.9/site-packages/airflow/example_dags/plugins/listener_plugin.py
[2023-04-15T10:47:38.695+0700] {processor.py:755} WARNING - No viable dags retrieved from /home/ahyar/Documents/tut_folder/tut_python/python_script/tut_airflow/env_airflow/lib/python3.9/site-packages/airflow/example_dags/plugins/listener_plugin.py
[2023-04-15T10:47:38.703+0700] {processor.py:175} INFO - Processing /home/ahyar/Documents/tut_folder/tut_python/python_script/tut_airflow/env_airflow/lib/python3.9/site-packages/airflow/example_dags/plugins/listener_plugin.py took 0.015 seconds
[2023-04-15T10:48:49.970+0700] {processor.py:153} INFO - Started process (PID=17170) to work on /home/ahyar/Documents/tut_folder/tut_python/python_script/tut_airflow/env_airflow/lib/python3.9/site-packages/airflow/example_dags/plugins/listener_plugin.py
[2023-04-15T10:48:49.972+0700] {processor.py:743} INFO - Processing file /home/ahyar/Documents/tut_folder/tut_python/python_script/tut_airflow/env_airflow/lib/python3.9/site-packages/airflow/example_dags/plugins/listener_plugin.py for tasks to queue
[2023-04-15T10:48:49.973+0700] {logging_mixin.py:137} INFO - [2023-04-15T10:48:49.973+0700] {dagbag.py:532} INFO - Filling up the DagBag from /home/ahyar/Documents/tut_folder/tut_python/python_script/tut_airflow/env_airflow/lib/python3.9/site-packages/airflow/example_dags/plugins/listener_plugin.py
[2023-04-15T10:48:49.975+0700] {processor.py:755} WARNING - No viable dags retrieved from /home/ahyar/Documents/tut_folder/tut_python/python_script/tut_airflow/env_airflow/lib/python3.9/site-packages/airflow/example_dags/plugins/listener_plugin.py
[2023-04-15T10:48:49.987+0700] {processor.py:175} INFO - Processing /home/ahyar/Documents/tut_folder/tut_python/python_script/tut_airflow/env_airflow/lib/python3.9/site-packages/airflow/example_dags/plugins/listener_plugin.py took 0.020 seconds
[2023-04-15T10:49:38.557+0700] {processor.py:153} INFO - Started process (PID=17471) to work on /home/ahyar/Documents/tut_folder/tut_python/python_script/tut_airflow/env_airflow/lib/python3.9/site-packages/airflow/example_dags/plugins/listener_plugin.py
[2023-04-15T10:49:38.559+0700] {processor.py:743} INFO - Processing file /home/ahyar/Documents/tut_folder/tut_python/python_script/tut_airflow/env_airflow/lib/python3.9/site-packages/airflow/example_dags/plugins/listener_plugin.py for tasks to queue
[2023-04-15T10:49:38.560+0700] {logging_mixin.py:137} INFO - [2023-04-15T10:49:38.560+0700] {dagbag.py:532} INFO - Filling up the DagBag from /home/ahyar/Documents/tut_folder/tut_python/python_script/tut_airflow/env_airflow/lib/python3.9/site-packages/airflow/example_dags/plugins/listener_plugin.py
[2023-04-15T10:49:38.565+0700] {processor.py:755} WARNING - No viable dags retrieved from /home/ahyar/Documents/tut_folder/tut_python/python_script/tut_airflow/env_airflow/lib/python3.9/site-packages/airflow/example_dags/plugins/listener_plugin.py
[2023-04-15T10:49:38.619+0700] {processor.py:175} INFO - Processing /home/ahyar/Documents/tut_folder/tut_python/python_script/tut_airflow/env_airflow/lib/python3.9/site-packages/airflow/example_dags/plugins/listener_plugin.py took 0.067 seconds
[2023-04-15T10:50:22.520+0700] {processor.py:153} INFO - Started process (PID=17725) to work on /home/ahyar/Documents/tut_folder/tut_python/python_script/tut_airflow/env_airflow/lib/python3.9/site-packages/airflow/example_dags/plugins/listener_plugin.py
[2023-04-15T10:50:22.523+0700] {processor.py:743} INFO - Processing file /home/ahyar/Documents/tut_folder/tut_python/python_script/tut_airflow/env_airflow/lib/python3.9/site-packages/airflow/example_dags/plugins/listener_plugin.py for tasks to queue
[2023-04-15T10:50:22.523+0700] {logging_mixin.py:137} INFO - [2023-04-15T10:50:22.523+0700] {dagbag.py:532} INFO - Filling up the DagBag from /home/ahyar/Documents/tut_folder/tut_python/python_script/tut_airflow/env_airflow/lib/python3.9/site-packages/airflow/example_dags/plugins/listener_plugin.py
[2023-04-15T10:50:22.526+0700] {processor.py:755} WARNING - No viable dags retrieved from /home/ahyar/Documents/tut_folder/tut_python/python_script/tut_airflow/env_airflow/lib/python3.9/site-packages/airflow/example_dags/plugins/listener_plugin.py
[2023-04-15T10:50:22.533+0700] {processor.py:175} INFO - Processing /home/ahyar/Documents/tut_folder/tut_python/python_script/tut_airflow/env_airflow/lib/python3.9/site-packages/airflow/example_dags/plugins/listener_plugin.py took 0.017 seconds
[2023-04-15T10:51:05.362+0700] {processor.py:153} INFO - Started process (PID=17779) to work on /home/ahyar/Documents/tut_folder/tut_python/python_script/tut_airflow/env_airflow/lib/python3.9/site-packages/airflow/example_dags/plugins/listener_plugin.py
[2023-04-15T10:51:05.363+0700] {processor.py:743} INFO - Processing file /home/ahyar/Documents/tut_folder/tut_python/python_script/tut_airflow/env_airflow/lib/python3.9/site-packages/airflow/example_dags/plugins/listener_plugin.py for tasks to queue
[2023-04-15T10:51:05.363+0700] {logging_mixin.py:137} INFO - [2023-04-15T10:51:05.363+0700] {dagbag.py:532} INFO - Filling up the DagBag from /home/ahyar/Documents/tut_folder/tut_python/python_script/tut_airflow/env_airflow/lib/python3.9/site-packages/airflow/example_dags/plugins/listener_plugin.py
[2023-04-15T10:51:05.364+0700] {processor.py:755} WARNING - No viable dags retrieved from /home/ahyar/Documents/tut_folder/tut_python/python_script/tut_airflow/env_airflow/lib/python3.9/site-packages/airflow/example_dags/plugins/listener_plugin.py
[2023-04-15T10:51:05.369+0700] {processor.py:175} INFO - Processing /home/ahyar/Documents/tut_folder/tut_python/python_script/tut_airflow/env_airflow/lib/python3.9/site-packages/airflow/example_dags/plugins/listener_plugin.py took 0.009 seconds
[2023-04-15T10:51:48.955+0700] {processor.py:153} INFO - Started process (PID=17867) to work on /home/ahyar/Documents/tut_folder/tut_python/python_script/tut_airflow/env_airflow/lib/python3.9/site-packages/airflow/example_dags/plugins/listener_plugin.py
[2023-04-15T10:51:48.956+0700] {processor.py:743} INFO - Processing file /home/ahyar/Documents/tut_folder/tut_python/python_script/tut_airflow/env_airflow/lib/python3.9/site-packages/airflow/example_dags/plugins/listener_plugin.py for tasks to queue
[2023-04-15T10:51:48.957+0700] {logging_mixin.py:137} INFO - [2023-04-15T10:51:48.957+0700] {dagbag.py:532} INFO - Filling up the DagBag from /home/ahyar/Documents/tut_folder/tut_python/python_script/tut_airflow/env_airflow/lib/python3.9/site-packages/airflow/example_dags/plugins/listener_plugin.py
[2023-04-15T10:51:48.967+0700] {processor.py:755} WARNING - No viable dags retrieved from /home/ahyar/Documents/tut_folder/tut_python/python_script/tut_airflow/env_airflow/lib/python3.9/site-packages/airflow/example_dags/plugins/listener_plugin.py
[2023-04-15T10:51:48.979+0700] {processor.py:175} INFO - Processing /home/ahyar/Documents/tut_folder/tut_python/python_script/tut_airflow/env_airflow/lib/python3.9/site-packages/airflow/example_dags/plugins/listener_plugin.py took 0.028 seconds
[2023-04-15T10:52:34.873+0700] {processor.py:153} INFO - Started process (PID=18015) to work on /home/ahyar/Documents/tut_folder/tut_python/python_script/tut_airflow/env_airflow/lib/python3.9/site-packages/airflow/example_dags/plugins/listener_plugin.py
[2023-04-15T10:52:34.875+0700] {processor.py:743} INFO - Processing file /home/ahyar/Documents/tut_folder/tut_python/python_script/tut_airflow/env_airflow/lib/python3.9/site-packages/airflow/example_dags/plugins/listener_plugin.py for tasks to queue
[2023-04-15T10:52:34.876+0700] {logging_mixin.py:137} INFO - [2023-04-15T10:52:34.876+0700] {dagbag.py:532} INFO - Filling up the DagBag from /home/ahyar/Documents/tut_folder/tut_python/python_script/tut_airflow/env_airflow/lib/python3.9/site-packages/airflow/example_dags/plugins/listener_plugin.py
[2023-04-15T10:52:34.891+0700] {processor.py:755} WARNING - No viable dags retrieved from /home/ahyar/Documents/tut_folder/tut_python/python_script/tut_airflow/env_airflow/lib/python3.9/site-packages/airflow/example_dags/plugins/listener_plugin.py
[2023-04-15T10:52:34.902+0700] {processor.py:175} INFO - Processing /home/ahyar/Documents/tut_folder/tut_python/python_script/tut_airflow/env_airflow/lib/python3.9/site-packages/airflow/example_dags/plugins/listener_plugin.py took 0.036 seconds
[2023-04-15T10:53:22.782+0700] {processor.py:153} INFO - Started process (PID=18145) to work on /home/ahyar/Documents/tut_folder/tut_python/python_script/tut_airflow/env_airflow/lib/python3.9/site-packages/airflow/example_dags/plugins/listener_plugin.py
[2023-04-15T10:53:22.783+0700] {processor.py:743} INFO - Processing file /home/ahyar/Documents/tut_folder/tut_python/python_script/tut_airflow/env_airflow/lib/python3.9/site-packages/airflow/example_dags/plugins/listener_plugin.py for tasks to queue
[2023-04-15T10:53:22.784+0700] {logging_mixin.py:137} INFO - [2023-04-15T10:53:22.783+0700] {dagbag.py:532} INFO - Filling up the DagBag from /home/ahyar/Documents/tut_folder/tut_python/python_script/tut_airflow/env_airflow/lib/python3.9/site-packages/airflow/example_dags/plugins/listener_plugin.py
[2023-04-15T10:53:22.785+0700] {processor.py:755} WARNING - No viable dags retrieved from /home/ahyar/Documents/tut_folder/tut_python/python_script/tut_airflow/env_airflow/lib/python3.9/site-packages/airflow/example_dags/plugins/listener_plugin.py
[2023-04-15T10:53:22.791+0700] {processor.py:175} INFO - Processing /home/ahyar/Documents/tut_folder/tut_python/python_script/tut_airflow/env_airflow/lib/python3.9/site-packages/airflow/example_dags/plugins/listener_plugin.py took 0.012 seconds
[2023-04-15T10:54:07.812+0700] {processor.py:153} INFO - Started process (PID=18218) to work on /home/ahyar/Documents/tut_folder/tut_python/python_script/tut_airflow/env_airflow/lib/python3.9/site-packages/airflow/example_dags/plugins/listener_plugin.py
[2023-04-15T10:54:07.813+0700] {processor.py:743} INFO - Processing file /home/ahyar/Documents/tut_folder/tut_python/python_script/tut_airflow/env_airflow/lib/python3.9/site-packages/airflow/example_dags/plugins/listener_plugin.py for tasks to queue
[2023-04-15T10:54:07.814+0700] {logging_mixin.py:137} INFO - [2023-04-15T10:54:07.814+0700] {dagbag.py:532} INFO - Filling up the DagBag from /home/ahyar/Documents/tut_folder/tut_python/python_script/tut_airflow/env_airflow/lib/python3.9/site-packages/airflow/example_dags/plugins/listener_plugin.py
[2023-04-15T10:54:07.815+0700] {processor.py:755} WARNING - No viable dags retrieved from /home/ahyar/Documents/tut_folder/tut_python/python_script/tut_airflow/env_airflow/lib/python3.9/site-packages/airflow/example_dags/plugins/listener_plugin.py
[2023-04-15T10:54:07.820+0700] {processor.py:175} INFO - Processing /home/ahyar/Documents/tut_folder/tut_python/python_script/tut_airflow/env_airflow/lib/python3.9/site-packages/airflow/example_dags/plugins/listener_plugin.py took 0.011 seconds
[2023-04-15T10:54:51.012+0700] {processor.py:153} INFO - Started process (PID=18303) to work on /home/ahyar/Documents/tut_folder/tut_python/python_script/tut_airflow/env_airflow/lib/python3.9/site-packages/airflow/example_dags/plugins/listener_plugin.py
[2023-04-15T10:54:51.015+0700] {processor.py:743} INFO - Processing file /home/ahyar/Documents/tut_folder/tut_python/python_script/tut_airflow/env_airflow/lib/python3.9/site-packages/airflow/example_dags/plugins/listener_plugin.py for tasks to queue
[2023-04-15T10:54:51.016+0700] {logging_mixin.py:137} INFO - [2023-04-15T10:54:51.016+0700] {dagbag.py:532} INFO - Filling up the DagBag from /home/ahyar/Documents/tut_folder/tut_python/python_script/tut_airflow/env_airflow/lib/python3.9/site-packages/airflow/example_dags/plugins/listener_plugin.py
[2023-04-15T10:54:51.022+0700] {processor.py:755} WARNING - No viable dags retrieved from /home/ahyar/Documents/tut_folder/tut_python/python_script/tut_airflow/env_airflow/lib/python3.9/site-packages/airflow/example_dags/plugins/listener_plugin.py
[2023-04-15T10:54:51.031+0700] {processor.py:175} INFO - Processing /home/ahyar/Documents/tut_folder/tut_python/python_script/tut_airflow/env_airflow/lib/python3.9/site-packages/airflow/example_dags/plugins/listener_plugin.py took 0.023 seconds
[2023-04-15T10:55:36.888+0700] {processor.py:153} INFO - Started process (PID=18358) to work on /home/ahyar/Documents/tut_folder/tut_python/python_script/tut_airflow/env_airflow/lib/python3.9/site-packages/airflow/example_dags/plugins/listener_plugin.py
[2023-04-15T10:55:36.890+0700] {processor.py:743} INFO - Processing file /home/ahyar/Documents/tut_folder/tut_python/python_script/tut_airflow/env_airflow/lib/python3.9/site-packages/airflow/example_dags/plugins/listener_plugin.py for tasks to queue
[2023-04-15T10:55:36.890+0700] {logging_mixin.py:137} INFO - [2023-04-15T10:55:36.890+0700] {dagbag.py:532} INFO - Filling up the DagBag from /home/ahyar/Documents/tut_folder/tut_python/python_script/tut_airflow/env_airflow/lib/python3.9/site-packages/airflow/example_dags/plugins/listener_plugin.py
[2023-04-15T10:55:36.893+0700] {processor.py:755} WARNING - No viable dags retrieved from /home/ahyar/Documents/tut_folder/tut_python/python_script/tut_airflow/env_airflow/lib/python3.9/site-packages/airflow/example_dags/plugins/listener_plugin.py
[2023-04-15T10:55:36.908+0700] {processor.py:175} INFO - Processing /home/ahyar/Documents/tut_folder/tut_python/python_script/tut_airflow/env_airflow/lib/python3.9/site-packages/airflow/example_dags/plugins/listener_plugin.py took 0.026 seconds
[2023-04-15T10:56:20.816+0700] {processor.py:153} INFO - Started process (PID=18467) to work on /home/ahyar/Documents/tut_folder/tut_python/python_script/tut_airflow/env_airflow/lib/python3.9/site-packages/airflow/example_dags/plugins/listener_plugin.py
[2023-04-15T10:56:20.817+0700] {processor.py:743} INFO - Processing file /home/ahyar/Documents/tut_folder/tut_python/python_script/tut_airflow/env_airflow/lib/python3.9/site-packages/airflow/example_dags/plugins/listener_plugin.py for tasks to queue
[2023-04-15T10:56:20.817+0700] {logging_mixin.py:137} INFO - [2023-04-15T10:56:20.817+0700] {dagbag.py:532} INFO - Filling up the DagBag from /home/ahyar/Documents/tut_folder/tut_python/python_script/tut_airflow/env_airflow/lib/python3.9/site-packages/airflow/example_dags/plugins/listener_plugin.py
[2023-04-15T10:56:20.819+0700] {processor.py:755} WARNING - No viable dags retrieved from /home/ahyar/Documents/tut_folder/tut_python/python_script/tut_airflow/env_airflow/lib/python3.9/site-packages/airflow/example_dags/plugins/listener_plugin.py
[2023-04-15T10:56:20.826+0700] {processor.py:175} INFO - Processing /home/ahyar/Documents/tut_folder/tut_python/python_script/tut_airflow/env_airflow/lib/python3.9/site-packages/airflow/example_dags/plugins/listener_plugin.py took 0.013 seconds
[2023-04-15T10:57:01.480+0700] {processor.py:153} INFO - Started process (PID=18540) to work on /home/ahyar/Documents/tut_folder/tut_python/python_script/tut_airflow/env_airflow/lib/python3.9/site-packages/airflow/example_dags/plugins/listener_plugin.py
[2023-04-15T10:57:01.481+0700] {processor.py:743} INFO - Processing file /home/ahyar/Documents/tut_folder/tut_python/python_script/tut_airflow/env_airflow/lib/python3.9/site-packages/airflow/example_dags/plugins/listener_plugin.py for tasks to queue
[2023-04-15T10:57:01.481+0700] {logging_mixin.py:137} INFO - [2023-04-15T10:57:01.481+0700] {dagbag.py:532} INFO - Filling up the DagBag from /home/ahyar/Documents/tut_folder/tut_python/python_script/tut_airflow/env_airflow/lib/python3.9/site-packages/airflow/example_dags/plugins/listener_plugin.py
[2023-04-15T10:57:01.485+0700] {processor.py:755} WARNING - No viable dags retrieved from /home/ahyar/Documents/tut_folder/tut_python/python_script/tut_airflow/env_airflow/lib/python3.9/site-packages/airflow/example_dags/plugins/listener_plugin.py
[2023-04-15T10:57:01.495+0700] {processor.py:175} INFO - Processing /home/ahyar/Documents/tut_folder/tut_python/python_script/tut_airflow/env_airflow/lib/python3.9/site-packages/airflow/example_dags/plugins/listener_plugin.py took 0.017 seconds
[2023-04-15T10:57:46.718+0700] {processor.py:153} INFO - Started process (PID=18618) to work on /home/ahyar/Documents/tut_folder/tut_python/python_script/tut_airflow/env_airflow/lib/python3.9/site-packages/airflow/example_dags/plugins/listener_plugin.py
[2023-04-15T10:57:46.719+0700] {processor.py:743} INFO - Processing file /home/ahyar/Documents/tut_folder/tut_python/python_script/tut_airflow/env_airflow/lib/python3.9/site-packages/airflow/example_dags/plugins/listener_plugin.py for tasks to queue
[2023-04-15T10:57:46.720+0700] {logging_mixin.py:137} INFO - [2023-04-15T10:57:46.720+0700] {dagbag.py:532} INFO - Filling up the DagBag from /home/ahyar/Documents/tut_folder/tut_python/python_script/tut_airflow/env_airflow/lib/python3.9/site-packages/airflow/example_dags/plugins/listener_plugin.py
[2023-04-15T10:57:46.722+0700] {processor.py:755} WARNING - No viable dags retrieved from /home/ahyar/Documents/tut_folder/tut_python/python_script/tut_airflow/env_airflow/lib/python3.9/site-packages/airflow/example_dags/plugins/listener_plugin.py
[2023-04-15T10:57:46.727+0700] {processor.py:175} INFO - Processing /home/ahyar/Documents/tut_folder/tut_python/python_script/tut_airflow/env_airflow/lib/python3.9/site-packages/airflow/example_dags/plugins/listener_plugin.py took 0.012 seconds
[2023-04-15T10:58:34.497+0700] {processor.py:153} INFO - Started process (PID=18713) to work on /home/ahyar/Documents/tut_folder/tut_python/python_script/tut_airflow/env_airflow/lib/python3.9/site-packages/airflow/example_dags/plugins/listener_plugin.py
[2023-04-15T10:58:34.502+0700] {processor.py:743} INFO - Processing file /home/ahyar/Documents/tut_folder/tut_python/python_script/tut_airflow/env_airflow/lib/python3.9/site-packages/airflow/example_dags/plugins/listener_plugin.py for tasks to queue
[2023-04-15T10:58:34.504+0700] {logging_mixin.py:137} INFO - [2023-04-15T10:58:34.504+0700] {dagbag.py:532} INFO - Filling up the DagBag from /home/ahyar/Documents/tut_folder/tut_python/python_script/tut_airflow/env_airflow/lib/python3.9/site-packages/airflow/example_dags/plugins/listener_plugin.py
[2023-04-15T10:58:34.508+0700] {processor.py:755} WARNING - No viable dags retrieved from /home/ahyar/Documents/tut_folder/tut_python/python_script/tut_airflow/env_airflow/lib/python3.9/site-packages/airflow/example_dags/plugins/listener_plugin.py
[2023-04-15T10:58:34.533+0700] {processor.py:175} INFO - Processing /home/ahyar/Documents/tut_folder/tut_python/python_script/tut_airflow/env_airflow/lib/python3.9/site-packages/airflow/example_dags/plugins/listener_plugin.py took 0.039 seconds
[2023-04-15T11:00:16.574+0700] {processor.py:153} INFO - Started process (PID=19802) to work on /home/ahyar/Documents/tut_folder/tut_python/python_script/tut_airflow/env_airflow/lib/python3.9/site-packages/airflow/example_dags/plugins/listener_plugin.py
[2023-04-15T11:00:16.574+0700] {processor.py:743} INFO - Processing file /home/ahyar/Documents/tut_folder/tut_python/python_script/tut_airflow/env_airflow/lib/python3.9/site-packages/airflow/example_dags/plugins/listener_plugin.py for tasks to queue
[2023-04-15T11:00:16.575+0700] {logging_mixin.py:137} INFO - [2023-04-15T11:00:16.575+0700] {dagbag.py:532} INFO - Filling up the DagBag from /home/ahyar/Documents/tut_folder/tut_python/python_script/tut_airflow/env_airflow/lib/python3.9/site-packages/airflow/example_dags/plugins/listener_plugin.py
[2023-04-15T11:00:16.580+0700] {processor.py:755} WARNING - No viable dags retrieved from /home/ahyar/Documents/tut_folder/tut_python/python_script/tut_airflow/env_airflow/lib/python3.9/site-packages/airflow/example_dags/plugins/listener_plugin.py
[2023-04-15T11:00:16.598+0700] {processor.py:175} INFO - Processing /home/ahyar/Documents/tut_folder/tut_python/python_script/tut_airflow/env_airflow/lib/python3.9/site-packages/airflow/example_dags/plugins/listener_plugin.py took 0.030 seconds
[2023-04-15T11:03:57.889+0700] {processor.py:153} INFO - Started process (PID=22353) to work on /home/ahyar/Documents/tut_folder/tut_python/python_script/tut_airflow/env_airflow/lib/python3.9/site-packages/airflow/example_dags/plugins/listener_plugin.py
[2023-04-15T11:03:57.890+0700] {processor.py:743} INFO - Processing file /home/ahyar/Documents/tut_folder/tut_python/python_script/tut_airflow/env_airflow/lib/python3.9/site-packages/airflow/example_dags/plugins/listener_plugin.py for tasks to queue
[2023-04-15T11:03:57.891+0700] {logging_mixin.py:137} INFO - [2023-04-15T11:03:57.891+0700] {dagbag.py:532} INFO - Filling up the DagBag from /home/ahyar/Documents/tut_folder/tut_python/python_script/tut_airflow/env_airflow/lib/python3.9/site-packages/airflow/example_dags/plugins/listener_plugin.py
[2023-04-15T11:03:57.893+0700] {processor.py:755} WARNING - No viable dags retrieved from /home/ahyar/Documents/tut_folder/tut_python/python_script/tut_airflow/env_airflow/lib/python3.9/site-packages/airflow/example_dags/plugins/listener_plugin.py
[2023-04-15T11:03:57.900+0700] {processor.py:175} INFO - Processing /home/ahyar/Documents/tut_folder/tut_python/python_script/tut_airflow/env_airflow/lib/python3.9/site-packages/airflow/example_dags/plugins/listener_plugin.py took 0.014 seconds
