[2023-04-15T10:46:58.478+0700] {processor.py:153} INFO - Started process (PID=16491) to work on /home/ahyar/Documents/tut_folder/tut_python/python_script/tut_airflow/env_airflow/lib/python3.9/site-packages/airflow/example_dags/plugins/workday.py
[2023-04-15T10:46:58.478+0700] {processor.py:743} INFO - Processing file /home/ahyar/Documents/tut_folder/tut_python/python_script/tut_airflow/env_airflow/lib/python3.9/site-packages/airflow/example_dags/plugins/workday.py for tasks to queue
[2023-04-15T10:46:58.479+0700] {logging_mixin.py:137} INFO - [2023-04-15T10:46:58.479+0700] {dagbag.py:532} INFO - Filling up the DagBag from /home/ahyar/Documents/tut_folder/tut_python/python_script/tut_airflow/env_airflow/lib/python3.9/site-packages/airflow/example_dags/plugins/workday.py
[2023-04-15T10:46:58.482+0700] {logging_mixin.py:137} INFO - [2023-04-15T10:46:58.481+0700] {dagbag.py:341} ERROR - Failed to import: /home/ahyar/Documents/tut_folder/tut_python/python_script/tut_airflow/env_airflow/lib/python3.9/site-packages/airflow/example_dags/plugins/workday.py
Traceback (most recent call last):
  File "/home/ahyar/Documents/tut_folder/tut_python/python_script/tut_airflow/env_airflow/lib/python3.9/site-packages/airflow/models/dagbag.py", line 337, in parse
    loader.exec_module(new_module)
  File "<frozen importlib._bootstrap_external>", line 850, in exec_module
  File "<frozen importlib._bootstrap>", line 228, in _call_with_frames_removed
  File "/home/ahyar/Documents/tut_folder/tut_python/python_script/tut_airflow/env_airflow/lib/python3.9/site-packages/airflow/example_dags/plugins/workday.py", line 24, in <module>
    from pandas.tseries.holiday import USFederalHolidayCalendar
ModuleNotFoundError: No module named 'pandas'
[2023-04-15T10:46:58.482+0700] {processor.py:755} WARNING - No viable dags retrieved from /home/ahyar/Documents/tut_folder/tut_python/python_script/tut_airflow/env_airflow/lib/python3.9/site-packages/airflow/example_dags/plugins/workday.py
[2023-04-15T10:46:58.497+0700] {processor.py:175} INFO - Processing /home/ahyar/Documents/tut_folder/tut_python/python_script/tut_airflow/env_airflow/lib/python3.9/site-packages/airflow/example_dags/plugins/workday.py took 0.023 seconds
[2023-04-15T10:47:39.857+0700] {processor.py:153} INFO - Started process (PID=16629) to work on /home/ahyar/Documents/tut_folder/tut_python/python_script/tut_airflow/env_airflow/lib/python3.9/site-packages/airflow/example_dags/plugins/workday.py
[2023-04-15T10:47:39.858+0700] {processor.py:743} INFO - Processing file /home/ahyar/Documents/tut_folder/tut_python/python_script/tut_airflow/env_airflow/lib/python3.9/site-packages/airflow/example_dags/plugins/workday.py for tasks to queue
[2023-04-15T10:47:39.858+0700] {logging_mixin.py:137} INFO - [2023-04-15T10:47:39.858+0700] {dagbag.py:532} INFO - Filling up the DagBag from /home/ahyar/Documents/tut_folder/tut_python/python_script/tut_airflow/env_airflow/lib/python3.9/site-packages/airflow/example_dags/plugins/workday.py
[2023-04-15T10:47:39.860+0700] {logging_mixin.py:137} INFO - [2023-04-15T10:47:39.859+0700] {dagbag.py:341} ERROR - Failed to import: /home/ahyar/Documents/tut_folder/tut_python/python_script/tut_airflow/env_airflow/lib/python3.9/site-packages/airflow/example_dags/plugins/workday.py
Traceback (most recent call last):
  File "/home/ahyar/Documents/tut_folder/tut_python/python_script/tut_airflow/env_airflow/lib/python3.9/site-packages/airflow/models/dagbag.py", line 337, in parse
    loader.exec_module(new_module)
  File "<frozen importlib._bootstrap_external>", line 850, in exec_module
  File "<frozen importlib._bootstrap>", line 228, in _call_with_frames_removed
  File "/home/ahyar/Documents/tut_folder/tut_python/python_script/tut_airflow/env_airflow/lib/python3.9/site-packages/airflow/example_dags/plugins/workday.py", line 24, in <module>
    from pandas.tseries.holiday import USFederalHolidayCalendar
ModuleNotFoundError: No module named 'pandas'
[2023-04-15T10:47:39.860+0700] {processor.py:755} WARNING - No viable dags retrieved from /home/ahyar/Documents/tut_folder/tut_python/python_script/tut_airflow/env_airflow/lib/python3.9/site-packages/airflow/example_dags/plugins/workday.py
[2023-04-15T10:47:39.887+0700] {processor.py:175} INFO - Processing /home/ahyar/Documents/tut_folder/tut_python/python_script/tut_airflow/env_airflow/lib/python3.9/site-packages/airflow/example_dags/plugins/workday.py took 0.036 seconds
[2023-04-15T10:48:51.122+0700] {processor.py:153} INFO - Started process (PID=17171) to work on /home/ahyar/Documents/tut_folder/tut_python/python_script/tut_airflow/env_airflow/lib/python3.9/site-packages/airflow/example_dags/plugins/workday.py
[2023-04-15T10:48:51.123+0700] {processor.py:743} INFO - Processing file /home/ahyar/Documents/tut_folder/tut_python/python_script/tut_airflow/env_airflow/lib/python3.9/site-packages/airflow/example_dags/plugins/workday.py for tasks to queue
[2023-04-15T10:48:51.124+0700] {logging_mixin.py:137} INFO - [2023-04-15T10:48:51.124+0700] {dagbag.py:532} INFO - Filling up the DagBag from /home/ahyar/Documents/tut_folder/tut_python/python_script/tut_airflow/env_airflow/lib/python3.9/site-packages/airflow/example_dags/plugins/workday.py
[2023-04-15T10:48:51.340+0700] {processor.py:755} WARNING - No viable dags retrieved from /home/ahyar/Documents/tut_folder/tut_python/python_script/tut_airflow/env_airflow/lib/python3.9/site-packages/airflow/example_dags/plugins/workday.py
[2023-04-15T10:48:51.383+0700] {processor.py:175} INFO - Processing /home/ahyar/Documents/tut_folder/tut_python/python_script/tut_airflow/env_airflow/lib/python3.9/site-packages/airflow/example_dags/plugins/workday.py took 0.262 seconds
[2023-04-15T10:49:39.750+0700] {processor.py:153} INFO - Started process (PID=17472) to work on /home/ahyar/Documents/tut_folder/tut_python/python_script/tut_airflow/env_airflow/lib/python3.9/site-packages/airflow/example_dags/plugins/workday.py
[2023-04-15T10:49:39.751+0700] {processor.py:743} INFO - Processing file /home/ahyar/Documents/tut_folder/tut_python/python_script/tut_airflow/env_airflow/lib/python3.9/site-packages/airflow/example_dags/plugins/workday.py for tasks to queue
[2023-04-15T10:49:39.752+0700] {logging_mixin.py:137} INFO - [2023-04-15T10:49:39.752+0700] {dagbag.py:532} INFO - Filling up the DagBag from /home/ahyar/Documents/tut_folder/tut_python/python_script/tut_airflow/env_airflow/lib/python3.9/site-packages/airflow/example_dags/plugins/workday.py
[2023-04-15T10:49:41.736+0700] {processor.py:755} WARNING - No viable dags retrieved from /home/ahyar/Documents/tut_folder/tut_python/python_script/tut_airflow/env_airflow/lib/python3.9/site-packages/airflow/example_dags/plugins/workday.py
[2023-04-15T10:49:41.742+0700] {processor.py:175} INFO - Processing /home/ahyar/Documents/tut_folder/tut_python/python_script/tut_airflow/env_airflow/lib/python3.9/site-packages/airflow/example_dags/plugins/workday.py took 2.004 seconds
[2023-04-15T10:50:23.666+0700] {processor.py:153} INFO - Started process (PID=17726) to work on /home/ahyar/Documents/tut_folder/tut_python/python_script/tut_airflow/env_airflow/lib/python3.9/site-packages/airflow/example_dags/plugins/workday.py
[2023-04-15T10:50:23.667+0700] {processor.py:743} INFO - Processing file /home/ahyar/Documents/tut_folder/tut_python/python_script/tut_airflow/env_airflow/lib/python3.9/site-packages/airflow/example_dags/plugins/workday.py for tasks to queue
[2023-04-15T10:50:23.668+0700] {logging_mixin.py:137} INFO - [2023-04-15T10:50:23.668+0700] {dagbag.py:532} INFO - Filling up the DagBag from /home/ahyar/Documents/tut_folder/tut_python/python_script/tut_airflow/env_airflow/lib/python3.9/site-packages/airflow/example_dags/plugins/workday.py
[2023-04-15T10:50:25.094+0700] {processor.py:755} WARNING - No viable dags retrieved from /home/ahyar/Documents/tut_folder/tut_python/python_script/tut_airflow/env_airflow/lib/python3.9/site-packages/airflow/example_dags/plugins/workday.py
[2023-04-15T10:50:25.097+0700] {processor.py:175} INFO - Processing /home/ahyar/Documents/tut_folder/tut_python/python_script/tut_airflow/env_airflow/lib/python3.9/site-packages/airflow/example_dags/plugins/workday.py took 1.435 seconds
[2023-04-15T10:51:06.461+0700] {processor.py:153} INFO - Started process (PID=17780) to work on /home/ahyar/Documents/tut_folder/tut_python/python_script/tut_airflow/env_airflow/lib/python3.9/site-packages/airflow/example_dags/plugins/workday.py
[2023-04-15T10:51:06.462+0700] {processor.py:743} INFO - Processing file /home/ahyar/Documents/tut_folder/tut_python/python_script/tut_airflow/env_airflow/lib/python3.9/site-packages/airflow/example_dags/plugins/workday.py for tasks to queue
[2023-04-15T10:51:06.463+0700] {logging_mixin.py:137} INFO - [2023-04-15T10:51:06.463+0700] {dagbag.py:532} INFO - Filling up the DagBag from /home/ahyar/Documents/tut_folder/tut_python/python_script/tut_airflow/env_airflow/lib/python3.9/site-packages/airflow/example_dags/plugins/workday.py
[2023-04-15T10:51:06.690+0700] {processor.py:755} WARNING - No viable dags retrieved from /home/ahyar/Documents/tut_folder/tut_python/python_script/tut_airflow/env_airflow/lib/python3.9/site-packages/airflow/example_dags/plugins/workday.py
[2023-04-15T10:51:06.694+0700] {processor.py:175} INFO - Processing /home/ahyar/Documents/tut_folder/tut_python/python_script/tut_airflow/env_airflow/lib/python3.9/site-packages/airflow/example_dags/plugins/workday.py took 0.237 seconds
[2023-04-15T10:51:50.131+0700] {processor.py:153} INFO - Started process (PID=17868) to work on /home/ahyar/Documents/tut_folder/tut_python/python_script/tut_airflow/env_airflow/lib/python3.9/site-packages/airflow/example_dags/plugins/workday.py
[2023-04-15T10:51:50.132+0700] {processor.py:743} INFO - Processing file /home/ahyar/Documents/tut_folder/tut_python/python_script/tut_airflow/env_airflow/lib/python3.9/site-packages/airflow/example_dags/plugins/workday.py for tasks to queue
[2023-04-15T10:51:50.133+0700] {logging_mixin.py:137} INFO - [2023-04-15T10:51:50.133+0700] {dagbag.py:532} INFO - Filling up the DagBag from /home/ahyar/Documents/tut_folder/tut_python/python_script/tut_airflow/env_airflow/lib/python3.9/site-packages/airflow/example_dags/plugins/workday.py
[2023-04-15T10:51:50.516+0700] {processor.py:755} WARNING - No viable dags retrieved from /home/ahyar/Documents/tut_folder/tut_python/python_script/tut_airflow/env_airflow/lib/python3.9/site-packages/airflow/example_dags/plugins/workday.py
[2023-04-15T10:51:50.520+0700] {processor.py:175} INFO - Processing /home/ahyar/Documents/tut_folder/tut_python/python_script/tut_airflow/env_airflow/lib/python3.9/site-packages/airflow/example_dags/plugins/workday.py took 0.396 seconds
[2023-04-15T10:52:35.256+0700] {processor.py:153} INFO - Started process (PID=18031) to work on /home/ahyar/Documents/tut_folder/tut_python/python_script/tut_airflow/env_airflow/lib/python3.9/site-packages/airflow/example_dags/plugins/workday.py
[2023-04-15T10:52:35.258+0700] {processor.py:743} INFO - Processing file /home/ahyar/Documents/tut_folder/tut_python/python_script/tut_airflow/env_airflow/lib/python3.9/site-packages/airflow/example_dags/plugins/workday.py for tasks to queue
[2023-04-15T10:52:35.262+0700] {logging_mixin.py:137} INFO - [2023-04-15T10:52:35.261+0700] {dagbag.py:532} INFO - Filling up the DagBag from /home/ahyar/Documents/tut_folder/tut_python/python_script/tut_airflow/env_airflow/lib/python3.9/site-packages/airflow/example_dags/plugins/workday.py
[2023-04-15T10:52:35.900+0700] {processor.py:755} WARNING - No viable dags retrieved from /home/ahyar/Documents/tut_folder/tut_python/python_script/tut_airflow/env_airflow/lib/python3.9/site-packages/airflow/example_dags/plugins/workday.py
[2023-04-15T10:52:35.907+0700] {processor.py:175} INFO - Processing /home/ahyar/Documents/tut_folder/tut_python/python_script/tut_airflow/env_airflow/lib/python3.9/site-packages/airflow/example_dags/plugins/workday.py took 0.655 seconds
[2023-04-15T10:53:23.192+0700] {processor.py:153} INFO - Started process (PID=18147) to work on /home/ahyar/Documents/tut_folder/tut_python/python_script/tut_airflow/env_airflow/lib/python3.9/site-packages/airflow/example_dags/plugins/workday.py
[2023-04-15T10:53:23.193+0700] {processor.py:743} INFO - Processing file /home/ahyar/Documents/tut_folder/tut_python/python_script/tut_airflow/env_airflow/lib/python3.9/site-packages/airflow/example_dags/plugins/workday.py for tasks to queue
[2023-04-15T10:53:23.193+0700] {logging_mixin.py:137} INFO - [2023-04-15T10:53:23.193+0700] {dagbag.py:532} INFO - Filling up the DagBag from /home/ahyar/Documents/tut_folder/tut_python/python_script/tut_airflow/env_airflow/lib/python3.9/site-packages/airflow/example_dags/plugins/workday.py
[2023-04-15T10:53:23.445+0700] {processor.py:755} WARNING - No viable dags retrieved from /home/ahyar/Documents/tut_folder/tut_python/python_script/tut_airflow/env_airflow/lib/python3.9/site-packages/airflow/example_dags/plugins/workday.py
[2023-04-15T10:53:23.450+0700] {processor.py:175} INFO - Processing /home/ahyar/Documents/tut_folder/tut_python/python_script/tut_airflow/env_airflow/lib/python3.9/site-packages/airflow/example_dags/plugins/workday.py took 0.260 seconds
[2023-04-15T10:54:08.121+0700] {processor.py:153} INFO - Started process (PID=18219) to work on /home/ahyar/Documents/tut_folder/tut_python/python_script/tut_airflow/env_airflow/lib/python3.9/site-packages/airflow/example_dags/plugins/workday.py
[2023-04-15T10:54:08.122+0700] {processor.py:743} INFO - Processing file /home/ahyar/Documents/tut_folder/tut_python/python_script/tut_airflow/env_airflow/lib/python3.9/site-packages/airflow/example_dags/plugins/workday.py for tasks to queue
[2023-04-15T10:54:08.123+0700] {logging_mixin.py:137} INFO - [2023-04-15T10:54:08.122+0700] {dagbag.py:532} INFO - Filling up the DagBag from /home/ahyar/Documents/tut_folder/tut_python/python_script/tut_airflow/env_airflow/lib/python3.9/site-packages/airflow/example_dags/plugins/workday.py
[2023-04-15T10:54:08.379+0700] {processor.py:755} WARNING - No viable dags retrieved from /home/ahyar/Documents/tut_folder/tut_python/python_script/tut_airflow/env_airflow/lib/python3.9/site-packages/airflow/example_dags/plugins/workday.py
[2023-04-15T10:54:08.384+0700] {processor.py:175} INFO - Processing /home/ahyar/Documents/tut_folder/tut_python/python_script/tut_airflow/env_airflow/lib/python3.9/site-packages/airflow/example_dags/plugins/workday.py took 0.264 seconds
[2023-04-15T10:54:52.195+0700] {processor.py:153} INFO - Started process (PID=18307) to work on /home/ahyar/Documents/tut_folder/tut_python/python_script/tut_airflow/env_airflow/lib/python3.9/site-packages/airflow/example_dags/plugins/workday.py
[2023-04-15T10:54:52.197+0700] {processor.py:743} INFO - Processing file /home/ahyar/Documents/tut_folder/tut_python/python_script/tut_airflow/env_airflow/lib/python3.9/site-packages/airflow/example_dags/plugins/workday.py for tasks to queue
[2023-04-15T10:54:52.199+0700] {logging_mixin.py:137} INFO - [2023-04-15T10:54:52.199+0700] {dagbag.py:532} INFO - Filling up the DagBag from /home/ahyar/Documents/tut_folder/tut_python/python_script/tut_airflow/env_airflow/lib/python3.9/site-packages/airflow/example_dags/plugins/workday.py
[2023-04-15T10:54:53.276+0700] {processor.py:755} WARNING - No viable dags retrieved from /home/ahyar/Documents/tut_folder/tut_python/python_script/tut_airflow/env_airflow/lib/python3.9/site-packages/airflow/example_dags/plugins/workday.py
[2023-04-15T10:54:53.284+0700] {processor.py:175} INFO - Processing /home/ahyar/Documents/tut_folder/tut_python/python_script/tut_airflow/env_airflow/lib/python3.9/site-packages/airflow/example_dags/plugins/workday.py took 1.093 seconds
[2023-04-15T10:55:37.859+0700] {processor.py:153} INFO - Started process (PID=18360) to work on /home/ahyar/Documents/tut_folder/tut_python/python_script/tut_airflow/env_airflow/lib/python3.9/site-packages/airflow/example_dags/plugins/workday.py
[2023-04-15T10:55:37.861+0700] {processor.py:743} INFO - Processing file /home/ahyar/Documents/tut_folder/tut_python/python_script/tut_airflow/env_airflow/lib/python3.9/site-packages/airflow/example_dags/plugins/workday.py for tasks to queue
[2023-04-15T10:55:37.861+0700] {logging_mixin.py:137} INFO - [2023-04-15T10:55:37.861+0700] {dagbag.py:532} INFO - Filling up the DagBag from /home/ahyar/Documents/tut_folder/tut_python/python_script/tut_airflow/env_airflow/lib/python3.9/site-packages/airflow/example_dags/plugins/workday.py
[2023-04-15T10:55:38.224+0700] {processor.py:755} WARNING - No viable dags retrieved from /home/ahyar/Documents/tut_folder/tut_python/python_script/tut_airflow/env_airflow/lib/python3.9/site-packages/airflow/example_dags/plugins/workday.py
[2023-04-15T10:55:38.231+0700] {processor.py:175} INFO - Processing /home/ahyar/Documents/tut_folder/tut_python/python_script/tut_airflow/env_airflow/lib/python3.9/site-packages/airflow/example_dags/plugins/workday.py took 0.377 seconds
[2023-04-15T10:56:21.049+0700] {processor.py:153} INFO - Started process (PID=18468) to work on /home/ahyar/Documents/tut_folder/tut_python/python_script/tut_airflow/env_airflow/lib/python3.9/site-packages/airflow/example_dags/plugins/workday.py
[2023-04-15T10:56:21.050+0700] {processor.py:743} INFO - Processing file /home/ahyar/Documents/tut_folder/tut_python/python_script/tut_airflow/env_airflow/lib/python3.9/site-packages/airflow/example_dags/plugins/workday.py for tasks to queue
[2023-04-15T10:56:21.051+0700] {logging_mixin.py:137} INFO - [2023-04-15T10:56:21.050+0700] {dagbag.py:532} INFO - Filling up the DagBag from /home/ahyar/Documents/tut_folder/tut_python/python_script/tut_airflow/env_airflow/lib/python3.9/site-packages/airflow/example_dags/plugins/workday.py
[2023-04-15T10:56:21.275+0700] {processor.py:755} WARNING - No viable dags retrieved from /home/ahyar/Documents/tut_folder/tut_python/python_script/tut_airflow/env_airflow/lib/python3.9/site-packages/airflow/example_dags/plugins/workday.py
[2023-04-15T10:56:21.279+0700] {processor.py:175} INFO - Processing /home/ahyar/Documents/tut_folder/tut_python/python_script/tut_airflow/env_airflow/lib/python3.9/site-packages/airflow/example_dags/plugins/workday.py took 0.233 seconds
[2023-04-15T10:57:02.636+0700] {processor.py:153} INFO - Started process (PID=18544) to work on /home/ahyar/Documents/tut_folder/tut_python/python_script/tut_airflow/env_airflow/lib/python3.9/site-packages/airflow/example_dags/plugins/workday.py
[2023-04-15T10:57:02.637+0700] {processor.py:743} INFO - Processing file /home/ahyar/Documents/tut_folder/tut_python/python_script/tut_airflow/env_airflow/lib/python3.9/site-packages/airflow/example_dags/plugins/workday.py for tasks to queue
[2023-04-15T10:57:02.637+0700] {logging_mixin.py:137} INFO - [2023-04-15T10:57:02.637+0700] {dagbag.py:532} INFO - Filling up the DagBag from /home/ahyar/Documents/tut_folder/tut_python/python_script/tut_airflow/env_airflow/lib/python3.9/site-packages/airflow/example_dags/plugins/workday.py
[2023-04-15T10:57:03.136+0700] {processor.py:755} WARNING - No viable dags retrieved from /home/ahyar/Documents/tut_folder/tut_python/python_script/tut_airflow/env_airflow/lib/python3.9/site-packages/airflow/example_dags/plugins/workday.py
[2023-04-15T10:57:03.140+0700] {processor.py:175} INFO - Processing /home/ahyar/Documents/tut_folder/tut_python/python_script/tut_airflow/env_airflow/lib/python3.9/site-packages/airflow/example_dags/plugins/workday.py took 0.507 seconds
[2023-04-15T10:57:47.173+0700] {processor.py:153} INFO - Started process (PID=18619) to work on /home/ahyar/Documents/tut_folder/tut_python/python_script/tut_airflow/env_airflow/lib/python3.9/site-packages/airflow/example_dags/plugins/workday.py
[2023-04-15T10:57:47.174+0700] {processor.py:743} INFO - Processing file /home/ahyar/Documents/tut_folder/tut_python/python_script/tut_airflow/env_airflow/lib/python3.9/site-packages/airflow/example_dags/plugins/workday.py for tasks to queue
[2023-04-15T10:57:47.174+0700] {logging_mixin.py:137} INFO - [2023-04-15T10:57:47.174+0700] {dagbag.py:532} INFO - Filling up the DagBag from /home/ahyar/Documents/tut_folder/tut_python/python_script/tut_airflow/env_airflow/lib/python3.9/site-packages/airflow/example_dags/plugins/workday.py
[2023-04-15T10:57:47.643+0700] {processor.py:755} WARNING - No viable dags retrieved from /home/ahyar/Documents/tut_folder/tut_python/python_script/tut_airflow/env_airflow/lib/python3.9/site-packages/airflow/example_dags/plugins/workday.py
[2023-04-15T10:57:47.647+0700] {processor.py:175} INFO - Processing /home/ahyar/Documents/tut_folder/tut_python/python_script/tut_airflow/env_airflow/lib/python3.9/site-packages/airflow/example_dags/plugins/workday.py took 0.480 seconds
[2023-04-15T10:58:34.878+0700] {processor.py:153} INFO - Started process (PID=18725) to work on /home/ahyar/Documents/tut_folder/tut_python/python_script/tut_airflow/env_airflow/lib/python3.9/site-packages/airflow/example_dags/plugins/workday.py
[2023-04-15T10:58:34.879+0700] {processor.py:743} INFO - Processing file /home/ahyar/Documents/tut_folder/tut_python/python_script/tut_airflow/env_airflow/lib/python3.9/site-packages/airflow/example_dags/plugins/workday.py for tasks to queue
[2023-04-15T10:58:34.880+0700] {logging_mixin.py:137} INFO - [2023-04-15T10:58:34.880+0700] {dagbag.py:532} INFO - Filling up the DagBag from /home/ahyar/Documents/tut_folder/tut_python/python_script/tut_airflow/env_airflow/lib/python3.9/site-packages/airflow/example_dags/plugins/workday.py
[2023-04-15T10:58:35.487+0700] {processor.py:755} WARNING - No viable dags retrieved from /home/ahyar/Documents/tut_folder/tut_python/python_script/tut_airflow/env_airflow/lib/python3.9/site-packages/airflow/example_dags/plugins/workday.py
[2023-04-15T10:58:35.494+0700] {processor.py:175} INFO - Processing /home/ahyar/Documents/tut_folder/tut_python/python_script/tut_airflow/env_airflow/lib/python3.9/site-packages/airflow/example_dags/plugins/workday.py took 0.620 seconds
[2023-04-15T11:00:17.772+0700] {processor.py:153} INFO - Started process (PID=19832) to work on /home/ahyar/Documents/tut_folder/tut_python/python_script/tut_airflow/env_airflow/lib/python3.9/site-packages/airflow/example_dags/plugins/workday.py
[2023-04-15T11:00:17.777+0700] {processor.py:743} INFO - Processing file /home/ahyar/Documents/tut_folder/tut_python/python_script/tut_airflow/env_airflow/lib/python3.9/site-packages/airflow/example_dags/plugins/workday.py for tasks to queue
[2023-04-15T11:00:17.780+0700] {logging_mixin.py:137} INFO - [2023-04-15T11:00:17.780+0700] {dagbag.py:532} INFO - Filling up the DagBag from /home/ahyar/Documents/tut_folder/tut_python/python_script/tut_airflow/env_airflow/lib/python3.9/site-packages/airflow/example_dags/plugins/workday.py
[2023-04-15T11:00:18.866+0700] {processor.py:755} WARNING - No viable dags retrieved from /home/ahyar/Documents/tut_folder/tut_python/python_script/tut_airflow/env_airflow/lib/python3.9/site-packages/airflow/example_dags/plugins/workday.py
[2023-04-15T11:00:18.873+0700] {processor.py:175} INFO - Processing /home/ahyar/Documents/tut_folder/tut_python/python_script/tut_airflow/env_airflow/lib/python3.9/site-packages/airflow/example_dags/plugins/workday.py took 1.105 seconds
[2023-04-15T11:04:03.327+0700] {processor.py:153} INFO - Started process (PID=22438) to work on /home/ahyar/Documents/tut_folder/tut_python/python_script/tut_airflow/env_airflow/lib/python3.9/site-packages/airflow/example_dags/plugins/workday.py
[2023-04-15T11:04:03.328+0700] {processor.py:743} INFO - Processing file /home/ahyar/Documents/tut_folder/tut_python/python_script/tut_airflow/env_airflow/lib/python3.9/site-packages/airflow/example_dags/plugins/workday.py for tasks to queue
[2023-04-15T11:04:03.328+0700] {logging_mixin.py:137} INFO - [2023-04-15T11:04:03.328+0700] {dagbag.py:532} INFO - Filling up the DagBag from /home/ahyar/Documents/tut_folder/tut_python/python_script/tut_airflow/env_airflow/lib/python3.9/site-packages/airflow/example_dags/plugins/workday.py
[2023-04-15T11:04:03.575+0700] {processor.py:755} WARNING - No viable dags retrieved from /home/ahyar/Documents/tut_folder/tut_python/python_script/tut_airflow/env_airflow/lib/python3.9/site-packages/airflow/example_dags/plugins/workday.py
[2023-04-15T11:04:03.579+0700] {processor.py:175} INFO - Processing /home/ahyar/Documents/tut_folder/tut_python/python_script/tut_airflow/env_airflow/lib/python3.9/site-packages/airflow/example_dags/plugins/workday.py took 0.254 seconds
