[2023-04-15T11:00:02.086+0700] {taskinstance.py:1090} INFO - Dependencies all met for dep_context=non-requeueable deps ti=<TaskInstance: our_first_dag_v5.thrid_task scheduled__2021-08-02T00:00:00+00:00 [queued]>
[2023-04-15T11:00:02.095+0700] {taskinstance.py:1090} INFO - Dependencies all met for dep_context=requeueable deps ti=<TaskInstance: our_first_dag_v5.thrid_task scheduled__2021-08-02T00:00:00+00:00 [queued]>
[2023-04-15T11:00:02.095+0700] {taskinstance.py:1288} INFO - 
--------------------------------------------------------------------------------
[2023-04-15T11:00:02.095+0700] {taskinstance.py:1289} INFO - Starting attempt 1 of 6
[2023-04-15T11:00:02.095+0700] {taskinstance.py:1290} INFO - 
--------------------------------------------------------------------------------
[2023-04-15T11:00:02.111+0700] {taskinstance.py:1309} INFO - Executing <Task(BashOperator): thrid_task> on 2021-08-02 00:00:00+00:00
[2023-04-15T11:00:02.113+0700] {standard_task_runner.py:55} INFO - Started process 19617 to run task
[2023-04-15T11:00:02.116+0700] {standard_task_runner.py:82} INFO - Running: ['airflow', 'tasks', 'run', 'our_first_dag_v5', 'thrid_task', 'scheduled__2021-08-02T00:00:00+00:00', '--job-id', '18', '--raw', '--subdir', 'DAGS_FOLDER/first_dag.py', '--cfg-path', '/tmp/tmp42nyn40k']
[2023-04-15T11:00:02.118+0700] {standard_task_runner.py:83} INFO - Job 18: Subtask thrid_task
[2023-04-15T11:00:02.309+0700] {task_command.py:389} INFO - Running <TaskInstance: our_first_dag_v5.thrid_task scheduled__2021-08-02T00:00:00+00:00 [running]> on host ahyar-Aspire-A514-54
[2023-04-15T11:00:02.364+0700] {taskinstance.py:1516} INFO - Exporting the following env vars:
AIRFLOW_CTX_DAG_OWNER=coder2j
AIRFLOW_CTX_DAG_ID=our_first_dag_v5
AIRFLOW_CTX_TASK_ID=thrid_task
AIRFLOW_CTX_EXECUTION_DATE=2021-08-02T00:00:00+00:00
AIRFLOW_CTX_TRY_NUMBER=1
AIRFLOW_CTX_DAG_RUN_ID=scheduled__2021-08-02T00:00:00+00:00
[2023-04-15T11:00:02.364+0700] {subprocess.py:63} INFO - Tmp dir root location: 
 /tmp
[2023-04-15T11:00:02.365+0700] {subprocess.py:75} INFO - Running command: ['/usr/bin/bash', '-c', 'echo hey, I am task3 and will be running after task1 at the same time as task2!']
[2023-04-15T11:00:02.376+0700] {subprocess.py:86} INFO - Output:
[2023-04-15T11:00:02.378+0700] {subprocess.py:93} INFO - hey, I am task3 and will be running after task1 at the same time as task2!
[2023-04-15T11:00:02.378+0700] {subprocess.py:97} INFO - Command exited with return code 0
[2023-04-15T11:00:02.395+0700] {taskinstance.py:1327} INFO - Marking task as SUCCESS. dag_id=our_first_dag_v5, task_id=thrid_task, execution_date=20210802T000000, start_date=20230415T040002, end_date=20230415T040002
[2023-04-15T11:00:02.410+0700] {local_task_job.py:212} INFO - Task exited with return code 0
[2023-04-15T11:00:02.517+0700] {taskinstance.py:2596} INFO - 0 downstream tasks scheduled from follow-on schedule check
