[2023-07-23T13:24:56.088+0700] {taskinstance.py:1090} INFO - Dependencies all met for dep_context=non-requeueable deps ti=<TaskInstance: dag_with_taskflow_api_v2.get_name scheduled__2023-04-22T00:00:00+00:00 [queued]>
[2023-07-23T13:24:56.093+0700] {taskinstance.py:1090} INFO - Dependencies all met for dep_context=requeueable deps ti=<TaskInstance: dag_with_taskflow_api_v2.get_name scheduled__2023-04-22T00:00:00+00:00 [queued]>
[2023-07-23T13:24:56.093+0700] {taskinstance.py:1288} INFO - 
--------------------------------------------------------------------------------
[2023-07-23T13:24:56.093+0700] {taskinstance.py:1289} INFO - Starting attempt 1 of 6
[2023-07-23T13:24:56.093+0700] {taskinstance.py:1290} INFO - 
--------------------------------------------------------------------------------
[2023-07-23T13:24:56.106+0700] {taskinstance.py:1309} INFO - Executing <Task(_PythonDecoratedOperator): get_name> on 2023-04-22 00:00:00+00:00
[2023-07-23T13:24:56.108+0700] {standard_task_runner.py:55} INFO - Started process 10802 to run task
[2023-07-23T13:24:56.110+0700] {standard_task_runner.py:82} INFO - Running: ['airflow', 'tasks', 'run', 'dag_with_taskflow_api_v2', 'get_name', 'scheduled__2023-04-22T00:00:00+00:00', '--job-id', '300', '--raw', '--subdir', 'DAGS_FOLDER/dag_taskflow_api.py', '--cfg-path', '/tmp/tmpc8juxj3x']
[2023-07-23T13:24:56.110+0700] {standard_task_runner.py:83} INFO - Job 300: Subtask get_name
[2023-07-23T13:24:56.135+0700] {task_command.py:389} INFO - Running <TaskInstance: dag_with_taskflow_api_v2.get_name scheduled__2023-04-22T00:00:00+00:00 [running]> on host ahyar-Aspire-A514-54
[2023-07-23T13:24:56.169+0700] {taskinstance.py:1516} INFO - Exporting the following env vars:
AIRFLOW_CTX_DAG_OWNER=ahyar
AIRFLOW_CTX_DAG_ID=dag_with_taskflow_api_v2
AIRFLOW_CTX_TASK_ID=get_name
AIRFLOW_CTX_EXECUTION_DATE=2023-04-22T00:00:00+00:00
AIRFLOW_CTX_TRY_NUMBER=1
AIRFLOW_CTX_DAG_RUN_ID=scheduled__2023-04-22T00:00:00+00:00
[2023-07-23T13:24:56.170+0700] {python.py:177} INFO - Done. Returned value was: {'first_name': 'jerry', 'last_name': 'Tome'}
[2023-07-23T13:24:56.194+0700] {taskinstance.py:1327} INFO - Marking task as SUCCESS. dag_id=dag_with_taskflow_api_v2, task_id=get_name, execution_date=20230422T000000, start_date=20230723T062456, end_date=20230723T062456
[2023-07-23T13:24:56.241+0700] {local_task_job.py:212} INFO - Task exited with return code 0
[2023-07-23T13:24:56.262+0700] {taskinstance.py:2596} INFO - 0 downstream tasks scheduled from follow-on schedule check
