[2023-07-23T13:24:23.575+0700] {taskinstance.py:1090} INFO - Dependencies all met for dep_context=non-requeueable deps ti=<TaskInstance: dag_with_taskflow_api_v2.get_name scheduled__2023-04-19T00:00:00+00:00 [queued]>
[2023-07-23T13:24:23.578+0700] {taskinstance.py:1090} INFO - Dependencies all met for dep_context=requeueable deps ti=<TaskInstance: dag_with_taskflow_api_v2.get_name scheduled__2023-04-19T00:00:00+00:00 [queued]>
[2023-07-23T13:24:23.579+0700] {taskinstance.py:1288} INFO - 
--------------------------------------------------------------------------------
[2023-07-23T13:24:23.579+0700] {taskinstance.py:1289} INFO - Starting attempt 1 of 6
[2023-07-23T13:24:23.579+0700] {taskinstance.py:1290} INFO - 
--------------------------------------------------------------------------------
[2023-07-23T13:24:23.590+0700] {taskinstance.py:1309} INFO - Executing <Task(_PythonDecoratedOperator): get_name> on 2023-04-19 00:00:00+00:00
[2023-07-23T13:24:23.592+0700] {standard_task_runner.py:55} INFO - Started process 10395 to run task
[2023-07-23T13:24:23.593+0700] {standard_task_runner.py:82} INFO - Running: ['airflow', 'tasks', 'run', 'dag_with_taskflow_api_v2', 'get_name', 'scheduled__2023-04-19T00:00:00+00:00', '--job-id', '273', '--raw', '--subdir', 'DAGS_FOLDER/dag_taskflow_api.py', '--cfg-path', '/tmp/tmpytm378bz']
[2023-07-23T13:24:23.594+0700] {standard_task_runner.py:83} INFO - Job 273: Subtask get_name
[2023-07-23T13:24:23.619+0700] {task_command.py:389} INFO - Running <TaskInstance: dag_with_taskflow_api_v2.get_name scheduled__2023-04-19T00:00:00+00:00 [running]> on host ahyar-Aspire-A514-54
[2023-07-23T13:24:23.652+0700] {taskinstance.py:1516} INFO - Exporting the following env vars:
AIRFLOW_CTX_DAG_OWNER=ahyar
AIRFLOW_CTX_DAG_ID=dag_with_taskflow_api_v2
AIRFLOW_CTX_TASK_ID=get_name
AIRFLOW_CTX_EXECUTION_DATE=2023-04-19T00:00:00+00:00
AIRFLOW_CTX_TRY_NUMBER=1
AIRFLOW_CTX_DAG_RUN_ID=scheduled__2023-04-19T00:00:00+00:00
[2023-07-23T13:24:23.653+0700] {python.py:177} INFO - Done. Returned value was: {'first_name': 'jerry', 'last_name': 'Tome'}
[2023-07-23T13:24:23.679+0700] {taskinstance.py:1327} INFO - Marking task as SUCCESS. dag_id=dag_with_taskflow_api_v2, task_id=get_name, execution_date=20230419T000000, start_date=20230723T062423, end_date=20230723T062423
[2023-07-23T13:24:23.725+0700] {local_task_job.py:212} INFO - Task exited with return code 0
[2023-07-23T13:24:23.745+0700] {taskinstance.py:2596} INFO - 0 downstream tasks scheduled from follow-on schedule check
