[2023-07-23T13:23:51.405+0700] {processor.py:153} INFO - Started process (PID=9978) to work on /home/ahyar/Documents/tut_folder/tut_python/python_script/tut_airflow/dags/dag_taskflow_api.py
[2023-07-23T13:23:51.406+0700] {processor.py:743} INFO - Processing file /home/ahyar/Documents/tut_folder/tut_python/python_script/tut_airflow/dags/dag_taskflow_api.py for tasks to queue
[2023-07-23T13:23:51.406+0700] {logging_mixin.py:137} INFO - [2023-07-23T13:23:51.406+0700] {dagbag.py:532} INFO - Filling up the DagBag from /home/ahyar/Documents/tut_folder/tut_python/python_script/tut_airflow/dags/dag_taskflow_api.py
[2023-07-23T13:23:51.422+0700] {logging_mixin.py:137} INFO - [2023-07-23T13:23:51.422+0700] {taskmixin.py:211} WARNING - Dependency <Task(_PythonDecoratedOperator): get_name>, greet already registered for DAG: dag_with_taskflow_api_v2
[2023-07-23T13:23:51.422+0700] {logging_mixin.py:137} INFO - [2023-07-23T13:23:51.422+0700] {taskmixin.py:211} WARNING - Dependency <Task(_PythonDecoratedOperator): greet>, get_name already registered for DAG: dag_with_taskflow_api_v2
[2023-07-23T13:23:51.431+0700] {processor.py:753} INFO - DAG(s) dict_keys(['dag_with_taskflow_api_v2']) retrieved from /home/ahyar/Documents/tut_folder/tut_python/python_script/tut_airflow/dags/dag_taskflow_api.py
[2023-07-23T13:23:51.444+0700] {logging_mixin.py:137} INFO - [2023-07-23T13:23:51.444+0700] {dag.py:2705} INFO - Sync 1 DAGs
[2023-07-23T13:23:51.456+0700] {logging_mixin.py:137} INFO - [2023-07-23T13:23:51.456+0700] {dag.py:3452} INFO - Setting next_dagrun for dag_with_taskflow_api_v2 to 2023-04-16T00:00:00+00:00, run_after=2023-04-17T00:00:00+00:00
[2023-07-23T13:23:51.501+0700] {processor.py:175} INFO - Processing /home/ahyar/Documents/tut_folder/tut_python/python_script/tut_airflow/dags/dag_taskflow_api.py took 0.097 seconds
[2023-07-23T13:24:26.395+0700] {processor.py:153} INFO - Started process (PID=10436) to work on /home/ahyar/Documents/tut_folder/tut_python/python_script/tut_airflow/dags/dag_taskflow_api.py
[2023-07-23T13:24:26.396+0700] {processor.py:743} INFO - Processing file /home/ahyar/Documents/tut_folder/tut_python/python_script/tut_airflow/dags/dag_taskflow_api.py for tasks to queue
[2023-07-23T13:24:26.396+0700] {logging_mixin.py:137} INFO - [2023-07-23T13:24:26.396+0700] {dagbag.py:532} INFO - Filling up the DagBag from /home/ahyar/Documents/tut_folder/tut_python/python_script/tut_airflow/dags/dag_taskflow_api.py
[2023-07-23T13:24:26.412+0700] {logging_mixin.py:137} INFO - [2023-07-23T13:24:26.412+0700] {taskmixin.py:211} WARNING - Dependency <Task(_PythonDecoratedOperator): get_name>, greet already registered for DAG: dag_with_taskflow_api_v2
[2023-07-23T13:24:26.412+0700] {logging_mixin.py:137} INFO - [2023-07-23T13:24:26.412+0700] {taskmixin.py:211} WARNING - Dependency <Task(_PythonDecoratedOperator): greet>, get_name already registered for DAG: dag_with_taskflow_api_v2
[2023-07-23T13:24:26.415+0700] {processor.py:753} INFO - DAG(s) dict_keys(['dag_with_taskflow_api_v2']) retrieved from /home/ahyar/Documents/tut_folder/tut_python/python_script/tut_airflow/dags/dag_taskflow_api.py
[2023-07-23T13:24:26.428+0700] {logging_mixin.py:137} INFO - [2023-07-23T13:24:26.428+0700] {dag.py:2705} INFO - Sync 1 DAGs
[2023-07-23T13:24:26.443+0700] {logging_mixin.py:137} INFO - [2023-07-23T13:24:26.443+0700] {dag.py:3452} INFO - Setting next_dagrun for dag_with_taskflow_api_v2 to 2023-04-20T00:00:00+00:00, run_after=2023-04-21T00:00:00+00:00
[2023-07-23T13:24:26.462+0700] {processor.py:175} INFO - Processing /home/ahyar/Documents/tut_folder/tut_python/python_script/tut_airflow/dags/dag_taskflow_api.py took 0.069 seconds
[2023-07-23T13:24:57.841+0700] {processor.py:153} INFO - Started process (PID=10822) to work on /home/ahyar/Documents/tut_folder/tut_python/python_script/tut_airflow/dags/dag_taskflow_api.py
[2023-07-23T13:24:57.842+0700] {processor.py:743} INFO - Processing file /home/ahyar/Documents/tut_folder/tut_python/python_script/tut_airflow/dags/dag_taskflow_api.py for tasks to queue
[2023-07-23T13:24:57.843+0700] {logging_mixin.py:137} INFO - [2023-07-23T13:24:57.842+0700] {dagbag.py:532} INFO - Filling up the DagBag from /home/ahyar/Documents/tut_folder/tut_python/python_script/tut_airflow/dags/dag_taskflow_api.py
[2023-07-23T13:24:57.855+0700] {logging_mixin.py:137} INFO - [2023-07-23T13:24:57.855+0700] {taskmixin.py:211} WARNING - Dependency <Task(_PythonDecoratedOperator): get_name>, greet already registered for DAG: dag_with_taskflow_api_v2
[2023-07-23T13:24:57.855+0700] {logging_mixin.py:137} INFO - [2023-07-23T13:24:57.855+0700] {taskmixin.py:211} WARNING - Dependency <Task(_PythonDecoratedOperator): greet>, get_name already registered for DAG: dag_with_taskflow_api_v2
[2023-07-23T13:24:57.859+0700] {processor.py:753} INFO - DAG(s) dict_keys(['dag_with_taskflow_api_v2']) retrieved from /home/ahyar/Documents/tut_folder/tut_python/python_script/tut_airflow/dags/dag_taskflow_api.py
[2023-07-23T13:24:57.870+0700] {logging_mixin.py:137} INFO - [2023-07-23T13:24:57.870+0700] {dag.py:2705} INFO - Sync 1 DAGs
[2023-07-23T13:24:57.882+0700] {logging_mixin.py:137} INFO - [2023-07-23T13:24:57.881+0700] {dag.py:3452} INFO - Setting next_dagrun for dag_with_taskflow_api_v2 to 2023-04-23T00:00:00+00:00, run_after=2023-04-24T00:00:00+00:00
[2023-07-23T13:24:57.895+0700] {processor.py:175} INFO - Processing /home/ahyar/Documents/tut_folder/tut_python/python_script/tut_airflow/dags/dag_taskflow_api.py took 0.056 seconds
[2023-07-23T13:25:32.347+0700] {processor.py:153} INFO - Started process (PID=11186) to work on /home/ahyar/Documents/tut_folder/tut_python/python_script/tut_airflow/dags/dag_taskflow_api.py
[2023-07-23T13:25:32.348+0700] {processor.py:743} INFO - Processing file /home/ahyar/Documents/tut_folder/tut_python/python_script/tut_airflow/dags/dag_taskflow_api.py for tasks to queue
[2023-07-23T13:25:32.348+0700] {logging_mixin.py:137} INFO - [2023-07-23T13:25:32.348+0700] {dagbag.py:532} INFO - Filling up the DagBag from /home/ahyar/Documents/tut_folder/tut_python/python_script/tut_airflow/dags/dag_taskflow_api.py
[2023-07-23T13:25:32.359+0700] {logging_mixin.py:137} INFO - [2023-07-23T13:25:32.359+0700] {taskmixin.py:211} WARNING - Dependency <Task(_PythonDecoratedOperator): get_name>, greet already registered for DAG: dag_with_taskflow_api_v2
[2023-07-23T13:25:32.359+0700] {logging_mixin.py:137} INFO - [2023-07-23T13:25:32.359+0700] {taskmixin.py:211} WARNING - Dependency <Task(_PythonDecoratedOperator): greet>, get_name already registered for DAG: dag_with_taskflow_api_v2
[2023-07-23T13:25:32.362+0700] {processor.py:753} INFO - DAG(s) dict_keys(['dag_with_taskflow_api_v2']) retrieved from /home/ahyar/Documents/tut_folder/tut_python/python_script/tut_airflow/dags/dag_taskflow_api.py
[2023-07-23T13:25:32.371+0700] {logging_mixin.py:137} INFO - [2023-07-23T13:25:32.371+0700] {dag.py:2705} INFO - Sync 1 DAGs
[2023-07-23T13:25:32.383+0700] {logging_mixin.py:137} INFO - [2023-07-23T13:25:32.383+0700] {dag.py:3452} INFO - Setting next_dagrun for dag_with_taskflow_api_v2 to 2023-04-26T00:00:00+00:00, run_after=2023-04-27T00:00:00+00:00
[2023-07-23T13:25:32.396+0700] {processor.py:175} INFO - Processing /home/ahyar/Documents/tut_folder/tut_python/python_script/tut_airflow/dags/dag_taskflow_api.py took 0.051 seconds
[2023-07-23T13:26:06.248+0700] {processor.py:153} INFO - Started process (PID=11651) to work on /home/ahyar/Documents/tut_folder/tut_python/python_script/tut_airflow/dags/dag_taskflow_api.py
[2023-07-23T13:26:06.248+0700] {processor.py:743} INFO - Processing file /home/ahyar/Documents/tut_folder/tut_python/python_script/tut_airflow/dags/dag_taskflow_api.py for tasks to queue
[2023-07-23T13:26:06.249+0700] {logging_mixin.py:137} INFO - [2023-07-23T13:26:06.249+0700] {dagbag.py:532} INFO - Filling up the DagBag from /home/ahyar/Documents/tut_folder/tut_python/python_script/tut_airflow/dags/dag_taskflow_api.py
[2023-07-23T13:26:06.260+0700] {logging_mixin.py:137} INFO - [2023-07-23T13:26:06.259+0700] {taskmixin.py:211} WARNING - Dependency <Task(_PythonDecoratedOperator): get_name>, greet already registered for DAG: dag_with_taskflow_api_v2
[2023-07-23T13:26:06.260+0700] {logging_mixin.py:137} INFO - [2023-07-23T13:26:06.260+0700] {taskmixin.py:211} WARNING - Dependency <Task(_PythonDecoratedOperator): greet>, get_name already registered for DAG: dag_with_taskflow_api_v2
[2023-07-23T13:26:06.263+0700] {processor.py:753} INFO - DAG(s) dict_keys(['dag_with_taskflow_api_v2']) retrieved from /home/ahyar/Documents/tut_folder/tut_python/python_script/tut_airflow/dags/dag_taskflow_api.py
[2023-07-23T13:26:06.272+0700] {logging_mixin.py:137} INFO - [2023-07-23T13:26:06.272+0700] {dag.py:2705} INFO - Sync 1 DAGs
[2023-07-23T13:26:06.284+0700] {logging_mixin.py:137} INFO - [2023-07-23T13:26:06.284+0700] {dag.py:3452} INFO - Setting next_dagrun for dag_with_taskflow_api_v2 to 2023-04-29T00:00:00+00:00, run_after=2023-04-30T00:00:00+00:00
[2023-07-23T13:26:06.299+0700] {processor.py:175} INFO - Processing /home/ahyar/Documents/tut_folder/tut_python/python_script/tut_airflow/dags/dag_taskflow_api.py took 0.052 seconds
[2023-07-23T13:26:46.978+0700] {processor.py:153} INFO - Started process (PID=12046) to work on /home/ahyar/Documents/tut_folder/tut_python/python_script/tut_airflow/dags/dag_taskflow_api.py
[2023-07-23T13:26:46.980+0700] {processor.py:743} INFO - Processing file /home/ahyar/Documents/tut_folder/tut_python/python_script/tut_airflow/dags/dag_taskflow_api.py for tasks to queue
[2023-07-23T13:26:46.982+0700] {logging_mixin.py:137} INFO - [2023-07-23T13:26:46.982+0700] {dagbag.py:532} INFO - Filling up the DagBag from /home/ahyar/Documents/tut_folder/tut_python/python_script/tut_airflow/dags/dag_taskflow_api.py
[2023-07-23T13:26:47.070+0700] {logging_mixin.py:137} INFO - [2023-07-23T13:26:47.070+0700] {taskmixin.py:211} WARNING - Dependency <Task(_PythonDecoratedOperator): get_name>, greet already registered for DAG: dag_with_taskflow_api_v2
[2023-07-23T13:26:47.070+0700] {logging_mixin.py:137} INFO - [2023-07-23T13:26:47.070+0700] {taskmixin.py:211} WARNING - Dependency <Task(_PythonDecoratedOperator): greet>, get_name already registered for DAG: dag_with_taskflow_api_v2
[2023-07-23T13:26:47.081+0700] {processor.py:753} INFO - DAG(s) dict_keys(['dag_with_taskflow_api_v2']) retrieved from /home/ahyar/Documents/tut_folder/tut_python/python_script/tut_airflow/dags/dag_taskflow_api.py
[2023-07-23T13:26:47.120+0700] {logging_mixin.py:137} INFO - [2023-07-23T13:26:47.120+0700] {dag.py:2705} INFO - Sync 1 DAGs
[2023-07-23T13:26:47.188+0700] {logging_mixin.py:137} INFO - [2023-07-23T13:26:47.187+0700] {dag.py:3452} INFO - Setting next_dagrun for dag_with_taskflow_api_v2 to 2023-05-02T00:00:00+00:00, run_after=2023-05-03T00:00:00+00:00
[2023-07-23T13:26:47.214+0700] {processor.py:175} INFO - Processing /home/ahyar/Documents/tut_folder/tut_python/python_script/tut_airflow/dags/dag_taskflow_api.py took 0.239 seconds
[2023-07-23T13:27:21.518+0700] {processor.py:153} INFO - Started process (PID=12333) to work on /home/ahyar/Documents/tut_folder/tut_python/python_script/tut_airflow/dags/dag_taskflow_api.py
[2023-07-23T13:27:21.518+0700] {processor.py:743} INFO - Processing file /home/ahyar/Documents/tut_folder/tut_python/python_script/tut_airflow/dags/dag_taskflow_api.py for tasks to queue
[2023-07-23T13:27:21.519+0700] {logging_mixin.py:137} INFO - [2023-07-23T13:27:21.519+0700] {dagbag.py:532} INFO - Filling up the DagBag from /home/ahyar/Documents/tut_folder/tut_python/python_script/tut_airflow/dags/dag_taskflow_api.py
[2023-07-23T13:27:21.535+0700] {logging_mixin.py:137} INFO - [2023-07-23T13:27:21.535+0700] {taskmixin.py:211} WARNING - Dependency <Task(_PythonDecoratedOperator): get_name>, greet already registered for DAG: dag_with_taskflow_api_v2
[2023-07-23T13:27:21.536+0700] {logging_mixin.py:137} INFO - [2023-07-23T13:27:21.536+0700] {taskmixin.py:211} WARNING - Dependency <Task(_PythonDecoratedOperator): greet>, get_name already registered for DAG: dag_with_taskflow_api_v2
[2023-07-23T13:27:21.539+0700] {processor.py:753} INFO - DAG(s) dict_keys(['dag_with_taskflow_api_v2']) retrieved from /home/ahyar/Documents/tut_folder/tut_python/python_script/tut_airflow/dags/dag_taskflow_api.py
[2023-07-23T13:27:21.556+0700] {logging_mixin.py:137} INFO - [2023-07-23T13:27:21.556+0700] {dag.py:2705} INFO - Sync 1 DAGs
[2023-07-23T13:27:21.574+0700] {logging_mixin.py:137} INFO - [2023-07-23T13:27:21.573+0700] {dag.py:3452} INFO - Setting next_dagrun for dag_with_taskflow_api_v2 to 2023-05-04T00:00:00+00:00, run_after=2023-05-05T00:00:00+00:00
[2023-07-23T13:27:21.603+0700] {processor.py:175} INFO - Processing /home/ahyar/Documents/tut_folder/tut_python/python_script/tut_airflow/dags/dag_taskflow_api.py took 0.088 seconds
[2023-07-23T13:27:56.790+0700] {processor.py:153} INFO - Started process (PID=12685) to work on /home/ahyar/Documents/tut_folder/tut_python/python_script/tut_airflow/dags/dag_taskflow_api.py
[2023-07-23T13:27:56.790+0700] {processor.py:743} INFO - Processing file /home/ahyar/Documents/tut_folder/tut_python/python_script/tut_airflow/dags/dag_taskflow_api.py for tasks to queue
[2023-07-23T13:27:56.791+0700] {logging_mixin.py:137} INFO - [2023-07-23T13:27:56.791+0700] {dagbag.py:532} INFO - Filling up the DagBag from /home/ahyar/Documents/tut_folder/tut_python/python_script/tut_airflow/dags/dag_taskflow_api.py
[2023-07-23T13:27:56.810+0700] {logging_mixin.py:137} INFO - [2023-07-23T13:27:56.810+0700] {taskmixin.py:211} WARNING - Dependency <Task(_PythonDecoratedOperator): get_name>, greet already registered for DAG: dag_with_taskflow_api_v2
[2023-07-23T13:27:56.810+0700] {logging_mixin.py:137} INFO - [2023-07-23T13:27:56.810+0700] {taskmixin.py:211} WARNING - Dependency <Task(_PythonDecoratedOperator): greet>, get_name already registered for DAG: dag_with_taskflow_api_v2
[2023-07-23T13:27:56.815+0700] {processor.py:753} INFO - DAG(s) dict_keys(['dag_with_taskflow_api_v2']) retrieved from /home/ahyar/Documents/tut_folder/tut_python/python_script/tut_airflow/dags/dag_taskflow_api.py
[2023-07-23T13:27:56.831+0700] {logging_mixin.py:137} INFO - [2023-07-23T13:27:56.831+0700] {dag.py:2705} INFO - Sync 1 DAGs
[2023-07-23T13:27:56.848+0700] {logging_mixin.py:137} INFO - [2023-07-23T13:27:56.847+0700] {dag.py:3452} INFO - Setting next_dagrun for dag_with_taskflow_api_v2 to 2023-05-07T00:00:00+00:00, run_after=2023-05-08T00:00:00+00:00
[2023-07-23T13:27:56.863+0700] {processor.py:175} INFO - Processing /home/ahyar/Documents/tut_folder/tut_python/python_script/tut_airflow/dags/dag_taskflow_api.py took 0.076 seconds
[2023-07-23T13:28:27.128+0700] {processor.py:153} INFO - Started process (PID=13118) to work on /home/ahyar/Documents/tut_folder/tut_python/python_script/tut_airflow/dags/dag_taskflow_api.py
[2023-07-23T13:28:27.128+0700] {processor.py:743} INFO - Processing file /home/ahyar/Documents/tut_folder/tut_python/python_script/tut_airflow/dags/dag_taskflow_api.py for tasks to queue
[2023-07-23T13:28:27.129+0700] {logging_mixin.py:137} INFO - [2023-07-23T13:28:27.128+0700] {dagbag.py:532} INFO - Filling up the DagBag from /home/ahyar/Documents/tut_folder/tut_python/python_script/tut_airflow/dags/dag_taskflow_api.py
[2023-07-23T13:28:27.141+0700] {logging_mixin.py:137} INFO - [2023-07-23T13:28:27.141+0700] {taskmixin.py:211} WARNING - Dependency <Task(_PythonDecoratedOperator): get_name>, greet already registered for DAG: dag_with_taskflow_api_v2
[2023-07-23T13:28:27.141+0700] {logging_mixin.py:137} INFO - [2023-07-23T13:28:27.141+0700] {taskmixin.py:211} WARNING - Dependency <Task(_PythonDecoratedOperator): greet>, get_name already registered for DAG: dag_with_taskflow_api_v2
[2023-07-23T13:28:27.144+0700] {processor.py:753} INFO - DAG(s) dict_keys(['dag_with_taskflow_api_v2']) retrieved from /home/ahyar/Documents/tut_folder/tut_python/python_script/tut_airflow/dags/dag_taskflow_api.py
[2023-07-23T13:28:27.153+0700] {logging_mixin.py:137} INFO - [2023-07-23T13:28:27.153+0700] {dag.py:2705} INFO - Sync 1 DAGs
[2023-07-23T13:28:27.165+0700] {logging_mixin.py:137} INFO - [2023-07-23T13:28:27.165+0700] {dag.py:3452} INFO - Setting next_dagrun for dag_with_taskflow_api_v2 to 2023-05-09T00:00:00+00:00, run_after=2023-05-10T00:00:00+00:00
[2023-07-23T13:28:27.179+0700] {processor.py:175} INFO - Processing /home/ahyar/Documents/tut_folder/tut_python/python_script/tut_airflow/dags/dag_taskflow_api.py took 0.053 seconds
[2023-07-23T13:28:57.504+0700] {processor.py:153} INFO - Started process (PID=13524) to work on /home/ahyar/Documents/tut_folder/tut_python/python_script/tut_airflow/dags/dag_taskflow_api.py
[2023-07-23T13:28:57.505+0700] {processor.py:743} INFO - Processing file /home/ahyar/Documents/tut_folder/tut_python/python_script/tut_airflow/dags/dag_taskflow_api.py for tasks to queue
[2023-07-23T13:28:57.505+0700] {logging_mixin.py:137} INFO - [2023-07-23T13:28:57.505+0700] {dagbag.py:532} INFO - Filling up the DagBag from /home/ahyar/Documents/tut_folder/tut_python/python_script/tut_airflow/dags/dag_taskflow_api.py
[2023-07-23T13:28:57.522+0700] {logging_mixin.py:137} INFO - [2023-07-23T13:28:57.522+0700] {taskmixin.py:211} WARNING - Dependency <Task(_PythonDecoratedOperator): get_name>, greet already registered for DAG: dag_with_taskflow_api_v2
[2023-07-23T13:28:57.522+0700] {logging_mixin.py:137} INFO - [2023-07-23T13:28:57.522+0700] {taskmixin.py:211} WARNING - Dependency <Task(_PythonDecoratedOperator): greet>, get_name already registered for DAG: dag_with_taskflow_api_v2
[2023-07-23T13:28:57.527+0700] {processor.py:753} INFO - DAG(s) dict_keys(['dag_with_taskflow_api_v2']) retrieved from /home/ahyar/Documents/tut_folder/tut_python/python_script/tut_airflow/dags/dag_taskflow_api.py
[2023-07-23T13:28:57.539+0700] {logging_mixin.py:137} INFO - [2023-07-23T13:28:57.539+0700] {dag.py:2705} INFO - Sync 1 DAGs
[2023-07-23T13:28:57.553+0700] {logging_mixin.py:137} INFO - [2023-07-23T13:28:57.553+0700] {dag.py:3452} INFO - Setting next_dagrun for dag_with_taskflow_api_v2 to 2023-05-11T00:00:00+00:00, run_after=2023-05-12T00:00:00+00:00
[2023-07-23T13:28:57.568+0700] {processor.py:175} INFO - Processing /home/ahyar/Documents/tut_folder/tut_python/python_script/tut_airflow/dags/dag_taskflow_api.py took 0.069 seconds
