[2023-07-23T13:23:56.589+0700] {processor.py:153} INFO - Started process (PID=10021) to work on /home/ahyar/Documents/tut_folder/tut_python/python_script/tut_airflow/dags/dag_python_operator.py
[2023-07-23T13:23:56.590+0700] {processor.py:743} INFO - Processing file /home/ahyar/Documents/tut_folder/tut_python/python_script/tut_airflow/dags/dag_python_operator.py for tasks to queue
[2023-07-23T13:23:56.590+0700] {logging_mixin.py:137} INFO - [2023-07-23T13:23:56.590+0700] {dagbag.py:532} INFO - Filling up the DagBag from /home/ahyar/Documents/tut_folder/tut_python/python_script/tut_airflow/dags/dag_python_operator.py
[2023-07-23T13:23:56.599+0700] {processor.py:753} INFO - DAG(s) dict_keys(['python_dag_v6']) retrieved from /home/ahyar/Documents/tut_folder/tut_python/python_script/tut_airflow/dags/dag_python_operator.py
[2023-07-23T13:23:56.611+0700] {logging_mixin.py:137} INFO - [2023-07-23T13:23:56.611+0700] {dag.py:2705} INFO - Sync 1 DAGs
[2023-07-23T13:23:56.624+0700] {logging_mixin.py:137} INFO - [2023-07-23T13:23:56.624+0700] {dag.py:3452} INFO - Setting next_dagrun for python_dag_v6 to 2023-04-17T00:00:00+00:00, run_after=2023-04-18T00:00:00+00:00
[2023-07-23T13:23:56.638+0700] {processor.py:175} INFO - Processing /home/ahyar/Documents/tut_folder/tut_python/python_script/tut_airflow/dags/dag_python_operator.py took 0.052 seconds
[2023-07-23T13:24:36.069+0700] {processor.py:153} INFO - Started process (PID=10582) to work on /home/ahyar/Documents/tut_folder/tut_python/python_script/tut_airflow/dags/dag_python_operator.py
[2023-07-23T13:24:36.069+0700] {processor.py:743} INFO - Processing file /home/ahyar/Documents/tut_folder/tut_python/python_script/tut_airflow/dags/dag_python_operator.py for tasks to queue
[2023-07-23T13:24:36.070+0700] {logging_mixin.py:137} INFO - [2023-07-23T13:24:36.069+0700] {dagbag.py:532} INFO - Filling up the DagBag from /home/ahyar/Documents/tut_folder/tut_python/python_script/tut_airflow/dags/dag_python_operator.py
[2023-07-23T13:24:36.078+0700] {processor.py:753} INFO - DAG(s) dict_keys(['python_dag_v6']) retrieved from /home/ahyar/Documents/tut_folder/tut_python/python_script/tut_airflow/dags/dag_python_operator.py
[2023-07-23T13:24:36.087+0700] {logging_mixin.py:137} INFO - [2023-07-23T13:24:36.087+0700] {dag.py:2705} INFO - Sync 1 DAGs
[2023-07-23T13:24:36.098+0700] {logging_mixin.py:137} INFO - [2023-07-23T13:24:36.098+0700] {dag.py:3452} INFO - Setting next_dagrun for python_dag_v6 to 2023-04-21T00:00:00+00:00, run_after=2023-04-22T00:00:00+00:00
[2023-07-23T13:24:36.113+0700] {processor.py:175} INFO - Processing /home/ahyar/Documents/tut_folder/tut_python/python_script/tut_airflow/dags/dag_python_operator.py took 0.046 seconds
[2023-07-23T13:25:15.264+0700] {processor.py:153} INFO - Started process (PID=10989) to work on /home/ahyar/Documents/tut_folder/tut_python/python_script/tut_airflow/dags/dag_python_operator.py
[2023-07-23T13:25:15.265+0700] {processor.py:743} INFO - Processing file /home/ahyar/Documents/tut_folder/tut_python/python_script/tut_airflow/dags/dag_python_operator.py for tasks to queue
[2023-07-23T13:25:15.265+0700] {logging_mixin.py:137} INFO - [2023-07-23T13:25:15.265+0700] {dagbag.py:532} INFO - Filling up the DagBag from /home/ahyar/Documents/tut_folder/tut_python/python_script/tut_airflow/dags/dag_python_operator.py
[2023-07-23T13:25:15.274+0700] {processor.py:753} INFO - DAG(s) dict_keys(['python_dag_v6']) retrieved from /home/ahyar/Documents/tut_folder/tut_python/python_script/tut_airflow/dags/dag_python_operator.py
[2023-07-23T13:25:15.285+0700] {logging_mixin.py:137} INFO - [2023-07-23T13:25:15.285+0700] {dag.py:2705} INFO - Sync 1 DAGs
[2023-07-23T13:25:15.297+0700] {logging_mixin.py:137} INFO - [2023-07-23T13:25:15.297+0700] {dag.py:3452} INFO - Setting next_dagrun for python_dag_v6 to 2023-04-25T00:00:00+00:00, run_after=2023-04-26T00:00:00+00:00
[2023-07-23T13:25:15.311+0700] {processor.py:175} INFO - Processing /home/ahyar/Documents/tut_folder/tut_python/python_script/tut_airflow/dags/dag_python_operator.py took 0.049 seconds
[2023-07-23T13:25:51.345+0700] {processor.py:153} INFO - Started process (PID=11428) to work on /home/ahyar/Documents/tut_folder/tut_python/python_script/tut_airflow/dags/dag_python_operator.py
[2023-07-23T13:25:51.346+0700] {processor.py:743} INFO - Processing file /home/ahyar/Documents/tut_folder/tut_python/python_script/tut_airflow/dags/dag_python_operator.py for tasks to queue
[2023-07-23T13:25:51.346+0700] {logging_mixin.py:137} INFO - [2023-07-23T13:25:51.346+0700] {dagbag.py:532} INFO - Filling up the DagBag from /home/ahyar/Documents/tut_folder/tut_python/python_script/tut_airflow/dags/dag_python_operator.py
[2023-07-23T13:25:51.355+0700] {processor.py:753} INFO - DAG(s) dict_keys(['python_dag_v6']) retrieved from /home/ahyar/Documents/tut_folder/tut_python/python_script/tut_airflow/dags/dag_python_operator.py
[2023-07-23T13:25:51.364+0700] {logging_mixin.py:137} INFO - [2023-07-23T13:25:51.364+0700] {dag.py:2705} INFO - Sync 1 DAGs
[2023-07-23T13:25:51.375+0700] {logging_mixin.py:137} INFO - [2023-07-23T13:25:51.375+0700] {dag.py:3452} INFO - Setting next_dagrun for python_dag_v6 to 2023-04-29T00:00:00+00:00, run_after=2023-04-30T00:00:00+00:00
[2023-07-23T13:25:51.389+0700] {processor.py:175} INFO - Processing /home/ahyar/Documents/tut_folder/tut_python/python_script/tut_airflow/dags/dag_python_operator.py took 0.045 seconds
[2023-07-23T13:26:23.455+0700] {processor.py:153} INFO - Started process (PID=11821) to work on /home/ahyar/Documents/tut_folder/tut_python/python_script/tut_airflow/dags/dag_python_operator.py
[2023-07-23T13:26:23.455+0700] {processor.py:743} INFO - Processing file /home/ahyar/Documents/tut_folder/tut_python/python_script/tut_airflow/dags/dag_python_operator.py for tasks to queue
[2023-07-23T13:26:23.456+0700] {logging_mixin.py:137} INFO - [2023-07-23T13:26:23.456+0700] {dagbag.py:532} INFO - Filling up the DagBag from /home/ahyar/Documents/tut_folder/tut_python/python_script/tut_airflow/dags/dag_python_operator.py
[2023-07-23T13:26:23.466+0700] {processor.py:753} INFO - DAG(s) dict_keys(['python_dag_v6']) retrieved from /home/ahyar/Documents/tut_folder/tut_python/python_script/tut_airflow/dags/dag_python_operator.py
[2023-07-23T13:26:23.475+0700] {logging_mixin.py:137} INFO - [2023-07-23T13:26:23.475+0700] {dag.py:2705} INFO - Sync 1 DAGs
[2023-07-23T13:26:23.490+0700] {logging_mixin.py:137} INFO - [2023-07-23T13:26:23.490+0700] {dag.py:3452} INFO - Setting next_dagrun for python_dag_v6 to 2023-05-02T00:00:00+00:00, run_after=2023-05-03T00:00:00+00:00
[2023-07-23T13:26:23.506+0700] {processor.py:175} INFO - Processing /home/ahyar/Documents/tut_folder/tut_python/python_script/tut_airflow/dags/dag_python_operator.py took 0.053 seconds
[2023-07-23T13:26:56.377+0700] {processor.py:153} INFO - Started process (PID=12115) to work on /home/ahyar/Documents/tut_folder/tut_python/python_script/tut_airflow/dags/dag_python_operator.py
[2023-07-23T13:26:56.379+0700] {processor.py:743} INFO - Processing file /home/ahyar/Documents/tut_folder/tut_python/python_script/tut_airflow/dags/dag_python_operator.py for tasks to queue
[2023-07-23T13:26:56.379+0700] {logging_mixin.py:137} INFO - [2023-07-23T13:26:56.379+0700] {dagbag.py:532} INFO - Filling up the DagBag from /home/ahyar/Documents/tut_folder/tut_python/python_script/tut_airflow/dags/dag_python_operator.py
[2023-07-23T13:26:56.396+0700] {processor.py:753} INFO - DAG(s) dict_keys(['python_dag_v6']) retrieved from /home/ahyar/Documents/tut_folder/tut_python/python_script/tut_airflow/dags/dag_python_operator.py
[2023-07-23T13:26:56.416+0700] {logging_mixin.py:137} INFO - [2023-07-23T13:26:56.416+0700] {dag.py:2705} INFO - Sync 1 DAGs
[2023-07-23T13:26:56.439+0700] {logging_mixin.py:137} INFO - [2023-07-23T13:26:56.439+0700] {dag.py:3452} INFO - Setting next_dagrun for python_dag_v6 to 2023-05-03T00:00:00+00:00, run_after=2023-05-04T00:00:00+00:00
[2023-07-23T13:26:56.460+0700] {processor.py:175} INFO - Processing /home/ahyar/Documents/tut_folder/tut_python/python_script/tut_airflow/dags/dag_python_operator.py took 0.085 seconds
[2023-07-23T13:27:34.912+0700] {processor.py:153} INFO - Started process (PID=12457) to work on /home/ahyar/Documents/tut_folder/tut_python/python_script/tut_airflow/dags/dag_python_operator.py
[2023-07-23T13:27:34.913+0700] {processor.py:743} INFO - Processing file /home/ahyar/Documents/tut_folder/tut_python/python_script/tut_airflow/dags/dag_python_operator.py for tasks to queue
[2023-07-23T13:27:34.913+0700] {logging_mixin.py:137} INFO - [2023-07-23T13:27:34.913+0700] {dagbag.py:532} INFO - Filling up the DagBag from /home/ahyar/Documents/tut_folder/tut_python/python_script/tut_airflow/dags/dag_python_operator.py
[2023-07-23T13:27:34.931+0700] {processor.py:753} INFO - DAG(s) dict_keys(['python_dag_v6']) retrieved from /home/ahyar/Documents/tut_folder/tut_python/python_script/tut_airflow/dags/dag_python_operator.py
[2023-07-23T13:27:34.947+0700] {logging_mixin.py:137} INFO - [2023-07-23T13:27:34.947+0700] {dag.py:2705} INFO - Sync 1 DAGs
[2023-07-23T13:27:34.968+0700] {logging_mixin.py:137} INFO - [2023-07-23T13:27:34.967+0700] {dag.py:3452} INFO - Setting next_dagrun for python_dag_v6 to 2023-05-06T00:00:00+00:00, run_after=2023-05-07T00:00:00+00:00
[2023-07-23T13:27:34.997+0700] {processor.py:175} INFO - Processing /home/ahyar/Documents/tut_folder/tut_python/python_script/tut_airflow/dags/dag_python_operator.py took 0.089 seconds
[2023-07-23T13:28:09.676+0700] {processor.py:153} INFO - Started process (PID=12845) to work on /home/ahyar/Documents/tut_folder/tut_python/python_script/tut_airflow/dags/dag_python_operator.py
[2023-07-23T13:28:09.677+0700] {processor.py:743} INFO - Processing file /home/ahyar/Documents/tut_folder/tut_python/python_script/tut_airflow/dags/dag_python_operator.py for tasks to queue
[2023-07-23T13:28:09.677+0700] {logging_mixin.py:137} INFO - [2023-07-23T13:28:09.677+0700] {dagbag.py:532} INFO - Filling up the DagBag from /home/ahyar/Documents/tut_folder/tut_python/python_script/tut_airflow/dags/dag_python_operator.py
[2023-07-23T13:28:09.693+0700] {processor.py:753} INFO - DAG(s) dict_keys(['python_dag_v6']) retrieved from /home/ahyar/Documents/tut_folder/tut_python/python_script/tut_airflow/dags/dag_python_operator.py
[2023-07-23T13:28:09.708+0700] {logging_mixin.py:137} INFO - [2023-07-23T13:28:09.708+0700] {dag.py:2705} INFO - Sync 1 DAGs
[2023-07-23T13:28:09.729+0700] {logging_mixin.py:137} INFO - [2023-07-23T13:28:09.729+0700] {dag.py:3452} INFO - Setting next_dagrun for python_dag_v6 to 2023-05-08T00:00:00+00:00, run_after=2023-05-09T00:00:00+00:00
[2023-07-23T13:28:09.750+0700] {processor.py:175} INFO - Processing /home/ahyar/Documents/tut_folder/tut_python/python_script/tut_airflow/dags/dag_python_operator.py took 0.076 seconds
[2023-07-23T13:28:42.493+0700] {processor.py:153} INFO - Started process (PID=13345) to work on /home/ahyar/Documents/tut_folder/tut_python/python_script/tut_airflow/dags/dag_python_operator.py
[2023-07-23T13:28:42.494+0700] {processor.py:743} INFO - Processing file /home/ahyar/Documents/tut_folder/tut_python/python_script/tut_airflow/dags/dag_python_operator.py for tasks to queue
[2023-07-23T13:28:42.494+0700] {logging_mixin.py:137} INFO - [2023-07-23T13:28:42.494+0700] {dagbag.py:532} INFO - Filling up the DagBag from /home/ahyar/Documents/tut_folder/tut_python/python_script/tut_airflow/dags/dag_python_operator.py
[2023-07-23T13:28:42.503+0700] {processor.py:753} INFO - DAG(s) dict_keys(['python_dag_v6']) retrieved from /home/ahyar/Documents/tut_folder/tut_python/python_script/tut_airflow/dags/dag_python_operator.py
[2023-07-23T13:28:42.515+0700] {logging_mixin.py:137} INFO - [2023-07-23T13:28:42.515+0700] {dag.py:2705} INFO - Sync 1 DAGs
[2023-07-23T13:28:42.533+0700] {logging_mixin.py:137} INFO - [2023-07-23T13:28:42.533+0700] {dag.py:3452} INFO - Setting next_dagrun for python_dag_v6 to 2023-05-11T00:00:00+00:00, run_after=2023-05-12T00:00:00+00:00
[2023-07-23T13:28:42.551+0700] {processor.py:175} INFO - Processing /home/ahyar/Documents/tut_folder/tut_python/python_script/tut_airflow/dags/dag_python_operator.py took 0.059 seconds
