[2023-07-23T13:24:06.639+0700] {processor.py:153} INFO - Started process (PID=10138) to work on /home/ahyar/Documents/tut_folder/tut_python/python_script/tut_airflow/dags/dag_bash_operator.py
[2023-07-23T13:24:06.640+0700] {processor.py:743} INFO - Processing file /home/ahyar/Documents/tut_folder/tut_python/python_script/tut_airflow/dags/dag_bash_operator.py for tasks to queue
[2023-07-23T13:24:06.640+0700] {logging_mixin.py:137} INFO - [2023-07-23T13:24:06.640+0700] {dagbag.py:532} INFO - Filling up the DagBag from /home/ahyar/Documents/tut_folder/tut_python/python_script/tut_airflow/dags/dag_bash_operator.py
[2023-07-23T13:24:06.651+0700] {processor.py:753} INFO - DAG(s) dict_keys(['our_first_dag_v4']) retrieved from /home/ahyar/Documents/tut_folder/tut_python/python_script/tut_airflow/dags/dag_bash_operator.py
[2023-07-23T13:24:06.663+0700] {logging_mixin.py:137} INFO - [2023-07-23T13:24:06.663+0700] {dag.py:2705} INFO - Sync 1 DAGs
[2023-07-23T13:24:06.674+0700] {logging_mixin.py:137} INFO - [2023-07-23T13:24:06.674+0700] {dag.py:3452} INFO - Setting next_dagrun for our_first_dag_v4 to 2023-04-19T00:00:00+00:00, run_after=2023-04-20T00:00:00+00:00
[2023-07-23T13:24:06.688+0700] {processor.py:175} INFO - Processing /home/ahyar/Documents/tut_folder/tut_python/python_script/tut_airflow/dags/dag_bash_operator.py took 0.051 seconds
[2023-07-23T13:24:45.662+0700] {processor.py:153} INFO - Started process (PID=10694) to work on /home/ahyar/Documents/tut_folder/tut_python/python_script/tut_airflow/dags/dag_bash_operator.py
[2023-07-23T13:24:45.663+0700] {processor.py:743} INFO - Processing file /home/ahyar/Documents/tut_folder/tut_python/python_script/tut_airflow/dags/dag_bash_operator.py for tasks to queue
[2023-07-23T13:24:45.663+0700] {logging_mixin.py:137} INFO - [2023-07-23T13:24:45.663+0700] {dagbag.py:532} INFO - Filling up the DagBag from /home/ahyar/Documents/tut_folder/tut_python/python_script/tut_airflow/dags/dag_bash_operator.py
[2023-07-23T13:24:45.673+0700] {processor.py:753} INFO - DAG(s) dict_keys(['our_first_dag_v4']) retrieved from /home/ahyar/Documents/tut_folder/tut_python/python_script/tut_airflow/dags/dag_bash_operator.py
[2023-07-23T13:24:45.684+0700] {logging_mixin.py:137} INFO - [2023-07-23T13:24:45.683+0700] {dag.py:2705} INFO - Sync 1 DAGs
[2023-07-23T13:24:45.696+0700] {logging_mixin.py:137} INFO - [2023-07-23T13:24:45.696+0700] {dag.py:3452} INFO - Setting next_dagrun for our_first_dag_v4 to 2023-04-23T00:00:00+00:00, run_after=2023-04-24T00:00:00+00:00
[2023-07-23T13:24:45.711+0700] {processor.py:175} INFO - Processing /home/ahyar/Documents/tut_folder/tut_python/python_script/tut_airflow/dags/dag_bash_operator.py took 0.050 seconds
[2023-07-23T13:25:22.898+0700] {processor.py:153} INFO - Started process (PID=11082) to work on /home/ahyar/Documents/tut_folder/tut_python/python_script/tut_airflow/dags/dag_bash_operator.py
[2023-07-23T13:25:22.899+0700] {processor.py:743} INFO - Processing file /home/ahyar/Documents/tut_folder/tut_python/python_script/tut_airflow/dags/dag_bash_operator.py for tasks to queue
[2023-07-23T13:25:22.899+0700] {logging_mixin.py:137} INFO - [2023-07-23T13:25:22.899+0700] {dagbag.py:532} INFO - Filling up the DagBag from /home/ahyar/Documents/tut_folder/tut_python/python_script/tut_airflow/dags/dag_bash_operator.py
[2023-07-23T13:25:22.910+0700] {processor.py:753} INFO - DAG(s) dict_keys(['our_first_dag_v4']) retrieved from /home/ahyar/Documents/tut_folder/tut_python/python_script/tut_airflow/dags/dag_bash_operator.py
[2023-07-23T13:25:22.919+0700] {logging_mixin.py:137} INFO - [2023-07-23T13:25:22.919+0700] {dag.py:2705} INFO - Sync 1 DAGs
[2023-07-23T13:25:22.931+0700] {logging_mixin.py:137} INFO - [2023-07-23T13:25:22.931+0700] {dag.py:3452} INFO - Setting next_dagrun for our_first_dag_v4 to 2023-04-27T00:00:00+00:00, run_after=2023-04-28T00:00:00+00:00
[2023-07-23T13:25:22.945+0700] {processor.py:175} INFO - Processing /home/ahyar/Documents/tut_folder/tut_python/python_script/tut_airflow/dags/dag_bash_operator.py took 0.048 seconds
[2023-07-23T13:25:58.181+0700] {processor.py:153} INFO - Started process (PID=11538) to work on /home/ahyar/Documents/tut_folder/tut_python/python_script/tut_airflow/dags/dag_bash_operator.py
[2023-07-23T13:25:58.182+0700] {processor.py:743} INFO - Processing file /home/ahyar/Documents/tut_folder/tut_python/python_script/tut_airflow/dags/dag_bash_operator.py for tasks to queue
[2023-07-23T13:25:58.182+0700] {logging_mixin.py:137} INFO - [2023-07-23T13:25:58.182+0700] {dagbag.py:532} INFO - Filling up the DagBag from /home/ahyar/Documents/tut_folder/tut_python/python_script/tut_airflow/dags/dag_bash_operator.py
[2023-07-23T13:25:58.191+0700] {processor.py:753} INFO - DAG(s) dict_keys(['our_first_dag_v4']) retrieved from /home/ahyar/Documents/tut_folder/tut_python/python_script/tut_airflow/dags/dag_bash_operator.py
[2023-07-23T13:25:58.201+0700] {logging_mixin.py:137} INFO - [2023-07-23T13:25:58.201+0700] {dag.py:2705} INFO - Sync 1 DAGs
[2023-07-23T13:25:58.213+0700] {logging_mixin.py:137} INFO - [2023-07-23T13:25:58.213+0700] {dag.py:3452} INFO - Setting next_dagrun for our_first_dag_v4 to 2023-05-01T00:00:00+00:00, run_after=2023-05-02T00:00:00+00:00
[2023-07-23T13:25:58.227+0700] {processor.py:175} INFO - Processing /home/ahyar/Documents/tut_folder/tut_python/python_script/tut_airflow/dags/dag_bash_operator.py took 0.047 seconds
[2023-07-23T13:26:33.734+0700] {processor.py:153} INFO - Started process (PID=11915) to work on /home/ahyar/Documents/tut_folder/tut_python/python_script/tut_airflow/dags/dag_bash_operator.py
[2023-07-23T13:26:33.734+0700] {processor.py:743} INFO - Processing file /home/ahyar/Documents/tut_folder/tut_python/python_script/tut_airflow/dags/dag_bash_operator.py for tasks to queue
[2023-07-23T13:26:33.735+0700] {logging_mixin.py:137} INFO - [2023-07-23T13:26:33.735+0700] {dagbag.py:532} INFO - Filling up the DagBag from /home/ahyar/Documents/tut_folder/tut_python/python_script/tut_airflow/dags/dag_bash_operator.py
[2023-07-23T13:26:33.760+0700] {processor.py:753} INFO - DAG(s) dict_keys(['our_first_dag_v4']) retrieved from /home/ahyar/Documents/tut_folder/tut_python/python_script/tut_airflow/dags/dag_bash_operator.py
[2023-07-23T13:26:33.775+0700] {logging_mixin.py:137} INFO - [2023-07-23T13:26:33.775+0700] {dag.py:2705} INFO - Sync 1 DAGs
[2023-07-23T13:26:33.789+0700] {logging_mixin.py:137} INFO - [2023-07-23T13:26:33.789+0700] {dag.py:3452} INFO - Setting next_dagrun for our_first_dag_v4 to 2023-05-04T00:00:00+00:00, run_after=2023-05-05T00:00:00+00:00
[2023-07-23T13:26:33.805+0700] {processor.py:175} INFO - Processing /home/ahyar/Documents/tut_folder/tut_python/python_script/tut_airflow/dags/dag_bash_operator.py took 0.074 seconds
[2023-07-23T13:27:05.597+0700] {processor.py:153} INFO - Started process (PID=12180) to work on /home/ahyar/Documents/tut_folder/tut_python/python_script/tut_airflow/dags/dag_bash_operator.py
[2023-07-23T13:27:05.598+0700] {processor.py:743} INFO - Processing file /home/ahyar/Documents/tut_folder/tut_python/python_script/tut_airflow/dags/dag_bash_operator.py for tasks to queue
[2023-07-23T13:27:05.598+0700] {logging_mixin.py:137} INFO - [2023-07-23T13:27:05.598+0700] {dagbag.py:532} INFO - Filling up the DagBag from /home/ahyar/Documents/tut_folder/tut_python/python_script/tut_airflow/dags/dag_bash_operator.py
[2023-07-23T13:27:05.610+0700] {processor.py:753} INFO - DAG(s) dict_keys(['our_first_dag_v4']) retrieved from /home/ahyar/Documents/tut_folder/tut_python/python_script/tut_airflow/dags/dag_bash_operator.py
[2023-07-23T13:27:05.624+0700] {logging_mixin.py:137} INFO - [2023-07-23T13:27:05.624+0700] {dag.py:2705} INFO - Sync 1 DAGs
[2023-07-23T13:27:05.649+0700] {logging_mixin.py:137} INFO - [2023-07-23T13:27:05.649+0700] {dag.py:3452} INFO - Setting next_dagrun for our_first_dag_v4 to 2023-05-05T00:00:00+00:00, run_after=2023-05-06T00:00:00+00:00
[2023-07-23T13:27:05.671+0700] {processor.py:175} INFO - Processing /home/ahyar/Documents/tut_folder/tut_python/python_script/tut_airflow/dags/dag_bash_operator.py took 0.077 seconds
[2023-07-23T13:27:48.153+0700] {processor.py:153} INFO - Started process (PID=12596) to work on /home/ahyar/Documents/tut_folder/tut_python/python_script/tut_airflow/dags/dag_bash_operator.py
[2023-07-23T13:27:48.153+0700] {processor.py:743} INFO - Processing file /home/ahyar/Documents/tut_folder/tut_python/python_script/tut_airflow/dags/dag_bash_operator.py for tasks to queue
[2023-07-23T13:27:48.155+0700] {logging_mixin.py:137} INFO - [2023-07-23T13:27:48.154+0700] {dagbag.py:532} INFO - Filling up the DagBag from /home/ahyar/Documents/tut_folder/tut_python/python_script/tut_airflow/dags/dag_bash_operator.py
[2023-07-23T13:27:48.166+0700] {processor.py:753} INFO - DAG(s) dict_keys(['our_first_dag_v4']) retrieved from /home/ahyar/Documents/tut_folder/tut_python/python_script/tut_airflow/dags/dag_bash_operator.py
[2023-07-23T13:27:48.181+0700] {logging_mixin.py:137} INFO - [2023-07-23T13:27:48.181+0700] {dag.py:2705} INFO - Sync 1 DAGs
[2023-07-23T13:27:48.197+0700] {logging_mixin.py:137} INFO - [2023-07-23T13:27:48.197+0700] {dag.py:3452} INFO - Setting next_dagrun for our_first_dag_v4 to 2023-05-08T00:00:00+00:00, run_after=2023-05-09T00:00:00+00:00
[2023-07-23T13:27:48.214+0700] {processor.py:175} INFO - Processing /home/ahyar/Documents/tut_folder/tut_python/python_script/tut_airflow/dags/dag_bash_operator.py took 0.064 seconds
[2023-07-23T13:28:21.334+0700] {processor.py:153} INFO - Started process (PID=13025) to work on /home/ahyar/Documents/tut_folder/tut_python/python_script/tut_airflow/dags/dag_bash_operator.py
[2023-07-23T13:28:21.335+0700] {processor.py:743} INFO - Processing file /home/ahyar/Documents/tut_folder/tut_python/python_script/tut_airflow/dags/dag_bash_operator.py for tasks to queue
[2023-07-23T13:28:21.335+0700] {logging_mixin.py:137} INFO - [2023-07-23T13:28:21.335+0700] {dagbag.py:532} INFO - Filling up the DagBag from /home/ahyar/Documents/tut_folder/tut_python/python_script/tut_airflow/dags/dag_bash_operator.py
[2023-07-23T13:28:21.344+0700] {processor.py:753} INFO - DAG(s) dict_keys(['our_first_dag_v4']) retrieved from /home/ahyar/Documents/tut_folder/tut_python/python_script/tut_airflow/dags/dag_bash_operator.py
[2023-07-23T13:28:21.354+0700] {logging_mixin.py:137} INFO - [2023-07-23T13:28:21.354+0700] {dag.py:2705} INFO - Sync 1 DAGs
[2023-07-23T13:28:21.366+0700] {logging_mixin.py:137} INFO - [2023-07-23T13:28:21.366+0700] {dag.py:3452} INFO - Setting next_dagrun for our_first_dag_v4 to 2023-05-10T00:00:00+00:00, run_after=2023-05-11T00:00:00+00:00
[2023-07-23T13:28:21.381+0700] {processor.py:175} INFO - Processing /home/ahyar/Documents/tut_folder/tut_python/python_script/tut_airflow/dags/dag_bash_operator.py took 0.048 seconds
[2023-07-23T13:28:52.394+0700] {processor.py:153} INFO - Started process (PID=13494) to work on /home/ahyar/Documents/tut_folder/tut_python/python_script/tut_airflow/dags/dag_bash_operator.py
[2023-07-23T13:28:52.395+0700] {processor.py:743} INFO - Processing file /home/ahyar/Documents/tut_folder/tut_python/python_script/tut_airflow/dags/dag_bash_operator.py for tasks to queue
[2023-07-23T13:28:52.395+0700] {logging_mixin.py:137} INFO - [2023-07-23T13:28:52.395+0700] {dagbag.py:532} INFO - Filling up the DagBag from /home/ahyar/Documents/tut_folder/tut_python/python_script/tut_airflow/dags/dag_bash_operator.py
[2023-07-23T13:28:52.407+0700] {processor.py:753} INFO - DAG(s) dict_keys(['our_first_dag_v4']) retrieved from /home/ahyar/Documents/tut_folder/tut_python/python_script/tut_airflow/dags/dag_bash_operator.py
[2023-07-23T13:28:52.420+0700] {logging_mixin.py:137} INFO - [2023-07-23T13:28:52.420+0700] {dag.py:2705} INFO - Sync 1 DAGs
[2023-07-23T13:28:52.439+0700] {logging_mixin.py:137} INFO - [2023-07-23T13:28:52.439+0700] {dag.py:3452} INFO - Setting next_dagrun for our_first_dag_v4 to 2023-05-12T00:00:00+00:00, run_after=2023-05-13T00:00:00+00:00
[2023-07-23T13:28:52.459+0700] {processor.py:175} INFO - Processing /home/ahyar/Documents/tut_folder/tut_python/python_script/tut_airflow/dags/dag_bash_operator.py took 0.067 seconds
