[2023-04-15T11:01:18.386+0700] {taskinstance.py:1090} INFO - Dependencies all met for dep_context=non-requeueable deps ti=<TaskInstance: our_first_dag_v5.first_task scheduled__2021-08-11T00:00:00+00:00 [queued]>
[2023-04-15T11:01:18.400+0700] {taskinstance.py:1090} INFO - Dependencies all met for dep_context=requeueable deps ti=<TaskInstance: our_first_dag_v5.first_task scheduled__2021-08-11T00:00:00+00:00 [queued]>
[2023-04-15T11:01:18.400+0700] {taskinstance.py:1288} INFO - 
--------------------------------------------------------------------------------
[2023-04-15T11:01:18.400+0700] {taskinstance.py:1289} INFO - Starting attempt 1 of 6
[2023-04-15T11:01:18.400+0700] {taskinstance.py:1290} INFO - 
--------------------------------------------------------------------------------
[2023-04-15T11:01:18.431+0700] {taskinstance.py:1309} INFO - Executing <Task(BashOperator): first_task> on 2021-08-11 00:00:00+00:00
[2023-04-15T11:01:18.434+0700] {standard_task_runner.py:55} INFO - Started process 20393 to run task
[2023-04-15T11:01:18.438+0700] {standard_task_runner.py:82} INFO - Running: ['airflow', 'tasks', 'run', 'our_first_dag_v5', 'first_task', 'scheduled__2021-08-11T00:00:00+00:00', '--job-id', '40', '--raw', '--subdir', 'DAGS_FOLDER/first_dag.py', '--cfg-path', '/tmp/tmpm_srwuph']
[2023-04-15T11:01:18.443+0700] {standard_task_runner.py:83} INFO - Job 40: Subtask first_task
[2023-04-15T11:01:18.689+0700] {task_command.py:389} INFO - Running <TaskInstance: our_first_dag_v5.first_task scheduled__2021-08-11T00:00:00+00:00 [running]> on host ahyar-Aspire-A514-54
[2023-04-15T11:01:18.753+0700] {taskinstance.py:1516} INFO - Exporting the following env vars:
AIRFLOW_CTX_DAG_OWNER=coder2j
AIRFLOW_CTX_DAG_ID=our_first_dag_v5
AIRFLOW_CTX_TASK_ID=first_task
AIRFLOW_CTX_EXECUTION_DATE=2021-08-11T00:00:00+00:00
AIRFLOW_CTX_TRY_NUMBER=1
AIRFLOW_CTX_DAG_RUN_ID=scheduled__2021-08-11T00:00:00+00:00
[2023-04-15T11:01:18.754+0700] {subprocess.py:63} INFO - Tmp dir root location: 
 /tmp
[2023-04-15T11:01:18.756+0700] {subprocess.py:75} INFO - Running command: ['/usr/bin/bash', '-c', 'echo hello world, this is the first task!']
[2023-04-15T11:01:18.771+0700] {subprocess.py:86} INFO - Output:
[2023-04-15T11:01:18.773+0700] {subprocess.py:93} INFO - hello world, this is the first task!
[2023-04-15T11:01:18.774+0700] {subprocess.py:97} INFO - Command exited with return code 0
[2023-04-15T11:01:18.794+0700] {taskinstance.py:1327} INFO - Marking task as SUCCESS. dag_id=our_first_dag_v5, task_id=first_task, execution_date=20210811T000000, start_date=20230415T040118, end_date=20230415T040118
[2023-04-15T11:01:18.814+0700] {local_task_job.py:212} INFO - Task exited with return code 0
[2023-04-15T11:01:19.008+0700] {taskinstance.py:2596} INFO - 2 downstream tasks scheduled from follow-on schedule check
