[2023-07-23T13:25:30.834+0700] {taskinstance.py:1090} INFO - Dependencies all met for dep_context=non-requeueable deps ti=<TaskInstance: our_first_dag_v4.idtask2 scheduled__2023-04-27T00:00:00+00:00 [queued]>
[2023-07-23T13:25:30.838+0700] {taskinstance.py:1090} INFO - Dependencies all met for dep_context=requeueable deps ti=<TaskInstance: our_first_dag_v4.idtask2 scheduled__2023-04-27T00:00:00+00:00 [queued]>
[2023-07-23T13:25:30.838+0700] {taskinstance.py:1288} INFO - 
--------------------------------------------------------------------------------
[2023-07-23T13:25:30.838+0700] {taskinstance.py:1289} INFO - Starting attempt 1 of 6
[2023-07-23T13:25:30.838+0700] {taskinstance.py:1290} INFO - 
--------------------------------------------------------------------------------
[2023-07-23T13:25:30.849+0700] {taskinstance.py:1309} INFO - Executing <Task(BashOperator): idtask2> on 2023-04-27 00:00:00+00:00
[2023-07-23T13:25:30.851+0700] {standard_task_runner.py:55} INFO - Started process 11164 to run task
[2023-07-23T13:25:30.853+0700] {standard_task_runner.py:82} INFO - Running: ['airflow', 'tasks', 'run', 'our_first_dag_v4', 'idtask2', 'scheduled__2023-04-27T00:00:00+00:00', '--job-id', '328', '--raw', '--subdir', 'DAGS_FOLDER/dag_bash_operator.py', '--cfg-path', '/tmp/tmp3g0plimr']
[2023-07-23T13:25:30.854+0700] {standard_task_runner.py:83} INFO - Job 328: Subtask idtask2
[2023-07-23T13:25:30.881+0700] {task_command.py:389} INFO - Running <TaskInstance: our_first_dag_v4.idtask2 scheduled__2023-04-27T00:00:00+00:00 [running]> on host ahyar-Aspire-A514-54
[2023-07-23T13:25:30.913+0700] {taskinstance.py:1516} INFO - Exporting the following env vars:
AIRFLOW_CTX_DAG_OWNER=ahyar
AIRFLOW_CTX_DAG_ID=our_first_dag_v4
AIRFLOW_CTX_TASK_ID=idtask2
AIRFLOW_CTX_EXECUTION_DATE=2023-04-27T00:00:00+00:00
AIRFLOW_CTX_TRY_NUMBER=1
AIRFLOW_CTX_DAG_RUN_ID=scheduled__2023-04-27T00:00:00+00:00
[2023-07-23T13:25:30.914+0700] {subprocess.py:63} INFO - Tmp dir root location: 
 /tmp
[2023-07-23T13:25:30.914+0700] {subprocess.py:75} INFO - Running command: ['/usr/bin/bash', '-c', 'echo this is second task']
[2023-07-23T13:25:30.918+0700] {subprocess.py:86} INFO - Output:
[2023-07-23T13:25:30.919+0700] {subprocess.py:93} INFO - this is second task
[2023-07-23T13:25:30.919+0700] {subprocess.py:97} INFO - Command exited with return code 0
[2023-07-23T13:25:30.932+0700] {taskinstance.py:1327} INFO - Marking task as SUCCESS. dag_id=our_first_dag_v4, task_id=idtask2, execution_date=20230427T000000, start_date=20230723T062530, end_date=20230723T062530
[2023-07-23T13:25:30.945+0700] {local_task_job.py:212} INFO - Task exited with return code 0
[2023-07-23T13:25:30.952+0700] {taskinstance.py:2596} INFO - 0 downstream tasks scheduled from follow-on schedule check
