[2023-04-16T11:24:31.578+0700] {taskinstance.py:1090} INFO - Dependencies all met for dep_context=non-requeueable deps ti=<TaskInstance: python_dag_v1.greet manual__2023-04-16T04:24:29.315364+00:00 [queued]>
[2023-04-16T11:24:31.582+0700] {taskinstance.py:1090} INFO - Dependencies all met for dep_context=requeueable deps ti=<TaskInstance: python_dag_v1.greet manual__2023-04-16T04:24:29.315364+00:00 [queued]>
[2023-04-16T11:24:31.583+0700] {taskinstance.py:1288} INFO - 
--------------------------------------------------------------------------------
[2023-04-16T11:24:31.583+0700] {taskinstance.py:1289} INFO - Starting attempt 1 of 6
[2023-04-16T11:24:31.583+0700] {taskinstance.py:1290} INFO - 
--------------------------------------------------------------------------------
[2023-04-16T11:24:31.596+0700] {taskinstance.py:1309} INFO - Executing <Task(PythonOperator): greet> on 2023-04-16 04:24:29.315364+00:00
[2023-04-16T11:24:31.598+0700] {standard_task_runner.py:55} INFO - Started process 16173 to run task
[2023-04-16T11:24:31.600+0700] {standard_task_runner.py:82} INFO - Running: ['airflow', 'tasks', 'run', 'python_dag_v1', 'greet', 'manual__2023-04-16T04:24:29.315364+00:00', '--job-id', '229', '--raw', '--subdir', 'DAGS_FOLDER/dag_python_operator.py', '--cfg-path', '/tmp/tmpc27y4dla']
[2023-04-16T11:24:31.601+0700] {standard_task_runner.py:83} INFO - Job 229: Subtask greet
[2023-04-16T11:24:31.659+0700] {task_command.py:389} INFO - Running <TaskInstance: python_dag_v1.greet manual__2023-04-16T04:24:29.315364+00:00 [running]> on host ahyar-Aspire-A514-54
[2023-04-16T11:24:31.696+0700] {taskinstance.py:1516} INFO - Exporting the following env vars:
AIRFLOW_CTX_DAG_OWNER=ahyar
AIRFLOW_CTX_DAG_ID=python_dag_v1
AIRFLOW_CTX_TASK_ID=greet
AIRFLOW_CTX_EXECUTION_DATE=2023-04-16T04:24:29.315364+00:00
AIRFLOW_CTX_TRY_NUMBER=1
AIRFLOW_CTX_DAG_RUN_ID=manual__2023-04-16T04:24:29.315364+00:00
[2023-04-16T11:24:31.696+0700] {logging_mixin.py:137} INFO - Hello world from dag python
[2023-04-16T11:24:31.696+0700] {python.py:177} INFO - Done. Returned value was: None
[2023-04-16T11:24:31.699+0700] {taskinstance.py:1327} INFO - Marking task as SUCCESS. dag_id=python_dag_v1, task_id=greet, execution_date=20230416T042429, start_date=20230416T042431, end_date=20230416T042431
[2023-04-16T11:24:31.732+0700] {local_task_job.py:212} INFO - Task exited with return code 0
[2023-04-16T11:24:31.745+0700] {taskinstance.py:2596} INFO - 0 downstream tasks scheduled from follow-on schedule check
