[2023-04-16T11:12:27.749+0700] {taskinstance.py:1090} INFO - Dependencies all met for dep_context=non-requeueable deps ti=<TaskInstance: our_first_dag_v2.idtask2 manual__2023-04-16T04:12:22.525550+00:00 [queued]>
[2023-04-16T11:12:27.753+0700] {taskinstance.py:1090} INFO - Dependencies all met for dep_context=requeueable deps ti=<TaskInstance: our_first_dag_v2.idtask2 manual__2023-04-16T04:12:22.525550+00:00 [queued]>
[2023-04-16T11:12:27.753+0700] {taskinstance.py:1288} INFO - 
--------------------------------------------------------------------------------
[2023-04-16T11:12:27.753+0700] {taskinstance.py:1289} INFO - Starting attempt 1 of 6
[2023-04-16T11:12:27.753+0700] {taskinstance.py:1290} INFO - 
--------------------------------------------------------------------------------
[2023-04-16T11:12:27.767+0700] {taskinstance.py:1309} INFO - Executing <Task(BashOperator): idtask2> on 2023-04-16 04:12:22.525550+00:00
[2023-04-16T11:12:27.769+0700] {standard_task_runner.py:55} INFO - Started process 12813 to run task
[2023-04-16T11:12:27.771+0700] {standard_task_runner.py:82} INFO - Running: ['airflow', 'tasks', 'run', 'our_first_dag_v2', 'idtask2', 'manual__2023-04-16T04:12:22.525550+00:00', '--job-id', '220', '--raw', '--subdir', 'DAGS_FOLDER/first_dag.py', '--cfg-path', '/tmp/tmptv6f09bs']
[2023-04-16T11:12:27.772+0700] {standard_task_runner.py:83} INFO - Job 220: Subtask idtask2
[2023-04-16T11:12:27.807+0700] {task_command.py:389} INFO - Running <TaskInstance: our_first_dag_v2.idtask2 manual__2023-04-16T04:12:22.525550+00:00 [running]> on host ahyar-Aspire-A514-54
[2023-04-16T11:12:27.852+0700] {taskinstance.py:1516} INFO - Exporting the following env vars:
AIRFLOW_CTX_DAG_OWNER=ahyar
AIRFLOW_CTX_DAG_ID=our_first_dag_v2
AIRFLOW_CTX_TASK_ID=idtask2
AIRFLOW_CTX_EXECUTION_DATE=2023-04-16T04:12:22.525550+00:00
AIRFLOW_CTX_TRY_NUMBER=1
AIRFLOW_CTX_DAG_RUN_ID=manual__2023-04-16T04:12:22.525550+00:00
[2023-04-16T11:12:27.852+0700] {subprocess.py:63} INFO - Tmp dir root location: 
 /tmp
[2023-04-16T11:12:27.853+0700] {subprocess.py:75} INFO - Running command: ['/usr/bin/bash', '-c', 'echo this is second task']
[2023-04-16T11:12:27.861+0700] {subprocess.py:86} INFO - Output:
[2023-04-16T11:12:27.864+0700] {subprocess.py:93} INFO - this is second task
[2023-04-16T11:12:27.864+0700] {subprocess.py:97} INFO - Command exited with return code 0
[2023-04-16T11:12:27.881+0700] {taskinstance.py:1327} INFO - Marking task as SUCCESS. dag_id=our_first_dag_v2, task_id=idtask2, execution_date=20230416T041222, start_date=20230416T041227, end_date=20230416T041227
[2023-04-16T11:12:27.903+0700] {local_task_job.py:212} INFO - Task exited with return code 0
[2023-04-16T11:12:27.916+0700] {taskinstance.py:2596} INFO - 0 downstream tasks scheduled from follow-on schedule check
