[2023-04-16T11:18:06.371+0700] {taskinstance.py:1090} INFO - Dependencies all met for dep_context=non-requeueable deps ti=<TaskInstance: our_first_dag_v4.taskid3 manual__2023-04-16T04:17:59.261629+00:00 [queued]>
[2023-04-16T11:18:06.375+0700] {taskinstance.py:1090} INFO - Dependencies all met for dep_context=requeueable deps ti=<TaskInstance: our_first_dag_v4.taskid3 manual__2023-04-16T04:17:59.261629+00:00 [queued]>
[2023-04-16T11:18:06.375+0700] {taskinstance.py:1288} INFO - 
--------------------------------------------------------------------------------
[2023-04-16T11:18:06.376+0700] {taskinstance.py:1289} INFO - Starting attempt 1 of 6
[2023-04-16T11:18:06.376+0700] {taskinstance.py:1290} INFO - 
--------------------------------------------------------------------------------
[2023-04-16T11:18:06.391+0700] {taskinstance.py:1309} INFO - Executing <Task(BashOperator): taskid3> on 2023-04-16 04:17:59.261629+00:00
[2023-04-16T11:18:06.392+0700] {standard_task_runner.py:55} INFO - Started process 15389 to run task
[2023-04-16T11:18:06.396+0700] {standard_task_runner.py:82} INFO - Running: ['airflow', 'tasks', 'run', 'our_first_dag_v4', 'taskid3', 'manual__2023-04-16T04:17:59.261629+00:00', '--job-id', '228', '--raw', '--subdir', 'DAGS_FOLDER/first_dag.py', '--cfg-path', '/tmp/tmpir5w8lyi']
[2023-04-16T11:18:06.397+0700] {standard_task_runner.py:83} INFO - Job 228: Subtask taskid3
[2023-04-16T11:18:06.425+0700] {task_command.py:389} INFO - Running <TaskInstance: our_first_dag_v4.taskid3 manual__2023-04-16T04:17:59.261629+00:00 [running]> on host ahyar-Aspire-A514-54
[2023-04-16T11:18:06.462+0700] {taskinstance.py:1516} INFO - Exporting the following env vars:
AIRFLOW_CTX_DAG_OWNER=ahyar
AIRFLOW_CTX_DAG_ID=our_first_dag_v4
AIRFLOW_CTX_TASK_ID=taskid3
AIRFLOW_CTX_EXECUTION_DATE=2023-04-16T04:17:59.261629+00:00
AIRFLOW_CTX_TRY_NUMBER=1
AIRFLOW_CTX_DAG_RUN_ID=manual__2023-04-16T04:17:59.261629+00:00
[2023-04-16T11:18:06.463+0700] {subprocess.py:63} INFO - Tmp dir root location: 
 /tmp
[2023-04-16T11:18:06.463+0700] {subprocess.py:75} INFO - Running command: ['/usr/bin/bash', '-c', 'echo this is task 3 command']
[2023-04-16T11:18:06.469+0700] {subprocess.py:86} INFO - Output:
[2023-04-16T11:18:06.470+0700] {subprocess.py:93} INFO - this is task 3 command
[2023-04-16T11:18:06.471+0700] {subprocess.py:97} INFO - Command exited with return code 0
[2023-04-16T11:18:06.486+0700] {taskinstance.py:1327} INFO - Marking task as SUCCESS. dag_id=our_first_dag_v4, task_id=taskid3, execution_date=20230416T041759, start_date=20230416T041806, end_date=20230416T041806
[2023-04-16T11:18:06.527+0700] {local_task_job.py:212} INFO - Task exited with return code 0
[2023-04-16T11:18:06.535+0700] {taskinstance.py:2596} INFO - 0 downstream tasks scheduled from follow-on schedule check
