[2023-07-23T13:24:52.549+0700] {taskinstance.py:1090} INFO - Dependencies all met for dep_context=non-requeueable deps ti=<TaskInstance: our_first_dag_v4.idtask2 scheduled__2023-04-23T00:00:00+00:00 [queued]>
[2023-07-23T13:24:52.553+0700] {taskinstance.py:1090} INFO - Dependencies all met for dep_context=requeueable deps ti=<TaskInstance: our_first_dag_v4.idtask2 scheduled__2023-04-23T00:00:00+00:00 [queued]>
[2023-07-23T13:24:52.554+0700] {taskinstance.py:1288} INFO - 
--------------------------------------------------------------------------------
[2023-07-23T13:24:52.554+0700] {taskinstance.py:1289} INFO - Starting attempt 1 of 6
[2023-07-23T13:24:52.554+0700] {taskinstance.py:1290} INFO - 
--------------------------------------------------------------------------------
[2023-07-23T13:24:52.566+0700] {taskinstance.py:1309} INFO - Executing <Task(BashOperator): idtask2> on 2023-04-23 00:00:00+00:00
[2023-07-23T13:24:52.567+0700] {standard_task_runner.py:55} INFO - Started process 10770 to run task
[2023-07-23T13:24:52.569+0700] {standard_task_runner.py:82} INFO - Running: ['airflow', 'tasks', 'run', 'our_first_dag_v4', 'idtask2', 'scheduled__2023-04-23T00:00:00+00:00', '--job-id', '297', '--raw', '--subdir', 'DAGS_FOLDER/dag_bash_operator.py', '--cfg-path', '/tmp/tmp54kco_k9']
[2023-07-23T13:24:52.570+0700] {standard_task_runner.py:83} INFO - Job 297: Subtask idtask2
[2023-07-23T13:24:52.595+0700] {task_command.py:389} INFO - Running <TaskInstance: our_first_dag_v4.idtask2 scheduled__2023-04-23T00:00:00+00:00 [running]> on host ahyar-Aspire-A514-54
[2023-07-23T13:24:52.628+0700] {taskinstance.py:1516} INFO - Exporting the following env vars:
AIRFLOW_CTX_DAG_OWNER=ahyar
AIRFLOW_CTX_DAG_ID=our_first_dag_v4
AIRFLOW_CTX_TASK_ID=idtask2
AIRFLOW_CTX_EXECUTION_DATE=2023-04-23T00:00:00+00:00
AIRFLOW_CTX_TRY_NUMBER=1
AIRFLOW_CTX_DAG_RUN_ID=scheduled__2023-04-23T00:00:00+00:00
[2023-07-23T13:24:52.629+0700] {subprocess.py:63} INFO - Tmp dir root location: 
 /tmp
[2023-07-23T13:24:52.629+0700] {subprocess.py:75} INFO - Running command: ['/usr/bin/bash', '-c', 'echo this is second task']
[2023-07-23T13:24:52.633+0700] {subprocess.py:86} INFO - Output:
[2023-07-23T13:24:52.634+0700] {subprocess.py:93} INFO - this is second task
[2023-07-23T13:24:52.634+0700] {subprocess.py:97} INFO - Command exited with return code 0
[2023-07-23T13:24:52.647+0700] {taskinstance.py:1327} INFO - Marking task as SUCCESS. dag_id=our_first_dag_v4, task_id=idtask2, execution_date=20230423T000000, start_date=20230723T062452, end_date=20230723T062452
[2023-07-23T13:24:52.661+0700] {local_task_job.py:212} INFO - Task exited with return code 0
[2023-07-23T13:24:52.667+0700] {taskinstance.py:2596} INFO - 0 downstream tasks scheduled from follow-on schedule check
