[2023-04-15T11:02:26.982+0700] {taskinstance.py:1090} INFO - Dependencies all met for dep_context=non-requeueable deps ti=<TaskInstance: our_first_dag_v5.thrid_task scheduled__2021-08-19T00:00:00+00:00 [queued]>
[2023-04-15T11:02:26.988+0700] {taskinstance.py:1090} INFO - Dependencies all met for dep_context=requeueable deps ti=<TaskInstance: our_first_dag_v5.thrid_task scheduled__2021-08-19T00:00:00+00:00 [queued]>
[2023-04-15T11:02:26.989+0700] {taskinstance.py:1288} INFO - 
--------------------------------------------------------------------------------
[2023-04-15T11:02:26.989+0700] {taskinstance.py:1289} INFO - Starting attempt 1 of 6
[2023-04-15T11:02:26.989+0700] {taskinstance.py:1290} INFO - 
--------------------------------------------------------------------------------
[2023-04-15T11:02:27.001+0700] {taskinstance.py:1309} INFO - Executing <Task(BashOperator): thrid_task> on 2021-08-19 00:00:00+00:00
[2023-04-15T11:02:27.005+0700] {standard_task_runner.py:55} INFO - Started process 21160 to run task
[2023-04-15T11:02:27.007+0700] {standard_task_runner.py:82} INFO - Running: ['airflow', 'tasks', 'run', 'our_first_dag_v5', 'thrid_task', 'scheduled__2021-08-19T00:00:00+00:00', '--job-id', '69', '--raw', '--subdir', 'DAGS_FOLDER/first_dag.py', '--cfg-path', '/tmp/tmpl656gxqk']
[2023-04-15T11:02:27.008+0700] {standard_task_runner.py:83} INFO - Job 69: Subtask thrid_task
[2023-04-15T11:02:27.138+0700] {task_command.py:389} INFO - Running <TaskInstance: our_first_dag_v5.thrid_task scheduled__2021-08-19T00:00:00+00:00 [running]> on host ahyar-Aspire-A514-54
[2023-04-15T11:02:27.186+0700] {taskinstance.py:1516} INFO - Exporting the following env vars:
AIRFLOW_CTX_DAG_OWNER=coder2j
AIRFLOW_CTX_DAG_ID=our_first_dag_v5
AIRFLOW_CTX_TASK_ID=thrid_task
AIRFLOW_CTX_EXECUTION_DATE=2021-08-19T00:00:00+00:00
AIRFLOW_CTX_TRY_NUMBER=1
AIRFLOW_CTX_DAG_RUN_ID=scheduled__2021-08-19T00:00:00+00:00
[2023-04-15T11:02:27.188+0700] {subprocess.py:63} INFO - Tmp dir root location: 
 /tmp
[2023-04-15T11:02:27.189+0700] {subprocess.py:75} INFO - Running command: ['/usr/bin/bash', '-c', 'echo hey, I am task3 and will be running after task1 at the same time as task2!']
[2023-04-15T11:02:27.194+0700] {subprocess.py:86} INFO - Output:
[2023-04-15T11:02:27.197+0700] {subprocess.py:93} INFO - hey, I am task3 and will be running after task1 at the same time as task2!
[2023-04-15T11:02:27.197+0700] {subprocess.py:97} INFO - Command exited with return code 0
[2023-04-15T11:02:27.215+0700] {taskinstance.py:1327} INFO - Marking task as SUCCESS. dag_id=our_first_dag_v5, task_id=thrid_task, execution_date=20210819T000000, start_date=20230415T040226, end_date=20230415T040227
[2023-04-15T11:02:27.260+0700] {local_task_job.py:212} INFO - Task exited with return code 0
[2023-04-15T11:02:27.351+0700] {taskinstance.py:2596} INFO - 0 downstream tasks scheduled from follow-on schedule check
