[2023-04-16T11:29:35.460+0700] {taskinstance.py:1090} INFO - Dependencies all met for dep_context=non-requeueable deps ti=<TaskInstance: python_dag_v2.greet manual__2023-04-16T04:29:33.236388+00:00 [queued]>
[2023-04-16T11:29:35.465+0700] {taskinstance.py:1090} INFO - Dependencies all met for dep_context=requeueable deps ti=<TaskInstance: python_dag_v2.greet manual__2023-04-16T04:29:33.236388+00:00 [queued]>
[2023-04-16T11:29:35.466+0700] {taskinstance.py:1288} INFO - 
--------------------------------------------------------------------------------
[2023-04-16T11:29:35.466+0700] {taskinstance.py:1289} INFO - Starting attempt 1 of 6
[2023-04-16T11:29:35.466+0700] {taskinstance.py:1290} INFO - 
--------------------------------------------------------------------------------
[2023-04-16T11:29:35.481+0700] {taskinstance.py:1309} INFO - Executing <Task(PythonOperator): greet> on 2023-04-16 04:29:33.236388+00:00
[2023-04-16T11:29:35.483+0700] {standard_task_runner.py:55} INFO - Started process 17155 to run task
[2023-04-16T11:29:35.486+0700] {standard_task_runner.py:82} INFO - Running: ['airflow', 'tasks', 'run', 'python_dag_v2', 'greet', 'manual__2023-04-16T04:29:33.236388+00:00', '--job-id', '231', '--raw', '--subdir', 'DAGS_FOLDER/dag_python_operator.py', '--cfg-path', '/tmp/tmpb7z0kyj2']
[2023-04-16T11:29:35.487+0700] {standard_task_runner.py:83} INFO - Job 231: Subtask greet
[2023-04-16T11:29:35.518+0700] {task_command.py:389} INFO - Running <TaskInstance: python_dag_v2.greet manual__2023-04-16T04:29:33.236388+00:00 [running]> on host ahyar-Aspire-A514-54
[2023-04-16T11:29:35.738+0700] {taskinstance.py:1516} INFO - Exporting the following env vars:
AIRFLOW_CTX_DAG_OWNER=ahyar
AIRFLOW_CTX_DAG_ID=python_dag_v2
AIRFLOW_CTX_TASK_ID=greet
AIRFLOW_CTX_EXECUTION_DATE=2023-04-16T04:29:33.236388+00:00
AIRFLOW_CTX_TRY_NUMBER=1
AIRFLOW_CTX_DAG_RUN_ID=manual__2023-04-16T04:29:33.236388+00:00
[2023-04-16T11:29:35.740+0700] {logging_mixin.py:137} INFO - Hello world from dag airflow python lang
[2023-04-16T11:29:35.740+0700] {python.py:177} INFO - Done. Returned value was: None
[2023-04-16T11:29:35.747+0700] {taskinstance.py:1327} INFO - Marking task as SUCCESS. dag_id=python_dag_v2, task_id=greet, execution_date=20230416T042933, start_date=20230416T042935, end_date=20230416T042935
[2023-04-16T11:29:35.778+0700] {local_task_job.py:212} INFO - Task exited with return code 0
[2023-04-16T11:29:35.794+0700] {taskinstance.py:2596} INFO - 0 downstream tasks scheduled from follow-on schedule check
