[2023-04-15T10:46:40.016+0700] {processor.py:153} INFO - Started process (PID=16371) to work on /home/ahyar/Documents/tut_folder/tut_python/python_script/tut_airflow/env_airflow/lib/python3.9/site-packages/airflow/example_dags/example_trigger_target_dag.py
[2023-04-15T10:46:40.017+0700] {processor.py:743} INFO - Processing file /home/ahyar/Documents/tut_folder/tut_python/python_script/tut_airflow/env_airflow/lib/python3.9/site-packages/airflow/example_dags/example_trigger_target_dag.py for tasks to queue
[2023-04-15T10:46:40.017+0700] {logging_mixin.py:137} INFO - [2023-04-15T10:46:40.017+0700] {dagbag.py:532} INFO - Filling up the DagBag from /home/ahyar/Documents/tut_folder/tut_python/python_script/tut_airflow/env_airflow/lib/python3.9/site-packages/airflow/example_dags/example_trigger_target_dag.py
[2023-04-15T10:46:40.033+0700] {processor.py:753} INFO - DAG(s) dict_keys(['example_trigger_target_dag']) retrieved from /home/ahyar/Documents/tut_folder/tut_python/python_script/tut_airflow/env_airflow/lib/python3.9/site-packages/airflow/example_dags/example_trigger_target_dag.py
[2023-04-15T10:46:40.105+0700] {logging_mixin.py:137} INFO - [2023-04-15T10:46:40.104+0700] {manager.py:504} INFO - Created Permission View: can read on DAG:example_trigger_target_dag
[2023-04-15T10:46:40.114+0700] {logging_mixin.py:137} INFO - [2023-04-15T10:46:40.114+0700] {manager.py:504} INFO - Created Permission View: can edit on DAG:example_trigger_target_dag
[2023-04-15T10:46:40.122+0700] {logging_mixin.py:137} INFO - [2023-04-15T10:46:40.122+0700] {manager.py:504} INFO - Created Permission View: can delete on DAG:example_trigger_target_dag
[2023-04-15T10:46:40.122+0700] {logging_mixin.py:137} INFO - [2023-04-15T10:46:40.122+0700] {dag.py:2705} INFO - Sync 1 DAGs
[2023-04-15T10:46:40.128+0700] {logging_mixin.py:137} INFO - [2023-04-15T10:46:40.128+0700] {dag.py:2726} INFO - Creating ORM DAG for example_trigger_target_dag
[2023-04-15T10:46:40.135+0700] {logging_mixin.py:137} INFO - [2023-04-15T10:46:40.135+0700] {dag.py:3452} INFO - Setting next_dagrun for example_trigger_target_dag to None, run_after=None
[2023-04-15T10:46:40.155+0700] {processor.py:175} INFO - Processing /home/ahyar/Documents/tut_folder/tut_python/python_script/tut_airflow/env_airflow/lib/python3.9/site-packages/airflow/example_dags/example_trigger_target_dag.py took 0.141 seconds
[2023-04-15T10:47:23.260+0700] {processor.py:153} INFO - Started process (PID=16595) to work on /home/ahyar/Documents/tut_folder/tut_python/python_script/tut_airflow/env_airflow/lib/python3.9/site-packages/airflow/example_dags/example_trigger_target_dag.py
[2023-04-15T10:47:23.261+0700] {processor.py:743} INFO - Processing file /home/ahyar/Documents/tut_folder/tut_python/python_script/tut_airflow/env_airflow/lib/python3.9/site-packages/airflow/example_dags/example_trigger_target_dag.py for tasks to queue
[2023-04-15T10:47:23.262+0700] {logging_mixin.py:137} INFO - [2023-04-15T10:47:23.262+0700] {dagbag.py:532} INFO - Filling up the DagBag from /home/ahyar/Documents/tut_folder/tut_python/python_script/tut_airflow/env_airflow/lib/python3.9/site-packages/airflow/example_dags/example_trigger_target_dag.py
[2023-04-15T10:47:23.280+0700] {processor.py:753} INFO - DAG(s) dict_keys(['example_trigger_target_dag']) retrieved from /home/ahyar/Documents/tut_folder/tut_python/python_script/tut_airflow/env_airflow/lib/python3.9/site-packages/airflow/example_dags/example_trigger_target_dag.py
[2023-04-15T10:47:23.294+0700] {logging_mixin.py:137} INFO - [2023-04-15T10:47:23.294+0700] {dag.py:2705} INFO - Sync 1 DAGs
[2023-04-15T10:47:23.305+0700] {logging_mixin.py:137} INFO - [2023-04-15T10:47:23.305+0700] {dag.py:3452} INFO - Setting next_dagrun for example_trigger_target_dag to None, run_after=None
[2023-04-15T10:47:23.319+0700] {processor.py:175} INFO - Processing /home/ahyar/Documents/tut_folder/tut_python/python_script/tut_airflow/env_airflow/lib/python3.9/site-packages/airflow/example_dags/example_trigger_target_dag.py took 0.062 seconds
[2023-04-15T10:48:35.671+0700] {processor.py:153} INFO - Started process (PID=17050) to work on /home/ahyar/Documents/tut_folder/tut_python/python_script/tut_airflow/env_airflow/lib/python3.9/site-packages/airflow/example_dags/example_trigger_target_dag.py
[2023-04-15T10:48:35.671+0700] {processor.py:743} INFO - Processing file /home/ahyar/Documents/tut_folder/tut_python/python_script/tut_airflow/env_airflow/lib/python3.9/site-packages/airflow/example_dags/example_trigger_target_dag.py for tasks to queue
[2023-04-15T10:48:35.672+0700] {logging_mixin.py:137} INFO - [2023-04-15T10:48:35.672+0700] {dagbag.py:532} INFO - Filling up the DagBag from /home/ahyar/Documents/tut_folder/tut_python/python_script/tut_airflow/env_airflow/lib/python3.9/site-packages/airflow/example_dags/example_trigger_target_dag.py
[2023-04-15T10:48:35.687+0700] {processor.py:753} INFO - DAG(s) dict_keys(['example_trigger_target_dag']) retrieved from /home/ahyar/Documents/tut_folder/tut_python/python_script/tut_airflow/env_airflow/lib/python3.9/site-packages/airflow/example_dags/example_trigger_target_dag.py
[2023-04-15T10:48:35.697+0700] {logging_mixin.py:137} INFO - [2023-04-15T10:48:35.697+0700] {dag.py:2705} INFO - Sync 1 DAGs
[2023-04-15T10:48:35.706+0700] {logging_mixin.py:137} INFO - [2023-04-15T10:48:35.706+0700] {dag.py:3452} INFO - Setting next_dagrun for example_trigger_target_dag to None, run_after=None
[2023-04-15T10:48:35.721+0700] {processor.py:175} INFO - Processing /home/ahyar/Documents/tut_folder/tut_python/python_script/tut_airflow/env_airflow/lib/python3.9/site-packages/airflow/example_dags/example_trigger_target_dag.py took 0.052 seconds
[2023-04-15T10:49:19.783+0700] {processor.py:153} INFO - Started process (PID=17437) to work on /home/ahyar/Documents/tut_folder/tut_python/python_script/tut_airflow/env_airflow/lib/python3.9/site-packages/airflow/example_dags/example_trigger_target_dag.py
[2023-04-15T10:49:19.784+0700] {processor.py:743} INFO - Processing file /home/ahyar/Documents/tut_folder/tut_python/python_script/tut_airflow/env_airflow/lib/python3.9/site-packages/airflow/example_dags/example_trigger_target_dag.py for tasks to queue
[2023-04-15T10:49:19.785+0700] {logging_mixin.py:137} INFO - [2023-04-15T10:49:19.785+0700] {dagbag.py:532} INFO - Filling up the DagBag from /home/ahyar/Documents/tut_folder/tut_python/python_script/tut_airflow/env_airflow/lib/python3.9/site-packages/airflow/example_dags/example_trigger_target_dag.py
[2023-04-15T10:49:19.830+0700] {processor.py:753} INFO - DAG(s) dict_keys(['example_trigger_target_dag']) retrieved from /home/ahyar/Documents/tut_folder/tut_python/python_script/tut_airflow/env_airflow/lib/python3.9/site-packages/airflow/example_dags/example_trigger_target_dag.py
[2023-04-15T10:49:19.875+0700] {logging_mixin.py:137} INFO - [2023-04-15T10:49:19.873+0700] {dag.py:2705} INFO - Sync 1 DAGs
[2023-04-15T10:49:19.916+0700] {logging_mixin.py:137} INFO - [2023-04-15T10:49:19.916+0700] {dag.py:3452} INFO - Setting next_dagrun for example_trigger_target_dag to None, run_after=None
[2023-04-15T10:49:19.984+0700] {processor.py:175} INFO - Processing /home/ahyar/Documents/tut_folder/tut_python/python_script/tut_airflow/env_airflow/lib/python3.9/site-packages/airflow/example_dags/example_trigger_target_dag.py took 0.207 seconds
[2023-04-15T10:50:08.242+0700] {processor.py:153} INFO - Started process (PID=17649) to work on /home/ahyar/Documents/tut_folder/tut_python/python_script/tut_airflow/env_airflow/lib/python3.9/site-packages/airflow/example_dags/example_trigger_target_dag.py
[2023-04-15T10:50:08.243+0700] {processor.py:743} INFO - Processing file /home/ahyar/Documents/tut_folder/tut_python/python_script/tut_airflow/env_airflow/lib/python3.9/site-packages/airflow/example_dags/example_trigger_target_dag.py for tasks to queue
[2023-04-15T10:50:08.243+0700] {logging_mixin.py:137} INFO - [2023-04-15T10:50:08.243+0700] {dagbag.py:532} INFO - Filling up the DagBag from /home/ahyar/Documents/tut_folder/tut_python/python_script/tut_airflow/env_airflow/lib/python3.9/site-packages/airflow/example_dags/example_trigger_target_dag.py
[2023-04-15T10:50:08.259+0700] {processor.py:753} INFO - DAG(s) dict_keys(['example_trigger_target_dag']) retrieved from /home/ahyar/Documents/tut_folder/tut_python/python_script/tut_airflow/env_airflow/lib/python3.9/site-packages/airflow/example_dags/example_trigger_target_dag.py
[2023-04-15T10:50:08.271+0700] {logging_mixin.py:137} INFO - [2023-04-15T10:50:08.271+0700] {dag.py:2705} INFO - Sync 1 DAGs
[2023-04-15T10:50:08.287+0700] {logging_mixin.py:137} INFO - [2023-04-15T10:50:08.287+0700] {dag.py:3452} INFO - Setting next_dagrun for example_trigger_target_dag to None, run_after=None
[2023-04-15T10:50:08.306+0700] {processor.py:175} INFO - Processing /home/ahyar/Documents/tut_folder/tut_python/python_script/tut_airflow/env_airflow/lib/python3.9/site-packages/airflow/example_dags/example_trigger_target_dag.py took 0.066 seconds
[2023-04-15T10:50:50.637+0700] {processor.py:153} INFO - Started process (PID=17758) to work on /home/ahyar/Documents/tut_folder/tut_python/python_script/tut_airflow/env_airflow/lib/python3.9/site-packages/airflow/example_dags/example_trigger_target_dag.py
[2023-04-15T10:50:50.639+0700] {processor.py:743} INFO - Processing file /home/ahyar/Documents/tut_folder/tut_python/python_script/tut_airflow/env_airflow/lib/python3.9/site-packages/airflow/example_dags/example_trigger_target_dag.py for tasks to queue
[2023-04-15T10:50:50.639+0700] {logging_mixin.py:137} INFO - [2023-04-15T10:50:50.639+0700] {dagbag.py:532} INFO - Filling up the DagBag from /home/ahyar/Documents/tut_folder/tut_python/python_script/tut_airflow/env_airflow/lib/python3.9/site-packages/airflow/example_dags/example_trigger_target_dag.py
[2023-04-15T10:50:50.652+0700] {processor.py:753} INFO - DAG(s) dict_keys(['example_trigger_target_dag']) retrieved from /home/ahyar/Documents/tut_folder/tut_python/python_script/tut_airflow/env_airflow/lib/python3.9/site-packages/airflow/example_dags/example_trigger_target_dag.py
[2023-04-15T10:50:50.663+0700] {logging_mixin.py:137} INFO - [2023-04-15T10:50:50.663+0700] {dag.py:2705} INFO - Sync 1 DAGs
[2023-04-15T10:50:50.673+0700] {logging_mixin.py:137} INFO - [2023-04-15T10:50:50.673+0700] {dag.py:3452} INFO - Setting next_dagrun for example_trigger_target_dag to None, run_after=None
[2023-04-15T10:50:50.687+0700] {processor.py:175} INFO - Processing /home/ahyar/Documents/tut_folder/tut_python/python_script/tut_airflow/env_airflow/lib/python3.9/site-packages/airflow/example_dags/example_trigger_target_dag.py took 0.053 seconds
[2023-04-15T10:51:30.802+0700] {processor.py:153} INFO - Started process (PID=17842) to work on /home/ahyar/Documents/tut_folder/tut_python/python_script/tut_airflow/env_airflow/lib/python3.9/site-packages/airflow/example_dags/example_trigger_target_dag.py
[2023-04-15T10:51:30.804+0700] {processor.py:743} INFO - Processing file /home/ahyar/Documents/tut_folder/tut_python/python_script/tut_airflow/env_airflow/lib/python3.9/site-packages/airflow/example_dags/example_trigger_target_dag.py for tasks to queue
[2023-04-15T10:51:30.804+0700] {logging_mixin.py:137} INFO - [2023-04-15T10:51:30.804+0700] {dagbag.py:532} INFO - Filling up the DagBag from /home/ahyar/Documents/tut_folder/tut_python/python_script/tut_airflow/env_airflow/lib/python3.9/site-packages/airflow/example_dags/example_trigger_target_dag.py
[2023-04-15T10:51:30.820+0700] {processor.py:753} INFO - DAG(s) dict_keys(['example_trigger_target_dag']) retrieved from /home/ahyar/Documents/tut_folder/tut_python/python_script/tut_airflow/env_airflow/lib/python3.9/site-packages/airflow/example_dags/example_trigger_target_dag.py
[2023-04-15T10:51:30.831+0700] {logging_mixin.py:137} INFO - [2023-04-15T10:51:30.831+0700] {dag.py:2705} INFO - Sync 1 DAGs
[2023-04-15T10:51:30.842+0700] {logging_mixin.py:137} INFO - [2023-04-15T10:51:30.842+0700] {dag.py:3452} INFO - Setting next_dagrun for example_trigger_target_dag to None, run_after=None
[2023-04-15T10:51:30.856+0700] {processor.py:175} INFO - Processing /home/ahyar/Documents/tut_folder/tut_python/python_script/tut_airflow/env_airflow/lib/python3.9/site-packages/airflow/example_dags/example_trigger_target_dag.py took 0.057 seconds
[2023-04-15T10:52:16.384+0700] {processor.py:153} INFO - Started process (PID=17914) to work on /home/ahyar/Documents/tut_folder/tut_python/python_script/tut_airflow/env_airflow/lib/python3.9/site-packages/airflow/example_dags/example_trigger_target_dag.py
[2023-04-15T10:52:16.388+0700] {processor.py:743} INFO - Processing file /home/ahyar/Documents/tut_folder/tut_python/python_script/tut_airflow/env_airflow/lib/python3.9/site-packages/airflow/example_dags/example_trigger_target_dag.py for tasks to queue
[2023-04-15T10:52:16.389+0700] {logging_mixin.py:137} INFO - [2023-04-15T10:52:16.389+0700] {dagbag.py:532} INFO - Filling up the DagBag from /home/ahyar/Documents/tut_folder/tut_python/python_script/tut_airflow/env_airflow/lib/python3.9/site-packages/airflow/example_dags/example_trigger_target_dag.py
[2023-04-15T10:52:16.486+0700] {processor.py:753} INFO - DAG(s) dict_keys(['example_trigger_target_dag']) retrieved from /home/ahyar/Documents/tut_folder/tut_python/python_script/tut_airflow/env_airflow/lib/python3.9/site-packages/airflow/example_dags/example_trigger_target_dag.py
[2023-04-15T10:52:16.557+0700] {logging_mixin.py:137} INFO - [2023-04-15T10:52:16.556+0700] {dag.py:2705} INFO - Sync 1 DAGs
[2023-04-15T10:52:16.626+0700] {logging_mixin.py:137} INFO - [2023-04-15T10:52:16.625+0700] {dag.py:3452} INFO - Setting next_dagrun for example_trigger_target_dag to None, run_after=None
[2023-04-15T10:52:16.715+0700] {processor.py:175} INFO - Processing /home/ahyar/Documents/tut_folder/tut_python/python_script/tut_airflow/env_airflow/lib/python3.9/site-packages/airflow/example_dags/example_trigger_target_dag.py took 0.347 seconds
[2023-04-15T10:53:03.713+0700] {processor.py:153} INFO - Started process (PID=18088) to work on /home/ahyar/Documents/tut_folder/tut_python/python_script/tut_airflow/env_airflow/lib/python3.9/site-packages/airflow/example_dags/example_trigger_target_dag.py
[2023-04-15T10:53:03.715+0700] {processor.py:743} INFO - Processing file /home/ahyar/Documents/tut_folder/tut_python/python_script/tut_airflow/env_airflow/lib/python3.9/site-packages/airflow/example_dags/example_trigger_target_dag.py for tasks to queue
[2023-04-15T10:53:03.717+0700] {logging_mixin.py:137} INFO - [2023-04-15T10:53:03.716+0700] {dagbag.py:532} INFO - Filling up the DagBag from /home/ahyar/Documents/tut_folder/tut_python/python_script/tut_airflow/env_airflow/lib/python3.9/site-packages/airflow/example_dags/example_trigger_target_dag.py
[2023-04-15T10:53:03.752+0700] {processor.py:753} INFO - DAG(s) dict_keys(['example_trigger_target_dag']) retrieved from /home/ahyar/Documents/tut_folder/tut_python/python_script/tut_airflow/env_airflow/lib/python3.9/site-packages/airflow/example_dags/example_trigger_target_dag.py
[2023-04-15T10:53:03.786+0700] {logging_mixin.py:137} INFO - [2023-04-15T10:53:03.785+0700] {dag.py:2705} INFO - Sync 1 DAGs
[2023-04-15T10:53:03.817+0700] {logging_mixin.py:137} INFO - [2023-04-15T10:53:03.817+0700] {dag.py:3452} INFO - Setting next_dagrun for example_trigger_target_dag to None, run_after=None
[2023-04-15T10:53:03.852+0700] {processor.py:175} INFO - Processing /home/ahyar/Documents/tut_folder/tut_python/python_script/tut_airflow/env_airflow/lib/python3.9/site-packages/airflow/example_dags/example_trigger_target_dag.py took 0.143 seconds
[2023-04-15T10:53:50.112+0700] {processor.py:153} INFO - Started process (PID=18182) to work on /home/ahyar/Documents/tut_folder/tut_python/python_script/tut_airflow/env_airflow/lib/python3.9/site-packages/airflow/example_dags/example_trigger_target_dag.py
[2023-04-15T10:53:50.113+0700] {processor.py:743} INFO - Processing file /home/ahyar/Documents/tut_folder/tut_python/python_script/tut_airflow/env_airflow/lib/python3.9/site-packages/airflow/example_dags/example_trigger_target_dag.py for tasks to queue
[2023-04-15T10:53:50.113+0700] {logging_mixin.py:137} INFO - [2023-04-15T10:53:50.113+0700] {dagbag.py:532} INFO - Filling up the DagBag from /home/ahyar/Documents/tut_folder/tut_python/python_script/tut_airflow/env_airflow/lib/python3.9/site-packages/airflow/example_dags/example_trigger_target_dag.py
[2023-04-15T10:53:50.131+0700] {processor.py:753} INFO - DAG(s) dict_keys(['example_trigger_target_dag']) retrieved from /home/ahyar/Documents/tut_folder/tut_python/python_script/tut_airflow/env_airflow/lib/python3.9/site-packages/airflow/example_dags/example_trigger_target_dag.py
[2023-04-15T10:53:50.144+0700] {logging_mixin.py:137} INFO - [2023-04-15T10:53:50.144+0700] {dag.py:2705} INFO - Sync 1 DAGs
[2023-04-15T10:53:50.156+0700] {logging_mixin.py:137} INFO - [2023-04-15T10:53:50.156+0700] {dag.py:3452} INFO - Setting next_dagrun for example_trigger_target_dag to None, run_after=None
[2023-04-15T10:53:50.171+0700] {processor.py:175} INFO - Processing /home/ahyar/Documents/tut_folder/tut_python/python_script/tut_airflow/env_airflow/lib/python3.9/site-packages/airflow/example_dags/example_trigger_target_dag.py took 0.061 seconds
[2023-04-15T10:54:33.703+0700] {processor.py:153} INFO - Started process (PID=18266) to work on /home/ahyar/Documents/tut_folder/tut_python/python_script/tut_airflow/env_airflow/lib/python3.9/site-packages/airflow/example_dags/example_trigger_target_dag.py
[2023-04-15T10:54:33.705+0700] {processor.py:743} INFO - Processing file /home/ahyar/Documents/tut_folder/tut_python/python_script/tut_airflow/env_airflow/lib/python3.9/site-packages/airflow/example_dags/example_trigger_target_dag.py for tasks to queue
[2023-04-15T10:54:33.705+0700] {logging_mixin.py:137} INFO - [2023-04-15T10:54:33.705+0700] {dagbag.py:532} INFO - Filling up the DagBag from /home/ahyar/Documents/tut_folder/tut_python/python_script/tut_airflow/env_airflow/lib/python3.9/site-packages/airflow/example_dags/example_trigger_target_dag.py
[2023-04-15T10:54:33.721+0700] {processor.py:753} INFO - DAG(s) dict_keys(['example_trigger_target_dag']) retrieved from /home/ahyar/Documents/tut_folder/tut_python/python_script/tut_airflow/env_airflow/lib/python3.9/site-packages/airflow/example_dags/example_trigger_target_dag.py
[2023-04-15T10:54:33.731+0700] {logging_mixin.py:137} INFO - [2023-04-15T10:54:33.731+0700] {dag.py:2705} INFO - Sync 1 DAGs
[2023-04-15T10:54:33.743+0700] {logging_mixin.py:137} INFO - [2023-04-15T10:54:33.743+0700] {dag.py:3452} INFO - Setting next_dagrun for example_trigger_target_dag to None, run_after=None
[2023-04-15T10:54:33.758+0700] {processor.py:175} INFO - Processing /home/ahyar/Documents/tut_folder/tut_python/python_script/tut_airflow/env_airflow/lib/python3.9/site-packages/airflow/example_dags/example_trigger_target_dag.py took 0.060 seconds
[2023-04-15T10:55:19.388+0700] {processor.py:153} INFO - Started process (PID=18338) to work on /home/ahyar/Documents/tut_folder/tut_python/python_script/tut_airflow/env_airflow/lib/python3.9/site-packages/airflow/example_dags/example_trigger_target_dag.py
[2023-04-15T10:55:19.390+0700] {processor.py:743} INFO - Processing file /home/ahyar/Documents/tut_folder/tut_python/python_script/tut_airflow/env_airflow/lib/python3.9/site-packages/airflow/example_dags/example_trigger_target_dag.py for tasks to queue
[2023-04-15T10:55:19.392+0700] {logging_mixin.py:137} INFO - [2023-04-15T10:55:19.392+0700] {dagbag.py:532} INFO - Filling up the DagBag from /home/ahyar/Documents/tut_folder/tut_python/python_script/tut_airflow/env_airflow/lib/python3.9/site-packages/airflow/example_dags/example_trigger_target_dag.py
[2023-04-15T10:55:19.428+0700] {processor.py:753} INFO - DAG(s) dict_keys(['example_trigger_target_dag']) retrieved from /home/ahyar/Documents/tut_folder/tut_python/python_script/tut_airflow/env_airflow/lib/python3.9/site-packages/airflow/example_dags/example_trigger_target_dag.py
[2023-04-15T10:55:19.456+0700] {logging_mixin.py:137} INFO - [2023-04-15T10:55:19.455+0700] {dag.py:2705} INFO - Sync 1 DAGs
[2023-04-15T10:55:19.488+0700] {logging_mixin.py:137} INFO - [2023-04-15T10:55:19.488+0700] {dag.py:3452} INFO - Setting next_dagrun for example_trigger_target_dag to None, run_after=None
[2023-04-15T10:55:19.542+0700] {processor.py:175} INFO - Processing /home/ahyar/Documents/tut_folder/tut_python/python_script/tut_airflow/env_airflow/lib/python3.9/site-packages/airflow/example_dags/example_trigger_target_dag.py took 0.165 seconds
[2023-04-15T10:56:03.912+0700] {processor.py:153} INFO - Started process (PID=18450) to work on /home/ahyar/Documents/tut_folder/tut_python/python_script/tut_airflow/env_airflow/lib/python3.9/site-packages/airflow/example_dags/example_trigger_target_dag.py
[2023-04-15T10:56:03.913+0700] {processor.py:743} INFO - Processing file /home/ahyar/Documents/tut_folder/tut_python/python_script/tut_airflow/env_airflow/lib/python3.9/site-packages/airflow/example_dags/example_trigger_target_dag.py for tasks to queue
[2023-04-15T10:56:03.913+0700] {logging_mixin.py:137} INFO - [2023-04-15T10:56:03.913+0700] {dagbag.py:532} INFO - Filling up the DagBag from /home/ahyar/Documents/tut_folder/tut_python/python_script/tut_airflow/env_airflow/lib/python3.9/site-packages/airflow/example_dags/example_trigger_target_dag.py
[2023-04-15T10:56:03.929+0700] {processor.py:753} INFO - DAG(s) dict_keys(['example_trigger_target_dag']) retrieved from /home/ahyar/Documents/tut_folder/tut_python/python_script/tut_airflow/env_airflow/lib/python3.9/site-packages/airflow/example_dags/example_trigger_target_dag.py
[2023-04-15T10:56:03.939+0700] {logging_mixin.py:137} INFO - [2023-04-15T10:56:03.939+0700] {dag.py:2705} INFO - Sync 1 DAGs
[2023-04-15T10:56:03.949+0700] {logging_mixin.py:137} INFO - [2023-04-15T10:56:03.949+0700] {dag.py:3452} INFO - Setting next_dagrun for example_trigger_target_dag to None, run_after=None
[2023-04-15T10:56:03.963+0700] {processor.py:175} INFO - Processing /home/ahyar/Documents/tut_folder/tut_python/python_script/tut_airflow/env_airflow/lib/python3.9/site-packages/airflow/example_dags/example_trigger_target_dag.py took 0.053 seconds
[2023-04-15T10:56:45.212+0700] {processor.py:153} INFO - Started process (PID=18519) to work on /home/ahyar/Documents/tut_folder/tut_python/python_script/tut_airflow/env_airflow/lib/python3.9/site-packages/airflow/example_dags/example_trigger_target_dag.py
[2023-04-15T10:56:45.213+0700] {processor.py:743} INFO - Processing file /home/ahyar/Documents/tut_folder/tut_python/python_script/tut_airflow/env_airflow/lib/python3.9/site-packages/airflow/example_dags/example_trigger_target_dag.py for tasks to queue
[2023-04-15T10:56:45.213+0700] {logging_mixin.py:137} INFO - [2023-04-15T10:56:45.213+0700] {dagbag.py:532} INFO - Filling up the DagBag from /home/ahyar/Documents/tut_folder/tut_python/python_script/tut_airflow/env_airflow/lib/python3.9/site-packages/airflow/example_dags/example_trigger_target_dag.py
[2023-04-15T10:56:45.228+0700] {processor.py:753} INFO - DAG(s) dict_keys(['example_trigger_target_dag']) retrieved from /home/ahyar/Documents/tut_folder/tut_python/python_script/tut_airflow/env_airflow/lib/python3.9/site-packages/airflow/example_dags/example_trigger_target_dag.py
[2023-04-15T10:56:45.240+0700] {logging_mixin.py:137} INFO - [2023-04-15T10:56:45.240+0700] {dag.py:2705} INFO - Sync 1 DAGs
[2023-04-15T10:56:45.253+0700] {logging_mixin.py:137} INFO - [2023-04-15T10:56:45.253+0700] {dag.py:3452} INFO - Setting next_dagrun for example_trigger_target_dag to None, run_after=None
[2023-04-15T10:56:45.271+0700] {processor.py:175} INFO - Processing /home/ahyar/Documents/tut_folder/tut_python/python_script/tut_airflow/env_airflow/lib/python3.9/site-packages/airflow/example_dags/example_trigger_target_dag.py took 0.061 seconds
[2023-04-15T10:57:29.347+0700] {processor.py:153} INFO - Started process (PID=18599) to work on /home/ahyar/Documents/tut_folder/tut_python/python_script/tut_airflow/env_airflow/lib/python3.9/site-packages/airflow/example_dags/example_trigger_target_dag.py
[2023-04-15T10:57:29.349+0700] {processor.py:743} INFO - Processing file /home/ahyar/Documents/tut_folder/tut_python/python_script/tut_airflow/env_airflow/lib/python3.9/site-packages/airflow/example_dags/example_trigger_target_dag.py for tasks to queue
[2023-04-15T10:57:29.350+0700] {logging_mixin.py:137} INFO - [2023-04-15T10:57:29.349+0700] {dagbag.py:532} INFO - Filling up the DagBag from /home/ahyar/Documents/tut_folder/tut_python/python_script/tut_airflow/env_airflow/lib/python3.9/site-packages/airflow/example_dags/example_trigger_target_dag.py
[2023-04-15T10:57:29.369+0700] {processor.py:753} INFO - DAG(s) dict_keys(['example_trigger_target_dag']) retrieved from /home/ahyar/Documents/tut_folder/tut_python/python_script/tut_airflow/env_airflow/lib/python3.9/site-packages/airflow/example_dags/example_trigger_target_dag.py
[2023-04-15T10:57:29.383+0700] {logging_mixin.py:137} INFO - [2023-04-15T10:57:29.383+0700] {dag.py:2705} INFO - Sync 1 DAGs
[2023-04-15T10:57:29.396+0700] {logging_mixin.py:137} INFO - [2023-04-15T10:57:29.396+0700] {dag.py:3452} INFO - Setting next_dagrun for example_trigger_target_dag to None, run_after=None
[2023-04-15T10:57:29.413+0700] {processor.py:175} INFO - Processing /home/ahyar/Documents/tut_folder/tut_python/python_script/tut_airflow/env_airflow/lib/python3.9/site-packages/airflow/example_dags/example_trigger_target_dag.py took 0.070 seconds
[2023-04-15T10:58:16.058+0700] {processor.py:153} INFO - Started process (PID=18656) to work on /home/ahyar/Documents/tut_folder/tut_python/python_script/tut_airflow/env_airflow/lib/python3.9/site-packages/airflow/example_dags/example_trigger_target_dag.py
[2023-04-15T10:58:16.059+0700] {processor.py:743} INFO - Processing file /home/ahyar/Documents/tut_folder/tut_python/python_script/tut_airflow/env_airflow/lib/python3.9/site-packages/airflow/example_dags/example_trigger_target_dag.py for tasks to queue
[2023-04-15T10:58:16.061+0700] {logging_mixin.py:137} INFO - [2023-04-15T10:58:16.061+0700] {dagbag.py:532} INFO - Filling up the DagBag from /home/ahyar/Documents/tut_folder/tut_python/python_script/tut_airflow/env_airflow/lib/python3.9/site-packages/airflow/example_dags/example_trigger_target_dag.py
[2023-04-15T10:58:16.084+0700] {processor.py:753} INFO - DAG(s) dict_keys(['example_trigger_target_dag']) retrieved from /home/ahyar/Documents/tut_folder/tut_python/python_script/tut_airflow/env_airflow/lib/python3.9/site-packages/airflow/example_dags/example_trigger_target_dag.py
[2023-04-15T10:58:16.100+0700] {logging_mixin.py:137} INFO - [2023-04-15T10:58:16.100+0700] {dag.py:2705} INFO - Sync 1 DAGs
[2023-04-15T10:58:16.113+0700] {logging_mixin.py:137} INFO - [2023-04-15T10:58:16.113+0700] {dag.py:3452} INFO - Setting next_dagrun for example_trigger_target_dag to None, run_after=None
[2023-04-15T10:58:16.133+0700] {processor.py:175} INFO - Processing /home/ahyar/Documents/tut_folder/tut_python/python_script/tut_airflow/env_airflow/lib/python3.9/site-packages/airflow/example_dags/example_trigger_target_dag.py took 0.080 seconds
[2023-04-15T10:59:02.797+0700] {processor.py:153} INFO - Started process (PID=18868) to work on /home/ahyar/Documents/tut_folder/tut_python/python_script/tut_airflow/env_airflow/lib/python3.9/site-packages/airflow/example_dags/example_trigger_target_dag.py
[2023-04-15T10:59:02.803+0700] {processor.py:743} INFO - Processing file /home/ahyar/Documents/tut_folder/tut_python/python_script/tut_airflow/env_airflow/lib/python3.9/site-packages/airflow/example_dags/example_trigger_target_dag.py for tasks to queue
[2023-04-15T10:59:02.805+0700] {logging_mixin.py:137} INFO - [2023-04-15T10:59:02.805+0700] {dagbag.py:532} INFO - Filling up the DagBag from /home/ahyar/Documents/tut_folder/tut_python/python_script/tut_airflow/env_airflow/lib/python3.9/site-packages/airflow/example_dags/example_trigger_target_dag.py
[2023-04-15T10:59:02.848+0700] {processor.py:753} INFO - DAG(s) dict_keys(['example_trigger_target_dag']) retrieved from /home/ahyar/Documents/tut_folder/tut_python/python_script/tut_airflow/env_airflow/lib/python3.9/site-packages/airflow/example_dags/example_trigger_target_dag.py
[2023-04-15T10:59:02.868+0700] {logging_mixin.py:137} INFO - [2023-04-15T10:59:02.867+0700] {dag.py:2705} INFO - Sync 1 DAGs
[2023-04-15T10:59:02.888+0700] {logging_mixin.py:137} INFO - [2023-04-15T10:59:02.888+0700] {dag.py:3452} INFO - Setting next_dagrun for example_trigger_target_dag to None, run_after=None
[2023-04-15T10:59:02.913+0700] {processor.py:175} INFO - Processing /home/ahyar/Documents/tut_folder/tut_python/python_script/tut_airflow/env_airflow/lib/python3.9/site-packages/airflow/example_dags/example_trigger_target_dag.py took 0.124 seconds
[2023-04-15T11:02:34.364+0700] {processor.py:153} INFO - Started process (PID=21219) to work on /home/ahyar/Documents/tut_folder/tut_python/python_script/tut_airflow/env_airflow/lib/python3.9/site-packages/airflow/example_dags/example_trigger_target_dag.py
[2023-04-15T11:02:34.365+0700] {processor.py:743} INFO - Processing file /home/ahyar/Documents/tut_folder/tut_python/python_script/tut_airflow/env_airflow/lib/python3.9/site-packages/airflow/example_dags/example_trigger_target_dag.py for tasks to queue
[2023-04-15T11:02:34.367+0700] {logging_mixin.py:137} INFO - [2023-04-15T11:02:34.367+0700] {dagbag.py:532} INFO - Filling up the DagBag from /home/ahyar/Documents/tut_folder/tut_python/python_script/tut_airflow/env_airflow/lib/python3.9/site-packages/airflow/example_dags/example_trigger_target_dag.py
[2023-04-15T11:02:34.403+0700] {processor.py:753} INFO - DAG(s) dict_keys(['example_trigger_target_dag']) retrieved from /home/ahyar/Documents/tut_folder/tut_python/python_script/tut_airflow/env_airflow/lib/python3.9/site-packages/airflow/example_dags/example_trigger_target_dag.py
[2023-04-15T11:02:34.461+0700] {logging_mixin.py:137} INFO - [2023-04-15T11:02:34.459+0700] {dag.py:2705} INFO - Sync 1 DAGs
[2023-04-15T11:02:34.502+0700] {logging_mixin.py:137} INFO - [2023-04-15T11:02:34.502+0700] {dag.py:3452} INFO - Setting next_dagrun for example_trigger_target_dag to None, run_after=None
[2023-04-15T11:02:34.524+0700] {processor.py:175} INFO - Processing /home/ahyar/Documents/tut_folder/tut_python/python_script/tut_airflow/env_airflow/lib/python3.9/site-packages/airflow/example_dags/example_trigger_target_dag.py took 0.164 seconds
[2023-04-15T11:05:45.038+0700] {processor.py:153} INFO - Started process (PID=23465) to work on /home/ahyar/Documents/tut_folder/tut_python/python_script/tut_airflow/env_airflow/lib/python3.9/site-packages/airflow/example_dags/example_trigger_target_dag.py
[2023-04-15T11:05:45.040+0700] {processor.py:743} INFO - Processing file /home/ahyar/Documents/tut_folder/tut_python/python_script/tut_airflow/env_airflow/lib/python3.9/site-packages/airflow/example_dags/example_trigger_target_dag.py for tasks to queue
[2023-04-15T11:05:45.040+0700] {logging_mixin.py:137} INFO - [2023-04-15T11:05:45.040+0700] {dagbag.py:532} INFO - Filling up the DagBag from /home/ahyar/Documents/tut_folder/tut_python/python_script/tut_airflow/env_airflow/lib/python3.9/site-packages/airflow/example_dags/example_trigger_target_dag.py
[2023-04-15T11:05:45.057+0700] {processor.py:753} INFO - DAG(s) dict_keys(['example_trigger_target_dag']) retrieved from /home/ahyar/Documents/tut_folder/tut_python/python_script/tut_airflow/env_airflow/lib/python3.9/site-packages/airflow/example_dags/example_trigger_target_dag.py
[2023-04-15T11:05:45.070+0700] {logging_mixin.py:137} INFO - [2023-04-15T11:05:45.070+0700] {dag.py:2705} INFO - Sync 1 DAGs
[2023-04-15T11:05:45.159+0700] {logging_mixin.py:137} INFO - [2023-04-15T11:05:45.159+0700] {dag.py:3452} INFO - Setting next_dagrun for example_trigger_target_dag to None, run_after=None
[2023-04-15T11:05:45.174+0700] {processor.py:175} INFO - Processing /home/ahyar/Documents/tut_folder/tut_python/python_script/tut_airflow/env_airflow/lib/python3.9/site-packages/airflow/example_dags/example_trigger_target_dag.py took 0.140 seconds
