[2023-04-15T10:46:51.244+0700] {processor.py:153} INFO - Started process (PID=16425) to work on /home/ahyar/Documents/tut_folder/tut_python/python_script/tut_airflow/env_airflow/lib/python3.9/site-packages/airflow/example_dags/example_task_group_decorator.py
[2023-04-15T10:46:51.245+0700] {processor.py:743} INFO - Processing file /home/ahyar/Documents/tut_folder/tut_python/python_script/tut_airflow/env_airflow/lib/python3.9/site-packages/airflow/example_dags/example_task_group_decorator.py for tasks to queue
[2023-04-15T10:46:51.245+0700] {logging_mixin.py:137} INFO - [2023-04-15T10:46:51.245+0700] {dagbag.py:532} INFO - Filling up the DagBag from /home/ahyar/Documents/tut_folder/tut_python/python_script/tut_airflow/env_airflow/lib/python3.9/site-packages/airflow/example_dags/example_task_group_decorator.py
[2023-04-15T10:46:51.261+0700] {processor.py:753} INFO - DAG(s) dict_keys(['example_task_group_decorator']) retrieved from /home/ahyar/Documents/tut_folder/tut_python/python_script/tut_airflow/env_airflow/lib/python3.9/site-packages/airflow/example_dags/example_task_group_decorator.py
[2023-04-15T10:46:51.328+0700] {logging_mixin.py:137} INFO - [2023-04-15T10:46:51.328+0700] {manager.py:504} INFO - Created Permission View: can read on DAG:example_task_group_decorator
[2023-04-15T10:46:51.337+0700] {logging_mixin.py:137} INFO - [2023-04-15T10:46:51.337+0700] {manager.py:504} INFO - Created Permission View: can edit on DAG:example_task_group_decorator
[2023-04-15T10:46:51.346+0700] {logging_mixin.py:137} INFO - [2023-04-15T10:46:51.345+0700] {manager.py:504} INFO - Created Permission View: can delete on DAG:example_task_group_decorator
[2023-04-15T10:46:51.346+0700] {logging_mixin.py:137} INFO - [2023-04-15T10:46:51.346+0700] {dag.py:2705} INFO - Sync 1 DAGs
[2023-04-15T10:46:51.351+0700] {logging_mixin.py:137} INFO - [2023-04-15T10:46:51.351+0700] {dag.py:2726} INFO - Creating ORM DAG for example_task_group_decorator
[2023-04-15T10:46:51.356+0700] {logging_mixin.py:137} INFO - [2023-04-15T10:46:51.356+0700] {dag.py:3452} INFO - Setting next_dagrun for example_task_group_decorator to 2023-04-14T03:46:51.356217+00:00, run_after=2023-04-15T03:46:51.356217+00:00
[2023-04-15T10:46:51.371+0700] {processor.py:175} INFO - Processing /home/ahyar/Documents/tut_folder/tut_python/python_script/tut_airflow/env_airflow/lib/python3.9/site-packages/airflow/example_dags/example_task_group_decorator.py took 0.128 seconds
[2023-04-15T10:47:33.545+0700] {processor.py:153} INFO - Started process (PID=16611) to work on /home/ahyar/Documents/tut_folder/tut_python/python_script/tut_airflow/env_airflow/lib/python3.9/site-packages/airflow/example_dags/example_task_group_decorator.py
[2023-04-15T10:47:33.546+0700] {processor.py:743} INFO - Processing file /home/ahyar/Documents/tut_folder/tut_python/python_script/tut_airflow/env_airflow/lib/python3.9/site-packages/airflow/example_dags/example_task_group_decorator.py for tasks to queue
[2023-04-15T10:47:33.547+0700] {logging_mixin.py:137} INFO - [2023-04-15T10:47:33.546+0700] {dagbag.py:532} INFO - Filling up the DagBag from /home/ahyar/Documents/tut_folder/tut_python/python_script/tut_airflow/env_airflow/lib/python3.9/site-packages/airflow/example_dags/example_task_group_decorator.py
[2023-04-15T10:47:33.565+0700] {processor.py:753} INFO - DAG(s) dict_keys(['example_task_group_decorator']) retrieved from /home/ahyar/Documents/tut_folder/tut_python/python_script/tut_airflow/env_airflow/lib/python3.9/site-packages/airflow/example_dags/example_task_group_decorator.py
[2023-04-15T10:47:33.576+0700] {logging_mixin.py:137} INFO - [2023-04-15T10:47:33.576+0700] {dag.py:2705} INFO - Sync 1 DAGs
[2023-04-15T10:47:33.587+0700] {logging_mixin.py:137} INFO - [2023-04-15T10:47:33.586+0700] {dag.py:3452} INFO - Setting next_dagrun for example_task_group_decorator to 2023-04-14T03:47:33.586790+00:00, run_after=2023-04-15T03:47:33.586790+00:00
[2023-04-15T10:47:33.601+0700] {processor.py:175} INFO - Processing /home/ahyar/Documents/tut_folder/tut_python/python_script/tut_airflow/env_airflow/lib/python3.9/site-packages/airflow/example_dags/example_task_group_decorator.py took 0.060 seconds
[2023-04-15T10:48:45.971+0700] {processor.py:153} INFO - Started process (PID=17100) to work on /home/ahyar/Documents/tut_folder/tut_python/python_script/tut_airflow/env_airflow/lib/python3.9/site-packages/airflow/example_dags/example_task_group_decorator.py
[2023-04-15T10:48:45.973+0700] {processor.py:743} INFO - Processing file /home/ahyar/Documents/tut_folder/tut_python/python_script/tut_airflow/env_airflow/lib/python3.9/site-packages/airflow/example_dags/example_task_group_decorator.py for tasks to queue
[2023-04-15T10:48:45.974+0700] {logging_mixin.py:137} INFO - [2023-04-15T10:48:45.974+0700] {dagbag.py:532} INFO - Filling up the DagBag from /home/ahyar/Documents/tut_folder/tut_python/python_script/tut_airflow/env_airflow/lib/python3.9/site-packages/airflow/example_dags/example_task_group_decorator.py
[2023-04-15T10:48:45.993+0700] {processor.py:753} INFO - DAG(s) dict_keys(['example_task_group_decorator']) retrieved from /home/ahyar/Documents/tut_folder/tut_python/python_script/tut_airflow/env_airflow/lib/python3.9/site-packages/airflow/example_dags/example_task_group_decorator.py
[2023-04-15T10:48:46.008+0700] {logging_mixin.py:137} INFO - [2023-04-15T10:48:46.008+0700] {dag.py:2705} INFO - Sync 1 DAGs
[2023-04-15T10:48:46.020+0700] {logging_mixin.py:137} INFO - [2023-04-15T10:48:46.020+0700] {dag.py:3452} INFO - Setting next_dagrun for example_task_group_decorator to 2023-04-14T03:48:46.020454+00:00, run_after=2023-04-15T03:48:46.020454+00:00
[2023-04-15T10:48:46.046+0700] {processor.py:175} INFO - Processing /home/ahyar/Documents/tut_folder/tut_python/python_script/tut_airflow/env_airflow/lib/python3.9/site-packages/airflow/example_dags/example_task_group_decorator.py took 0.077 seconds
[2023-04-15T10:49:33.134+0700] {processor.py:153} INFO - Started process (PID=17464) to work on /home/ahyar/Documents/tut_folder/tut_python/python_script/tut_airflow/env_airflow/lib/python3.9/site-packages/airflow/example_dags/example_task_group_decorator.py
[2023-04-15T10:49:33.138+0700] {processor.py:743} INFO - Processing file /home/ahyar/Documents/tut_folder/tut_python/python_script/tut_airflow/env_airflow/lib/python3.9/site-packages/airflow/example_dags/example_task_group_decorator.py for tasks to queue
[2023-04-15T10:49:33.139+0700] {logging_mixin.py:137} INFO - [2023-04-15T10:49:33.139+0700] {dagbag.py:532} INFO - Filling up the DagBag from /home/ahyar/Documents/tut_folder/tut_python/python_script/tut_airflow/env_airflow/lib/python3.9/site-packages/airflow/example_dags/example_task_group_decorator.py
[2023-04-15T10:49:33.208+0700] {processor.py:753} INFO - DAG(s) dict_keys(['example_task_group_decorator']) retrieved from /home/ahyar/Documents/tut_folder/tut_python/python_script/tut_airflow/env_airflow/lib/python3.9/site-packages/airflow/example_dags/example_task_group_decorator.py
[2023-04-15T10:49:33.270+0700] {logging_mixin.py:137} INFO - [2023-04-15T10:49:33.269+0700] {dag.py:2705} INFO - Sync 1 DAGs
[2023-04-15T10:49:33.323+0700] {logging_mixin.py:137} INFO - [2023-04-15T10:49:33.323+0700] {dag.py:3452} INFO - Setting next_dagrun for example_task_group_decorator to 2023-04-14T03:49:33.322608+00:00, run_after=2023-04-15T03:49:33.322608+00:00
[2023-04-15T10:49:33.380+0700] {processor.py:175} INFO - Processing /home/ahyar/Documents/tut_folder/tut_python/python_script/tut_airflow/env_airflow/lib/python3.9/site-packages/airflow/example_dags/example_task_group_decorator.py took 0.256 seconds
[2023-04-15T10:50:19.302+0700] {processor.py:153} INFO - Started process (PID=17715) to work on /home/ahyar/Documents/tut_folder/tut_python/python_script/tut_airflow/env_airflow/lib/python3.9/site-packages/airflow/example_dags/example_task_group_decorator.py
[2023-04-15T10:50:19.303+0700] {processor.py:743} INFO - Processing file /home/ahyar/Documents/tut_folder/tut_python/python_script/tut_airflow/env_airflow/lib/python3.9/site-packages/airflow/example_dags/example_task_group_decorator.py for tasks to queue
[2023-04-15T10:50:19.303+0700] {logging_mixin.py:137} INFO - [2023-04-15T10:50:19.303+0700] {dagbag.py:532} INFO - Filling up the DagBag from /home/ahyar/Documents/tut_folder/tut_python/python_script/tut_airflow/env_airflow/lib/python3.9/site-packages/airflow/example_dags/example_task_group_decorator.py
[2023-04-15T10:50:19.334+0700] {processor.py:753} INFO - DAG(s) dict_keys(['example_task_group_decorator']) retrieved from /home/ahyar/Documents/tut_folder/tut_python/python_script/tut_airflow/env_airflow/lib/python3.9/site-packages/airflow/example_dags/example_task_group_decorator.py
[2023-04-15T10:50:19.360+0700] {logging_mixin.py:137} INFO - [2023-04-15T10:50:19.360+0700] {dag.py:2705} INFO - Sync 1 DAGs
[2023-04-15T10:50:19.378+0700] {logging_mixin.py:137} INFO - [2023-04-15T10:50:19.378+0700] {dag.py:3452} INFO - Setting next_dagrun for example_task_group_decorator to 2023-04-14T03:50:19.378176+00:00, run_after=2023-04-15T03:50:19.378176+00:00
[2023-04-15T10:50:19.399+0700] {processor.py:175} INFO - Processing /home/ahyar/Documents/tut_folder/tut_python/python_script/tut_airflow/env_airflow/lib/python3.9/site-packages/airflow/example_dags/example_task_group_decorator.py took 0.099 seconds
[2023-04-15T10:51:00.924+0700] {processor.py:153} INFO - Started process (PID=17773) to work on /home/ahyar/Documents/tut_folder/tut_python/python_script/tut_airflow/env_airflow/lib/python3.9/site-packages/airflow/example_dags/example_task_group_decorator.py
[2023-04-15T10:51:00.925+0700] {processor.py:743} INFO - Processing file /home/ahyar/Documents/tut_folder/tut_python/python_script/tut_airflow/env_airflow/lib/python3.9/site-packages/airflow/example_dags/example_task_group_decorator.py for tasks to queue
[2023-04-15T10:51:00.925+0700] {logging_mixin.py:137} INFO - [2023-04-15T10:51:00.925+0700] {dagbag.py:532} INFO - Filling up the DagBag from /home/ahyar/Documents/tut_folder/tut_python/python_script/tut_airflow/env_airflow/lib/python3.9/site-packages/airflow/example_dags/example_task_group_decorator.py
[2023-04-15T10:51:00.948+0700] {processor.py:753} INFO - DAG(s) dict_keys(['example_task_group_decorator']) retrieved from /home/ahyar/Documents/tut_folder/tut_python/python_script/tut_airflow/env_airflow/lib/python3.9/site-packages/airflow/example_dags/example_task_group_decorator.py
[2023-04-15T10:51:00.972+0700] {logging_mixin.py:137} INFO - [2023-04-15T10:51:00.972+0700] {dag.py:2705} INFO - Sync 1 DAGs
[2023-04-15T10:51:00.991+0700] {logging_mixin.py:137} INFO - [2023-04-15T10:51:00.991+0700] {dag.py:3452} INFO - Setting next_dagrun for example_task_group_decorator to 2023-04-14T03:51:00.991460+00:00, run_after=2023-04-15T03:51:00.991460+00:00
[2023-04-15T10:51:01.010+0700] {processor.py:175} INFO - Processing /home/ahyar/Documents/tut_folder/tut_python/python_script/tut_airflow/env_airflow/lib/python3.9/site-packages/airflow/example_dags/example_task_group_decorator.py took 0.089 seconds
[2023-04-15T10:51:43.415+0700] {processor.py:153} INFO - Started process (PID=17853) to work on /home/ahyar/Documents/tut_folder/tut_python/python_script/tut_airflow/env_airflow/lib/python3.9/site-packages/airflow/example_dags/example_task_group_decorator.py
[2023-04-15T10:51:43.416+0700] {processor.py:743} INFO - Processing file /home/ahyar/Documents/tut_folder/tut_python/python_script/tut_airflow/env_airflow/lib/python3.9/site-packages/airflow/example_dags/example_task_group_decorator.py for tasks to queue
[2023-04-15T10:51:43.417+0700] {logging_mixin.py:137} INFO - [2023-04-15T10:51:43.417+0700] {dagbag.py:532} INFO - Filling up the DagBag from /home/ahyar/Documents/tut_folder/tut_python/python_script/tut_airflow/env_airflow/lib/python3.9/site-packages/airflow/example_dags/example_task_group_decorator.py
[2023-04-15T10:51:43.435+0700] {processor.py:753} INFO - DAG(s) dict_keys(['example_task_group_decorator']) retrieved from /home/ahyar/Documents/tut_folder/tut_python/python_script/tut_airflow/env_airflow/lib/python3.9/site-packages/airflow/example_dags/example_task_group_decorator.py
[2023-04-15T10:51:43.451+0700] {logging_mixin.py:137} INFO - [2023-04-15T10:51:43.451+0700] {dag.py:2705} INFO - Sync 1 DAGs
[2023-04-15T10:51:43.464+0700] {logging_mixin.py:137} INFO - [2023-04-15T10:51:43.464+0700] {dag.py:3452} INFO - Setting next_dagrun for example_task_group_decorator to 2023-04-14T03:51:43.464354+00:00, run_after=2023-04-15T03:51:43.464354+00:00
[2023-04-15T10:51:43.533+0700] {processor.py:175} INFO - Processing /home/ahyar/Documents/tut_folder/tut_python/python_script/tut_airflow/env_airflow/lib/python3.9/site-packages/airflow/example_dags/example_task_group_decorator.py took 0.119 seconds
[2023-04-15T10:52:28.232+0700] {processor.py:153} INFO - Started process (PID=17951) to work on /home/ahyar/Documents/tut_folder/tut_python/python_script/tut_airflow/env_airflow/lib/python3.9/site-packages/airflow/example_dags/example_task_group_decorator.py
[2023-04-15T10:52:28.235+0700] {processor.py:743} INFO - Processing file /home/ahyar/Documents/tut_folder/tut_python/python_script/tut_airflow/env_airflow/lib/python3.9/site-packages/airflow/example_dags/example_task_group_decorator.py for tasks to queue
[2023-04-15T10:52:28.239+0700] {logging_mixin.py:137} INFO - [2023-04-15T10:52:28.238+0700] {dagbag.py:532} INFO - Filling up the DagBag from /home/ahyar/Documents/tut_folder/tut_python/python_script/tut_airflow/env_airflow/lib/python3.9/site-packages/airflow/example_dags/example_task_group_decorator.py
[2023-04-15T10:52:28.289+0700] {processor.py:753} INFO - DAG(s) dict_keys(['example_task_group_decorator']) retrieved from /home/ahyar/Documents/tut_folder/tut_python/python_script/tut_airflow/env_airflow/lib/python3.9/site-packages/airflow/example_dags/example_task_group_decorator.py
[2023-04-15T10:52:28.307+0700] {logging_mixin.py:137} INFO - [2023-04-15T10:52:28.307+0700] {dag.py:2705} INFO - Sync 1 DAGs
[2023-04-15T10:52:28.336+0700] {logging_mixin.py:137} INFO - [2023-04-15T10:52:28.335+0700] {dag.py:3452} INFO - Setting next_dagrun for example_task_group_decorator to 2023-04-14T03:52:28.335118+00:00, run_after=2023-04-15T03:52:28.335118+00:00
[2023-04-15T10:52:28.363+0700] {processor.py:175} INFO - Processing /home/ahyar/Documents/tut_folder/tut_python/python_script/tut_airflow/env_airflow/lib/python3.9/site-packages/airflow/example_dags/example_task_group_decorator.py took 0.138 seconds
[2023-04-15T10:53:16.700+0700] {processor.py:153} INFO - Started process (PID=18107) to work on /home/ahyar/Documents/tut_folder/tut_python/python_script/tut_airflow/env_airflow/lib/python3.9/site-packages/airflow/example_dags/example_task_group_decorator.py
[2023-04-15T10:53:16.701+0700] {processor.py:743} INFO - Processing file /home/ahyar/Documents/tut_folder/tut_python/python_script/tut_airflow/env_airflow/lib/python3.9/site-packages/airflow/example_dags/example_task_group_decorator.py for tasks to queue
[2023-04-15T10:53:16.701+0700] {logging_mixin.py:137} INFO - [2023-04-15T10:53:16.701+0700] {dagbag.py:532} INFO - Filling up the DagBag from /home/ahyar/Documents/tut_folder/tut_python/python_script/tut_airflow/env_airflow/lib/python3.9/site-packages/airflow/example_dags/example_task_group_decorator.py
[2023-04-15T10:53:16.735+0700] {processor.py:753} INFO - DAG(s) dict_keys(['example_task_group_decorator']) retrieved from /home/ahyar/Documents/tut_folder/tut_python/python_script/tut_airflow/env_airflow/lib/python3.9/site-packages/airflow/example_dags/example_task_group_decorator.py
[2023-04-15T10:53:16.765+0700] {logging_mixin.py:137} INFO - [2023-04-15T10:53:16.765+0700] {dag.py:2705} INFO - Sync 1 DAGs
[2023-04-15T10:53:16.788+0700] {logging_mixin.py:137} INFO - [2023-04-15T10:53:16.788+0700] {dag.py:3452} INFO - Setting next_dagrun for example_task_group_decorator to 2023-04-14T03:53:16.788434+00:00, run_after=2023-04-15T03:53:16.788434+00:00
[2023-04-15T10:53:16.814+0700] {processor.py:175} INFO - Processing /home/ahyar/Documents/tut_folder/tut_python/python_script/tut_airflow/env_airflow/lib/python3.9/site-packages/airflow/example_dags/example_task_group_decorator.py took 0.116 seconds
[2023-04-15T10:54:02.556+0700] {processor.py:153} INFO - Started process (PID=18200) to work on /home/ahyar/Documents/tut_folder/tut_python/python_script/tut_airflow/env_airflow/lib/python3.9/site-packages/airflow/example_dags/example_task_group_decorator.py
[2023-04-15T10:54:02.557+0700] {processor.py:743} INFO - Processing file /home/ahyar/Documents/tut_folder/tut_python/python_script/tut_airflow/env_airflow/lib/python3.9/site-packages/airflow/example_dags/example_task_group_decorator.py for tasks to queue
[2023-04-15T10:54:02.557+0700] {logging_mixin.py:137} INFO - [2023-04-15T10:54:02.557+0700] {dagbag.py:532} INFO - Filling up the DagBag from /home/ahyar/Documents/tut_folder/tut_python/python_script/tut_airflow/env_airflow/lib/python3.9/site-packages/airflow/example_dags/example_task_group_decorator.py
[2023-04-15T10:54:02.574+0700] {processor.py:753} INFO - DAG(s) dict_keys(['example_task_group_decorator']) retrieved from /home/ahyar/Documents/tut_folder/tut_python/python_script/tut_airflow/env_airflow/lib/python3.9/site-packages/airflow/example_dags/example_task_group_decorator.py
[2023-04-15T10:54:02.589+0700] {logging_mixin.py:137} INFO - [2023-04-15T10:54:02.588+0700] {dag.py:2705} INFO - Sync 1 DAGs
[2023-04-15T10:54:02.600+0700] {logging_mixin.py:137} INFO - [2023-04-15T10:54:02.600+0700] {dag.py:3452} INFO - Setting next_dagrun for example_task_group_decorator to 2023-04-14T03:54:02.600564+00:00, run_after=2023-04-15T03:54:02.600564+00:00
[2023-04-15T10:54:02.616+0700] {processor.py:175} INFO - Processing /home/ahyar/Documents/tut_folder/tut_python/python_script/tut_airflow/env_airflow/lib/python3.9/site-packages/airflow/example_dags/example_task_group_decorator.py took 0.062 seconds
[2023-04-15T10:54:45.706+0700] {processor.py:153} INFO - Started process (PID=18298) to work on /home/ahyar/Documents/tut_folder/tut_python/python_script/tut_airflow/env_airflow/lib/python3.9/site-packages/airflow/example_dags/example_task_group_decorator.py
[2023-04-15T10:54:45.708+0700] {processor.py:743} INFO - Processing file /home/ahyar/Documents/tut_folder/tut_python/python_script/tut_airflow/env_airflow/lib/python3.9/site-packages/airflow/example_dags/example_task_group_decorator.py for tasks to queue
[2023-04-15T10:54:45.709+0700] {logging_mixin.py:137} INFO - [2023-04-15T10:54:45.709+0700] {dagbag.py:532} INFO - Filling up the DagBag from /home/ahyar/Documents/tut_folder/tut_python/python_script/tut_airflow/env_airflow/lib/python3.9/site-packages/airflow/example_dags/example_task_group_decorator.py
[2023-04-15T10:54:45.745+0700] {processor.py:753} INFO - DAG(s) dict_keys(['example_task_group_decorator']) retrieved from /home/ahyar/Documents/tut_folder/tut_python/python_script/tut_airflow/env_airflow/lib/python3.9/site-packages/airflow/example_dags/example_task_group_decorator.py
[2023-04-15T10:54:45.766+0700] {logging_mixin.py:137} INFO - [2023-04-15T10:54:45.766+0700] {dag.py:2705} INFO - Sync 1 DAGs
[2023-04-15T10:54:45.783+0700] {logging_mixin.py:137} INFO - [2023-04-15T10:54:45.782+0700] {dag.py:3452} INFO - Setting next_dagrun for example_task_group_decorator to 2023-04-14T03:54:45.781198+00:00, run_after=2023-04-15T03:54:45.781198+00:00
[2023-04-15T10:54:45.810+0700] {processor.py:175} INFO - Processing /home/ahyar/Documents/tut_folder/tut_python/python_script/tut_airflow/env_airflow/lib/python3.9/site-packages/airflow/example_dags/example_task_group_decorator.py took 0.109 seconds
[2023-04-15T10:55:29.700+0700] {processor.py:153} INFO - Started process (PID=18353) to work on /home/ahyar/Documents/tut_folder/tut_python/python_script/tut_airflow/env_airflow/lib/python3.9/site-packages/airflow/example_dags/example_task_group_decorator.py
[2023-04-15T10:55:30.091+0700] {processor.py:743} INFO - Processing file /home/ahyar/Documents/tut_folder/tut_python/python_script/tut_airflow/env_airflow/lib/python3.9/site-packages/airflow/example_dags/example_task_group_decorator.py for tasks to queue
[2023-04-15T10:55:30.093+0700] {logging_mixin.py:137} INFO - [2023-04-15T10:55:30.093+0700] {dagbag.py:532} INFO - Filling up the DagBag from /home/ahyar/Documents/tut_folder/tut_python/python_script/tut_airflow/env_airflow/lib/python3.9/site-packages/airflow/example_dags/example_task_group_decorator.py
[2023-04-15T10:55:30.121+0700] {processor.py:753} INFO - DAG(s) dict_keys(['example_task_group_decorator']) retrieved from /home/ahyar/Documents/tut_folder/tut_python/python_script/tut_airflow/env_airflow/lib/python3.9/site-packages/airflow/example_dags/example_task_group_decorator.py
[2023-04-15T10:55:30.136+0700] {logging_mixin.py:137} INFO - [2023-04-15T10:55:30.136+0700] {dag.py:2705} INFO - Sync 1 DAGs
[2023-04-15T10:55:30.149+0700] {logging_mixin.py:137} INFO - [2023-04-15T10:55:30.149+0700] {dag.py:3452} INFO - Setting next_dagrun for example_task_group_decorator to 2023-04-14T03:55:30.149555+00:00, run_after=2023-04-15T03:55:30.149555+00:00
[2023-04-15T10:55:30.213+0700] {processor.py:175} INFO - Processing /home/ahyar/Documents/tut_folder/tut_python/python_script/tut_airflow/env_airflow/lib/python3.9/site-packages/airflow/example_dags/example_task_group_decorator.py took 0.515 seconds
[2023-04-15T10:56:15.376+0700] {processor.py:153} INFO - Started process (PID=18462) to work on /home/ahyar/Documents/tut_folder/tut_python/python_script/tut_airflow/env_airflow/lib/python3.9/site-packages/airflow/example_dags/example_task_group_decorator.py
[2023-04-15T10:56:15.377+0700] {processor.py:743} INFO - Processing file /home/ahyar/Documents/tut_folder/tut_python/python_script/tut_airflow/env_airflow/lib/python3.9/site-packages/airflow/example_dags/example_task_group_decorator.py for tasks to queue
[2023-04-15T10:56:15.377+0700] {logging_mixin.py:137} INFO - [2023-04-15T10:56:15.377+0700] {dagbag.py:532} INFO - Filling up the DagBag from /home/ahyar/Documents/tut_folder/tut_python/python_script/tut_airflow/env_airflow/lib/python3.9/site-packages/airflow/example_dags/example_task_group_decorator.py
[2023-04-15T10:56:15.395+0700] {processor.py:753} INFO - DAG(s) dict_keys(['example_task_group_decorator']) retrieved from /home/ahyar/Documents/tut_folder/tut_python/python_script/tut_airflow/env_airflow/lib/python3.9/site-packages/airflow/example_dags/example_task_group_decorator.py
[2023-04-15T10:56:15.406+0700] {logging_mixin.py:137} INFO - [2023-04-15T10:56:15.406+0700] {dag.py:2705} INFO - Sync 1 DAGs
[2023-04-15T10:56:15.417+0700] {logging_mixin.py:137} INFO - [2023-04-15T10:56:15.416+0700] {dag.py:3452} INFO - Setting next_dagrun for example_task_group_decorator to 2023-04-14T03:56:15.416800+00:00, run_after=2023-04-15T03:56:15.416800+00:00
[2023-04-15T10:56:15.431+0700] {processor.py:175} INFO - Processing /home/ahyar/Documents/tut_folder/tut_python/python_script/tut_airflow/env_airflow/lib/python3.9/site-packages/airflow/example_dags/example_task_group_decorator.py took 0.060 seconds
[2023-04-15T10:56:55.968+0700] {processor.py:153} INFO - Started process (PID=18530) to work on /home/ahyar/Documents/tut_folder/tut_python/python_script/tut_airflow/env_airflow/lib/python3.9/site-packages/airflow/example_dags/example_task_group_decorator.py
[2023-04-15T10:56:55.969+0700] {processor.py:743} INFO - Processing file /home/ahyar/Documents/tut_folder/tut_python/python_script/tut_airflow/env_airflow/lib/python3.9/site-packages/airflow/example_dags/example_task_group_decorator.py for tasks to queue
[2023-04-15T10:56:55.969+0700] {logging_mixin.py:137} INFO - [2023-04-15T10:56:55.969+0700] {dagbag.py:532} INFO - Filling up the DagBag from /home/ahyar/Documents/tut_folder/tut_python/python_script/tut_airflow/env_airflow/lib/python3.9/site-packages/airflow/example_dags/example_task_group_decorator.py
[2023-04-15T10:56:55.986+0700] {processor.py:753} INFO - DAG(s) dict_keys(['example_task_group_decorator']) retrieved from /home/ahyar/Documents/tut_folder/tut_python/python_script/tut_airflow/env_airflow/lib/python3.9/site-packages/airflow/example_dags/example_task_group_decorator.py
[2023-04-15T10:56:56.000+0700] {logging_mixin.py:137} INFO - [2023-04-15T10:56:56.000+0700] {dag.py:2705} INFO - Sync 1 DAGs
[2023-04-15T10:56:56.014+0700] {logging_mixin.py:137} INFO - [2023-04-15T10:56:56.014+0700] {dag.py:3452} INFO - Setting next_dagrun for example_task_group_decorator to 2023-04-14T03:56:56.014135+00:00, run_after=2023-04-15T03:56:56.014135+00:00
[2023-04-15T10:56:56.030+0700] {processor.py:175} INFO - Processing /home/ahyar/Documents/tut_folder/tut_python/python_script/tut_airflow/env_airflow/lib/python3.9/site-packages/airflow/example_dags/example_task_group_decorator.py took 0.063 seconds
[2023-04-15T10:57:41.487+0700] {processor.py:153} INFO - Started process (PID=18612) to work on /home/ahyar/Documents/tut_folder/tut_python/python_script/tut_airflow/env_airflow/lib/python3.9/site-packages/airflow/example_dags/example_task_group_decorator.py
[2023-04-15T10:57:41.488+0700] {processor.py:743} INFO - Processing file /home/ahyar/Documents/tut_folder/tut_python/python_script/tut_airflow/env_airflow/lib/python3.9/site-packages/airflow/example_dags/example_task_group_decorator.py for tasks to queue
[2023-04-15T10:57:41.488+0700] {logging_mixin.py:137} INFO - [2023-04-15T10:57:41.488+0700] {dagbag.py:532} INFO - Filling up the DagBag from /home/ahyar/Documents/tut_folder/tut_python/python_script/tut_airflow/env_airflow/lib/python3.9/site-packages/airflow/example_dags/example_task_group_decorator.py
[2023-04-15T10:57:41.509+0700] {processor.py:753} INFO - DAG(s) dict_keys(['example_task_group_decorator']) retrieved from /home/ahyar/Documents/tut_folder/tut_python/python_script/tut_airflow/env_airflow/lib/python3.9/site-packages/airflow/example_dags/example_task_group_decorator.py
[2023-04-15T10:57:41.524+0700] {logging_mixin.py:137} INFO - [2023-04-15T10:57:41.524+0700] {dag.py:2705} INFO - Sync 1 DAGs
[2023-04-15T10:57:41.539+0700] {logging_mixin.py:137} INFO - [2023-04-15T10:57:41.538+0700] {dag.py:3452} INFO - Setting next_dagrun for example_task_group_decorator to 2023-04-14T03:57:41.537046+00:00, run_after=2023-04-15T03:57:41.537046+00:00
[2023-04-15T10:57:41.558+0700] {processor.py:175} INFO - Processing /home/ahyar/Documents/tut_folder/tut_python/python_script/tut_airflow/env_airflow/lib/python3.9/site-packages/airflow/example_dags/example_task_group_decorator.py took 0.075 seconds
[2023-04-15T10:58:29.171+0700] {processor.py:153} INFO - Started process (PID=18701) to work on /home/ahyar/Documents/tut_folder/tut_python/python_script/tut_airflow/env_airflow/lib/python3.9/site-packages/airflow/example_dags/example_task_group_decorator.py
[2023-04-15T10:58:29.172+0700] {processor.py:743} INFO - Processing file /home/ahyar/Documents/tut_folder/tut_python/python_script/tut_airflow/env_airflow/lib/python3.9/site-packages/airflow/example_dags/example_task_group_decorator.py for tasks to queue
[2023-04-15T10:58:29.173+0700] {logging_mixin.py:137} INFO - [2023-04-15T10:58:29.172+0700] {dagbag.py:532} INFO - Filling up the DagBag from /home/ahyar/Documents/tut_folder/tut_python/python_script/tut_airflow/env_airflow/lib/python3.9/site-packages/airflow/example_dags/example_task_group_decorator.py
[2023-04-15T10:58:29.210+0700] {processor.py:753} INFO - DAG(s) dict_keys(['example_task_group_decorator']) retrieved from /home/ahyar/Documents/tut_folder/tut_python/python_script/tut_airflow/env_airflow/lib/python3.9/site-packages/airflow/example_dags/example_task_group_decorator.py
[2023-04-15T10:58:29.243+0700] {logging_mixin.py:137} INFO - [2023-04-15T10:58:29.243+0700] {dag.py:2705} INFO - Sync 1 DAGs
[2023-04-15T10:58:29.276+0700] {logging_mixin.py:137} INFO - [2023-04-15T10:58:29.276+0700] {dag.py:3452} INFO - Setting next_dagrun for example_task_group_decorator to 2023-04-14T03:58:29.275915+00:00, run_after=2023-04-15T03:58:29.275915+00:00
[2023-04-15T10:58:29.302+0700] {processor.py:175} INFO - Processing /home/ahyar/Documents/tut_folder/tut_python/python_script/tut_airflow/env_airflow/lib/python3.9/site-packages/airflow/example_dags/example_task_group_decorator.py took 0.136 seconds
[2023-04-15T10:59:49.878+0700] {processor.py:153} INFO - Started process (PID=19428) to work on /home/ahyar/Documents/tut_folder/tut_python/python_script/tut_airflow/env_airflow/lib/python3.9/site-packages/airflow/example_dags/example_task_group_decorator.py
[2023-04-15T10:59:49.879+0700] {processor.py:743} INFO - Processing file /home/ahyar/Documents/tut_folder/tut_python/python_script/tut_airflow/env_airflow/lib/python3.9/site-packages/airflow/example_dags/example_task_group_decorator.py for tasks to queue
[2023-04-15T10:59:49.880+0700] {logging_mixin.py:137} INFO - [2023-04-15T10:59:49.880+0700] {dagbag.py:532} INFO - Filling up the DagBag from /home/ahyar/Documents/tut_folder/tut_python/python_script/tut_airflow/env_airflow/lib/python3.9/site-packages/airflow/example_dags/example_task_group_decorator.py
[2023-04-15T10:59:49.922+0700] {processor.py:753} INFO - DAG(s) dict_keys(['example_task_group_decorator']) retrieved from /home/ahyar/Documents/tut_folder/tut_python/python_script/tut_airflow/env_airflow/lib/python3.9/site-packages/airflow/example_dags/example_task_group_decorator.py
[2023-04-15T10:59:49.943+0700] {logging_mixin.py:137} INFO - [2023-04-15T10:59:49.943+0700] {dag.py:2705} INFO - Sync 1 DAGs
[2023-04-15T10:59:49.968+0700] {logging_mixin.py:137} INFO - [2023-04-15T10:59:49.967+0700] {dag.py:3452} INFO - Setting next_dagrun for example_task_group_decorator to 2023-04-14T03:59:49.966941+00:00, run_after=2023-04-15T03:59:49.966941+00:00
[2023-04-15T10:59:49.993+0700] {processor.py:175} INFO - Processing /home/ahyar/Documents/tut_folder/tut_python/python_script/tut_airflow/env_airflow/lib/python3.9/site-packages/airflow/example_dags/example_task_group_decorator.py took 0.122 seconds
[2023-04-15T11:03:23.850+0700] {processor.py:153} INFO - Started process (PID=21883) to work on /home/ahyar/Documents/tut_folder/tut_python/python_script/tut_airflow/env_airflow/lib/python3.9/site-packages/airflow/example_dags/example_task_group_decorator.py
[2023-04-15T11:03:23.852+0700] {processor.py:743} INFO - Processing file /home/ahyar/Documents/tut_folder/tut_python/python_script/tut_airflow/env_airflow/lib/python3.9/site-packages/airflow/example_dags/example_task_group_decorator.py for tasks to queue
[2023-04-15T11:03:23.853+0700] {logging_mixin.py:137} INFO - [2023-04-15T11:03:23.853+0700] {dagbag.py:532} INFO - Filling up the DagBag from /home/ahyar/Documents/tut_folder/tut_python/python_script/tut_airflow/env_airflow/lib/python3.9/site-packages/airflow/example_dags/example_task_group_decorator.py
[2023-04-15T11:03:23.919+0700] {processor.py:753} INFO - DAG(s) dict_keys(['example_task_group_decorator']) retrieved from /home/ahyar/Documents/tut_folder/tut_python/python_script/tut_airflow/env_airflow/lib/python3.9/site-packages/airflow/example_dags/example_task_group_decorator.py
[2023-04-15T11:03:23.968+0700] {logging_mixin.py:137} INFO - [2023-04-15T11:03:23.968+0700] {dag.py:2705} INFO - Sync 1 DAGs
[2023-04-15T11:03:24.012+0700] {logging_mixin.py:137} INFO - [2023-04-15T11:03:24.012+0700] {dag.py:3452} INFO - Setting next_dagrun for example_task_group_decorator to 2023-04-14T04:03:24.011780+00:00, run_after=2023-04-15T04:03:24.011780+00:00
[2023-04-15T11:03:24.345+0700] {processor.py:175} INFO - Processing /home/ahyar/Documents/tut_folder/tut_python/python_script/tut_airflow/env_airflow/lib/python3.9/site-packages/airflow/example_dags/example_task_group_decorator.py took 0.502 seconds
