[2023-04-15T10:46:46.824+0700] {processor.py:153} INFO - Started process (PID=16420) to work on /home/ahyar/Documents/tut_folder/tut_python/python_script/tut_airflow/env_airflow/lib/python3.9/site-packages/airflow/example_dags/example_skip_dag.py
[2023-04-15T10:46:46.825+0700] {processor.py:743} INFO - Processing file /home/ahyar/Documents/tut_folder/tut_python/python_script/tut_airflow/env_airflow/lib/python3.9/site-packages/airflow/example_dags/example_skip_dag.py for tasks to queue
[2023-04-15T10:46:46.825+0700] {logging_mixin.py:137} INFO - [2023-04-15T10:46:46.825+0700] {dagbag.py:532} INFO - Filling up the DagBag from /home/ahyar/Documents/tut_folder/tut_python/python_script/tut_airflow/env_airflow/lib/python3.9/site-packages/airflow/example_dags/example_skip_dag.py
[2023-04-15T10:46:46.838+0700] {processor.py:753} INFO - DAG(s) dict_keys(['example_skip_dag']) retrieved from /home/ahyar/Documents/tut_folder/tut_python/python_script/tut_airflow/env_airflow/lib/python3.9/site-packages/airflow/example_dags/example_skip_dag.py
[2023-04-15T10:46:46.897+0700] {logging_mixin.py:137} INFO - [2023-04-15T10:46:46.897+0700] {manager.py:504} INFO - Created Permission View: can read on DAG:example_skip_dag
[2023-04-15T10:46:46.905+0700] {logging_mixin.py:137} INFO - [2023-04-15T10:46:46.905+0700] {manager.py:504} INFO - Created Permission View: can edit on DAG:example_skip_dag
[2023-04-15T10:46:46.913+0700] {logging_mixin.py:137} INFO - [2023-04-15T10:46:46.913+0700] {manager.py:504} INFO - Created Permission View: can delete on DAG:example_skip_dag
[2023-04-15T10:46:46.913+0700] {logging_mixin.py:137} INFO - [2023-04-15T10:46:46.913+0700] {dag.py:2705} INFO - Sync 1 DAGs
[2023-04-15T10:46:46.918+0700] {logging_mixin.py:137} INFO - [2023-04-15T10:46:46.918+0700] {dag.py:2726} INFO - Creating ORM DAG for example_skip_dag
[2023-04-15T10:46:46.923+0700] {logging_mixin.py:137} INFO - [2023-04-15T10:46:46.923+0700] {dag.py:3452} INFO - Setting next_dagrun for example_skip_dag to 2023-04-14T03:46:46.923274+00:00, run_after=2023-04-15T03:46:46.923274+00:00
[2023-04-15T10:46:46.938+0700] {processor.py:175} INFO - Processing /home/ahyar/Documents/tut_folder/tut_python/python_script/tut_airflow/env_airflow/lib/python3.9/site-packages/airflow/example_dags/example_skip_dag.py took 0.118 seconds
[2023-04-15T10:47:30.679+0700] {processor.py:153} INFO - Started process (PID=16602) to work on /home/ahyar/Documents/tut_folder/tut_python/python_script/tut_airflow/env_airflow/lib/python3.9/site-packages/airflow/example_dags/example_skip_dag.py
[2023-04-15T10:47:30.681+0700] {processor.py:743} INFO - Processing file /home/ahyar/Documents/tut_folder/tut_python/python_script/tut_airflow/env_airflow/lib/python3.9/site-packages/airflow/example_dags/example_skip_dag.py for tasks to queue
[2023-04-15T10:47:30.681+0700] {logging_mixin.py:137} INFO - [2023-04-15T10:47:30.681+0700] {dagbag.py:532} INFO - Filling up the DagBag from /home/ahyar/Documents/tut_folder/tut_python/python_script/tut_airflow/env_airflow/lib/python3.9/site-packages/airflow/example_dags/example_skip_dag.py
[2023-04-15T10:47:30.693+0700] {processor.py:753} INFO - DAG(s) dict_keys(['example_skip_dag']) retrieved from /home/ahyar/Documents/tut_folder/tut_python/python_script/tut_airflow/env_airflow/lib/python3.9/site-packages/airflow/example_dags/example_skip_dag.py
[2023-04-15T10:47:30.703+0700] {logging_mixin.py:137} INFO - [2023-04-15T10:47:30.703+0700] {dag.py:2705} INFO - Sync 1 DAGs
[2023-04-15T10:47:30.713+0700] {logging_mixin.py:137} INFO - [2023-04-15T10:47:30.713+0700] {dag.py:3452} INFO - Setting next_dagrun for example_skip_dag to 2023-04-14T03:47:30.713212+00:00, run_after=2023-04-15T03:47:30.713212+00:00
[2023-04-15T10:47:30.726+0700] {processor.py:175} INFO - Processing /home/ahyar/Documents/tut_folder/tut_python/python_script/tut_airflow/env_airflow/lib/python3.9/site-packages/airflow/example_dags/example_skip_dag.py took 0.051 seconds
[2023-04-15T10:48:41.951+0700] {processor.py:153} INFO - Started process (PID=17076) to work on /home/ahyar/Documents/tut_folder/tut_python/python_script/tut_airflow/env_airflow/lib/python3.9/site-packages/airflow/example_dags/example_skip_dag.py
[2023-04-15T10:48:41.951+0700] {processor.py:743} INFO - Processing file /home/ahyar/Documents/tut_folder/tut_python/python_script/tut_airflow/env_airflow/lib/python3.9/site-packages/airflow/example_dags/example_skip_dag.py for tasks to queue
[2023-04-15T10:48:41.952+0700] {logging_mixin.py:137} INFO - [2023-04-15T10:48:41.952+0700] {dagbag.py:532} INFO - Filling up the DagBag from /home/ahyar/Documents/tut_folder/tut_python/python_script/tut_airflow/env_airflow/lib/python3.9/site-packages/airflow/example_dags/example_skip_dag.py
[2023-04-15T10:48:41.960+0700] {processor.py:753} INFO - DAG(s) dict_keys(['example_skip_dag']) retrieved from /home/ahyar/Documents/tut_folder/tut_python/python_script/tut_airflow/env_airflow/lib/python3.9/site-packages/airflow/example_dags/example_skip_dag.py
[2023-04-15T10:48:41.970+0700] {logging_mixin.py:137} INFO - [2023-04-15T10:48:41.970+0700] {dag.py:2705} INFO - Sync 1 DAGs
[2023-04-15T10:48:41.981+0700] {logging_mixin.py:137} INFO - [2023-04-15T10:48:41.981+0700] {dag.py:3452} INFO - Setting next_dagrun for example_skip_dag to 2023-04-14T03:48:41.980940+00:00, run_after=2023-04-15T03:48:41.980940+00:00
[2023-04-15T10:48:41.997+0700] {processor.py:175} INFO - Processing /home/ahyar/Documents/tut_folder/tut_python/python_script/tut_airflow/env_airflow/lib/python3.9/site-packages/airflow/example_dags/example_skip_dag.py took 0.048 seconds
[2023-04-15T10:49:29.134+0700] {processor.py:153} INFO - Started process (PID=17459) to work on /home/ahyar/Documents/tut_folder/tut_python/python_script/tut_airflow/env_airflow/lib/python3.9/site-packages/airflow/example_dags/example_skip_dag.py
[2023-04-15T10:49:29.137+0700] {processor.py:743} INFO - Processing file /home/ahyar/Documents/tut_folder/tut_python/python_script/tut_airflow/env_airflow/lib/python3.9/site-packages/airflow/example_dags/example_skip_dag.py for tasks to queue
[2023-04-15T10:49:29.138+0700] {logging_mixin.py:137} INFO - [2023-04-15T10:49:29.138+0700] {dagbag.py:532} INFO - Filling up the DagBag from /home/ahyar/Documents/tut_folder/tut_python/python_script/tut_airflow/env_airflow/lib/python3.9/site-packages/airflow/example_dags/example_skip_dag.py
[2023-04-15T10:49:29.178+0700] {processor.py:753} INFO - DAG(s) dict_keys(['example_skip_dag']) retrieved from /home/ahyar/Documents/tut_folder/tut_python/python_script/tut_airflow/env_airflow/lib/python3.9/site-packages/airflow/example_dags/example_skip_dag.py
[2023-04-15T10:49:29.211+0700] {logging_mixin.py:137} INFO - [2023-04-15T10:49:29.210+0700] {dag.py:2705} INFO - Sync 1 DAGs
[2023-04-15T10:49:29.261+0700] {logging_mixin.py:137} INFO - [2023-04-15T10:49:29.261+0700] {dag.py:3452} INFO - Setting next_dagrun for example_skip_dag to 2023-04-14T03:49:29.261240+00:00, run_after=2023-04-15T03:49:29.261240+00:00
[2023-04-15T10:49:29.321+0700] {processor.py:175} INFO - Processing /home/ahyar/Documents/tut_folder/tut_python/python_script/tut_airflow/env_airflow/lib/python3.9/site-packages/airflow/example_dags/example_skip_dag.py took 0.197 seconds
[2023-04-15T10:50:14.749+0700] {processor.py:153} INFO - Started process (PID=17683) to work on /home/ahyar/Documents/tut_folder/tut_python/python_script/tut_airflow/env_airflow/lib/python3.9/site-packages/airflow/example_dags/example_skip_dag.py
[2023-04-15T10:50:14.749+0700] {processor.py:743} INFO - Processing file /home/ahyar/Documents/tut_folder/tut_python/python_script/tut_airflow/env_airflow/lib/python3.9/site-packages/airflow/example_dags/example_skip_dag.py for tasks to queue
[2023-04-15T10:50:14.750+0700] {logging_mixin.py:137} INFO - [2023-04-15T10:50:14.750+0700] {dagbag.py:532} INFO - Filling up the DagBag from /home/ahyar/Documents/tut_folder/tut_python/python_script/tut_airflow/env_airflow/lib/python3.9/site-packages/airflow/example_dags/example_skip_dag.py
[2023-04-15T10:50:14.758+0700] {processor.py:753} INFO - DAG(s) dict_keys(['example_skip_dag']) retrieved from /home/ahyar/Documents/tut_folder/tut_python/python_script/tut_airflow/env_airflow/lib/python3.9/site-packages/airflow/example_dags/example_skip_dag.py
[2023-04-15T10:50:14.769+0700] {logging_mixin.py:137} INFO - [2023-04-15T10:50:14.769+0700] {dag.py:2705} INFO - Sync 1 DAGs
[2023-04-15T10:50:14.781+0700] {logging_mixin.py:137} INFO - [2023-04-15T10:50:14.781+0700] {dag.py:3452} INFO - Setting next_dagrun for example_skip_dag to 2023-04-14T03:50:14.781068+00:00, run_after=2023-04-15T03:50:14.781068+00:00
[2023-04-15T10:50:14.796+0700] {processor.py:175} INFO - Processing /home/ahyar/Documents/tut_folder/tut_python/python_script/tut_airflow/env_airflow/lib/python3.9/site-packages/airflow/example_dags/example_skip_dag.py took 0.049 seconds
[2023-04-15T10:50:56.278+0700] {processor.py:153} INFO - Started process (PID=17768) to work on /home/ahyar/Documents/tut_folder/tut_python/python_script/tut_airflow/env_airflow/lib/python3.9/site-packages/airflow/example_dags/example_skip_dag.py
[2023-04-15T10:50:56.279+0700] {processor.py:743} INFO - Processing file /home/ahyar/Documents/tut_folder/tut_python/python_script/tut_airflow/env_airflow/lib/python3.9/site-packages/airflow/example_dags/example_skip_dag.py for tasks to queue
[2023-04-15T10:50:56.280+0700] {logging_mixin.py:137} INFO - [2023-04-15T10:50:56.280+0700] {dagbag.py:532} INFO - Filling up the DagBag from /home/ahyar/Documents/tut_folder/tut_python/python_script/tut_airflow/env_airflow/lib/python3.9/site-packages/airflow/example_dags/example_skip_dag.py
[2023-04-15T10:50:56.292+0700] {processor.py:753} INFO - DAG(s) dict_keys(['example_skip_dag']) retrieved from /home/ahyar/Documents/tut_folder/tut_python/python_script/tut_airflow/env_airflow/lib/python3.9/site-packages/airflow/example_dags/example_skip_dag.py
[2023-04-15T10:50:56.305+0700] {logging_mixin.py:137} INFO - [2023-04-15T10:50:56.305+0700] {dag.py:2705} INFO - Sync 1 DAGs
[2023-04-15T10:50:56.317+0700] {logging_mixin.py:137} INFO - [2023-04-15T10:50:56.317+0700] {dag.py:3452} INFO - Setting next_dagrun for example_skip_dag to 2023-04-14T03:50:56.317004+00:00, run_after=2023-04-15T03:50:56.317004+00:00
[2023-04-15T10:50:56.331+0700] {processor.py:175} INFO - Processing /home/ahyar/Documents/tut_folder/tut_python/python_script/tut_airflow/env_airflow/lib/python3.9/site-packages/airflow/example_dags/example_skip_dag.py took 0.059 seconds
[2023-04-15T10:51:38.855+0700] {processor.py:153} INFO - Started process (PID=17849) to work on /home/ahyar/Documents/tut_folder/tut_python/python_script/tut_airflow/env_airflow/lib/python3.9/site-packages/airflow/example_dags/example_skip_dag.py
[2023-04-15T10:51:38.857+0700] {processor.py:743} INFO - Processing file /home/ahyar/Documents/tut_folder/tut_python/python_script/tut_airflow/env_airflow/lib/python3.9/site-packages/airflow/example_dags/example_skip_dag.py for tasks to queue
[2023-04-15T10:51:38.857+0700] {logging_mixin.py:137} INFO - [2023-04-15T10:51:38.857+0700] {dagbag.py:532} INFO - Filling up the DagBag from /home/ahyar/Documents/tut_folder/tut_python/python_script/tut_airflow/env_airflow/lib/python3.9/site-packages/airflow/example_dags/example_skip_dag.py
[2023-04-15T10:51:38.869+0700] {processor.py:753} INFO - DAG(s) dict_keys(['example_skip_dag']) retrieved from /home/ahyar/Documents/tut_folder/tut_python/python_script/tut_airflow/env_airflow/lib/python3.9/site-packages/airflow/example_dags/example_skip_dag.py
[2023-04-15T10:51:38.879+0700] {logging_mixin.py:137} INFO - [2023-04-15T10:51:38.879+0700] {dag.py:2705} INFO - Sync 1 DAGs
[2023-04-15T10:51:38.890+0700] {logging_mixin.py:137} INFO - [2023-04-15T10:51:38.890+0700] {dag.py:3452} INFO - Setting next_dagrun for example_skip_dag to 2023-04-14T03:51:38.889916+00:00, run_after=2023-04-15T03:51:38.889916+00:00
[2023-04-15T10:51:38.905+0700] {processor.py:175} INFO - Processing /home/ahyar/Documents/tut_folder/tut_python/python_script/tut_airflow/env_airflow/lib/python3.9/site-packages/airflow/example_dags/example_skip_dag.py took 0.053 seconds
[2023-04-15T10:52:23.916+0700] {processor.py:153} INFO - Started process (PID=17947) to work on /home/ahyar/Documents/tut_folder/tut_python/python_script/tut_airflow/env_airflow/lib/python3.9/site-packages/airflow/example_dags/example_skip_dag.py
[2023-04-15T10:52:23.917+0700] {processor.py:743} INFO - Processing file /home/ahyar/Documents/tut_folder/tut_python/python_script/tut_airflow/env_airflow/lib/python3.9/site-packages/airflow/example_dags/example_skip_dag.py for tasks to queue
[2023-04-15T10:52:23.918+0700] {logging_mixin.py:137} INFO - [2023-04-15T10:52:23.918+0700] {dagbag.py:532} INFO - Filling up the DagBag from /home/ahyar/Documents/tut_folder/tut_python/python_script/tut_airflow/env_airflow/lib/python3.9/site-packages/airflow/example_dags/example_skip_dag.py
[2023-04-15T10:52:23.949+0700] {processor.py:753} INFO - DAG(s) dict_keys(['example_skip_dag']) retrieved from /home/ahyar/Documents/tut_folder/tut_python/python_script/tut_airflow/env_airflow/lib/python3.9/site-packages/airflow/example_dags/example_skip_dag.py
[2023-04-15T10:52:23.976+0700] {logging_mixin.py:137} INFO - [2023-04-15T10:52:23.976+0700] {dag.py:2705} INFO - Sync 1 DAGs
[2023-04-15T10:52:23.997+0700] {logging_mixin.py:137} INFO - [2023-04-15T10:52:23.997+0700] {dag.py:3452} INFO - Setting next_dagrun for example_skip_dag to 2023-04-14T03:52:23.996599+00:00, run_after=2023-04-15T03:52:23.996599+00:00
[2023-04-15T10:52:24.027+0700] {processor.py:175} INFO - Processing /home/ahyar/Documents/tut_folder/tut_python/python_script/tut_airflow/env_airflow/lib/python3.9/site-packages/airflow/example_dags/example_skip_dag.py took 0.118 seconds
[2023-04-15T10:53:12.622+0700] {processor.py:153} INFO - Started process (PID=18102) to work on /home/ahyar/Documents/tut_folder/tut_python/python_script/tut_airflow/env_airflow/lib/python3.9/site-packages/airflow/example_dags/example_skip_dag.py
[2023-04-15T10:53:12.627+0700] {processor.py:743} INFO - Processing file /home/ahyar/Documents/tut_folder/tut_python/python_script/tut_airflow/env_airflow/lib/python3.9/site-packages/airflow/example_dags/example_skip_dag.py for tasks to queue
[2023-04-15T10:53:12.628+0700] {logging_mixin.py:137} INFO - [2023-04-15T10:53:12.627+0700] {dagbag.py:532} INFO - Filling up the DagBag from /home/ahyar/Documents/tut_folder/tut_python/python_script/tut_airflow/env_airflow/lib/python3.9/site-packages/airflow/example_dags/example_skip_dag.py
[2023-04-15T10:53:12.655+0700] {processor.py:753} INFO - DAG(s) dict_keys(['example_skip_dag']) retrieved from /home/ahyar/Documents/tut_folder/tut_python/python_script/tut_airflow/env_airflow/lib/python3.9/site-packages/airflow/example_dags/example_skip_dag.py
[2023-04-15T10:53:12.686+0700] {logging_mixin.py:137} INFO - [2023-04-15T10:53:12.686+0700] {dag.py:2705} INFO - Sync 1 DAGs
[2023-04-15T10:53:12.714+0700] {logging_mixin.py:137} INFO - [2023-04-15T10:53:12.713+0700] {dag.py:3452} INFO - Setting next_dagrun for example_skip_dag to 2023-04-14T03:53:12.713126+00:00, run_after=2023-04-15T03:53:12.713126+00:00
[2023-04-15T10:53:12.749+0700] {processor.py:175} INFO - Processing /home/ahyar/Documents/tut_folder/tut_python/python_script/tut_airflow/env_airflow/lib/python3.9/site-packages/airflow/example_dags/example_skip_dag.py took 0.130 seconds
[2023-04-15T10:53:57.986+0700] {processor.py:153} INFO - Started process (PID=18192) to work on /home/ahyar/Documents/tut_folder/tut_python/python_script/tut_airflow/env_airflow/lib/python3.9/site-packages/airflow/example_dags/example_skip_dag.py
[2023-04-15T10:53:57.988+0700] {processor.py:743} INFO - Processing file /home/ahyar/Documents/tut_folder/tut_python/python_script/tut_airflow/env_airflow/lib/python3.9/site-packages/airflow/example_dags/example_skip_dag.py for tasks to queue
[2023-04-15T10:53:57.989+0700] {logging_mixin.py:137} INFO - [2023-04-15T10:53:57.988+0700] {dagbag.py:532} INFO - Filling up the DagBag from /home/ahyar/Documents/tut_folder/tut_python/python_script/tut_airflow/env_airflow/lib/python3.9/site-packages/airflow/example_dags/example_skip_dag.py
[2023-04-15T10:53:58.000+0700] {processor.py:753} INFO - DAG(s) dict_keys(['example_skip_dag']) retrieved from /home/ahyar/Documents/tut_folder/tut_python/python_script/tut_airflow/env_airflow/lib/python3.9/site-packages/airflow/example_dags/example_skip_dag.py
[2023-04-15T10:53:58.010+0700] {logging_mixin.py:137} INFO - [2023-04-15T10:53:58.010+0700] {dag.py:2705} INFO - Sync 1 DAGs
[2023-04-15T10:53:58.021+0700] {logging_mixin.py:137} INFO - [2023-04-15T10:53:58.021+0700] {dag.py:3452} INFO - Setting next_dagrun for example_skip_dag to 2023-04-14T03:53:58.020995+00:00, run_after=2023-04-15T03:53:58.020995+00:00
[2023-04-15T10:53:58.035+0700] {processor.py:175} INFO - Processing /home/ahyar/Documents/tut_folder/tut_python/python_script/tut_airflow/env_airflow/lib/python3.9/site-packages/airflow/example_dags/example_skip_dag.py took 0.052 seconds
[2023-04-15T10:54:40.603+0700] {processor.py:153} INFO - Started process (PID=18285) to work on /home/ahyar/Documents/tut_folder/tut_python/python_script/tut_airflow/env_airflow/lib/python3.9/site-packages/airflow/example_dags/example_skip_dag.py
[2023-04-15T10:54:40.604+0700] {processor.py:743} INFO - Processing file /home/ahyar/Documents/tut_folder/tut_python/python_script/tut_airflow/env_airflow/lib/python3.9/site-packages/airflow/example_dags/example_skip_dag.py for tasks to queue
[2023-04-15T10:54:40.605+0700] {logging_mixin.py:137} INFO - [2023-04-15T10:54:40.605+0700] {dagbag.py:532} INFO - Filling up the DagBag from /home/ahyar/Documents/tut_folder/tut_python/python_script/tut_airflow/env_airflow/lib/python3.9/site-packages/airflow/example_dags/example_skip_dag.py
[2023-04-15T10:54:40.641+0700] {processor.py:753} INFO - DAG(s) dict_keys(['example_skip_dag']) retrieved from /home/ahyar/Documents/tut_folder/tut_python/python_script/tut_airflow/env_airflow/lib/python3.9/site-packages/airflow/example_dags/example_skip_dag.py
[2023-04-15T10:54:40.686+0700] {logging_mixin.py:137} INFO - [2023-04-15T10:54:40.686+0700] {dag.py:2705} INFO - Sync 1 DAGs
[2023-04-15T10:54:40.725+0700] {logging_mixin.py:137} INFO - [2023-04-15T10:54:40.724+0700] {dag.py:3452} INFO - Setting next_dagrun for example_skip_dag to 2023-04-14T03:54:40.724375+00:00, run_after=2023-04-15T03:54:40.724375+00:00
[2023-04-15T10:54:40.763+0700] {processor.py:175} INFO - Processing /home/ahyar/Documents/tut_folder/tut_python/python_script/tut_airflow/env_airflow/lib/python3.9/site-packages/airflow/example_dags/example_skip_dag.py took 0.168 seconds
[2023-04-15T10:55:25.012+0700] {processor.py:153} INFO - Started process (PID=18346) to work on /home/ahyar/Documents/tut_folder/tut_python/python_script/tut_airflow/env_airflow/lib/python3.9/site-packages/airflow/example_dags/example_skip_dag.py
[2023-04-15T10:55:25.020+0700] {processor.py:743} INFO - Processing file /home/ahyar/Documents/tut_folder/tut_python/python_script/tut_airflow/env_airflow/lib/python3.9/site-packages/airflow/example_dags/example_skip_dag.py for tasks to queue
[2023-04-15T10:55:25.021+0700] {logging_mixin.py:137} INFO - [2023-04-15T10:55:25.021+0700] {dagbag.py:532} INFO - Filling up the DagBag from /home/ahyar/Documents/tut_folder/tut_python/python_script/tut_airflow/env_airflow/lib/python3.9/site-packages/airflow/example_dags/example_skip_dag.py
[2023-04-15T10:55:25.053+0700] {processor.py:753} INFO - DAG(s) dict_keys(['example_skip_dag']) retrieved from /home/ahyar/Documents/tut_folder/tut_python/python_script/tut_airflow/env_airflow/lib/python3.9/site-packages/airflow/example_dags/example_skip_dag.py
[2023-04-15T10:55:25.084+0700] {logging_mixin.py:137} INFO - [2023-04-15T10:55:25.084+0700] {dag.py:2705} INFO - Sync 1 DAGs
[2023-04-15T10:55:25.115+0700] {logging_mixin.py:137} INFO - [2023-04-15T10:55:25.115+0700] {dag.py:3452} INFO - Setting next_dagrun for example_skip_dag to 2023-04-14T03:55:25.114977+00:00, run_after=2023-04-15T03:55:25.114977+00:00
[2023-04-15T10:55:25.143+0700] {processor.py:175} INFO - Processing /home/ahyar/Documents/tut_folder/tut_python/python_script/tut_airflow/env_airflow/lib/python3.9/site-packages/airflow/example_dags/example_skip_dag.py took 0.135 seconds
[2023-04-15T10:56:11.818+0700] {processor.py:153} INFO - Started process (PID=18458) to work on /home/ahyar/Documents/tut_folder/tut_python/python_script/tut_airflow/env_airflow/lib/python3.9/site-packages/airflow/example_dags/example_skip_dag.py
[2023-04-15T10:56:11.819+0700] {processor.py:743} INFO - Processing file /home/ahyar/Documents/tut_folder/tut_python/python_script/tut_airflow/env_airflow/lib/python3.9/site-packages/airflow/example_dags/example_skip_dag.py for tasks to queue
[2023-04-15T10:56:11.820+0700] {logging_mixin.py:137} INFO - [2023-04-15T10:56:11.820+0700] {dagbag.py:532} INFO - Filling up the DagBag from /home/ahyar/Documents/tut_folder/tut_python/python_script/tut_airflow/env_airflow/lib/python3.9/site-packages/airflow/example_dags/example_skip_dag.py
[2023-04-15T10:56:11.832+0700] {processor.py:753} INFO - DAG(s) dict_keys(['example_skip_dag']) retrieved from /home/ahyar/Documents/tut_folder/tut_python/python_script/tut_airflow/env_airflow/lib/python3.9/site-packages/airflow/example_dags/example_skip_dag.py
[2023-04-15T10:56:11.842+0700] {logging_mixin.py:137} INFO - [2023-04-15T10:56:11.842+0700] {dag.py:2705} INFO - Sync 1 DAGs
[2023-04-15T10:56:11.852+0700] {logging_mixin.py:137} INFO - [2023-04-15T10:56:11.852+0700] {dag.py:3452} INFO - Setting next_dagrun for example_skip_dag to 2023-04-14T03:56:11.852353+00:00, run_after=2023-04-15T03:56:11.852353+00:00
[2023-04-15T10:56:11.866+0700] {processor.py:175} INFO - Processing /home/ahyar/Documents/tut_folder/tut_python/python_script/tut_airflow/env_airflow/lib/python3.9/site-packages/airflow/example_dags/example_skip_dag.py took 0.052 seconds
[2023-04-15T10:56:52.481+0700] {processor.py:153} INFO - Started process (PID=18526) to work on /home/ahyar/Documents/tut_folder/tut_python/python_script/tut_airflow/env_airflow/lib/python3.9/site-packages/airflow/example_dags/example_skip_dag.py
[2023-04-15T10:56:52.482+0700] {processor.py:743} INFO - Processing file /home/ahyar/Documents/tut_folder/tut_python/python_script/tut_airflow/env_airflow/lib/python3.9/site-packages/airflow/example_dags/example_skip_dag.py for tasks to queue
[2023-04-15T10:56:52.483+0700] {logging_mixin.py:137} INFO - [2023-04-15T10:56:52.483+0700] {dagbag.py:532} INFO - Filling up the DagBag from /home/ahyar/Documents/tut_folder/tut_python/python_script/tut_airflow/env_airflow/lib/python3.9/site-packages/airflow/example_dags/example_skip_dag.py
[2023-04-15T10:56:52.493+0700] {processor.py:753} INFO - DAG(s) dict_keys(['example_skip_dag']) retrieved from /home/ahyar/Documents/tut_folder/tut_python/python_script/tut_airflow/env_airflow/lib/python3.9/site-packages/airflow/example_dags/example_skip_dag.py
[2023-04-15T10:56:52.506+0700] {logging_mixin.py:137} INFO - [2023-04-15T10:56:52.506+0700] {dag.py:2705} INFO - Sync 1 DAGs
[2023-04-15T10:56:52.517+0700] {logging_mixin.py:137} INFO - [2023-04-15T10:56:52.517+0700] {dag.py:3452} INFO - Setting next_dagrun for example_skip_dag to 2023-04-14T03:56:52.517590+00:00, run_after=2023-04-15T03:56:52.517590+00:00
[2023-04-15T10:56:52.533+0700] {processor.py:175} INFO - Processing /home/ahyar/Documents/tut_folder/tut_python/python_script/tut_airflow/env_airflow/lib/python3.9/site-packages/airflow/example_dags/example_skip_dag.py took 0.056 seconds
[2023-04-15T10:57:36.773+0700] {processor.py:153} INFO - Started process (PID=18607) to work on /home/ahyar/Documents/tut_folder/tut_python/python_script/tut_airflow/env_airflow/lib/python3.9/site-packages/airflow/example_dags/example_skip_dag.py
[2023-04-15T10:57:36.777+0700] {processor.py:743} INFO - Processing file /home/ahyar/Documents/tut_folder/tut_python/python_script/tut_airflow/env_airflow/lib/python3.9/site-packages/airflow/example_dags/example_skip_dag.py for tasks to queue
[2023-04-15T10:57:36.779+0700] {logging_mixin.py:137} INFO - [2023-04-15T10:57:36.778+0700] {dagbag.py:532} INFO - Filling up the DagBag from /home/ahyar/Documents/tut_folder/tut_python/python_script/tut_airflow/env_airflow/lib/python3.9/site-packages/airflow/example_dags/example_skip_dag.py
[2023-04-15T10:57:36.810+0700] {processor.py:753} INFO - DAG(s) dict_keys(['example_skip_dag']) retrieved from /home/ahyar/Documents/tut_folder/tut_python/python_script/tut_airflow/env_airflow/lib/python3.9/site-packages/airflow/example_dags/example_skip_dag.py
[2023-04-15T10:57:36.835+0700] {logging_mixin.py:137} INFO - [2023-04-15T10:57:36.834+0700] {dag.py:2705} INFO - Sync 1 DAGs
[2023-04-15T10:57:36.852+0700] {logging_mixin.py:137} INFO - [2023-04-15T10:57:36.852+0700] {dag.py:3452} INFO - Setting next_dagrun for example_skip_dag to 2023-04-14T03:57:36.852420+00:00, run_after=2023-04-15T03:57:36.852420+00:00
[2023-04-15T10:57:36.873+0700] {processor.py:175} INFO - Processing /home/ahyar/Documents/tut_folder/tut_python/python_script/tut_airflow/env_airflow/lib/python3.9/site-packages/airflow/example_dags/example_skip_dag.py took 0.105 seconds
[2023-04-15T10:58:24.475+0700] {processor.py:153} INFO - Started process (PID=18693) to work on /home/ahyar/Documents/tut_folder/tut_python/python_script/tut_airflow/env_airflow/lib/python3.9/site-packages/airflow/example_dags/example_skip_dag.py
[2023-04-15T10:58:24.476+0700] {processor.py:743} INFO - Processing file /home/ahyar/Documents/tut_folder/tut_python/python_script/tut_airflow/env_airflow/lib/python3.9/site-packages/airflow/example_dags/example_skip_dag.py for tasks to queue
[2023-04-15T10:58:24.477+0700] {logging_mixin.py:137} INFO - [2023-04-15T10:58:24.476+0700] {dagbag.py:532} INFO - Filling up the DagBag from /home/ahyar/Documents/tut_folder/tut_python/python_script/tut_airflow/env_airflow/lib/python3.9/site-packages/airflow/example_dags/example_skip_dag.py
[2023-04-15T10:58:24.491+0700] {processor.py:753} INFO - DAG(s) dict_keys(['example_skip_dag']) retrieved from /home/ahyar/Documents/tut_folder/tut_python/python_script/tut_airflow/env_airflow/lib/python3.9/site-packages/airflow/example_dags/example_skip_dag.py
[2023-04-15T10:58:24.507+0700] {logging_mixin.py:137} INFO - [2023-04-15T10:58:24.507+0700] {dag.py:2705} INFO - Sync 1 DAGs
[2023-04-15T10:58:24.521+0700] {logging_mixin.py:137} INFO - [2023-04-15T10:58:24.521+0700] {dag.py:3452} INFO - Setting next_dagrun for example_skip_dag to 2023-04-14T03:58:24.521042+00:00, run_after=2023-04-15T03:58:24.521042+00:00
[2023-04-15T10:58:24.539+0700] {processor.py:175} INFO - Processing /home/ahyar/Documents/tut_folder/tut_python/python_script/tut_airflow/env_airflow/lib/python3.9/site-packages/airflow/example_dags/example_skip_dag.py took 0.068 seconds
[2023-04-15T10:59:10.432+0700] {processor.py:153} INFO - Started process (PID=18875) to work on /home/ahyar/Documents/tut_folder/tut_python/python_script/tut_airflow/env_airflow/lib/python3.9/site-packages/airflow/example_dags/example_skip_dag.py
[2023-04-15T10:59:10.433+0700] {processor.py:743} INFO - Processing file /home/ahyar/Documents/tut_folder/tut_python/python_script/tut_airflow/env_airflow/lib/python3.9/site-packages/airflow/example_dags/example_skip_dag.py for tasks to queue
[2023-04-15T10:59:10.433+0700] {logging_mixin.py:137} INFO - [2023-04-15T10:59:10.433+0700] {dagbag.py:532} INFO - Filling up the DagBag from /home/ahyar/Documents/tut_folder/tut_python/python_script/tut_airflow/env_airflow/lib/python3.9/site-packages/airflow/example_dags/example_skip_dag.py
[2023-04-15T10:59:10.448+0700] {processor.py:753} INFO - DAG(s) dict_keys(['example_skip_dag']) retrieved from /home/ahyar/Documents/tut_folder/tut_python/python_script/tut_airflow/env_airflow/lib/python3.9/site-packages/airflow/example_dags/example_skip_dag.py
[2023-04-15T10:59:10.472+0700] {logging_mixin.py:137} INFO - [2023-04-15T10:59:10.472+0700] {dag.py:2705} INFO - Sync 1 DAGs
[2023-04-15T10:59:10.503+0700] {logging_mixin.py:137} INFO - [2023-04-15T10:59:10.502+0700] {dag.py:3452} INFO - Setting next_dagrun for example_skip_dag to 2023-04-14T03:59:10.502229+00:00, run_after=2023-04-15T03:59:10.502229+00:00
[2023-04-15T10:59:10.527+0700] {processor.py:175} INFO - Processing /home/ahyar/Documents/tut_folder/tut_python/python_script/tut_airflow/env_airflow/lib/python3.9/site-packages/airflow/example_dags/example_skip_dag.py took 0.098 seconds
[2023-04-15T11:03:05.076+0700] {processor.py:153} INFO - Started process (PID=21607) to work on /home/ahyar/Documents/tut_folder/tut_python/python_script/tut_airflow/env_airflow/lib/python3.9/site-packages/airflow/example_dags/example_skip_dag.py
[2023-04-15T11:03:05.076+0700] {processor.py:743} INFO - Processing file /home/ahyar/Documents/tut_folder/tut_python/python_script/tut_airflow/env_airflow/lib/python3.9/site-packages/airflow/example_dags/example_skip_dag.py for tasks to queue
[2023-04-15T11:03:05.077+0700] {logging_mixin.py:137} INFO - [2023-04-15T11:03:05.077+0700] {dagbag.py:532} INFO - Filling up the DagBag from /home/ahyar/Documents/tut_folder/tut_python/python_script/tut_airflow/env_airflow/lib/python3.9/site-packages/airflow/example_dags/example_skip_dag.py
[2023-04-15T11:03:05.089+0700] {processor.py:753} INFO - DAG(s) dict_keys(['example_skip_dag']) retrieved from /home/ahyar/Documents/tut_folder/tut_python/python_script/tut_airflow/env_airflow/lib/python3.9/site-packages/airflow/example_dags/example_skip_dag.py
[2023-04-15T11:03:05.100+0700] {logging_mixin.py:137} INFO - [2023-04-15T11:03:05.100+0700] {dag.py:2705} INFO - Sync 1 DAGs
[2023-04-15T11:03:05.112+0700] {logging_mixin.py:137} INFO - [2023-04-15T11:03:05.112+0700] {dag.py:3452} INFO - Setting next_dagrun for example_skip_dag to 2023-04-14T04:03:05.112012+00:00, run_after=2023-04-15T04:03:05.112012+00:00
[2023-04-15T11:03:05.128+0700] {processor.py:175} INFO - Processing /home/ahyar/Documents/tut_folder/tut_python/python_script/tut_airflow/env_airflow/lib/python3.9/site-packages/airflow/example_dags/example_skip_dag.py took 0.054 seconds
