[2023-04-15T10:47:01.496+0700] {processor.py:153} INFO - Started process (PID=16509) to work on /home/ahyar/Documents/tut_folder/tut_python/python_script/tut_airflow/env_airflow/lib/python3.9/site-packages/airflow/example_dags/example_bash_operator.py
[2023-04-15T10:47:01.496+0700] {processor.py:743} INFO - Processing file /home/ahyar/Documents/tut_folder/tut_python/python_script/tut_airflow/env_airflow/lib/python3.9/site-packages/airflow/example_dags/example_bash_operator.py for tasks to queue
[2023-04-15T10:47:01.497+0700] {logging_mixin.py:137} INFO - [2023-04-15T10:47:01.497+0700] {dagbag.py:532} INFO - Filling up the DagBag from /home/ahyar/Documents/tut_folder/tut_python/python_script/tut_airflow/env_airflow/lib/python3.9/site-packages/airflow/example_dags/example_bash_operator.py
[2023-04-15T10:47:01.509+0700] {processor.py:753} INFO - DAG(s) dict_keys(['example_bash_operator']) retrieved from /home/ahyar/Documents/tut_folder/tut_python/python_script/tut_airflow/env_airflow/lib/python3.9/site-packages/airflow/example_dags/example_bash_operator.py
[2023-04-15T10:47:01.575+0700] {logging_mixin.py:137} INFO - [2023-04-15T10:47:01.574+0700] {manager.py:504} INFO - Created Permission View: can read on DAG:example_bash_operator
[2023-04-15T10:47:01.584+0700] {logging_mixin.py:137} INFO - [2023-04-15T10:47:01.584+0700] {manager.py:504} INFO - Created Permission View: can edit on DAG:example_bash_operator
[2023-04-15T10:47:01.592+0700] {logging_mixin.py:137} INFO - [2023-04-15T10:47:01.592+0700] {manager.py:504} INFO - Created Permission View: can delete on DAG:example_bash_operator
[2023-04-15T10:47:01.592+0700] {logging_mixin.py:137} INFO - [2023-04-15T10:47:01.592+0700] {dag.py:2705} INFO - Sync 1 DAGs
[2023-04-15T10:47:01.597+0700] {logging_mixin.py:137} INFO - [2023-04-15T10:47:01.597+0700] {dag.py:2726} INFO - Creating ORM DAG for example_bash_operator
[2023-04-15T10:47:01.605+0700] {logging_mixin.py:137} INFO - [2023-04-15T10:47:01.605+0700] {dag.py:3452} INFO - Setting next_dagrun for example_bash_operator to 2023-04-14T00:00:00+00:00, run_after=2023-04-15T00:00:00+00:00
[2023-04-15T10:47:01.625+0700] {processor.py:175} INFO - Processing /home/ahyar/Documents/tut_folder/tut_python/python_script/tut_airflow/env_airflow/lib/python3.9/site-packages/airflow/example_dags/example_bash_operator.py took 0.131 seconds
[2023-04-15T10:47:43.251+0700] {processor.py:153} INFO - Started process (PID=16651) to work on /home/ahyar/Documents/tut_folder/tut_python/python_script/tut_airflow/env_airflow/lib/python3.9/site-packages/airflow/example_dags/example_bash_operator.py
[2023-04-15T10:47:43.253+0700] {processor.py:743} INFO - Processing file /home/ahyar/Documents/tut_folder/tut_python/python_script/tut_airflow/env_airflow/lib/python3.9/site-packages/airflow/example_dags/example_bash_operator.py for tasks to queue
[2023-04-15T10:47:43.254+0700] {logging_mixin.py:137} INFO - [2023-04-15T10:47:43.254+0700] {dagbag.py:532} INFO - Filling up the DagBag from /home/ahyar/Documents/tut_folder/tut_python/python_script/tut_airflow/env_airflow/lib/python3.9/site-packages/airflow/example_dags/example_bash_operator.py
[2023-04-15T10:47:43.271+0700] {processor.py:753} INFO - DAG(s) dict_keys(['example_bash_operator']) retrieved from /home/ahyar/Documents/tut_folder/tut_python/python_script/tut_airflow/env_airflow/lib/python3.9/site-packages/airflow/example_dags/example_bash_operator.py
[2023-04-15T10:47:43.287+0700] {logging_mixin.py:137} INFO - [2023-04-15T10:47:43.287+0700] {dag.py:2705} INFO - Sync 1 DAGs
[2023-04-15T10:47:43.299+0700] {logging_mixin.py:137} INFO - [2023-04-15T10:47:43.298+0700] {dag.py:3452} INFO - Setting next_dagrun for example_bash_operator to 2023-04-14T00:00:00+00:00, run_after=2023-04-15T00:00:00+00:00
[2023-04-15T10:47:43.312+0700] {processor.py:175} INFO - Processing /home/ahyar/Documents/tut_folder/tut_python/python_script/tut_airflow/env_airflow/lib/python3.9/site-packages/airflow/example_dags/example_bash_operator.py took 0.065 seconds
[2023-04-15T10:48:54.729+0700] {processor.py:153} INFO - Started process (PID=17250) to work on /home/ahyar/Documents/tut_folder/tut_python/python_script/tut_airflow/env_airflow/lib/python3.9/site-packages/airflow/example_dags/example_bash_operator.py
[2023-04-15T10:48:54.730+0700] {processor.py:743} INFO - Processing file /home/ahyar/Documents/tut_folder/tut_python/python_script/tut_airflow/env_airflow/lib/python3.9/site-packages/airflow/example_dags/example_bash_operator.py for tasks to queue
[2023-04-15T10:48:54.730+0700] {logging_mixin.py:137} INFO - [2023-04-15T10:48:54.730+0700] {dagbag.py:532} INFO - Filling up the DagBag from /home/ahyar/Documents/tut_folder/tut_python/python_script/tut_airflow/env_airflow/lib/python3.9/site-packages/airflow/example_dags/example_bash_operator.py
[2023-04-15T10:48:54.752+0700] {processor.py:753} INFO - DAG(s) dict_keys(['example_bash_operator']) retrieved from /home/ahyar/Documents/tut_folder/tut_python/python_script/tut_airflow/env_airflow/lib/python3.9/site-packages/airflow/example_dags/example_bash_operator.py
[2023-04-15T10:48:54.779+0700] {logging_mixin.py:137} INFO - [2023-04-15T10:48:54.779+0700] {dag.py:2705} INFO - Sync 1 DAGs
[2023-04-15T10:48:54.802+0700] {logging_mixin.py:137} INFO - [2023-04-15T10:48:54.801+0700] {dag.py:3452} INFO - Setting next_dagrun for example_bash_operator to 2023-04-14T00:00:00+00:00, run_after=2023-04-15T00:00:00+00:00
[2023-04-15T10:48:54.825+0700] {processor.py:175} INFO - Processing /home/ahyar/Documents/tut_folder/tut_python/python_script/tut_airflow/env_airflow/lib/python3.9/site-packages/airflow/example_dags/example_bash_operator.py took 0.098 seconds
[2023-04-15T10:49:45.025+0700] {processor.py:153} INFO - Started process (PID=17480) to work on /home/ahyar/Documents/tut_folder/tut_python/python_script/tut_airflow/env_airflow/lib/python3.9/site-packages/airflow/example_dags/example_bash_operator.py
[2023-04-15T10:49:45.031+0700] {processor.py:743} INFO - Processing file /home/ahyar/Documents/tut_folder/tut_python/python_script/tut_airflow/env_airflow/lib/python3.9/site-packages/airflow/example_dags/example_bash_operator.py for tasks to queue
[2023-04-15T10:49:45.037+0700] {logging_mixin.py:137} INFO - [2023-04-15T10:49:45.036+0700] {dagbag.py:532} INFO - Filling up the DagBag from /home/ahyar/Documents/tut_folder/tut_python/python_script/tut_airflow/env_airflow/lib/python3.9/site-packages/airflow/example_dags/example_bash_operator.py
[2023-04-15T10:49:45.144+0700] {processor.py:753} INFO - DAG(s) dict_keys(['example_bash_operator']) retrieved from /home/ahyar/Documents/tut_folder/tut_python/python_script/tut_airflow/env_airflow/lib/python3.9/site-packages/airflow/example_dags/example_bash_operator.py
[2023-04-15T10:49:45.189+0700] {logging_mixin.py:137} INFO - [2023-04-15T10:49:45.188+0700] {dag.py:2705} INFO - Sync 1 DAGs
[2023-04-15T10:49:45.212+0700] {logging_mixin.py:137} INFO - [2023-04-15T10:49:45.212+0700] {dag.py:3452} INFO - Setting next_dagrun for example_bash_operator to 2023-04-14T00:00:00+00:00, run_after=2023-04-15T00:00:00+00:00
[2023-04-15T10:49:45.239+0700] {processor.py:175} INFO - Processing /home/ahyar/Documents/tut_folder/tut_python/python_script/tut_airflow/env_airflow/lib/python3.9/site-packages/airflow/example_dags/example_bash_operator.py took 0.224 seconds
[2023-04-15T10:50:28.517+0700] {processor.py:153} INFO - Started process (PID=17733) to work on /home/ahyar/Documents/tut_folder/tut_python/python_script/tut_airflow/env_airflow/lib/python3.9/site-packages/airflow/example_dags/example_bash_operator.py
[2023-04-15T10:50:28.518+0700] {processor.py:743} INFO - Processing file /home/ahyar/Documents/tut_folder/tut_python/python_script/tut_airflow/env_airflow/lib/python3.9/site-packages/airflow/example_dags/example_bash_operator.py for tasks to queue
[2023-04-15T10:50:28.519+0700] {logging_mixin.py:137} INFO - [2023-04-15T10:50:28.519+0700] {dagbag.py:532} INFO - Filling up the DagBag from /home/ahyar/Documents/tut_folder/tut_python/python_script/tut_airflow/env_airflow/lib/python3.9/site-packages/airflow/example_dags/example_bash_operator.py
[2023-04-15T10:50:28.534+0700] {processor.py:753} INFO - DAG(s) dict_keys(['example_bash_operator']) retrieved from /home/ahyar/Documents/tut_folder/tut_python/python_script/tut_airflow/env_airflow/lib/python3.9/site-packages/airflow/example_dags/example_bash_operator.py
[2023-04-15T10:50:28.551+0700] {logging_mixin.py:137} INFO - [2023-04-15T10:50:28.551+0700] {dag.py:2705} INFO - Sync 1 DAGs
[2023-04-15T10:50:28.563+0700] {logging_mixin.py:137} INFO - [2023-04-15T10:50:28.563+0700] {dag.py:3452} INFO - Setting next_dagrun for example_bash_operator to 2023-04-14T00:00:00+00:00, run_after=2023-04-15T00:00:00+00:00
[2023-04-15T10:50:28.577+0700] {processor.py:175} INFO - Processing /home/ahyar/Documents/tut_folder/tut_python/python_script/tut_airflow/env_airflow/lib/python3.9/site-packages/airflow/example_dags/example_bash_operator.py took 0.065 seconds
[2023-04-15T10:51:10.092+0700] {processor.py:153} INFO - Started process (PID=17817) to work on /home/ahyar/Documents/tut_folder/tut_python/python_script/tut_airflow/env_airflow/lib/python3.9/site-packages/airflow/example_dags/example_bash_operator.py
[2023-04-15T10:51:10.093+0700] {processor.py:743} INFO - Processing file /home/ahyar/Documents/tut_folder/tut_python/python_script/tut_airflow/env_airflow/lib/python3.9/site-packages/airflow/example_dags/example_bash_operator.py for tasks to queue
[2023-04-15T10:51:10.094+0700] {logging_mixin.py:137} INFO - [2023-04-15T10:51:10.094+0700] {dagbag.py:532} INFO - Filling up the DagBag from /home/ahyar/Documents/tut_folder/tut_python/python_script/tut_airflow/env_airflow/lib/python3.9/site-packages/airflow/example_dags/example_bash_operator.py
[2023-04-15T10:51:10.110+0700] {processor.py:753} INFO - DAG(s) dict_keys(['example_bash_operator']) retrieved from /home/ahyar/Documents/tut_folder/tut_python/python_script/tut_airflow/env_airflow/lib/python3.9/site-packages/airflow/example_dags/example_bash_operator.py
[2023-04-15T10:51:10.135+0700] {logging_mixin.py:137} INFO - [2023-04-15T10:51:10.135+0700] {dag.py:2705} INFO - Sync 1 DAGs
[2023-04-15T10:51:10.153+0700] {logging_mixin.py:137} INFO - [2023-04-15T10:51:10.153+0700] {dag.py:3452} INFO - Setting next_dagrun for example_bash_operator to 2023-04-14T00:00:00+00:00, run_after=2023-04-15T00:00:00+00:00
[2023-04-15T10:51:10.174+0700] {processor.py:175} INFO - Processing /home/ahyar/Documents/tut_folder/tut_python/python_script/tut_airflow/env_airflow/lib/python3.9/site-packages/airflow/example_dags/example_bash_operator.py took 0.084 seconds
[2023-04-15T10:51:53.370+0700] {processor.py:153} INFO - Started process (PID=17882) to work on /home/ahyar/Documents/tut_folder/tut_python/python_script/tut_airflow/env_airflow/lib/python3.9/site-packages/airflow/example_dags/example_bash_operator.py
[2023-04-15T10:51:53.371+0700] {processor.py:743} INFO - Processing file /home/ahyar/Documents/tut_folder/tut_python/python_script/tut_airflow/env_airflow/lib/python3.9/site-packages/airflow/example_dags/example_bash_operator.py for tasks to queue
[2023-04-15T10:51:53.372+0700] {logging_mixin.py:137} INFO - [2023-04-15T10:51:53.372+0700] {dagbag.py:532} INFO - Filling up the DagBag from /home/ahyar/Documents/tut_folder/tut_python/python_script/tut_airflow/env_airflow/lib/python3.9/site-packages/airflow/example_dags/example_bash_operator.py
[2023-04-15T10:51:53.399+0700] {processor.py:753} INFO - DAG(s) dict_keys(['example_bash_operator']) retrieved from /home/ahyar/Documents/tut_folder/tut_python/python_script/tut_airflow/env_airflow/lib/python3.9/site-packages/airflow/example_dags/example_bash_operator.py
[2023-04-15T10:51:53.428+0700] {logging_mixin.py:137} INFO - [2023-04-15T10:51:53.428+0700] {dag.py:2705} INFO - Sync 1 DAGs
[2023-04-15T10:51:53.450+0700] {logging_mixin.py:137} INFO - [2023-04-15T10:51:53.450+0700] {dag.py:3452} INFO - Setting next_dagrun for example_bash_operator to 2023-04-14T00:00:00+00:00, run_after=2023-04-15T00:00:00+00:00
[2023-04-15T10:51:53.475+0700] {processor.py:175} INFO - Processing /home/ahyar/Documents/tut_folder/tut_python/python_script/tut_airflow/env_airflow/lib/python3.9/site-packages/airflow/example_dags/example_bash_operator.py took 0.110 seconds
[2023-04-15T10:52:37.923+0700] {processor.py:153} INFO - Started process (PID=18052) to work on /home/ahyar/Documents/tut_folder/tut_python/python_script/tut_airflow/env_airflow/lib/python3.9/site-packages/airflow/example_dags/example_bash_operator.py
[2023-04-15T10:52:37.925+0700] {processor.py:743} INFO - Processing file /home/ahyar/Documents/tut_folder/tut_python/python_script/tut_airflow/env_airflow/lib/python3.9/site-packages/airflow/example_dags/example_bash_operator.py for tasks to queue
[2023-04-15T10:52:37.928+0700] {logging_mixin.py:137} INFO - [2023-04-15T10:52:37.927+0700] {dagbag.py:532} INFO - Filling up the DagBag from /home/ahyar/Documents/tut_folder/tut_python/python_script/tut_airflow/env_airflow/lib/python3.9/site-packages/airflow/example_dags/example_bash_operator.py
[2023-04-15T10:52:37.973+0700] {processor.py:753} INFO - DAG(s) dict_keys(['example_bash_operator']) retrieved from /home/ahyar/Documents/tut_folder/tut_python/python_script/tut_airflow/env_airflow/lib/python3.9/site-packages/airflow/example_dags/example_bash_operator.py
[2023-04-15T10:52:38.024+0700] {logging_mixin.py:137} INFO - [2023-04-15T10:52:38.023+0700] {dag.py:2705} INFO - Sync 1 DAGs
[2023-04-15T10:52:38.067+0700] {logging_mixin.py:137} INFO - [2023-04-15T10:52:38.067+0700] {dag.py:3452} INFO - Setting next_dagrun for example_bash_operator to 2023-04-14T00:00:00+00:00, run_after=2023-04-15T00:00:00+00:00
[2023-04-15T10:52:38.117+0700] {processor.py:175} INFO - Processing /home/ahyar/Documents/tut_folder/tut_python/python_script/tut_airflow/env_airflow/lib/python3.9/site-packages/airflow/example_dags/example_bash_operator.py took 0.203 seconds
[2023-04-15T10:53:26.184+0700] {processor.py:153} INFO - Started process (PID=18156) to work on /home/ahyar/Documents/tut_folder/tut_python/python_script/tut_airflow/env_airflow/lib/python3.9/site-packages/airflow/example_dags/example_bash_operator.py
[2023-04-15T10:53:26.185+0700] {processor.py:743} INFO - Processing file /home/ahyar/Documents/tut_folder/tut_python/python_script/tut_airflow/env_airflow/lib/python3.9/site-packages/airflow/example_dags/example_bash_operator.py for tasks to queue
[2023-04-15T10:53:26.185+0700] {logging_mixin.py:137} INFO - [2023-04-15T10:53:26.185+0700] {dagbag.py:532} INFO - Filling up the DagBag from /home/ahyar/Documents/tut_folder/tut_python/python_script/tut_airflow/env_airflow/lib/python3.9/site-packages/airflow/example_dags/example_bash_operator.py
[2023-04-15T10:53:26.216+0700] {processor.py:753} INFO - DAG(s) dict_keys(['example_bash_operator']) retrieved from /home/ahyar/Documents/tut_folder/tut_python/python_script/tut_airflow/env_airflow/lib/python3.9/site-packages/airflow/example_dags/example_bash_operator.py
[2023-04-15T10:53:26.248+0700] {logging_mixin.py:137} INFO - [2023-04-15T10:53:26.248+0700] {dag.py:2705} INFO - Sync 1 DAGs
[2023-04-15T10:53:26.277+0700] {logging_mixin.py:137} INFO - [2023-04-15T10:53:26.277+0700] {dag.py:3452} INFO - Setting next_dagrun for example_bash_operator to 2023-04-14T00:00:00+00:00, run_after=2023-04-15T00:00:00+00:00
[2023-04-15T10:53:26.310+0700] {processor.py:175} INFO - Processing /home/ahyar/Documents/tut_folder/tut_python/python_script/tut_airflow/env_airflow/lib/python3.9/site-packages/airflow/example_dags/example_bash_operator.py took 0.129 seconds
[2023-04-15T10:54:10.580+0700] {processor.py:153} INFO - Started process (PID=18225) to work on /home/ahyar/Documents/tut_folder/tut_python/python_script/tut_airflow/env_airflow/lib/python3.9/site-packages/airflow/example_dags/example_bash_operator.py
[2023-04-15T10:54:10.582+0700] {processor.py:743} INFO - Processing file /home/ahyar/Documents/tut_folder/tut_python/python_script/tut_airflow/env_airflow/lib/python3.9/site-packages/airflow/example_dags/example_bash_operator.py for tasks to queue
[2023-04-15T10:54:10.582+0700] {logging_mixin.py:137} INFO - [2023-04-15T10:54:10.582+0700] {dagbag.py:532} INFO - Filling up the DagBag from /home/ahyar/Documents/tut_folder/tut_python/python_script/tut_airflow/env_airflow/lib/python3.9/site-packages/airflow/example_dags/example_bash_operator.py
[2023-04-15T10:54:10.597+0700] {processor.py:753} INFO - DAG(s) dict_keys(['example_bash_operator']) retrieved from /home/ahyar/Documents/tut_folder/tut_python/python_script/tut_airflow/env_airflow/lib/python3.9/site-packages/airflow/example_dags/example_bash_operator.py
[2023-04-15T10:54:10.613+0700] {logging_mixin.py:137} INFO - [2023-04-15T10:54:10.613+0700] {dag.py:2705} INFO - Sync 1 DAGs
[2023-04-15T10:54:10.625+0700] {logging_mixin.py:137} INFO - [2023-04-15T10:54:10.625+0700] {dag.py:3452} INFO - Setting next_dagrun for example_bash_operator to 2023-04-14T00:00:00+00:00, run_after=2023-04-15T00:00:00+00:00
[2023-04-15T10:54:10.639+0700] {processor.py:175} INFO - Processing /home/ahyar/Documents/tut_folder/tut_python/python_script/tut_airflow/env_airflow/lib/python3.9/site-packages/airflow/example_dags/example_bash_operator.py took 0.061 seconds
[2023-04-15T10:54:55.741+0700] {processor.py:153} INFO - Started process (PID=18313) to work on /home/ahyar/Documents/tut_folder/tut_python/python_script/tut_airflow/env_airflow/lib/python3.9/site-packages/airflow/example_dags/example_bash_operator.py
[2023-04-15T10:54:55.742+0700] {processor.py:743} INFO - Processing file /home/ahyar/Documents/tut_folder/tut_python/python_script/tut_airflow/env_airflow/lib/python3.9/site-packages/airflow/example_dags/example_bash_operator.py for tasks to queue
[2023-04-15T10:54:55.744+0700] {logging_mixin.py:137} INFO - [2023-04-15T10:54:55.744+0700] {dagbag.py:532} INFO - Filling up the DagBag from /home/ahyar/Documents/tut_folder/tut_python/python_script/tut_airflow/env_airflow/lib/python3.9/site-packages/airflow/example_dags/example_bash_operator.py
[2023-04-15T10:54:55.773+0700] {processor.py:753} INFO - DAG(s) dict_keys(['example_bash_operator']) retrieved from /home/ahyar/Documents/tut_folder/tut_python/python_script/tut_airflow/env_airflow/lib/python3.9/site-packages/airflow/example_dags/example_bash_operator.py
[2023-04-15T10:54:55.813+0700] {logging_mixin.py:137} INFO - [2023-04-15T10:54:55.812+0700] {dag.py:2705} INFO - Sync 1 DAGs
[2023-04-15T10:54:55.832+0700] {logging_mixin.py:137} INFO - [2023-04-15T10:54:55.832+0700] {dag.py:3452} INFO - Setting next_dagrun for example_bash_operator to 2023-04-14T00:00:00+00:00, run_after=2023-04-15T00:00:00+00:00
[2023-04-15T10:54:55.854+0700] {processor.py:175} INFO - Processing /home/ahyar/Documents/tut_folder/tut_python/python_script/tut_airflow/env_airflow/lib/python3.9/site-packages/airflow/example_dags/example_bash_operator.py took 0.116 seconds
[2023-04-15T10:55:41.411+0700] {processor.py:153} INFO - Started process (PID=18425) to work on /home/ahyar/Documents/tut_folder/tut_python/python_script/tut_airflow/env_airflow/lib/python3.9/site-packages/airflow/example_dags/example_bash_operator.py
[2023-04-15T10:55:41.412+0700] {processor.py:743} INFO - Processing file /home/ahyar/Documents/tut_folder/tut_python/python_script/tut_airflow/env_airflow/lib/python3.9/site-packages/airflow/example_dags/example_bash_operator.py for tasks to queue
[2023-04-15T10:55:41.412+0700] {logging_mixin.py:137} INFO - [2023-04-15T10:55:41.412+0700] {dagbag.py:532} INFO - Filling up the DagBag from /home/ahyar/Documents/tut_folder/tut_python/python_script/tut_airflow/env_airflow/lib/python3.9/site-packages/airflow/example_dags/example_bash_operator.py
[2023-04-15T10:55:41.427+0700] {processor.py:753} INFO - DAG(s) dict_keys(['example_bash_operator']) retrieved from /home/ahyar/Documents/tut_folder/tut_python/python_script/tut_airflow/env_airflow/lib/python3.9/site-packages/airflow/example_dags/example_bash_operator.py
[2023-04-15T10:55:41.448+0700] {logging_mixin.py:137} INFO - [2023-04-15T10:55:41.448+0700] {dag.py:2705} INFO - Sync 1 DAGs
[2023-04-15T10:55:41.459+0700] {logging_mixin.py:137} INFO - [2023-04-15T10:55:41.459+0700] {dag.py:3452} INFO - Setting next_dagrun for example_bash_operator to 2023-04-14T00:00:00+00:00, run_after=2023-04-15T00:00:00+00:00
[2023-04-15T10:55:41.477+0700] {processor.py:175} INFO - Processing /home/ahyar/Documents/tut_folder/tut_python/python_script/tut_airflow/env_airflow/lib/python3.9/site-packages/airflow/example_dags/example_bash_operator.py took 0.068 seconds
[2023-04-15T10:56:24.518+0700] {processor.py:153} INFO - Started process (PID=18478) to work on /home/ahyar/Documents/tut_folder/tut_python/python_script/tut_airflow/env_airflow/lib/python3.9/site-packages/airflow/example_dags/example_bash_operator.py
[2023-04-15T10:56:24.519+0700] {processor.py:743} INFO - Processing file /home/ahyar/Documents/tut_folder/tut_python/python_script/tut_airflow/env_airflow/lib/python3.9/site-packages/airflow/example_dags/example_bash_operator.py for tasks to queue
[2023-04-15T10:56:24.520+0700] {logging_mixin.py:137} INFO - [2023-04-15T10:56:24.520+0700] {dagbag.py:532} INFO - Filling up the DagBag from /home/ahyar/Documents/tut_folder/tut_python/python_script/tut_airflow/env_airflow/lib/python3.9/site-packages/airflow/example_dags/example_bash_operator.py
[2023-04-15T10:56:24.536+0700] {processor.py:753} INFO - DAG(s) dict_keys(['example_bash_operator']) retrieved from /home/ahyar/Documents/tut_folder/tut_python/python_script/tut_airflow/env_airflow/lib/python3.9/site-packages/airflow/example_dags/example_bash_operator.py
[2023-04-15T10:56:24.553+0700] {logging_mixin.py:137} INFO - [2023-04-15T10:56:24.552+0700] {dag.py:2705} INFO - Sync 1 DAGs
[2023-04-15T10:56:24.566+0700] {logging_mixin.py:137} INFO - [2023-04-15T10:56:24.565+0700] {dag.py:3452} INFO - Setting next_dagrun for example_bash_operator to 2023-04-14T00:00:00+00:00, run_after=2023-04-15T00:00:00+00:00
[2023-04-15T10:56:24.580+0700] {processor.py:175} INFO - Processing /home/ahyar/Documents/tut_folder/tut_python/python_script/tut_airflow/env_airflow/lib/python3.9/site-packages/airflow/example_dags/example_bash_operator.py took 0.066 seconds
[2023-04-15T10:57:05.781+0700] {processor.py:153} INFO - Started process (PID=18551) to work on /home/ahyar/Documents/tut_folder/tut_python/python_script/tut_airflow/env_airflow/lib/python3.9/site-packages/airflow/example_dags/example_bash_operator.py
[2023-04-15T10:57:05.783+0700] {processor.py:743} INFO - Processing file /home/ahyar/Documents/tut_folder/tut_python/python_script/tut_airflow/env_airflow/lib/python3.9/site-packages/airflow/example_dags/example_bash_operator.py for tasks to queue
[2023-04-15T10:57:05.783+0700] {logging_mixin.py:137} INFO - [2023-04-15T10:57:05.783+0700] {dagbag.py:532} INFO - Filling up the DagBag from /home/ahyar/Documents/tut_folder/tut_python/python_script/tut_airflow/env_airflow/lib/python3.9/site-packages/airflow/example_dags/example_bash_operator.py
[2023-04-15T10:57:05.797+0700] {processor.py:753} INFO - DAG(s) dict_keys(['example_bash_operator']) retrieved from /home/ahyar/Documents/tut_folder/tut_python/python_script/tut_airflow/env_airflow/lib/python3.9/site-packages/airflow/example_dags/example_bash_operator.py
[2023-04-15T10:57:05.816+0700] {logging_mixin.py:137} INFO - [2023-04-15T10:57:05.816+0700] {dag.py:2705} INFO - Sync 1 DAGs
[2023-04-15T10:57:05.830+0700] {logging_mixin.py:137} INFO - [2023-04-15T10:57:05.830+0700] {dag.py:3452} INFO - Setting next_dagrun for example_bash_operator to 2023-04-14T00:00:00+00:00, run_after=2023-04-15T00:00:00+00:00
[2023-04-15T10:57:05.846+0700] {processor.py:175} INFO - Processing /home/ahyar/Documents/tut_folder/tut_python/python_script/tut_airflow/env_airflow/lib/python3.9/site-packages/airflow/example_dags/example_bash_operator.py took 0.067 seconds
[2023-04-15T10:57:51.107+0700] {processor.py:153} INFO - Started process (PID=18627) to work on /home/ahyar/Documents/tut_folder/tut_python/python_script/tut_airflow/env_airflow/lib/python3.9/site-packages/airflow/example_dags/example_bash_operator.py
[2023-04-15T10:57:51.444+0700] {processor.py:743} INFO - Processing file /home/ahyar/Documents/tut_folder/tut_python/python_script/tut_airflow/env_airflow/lib/python3.9/site-packages/airflow/example_dags/example_bash_operator.py for tasks to queue
[2023-04-15T10:57:51.446+0700] {logging_mixin.py:137} INFO - [2023-04-15T10:57:51.445+0700] {dagbag.py:532} INFO - Filling up the DagBag from /home/ahyar/Documents/tut_folder/tut_python/python_script/tut_airflow/env_airflow/lib/python3.9/site-packages/airflow/example_dags/example_bash_operator.py
[2023-04-15T10:57:51.471+0700] {processor.py:753} INFO - DAG(s) dict_keys(['example_bash_operator']) retrieved from /home/ahyar/Documents/tut_folder/tut_python/python_script/tut_airflow/env_airflow/lib/python3.9/site-packages/airflow/example_dags/example_bash_operator.py
[2023-04-15T10:57:51.491+0700] {logging_mixin.py:137} INFO - [2023-04-15T10:57:51.491+0700] {dag.py:2705} INFO - Sync 1 DAGs
[2023-04-15T10:57:51.509+0700] {logging_mixin.py:137} INFO - [2023-04-15T10:57:51.508+0700] {dag.py:3452} INFO - Setting next_dagrun for example_bash_operator to 2023-04-14T00:00:00+00:00, run_after=2023-04-15T00:00:00+00:00
[2023-04-15T10:57:51.599+0700] {processor.py:175} INFO - Processing /home/ahyar/Documents/tut_folder/tut_python/python_script/tut_airflow/env_airflow/lib/python3.9/site-packages/airflow/example_dags/example_bash_operator.py took 0.496 seconds
[2023-04-15T10:58:38.957+0700] {processor.py:153} INFO - Started process (PID=18748) to work on /home/ahyar/Documents/tut_folder/tut_python/python_script/tut_airflow/env_airflow/lib/python3.9/site-packages/airflow/example_dags/example_bash_operator.py
[2023-04-15T10:58:38.958+0700] {processor.py:743} INFO - Processing file /home/ahyar/Documents/tut_folder/tut_python/python_script/tut_airflow/env_airflow/lib/python3.9/site-packages/airflow/example_dags/example_bash_operator.py for tasks to queue
[2023-04-15T10:58:38.959+0700] {logging_mixin.py:137} INFO - [2023-04-15T10:58:38.959+0700] {dagbag.py:532} INFO - Filling up the DagBag from /home/ahyar/Documents/tut_folder/tut_python/python_script/tut_airflow/env_airflow/lib/python3.9/site-packages/airflow/example_dags/example_bash_operator.py
[2023-04-15T10:58:38.982+0700] {processor.py:753} INFO - DAG(s) dict_keys(['example_bash_operator']) retrieved from /home/ahyar/Documents/tut_folder/tut_python/python_script/tut_airflow/env_airflow/lib/python3.9/site-packages/airflow/example_dags/example_bash_operator.py
[2023-04-15T10:58:39.007+0700] {logging_mixin.py:137} INFO - [2023-04-15T10:58:39.007+0700] {dag.py:2705} INFO - Sync 1 DAGs
[2023-04-15T10:58:39.022+0700] {logging_mixin.py:137} INFO - [2023-04-15T10:58:39.022+0700] {dag.py:3452} INFO - Setting next_dagrun for example_bash_operator to 2023-04-14T00:00:00+00:00, run_after=2023-04-15T00:00:00+00:00
[2023-04-15T10:58:39.041+0700] {processor.py:175} INFO - Processing /home/ahyar/Documents/tut_folder/tut_python/python_script/tut_airflow/env_airflow/lib/python3.9/site-packages/airflow/example_dags/example_bash_operator.py took 0.089 seconds
[2023-04-15T11:00:41.877+0700] {processor.py:153} INFO - Started process (PID=20054) to work on /home/ahyar/Documents/tut_folder/tut_python/python_script/tut_airflow/env_airflow/lib/python3.9/site-packages/airflow/example_dags/example_bash_operator.py
[2023-04-15T11:00:41.879+0700] {processor.py:743} INFO - Processing file /home/ahyar/Documents/tut_folder/tut_python/python_script/tut_airflow/env_airflow/lib/python3.9/site-packages/airflow/example_dags/example_bash_operator.py for tasks to queue
[2023-04-15T11:00:41.879+0700] {logging_mixin.py:137} INFO - [2023-04-15T11:00:41.879+0700] {dagbag.py:532} INFO - Filling up the DagBag from /home/ahyar/Documents/tut_folder/tut_python/python_script/tut_airflow/env_airflow/lib/python3.9/site-packages/airflow/example_dags/example_bash_operator.py
[2023-04-15T11:00:41.904+0700] {processor.py:753} INFO - DAG(s) dict_keys(['example_bash_operator']) retrieved from /home/ahyar/Documents/tut_folder/tut_python/python_script/tut_airflow/env_airflow/lib/python3.9/site-packages/airflow/example_dags/example_bash_operator.py
[2023-04-15T11:00:41.930+0700] {logging_mixin.py:137} INFO - [2023-04-15T11:00:41.930+0700] {dag.py:2705} INFO - Sync 1 DAGs
[2023-04-15T11:00:41.949+0700] {logging_mixin.py:137} INFO - [2023-04-15T11:00:41.949+0700] {dag.py:3452} INFO - Setting next_dagrun for example_bash_operator to 2023-04-14T00:00:00+00:00, run_after=2023-04-15T00:00:00+00:00
[2023-04-15T11:00:41.980+0700] {processor.py:175} INFO - Processing /home/ahyar/Documents/tut_folder/tut_python/python_script/tut_airflow/env_airflow/lib/python3.9/site-packages/airflow/example_dags/example_bash_operator.py took 0.109 seconds
[2023-04-15T11:04:14.140+0700] {processor.py:153} INFO - Started process (PID=22547) to work on /home/ahyar/Documents/tut_folder/tut_python/python_script/tut_airflow/env_airflow/lib/python3.9/site-packages/airflow/example_dags/example_bash_operator.py
[2023-04-15T11:04:14.141+0700] {processor.py:743} INFO - Processing file /home/ahyar/Documents/tut_folder/tut_python/python_script/tut_airflow/env_airflow/lib/python3.9/site-packages/airflow/example_dags/example_bash_operator.py for tasks to queue
[2023-04-15T11:04:14.142+0700] {logging_mixin.py:137} INFO - [2023-04-15T11:04:14.142+0700] {dagbag.py:532} INFO - Filling up the DagBag from /home/ahyar/Documents/tut_folder/tut_python/python_script/tut_airflow/env_airflow/lib/python3.9/site-packages/airflow/example_dags/example_bash_operator.py
[2023-04-15T11:04:14.158+0700] {processor.py:753} INFO - DAG(s) dict_keys(['example_bash_operator']) retrieved from /home/ahyar/Documents/tut_folder/tut_python/python_script/tut_airflow/env_airflow/lib/python3.9/site-packages/airflow/example_dags/example_bash_operator.py
[2023-04-15T11:04:14.175+0700] {logging_mixin.py:137} INFO - [2023-04-15T11:04:14.175+0700] {dag.py:2705} INFO - Sync 1 DAGs
[2023-04-15T11:04:14.186+0700] {logging_mixin.py:137} INFO - [2023-04-15T11:04:14.186+0700] {dag.py:3452} INFO - Setting next_dagrun for example_bash_operator to 2023-04-14T00:00:00+00:00, run_after=2023-04-15T00:00:00+00:00
[2023-04-15T11:04:14.272+0700] {processor.py:175} INFO - Processing /home/ahyar/Documents/tut_folder/tut_python/python_script/tut_airflow/env_airflow/lib/python3.9/site-packages/airflow/example_dags/example_bash_operator.py took 0.136 seconds
