[2023-04-15T10:46:28.290+0700] {processor.py:153} INFO - Started process (PID=16315) to work on /home/ahyar/Documents/tut_folder/tut_python/python_script/tut_airflow/env_airflow/lib/python3.9/site-packages/airflow/example_dags/example_params_ui_tutorial.py
[2023-04-15T10:46:28.291+0700] {processor.py:743} INFO - Processing file /home/ahyar/Documents/tut_folder/tut_python/python_script/tut_airflow/env_airflow/lib/python3.9/site-packages/airflow/example_dags/example_params_ui_tutorial.py for tasks to queue
[2023-04-15T10:46:28.291+0700] {logging_mixin.py:137} INFO - [2023-04-15T10:46:28.291+0700] {dagbag.py:532} INFO - Filling up the DagBag from /home/ahyar/Documents/tut_folder/tut_python/python_script/tut_airflow/env_airflow/lib/python3.9/site-packages/airflow/example_dags/example_params_ui_tutorial.py
[2023-04-15T10:46:28.322+0700] {processor.py:753} INFO - DAG(s) dict_keys(['example_params_ui_tutorial']) retrieved from /home/ahyar/Documents/tut_folder/tut_python/python_script/tut_airflow/env_airflow/lib/python3.9/site-packages/airflow/example_dags/example_params_ui_tutorial.py
[2023-04-15T10:46:28.408+0700] {logging_mixin.py:137} INFO - [2023-04-15T10:46:28.408+0700] {manager.py:504} INFO - Created Permission View: can read on DAG:example_params_ui_tutorial
[2023-04-15T10:46:28.417+0700] {logging_mixin.py:137} INFO - [2023-04-15T10:46:28.417+0700] {manager.py:504} INFO - Created Permission View: can edit on DAG:example_params_ui_tutorial
[2023-04-15T10:46:28.425+0700] {logging_mixin.py:137} INFO - [2023-04-15T10:46:28.425+0700] {manager.py:504} INFO - Created Permission View: can delete on DAG:example_params_ui_tutorial
[2023-04-15T10:46:28.425+0700] {logging_mixin.py:137} INFO - [2023-04-15T10:46:28.425+0700] {dag.py:2705} INFO - Sync 1 DAGs
[2023-04-15T10:46:28.433+0700] {logging_mixin.py:137} INFO - [2023-04-15T10:46:28.433+0700] {dag.py:2726} INFO - Creating ORM DAG for example_params_ui_tutorial
[2023-04-15T10:46:28.438+0700] {logging_mixin.py:137} INFO - [2023-04-15T10:46:28.438+0700] {dag.py:3452} INFO - Setting next_dagrun for example_params_ui_tutorial to None, run_after=None
[2023-04-15T10:46:28.455+0700] {processor.py:175} INFO - Processing /home/ahyar/Documents/tut_folder/tut_python/python_script/tut_airflow/env_airflow/lib/python3.9/site-packages/airflow/example_dags/example_params_ui_tutorial.py took 0.166 seconds
[2023-04-15T10:47:14.121+0700] {processor.py:153} INFO - Started process (PID=16566) to work on /home/ahyar/Documents/tut_folder/tut_python/python_script/tut_airflow/env_airflow/lib/python3.9/site-packages/airflow/example_dags/example_params_ui_tutorial.py
[2023-04-15T10:47:14.240+0700] {processor.py:743} INFO - Processing file /home/ahyar/Documents/tut_folder/tut_python/python_script/tut_airflow/env_airflow/lib/python3.9/site-packages/airflow/example_dags/example_params_ui_tutorial.py for tasks to queue
[2023-04-15T10:47:14.241+0700] {logging_mixin.py:137} INFO - [2023-04-15T10:47:14.241+0700] {dagbag.py:532} INFO - Filling up the DagBag from /home/ahyar/Documents/tut_folder/tut_python/python_script/tut_airflow/env_airflow/lib/python3.9/site-packages/airflow/example_dags/example_params_ui_tutorial.py
[2023-04-15T10:47:14.279+0700] {processor.py:753} INFO - DAG(s) dict_keys(['example_params_ui_tutorial']) retrieved from /home/ahyar/Documents/tut_folder/tut_python/python_script/tut_airflow/env_airflow/lib/python3.9/site-packages/airflow/example_dags/example_params_ui_tutorial.py
[2023-04-15T10:47:14.312+0700] {logging_mixin.py:137} INFO - [2023-04-15T10:47:14.312+0700] {dag.py:2705} INFO - Sync 1 DAGs
[2023-04-15T10:47:14.323+0700] {logging_mixin.py:137} INFO - [2023-04-15T10:47:14.323+0700] {dag.py:3452} INFO - Setting next_dagrun for example_params_ui_tutorial to None, run_after=None
[2023-04-15T10:47:14.338+0700] {processor.py:175} INFO - Processing /home/ahyar/Documents/tut_folder/tut_python/python_script/tut_airflow/env_airflow/lib/python3.9/site-packages/airflow/example_dags/example_params_ui_tutorial.py took 0.219 seconds
[2023-04-15T10:47:53.384+0700] {processor.py:153} INFO - Started process (PID=16773) to work on /home/ahyar/Documents/tut_folder/tut_python/python_script/tut_airflow/env_airflow/lib/python3.9/site-packages/airflow/example_dags/example_params_ui_tutorial.py
[2023-04-15T10:47:53.385+0700] {processor.py:743} INFO - Processing file /home/ahyar/Documents/tut_folder/tut_python/python_script/tut_airflow/env_airflow/lib/python3.9/site-packages/airflow/example_dags/example_params_ui_tutorial.py for tasks to queue
[2023-04-15T10:47:53.386+0700] {logging_mixin.py:137} INFO - [2023-04-15T10:47:53.386+0700] {dagbag.py:532} INFO - Filling up the DagBag from /home/ahyar/Documents/tut_folder/tut_python/python_script/tut_airflow/env_airflow/lib/python3.9/site-packages/airflow/example_dags/example_params_ui_tutorial.py
[2023-04-15T10:47:53.416+0700] {processor.py:753} INFO - DAG(s) dict_keys(['example_params_ui_tutorial']) retrieved from /home/ahyar/Documents/tut_folder/tut_python/python_script/tut_airflow/env_airflow/lib/python3.9/site-packages/airflow/example_dags/example_params_ui_tutorial.py
[2023-04-15T10:47:53.451+0700] {logging_mixin.py:137} INFO - [2023-04-15T10:47:53.451+0700] {dag.py:2705} INFO - Sync 1 DAGs
[2023-04-15T10:47:53.466+0700] {logging_mixin.py:137} INFO - [2023-04-15T10:47:53.465+0700] {dag.py:3452} INFO - Setting next_dagrun for example_params_ui_tutorial to None, run_after=None
[2023-04-15T10:47:53.490+0700] {processor.py:175} INFO - Processing /home/ahyar/Documents/tut_folder/tut_python/python_script/tut_airflow/env_airflow/lib/python3.9/site-packages/airflow/example_dags/example_params_ui_tutorial.py took 0.109 seconds
[2023-04-15T10:48:25.479+0700] {processor.py:153} INFO - Started process (PID=16999) to work on /home/ahyar/Documents/tut_folder/tut_python/python_script/tut_airflow/env_airflow/lib/python3.9/site-packages/airflow/example_dags/example_params_ui_tutorial.py
[2023-04-15T10:48:25.480+0700] {processor.py:743} INFO - Processing file /home/ahyar/Documents/tut_folder/tut_python/python_script/tut_airflow/env_airflow/lib/python3.9/site-packages/airflow/example_dags/example_params_ui_tutorial.py for tasks to queue
[2023-04-15T10:48:25.480+0700] {logging_mixin.py:137} INFO - [2023-04-15T10:48:25.480+0700] {dagbag.py:532} INFO - Filling up the DagBag from /home/ahyar/Documents/tut_folder/tut_python/python_script/tut_airflow/env_airflow/lib/python3.9/site-packages/airflow/example_dags/example_params_ui_tutorial.py
[2023-04-15T10:48:25.511+0700] {processor.py:753} INFO - DAG(s) dict_keys(['example_params_ui_tutorial']) retrieved from /home/ahyar/Documents/tut_folder/tut_python/python_script/tut_airflow/env_airflow/lib/python3.9/site-packages/airflow/example_dags/example_params_ui_tutorial.py
[2023-04-15T10:48:25.549+0700] {logging_mixin.py:137} INFO - [2023-04-15T10:48:25.548+0700] {dag.py:2705} INFO - Sync 1 DAGs
[2023-04-15T10:48:25.569+0700] {logging_mixin.py:137} INFO - [2023-04-15T10:48:25.569+0700] {dag.py:3452} INFO - Setting next_dagrun for example_params_ui_tutorial to None, run_after=None
[2023-04-15T10:48:25.593+0700] {processor.py:175} INFO - Processing /home/ahyar/Documents/tut_folder/tut_python/python_script/tut_airflow/env_airflow/lib/python3.9/site-packages/airflow/example_dags/example_params_ui_tutorial.py took 0.115 seconds
[2023-04-15T10:49:06.802+0700] {processor.py:153} INFO - Started process (PID=17360) to work on /home/ahyar/Documents/tut_folder/tut_python/python_script/tut_airflow/env_airflow/lib/python3.9/site-packages/airflow/example_dags/example_params_ui_tutorial.py
[2023-04-15T10:49:06.805+0700] {processor.py:743} INFO - Processing file /home/ahyar/Documents/tut_folder/tut_python/python_script/tut_airflow/env_airflow/lib/python3.9/site-packages/airflow/example_dags/example_params_ui_tutorial.py for tasks to queue
[2023-04-15T10:49:06.805+0700] {logging_mixin.py:137} INFO - [2023-04-15T10:49:06.805+0700] {dagbag.py:532} INFO - Filling up the DagBag from /home/ahyar/Documents/tut_folder/tut_python/python_script/tut_airflow/env_airflow/lib/python3.9/site-packages/airflow/example_dags/example_params_ui_tutorial.py
[2023-04-15T10:49:06.895+0700] {processor.py:753} INFO - DAG(s) dict_keys(['example_params_ui_tutorial']) retrieved from /home/ahyar/Documents/tut_folder/tut_python/python_script/tut_airflow/env_airflow/lib/python3.9/site-packages/airflow/example_dags/example_params_ui_tutorial.py
[2023-04-15T10:49:06.957+0700] {logging_mixin.py:137} INFO - [2023-04-15T10:49:06.957+0700] {dag.py:2705} INFO - Sync 1 DAGs
[2023-04-15T10:49:06.984+0700] {logging_mixin.py:137} INFO - [2023-04-15T10:49:06.984+0700] {dag.py:3452} INFO - Setting next_dagrun for example_params_ui_tutorial to None, run_after=None
[2023-04-15T10:49:07.008+0700] {processor.py:175} INFO - Processing /home/ahyar/Documents/tut_folder/tut_python/python_script/tut_airflow/env_airflow/lib/python3.9/site-packages/airflow/example_dags/example_params_ui_tutorial.py took 0.213 seconds
[2023-04-15T10:49:56.781+0700] {processor.py:153} INFO - Started process (PID=17556) to work on /home/ahyar/Documents/tut_folder/tut_python/python_script/tut_airflow/env_airflow/lib/python3.9/site-packages/airflow/example_dags/example_params_ui_tutorial.py
[2023-04-15T10:49:56.782+0700] {processor.py:743} INFO - Processing file /home/ahyar/Documents/tut_folder/tut_python/python_script/tut_airflow/env_airflow/lib/python3.9/site-packages/airflow/example_dags/example_params_ui_tutorial.py for tasks to queue
[2023-04-15T10:49:56.782+0700] {logging_mixin.py:137} INFO - [2023-04-15T10:49:56.782+0700] {dagbag.py:532} INFO - Filling up the DagBag from /home/ahyar/Documents/tut_folder/tut_python/python_script/tut_airflow/env_airflow/lib/python3.9/site-packages/airflow/example_dags/example_params_ui_tutorial.py
[2023-04-15T10:49:56.818+0700] {processor.py:753} INFO - DAG(s) dict_keys(['example_params_ui_tutorial']) retrieved from /home/ahyar/Documents/tut_folder/tut_python/python_script/tut_airflow/env_airflow/lib/python3.9/site-packages/airflow/example_dags/example_params_ui_tutorial.py
[2023-04-15T10:49:56.853+0700] {logging_mixin.py:137} INFO - [2023-04-15T10:49:56.853+0700] {dag.py:2705} INFO - Sync 1 DAGs
[2023-04-15T10:49:56.864+0700] {logging_mixin.py:137} INFO - [2023-04-15T10:49:56.864+0700] {dag.py:3452} INFO - Setting next_dagrun for example_params_ui_tutorial to None, run_after=None
[2023-04-15T10:49:56.888+0700] {processor.py:175} INFO - Processing /home/ahyar/Documents/tut_folder/tut_python/python_script/tut_airflow/env_airflow/lib/python3.9/site-packages/airflow/example_dags/example_params_ui_tutorial.py took 0.109 seconds
[2023-04-15T10:50:38.451+0700] {processor.py:153} INFO - Started process (PID=17746) to work on /home/ahyar/Documents/tut_folder/tut_python/python_script/tut_airflow/env_airflow/lib/python3.9/site-packages/airflow/example_dags/example_params_ui_tutorial.py
[2023-04-15T10:50:38.452+0700] {processor.py:743} INFO - Processing file /home/ahyar/Documents/tut_folder/tut_python/python_script/tut_airflow/env_airflow/lib/python3.9/site-packages/airflow/example_dags/example_params_ui_tutorial.py for tasks to queue
[2023-04-15T10:50:38.452+0700] {logging_mixin.py:137} INFO - [2023-04-15T10:50:38.452+0700] {dagbag.py:532} INFO - Filling up the DagBag from /home/ahyar/Documents/tut_folder/tut_python/python_script/tut_airflow/env_airflow/lib/python3.9/site-packages/airflow/example_dags/example_params_ui_tutorial.py
[2023-04-15T10:50:38.496+0700] {processor.py:753} INFO - DAG(s) dict_keys(['example_params_ui_tutorial']) retrieved from /home/ahyar/Documents/tut_folder/tut_python/python_script/tut_airflow/env_airflow/lib/python3.9/site-packages/airflow/example_dags/example_params_ui_tutorial.py
[2023-04-15T10:50:38.537+0700] {logging_mixin.py:137} INFO - [2023-04-15T10:50:38.537+0700] {dag.py:2705} INFO - Sync 1 DAGs
[2023-04-15T10:50:38.553+0700] {logging_mixin.py:137} INFO - [2023-04-15T10:50:38.553+0700] {dag.py:3452} INFO - Setting next_dagrun for example_params_ui_tutorial to None, run_after=None
[2023-04-15T10:50:38.579+0700] {processor.py:175} INFO - Processing /home/ahyar/Documents/tut_folder/tut_python/python_script/tut_airflow/env_airflow/lib/python3.9/site-packages/airflow/example_dags/example_params_ui_tutorial.py took 0.130 seconds
[2023-04-15T10:51:19.795+0700] {processor.py:153} INFO - Started process (PID=17830) to work on /home/ahyar/Documents/tut_folder/tut_python/python_script/tut_airflow/env_airflow/lib/python3.9/site-packages/airflow/example_dags/example_params_ui_tutorial.py
[2023-04-15T10:51:19.796+0700] {processor.py:743} INFO - Processing file /home/ahyar/Documents/tut_folder/tut_python/python_script/tut_airflow/env_airflow/lib/python3.9/site-packages/airflow/example_dags/example_params_ui_tutorial.py for tasks to queue
[2023-04-15T10:51:19.796+0700] {logging_mixin.py:137} INFO - [2023-04-15T10:51:19.796+0700] {dagbag.py:532} INFO - Filling up the DagBag from /home/ahyar/Documents/tut_folder/tut_python/python_script/tut_airflow/env_airflow/lib/python3.9/site-packages/airflow/example_dags/example_params_ui_tutorial.py
[2023-04-15T10:51:19.828+0700] {processor.py:753} INFO - DAG(s) dict_keys(['example_params_ui_tutorial']) retrieved from /home/ahyar/Documents/tut_folder/tut_python/python_script/tut_airflow/env_airflow/lib/python3.9/site-packages/airflow/example_dags/example_params_ui_tutorial.py
[2023-04-15T10:51:19.858+0700] {logging_mixin.py:137} INFO - [2023-04-15T10:51:19.858+0700] {dag.py:2705} INFO - Sync 1 DAGs
[2023-04-15T10:51:19.868+0700] {logging_mixin.py:137} INFO - [2023-04-15T10:51:19.868+0700] {dag.py:3452} INFO - Setting next_dagrun for example_params_ui_tutorial to None, run_after=None
[2023-04-15T10:51:19.882+0700] {processor.py:175} INFO - Processing /home/ahyar/Documents/tut_folder/tut_python/python_script/tut_airflow/env_airflow/lib/python3.9/site-packages/airflow/example_dags/example_params_ui_tutorial.py took 0.089 seconds
[2023-04-15T10:52:04.375+0700] {processor.py:153} INFO - Started process (PID=17902) to work on /home/ahyar/Documents/tut_folder/tut_python/python_script/tut_airflow/env_airflow/lib/python3.9/site-packages/airflow/example_dags/example_params_ui_tutorial.py
[2023-04-15T10:52:04.377+0700] {processor.py:743} INFO - Processing file /home/ahyar/Documents/tut_folder/tut_python/python_script/tut_airflow/env_airflow/lib/python3.9/site-packages/airflow/example_dags/example_params_ui_tutorial.py for tasks to queue
[2023-04-15T10:52:04.378+0700] {logging_mixin.py:137} INFO - [2023-04-15T10:52:04.377+0700] {dagbag.py:532} INFO - Filling up the DagBag from /home/ahyar/Documents/tut_folder/tut_python/python_script/tut_airflow/env_airflow/lib/python3.9/site-packages/airflow/example_dags/example_params_ui_tutorial.py
[2023-04-15T10:52:04.450+0700] {processor.py:753} INFO - DAG(s) dict_keys(['example_params_ui_tutorial']) retrieved from /home/ahyar/Documents/tut_folder/tut_python/python_script/tut_airflow/env_airflow/lib/python3.9/site-packages/airflow/example_dags/example_params_ui_tutorial.py
[2023-04-15T10:52:04.527+0700] {logging_mixin.py:137} INFO - [2023-04-15T10:52:04.526+0700] {dag.py:2705} INFO - Sync 1 DAGs
[2023-04-15T10:52:04.573+0700] {logging_mixin.py:137} INFO - [2023-04-15T10:52:04.572+0700] {dag.py:3452} INFO - Setting next_dagrun for example_params_ui_tutorial to None, run_after=None
[2023-04-15T10:52:04.625+0700] {processor.py:175} INFO - Processing /home/ahyar/Documents/tut_folder/tut_python/python_script/tut_airflow/env_airflow/lib/python3.9/site-packages/airflow/example_dags/example_params_ui_tutorial.py took 0.258 seconds
[2023-04-15T10:52:50.608+0700] {processor.py:153} INFO - Started process (PID=18068) to work on /home/ahyar/Documents/tut_folder/tut_python/python_script/tut_airflow/env_airflow/lib/python3.9/site-packages/airflow/example_dags/example_params_ui_tutorial.py
[2023-04-15T10:52:50.612+0700] {processor.py:743} INFO - Processing file /home/ahyar/Documents/tut_folder/tut_python/python_script/tut_airflow/env_airflow/lib/python3.9/site-packages/airflow/example_dags/example_params_ui_tutorial.py for tasks to queue
[2023-04-15T10:52:50.613+0700] {logging_mixin.py:137} INFO - [2023-04-15T10:52:50.613+0700] {dagbag.py:532} INFO - Filling up the DagBag from /home/ahyar/Documents/tut_folder/tut_python/python_script/tut_airflow/env_airflow/lib/python3.9/site-packages/airflow/example_dags/example_params_ui_tutorial.py
[2023-04-15T10:52:50.687+0700] {processor.py:753} INFO - DAG(s) dict_keys(['example_params_ui_tutorial']) retrieved from /home/ahyar/Documents/tut_folder/tut_python/python_script/tut_airflow/env_airflow/lib/python3.9/site-packages/airflow/example_dags/example_params_ui_tutorial.py
[2023-04-15T10:52:50.768+0700] {logging_mixin.py:137} INFO - [2023-04-15T10:52:50.767+0700] {dag.py:2705} INFO - Sync 1 DAGs
[2023-04-15T10:52:50.805+0700] {logging_mixin.py:137} INFO - [2023-04-15T10:52:50.804+0700] {dag.py:3452} INFO - Setting next_dagrun for example_params_ui_tutorial to None, run_after=None
[2023-04-15T10:52:50.852+0700] {processor.py:175} INFO - Processing /home/ahyar/Documents/tut_folder/tut_python/python_script/tut_airflow/env_airflow/lib/python3.9/site-packages/airflow/example_dags/example_params_ui_tutorial.py took 0.249 seconds
[2023-04-15T10:53:37.094+0700] {processor.py:153} INFO - Started process (PID=18170) to work on /home/ahyar/Documents/tut_folder/tut_python/python_script/tut_airflow/env_airflow/lib/python3.9/site-packages/airflow/example_dags/example_params_ui_tutorial.py
[2023-04-15T10:53:37.095+0700] {processor.py:743} INFO - Processing file /home/ahyar/Documents/tut_folder/tut_python/python_script/tut_airflow/env_airflow/lib/python3.9/site-packages/airflow/example_dags/example_params_ui_tutorial.py for tasks to queue
[2023-04-15T10:53:37.097+0700] {logging_mixin.py:137} INFO - [2023-04-15T10:53:37.096+0700] {dagbag.py:532} INFO - Filling up the DagBag from /home/ahyar/Documents/tut_folder/tut_python/python_script/tut_airflow/env_airflow/lib/python3.9/site-packages/airflow/example_dags/example_params_ui_tutorial.py
[2023-04-15T10:53:37.145+0700] {processor.py:753} INFO - DAG(s) dict_keys(['example_params_ui_tutorial']) retrieved from /home/ahyar/Documents/tut_folder/tut_python/python_script/tut_airflow/env_airflow/lib/python3.9/site-packages/airflow/example_dags/example_params_ui_tutorial.py
[2023-04-15T10:53:37.198+0700] {logging_mixin.py:137} INFO - [2023-04-15T10:53:37.198+0700] {dag.py:2705} INFO - Sync 1 DAGs
[2023-04-15T10:53:37.219+0700] {logging_mixin.py:137} INFO - [2023-04-15T10:53:37.219+0700] {dag.py:3452} INFO - Setting next_dagrun for example_params_ui_tutorial to None, run_after=None
[2023-04-15T10:53:37.248+0700] {processor.py:175} INFO - Processing /home/ahyar/Documents/tut_folder/tut_python/python_script/tut_airflow/env_airflow/lib/python3.9/site-packages/airflow/example_dags/example_params_ui_tutorial.py took 0.158 seconds
[2023-04-15T10:54:21.779+0700] {processor.py:153} INFO - Started process (PID=18255) to work on /home/ahyar/Documents/tut_folder/tut_python/python_script/tut_airflow/env_airflow/lib/python3.9/site-packages/airflow/example_dags/example_params_ui_tutorial.py
[2023-04-15T10:54:21.780+0700] {processor.py:743} INFO - Processing file /home/ahyar/Documents/tut_folder/tut_python/python_script/tut_airflow/env_airflow/lib/python3.9/site-packages/airflow/example_dags/example_params_ui_tutorial.py for tasks to queue
[2023-04-15T10:54:21.780+0700] {logging_mixin.py:137} INFO - [2023-04-15T10:54:21.780+0700] {dagbag.py:532} INFO - Filling up the DagBag from /home/ahyar/Documents/tut_folder/tut_python/python_script/tut_airflow/env_airflow/lib/python3.9/site-packages/airflow/example_dags/example_params_ui_tutorial.py
[2023-04-15T10:54:21.826+0700] {processor.py:753} INFO - DAG(s) dict_keys(['example_params_ui_tutorial']) retrieved from /home/ahyar/Documents/tut_folder/tut_python/python_script/tut_airflow/env_airflow/lib/python3.9/site-packages/airflow/example_dags/example_params_ui_tutorial.py
[2023-04-15T10:54:21.858+0700] {logging_mixin.py:137} INFO - [2023-04-15T10:54:21.858+0700] {dag.py:2705} INFO - Sync 1 DAGs
[2023-04-15T10:54:21.869+0700] {logging_mixin.py:137} INFO - [2023-04-15T10:54:21.869+0700] {dag.py:3452} INFO - Setting next_dagrun for example_params_ui_tutorial to None, run_after=None
[2023-04-15T10:54:21.882+0700] {processor.py:175} INFO - Processing /home/ahyar/Documents/tut_folder/tut_python/python_script/tut_airflow/env_airflow/lib/python3.9/site-packages/airflow/example_dags/example_params_ui_tutorial.py took 0.105 seconds
[2023-04-15T10:55:07.816+0700] {processor.py:153} INFO - Started process (PID=18327) to work on /home/ahyar/Documents/tut_folder/tut_python/python_script/tut_airflow/env_airflow/lib/python3.9/site-packages/airflow/example_dags/example_params_ui_tutorial.py
[2023-04-15T10:55:07.818+0700] {processor.py:743} INFO - Processing file /home/ahyar/Documents/tut_folder/tut_python/python_script/tut_airflow/env_airflow/lib/python3.9/site-packages/airflow/example_dags/example_params_ui_tutorial.py for tasks to queue
[2023-04-15T10:55:07.819+0700] {logging_mixin.py:137} INFO - [2023-04-15T10:55:07.819+0700] {dagbag.py:532} INFO - Filling up the DagBag from /home/ahyar/Documents/tut_folder/tut_python/python_script/tut_airflow/env_airflow/lib/python3.9/site-packages/airflow/example_dags/example_params_ui_tutorial.py
[2023-04-15T10:55:07.877+0700] {processor.py:753} INFO - DAG(s) dict_keys(['example_params_ui_tutorial']) retrieved from /home/ahyar/Documents/tut_folder/tut_python/python_script/tut_airflow/env_airflow/lib/python3.9/site-packages/airflow/example_dags/example_params_ui_tutorial.py
[2023-04-15T10:55:07.930+0700] {logging_mixin.py:137} INFO - [2023-04-15T10:55:07.930+0700] {dag.py:2705} INFO - Sync 1 DAGs
[2023-04-15T10:55:07.956+0700] {logging_mixin.py:137} INFO - [2023-04-15T10:55:07.956+0700] {dag.py:3452} INFO - Setting next_dagrun for example_params_ui_tutorial to None, run_after=None
[2023-04-15T10:55:07.987+0700] {processor.py:175} INFO - Processing /home/ahyar/Documents/tut_folder/tut_python/python_script/tut_airflow/env_airflow/lib/python3.9/site-packages/airflow/example_dags/example_params_ui_tutorial.py took 0.174 seconds
[2023-04-15T10:55:52.701+0700] {processor.py:153} INFO - Started process (PID=18436) to work on /home/ahyar/Documents/tut_folder/tut_python/python_script/tut_airflow/env_airflow/lib/python3.9/site-packages/airflow/example_dags/example_params_ui_tutorial.py
[2023-04-15T10:55:52.703+0700] {processor.py:743} INFO - Processing file /home/ahyar/Documents/tut_folder/tut_python/python_script/tut_airflow/env_airflow/lib/python3.9/site-packages/airflow/example_dags/example_params_ui_tutorial.py for tasks to queue
[2023-04-15T10:55:52.703+0700] {logging_mixin.py:137} INFO - [2023-04-15T10:55:52.703+0700] {dagbag.py:532} INFO - Filling up the DagBag from /home/ahyar/Documents/tut_folder/tut_python/python_script/tut_airflow/env_airflow/lib/python3.9/site-packages/airflow/example_dags/example_params_ui_tutorial.py
[2023-04-15T10:55:52.735+0700] {processor.py:753} INFO - DAG(s) dict_keys(['example_params_ui_tutorial']) retrieved from /home/ahyar/Documents/tut_folder/tut_python/python_script/tut_airflow/env_airflow/lib/python3.9/site-packages/airflow/example_dags/example_params_ui_tutorial.py
[2023-04-15T10:55:52.773+0700] {logging_mixin.py:137} INFO - [2023-04-15T10:55:52.773+0700] {dag.py:2705} INFO - Sync 1 DAGs
[2023-04-15T10:55:52.785+0700] {logging_mixin.py:137} INFO - [2023-04-15T10:55:52.785+0700] {dag.py:3452} INFO - Setting next_dagrun for example_params_ui_tutorial to None, run_after=None
[2023-04-15T10:55:52.800+0700] {processor.py:175} INFO - Processing /home/ahyar/Documents/tut_folder/tut_python/python_script/tut_airflow/env_airflow/lib/python3.9/site-packages/airflow/example_dags/example_params_ui_tutorial.py took 0.103 seconds
[2023-04-15T10:56:34.831+0700] {processor.py:153} INFO - Started process (PID=18489) to work on /home/ahyar/Documents/tut_folder/tut_python/python_script/tut_airflow/env_airflow/lib/python3.9/site-packages/airflow/example_dags/example_params_ui_tutorial.py
[2023-04-15T10:56:34.832+0700] {processor.py:743} INFO - Processing file /home/ahyar/Documents/tut_folder/tut_python/python_script/tut_airflow/env_airflow/lib/python3.9/site-packages/airflow/example_dags/example_params_ui_tutorial.py for tasks to queue
[2023-04-15T10:56:34.833+0700] {logging_mixin.py:137} INFO - [2023-04-15T10:56:34.833+0700] {dagbag.py:532} INFO - Filling up the DagBag from /home/ahyar/Documents/tut_folder/tut_python/python_script/tut_airflow/env_airflow/lib/python3.9/site-packages/airflow/example_dags/example_params_ui_tutorial.py
[2023-04-15T10:56:34.864+0700] {processor.py:753} INFO - DAG(s) dict_keys(['example_params_ui_tutorial']) retrieved from /home/ahyar/Documents/tut_folder/tut_python/python_script/tut_airflow/env_airflow/lib/python3.9/site-packages/airflow/example_dags/example_params_ui_tutorial.py
[2023-04-15T10:56:34.897+0700] {logging_mixin.py:137} INFO - [2023-04-15T10:56:34.897+0700] {dag.py:2705} INFO - Sync 1 DAGs
[2023-04-15T10:56:34.909+0700] {logging_mixin.py:137} INFO - [2023-04-15T10:56:34.909+0700] {dag.py:3452} INFO - Setting next_dagrun for example_params_ui_tutorial to None, run_after=None
[2023-04-15T10:56:34.929+0700] {processor.py:175} INFO - Processing /home/ahyar/Documents/tut_folder/tut_python/python_script/tut_airflow/env_airflow/lib/python3.9/site-packages/airflow/example_dags/example_params_ui_tutorial.py took 0.102 seconds
[2023-04-15T10:57:18.654+0700] {processor.py:153} INFO - Started process (PID=18570) to work on /home/ahyar/Documents/tut_folder/tut_python/python_script/tut_airflow/env_airflow/lib/python3.9/site-packages/airflow/example_dags/example_params_ui_tutorial.py
[2023-04-15T10:57:18.656+0700] {processor.py:743} INFO - Processing file /home/ahyar/Documents/tut_folder/tut_python/python_script/tut_airflow/env_airflow/lib/python3.9/site-packages/airflow/example_dags/example_params_ui_tutorial.py for tasks to queue
[2023-04-15T10:57:18.657+0700] {logging_mixin.py:137} INFO - [2023-04-15T10:57:18.657+0700] {dagbag.py:532} INFO - Filling up the DagBag from /home/ahyar/Documents/tut_folder/tut_python/python_script/tut_airflow/env_airflow/lib/python3.9/site-packages/airflow/example_dags/example_params_ui_tutorial.py
[2023-04-15T10:57:18.719+0700] {processor.py:753} INFO - DAG(s) dict_keys(['example_params_ui_tutorial']) retrieved from /home/ahyar/Documents/tut_folder/tut_python/python_script/tut_airflow/env_airflow/lib/python3.9/site-packages/airflow/example_dags/example_params_ui_tutorial.py
[2023-04-15T10:57:18.770+0700] {logging_mixin.py:137} INFO - [2023-04-15T10:57:18.770+0700] {dag.py:2705} INFO - Sync 1 DAGs
[2023-04-15T10:57:18.800+0700] {logging_mixin.py:137} INFO - [2023-04-15T10:57:18.800+0700] {dag.py:3452} INFO - Setting next_dagrun for example_params_ui_tutorial to None, run_after=None
[2023-04-15T10:57:18.836+0700] {processor.py:175} INFO - Processing /home/ahyar/Documents/tut_folder/tut_python/python_script/tut_airflow/env_airflow/lib/python3.9/site-packages/airflow/example_dags/example_params_ui_tutorial.py took 0.187 seconds
[2023-04-15T10:58:03.360+0700] {processor.py:153} INFO - Started process (PID=18642) to work on /home/ahyar/Documents/tut_folder/tut_python/python_script/tut_airflow/env_airflow/lib/python3.9/site-packages/airflow/example_dags/example_params_ui_tutorial.py
[2023-04-15T10:58:03.361+0700] {processor.py:743} INFO - Processing file /home/ahyar/Documents/tut_folder/tut_python/python_script/tut_airflow/env_airflow/lib/python3.9/site-packages/airflow/example_dags/example_params_ui_tutorial.py for tasks to queue
[2023-04-15T10:58:03.362+0700] {logging_mixin.py:137} INFO - [2023-04-15T10:58:03.362+0700] {dagbag.py:532} INFO - Filling up the DagBag from /home/ahyar/Documents/tut_folder/tut_python/python_script/tut_airflow/env_airflow/lib/python3.9/site-packages/airflow/example_dags/example_params_ui_tutorial.py
[2023-04-15T10:58:03.396+0700] {processor.py:753} INFO - DAG(s) dict_keys(['example_params_ui_tutorial']) retrieved from /home/ahyar/Documents/tut_folder/tut_python/python_script/tut_airflow/env_airflow/lib/python3.9/site-packages/airflow/example_dags/example_params_ui_tutorial.py
[2023-04-15T10:58:03.431+0700] {logging_mixin.py:137} INFO - [2023-04-15T10:58:03.431+0700] {dag.py:2705} INFO - Sync 1 DAGs
[2023-04-15T10:58:03.445+0700] {logging_mixin.py:137} INFO - [2023-04-15T10:58:03.445+0700] {dag.py:3452} INFO - Setting next_dagrun for example_params_ui_tutorial to None, run_after=None
[2023-04-15T10:58:03.462+0700] {processor.py:175} INFO - Processing /home/ahyar/Documents/tut_folder/tut_python/python_script/tut_airflow/env_airflow/lib/python3.9/site-packages/airflow/example_dags/example_params_ui_tutorial.py took 0.105 seconds
[2023-04-15T10:58:50.983+0700] {processor.py:153} INFO - Started process (PID=18795) to work on /home/ahyar/Documents/tut_folder/tut_python/python_script/tut_airflow/env_airflow/lib/python3.9/site-packages/airflow/example_dags/example_params_ui_tutorial.py
[2023-04-15T10:58:50.986+0700] {processor.py:743} INFO - Processing file /home/ahyar/Documents/tut_folder/tut_python/python_script/tut_airflow/env_airflow/lib/python3.9/site-packages/airflow/example_dags/example_params_ui_tutorial.py for tasks to queue
[2023-04-15T10:58:50.987+0700] {logging_mixin.py:137} INFO - [2023-04-15T10:58:50.987+0700] {dagbag.py:532} INFO - Filling up the DagBag from /home/ahyar/Documents/tut_folder/tut_python/python_script/tut_airflow/env_airflow/lib/python3.9/site-packages/airflow/example_dags/example_params_ui_tutorial.py
[2023-04-15T10:58:51.033+0700] {processor.py:753} INFO - DAG(s) dict_keys(['example_params_ui_tutorial']) retrieved from /home/ahyar/Documents/tut_folder/tut_python/python_script/tut_airflow/env_airflow/lib/python3.9/site-packages/airflow/example_dags/example_params_ui_tutorial.py
[2023-04-15T10:58:51.069+0700] {logging_mixin.py:137} INFO - [2023-04-15T10:58:51.068+0700] {dag.py:2705} INFO - Sync 1 DAGs
[2023-04-15T10:58:51.082+0700] {logging_mixin.py:137} INFO - [2023-04-15T10:58:51.082+0700] {dag.py:3452} INFO - Setting next_dagrun for example_params_ui_tutorial to None, run_after=None
[2023-04-15T10:58:51.236+0700] {processor.py:175} INFO - Processing /home/ahyar/Documents/tut_folder/tut_python/python_script/tut_airflow/env_airflow/lib/python3.9/site-packages/airflow/example_dags/example_params_ui_tutorial.py took 0.258 seconds
[2023-04-15T11:01:51.486+0700] {processor.py:153} INFO - Started process (PID=20686) to work on /home/ahyar/Documents/tut_folder/tut_python/python_script/tut_airflow/env_airflow/lib/python3.9/site-packages/airflow/example_dags/example_params_ui_tutorial.py
[2023-04-15T11:01:51.487+0700] {processor.py:743} INFO - Processing file /home/ahyar/Documents/tut_folder/tut_python/python_script/tut_airflow/env_airflow/lib/python3.9/site-packages/airflow/example_dags/example_params_ui_tutorial.py for tasks to queue
[2023-04-15T11:01:51.487+0700] {logging_mixin.py:137} INFO - [2023-04-15T11:01:51.487+0700] {dagbag.py:532} INFO - Filling up the DagBag from /home/ahyar/Documents/tut_folder/tut_python/python_script/tut_airflow/env_airflow/lib/python3.9/site-packages/airflow/example_dags/example_params_ui_tutorial.py
[2023-04-15T11:01:51.519+0700] {processor.py:753} INFO - DAG(s) dict_keys(['example_params_ui_tutorial']) retrieved from /home/ahyar/Documents/tut_folder/tut_python/python_script/tut_airflow/env_airflow/lib/python3.9/site-packages/airflow/example_dags/example_params_ui_tutorial.py
[2023-04-15T11:01:51.551+0700] {logging_mixin.py:137} INFO - [2023-04-15T11:01:51.551+0700] {dag.py:2705} INFO - Sync 1 DAGs
[2023-04-15T11:01:51.629+0700] {logging_mixin.py:137} INFO - [2023-04-15T11:01:51.629+0700] {dag.py:3452} INFO - Setting next_dagrun for example_params_ui_tutorial to None, run_after=None
[2023-04-15T11:01:51.643+0700] {processor.py:175} INFO - Processing /home/ahyar/Documents/tut_folder/tut_python/python_script/tut_airflow/env_airflow/lib/python3.9/site-packages/airflow/example_dags/example_params_ui_tutorial.py took 0.159 seconds
[2023-04-15T11:05:00.769+0700] {processor.py:153} INFO - Started process (PID=22968) to work on /home/ahyar/Documents/tut_folder/tut_python/python_script/tut_airflow/env_airflow/lib/python3.9/site-packages/airflow/example_dags/example_params_ui_tutorial.py
[2023-04-15T11:05:00.770+0700] {processor.py:743} INFO - Processing file /home/ahyar/Documents/tut_folder/tut_python/python_script/tut_airflow/env_airflow/lib/python3.9/site-packages/airflow/example_dags/example_params_ui_tutorial.py for tasks to queue
[2023-04-15T11:05:00.770+0700] {logging_mixin.py:137} INFO - [2023-04-15T11:05:00.770+0700] {dagbag.py:532} INFO - Filling up the DagBag from /home/ahyar/Documents/tut_folder/tut_python/python_script/tut_airflow/env_airflow/lib/python3.9/site-packages/airflow/example_dags/example_params_ui_tutorial.py
[2023-04-15T11:05:00.806+0700] {processor.py:753} INFO - DAG(s) dict_keys(['example_params_ui_tutorial']) retrieved from /home/ahyar/Documents/tut_folder/tut_python/python_script/tut_airflow/env_airflow/lib/python3.9/site-packages/airflow/example_dags/example_params_ui_tutorial.py
[2023-04-15T11:05:00.920+0700] {logging_mixin.py:137} INFO - [2023-04-15T11:05:00.920+0700] {dag.py:2705} INFO - Sync 1 DAGs
[2023-04-15T11:05:00.931+0700] {logging_mixin.py:137} INFO - [2023-04-15T11:05:00.931+0700] {dag.py:3452} INFO - Setting next_dagrun for example_params_ui_tutorial to None, run_after=None
[2023-04-15T11:05:00.944+0700] {processor.py:175} INFO - Processing /home/ahyar/Documents/tut_folder/tut_python/python_script/tut_airflow/env_airflow/lib/python3.9/site-packages/airflow/example_dags/example_params_ui_tutorial.py took 0.179 seconds
