[2023-04-15T10:46:33.547+0700] {processor.py:153} INFO - Started process (PID=16329) to work on /home/ahyar/Documents/tut_folder/tut_python/python_script/tut_airflow/env_airflow/lib/python3.9/site-packages/airflow/example_dags/example_python_operator.py
[2023-04-15T10:46:33.547+0700] {processor.py:743} INFO - Processing file /home/ahyar/Documents/tut_folder/tut_python/python_script/tut_airflow/env_airflow/lib/python3.9/site-packages/airflow/example_dags/example_python_operator.py for tasks to queue
[2023-04-15T10:46:33.547+0700] {logging_mixin.py:137} INFO - [2023-04-15T10:46:33.547+0700] {dagbag.py:532} INFO - Filling up the DagBag from /home/ahyar/Documents/tut_folder/tut_python/python_script/tut_airflow/env_airflow/lib/python3.9/site-packages/airflow/example_dags/example_python_operator.py
[2023-04-15T10:46:33.561+0700] {logging_mixin.py:137} INFO - [2023-04-15T10:46:33.561+0700] {taskmixin.py:211} WARNING - Dependency <Task(_PythonDecoratedOperator): print_the_context>, log_sql_query already registered for DAG: example_python_operator
[2023-04-15T10:46:33.561+0700] {logging_mixin.py:137} INFO - [2023-04-15T10:46:33.561+0700] {taskmixin.py:211} WARNING - Dependency <Task(_PythonDecoratedOperator): log_sql_query>, print_the_context already registered for DAG: example_python_operator
[2023-04-15T10:46:33.561+0700] {logging_mixin.py:137} INFO - [2023-04-15T10:46:33.561+0700] {taskmixin.py:211} WARNING - Dependency <Task(_PythonDecoratedOperator): print_the_context>, log_sql_query already registered for DAG: example_python_operator
[2023-04-15T10:46:33.561+0700] {logging_mixin.py:137} INFO - [2023-04-15T10:46:33.561+0700] {taskmixin.py:211} WARNING - Dependency <Task(_PythonDecoratedOperator): log_sql_query>, print_the_context already registered for DAG: example_python_operator
[2023-04-15T10:46:33.562+0700] {logging_mixin.py:137} INFO - [2023-04-15T10:46:33.562+0700] {taskmixin.py:211} WARNING - Dependency <Task(_PythonDecoratedOperator): print_the_context>, log_sql_query already registered for DAG: example_python_operator
[2023-04-15T10:46:33.562+0700] {logging_mixin.py:137} INFO - [2023-04-15T10:46:33.562+0700] {taskmixin.py:211} WARNING - Dependency <Task(_PythonDecoratedOperator): log_sql_query>, print_the_context already registered for DAG: example_python_operator
[2023-04-15T10:46:33.562+0700] {logging_mixin.py:137} INFO - [2023-04-15T10:46:33.562+0700] {taskmixin.py:211} WARNING - Dependency <Task(_PythonDecoratedOperator): print_the_context>, log_sql_query already registered for DAG: example_python_operator
[2023-04-15T10:46:33.562+0700] {logging_mixin.py:137} INFO - [2023-04-15T10:46:33.562+0700] {taskmixin.py:211} WARNING - Dependency <Task(_PythonDecoratedOperator): log_sql_query>, print_the_context already registered for DAG: example_python_operator
[2023-04-15T10:46:33.562+0700] {logging_mixin.py:137} INFO - [2023-04-15T10:46:33.562+0700] {example_python_operator.py:90} WARNING - The virtalenv_python example task requires virtualenv, please install it.
[2023-04-15T10:46:33.565+0700] {processor.py:753} INFO - DAG(s) dict_keys(['example_python_operator']) retrieved from /home/ahyar/Documents/tut_folder/tut_python/python_script/tut_airflow/env_airflow/lib/python3.9/site-packages/airflow/example_dags/example_python_operator.py
[2023-04-15T10:46:33.641+0700] {logging_mixin.py:137} INFO - [2023-04-15T10:46:33.641+0700] {manager.py:504} INFO - Created Permission View: can read on DAG:example_python_operator
[2023-04-15T10:46:33.651+0700] {logging_mixin.py:137} INFO - [2023-04-15T10:46:33.651+0700] {manager.py:504} INFO - Created Permission View: can edit on DAG:example_python_operator
[2023-04-15T10:46:33.660+0700] {logging_mixin.py:137} INFO - [2023-04-15T10:46:33.659+0700] {manager.py:504} INFO - Created Permission View: can delete on DAG:example_python_operator
[2023-04-15T10:46:33.660+0700] {logging_mixin.py:137} INFO - [2023-04-15T10:46:33.660+0700] {dag.py:2705} INFO - Sync 1 DAGs
[2023-04-15T10:46:33.666+0700] {logging_mixin.py:137} INFO - [2023-04-15T10:46:33.666+0700] {dag.py:2726} INFO - Creating ORM DAG for example_python_operator
[2023-04-15T10:46:33.672+0700] {logging_mixin.py:137} INFO - [2023-04-15T10:46:33.672+0700] {dag.py:3452} INFO - Setting next_dagrun for example_python_operator to None, run_after=None
[2023-04-15T10:46:33.689+0700] {processor.py:175} INFO - Processing /home/ahyar/Documents/tut_folder/tut_python/python_script/tut_airflow/env_airflow/lib/python3.9/site-packages/airflow/example_dags/example_python_operator.py took 0.144 seconds
[2023-04-15T10:47:19.263+0700] {processor.py:153} INFO - Started process (PID=16571) to work on /home/ahyar/Documents/tut_folder/tut_python/python_script/tut_airflow/env_airflow/lib/python3.9/site-packages/airflow/example_dags/example_python_operator.py
[2023-04-15T10:47:19.441+0700] {processor.py:743} INFO - Processing file /home/ahyar/Documents/tut_folder/tut_python/python_script/tut_airflow/env_airflow/lib/python3.9/site-packages/airflow/example_dags/example_python_operator.py for tasks to queue
[2023-04-15T10:47:19.442+0700] {logging_mixin.py:137} INFO - [2023-04-15T10:47:19.442+0700] {dagbag.py:532} INFO - Filling up the DagBag from /home/ahyar/Documents/tut_folder/tut_python/python_script/tut_airflow/env_airflow/lib/python3.9/site-packages/airflow/example_dags/example_python_operator.py
[2023-04-15T10:47:19.455+0700] {logging_mixin.py:137} INFO - [2023-04-15T10:47:19.455+0700] {taskmixin.py:211} WARNING - Dependency <Task(_PythonDecoratedOperator): print_the_context>, log_sql_query already registered for DAG: example_python_operator
[2023-04-15T10:47:19.455+0700] {logging_mixin.py:137} INFO - [2023-04-15T10:47:19.455+0700] {taskmixin.py:211} WARNING - Dependency <Task(_PythonDecoratedOperator): log_sql_query>, print_the_context already registered for DAG: example_python_operator
[2023-04-15T10:47:19.455+0700] {logging_mixin.py:137} INFO - [2023-04-15T10:47:19.455+0700] {taskmixin.py:211} WARNING - Dependency <Task(_PythonDecoratedOperator): print_the_context>, log_sql_query already registered for DAG: example_python_operator
[2023-04-15T10:47:19.455+0700] {logging_mixin.py:137} INFO - [2023-04-15T10:47:19.455+0700] {taskmixin.py:211} WARNING - Dependency <Task(_PythonDecoratedOperator): log_sql_query>, print_the_context already registered for DAG: example_python_operator
[2023-04-15T10:47:19.456+0700] {logging_mixin.py:137} INFO - [2023-04-15T10:47:19.456+0700] {taskmixin.py:211} WARNING - Dependency <Task(_PythonDecoratedOperator): print_the_context>, log_sql_query already registered for DAG: example_python_operator
[2023-04-15T10:47:19.456+0700] {logging_mixin.py:137} INFO - [2023-04-15T10:47:19.456+0700] {taskmixin.py:211} WARNING - Dependency <Task(_PythonDecoratedOperator): log_sql_query>, print_the_context already registered for DAG: example_python_operator
[2023-04-15T10:47:19.456+0700] {logging_mixin.py:137} INFO - [2023-04-15T10:47:19.456+0700] {taskmixin.py:211} WARNING - Dependency <Task(_PythonDecoratedOperator): print_the_context>, log_sql_query already registered for DAG: example_python_operator
[2023-04-15T10:47:19.456+0700] {logging_mixin.py:137} INFO - [2023-04-15T10:47:19.456+0700] {taskmixin.py:211} WARNING - Dependency <Task(_PythonDecoratedOperator): log_sql_query>, print_the_context already registered for DAG: example_python_operator
[2023-04-15T10:47:19.457+0700] {logging_mixin.py:137} INFO - [2023-04-15T10:47:19.457+0700] {example_python_operator.py:90} WARNING - The virtalenv_python example task requires virtualenv, please install it.
[2023-04-15T10:47:19.459+0700] {processor.py:753} INFO - DAG(s) dict_keys(['example_python_operator']) retrieved from /home/ahyar/Documents/tut_folder/tut_python/python_script/tut_airflow/env_airflow/lib/python3.9/site-packages/airflow/example_dags/example_python_operator.py
[2023-04-15T10:47:19.471+0700] {logging_mixin.py:137} INFO - [2023-04-15T10:47:19.471+0700] {dag.py:2705} INFO - Sync 1 DAGs
[2023-04-15T10:47:19.483+0700] {logging_mixin.py:137} INFO - [2023-04-15T10:47:19.483+0700] {dag.py:3452} INFO - Setting next_dagrun for example_python_operator to None, run_after=None
[2023-04-15T10:47:19.501+0700] {processor.py:175} INFO - Processing /home/ahyar/Documents/tut_folder/tut_python/python_script/tut_airflow/env_airflow/lib/python3.9/site-packages/airflow/example_dags/example_python_operator.py took 0.241 seconds
[2023-04-15T10:48:30.525+0700] {processor.py:153} INFO - Started process (PID=17019) to work on /home/ahyar/Documents/tut_folder/tut_python/python_script/tut_airflow/env_airflow/lib/python3.9/site-packages/airflow/example_dags/example_python_operator.py
[2023-04-15T10:48:30.527+0700] {processor.py:743} INFO - Processing file /home/ahyar/Documents/tut_folder/tut_python/python_script/tut_airflow/env_airflow/lib/python3.9/site-packages/airflow/example_dags/example_python_operator.py for tasks to queue
[2023-04-15T10:48:30.527+0700] {logging_mixin.py:137} INFO - [2023-04-15T10:48:30.527+0700] {dagbag.py:532} INFO - Filling up the DagBag from /home/ahyar/Documents/tut_folder/tut_python/python_script/tut_airflow/env_airflow/lib/python3.9/site-packages/airflow/example_dags/example_python_operator.py
[2023-04-15T10:48:30.541+0700] {logging_mixin.py:137} INFO - [2023-04-15T10:48:30.541+0700] {taskmixin.py:211} WARNING - Dependency <Task(_PythonDecoratedOperator): print_the_context>, log_sql_query already registered for DAG: example_python_operator
[2023-04-15T10:48:30.541+0700] {logging_mixin.py:137} INFO - [2023-04-15T10:48:30.541+0700] {taskmixin.py:211} WARNING - Dependency <Task(_PythonDecoratedOperator): log_sql_query>, print_the_context already registered for DAG: example_python_operator
[2023-04-15T10:48:30.542+0700] {logging_mixin.py:137} INFO - [2023-04-15T10:48:30.542+0700] {taskmixin.py:211} WARNING - Dependency <Task(_PythonDecoratedOperator): print_the_context>, log_sql_query already registered for DAG: example_python_operator
[2023-04-15T10:48:30.542+0700] {logging_mixin.py:137} INFO - [2023-04-15T10:48:30.542+0700] {taskmixin.py:211} WARNING - Dependency <Task(_PythonDecoratedOperator): log_sql_query>, print_the_context already registered for DAG: example_python_operator
[2023-04-15T10:48:30.542+0700] {logging_mixin.py:137} INFO - [2023-04-15T10:48:30.542+0700] {taskmixin.py:211} WARNING - Dependency <Task(_PythonDecoratedOperator): print_the_context>, log_sql_query already registered for DAG: example_python_operator
[2023-04-15T10:48:30.542+0700] {logging_mixin.py:137} INFO - [2023-04-15T10:48:30.542+0700] {taskmixin.py:211} WARNING - Dependency <Task(_PythonDecoratedOperator): log_sql_query>, print_the_context already registered for DAG: example_python_operator
[2023-04-15T10:48:30.542+0700] {logging_mixin.py:137} INFO - [2023-04-15T10:48:30.542+0700] {taskmixin.py:211} WARNING - Dependency <Task(_PythonDecoratedOperator): print_the_context>, log_sql_query already registered for DAG: example_python_operator
[2023-04-15T10:48:30.542+0700] {logging_mixin.py:137} INFO - [2023-04-15T10:48:30.542+0700] {taskmixin.py:211} WARNING - Dependency <Task(_PythonDecoratedOperator): log_sql_query>, print_the_context already registered for DAG: example_python_operator
[2023-04-15T10:48:30.543+0700] {logging_mixin.py:137} INFO - [2023-04-15T10:48:30.543+0700] {example_python_operator.py:90} WARNING - The virtalenv_python example task requires virtualenv, please install it.
[2023-04-15T10:48:30.546+0700] {processor.py:753} INFO - DAG(s) dict_keys(['example_python_operator']) retrieved from /home/ahyar/Documents/tut_folder/tut_python/python_script/tut_airflow/env_airflow/lib/python3.9/site-packages/airflow/example_dags/example_python_operator.py
[2023-04-15T10:48:30.556+0700] {logging_mixin.py:137} INFO - [2023-04-15T10:48:30.556+0700] {dag.py:2705} INFO - Sync 1 DAGs
[2023-04-15T10:48:30.565+0700] {logging_mixin.py:137} INFO - [2023-04-15T10:48:30.565+0700] {dag.py:3452} INFO - Setting next_dagrun for example_python_operator to None, run_after=None
[2023-04-15T10:48:30.579+0700] {processor.py:175} INFO - Processing /home/ahyar/Documents/tut_folder/tut_python/python_script/tut_airflow/env_airflow/lib/python3.9/site-packages/airflow/example_dags/example_python_operator.py took 0.058 seconds
[2023-04-15T10:49:13.484+0700] {processor.py:153} INFO - Started process (PID=17413) to work on /home/ahyar/Documents/tut_folder/tut_python/python_script/tut_airflow/env_airflow/lib/python3.9/site-packages/airflow/example_dags/example_python_operator.py
[2023-04-15T10:49:13.485+0700] {processor.py:743} INFO - Processing file /home/ahyar/Documents/tut_folder/tut_python/python_script/tut_airflow/env_airflow/lib/python3.9/site-packages/airflow/example_dags/example_python_operator.py for tasks to queue
[2023-04-15T10:49:13.487+0700] {logging_mixin.py:137} INFO - [2023-04-15T10:49:13.486+0700] {dagbag.py:532} INFO - Filling up the DagBag from /home/ahyar/Documents/tut_folder/tut_python/python_script/tut_airflow/env_airflow/lib/python3.9/site-packages/airflow/example_dags/example_python_operator.py
[2023-04-15T10:49:13.518+0700] {logging_mixin.py:137} INFO - [2023-04-15T10:49:13.518+0700] {taskmixin.py:211} WARNING - Dependency <Task(_PythonDecoratedOperator): print_the_context>, log_sql_query already registered for DAG: example_python_operator
[2023-04-15T10:49:13.518+0700] {logging_mixin.py:137} INFO - [2023-04-15T10:49:13.518+0700] {taskmixin.py:211} WARNING - Dependency <Task(_PythonDecoratedOperator): log_sql_query>, print_the_context already registered for DAG: example_python_operator
[2023-04-15T10:49:13.520+0700] {logging_mixin.py:137} INFO - [2023-04-15T10:49:13.520+0700] {taskmixin.py:211} WARNING - Dependency <Task(_PythonDecoratedOperator): print_the_context>, log_sql_query already registered for DAG: example_python_operator
[2023-04-15T10:49:13.520+0700] {logging_mixin.py:137} INFO - [2023-04-15T10:49:13.520+0700] {taskmixin.py:211} WARNING - Dependency <Task(_PythonDecoratedOperator): log_sql_query>, print_the_context already registered for DAG: example_python_operator
[2023-04-15T10:49:13.520+0700] {logging_mixin.py:137} INFO - [2023-04-15T10:49:13.520+0700] {taskmixin.py:211} WARNING - Dependency <Task(_PythonDecoratedOperator): print_the_context>, log_sql_query already registered for DAG: example_python_operator
[2023-04-15T10:49:13.520+0700] {logging_mixin.py:137} INFO - [2023-04-15T10:49:13.520+0700] {taskmixin.py:211} WARNING - Dependency <Task(_PythonDecoratedOperator): log_sql_query>, print_the_context already registered for DAG: example_python_operator
[2023-04-15T10:49:13.521+0700] {logging_mixin.py:137} INFO - [2023-04-15T10:49:13.521+0700] {taskmixin.py:211} WARNING - Dependency <Task(_PythonDecoratedOperator): print_the_context>, log_sql_query already registered for DAG: example_python_operator
[2023-04-15T10:49:13.521+0700] {logging_mixin.py:137} INFO - [2023-04-15T10:49:13.521+0700] {taskmixin.py:211} WARNING - Dependency <Task(_PythonDecoratedOperator): log_sql_query>, print_the_context already registered for DAG: example_python_operator
[2023-04-15T10:49:13.527+0700] {logging_mixin.py:137} INFO - [2023-04-15T10:49:13.527+0700] {example_python_operator.py:90} WARNING - The virtalenv_python example task requires virtualenv, please install it.
[2023-04-15T10:49:13.533+0700] {processor.py:753} INFO - DAG(s) dict_keys(['example_python_operator']) retrieved from /home/ahyar/Documents/tut_folder/tut_python/python_script/tut_airflow/env_airflow/lib/python3.9/site-packages/airflow/example_dags/example_python_operator.py
[2023-04-15T10:49:13.560+0700] {logging_mixin.py:137} INFO - [2023-04-15T10:49:13.559+0700] {dag.py:2705} INFO - Sync 1 DAGs
[2023-04-15T10:49:13.589+0700] {logging_mixin.py:137} INFO - [2023-04-15T10:49:13.589+0700] {dag.py:3452} INFO - Setting next_dagrun for example_python_operator to None, run_after=None
[2023-04-15T10:49:13.624+0700] {processor.py:175} INFO - Processing /home/ahyar/Documents/tut_folder/tut_python/python_script/tut_airflow/env_airflow/lib/python3.9/site-packages/airflow/example_dags/example_python_operator.py took 0.142 seconds
[2023-04-15T10:50:02.224+0700] {processor.py:153} INFO - Started process (PID=17610) to work on /home/ahyar/Documents/tut_folder/tut_python/python_script/tut_airflow/env_airflow/lib/python3.9/site-packages/airflow/example_dags/example_python_operator.py
[2023-04-15T10:50:02.225+0700] {processor.py:743} INFO - Processing file /home/ahyar/Documents/tut_folder/tut_python/python_script/tut_airflow/env_airflow/lib/python3.9/site-packages/airflow/example_dags/example_python_operator.py for tasks to queue
[2023-04-15T10:50:02.225+0700] {logging_mixin.py:137} INFO - [2023-04-15T10:50:02.225+0700] {dagbag.py:532} INFO - Filling up the DagBag from /home/ahyar/Documents/tut_folder/tut_python/python_script/tut_airflow/env_airflow/lib/python3.9/site-packages/airflow/example_dags/example_python_operator.py
[2023-04-15T10:50:02.246+0700] {logging_mixin.py:137} INFO - [2023-04-15T10:50:02.246+0700] {taskmixin.py:211} WARNING - Dependency <Task(_PythonDecoratedOperator): print_the_context>, log_sql_query already registered for DAG: example_python_operator
[2023-04-15T10:50:02.246+0700] {logging_mixin.py:137} INFO - [2023-04-15T10:50:02.246+0700] {taskmixin.py:211} WARNING - Dependency <Task(_PythonDecoratedOperator): log_sql_query>, print_the_context already registered for DAG: example_python_operator
[2023-04-15T10:50:02.247+0700] {logging_mixin.py:137} INFO - [2023-04-15T10:50:02.247+0700] {taskmixin.py:211} WARNING - Dependency <Task(_PythonDecoratedOperator): print_the_context>, log_sql_query already registered for DAG: example_python_operator
[2023-04-15T10:50:02.247+0700] {logging_mixin.py:137} INFO - [2023-04-15T10:50:02.247+0700] {taskmixin.py:211} WARNING - Dependency <Task(_PythonDecoratedOperator): log_sql_query>, print_the_context already registered for DAG: example_python_operator
[2023-04-15T10:50:02.247+0700] {logging_mixin.py:137} INFO - [2023-04-15T10:50:02.247+0700] {taskmixin.py:211} WARNING - Dependency <Task(_PythonDecoratedOperator): print_the_context>, log_sql_query already registered for DAG: example_python_operator
[2023-04-15T10:50:02.247+0700] {logging_mixin.py:137} INFO - [2023-04-15T10:50:02.247+0700] {taskmixin.py:211} WARNING - Dependency <Task(_PythonDecoratedOperator): log_sql_query>, print_the_context already registered for DAG: example_python_operator
[2023-04-15T10:50:02.248+0700] {logging_mixin.py:137} INFO - [2023-04-15T10:50:02.248+0700] {taskmixin.py:211} WARNING - Dependency <Task(_PythonDecoratedOperator): print_the_context>, log_sql_query already registered for DAG: example_python_operator
[2023-04-15T10:50:02.248+0700] {logging_mixin.py:137} INFO - [2023-04-15T10:50:02.248+0700] {taskmixin.py:211} WARNING - Dependency <Task(_PythonDecoratedOperator): log_sql_query>, print_the_context already registered for DAG: example_python_operator
[2023-04-15T10:50:02.251+0700] {logging_mixin.py:137} INFO - [2023-04-15T10:50:02.250+0700] {example_python_operator.py:90} WARNING - The virtalenv_python example task requires virtualenv, please install it.
[2023-04-15T10:50:02.255+0700] {processor.py:753} INFO - DAG(s) dict_keys(['example_python_operator']) retrieved from /home/ahyar/Documents/tut_folder/tut_python/python_script/tut_airflow/env_airflow/lib/python3.9/site-packages/airflow/example_dags/example_python_operator.py
[2023-04-15T10:50:02.268+0700] {logging_mixin.py:137} INFO - [2023-04-15T10:50:02.268+0700] {dag.py:2705} INFO - Sync 1 DAGs
[2023-04-15T10:50:02.282+0700] {logging_mixin.py:137} INFO - [2023-04-15T10:50:02.281+0700] {dag.py:3452} INFO - Setting next_dagrun for example_python_operator to None, run_after=None
[2023-04-15T10:50:02.300+0700] {processor.py:175} INFO - Processing /home/ahyar/Documents/tut_folder/tut_python/python_script/tut_airflow/env_airflow/lib/python3.9/site-packages/airflow/example_dags/example_python_operator.py took 0.079 seconds
[2023-04-15T10:50:43.951+0700] {processor.py:153} INFO - Started process (PID=17751) to work on /home/ahyar/Documents/tut_folder/tut_python/python_script/tut_airflow/env_airflow/lib/python3.9/site-packages/airflow/example_dags/example_python_operator.py
[2023-04-15T10:50:43.952+0700] {processor.py:743} INFO - Processing file /home/ahyar/Documents/tut_folder/tut_python/python_script/tut_airflow/env_airflow/lib/python3.9/site-packages/airflow/example_dags/example_python_operator.py for tasks to queue
[2023-04-15T10:50:43.952+0700] {logging_mixin.py:137} INFO - [2023-04-15T10:50:43.952+0700] {dagbag.py:532} INFO - Filling up the DagBag from /home/ahyar/Documents/tut_folder/tut_python/python_script/tut_airflow/env_airflow/lib/python3.9/site-packages/airflow/example_dags/example_python_operator.py
[2023-04-15T10:50:43.964+0700] {logging_mixin.py:137} INFO - [2023-04-15T10:50:43.964+0700] {taskmixin.py:211} WARNING - Dependency <Task(_PythonDecoratedOperator): print_the_context>, log_sql_query already registered for DAG: example_python_operator
[2023-04-15T10:50:43.964+0700] {logging_mixin.py:137} INFO - [2023-04-15T10:50:43.964+0700] {taskmixin.py:211} WARNING - Dependency <Task(_PythonDecoratedOperator): log_sql_query>, print_the_context already registered for DAG: example_python_operator
[2023-04-15T10:50:43.964+0700] {logging_mixin.py:137} INFO - [2023-04-15T10:50:43.964+0700] {taskmixin.py:211} WARNING - Dependency <Task(_PythonDecoratedOperator): print_the_context>, log_sql_query already registered for DAG: example_python_operator
[2023-04-15T10:50:43.964+0700] {logging_mixin.py:137} INFO - [2023-04-15T10:50:43.964+0700] {taskmixin.py:211} WARNING - Dependency <Task(_PythonDecoratedOperator): log_sql_query>, print_the_context already registered for DAG: example_python_operator
[2023-04-15T10:50:43.964+0700] {logging_mixin.py:137} INFO - [2023-04-15T10:50:43.964+0700] {taskmixin.py:211} WARNING - Dependency <Task(_PythonDecoratedOperator): print_the_context>, log_sql_query already registered for DAG: example_python_operator
[2023-04-15T10:50:43.965+0700] {logging_mixin.py:137} INFO - [2023-04-15T10:50:43.965+0700] {taskmixin.py:211} WARNING - Dependency <Task(_PythonDecoratedOperator): log_sql_query>, print_the_context already registered for DAG: example_python_operator
[2023-04-15T10:50:43.965+0700] {logging_mixin.py:137} INFO - [2023-04-15T10:50:43.965+0700] {taskmixin.py:211} WARNING - Dependency <Task(_PythonDecoratedOperator): print_the_context>, log_sql_query already registered for DAG: example_python_operator
[2023-04-15T10:50:43.965+0700] {logging_mixin.py:137} INFO - [2023-04-15T10:50:43.965+0700] {taskmixin.py:211} WARNING - Dependency <Task(_PythonDecoratedOperator): log_sql_query>, print_the_context already registered for DAG: example_python_operator
[2023-04-15T10:50:43.965+0700] {logging_mixin.py:137} INFO - [2023-04-15T10:50:43.965+0700] {example_python_operator.py:90} WARNING - The virtalenv_python example task requires virtualenv, please install it.
[2023-04-15T10:50:43.968+0700] {processor.py:753} INFO - DAG(s) dict_keys(['example_python_operator']) retrieved from /home/ahyar/Documents/tut_folder/tut_python/python_script/tut_airflow/env_airflow/lib/python3.9/site-packages/airflow/example_dags/example_python_operator.py
[2023-04-15T10:50:43.980+0700] {logging_mixin.py:137} INFO - [2023-04-15T10:50:43.980+0700] {dag.py:2705} INFO - Sync 1 DAGs
[2023-04-15T10:50:43.990+0700] {logging_mixin.py:137} INFO - [2023-04-15T10:50:43.990+0700] {dag.py:3452} INFO - Setting next_dagrun for example_python_operator to None, run_after=None
[2023-04-15T10:50:44.003+0700] {processor.py:175} INFO - Processing /home/ahyar/Documents/tut_folder/tut_python/python_script/tut_airflow/env_airflow/lib/python3.9/site-packages/airflow/example_dags/example_python_operator.py took 0.055 seconds
[2023-04-15T10:51:24.508+0700] {processor.py:153} INFO - Started process (PID=17836) to work on /home/ahyar/Documents/tut_folder/tut_python/python_script/tut_airflow/env_airflow/lib/python3.9/site-packages/airflow/example_dags/example_python_operator.py
[2023-04-15T10:51:24.509+0700] {processor.py:743} INFO - Processing file /home/ahyar/Documents/tut_folder/tut_python/python_script/tut_airflow/env_airflow/lib/python3.9/site-packages/airflow/example_dags/example_python_operator.py for tasks to queue
[2023-04-15T10:51:24.509+0700] {logging_mixin.py:137} INFO - [2023-04-15T10:51:24.509+0700] {dagbag.py:532} INFO - Filling up the DagBag from /home/ahyar/Documents/tut_folder/tut_python/python_script/tut_airflow/env_airflow/lib/python3.9/site-packages/airflow/example_dags/example_python_operator.py
[2023-04-15T10:51:24.523+0700] {logging_mixin.py:137} INFO - [2023-04-15T10:51:24.523+0700] {taskmixin.py:211} WARNING - Dependency <Task(_PythonDecoratedOperator): print_the_context>, log_sql_query already registered for DAG: example_python_operator
[2023-04-15T10:51:24.523+0700] {logging_mixin.py:137} INFO - [2023-04-15T10:51:24.523+0700] {taskmixin.py:211} WARNING - Dependency <Task(_PythonDecoratedOperator): log_sql_query>, print_the_context already registered for DAG: example_python_operator
[2023-04-15T10:51:24.523+0700] {logging_mixin.py:137} INFO - [2023-04-15T10:51:24.523+0700] {taskmixin.py:211} WARNING - Dependency <Task(_PythonDecoratedOperator): print_the_context>, log_sql_query already registered for DAG: example_python_operator
[2023-04-15T10:51:24.523+0700] {logging_mixin.py:137} INFO - [2023-04-15T10:51:24.523+0700] {taskmixin.py:211} WARNING - Dependency <Task(_PythonDecoratedOperator): log_sql_query>, print_the_context already registered for DAG: example_python_operator
[2023-04-15T10:51:24.523+0700] {logging_mixin.py:137} INFO - [2023-04-15T10:51:24.523+0700] {taskmixin.py:211} WARNING - Dependency <Task(_PythonDecoratedOperator): print_the_context>, log_sql_query already registered for DAG: example_python_operator
[2023-04-15T10:51:24.523+0700] {logging_mixin.py:137} INFO - [2023-04-15T10:51:24.523+0700] {taskmixin.py:211} WARNING - Dependency <Task(_PythonDecoratedOperator): log_sql_query>, print_the_context already registered for DAG: example_python_operator
[2023-04-15T10:51:24.524+0700] {logging_mixin.py:137} INFO - [2023-04-15T10:51:24.524+0700] {taskmixin.py:211} WARNING - Dependency <Task(_PythonDecoratedOperator): print_the_context>, log_sql_query already registered for DAG: example_python_operator
[2023-04-15T10:51:24.524+0700] {logging_mixin.py:137} INFO - [2023-04-15T10:51:24.524+0700] {taskmixin.py:211} WARNING - Dependency <Task(_PythonDecoratedOperator): log_sql_query>, print_the_context already registered for DAG: example_python_operator
[2023-04-15T10:51:24.524+0700] {logging_mixin.py:137} INFO - [2023-04-15T10:51:24.524+0700] {example_python_operator.py:90} WARNING - The virtalenv_python example task requires virtualenv, please install it.
[2023-04-15T10:51:24.527+0700] {processor.py:753} INFO - DAG(s) dict_keys(['example_python_operator']) retrieved from /home/ahyar/Documents/tut_folder/tut_python/python_script/tut_airflow/env_airflow/lib/python3.9/site-packages/airflow/example_dags/example_python_operator.py
[2023-04-15T10:51:24.538+0700] {logging_mixin.py:137} INFO - [2023-04-15T10:51:24.538+0700] {dag.py:2705} INFO - Sync 1 DAGs
[2023-04-15T10:51:24.548+0700] {logging_mixin.py:137} INFO - [2023-04-15T10:51:24.548+0700] {dag.py:3452} INFO - Setting next_dagrun for example_python_operator to None, run_after=None
[2023-04-15T10:51:24.562+0700] {processor.py:175} INFO - Processing /home/ahyar/Documents/tut_folder/tut_python/python_script/tut_airflow/env_airflow/lib/python3.9/site-packages/airflow/example_dags/example_python_operator.py took 0.056 seconds
[2023-04-15T10:52:09.783+0700] {processor.py:153} INFO - Started process (PID=17908) to work on /home/ahyar/Documents/tut_folder/tut_python/python_script/tut_airflow/env_airflow/lib/python3.9/site-packages/airflow/example_dags/example_python_operator.py
[2023-04-15T10:52:09.784+0700] {processor.py:743} INFO - Processing file /home/ahyar/Documents/tut_folder/tut_python/python_script/tut_airflow/env_airflow/lib/python3.9/site-packages/airflow/example_dags/example_python_operator.py for tasks to queue
[2023-04-15T10:52:09.785+0700] {logging_mixin.py:137} INFO - [2023-04-15T10:52:09.785+0700] {dagbag.py:532} INFO - Filling up the DagBag from /home/ahyar/Documents/tut_folder/tut_python/python_script/tut_airflow/env_airflow/lib/python3.9/site-packages/airflow/example_dags/example_python_operator.py
[2023-04-15T10:52:09.805+0700] {logging_mixin.py:137} INFO - [2023-04-15T10:52:09.804+0700] {taskmixin.py:211} WARNING - Dependency <Task(_PythonDecoratedOperator): print_the_context>, log_sql_query already registered for DAG: example_python_operator
[2023-04-15T10:52:09.805+0700] {logging_mixin.py:137} INFO - [2023-04-15T10:52:09.805+0700] {taskmixin.py:211} WARNING - Dependency <Task(_PythonDecoratedOperator): log_sql_query>, print_the_context already registered for DAG: example_python_operator
[2023-04-15T10:52:09.805+0700] {logging_mixin.py:137} INFO - [2023-04-15T10:52:09.805+0700] {taskmixin.py:211} WARNING - Dependency <Task(_PythonDecoratedOperator): print_the_context>, log_sql_query already registered for DAG: example_python_operator
[2023-04-15T10:52:09.805+0700] {logging_mixin.py:137} INFO - [2023-04-15T10:52:09.805+0700] {taskmixin.py:211} WARNING - Dependency <Task(_PythonDecoratedOperator): log_sql_query>, print_the_context already registered for DAG: example_python_operator
[2023-04-15T10:52:09.806+0700] {logging_mixin.py:137} INFO - [2023-04-15T10:52:09.806+0700] {taskmixin.py:211} WARNING - Dependency <Task(_PythonDecoratedOperator): print_the_context>, log_sql_query already registered for DAG: example_python_operator
[2023-04-15T10:52:09.806+0700] {logging_mixin.py:137} INFO - [2023-04-15T10:52:09.806+0700] {taskmixin.py:211} WARNING - Dependency <Task(_PythonDecoratedOperator): log_sql_query>, print_the_context already registered for DAG: example_python_operator
[2023-04-15T10:52:09.806+0700] {logging_mixin.py:137} INFO - [2023-04-15T10:52:09.806+0700] {taskmixin.py:211} WARNING - Dependency <Task(_PythonDecoratedOperator): print_the_context>, log_sql_query already registered for DAG: example_python_operator
[2023-04-15T10:52:09.806+0700] {logging_mixin.py:137} INFO - [2023-04-15T10:52:09.806+0700] {taskmixin.py:211} WARNING - Dependency <Task(_PythonDecoratedOperator): log_sql_query>, print_the_context already registered for DAG: example_python_operator
[2023-04-15T10:52:09.819+0700] {logging_mixin.py:137} INFO - [2023-04-15T10:52:09.818+0700] {example_python_operator.py:90} WARNING - The virtalenv_python example task requires virtualenv, please install it.
[2023-04-15T10:52:09.822+0700] {processor.py:753} INFO - DAG(s) dict_keys(['example_python_operator']) retrieved from /home/ahyar/Documents/tut_folder/tut_python/python_script/tut_airflow/env_airflow/lib/python3.9/site-packages/airflow/example_dags/example_python_operator.py
[2023-04-15T10:52:09.859+0700] {logging_mixin.py:137} INFO - [2023-04-15T10:52:09.858+0700] {dag.py:2705} INFO - Sync 1 DAGs
[2023-04-15T10:52:09.884+0700] {logging_mixin.py:137} INFO - [2023-04-15T10:52:09.884+0700] {dag.py:3452} INFO - Setting next_dagrun for example_python_operator to None, run_after=None
[2023-04-15T10:52:09.912+0700] {processor.py:175} INFO - Processing /home/ahyar/Documents/tut_folder/tut_python/python_script/tut_airflow/env_airflow/lib/python3.9/site-packages/airflow/example_dags/example_python_operator.py took 0.134 seconds
[2023-04-15T10:52:56.267+0700] {processor.py:153} INFO - Started process (PID=18079) to work on /home/ahyar/Documents/tut_folder/tut_python/python_script/tut_airflow/env_airflow/lib/python3.9/site-packages/airflow/example_dags/example_python_operator.py
[2023-04-15T10:52:56.269+0700] {processor.py:743} INFO - Processing file /home/ahyar/Documents/tut_folder/tut_python/python_script/tut_airflow/env_airflow/lib/python3.9/site-packages/airflow/example_dags/example_python_operator.py for tasks to queue
[2023-04-15T10:52:56.271+0700] {logging_mixin.py:137} INFO - [2023-04-15T10:52:56.270+0700] {dagbag.py:532} INFO - Filling up the DagBag from /home/ahyar/Documents/tut_folder/tut_python/python_script/tut_airflow/env_airflow/lib/python3.9/site-packages/airflow/example_dags/example_python_operator.py
[2023-04-15T10:52:56.301+0700] {logging_mixin.py:137} INFO - [2023-04-15T10:52:56.301+0700] {taskmixin.py:211} WARNING - Dependency <Task(_PythonDecoratedOperator): print_the_context>, log_sql_query already registered for DAG: example_python_operator
[2023-04-15T10:52:56.301+0700] {logging_mixin.py:137} INFO - [2023-04-15T10:52:56.301+0700] {taskmixin.py:211} WARNING - Dependency <Task(_PythonDecoratedOperator): log_sql_query>, print_the_context already registered for DAG: example_python_operator
[2023-04-15T10:52:56.302+0700] {logging_mixin.py:137} INFO - [2023-04-15T10:52:56.302+0700] {taskmixin.py:211} WARNING - Dependency <Task(_PythonDecoratedOperator): print_the_context>, log_sql_query already registered for DAG: example_python_operator
[2023-04-15T10:52:56.302+0700] {logging_mixin.py:137} INFO - [2023-04-15T10:52:56.302+0700] {taskmixin.py:211} WARNING - Dependency <Task(_PythonDecoratedOperator): log_sql_query>, print_the_context already registered for DAG: example_python_operator
[2023-04-15T10:52:56.304+0700] {logging_mixin.py:137} INFO - [2023-04-15T10:52:56.303+0700] {taskmixin.py:211} WARNING - Dependency <Task(_PythonDecoratedOperator): print_the_context>, log_sql_query already registered for DAG: example_python_operator
[2023-04-15T10:52:56.304+0700] {logging_mixin.py:137} INFO - [2023-04-15T10:52:56.304+0700] {taskmixin.py:211} WARNING - Dependency <Task(_PythonDecoratedOperator): log_sql_query>, print_the_context already registered for DAG: example_python_operator
[2023-04-15T10:52:56.305+0700] {logging_mixin.py:137} INFO - [2023-04-15T10:52:56.304+0700] {taskmixin.py:211} WARNING - Dependency <Task(_PythonDecoratedOperator): print_the_context>, log_sql_query already registered for DAG: example_python_operator
[2023-04-15T10:52:56.305+0700] {logging_mixin.py:137} INFO - [2023-04-15T10:52:56.305+0700] {taskmixin.py:211} WARNING - Dependency <Task(_PythonDecoratedOperator): log_sql_query>, print_the_context already registered for DAG: example_python_operator
[2023-04-15T10:52:56.305+0700] {logging_mixin.py:137} INFO - [2023-04-15T10:52:56.305+0700] {example_python_operator.py:90} WARNING - The virtalenv_python example task requires virtualenv, please install it.
[2023-04-15T10:52:56.316+0700] {processor.py:753} INFO - DAG(s) dict_keys(['example_python_operator']) retrieved from /home/ahyar/Documents/tut_folder/tut_python/python_script/tut_airflow/env_airflow/lib/python3.9/site-packages/airflow/example_dags/example_python_operator.py
[2023-04-15T10:52:56.352+0700] {logging_mixin.py:137} INFO - [2023-04-15T10:52:56.352+0700] {dag.py:2705} INFO - Sync 1 DAGs
[2023-04-15T10:52:56.384+0700] {logging_mixin.py:137} INFO - [2023-04-15T10:52:56.384+0700] {dag.py:3452} INFO - Setting next_dagrun for example_python_operator to None, run_after=None
[2023-04-15T10:52:56.428+0700] {processor.py:175} INFO - Processing /home/ahyar/Documents/tut_folder/tut_python/python_script/tut_airflow/env_airflow/lib/python3.9/site-packages/airflow/example_dags/example_python_operator.py took 0.168 seconds
[2023-04-15T10:53:42.765+0700] {processor.py:153} INFO - Started process (PID=18175) to work on /home/ahyar/Documents/tut_folder/tut_python/python_script/tut_airflow/env_airflow/lib/python3.9/site-packages/airflow/example_dags/example_python_operator.py
[2023-04-15T10:53:42.766+0700] {processor.py:743} INFO - Processing file /home/ahyar/Documents/tut_folder/tut_python/python_script/tut_airflow/env_airflow/lib/python3.9/site-packages/airflow/example_dags/example_python_operator.py for tasks to queue
[2023-04-15T10:53:42.767+0700] {logging_mixin.py:137} INFO - [2023-04-15T10:53:42.767+0700] {dagbag.py:532} INFO - Filling up the DagBag from /home/ahyar/Documents/tut_folder/tut_python/python_script/tut_airflow/env_airflow/lib/python3.9/site-packages/airflow/example_dags/example_python_operator.py
[2023-04-15T10:53:42.778+0700] {logging_mixin.py:137} INFO - [2023-04-15T10:53:42.778+0700] {taskmixin.py:211} WARNING - Dependency <Task(_PythonDecoratedOperator): print_the_context>, log_sql_query already registered for DAG: example_python_operator
[2023-04-15T10:53:42.779+0700] {logging_mixin.py:137} INFO - [2023-04-15T10:53:42.779+0700] {taskmixin.py:211} WARNING - Dependency <Task(_PythonDecoratedOperator): log_sql_query>, print_the_context already registered for DAG: example_python_operator
[2023-04-15T10:53:42.779+0700] {logging_mixin.py:137} INFO - [2023-04-15T10:53:42.779+0700] {taskmixin.py:211} WARNING - Dependency <Task(_PythonDecoratedOperator): print_the_context>, log_sql_query already registered for DAG: example_python_operator
[2023-04-15T10:53:42.779+0700] {logging_mixin.py:137} INFO - [2023-04-15T10:53:42.779+0700] {taskmixin.py:211} WARNING - Dependency <Task(_PythonDecoratedOperator): log_sql_query>, print_the_context already registered for DAG: example_python_operator
[2023-04-15T10:53:42.779+0700] {logging_mixin.py:137} INFO - [2023-04-15T10:53:42.779+0700] {taskmixin.py:211} WARNING - Dependency <Task(_PythonDecoratedOperator): print_the_context>, log_sql_query already registered for DAG: example_python_operator
[2023-04-15T10:53:42.779+0700] {logging_mixin.py:137} INFO - [2023-04-15T10:53:42.779+0700] {taskmixin.py:211} WARNING - Dependency <Task(_PythonDecoratedOperator): log_sql_query>, print_the_context already registered for DAG: example_python_operator
[2023-04-15T10:53:42.780+0700] {logging_mixin.py:137} INFO - [2023-04-15T10:53:42.779+0700] {taskmixin.py:211} WARNING - Dependency <Task(_PythonDecoratedOperator): print_the_context>, log_sql_query already registered for DAG: example_python_operator
[2023-04-15T10:53:42.780+0700] {logging_mixin.py:137} INFO - [2023-04-15T10:53:42.780+0700] {taskmixin.py:211} WARNING - Dependency <Task(_PythonDecoratedOperator): log_sql_query>, print_the_context already registered for DAG: example_python_operator
[2023-04-15T10:53:42.780+0700] {logging_mixin.py:137} INFO - [2023-04-15T10:53:42.780+0700] {example_python_operator.py:90} WARNING - The virtalenv_python example task requires virtualenv, please install it.
[2023-04-15T10:53:42.783+0700] {processor.py:753} INFO - DAG(s) dict_keys(['example_python_operator']) retrieved from /home/ahyar/Documents/tut_folder/tut_python/python_script/tut_airflow/env_airflow/lib/python3.9/site-packages/airflow/example_dags/example_python_operator.py
[2023-04-15T10:53:42.795+0700] {logging_mixin.py:137} INFO - [2023-04-15T10:53:42.795+0700] {dag.py:2705} INFO - Sync 1 DAGs
[2023-04-15T10:53:42.808+0700] {logging_mixin.py:137} INFO - [2023-04-15T10:53:42.808+0700] {dag.py:3452} INFO - Setting next_dagrun for example_python_operator to None, run_after=None
[2023-04-15T10:53:42.824+0700] {processor.py:175} INFO - Processing /home/ahyar/Documents/tut_folder/tut_python/python_script/tut_airflow/env_airflow/lib/python3.9/site-packages/airflow/example_dags/example_python_operator.py took 0.061 seconds
[2023-04-15T10:54:27.524+0700] {processor.py:153} INFO - Started process (PID=18260) to work on /home/ahyar/Documents/tut_folder/tut_python/python_script/tut_airflow/env_airflow/lib/python3.9/site-packages/airflow/example_dags/example_python_operator.py
[2023-04-15T10:54:27.526+0700] {processor.py:743} INFO - Processing file /home/ahyar/Documents/tut_folder/tut_python/python_script/tut_airflow/env_airflow/lib/python3.9/site-packages/airflow/example_dags/example_python_operator.py for tasks to queue
[2023-04-15T10:54:27.527+0700] {logging_mixin.py:137} INFO - [2023-04-15T10:54:27.526+0700] {dagbag.py:532} INFO - Filling up the DagBag from /home/ahyar/Documents/tut_folder/tut_python/python_script/tut_airflow/env_airflow/lib/python3.9/site-packages/airflow/example_dags/example_python_operator.py
[2023-04-15T10:54:27.541+0700] {logging_mixin.py:137} INFO - [2023-04-15T10:54:27.541+0700] {taskmixin.py:211} WARNING - Dependency <Task(_PythonDecoratedOperator): print_the_context>, log_sql_query already registered for DAG: example_python_operator
[2023-04-15T10:54:27.541+0700] {logging_mixin.py:137} INFO - [2023-04-15T10:54:27.541+0700] {taskmixin.py:211} WARNING - Dependency <Task(_PythonDecoratedOperator): log_sql_query>, print_the_context already registered for DAG: example_python_operator
[2023-04-15T10:54:27.541+0700] {logging_mixin.py:137} INFO - [2023-04-15T10:54:27.541+0700] {taskmixin.py:211} WARNING - Dependency <Task(_PythonDecoratedOperator): print_the_context>, log_sql_query already registered for DAG: example_python_operator
[2023-04-15T10:54:27.542+0700] {logging_mixin.py:137} INFO - [2023-04-15T10:54:27.541+0700] {taskmixin.py:211} WARNING - Dependency <Task(_PythonDecoratedOperator): log_sql_query>, print_the_context already registered for DAG: example_python_operator
[2023-04-15T10:54:27.542+0700] {logging_mixin.py:137} INFO - [2023-04-15T10:54:27.542+0700] {taskmixin.py:211} WARNING - Dependency <Task(_PythonDecoratedOperator): print_the_context>, log_sql_query already registered for DAG: example_python_operator
[2023-04-15T10:54:27.542+0700] {logging_mixin.py:137} INFO - [2023-04-15T10:54:27.542+0700] {taskmixin.py:211} WARNING - Dependency <Task(_PythonDecoratedOperator): log_sql_query>, print_the_context already registered for DAG: example_python_operator
[2023-04-15T10:54:27.542+0700] {logging_mixin.py:137} INFO - [2023-04-15T10:54:27.542+0700] {taskmixin.py:211} WARNING - Dependency <Task(_PythonDecoratedOperator): print_the_context>, log_sql_query already registered for DAG: example_python_operator
[2023-04-15T10:54:27.542+0700] {logging_mixin.py:137} INFO - [2023-04-15T10:54:27.542+0700] {taskmixin.py:211} WARNING - Dependency <Task(_PythonDecoratedOperator): log_sql_query>, print_the_context already registered for DAG: example_python_operator
[2023-04-15T10:54:27.543+0700] {logging_mixin.py:137} INFO - [2023-04-15T10:54:27.543+0700] {example_python_operator.py:90} WARNING - The virtalenv_python example task requires virtualenv, please install it.
[2023-04-15T10:54:27.545+0700] {processor.py:753} INFO - DAG(s) dict_keys(['example_python_operator']) retrieved from /home/ahyar/Documents/tut_folder/tut_python/python_script/tut_airflow/env_airflow/lib/python3.9/site-packages/airflow/example_dags/example_python_operator.py
[2023-04-15T10:54:27.556+0700] {logging_mixin.py:137} INFO - [2023-04-15T10:54:27.556+0700] {dag.py:2705} INFO - Sync 1 DAGs
[2023-04-15T10:54:27.567+0700] {logging_mixin.py:137} INFO - [2023-04-15T10:54:27.566+0700] {dag.py:3452} INFO - Setting next_dagrun for example_python_operator to None, run_after=None
[2023-04-15T10:54:27.581+0700] {processor.py:175} INFO - Processing /home/ahyar/Documents/tut_folder/tut_python/python_script/tut_airflow/env_airflow/lib/python3.9/site-packages/airflow/example_dags/example_python_operator.py took 0.060 seconds
[2023-04-15T10:55:11.822+0700] {processor.py:153} INFO - Started process (PID=18332) to work on /home/ahyar/Documents/tut_folder/tut_python/python_script/tut_airflow/env_airflow/lib/python3.9/site-packages/airflow/example_dags/example_python_operator.py
[2023-04-15T10:55:11.823+0700] {processor.py:743} INFO - Processing file /home/ahyar/Documents/tut_folder/tut_python/python_script/tut_airflow/env_airflow/lib/python3.9/site-packages/airflow/example_dags/example_python_operator.py for tasks to queue
[2023-04-15T10:55:11.824+0700] {logging_mixin.py:137} INFO - [2023-04-15T10:55:11.824+0700] {dagbag.py:532} INFO - Filling up the DagBag from /home/ahyar/Documents/tut_folder/tut_python/python_script/tut_airflow/env_airflow/lib/python3.9/site-packages/airflow/example_dags/example_python_operator.py
[2023-04-15T10:55:11.840+0700] {logging_mixin.py:137} INFO - [2023-04-15T10:55:11.840+0700] {taskmixin.py:211} WARNING - Dependency <Task(_PythonDecoratedOperator): print_the_context>, log_sql_query already registered for DAG: example_python_operator
[2023-04-15T10:55:11.840+0700] {logging_mixin.py:137} INFO - [2023-04-15T10:55:11.840+0700] {taskmixin.py:211} WARNING - Dependency <Task(_PythonDecoratedOperator): log_sql_query>, print_the_context already registered for DAG: example_python_operator
[2023-04-15T10:55:11.840+0700] {logging_mixin.py:137} INFO - [2023-04-15T10:55:11.840+0700] {taskmixin.py:211} WARNING - Dependency <Task(_PythonDecoratedOperator): print_the_context>, log_sql_query already registered for DAG: example_python_operator
[2023-04-15T10:55:11.840+0700] {logging_mixin.py:137} INFO - [2023-04-15T10:55:11.840+0700] {taskmixin.py:211} WARNING - Dependency <Task(_PythonDecoratedOperator): log_sql_query>, print_the_context already registered for DAG: example_python_operator
[2023-04-15T10:55:11.841+0700] {logging_mixin.py:137} INFO - [2023-04-15T10:55:11.841+0700] {taskmixin.py:211} WARNING - Dependency <Task(_PythonDecoratedOperator): print_the_context>, log_sql_query already registered for DAG: example_python_operator
[2023-04-15T10:55:11.841+0700] {logging_mixin.py:137} INFO - [2023-04-15T10:55:11.841+0700] {taskmixin.py:211} WARNING - Dependency <Task(_PythonDecoratedOperator): log_sql_query>, print_the_context already registered for DAG: example_python_operator
[2023-04-15T10:55:11.841+0700] {logging_mixin.py:137} INFO - [2023-04-15T10:55:11.841+0700] {taskmixin.py:211} WARNING - Dependency <Task(_PythonDecoratedOperator): print_the_context>, log_sql_query already registered for DAG: example_python_operator
[2023-04-15T10:55:11.841+0700] {logging_mixin.py:137} INFO - [2023-04-15T10:55:11.841+0700] {taskmixin.py:211} WARNING - Dependency <Task(_PythonDecoratedOperator): log_sql_query>, print_the_context already registered for DAG: example_python_operator
[2023-04-15T10:55:11.842+0700] {logging_mixin.py:137} INFO - [2023-04-15T10:55:11.842+0700] {example_python_operator.py:90} WARNING - The virtalenv_python example task requires virtualenv, please install it.
[2023-04-15T10:55:11.855+0700] {processor.py:753} INFO - DAG(s) dict_keys(['example_python_operator']) retrieved from /home/ahyar/Documents/tut_folder/tut_python/python_script/tut_airflow/env_airflow/lib/python3.9/site-packages/airflow/example_dags/example_python_operator.py
[2023-04-15T10:55:11.879+0700] {logging_mixin.py:137} INFO - [2023-04-15T10:55:11.879+0700] {dag.py:2705} INFO - Sync 1 DAGs
[2023-04-15T10:55:11.908+0700] {logging_mixin.py:137} INFO - [2023-04-15T10:55:11.907+0700] {dag.py:3452} INFO - Setting next_dagrun for example_python_operator to None, run_after=None
[2023-04-15T10:55:11.943+0700] {processor.py:175} INFO - Processing /home/ahyar/Documents/tut_folder/tut_python/python_script/tut_airflow/env_airflow/lib/python3.9/site-packages/airflow/example_dags/example_python_operator.py took 0.128 seconds
[2023-04-15T10:55:57.797+0700] {processor.py:153} INFO - Started process (PID=18444) to work on /home/ahyar/Documents/tut_folder/tut_python/python_script/tut_airflow/env_airflow/lib/python3.9/site-packages/airflow/example_dags/example_python_operator.py
[2023-04-15T10:55:57.798+0700] {processor.py:743} INFO - Processing file /home/ahyar/Documents/tut_folder/tut_python/python_script/tut_airflow/env_airflow/lib/python3.9/site-packages/airflow/example_dags/example_python_operator.py for tasks to queue
[2023-04-15T10:55:57.798+0700] {logging_mixin.py:137} INFO - [2023-04-15T10:55:57.798+0700] {dagbag.py:532} INFO - Filling up the DagBag from /home/ahyar/Documents/tut_folder/tut_python/python_script/tut_airflow/env_airflow/lib/python3.9/site-packages/airflow/example_dags/example_python_operator.py
[2023-04-15T10:55:57.808+0700] {logging_mixin.py:137} INFO - [2023-04-15T10:55:57.808+0700] {taskmixin.py:211} WARNING - Dependency <Task(_PythonDecoratedOperator): print_the_context>, log_sql_query already registered for DAG: example_python_operator
[2023-04-15T10:55:57.808+0700] {logging_mixin.py:137} INFO - [2023-04-15T10:55:57.808+0700] {taskmixin.py:211} WARNING - Dependency <Task(_PythonDecoratedOperator): log_sql_query>, print_the_context already registered for DAG: example_python_operator
[2023-04-15T10:55:57.809+0700] {logging_mixin.py:137} INFO - [2023-04-15T10:55:57.809+0700] {taskmixin.py:211} WARNING - Dependency <Task(_PythonDecoratedOperator): print_the_context>, log_sql_query already registered for DAG: example_python_operator
[2023-04-15T10:55:57.809+0700] {logging_mixin.py:137} INFO - [2023-04-15T10:55:57.809+0700] {taskmixin.py:211} WARNING - Dependency <Task(_PythonDecoratedOperator): log_sql_query>, print_the_context already registered for DAG: example_python_operator
[2023-04-15T10:55:57.809+0700] {logging_mixin.py:137} INFO - [2023-04-15T10:55:57.809+0700] {taskmixin.py:211} WARNING - Dependency <Task(_PythonDecoratedOperator): print_the_context>, log_sql_query already registered for DAG: example_python_operator
[2023-04-15T10:55:57.809+0700] {logging_mixin.py:137} INFO - [2023-04-15T10:55:57.809+0700] {taskmixin.py:211} WARNING - Dependency <Task(_PythonDecoratedOperator): log_sql_query>, print_the_context already registered for DAG: example_python_operator
[2023-04-15T10:55:57.809+0700] {logging_mixin.py:137} INFO - [2023-04-15T10:55:57.809+0700] {taskmixin.py:211} WARNING - Dependency <Task(_PythonDecoratedOperator): print_the_context>, log_sql_query already registered for DAG: example_python_operator
[2023-04-15T10:55:57.809+0700] {logging_mixin.py:137} INFO - [2023-04-15T10:55:57.809+0700] {taskmixin.py:211} WARNING - Dependency <Task(_PythonDecoratedOperator): log_sql_query>, print_the_context already registered for DAG: example_python_operator
[2023-04-15T10:55:57.810+0700] {logging_mixin.py:137} INFO - [2023-04-15T10:55:57.810+0700] {example_python_operator.py:90} WARNING - The virtalenv_python example task requires virtualenv, please install it.
[2023-04-15T10:55:57.813+0700] {processor.py:753} INFO - DAG(s) dict_keys(['example_python_operator']) retrieved from /home/ahyar/Documents/tut_folder/tut_python/python_script/tut_airflow/env_airflow/lib/python3.9/site-packages/airflow/example_dags/example_python_operator.py
[2023-04-15T10:55:57.829+0700] {logging_mixin.py:137} INFO - [2023-04-15T10:55:57.829+0700] {dag.py:2705} INFO - Sync 1 DAGs
[2023-04-15T10:55:57.841+0700] {logging_mixin.py:137} INFO - [2023-04-15T10:55:57.840+0700] {dag.py:3452} INFO - Setting next_dagrun for example_python_operator to None, run_after=None
[2023-04-15T10:55:57.856+0700] {processor.py:175} INFO - Processing /home/ahyar/Documents/tut_folder/tut_python/python_script/tut_airflow/env_airflow/lib/python3.9/site-packages/airflow/example_dags/example_python_operator.py took 0.060 seconds
[2023-04-15T10:56:40.074+0700] {processor.py:153} INFO - Started process (PID=18512) to work on /home/ahyar/Documents/tut_folder/tut_python/python_script/tut_airflow/env_airflow/lib/python3.9/site-packages/airflow/example_dags/example_python_operator.py
[2023-04-15T10:56:40.075+0700] {processor.py:743} INFO - Processing file /home/ahyar/Documents/tut_folder/tut_python/python_script/tut_airflow/env_airflow/lib/python3.9/site-packages/airflow/example_dags/example_python_operator.py for tasks to queue
[2023-04-15T10:56:40.075+0700] {logging_mixin.py:137} INFO - [2023-04-15T10:56:40.075+0700] {dagbag.py:532} INFO - Filling up the DagBag from /home/ahyar/Documents/tut_folder/tut_python/python_script/tut_airflow/env_airflow/lib/python3.9/site-packages/airflow/example_dags/example_python_operator.py
[2023-04-15T10:56:40.093+0700] {logging_mixin.py:137} INFO - [2023-04-15T10:56:40.092+0700] {taskmixin.py:211} WARNING - Dependency <Task(_PythonDecoratedOperator): print_the_context>, log_sql_query already registered for DAG: example_python_operator
[2023-04-15T10:56:40.093+0700] {logging_mixin.py:137} INFO - [2023-04-15T10:56:40.093+0700] {taskmixin.py:211} WARNING - Dependency <Task(_PythonDecoratedOperator): log_sql_query>, print_the_context already registered for DAG: example_python_operator
[2023-04-15T10:56:40.093+0700] {logging_mixin.py:137} INFO - [2023-04-15T10:56:40.093+0700] {taskmixin.py:211} WARNING - Dependency <Task(_PythonDecoratedOperator): print_the_context>, log_sql_query already registered for DAG: example_python_operator
[2023-04-15T10:56:40.093+0700] {logging_mixin.py:137} INFO - [2023-04-15T10:56:40.093+0700] {taskmixin.py:211} WARNING - Dependency <Task(_PythonDecoratedOperator): log_sql_query>, print_the_context already registered for DAG: example_python_operator
[2023-04-15T10:56:40.094+0700] {logging_mixin.py:137} INFO - [2023-04-15T10:56:40.093+0700] {taskmixin.py:211} WARNING - Dependency <Task(_PythonDecoratedOperator): print_the_context>, log_sql_query already registered for DAG: example_python_operator
[2023-04-15T10:56:40.094+0700] {logging_mixin.py:137} INFO - [2023-04-15T10:56:40.094+0700] {taskmixin.py:211} WARNING - Dependency <Task(_PythonDecoratedOperator): log_sql_query>, print_the_context already registered for DAG: example_python_operator
[2023-04-15T10:56:40.094+0700] {logging_mixin.py:137} INFO - [2023-04-15T10:56:40.094+0700] {taskmixin.py:211} WARNING - Dependency <Task(_PythonDecoratedOperator): print_the_context>, log_sql_query already registered for DAG: example_python_operator
[2023-04-15T10:56:40.094+0700] {logging_mixin.py:137} INFO - [2023-04-15T10:56:40.094+0700] {taskmixin.py:211} WARNING - Dependency <Task(_PythonDecoratedOperator): log_sql_query>, print_the_context already registered for DAG: example_python_operator
[2023-04-15T10:56:40.094+0700] {logging_mixin.py:137} INFO - [2023-04-15T10:56:40.094+0700] {example_python_operator.py:90} WARNING - The virtalenv_python example task requires virtualenv, please install it.
[2023-04-15T10:56:40.097+0700] {processor.py:753} INFO - DAG(s) dict_keys(['example_python_operator']) retrieved from /home/ahyar/Documents/tut_folder/tut_python/python_script/tut_airflow/env_airflow/lib/python3.9/site-packages/airflow/example_dags/example_python_operator.py
[2023-04-15T10:56:40.108+0700] {logging_mixin.py:137} INFO - [2023-04-15T10:56:40.107+0700] {dag.py:2705} INFO - Sync 1 DAGs
[2023-04-15T10:56:40.118+0700] {logging_mixin.py:137} INFO - [2023-04-15T10:56:40.118+0700] {dag.py:3452} INFO - Setting next_dagrun for example_python_operator to None, run_after=None
[2023-04-15T10:56:40.133+0700] {processor.py:175} INFO - Processing /home/ahyar/Documents/tut_folder/tut_python/python_script/tut_airflow/env_airflow/lib/python3.9/site-packages/airflow/example_dags/example_python_operator.py took 0.063 seconds
[2023-04-15T10:57:22.947+0700] {processor.py:153} INFO - Started process (PID=18593) to work on /home/ahyar/Documents/tut_folder/tut_python/python_script/tut_airflow/env_airflow/lib/python3.9/site-packages/airflow/example_dags/example_python_operator.py
[2023-04-15T10:57:22.948+0700] {processor.py:743} INFO - Processing file /home/ahyar/Documents/tut_folder/tut_python/python_script/tut_airflow/env_airflow/lib/python3.9/site-packages/airflow/example_dags/example_python_operator.py for tasks to queue
[2023-04-15T10:57:22.950+0700] {logging_mixin.py:137} INFO - [2023-04-15T10:57:22.949+0700] {dagbag.py:532} INFO - Filling up the DagBag from /home/ahyar/Documents/tut_folder/tut_python/python_script/tut_airflow/env_airflow/lib/python3.9/site-packages/airflow/example_dags/example_python_operator.py
[2023-04-15T10:57:22.997+0700] {logging_mixin.py:137} INFO - [2023-04-15T10:57:22.997+0700] {taskmixin.py:211} WARNING - Dependency <Task(_PythonDecoratedOperator): print_the_context>, log_sql_query already registered for DAG: example_python_operator
[2023-04-15T10:57:22.997+0700] {logging_mixin.py:137} INFO - [2023-04-15T10:57:22.997+0700] {taskmixin.py:211} WARNING - Dependency <Task(_PythonDecoratedOperator): log_sql_query>, print_the_context already registered for DAG: example_python_operator
[2023-04-15T10:57:22.998+0700] {logging_mixin.py:137} INFO - [2023-04-15T10:57:22.998+0700] {taskmixin.py:211} WARNING - Dependency <Task(_PythonDecoratedOperator): print_the_context>, log_sql_query already registered for DAG: example_python_operator
[2023-04-15T10:57:22.998+0700] {logging_mixin.py:137} INFO - [2023-04-15T10:57:22.998+0700] {taskmixin.py:211} WARNING - Dependency <Task(_PythonDecoratedOperator): log_sql_query>, print_the_context already registered for DAG: example_python_operator
[2023-04-15T10:57:22.998+0700] {logging_mixin.py:137} INFO - [2023-04-15T10:57:22.998+0700] {taskmixin.py:211} WARNING - Dependency <Task(_PythonDecoratedOperator): print_the_context>, log_sql_query already registered for DAG: example_python_operator
[2023-04-15T10:57:22.998+0700] {logging_mixin.py:137} INFO - [2023-04-15T10:57:22.998+0700] {taskmixin.py:211} WARNING - Dependency <Task(_PythonDecoratedOperator): log_sql_query>, print_the_context already registered for DAG: example_python_operator
[2023-04-15T10:57:22.999+0700] {logging_mixin.py:137} INFO - [2023-04-15T10:57:22.999+0700] {taskmixin.py:211} WARNING - Dependency <Task(_PythonDecoratedOperator): print_the_context>, log_sql_query already registered for DAG: example_python_operator
[2023-04-15T10:57:22.999+0700] {logging_mixin.py:137} INFO - [2023-04-15T10:57:22.999+0700] {taskmixin.py:211} WARNING - Dependency <Task(_PythonDecoratedOperator): log_sql_query>, print_the_context already registered for DAG: example_python_operator
[2023-04-15T10:57:23.000+0700] {logging_mixin.py:137} INFO - [2023-04-15T10:57:23.000+0700] {example_python_operator.py:90} WARNING - The virtalenv_python example task requires virtualenv, please install it.
[2023-04-15T10:57:23.010+0700] {processor.py:753} INFO - DAG(s) dict_keys(['example_python_operator']) retrieved from /home/ahyar/Documents/tut_folder/tut_python/python_script/tut_airflow/env_airflow/lib/python3.9/site-packages/airflow/example_dags/example_python_operator.py
[2023-04-15T10:57:23.035+0700] {logging_mixin.py:137} INFO - [2023-04-15T10:57:23.034+0700] {dag.py:2705} INFO - Sync 1 DAGs
[2023-04-15T10:57:23.054+0700] {logging_mixin.py:137} INFO - [2023-04-15T10:57:23.054+0700] {dag.py:3452} INFO - Setting next_dagrun for example_python_operator to None, run_after=None
[2023-04-15T10:57:23.077+0700] {processor.py:175} INFO - Processing /home/ahyar/Documents/tut_folder/tut_python/python_script/tut_airflow/env_airflow/lib/python3.9/site-packages/airflow/example_dags/example_python_operator.py took 0.134 seconds
[2023-04-15T10:58:09.770+0700] {processor.py:153} INFO - Started process (PID=18647) to work on /home/ahyar/Documents/tut_folder/tut_python/python_script/tut_airflow/env_airflow/lib/python3.9/site-packages/airflow/example_dags/example_python_operator.py
[2023-04-15T10:58:09.771+0700] {processor.py:743} INFO - Processing file /home/ahyar/Documents/tut_folder/tut_python/python_script/tut_airflow/env_airflow/lib/python3.9/site-packages/airflow/example_dags/example_python_operator.py for tasks to queue
[2023-04-15T10:58:09.771+0700] {logging_mixin.py:137} INFO - [2023-04-15T10:58:09.771+0700] {dagbag.py:532} INFO - Filling up the DagBag from /home/ahyar/Documents/tut_folder/tut_python/python_script/tut_airflow/env_airflow/lib/python3.9/site-packages/airflow/example_dags/example_python_operator.py
[2023-04-15T10:58:09.788+0700] {logging_mixin.py:137} INFO - [2023-04-15T10:58:09.788+0700] {taskmixin.py:211} WARNING - Dependency <Task(_PythonDecoratedOperator): print_the_context>, log_sql_query already registered for DAG: example_python_operator
[2023-04-15T10:58:09.788+0700] {logging_mixin.py:137} INFO - [2023-04-15T10:58:09.788+0700] {taskmixin.py:211} WARNING - Dependency <Task(_PythonDecoratedOperator): log_sql_query>, print_the_context already registered for DAG: example_python_operator
[2023-04-15T10:58:09.788+0700] {logging_mixin.py:137} INFO - [2023-04-15T10:58:09.788+0700] {taskmixin.py:211} WARNING - Dependency <Task(_PythonDecoratedOperator): print_the_context>, log_sql_query already registered for DAG: example_python_operator
[2023-04-15T10:58:09.788+0700] {logging_mixin.py:137} INFO - [2023-04-15T10:58:09.788+0700] {taskmixin.py:211} WARNING - Dependency <Task(_PythonDecoratedOperator): log_sql_query>, print_the_context already registered for DAG: example_python_operator
[2023-04-15T10:58:09.788+0700] {logging_mixin.py:137} INFO - [2023-04-15T10:58:09.788+0700] {taskmixin.py:211} WARNING - Dependency <Task(_PythonDecoratedOperator): print_the_context>, log_sql_query already registered for DAG: example_python_operator
[2023-04-15T10:58:09.789+0700] {logging_mixin.py:137} INFO - [2023-04-15T10:58:09.789+0700] {taskmixin.py:211} WARNING - Dependency <Task(_PythonDecoratedOperator): log_sql_query>, print_the_context already registered for DAG: example_python_operator
[2023-04-15T10:58:09.789+0700] {logging_mixin.py:137} INFO - [2023-04-15T10:58:09.789+0700] {taskmixin.py:211} WARNING - Dependency <Task(_PythonDecoratedOperator): print_the_context>, log_sql_query already registered for DAG: example_python_operator
[2023-04-15T10:58:09.789+0700] {logging_mixin.py:137} INFO - [2023-04-15T10:58:09.789+0700] {taskmixin.py:211} WARNING - Dependency <Task(_PythonDecoratedOperator): log_sql_query>, print_the_context already registered for DAG: example_python_operator
[2023-04-15T10:58:09.789+0700] {logging_mixin.py:137} INFO - [2023-04-15T10:58:09.789+0700] {example_python_operator.py:90} WARNING - The virtalenv_python example task requires virtualenv, please install it.
[2023-04-15T10:58:09.792+0700] {processor.py:753} INFO - DAG(s) dict_keys(['example_python_operator']) retrieved from /home/ahyar/Documents/tut_folder/tut_python/python_script/tut_airflow/env_airflow/lib/python3.9/site-packages/airflow/example_dags/example_python_operator.py
[2023-04-15T10:58:09.808+0700] {logging_mixin.py:137} INFO - [2023-04-15T10:58:09.807+0700] {dag.py:2705} INFO - Sync 1 DAGs
[2023-04-15T10:58:09.822+0700] {logging_mixin.py:137} INFO - [2023-04-15T10:58:09.822+0700] {dag.py:3452} INFO - Setting next_dagrun for example_python_operator to None, run_after=None
[2023-04-15T10:58:09.840+0700] {processor.py:175} INFO - Processing /home/ahyar/Documents/tut_folder/tut_python/python_script/tut_airflow/env_airflow/lib/python3.9/site-packages/airflow/example_dags/example_python_operator.py took 0.072 seconds
[2023-04-15T10:58:56.346+0700] {processor.py:153} INFO - Started process (PID=18832) to work on /home/ahyar/Documents/tut_folder/tut_python/python_script/tut_airflow/env_airflow/lib/python3.9/site-packages/airflow/example_dags/example_python_operator.py
[2023-04-15T10:58:56.347+0700] {processor.py:743} INFO - Processing file /home/ahyar/Documents/tut_folder/tut_python/python_script/tut_airflow/env_airflow/lib/python3.9/site-packages/airflow/example_dags/example_python_operator.py for tasks to queue
[2023-04-15T10:58:56.348+0700] {logging_mixin.py:137} INFO - [2023-04-15T10:58:56.348+0700] {dagbag.py:532} INFO - Filling up the DagBag from /home/ahyar/Documents/tut_folder/tut_python/python_script/tut_airflow/env_airflow/lib/python3.9/site-packages/airflow/example_dags/example_python_operator.py
[2023-04-15T10:58:56.365+0700] {logging_mixin.py:137} INFO - [2023-04-15T10:58:56.364+0700] {taskmixin.py:211} WARNING - Dependency <Task(_PythonDecoratedOperator): print_the_context>, log_sql_query already registered for DAG: example_python_operator
[2023-04-15T10:58:56.366+0700] {logging_mixin.py:137} INFO - [2023-04-15T10:58:56.366+0700] {taskmixin.py:211} WARNING - Dependency <Task(_PythonDecoratedOperator): log_sql_query>, print_the_context already registered for DAG: example_python_operator
[2023-04-15T10:58:56.366+0700] {logging_mixin.py:137} INFO - [2023-04-15T10:58:56.366+0700] {taskmixin.py:211} WARNING - Dependency <Task(_PythonDecoratedOperator): print_the_context>, log_sql_query already registered for DAG: example_python_operator
[2023-04-15T10:58:56.367+0700] {logging_mixin.py:137} INFO - [2023-04-15T10:58:56.366+0700] {taskmixin.py:211} WARNING - Dependency <Task(_PythonDecoratedOperator): log_sql_query>, print_the_context already registered for DAG: example_python_operator
[2023-04-15T10:58:56.367+0700] {logging_mixin.py:137} INFO - [2023-04-15T10:58:56.367+0700] {taskmixin.py:211} WARNING - Dependency <Task(_PythonDecoratedOperator): print_the_context>, log_sql_query already registered for DAG: example_python_operator
[2023-04-15T10:58:56.367+0700] {logging_mixin.py:137} INFO - [2023-04-15T10:58:56.367+0700] {taskmixin.py:211} WARNING - Dependency <Task(_PythonDecoratedOperator): log_sql_query>, print_the_context already registered for DAG: example_python_operator
[2023-04-15T10:58:56.367+0700] {logging_mixin.py:137} INFO - [2023-04-15T10:58:56.367+0700] {taskmixin.py:211} WARNING - Dependency <Task(_PythonDecoratedOperator): print_the_context>, log_sql_query already registered for DAG: example_python_operator
[2023-04-15T10:58:56.367+0700] {logging_mixin.py:137} INFO - [2023-04-15T10:58:56.367+0700] {taskmixin.py:211} WARNING - Dependency <Task(_PythonDecoratedOperator): log_sql_query>, print_the_context already registered for DAG: example_python_operator
[2023-04-15T10:58:56.368+0700] {logging_mixin.py:137} INFO - [2023-04-15T10:58:56.368+0700] {example_python_operator.py:90} WARNING - The virtalenv_python example task requires virtualenv, please install it.
[2023-04-15T10:58:56.373+0700] {processor.py:753} INFO - DAG(s) dict_keys(['example_python_operator']) retrieved from /home/ahyar/Documents/tut_folder/tut_python/python_script/tut_airflow/env_airflow/lib/python3.9/site-packages/airflow/example_dags/example_python_operator.py
[2023-04-15T10:58:56.394+0700] {logging_mixin.py:137} INFO - [2023-04-15T10:58:56.394+0700] {dag.py:2705} INFO - Sync 1 DAGs
[2023-04-15T10:58:56.417+0700] {logging_mixin.py:137} INFO - [2023-04-15T10:58:56.417+0700] {dag.py:3452} INFO - Setting next_dagrun for example_python_operator to None, run_after=None
[2023-04-15T10:58:56.440+0700] {processor.py:175} INFO - Processing /home/ahyar/Documents/tut_folder/tut_python/python_script/tut_airflow/env_airflow/lib/python3.9/site-packages/airflow/example_dags/example_python_operator.py took 0.096 seconds
[2023-04-15T11:02:10.437+0700] {processor.py:153} INFO - Started process (PID=20952) to work on /home/ahyar/Documents/tut_folder/tut_python/python_script/tut_airflow/env_airflow/lib/python3.9/site-packages/airflow/example_dags/example_python_operator.py
[2023-04-15T11:02:10.438+0700] {processor.py:743} INFO - Processing file /home/ahyar/Documents/tut_folder/tut_python/python_script/tut_airflow/env_airflow/lib/python3.9/site-packages/airflow/example_dags/example_python_operator.py for tasks to queue
[2023-04-15T11:02:10.438+0700] {logging_mixin.py:137} INFO - [2023-04-15T11:02:10.438+0700] {dagbag.py:532} INFO - Filling up the DagBag from /home/ahyar/Documents/tut_folder/tut_python/python_script/tut_airflow/env_airflow/lib/python3.9/site-packages/airflow/example_dags/example_python_operator.py
[2023-04-15T11:02:10.455+0700] {logging_mixin.py:137} INFO - [2023-04-15T11:02:10.455+0700] {taskmixin.py:211} WARNING - Dependency <Task(_PythonDecoratedOperator): print_the_context>, log_sql_query already registered for DAG: example_python_operator
[2023-04-15T11:02:10.455+0700] {logging_mixin.py:137} INFO - [2023-04-15T11:02:10.455+0700] {taskmixin.py:211} WARNING - Dependency <Task(_PythonDecoratedOperator): log_sql_query>, print_the_context already registered for DAG: example_python_operator
[2023-04-15T11:02:10.455+0700] {logging_mixin.py:137} INFO - [2023-04-15T11:02:10.455+0700] {taskmixin.py:211} WARNING - Dependency <Task(_PythonDecoratedOperator): print_the_context>, log_sql_query already registered for DAG: example_python_operator
[2023-04-15T11:02:10.455+0700] {logging_mixin.py:137} INFO - [2023-04-15T11:02:10.455+0700] {taskmixin.py:211} WARNING - Dependency <Task(_PythonDecoratedOperator): log_sql_query>, print_the_context already registered for DAG: example_python_operator
[2023-04-15T11:02:10.456+0700] {logging_mixin.py:137} INFO - [2023-04-15T11:02:10.456+0700] {taskmixin.py:211} WARNING - Dependency <Task(_PythonDecoratedOperator): print_the_context>, log_sql_query already registered for DAG: example_python_operator
[2023-04-15T11:02:10.456+0700] {logging_mixin.py:137} INFO - [2023-04-15T11:02:10.456+0700] {taskmixin.py:211} WARNING - Dependency <Task(_PythonDecoratedOperator): log_sql_query>, print_the_context already registered for DAG: example_python_operator
[2023-04-15T11:02:10.456+0700] {logging_mixin.py:137} INFO - [2023-04-15T11:02:10.456+0700] {taskmixin.py:211} WARNING - Dependency <Task(_PythonDecoratedOperator): print_the_context>, log_sql_query already registered for DAG: example_python_operator
[2023-04-15T11:02:10.457+0700] {logging_mixin.py:137} INFO - [2023-04-15T11:02:10.456+0700] {taskmixin.py:211} WARNING - Dependency <Task(_PythonDecoratedOperator): log_sql_query>, print_the_context already registered for DAG: example_python_operator
[2023-04-15T11:02:10.457+0700] {logging_mixin.py:137} INFO - [2023-04-15T11:02:10.457+0700] {example_python_operator.py:90} WARNING - The virtalenv_python example task requires virtualenv, please install it.
[2023-04-15T11:02:10.461+0700] {processor.py:753} INFO - DAG(s) dict_keys(['example_python_operator']) retrieved from /home/ahyar/Documents/tut_folder/tut_python/python_script/tut_airflow/env_airflow/lib/python3.9/site-packages/airflow/example_dags/example_python_operator.py
[2023-04-15T11:02:10.488+0700] {logging_mixin.py:137} INFO - [2023-04-15T11:02:10.487+0700] {dag.py:2705} INFO - Sync 1 DAGs
[2023-04-15T11:02:10.504+0700] {logging_mixin.py:137} INFO - [2023-04-15T11:02:10.504+0700] {dag.py:3452} INFO - Setting next_dagrun for example_python_operator to None, run_after=None
[2023-04-15T11:02:10.523+0700] {processor.py:175} INFO - Processing /home/ahyar/Documents/tut_folder/tut_python/python_script/tut_airflow/env_airflow/lib/python3.9/site-packages/airflow/example_dags/example_python_operator.py took 0.091 seconds
[2023-04-15T11:05:20.242+0700] {processor.py:153} INFO - Started process (PID=23147) to work on /home/ahyar/Documents/tut_folder/tut_python/python_script/tut_airflow/env_airflow/lib/python3.9/site-packages/airflow/example_dags/example_python_operator.py
[2023-04-15T11:05:20.243+0700] {processor.py:743} INFO - Processing file /home/ahyar/Documents/tut_folder/tut_python/python_script/tut_airflow/env_airflow/lib/python3.9/site-packages/airflow/example_dags/example_python_operator.py for tasks to queue
[2023-04-15T11:05:20.244+0700] {logging_mixin.py:137} INFO - [2023-04-15T11:05:20.244+0700] {dagbag.py:532} INFO - Filling up the DagBag from /home/ahyar/Documents/tut_folder/tut_python/python_script/tut_airflow/env_airflow/lib/python3.9/site-packages/airflow/example_dags/example_python_operator.py
[2023-04-15T11:05:20.258+0700] {logging_mixin.py:137} INFO - [2023-04-15T11:05:20.258+0700] {taskmixin.py:211} WARNING - Dependency <Task(_PythonDecoratedOperator): print_the_context>, log_sql_query already registered for DAG: example_python_operator
[2023-04-15T11:05:20.258+0700] {logging_mixin.py:137} INFO - [2023-04-15T11:05:20.258+0700] {taskmixin.py:211} WARNING - Dependency <Task(_PythonDecoratedOperator): log_sql_query>, print_the_context already registered for DAG: example_python_operator
[2023-04-15T11:05:20.258+0700] {logging_mixin.py:137} INFO - [2023-04-15T11:05:20.258+0700] {taskmixin.py:211} WARNING - Dependency <Task(_PythonDecoratedOperator): print_the_context>, log_sql_query already registered for DAG: example_python_operator
[2023-04-15T11:05:20.258+0700] {logging_mixin.py:137} INFO - [2023-04-15T11:05:20.258+0700] {taskmixin.py:211} WARNING - Dependency <Task(_PythonDecoratedOperator): log_sql_query>, print_the_context already registered for DAG: example_python_operator
[2023-04-15T11:05:20.259+0700] {logging_mixin.py:137} INFO - [2023-04-15T11:05:20.259+0700] {taskmixin.py:211} WARNING - Dependency <Task(_PythonDecoratedOperator): print_the_context>, log_sql_query already registered for DAG: example_python_operator
[2023-04-15T11:05:20.259+0700] {logging_mixin.py:137} INFO - [2023-04-15T11:05:20.259+0700] {taskmixin.py:211} WARNING - Dependency <Task(_PythonDecoratedOperator): log_sql_query>, print_the_context already registered for DAG: example_python_operator
[2023-04-15T11:05:20.259+0700] {logging_mixin.py:137} INFO - [2023-04-15T11:05:20.259+0700] {taskmixin.py:211} WARNING - Dependency <Task(_PythonDecoratedOperator): print_the_context>, log_sql_query already registered for DAG: example_python_operator
[2023-04-15T11:05:20.259+0700] {logging_mixin.py:137} INFO - [2023-04-15T11:05:20.259+0700] {taskmixin.py:211} WARNING - Dependency <Task(_PythonDecoratedOperator): log_sql_query>, print_the_context already registered for DAG: example_python_operator
[2023-04-15T11:05:20.259+0700] {logging_mixin.py:137} INFO - [2023-04-15T11:05:20.259+0700] {example_python_operator.py:90} WARNING - The virtalenv_python example task requires virtualenv, please install it.
[2023-04-15T11:05:20.263+0700] {processor.py:753} INFO - DAG(s) dict_keys(['example_python_operator']) retrieved from /home/ahyar/Documents/tut_folder/tut_python/python_script/tut_airflow/env_airflow/lib/python3.9/site-packages/airflow/example_dags/example_python_operator.py
[2023-04-15T11:05:20.274+0700] {logging_mixin.py:137} INFO - [2023-04-15T11:05:20.274+0700] {dag.py:2705} INFO - Sync 1 DAGs
[2023-04-15T11:05:20.287+0700] {logging_mixin.py:137} INFO - [2023-04-15T11:05:20.286+0700] {dag.py:3452} INFO - Setting next_dagrun for example_python_operator to None, run_after=None
[2023-04-15T11:05:20.397+0700] {processor.py:175} INFO - Processing /home/ahyar/Documents/tut_folder/tut_python/python_script/tut_airflow/env_airflow/lib/python3.9/site-packages/airflow/example_dags/example_python_operator.py took 0.157 seconds
