[2023-04-15T10:46:50.543+0700] {processor.py:153} INFO - Started process (PID=16424) to work on /home/ahyar/Documents/tut_folder/tut_python/python_script/tut_airflow/env_airflow/lib/python3.9/site-packages/airflow/example_dags/example_xcom.py
[2023-04-15T10:46:50.544+0700] {processor.py:743} INFO - Processing file /home/ahyar/Documents/tut_folder/tut_python/python_script/tut_airflow/env_airflow/lib/python3.9/site-packages/airflow/example_dags/example_xcom.py for tasks to queue
[2023-04-15T10:46:50.544+0700] {logging_mixin.py:137} INFO - [2023-04-15T10:46:50.544+0700] {dagbag.py:532} INFO - Filling up the DagBag from /home/ahyar/Documents/tut_folder/tut_python/python_script/tut_airflow/env_airflow/lib/python3.9/site-packages/airflow/example_dags/example_xcom.py
[2023-04-15T10:46:50.560+0700] {processor.py:753} INFO - DAG(s) dict_keys(['example_xcom']) retrieved from /home/ahyar/Documents/tut_folder/tut_python/python_script/tut_airflow/env_airflow/lib/python3.9/site-packages/airflow/example_dags/example_xcom.py
[2023-04-15T10:46:50.620+0700] {logging_mixin.py:137} INFO - [2023-04-15T10:46:50.620+0700] {manager.py:504} INFO - Created Permission View: can read on DAG:example_xcom
[2023-04-15T10:46:50.636+0700] {logging_mixin.py:137} INFO - [2023-04-15T10:46:50.635+0700] {manager.py:504} INFO - Created Permission View: can edit on DAG:example_xcom
[2023-04-15T10:46:50.645+0700] {logging_mixin.py:137} INFO - [2023-04-15T10:46:50.645+0700] {manager.py:504} INFO - Created Permission View: can delete on DAG:example_xcom
[2023-04-15T10:46:50.645+0700] {logging_mixin.py:137} INFO - [2023-04-15T10:46:50.645+0700] {dag.py:2705} INFO - Sync 1 DAGs
[2023-04-15T10:46:50.651+0700] {logging_mixin.py:137} INFO - [2023-04-15T10:46:50.651+0700] {dag.py:2726} INFO - Creating ORM DAG for example_xcom
[2023-04-15T10:46:50.655+0700] {logging_mixin.py:137} INFO - [2023-04-15T10:46:50.655+0700] {dag.py:3452} INFO - Setting next_dagrun for example_xcom to 2021-01-01T00:00:00+00:00, run_after=2021-01-01T00:00:00+00:00
[2023-04-15T10:46:50.671+0700] {processor.py:175} INFO - Processing /home/ahyar/Documents/tut_folder/tut_python/python_script/tut_airflow/env_airflow/lib/python3.9/site-packages/airflow/example_dags/example_xcom.py took 0.130 seconds
[2023-04-15T10:47:33.148+0700] {processor.py:153} INFO - Started process (PID=16610) to work on /home/ahyar/Documents/tut_folder/tut_python/python_script/tut_airflow/env_airflow/lib/python3.9/site-packages/airflow/example_dags/example_xcom.py
[2023-04-15T10:47:33.149+0700] {processor.py:743} INFO - Processing file /home/ahyar/Documents/tut_folder/tut_python/python_script/tut_airflow/env_airflow/lib/python3.9/site-packages/airflow/example_dags/example_xcom.py for tasks to queue
[2023-04-15T10:47:33.150+0700] {logging_mixin.py:137} INFO - [2023-04-15T10:47:33.150+0700] {dagbag.py:532} INFO - Filling up the DagBag from /home/ahyar/Documents/tut_folder/tut_python/python_script/tut_airflow/env_airflow/lib/python3.9/site-packages/airflow/example_dags/example_xcom.py
[2023-04-15T10:47:33.172+0700] {processor.py:753} INFO - DAG(s) dict_keys(['example_xcom']) retrieved from /home/ahyar/Documents/tut_folder/tut_python/python_script/tut_airflow/env_airflow/lib/python3.9/site-packages/airflow/example_dags/example_xcom.py
[2023-04-15T10:47:33.186+0700] {logging_mixin.py:137} INFO - [2023-04-15T10:47:33.186+0700] {dag.py:2705} INFO - Sync 1 DAGs
[2023-04-15T10:47:33.199+0700] {logging_mixin.py:137} INFO - [2023-04-15T10:47:33.199+0700] {dag.py:3452} INFO - Setting next_dagrun for example_xcom to 2021-01-01T00:00:00+00:00, run_after=2021-01-01T00:00:00+00:00
[2023-04-15T10:47:33.213+0700] {processor.py:175} INFO - Processing /home/ahyar/Documents/tut_folder/tut_python/python_script/tut_airflow/env_airflow/lib/python3.9/site-packages/airflow/example_dags/example_xcom.py took 0.069 seconds
[2023-04-15T10:48:44.817+0700] {processor.py:153} INFO - Started process (PID=17098) to work on /home/ahyar/Documents/tut_folder/tut_python/python_script/tut_airflow/env_airflow/lib/python3.9/site-packages/airflow/example_dags/example_xcom.py
[2023-04-15T10:48:44.818+0700] {processor.py:743} INFO - Processing file /home/ahyar/Documents/tut_folder/tut_python/python_script/tut_airflow/env_airflow/lib/python3.9/site-packages/airflow/example_dags/example_xcom.py for tasks to queue
[2023-04-15T10:48:44.819+0700] {logging_mixin.py:137} INFO - [2023-04-15T10:48:44.819+0700] {dagbag.py:532} INFO - Filling up the DagBag from /home/ahyar/Documents/tut_folder/tut_python/python_script/tut_airflow/env_airflow/lib/python3.9/site-packages/airflow/example_dags/example_xcom.py
[2023-04-15T10:48:44.835+0700] {processor.py:753} INFO - DAG(s) dict_keys(['example_xcom']) retrieved from /home/ahyar/Documents/tut_folder/tut_python/python_script/tut_airflow/env_airflow/lib/python3.9/site-packages/airflow/example_dags/example_xcom.py
[2023-04-15T10:48:44.845+0700] {logging_mixin.py:137} INFO - [2023-04-15T10:48:44.844+0700] {dag.py:2705} INFO - Sync 1 DAGs
[2023-04-15T10:48:44.854+0700] {logging_mixin.py:137} INFO - [2023-04-15T10:48:44.854+0700] {dag.py:3452} INFO - Setting next_dagrun for example_xcom to 2021-01-01T00:00:00+00:00, run_after=2021-01-01T00:00:00+00:00
[2023-04-15T10:48:44.869+0700] {processor.py:175} INFO - Processing /home/ahyar/Documents/tut_folder/tut_python/python_script/tut_airflow/env_airflow/lib/python3.9/site-packages/airflow/example_dags/example_xcom.py took 0.054 seconds
[2023-04-15T10:49:32.820+0700] {processor.py:153} INFO - Started process (PID=17463) to work on /home/ahyar/Documents/tut_folder/tut_python/python_script/tut_airflow/env_airflow/lib/python3.9/site-packages/airflow/example_dags/example_xcom.py
[2023-04-15T10:49:32.823+0700] {processor.py:743} INFO - Processing file /home/ahyar/Documents/tut_folder/tut_python/python_script/tut_airflow/env_airflow/lib/python3.9/site-packages/airflow/example_dags/example_xcom.py for tasks to queue
[2023-04-15T10:49:32.823+0700] {logging_mixin.py:137} INFO - [2023-04-15T10:49:32.823+0700] {dagbag.py:532} INFO - Filling up the DagBag from /home/ahyar/Documents/tut_folder/tut_python/python_script/tut_airflow/env_airflow/lib/python3.9/site-packages/airflow/example_dags/example_xcom.py
[2023-04-15T10:49:32.867+0700] {processor.py:753} INFO - DAG(s) dict_keys(['example_xcom']) retrieved from /home/ahyar/Documents/tut_folder/tut_python/python_script/tut_airflow/env_airflow/lib/python3.9/site-packages/airflow/example_dags/example_xcom.py
[2023-04-15T10:49:32.897+0700] {logging_mixin.py:137} INFO - [2023-04-15T10:49:32.896+0700] {dag.py:2705} INFO - Sync 1 DAGs
[2023-04-15T10:49:32.918+0700] {logging_mixin.py:137} INFO - [2023-04-15T10:49:32.918+0700] {dag.py:3452} INFO - Setting next_dagrun for example_xcom to 2021-01-01T00:00:00+00:00, run_after=2021-01-01T00:00:00+00:00
[2023-04-15T10:49:32.977+0700] {processor.py:175} INFO - Processing /home/ahyar/Documents/tut_folder/tut_python/python_script/tut_airflow/env_airflow/lib/python3.9/site-packages/airflow/example_dags/example_xcom.py took 0.159 seconds
[2023-04-15T10:50:18.171+0700] {processor.py:153} INFO - Started process (PID=17694) to work on /home/ahyar/Documents/tut_folder/tut_python/python_script/tut_airflow/env_airflow/lib/python3.9/site-packages/airflow/example_dags/example_xcom.py
[2023-04-15T10:50:18.172+0700] {processor.py:743} INFO - Processing file /home/ahyar/Documents/tut_folder/tut_python/python_script/tut_airflow/env_airflow/lib/python3.9/site-packages/airflow/example_dags/example_xcom.py for tasks to queue
[2023-04-15T10:50:18.173+0700] {logging_mixin.py:137} INFO - [2023-04-15T10:50:18.173+0700] {dagbag.py:532} INFO - Filling up the DagBag from /home/ahyar/Documents/tut_folder/tut_python/python_script/tut_airflow/env_airflow/lib/python3.9/site-packages/airflow/example_dags/example_xcom.py
[2023-04-15T10:50:18.194+0700] {processor.py:753} INFO - DAG(s) dict_keys(['example_xcom']) retrieved from /home/ahyar/Documents/tut_folder/tut_python/python_script/tut_airflow/env_airflow/lib/python3.9/site-packages/airflow/example_dags/example_xcom.py
[2023-04-15T10:50:18.213+0700] {logging_mixin.py:137} INFO - [2023-04-15T10:50:18.212+0700] {dag.py:2705} INFO - Sync 1 DAGs
[2023-04-15T10:50:18.226+0700] {logging_mixin.py:137} INFO - [2023-04-15T10:50:18.226+0700] {dag.py:3452} INFO - Setting next_dagrun for example_xcom to 2021-01-01T00:00:00+00:00, run_after=2021-01-01T00:00:00+00:00
[2023-04-15T10:50:18.245+0700] {processor.py:175} INFO - Processing /home/ahyar/Documents/tut_folder/tut_python/python_script/tut_airflow/env_airflow/lib/python3.9/site-packages/airflow/example_dags/example_xcom.py took 0.076 seconds
[2023-04-15T10:50:59.684+0700] {processor.py:153} INFO - Started process (PID=17772) to work on /home/ahyar/Documents/tut_folder/tut_python/python_script/tut_airflow/env_airflow/lib/python3.9/site-packages/airflow/example_dags/example_xcom.py
[2023-04-15T10:50:59.685+0700] {processor.py:743} INFO - Processing file /home/ahyar/Documents/tut_folder/tut_python/python_script/tut_airflow/env_airflow/lib/python3.9/site-packages/airflow/example_dags/example_xcom.py for tasks to queue
[2023-04-15T10:50:59.686+0700] {logging_mixin.py:137} INFO - [2023-04-15T10:50:59.686+0700] {dagbag.py:532} INFO - Filling up the DagBag from /home/ahyar/Documents/tut_folder/tut_python/python_script/tut_airflow/env_airflow/lib/python3.9/site-packages/airflow/example_dags/example_xcom.py
[2023-04-15T10:50:59.707+0700] {processor.py:753} INFO - DAG(s) dict_keys(['example_xcom']) retrieved from /home/ahyar/Documents/tut_folder/tut_python/python_script/tut_airflow/env_airflow/lib/python3.9/site-packages/airflow/example_dags/example_xcom.py
[2023-04-15T10:50:59.732+0700] {logging_mixin.py:137} INFO - [2023-04-15T10:50:59.732+0700] {dag.py:2705} INFO - Sync 1 DAGs
[2023-04-15T10:50:59.755+0700] {logging_mixin.py:137} INFO - [2023-04-15T10:50:59.755+0700] {dag.py:3452} INFO - Setting next_dagrun for example_xcom to 2021-01-01T00:00:00+00:00, run_after=2021-01-01T00:00:00+00:00
[2023-04-15T10:50:59.780+0700] {processor.py:175} INFO - Processing /home/ahyar/Documents/tut_folder/tut_python/python_script/tut_airflow/env_airflow/lib/python3.9/site-packages/airflow/example_dags/example_xcom.py took 0.100 seconds
[2023-04-15T10:51:42.280+0700] {processor.py:153} INFO - Started process (PID=17852) to work on /home/ahyar/Documents/tut_folder/tut_python/python_script/tut_airflow/env_airflow/lib/python3.9/site-packages/airflow/example_dags/example_xcom.py
[2023-04-15T10:51:42.281+0700] {processor.py:743} INFO - Processing file /home/ahyar/Documents/tut_folder/tut_python/python_script/tut_airflow/env_airflow/lib/python3.9/site-packages/airflow/example_dags/example_xcom.py for tasks to queue
[2023-04-15T10:51:42.281+0700] {logging_mixin.py:137} INFO - [2023-04-15T10:51:42.281+0700] {dagbag.py:532} INFO - Filling up the DagBag from /home/ahyar/Documents/tut_folder/tut_python/python_script/tut_airflow/env_airflow/lib/python3.9/site-packages/airflow/example_dags/example_xcom.py
[2023-04-15T10:51:42.299+0700] {processor.py:753} INFO - DAG(s) dict_keys(['example_xcom']) retrieved from /home/ahyar/Documents/tut_folder/tut_python/python_script/tut_airflow/env_airflow/lib/python3.9/site-packages/airflow/example_dags/example_xcom.py
[2023-04-15T10:51:42.312+0700] {logging_mixin.py:137} INFO - [2023-04-15T10:51:42.312+0700] {dag.py:2705} INFO - Sync 1 DAGs
[2023-04-15T10:51:42.325+0700] {logging_mixin.py:137} INFO - [2023-04-15T10:51:42.325+0700] {dag.py:3452} INFO - Setting next_dagrun for example_xcom to 2021-01-01T00:00:00+00:00, run_after=2021-01-01T00:00:00+00:00
[2023-04-15T10:51:42.341+0700] {processor.py:175} INFO - Processing /home/ahyar/Documents/tut_folder/tut_python/python_script/tut_airflow/env_airflow/lib/python3.9/site-packages/airflow/example_dags/example_xcom.py took 0.063 seconds
[2023-04-15T10:52:26.980+0700] {processor.py:153} INFO - Started process (PID=17950) to work on /home/ahyar/Documents/tut_folder/tut_python/python_script/tut_airflow/env_airflow/lib/python3.9/site-packages/airflow/example_dags/example_xcom.py
[2023-04-15T10:52:26.982+0700] {processor.py:743} INFO - Processing file /home/ahyar/Documents/tut_folder/tut_python/python_script/tut_airflow/env_airflow/lib/python3.9/site-packages/airflow/example_dags/example_xcom.py for tasks to queue
[2023-04-15T10:52:26.983+0700] {logging_mixin.py:137} INFO - [2023-04-15T10:52:26.983+0700] {dagbag.py:532} INFO - Filling up the DagBag from /home/ahyar/Documents/tut_folder/tut_python/python_script/tut_airflow/env_airflow/lib/python3.9/site-packages/airflow/example_dags/example_xcom.py
[2023-04-15T10:52:27.022+0700] {processor.py:753} INFO - DAG(s) dict_keys(['example_xcom']) retrieved from /home/ahyar/Documents/tut_folder/tut_python/python_script/tut_airflow/env_airflow/lib/python3.9/site-packages/airflow/example_dags/example_xcom.py
[2023-04-15T10:52:27.053+0700] {logging_mixin.py:137} INFO - [2023-04-15T10:52:27.053+0700] {dag.py:2705} INFO - Sync 1 DAGs
[2023-04-15T10:52:27.093+0700] {logging_mixin.py:137} INFO - [2023-04-15T10:52:27.093+0700] {dag.py:3452} INFO - Setting next_dagrun for example_xcom to 2021-01-01T00:00:00+00:00, run_after=2021-01-01T00:00:00+00:00
[2023-04-15T10:52:27.130+0700] {processor.py:175} INFO - Processing /home/ahyar/Documents/tut_folder/tut_python/python_script/tut_airflow/env_airflow/lib/python3.9/site-packages/airflow/example_dags/example_xcom.py took 0.156 seconds
[2023-04-15T10:53:15.444+0700] {processor.py:153} INFO - Started process (PID=18105) to work on /home/ahyar/Documents/tut_folder/tut_python/python_script/tut_airflow/env_airflow/lib/python3.9/site-packages/airflow/example_dags/example_xcom.py
[2023-04-15T10:53:15.446+0700] {processor.py:743} INFO - Processing file /home/ahyar/Documents/tut_folder/tut_python/python_script/tut_airflow/env_airflow/lib/python3.9/site-packages/airflow/example_dags/example_xcom.py for tasks to queue
[2023-04-15T10:53:15.448+0700] {logging_mixin.py:137} INFO - [2023-04-15T10:53:15.448+0700] {dagbag.py:532} INFO - Filling up the DagBag from /home/ahyar/Documents/tut_folder/tut_python/python_script/tut_airflow/env_airflow/lib/python3.9/site-packages/airflow/example_dags/example_xcom.py
[2023-04-15T10:53:15.473+0700] {processor.py:753} INFO - DAG(s) dict_keys(['example_xcom']) retrieved from /home/ahyar/Documents/tut_folder/tut_python/python_script/tut_airflow/env_airflow/lib/python3.9/site-packages/airflow/example_dags/example_xcom.py
[2023-04-15T10:53:15.507+0700] {logging_mixin.py:137} INFO - [2023-04-15T10:53:15.506+0700] {dag.py:2705} INFO - Sync 1 DAGs
[2023-04-15T10:53:15.539+0700] {logging_mixin.py:137} INFO - [2023-04-15T10:53:15.539+0700] {dag.py:3452} INFO - Setting next_dagrun for example_xcom to 2021-01-01T00:00:00+00:00, run_after=2021-01-01T00:00:00+00:00
[2023-04-15T10:53:15.571+0700] {processor.py:175} INFO - Processing /home/ahyar/Documents/tut_folder/tut_python/python_script/tut_airflow/env_airflow/lib/python3.9/site-packages/airflow/example_dags/example_xcom.py took 0.131 seconds
[2023-04-15T10:54:01.421+0700] {processor.py:153} INFO - Started process (PID=18196) to work on /home/ahyar/Documents/tut_folder/tut_python/python_script/tut_airflow/env_airflow/lib/python3.9/site-packages/airflow/example_dags/example_xcom.py
[2023-04-15T10:54:01.422+0700] {processor.py:743} INFO - Processing file /home/ahyar/Documents/tut_folder/tut_python/python_script/tut_airflow/env_airflow/lib/python3.9/site-packages/airflow/example_dags/example_xcom.py for tasks to queue
[2023-04-15T10:54:01.422+0700] {logging_mixin.py:137} INFO - [2023-04-15T10:54:01.422+0700] {dagbag.py:532} INFO - Filling up the DagBag from /home/ahyar/Documents/tut_folder/tut_python/python_script/tut_airflow/env_airflow/lib/python3.9/site-packages/airflow/example_dags/example_xcom.py
[2023-04-15T10:54:01.437+0700] {processor.py:753} INFO - DAG(s) dict_keys(['example_xcom']) retrieved from /home/ahyar/Documents/tut_folder/tut_python/python_script/tut_airflow/env_airflow/lib/python3.9/site-packages/airflow/example_dags/example_xcom.py
[2023-04-15T10:54:01.450+0700] {logging_mixin.py:137} INFO - [2023-04-15T10:54:01.450+0700] {dag.py:2705} INFO - Sync 1 DAGs
[2023-04-15T10:54:01.462+0700] {logging_mixin.py:137} INFO - [2023-04-15T10:54:01.462+0700] {dag.py:3452} INFO - Setting next_dagrun for example_xcom to 2021-01-01T00:00:00+00:00, run_after=2021-01-01T00:00:00+00:00
[2023-04-15T10:54:01.478+0700] {processor.py:175} INFO - Processing /home/ahyar/Documents/tut_folder/tut_python/python_script/tut_airflow/env_airflow/lib/python3.9/site-packages/airflow/example_dags/example_xcom.py took 0.059 seconds
[2023-04-15T10:54:44.434+0700] {processor.py:153} INFO - Started process (PID=18297) to work on /home/ahyar/Documents/tut_folder/tut_python/python_script/tut_airflow/env_airflow/lib/python3.9/site-packages/airflow/example_dags/example_xcom.py
[2023-04-15T10:54:44.435+0700] {processor.py:743} INFO - Processing file /home/ahyar/Documents/tut_folder/tut_python/python_script/tut_airflow/env_airflow/lib/python3.9/site-packages/airflow/example_dags/example_xcom.py for tasks to queue
[2023-04-15T10:54:44.436+0700] {logging_mixin.py:137} INFO - [2023-04-15T10:54:44.436+0700] {dagbag.py:532} INFO - Filling up the DagBag from /home/ahyar/Documents/tut_folder/tut_python/python_script/tut_airflow/env_airflow/lib/python3.9/site-packages/airflow/example_dags/example_xcom.py
[2023-04-15T10:54:44.486+0700] {processor.py:753} INFO - DAG(s) dict_keys(['example_xcom']) retrieved from /home/ahyar/Documents/tut_folder/tut_python/python_script/tut_airflow/env_airflow/lib/python3.9/site-packages/airflow/example_dags/example_xcom.py
[2023-04-15T10:54:44.521+0700] {logging_mixin.py:137} INFO - [2023-04-15T10:54:44.520+0700] {dag.py:2705} INFO - Sync 1 DAGs
[2023-04-15T10:54:44.560+0700] {logging_mixin.py:137} INFO - [2023-04-15T10:54:44.560+0700] {dag.py:3452} INFO - Setting next_dagrun for example_xcom to 2021-01-01T00:00:00+00:00, run_after=2021-01-01T00:00:00+00:00
[2023-04-15T10:54:44.607+0700] {processor.py:175} INFO - Processing /home/ahyar/Documents/tut_folder/tut_python/python_script/tut_airflow/env_airflow/lib/python3.9/site-packages/airflow/example_dags/example_xcom.py took 0.178 seconds
[2023-04-15T10:55:28.564+0700] {processor.py:153} INFO - Started process (PID=18352) to work on /home/ahyar/Documents/tut_folder/tut_python/python_script/tut_airflow/env_airflow/lib/python3.9/site-packages/airflow/example_dags/example_xcom.py
[2023-04-15T10:55:28.565+0700] {processor.py:743} INFO - Processing file /home/ahyar/Documents/tut_folder/tut_python/python_script/tut_airflow/env_airflow/lib/python3.9/site-packages/airflow/example_dags/example_xcom.py for tasks to queue
[2023-04-15T10:55:28.566+0700] {logging_mixin.py:137} INFO - [2023-04-15T10:55:28.566+0700] {dagbag.py:532} INFO - Filling up the DagBag from /home/ahyar/Documents/tut_folder/tut_python/python_script/tut_airflow/env_airflow/lib/python3.9/site-packages/airflow/example_dags/example_xcom.py
[2023-04-15T10:55:28.588+0700] {processor.py:753} INFO - DAG(s) dict_keys(['example_xcom']) retrieved from /home/ahyar/Documents/tut_folder/tut_python/python_script/tut_airflow/env_airflow/lib/python3.9/site-packages/airflow/example_dags/example_xcom.py
[2023-04-15T10:55:28.605+0700] {logging_mixin.py:137} INFO - [2023-04-15T10:55:28.604+0700] {dag.py:2705} INFO - Sync 1 DAGs
[2023-04-15T10:55:28.621+0700] {logging_mixin.py:137} INFO - [2023-04-15T10:55:28.621+0700] {dag.py:3452} INFO - Setting next_dagrun for example_xcom to 2021-01-01T00:00:00+00:00, run_after=2021-01-01T00:00:00+00:00
[2023-04-15T10:55:28.638+0700] {processor.py:175} INFO - Processing /home/ahyar/Documents/tut_folder/tut_python/python_script/tut_airflow/env_airflow/lib/python3.9/site-packages/airflow/example_dags/example_xcom.py took 0.080 seconds
[2023-04-15T10:56:14.224+0700] {processor.py:153} INFO - Started process (PID=18461) to work on /home/ahyar/Documents/tut_folder/tut_python/python_script/tut_airflow/env_airflow/lib/python3.9/site-packages/airflow/example_dags/example_xcom.py
[2023-04-15T10:56:14.225+0700] {processor.py:743} INFO - Processing file /home/ahyar/Documents/tut_folder/tut_python/python_script/tut_airflow/env_airflow/lib/python3.9/site-packages/airflow/example_dags/example_xcom.py for tasks to queue
[2023-04-15T10:56:14.226+0700] {logging_mixin.py:137} INFO - [2023-04-15T10:56:14.226+0700] {dagbag.py:532} INFO - Filling up the DagBag from /home/ahyar/Documents/tut_folder/tut_python/python_script/tut_airflow/env_airflow/lib/python3.9/site-packages/airflow/example_dags/example_xcom.py
[2023-04-15T10:56:14.244+0700] {processor.py:753} INFO - DAG(s) dict_keys(['example_xcom']) retrieved from /home/ahyar/Documents/tut_folder/tut_python/python_script/tut_airflow/env_airflow/lib/python3.9/site-packages/airflow/example_dags/example_xcom.py
[2023-04-15T10:56:14.255+0700] {logging_mixin.py:137} INFO - [2023-04-15T10:56:14.255+0700] {dag.py:2705} INFO - Sync 1 DAGs
[2023-04-15T10:56:14.268+0700] {logging_mixin.py:137} INFO - [2023-04-15T10:56:14.267+0700] {dag.py:3452} INFO - Setting next_dagrun for example_xcom to 2021-01-01T00:00:00+00:00, run_after=2021-01-01T00:00:00+00:00
[2023-04-15T10:56:14.283+0700] {processor.py:175} INFO - Processing /home/ahyar/Documents/tut_folder/tut_python/python_script/tut_airflow/env_airflow/lib/python3.9/site-packages/airflow/example_dags/example_xcom.py took 0.062 seconds
[2023-04-15T10:56:55.502+0700] {processor.py:153} INFO - Started process (PID=18529) to work on /home/ahyar/Documents/tut_folder/tut_python/python_script/tut_airflow/env_airflow/lib/python3.9/site-packages/airflow/example_dags/example_xcom.py
[2023-04-15T10:56:55.503+0700] {processor.py:743} INFO - Processing file /home/ahyar/Documents/tut_folder/tut_python/python_script/tut_airflow/env_airflow/lib/python3.9/site-packages/airflow/example_dags/example_xcom.py for tasks to queue
[2023-04-15T10:56:55.503+0700] {logging_mixin.py:137} INFO - [2023-04-15T10:56:55.503+0700] {dagbag.py:532} INFO - Filling up the DagBag from /home/ahyar/Documents/tut_folder/tut_python/python_script/tut_airflow/env_airflow/lib/python3.9/site-packages/airflow/example_dags/example_xcom.py
[2023-04-15T10:56:55.518+0700] {processor.py:753} INFO - DAG(s) dict_keys(['example_xcom']) retrieved from /home/ahyar/Documents/tut_folder/tut_python/python_script/tut_airflow/env_airflow/lib/python3.9/site-packages/airflow/example_dags/example_xcom.py
[2023-04-15T10:56:55.531+0700] {logging_mixin.py:137} INFO - [2023-04-15T10:56:55.531+0700] {dag.py:2705} INFO - Sync 1 DAGs
[2023-04-15T10:56:55.543+0700] {logging_mixin.py:137} INFO - [2023-04-15T10:56:55.542+0700] {dag.py:3452} INFO - Setting next_dagrun for example_xcom to 2021-01-01T00:00:00+00:00, run_after=2021-01-01T00:00:00+00:00
[2023-04-15T10:56:55.560+0700] {processor.py:175} INFO - Processing /home/ahyar/Documents/tut_folder/tut_python/python_script/tut_airflow/env_airflow/lib/python3.9/site-packages/airflow/example_dags/example_xcom.py took 0.059 seconds
[2023-04-15T10:57:40.533+0700] {processor.py:153} INFO - Started process (PID=18610) to work on /home/ahyar/Documents/tut_folder/tut_python/python_script/tut_airflow/env_airflow/lib/python3.9/site-packages/airflow/example_dags/example_xcom.py
[2023-04-15T10:57:40.534+0700] {processor.py:743} INFO - Processing file /home/ahyar/Documents/tut_folder/tut_python/python_script/tut_airflow/env_airflow/lib/python3.9/site-packages/airflow/example_dags/example_xcom.py for tasks to queue
[2023-04-15T10:57:40.535+0700] {logging_mixin.py:137} INFO - [2023-04-15T10:57:40.535+0700] {dagbag.py:532} INFO - Filling up the DagBag from /home/ahyar/Documents/tut_folder/tut_python/python_script/tut_airflow/env_airflow/lib/python3.9/site-packages/airflow/example_dags/example_xcom.py
[2023-04-15T10:57:40.553+0700] {processor.py:753} INFO - DAG(s) dict_keys(['example_xcom']) retrieved from /home/ahyar/Documents/tut_folder/tut_python/python_script/tut_airflow/env_airflow/lib/python3.9/site-packages/airflow/example_dags/example_xcom.py
[2023-04-15T10:57:40.571+0700] {logging_mixin.py:137} INFO - [2023-04-15T10:57:40.571+0700] {dag.py:2705} INFO - Sync 1 DAGs
[2023-04-15T10:57:40.589+0700] {logging_mixin.py:137} INFO - [2023-04-15T10:57:40.589+0700] {dag.py:3452} INFO - Setting next_dagrun for example_xcom to 2021-01-01T00:00:00+00:00, run_after=2021-01-01T00:00:00+00:00
[2023-04-15T10:57:40.606+0700] {processor.py:175} INFO - Processing /home/ahyar/Documents/tut_folder/tut_python/python_script/tut_airflow/env_airflow/lib/python3.9/site-packages/airflow/example_dags/example_xcom.py took 0.075 seconds
[2023-04-15T10:58:28.030+0700] {processor.py:153} INFO - Started process (PID=18700) to work on /home/ahyar/Documents/tut_folder/tut_python/python_script/tut_airflow/env_airflow/lib/python3.9/site-packages/airflow/example_dags/example_xcom.py
[2023-04-15T10:58:28.031+0700] {processor.py:743} INFO - Processing file /home/ahyar/Documents/tut_folder/tut_python/python_script/tut_airflow/env_airflow/lib/python3.9/site-packages/airflow/example_dags/example_xcom.py for tasks to queue
[2023-04-15T10:58:28.032+0700] {logging_mixin.py:137} INFO - [2023-04-15T10:58:28.032+0700] {dagbag.py:532} INFO - Filling up the DagBag from /home/ahyar/Documents/tut_folder/tut_python/python_script/tut_airflow/env_airflow/lib/python3.9/site-packages/airflow/example_dags/example_xcom.py
[2023-04-15T10:58:28.051+0700] {processor.py:753} INFO - DAG(s) dict_keys(['example_xcom']) retrieved from /home/ahyar/Documents/tut_folder/tut_python/python_script/tut_airflow/env_airflow/lib/python3.9/site-packages/airflow/example_dags/example_xcom.py
[2023-04-15T10:58:28.065+0700] {logging_mixin.py:137} INFO - [2023-04-15T10:58:28.065+0700] {dag.py:2705} INFO - Sync 1 DAGs
[2023-04-15T10:58:28.082+0700] {logging_mixin.py:137} INFO - [2023-04-15T10:58:28.082+0700] {dag.py:3452} INFO - Setting next_dagrun for example_xcom to 2021-01-01T00:00:00+00:00, run_after=2021-01-01T00:00:00+00:00
[2023-04-15T10:58:28.111+0700] {processor.py:175} INFO - Processing /home/ahyar/Documents/tut_folder/tut_python/python_script/tut_airflow/env_airflow/lib/python3.9/site-packages/airflow/example_dags/example_xcom.py took 0.085 seconds
[2023-04-15T10:59:43.247+0700] {processor.py:153} INFO - Started process (PID=19355) to work on /home/ahyar/Documents/tut_folder/tut_python/python_script/tut_airflow/env_airflow/lib/python3.9/site-packages/airflow/example_dags/example_xcom.py
[2023-04-15T10:59:43.250+0700] {processor.py:743} INFO - Processing file /home/ahyar/Documents/tut_folder/tut_python/python_script/tut_airflow/env_airflow/lib/python3.9/site-packages/airflow/example_dags/example_xcom.py for tasks to queue
[2023-04-15T10:59:43.251+0700] {logging_mixin.py:137} INFO - [2023-04-15T10:59:43.251+0700] {dagbag.py:532} INFO - Filling up the DagBag from /home/ahyar/Documents/tut_folder/tut_python/python_script/tut_airflow/env_airflow/lib/python3.9/site-packages/airflow/example_dags/example_xcom.py
[2023-04-15T10:59:43.282+0700] {processor.py:753} INFO - DAG(s) dict_keys(['example_xcom']) retrieved from /home/ahyar/Documents/tut_folder/tut_python/python_script/tut_airflow/env_airflow/lib/python3.9/site-packages/airflow/example_dags/example_xcom.py
[2023-04-15T10:59:43.297+0700] {logging_mixin.py:137} INFO - [2023-04-15T10:59:43.297+0700] {dag.py:2705} INFO - Sync 1 DAGs
[2023-04-15T10:59:43.316+0700] {logging_mixin.py:137} INFO - [2023-04-15T10:59:43.315+0700] {dag.py:3452} INFO - Setting next_dagrun for example_xcom to 2021-01-01T00:00:00+00:00, run_after=2021-01-01T00:00:00+00:00
[2023-04-15T10:59:43.336+0700] {processor.py:175} INFO - Processing /home/ahyar/Documents/tut_folder/tut_python/python_script/tut_airflow/env_airflow/lib/python3.9/site-packages/airflow/example_dags/example_xcom.py took 0.094 seconds
[2023-04-15T11:03:19.487+0700] {processor.py:153} INFO - Started process (PID=21818) to work on /home/ahyar/Documents/tut_folder/tut_python/python_script/tut_airflow/env_airflow/lib/python3.9/site-packages/airflow/example_dags/example_xcom.py
[2023-04-15T11:03:19.489+0700] {processor.py:743} INFO - Processing file /home/ahyar/Documents/tut_folder/tut_python/python_script/tut_airflow/env_airflow/lib/python3.9/site-packages/airflow/example_dags/example_xcom.py for tasks to queue
[2023-04-15T11:03:19.490+0700] {logging_mixin.py:137} INFO - [2023-04-15T11:03:19.489+0700] {dagbag.py:532} INFO - Filling up the DagBag from /home/ahyar/Documents/tut_folder/tut_python/python_script/tut_airflow/env_airflow/lib/python3.9/site-packages/airflow/example_dags/example_xcom.py
[2023-04-15T11:03:19.523+0700] {processor.py:753} INFO - DAG(s) dict_keys(['example_xcom']) retrieved from /home/ahyar/Documents/tut_folder/tut_python/python_script/tut_airflow/env_airflow/lib/python3.9/site-packages/airflow/example_dags/example_xcom.py
[2023-04-15T11:03:19.550+0700] {logging_mixin.py:137} INFO - [2023-04-15T11:03:19.550+0700] {dag.py:2705} INFO - Sync 1 DAGs
[2023-04-15T11:03:19.581+0700] {logging_mixin.py:137} INFO - [2023-04-15T11:03:19.581+0700] {dag.py:3452} INFO - Setting next_dagrun for example_xcom to 2021-01-01T00:00:00+00:00, run_after=2021-01-01T00:00:00+00:00
[2023-04-15T11:03:19.617+0700] {processor.py:175} INFO - Processing /home/ahyar/Documents/tut_folder/tut_python/python_script/tut_airflow/env_airflow/lib/python3.9/site-packages/airflow/example_dags/example_xcom.py took 0.134 seconds
