[2023-04-15T10:46:38.785+0700] {processor.py:153} INFO - Started process (PID=16363) to work on /home/ahyar/Documents/tut_folder/tut_python/python_script/tut_airflow/env_airflow/lib/python3.9/site-packages/airflow/example_dags/example_sla_dag.py
[2023-04-15T10:46:38.785+0700] {processor.py:743} INFO - Processing file /home/ahyar/Documents/tut_folder/tut_python/python_script/tut_airflow/env_airflow/lib/python3.9/site-packages/airflow/example_dags/example_sla_dag.py for tasks to queue
[2023-04-15T10:46:38.786+0700] {logging_mixin.py:137} INFO - [2023-04-15T10:46:38.786+0700] {dagbag.py:532} INFO - Filling up the DagBag from /home/ahyar/Documents/tut_folder/tut_python/python_script/tut_airflow/env_airflow/lib/python3.9/site-packages/airflow/example_dags/example_sla_dag.py
[2023-04-15T10:46:38.801+0700] {processor.py:753} INFO - DAG(s) dict_keys(['example_sla_dag']) retrieved from /home/ahyar/Documents/tut_folder/tut_python/python_script/tut_airflow/env_airflow/lib/python3.9/site-packages/airflow/example_dags/example_sla_dag.py
[2023-04-15T10:46:38.872+0700] {logging_mixin.py:137} INFO - [2023-04-15T10:46:38.872+0700] {manager.py:504} INFO - Created Permission View: can read on DAG:example_sla_dag
[2023-04-15T10:46:38.881+0700] {logging_mixin.py:137} INFO - [2023-04-15T10:46:38.881+0700] {manager.py:504} INFO - Created Permission View: can edit on DAG:example_sla_dag
[2023-04-15T10:46:38.889+0700] {logging_mixin.py:137} INFO - [2023-04-15T10:46:38.889+0700] {manager.py:504} INFO - Created Permission View: can delete on DAG:example_sla_dag
[2023-04-15T10:46:38.889+0700] {logging_mixin.py:137} INFO - [2023-04-15T10:46:38.889+0700] {dag.py:2705} INFO - Sync 1 DAGs
[2023-04-15T10:46:38.896+0700] {logging_mixin.py:137} INFO - [2023-04-15T10:46:38.896+0700] {dag.py:2726} INFO - Creating ORM DAG for example_sla_dag
[2023-04-15T10:46:38.903+0700] {logging_mixin.py:137} INFO - [2023-04-15T10:46:38.903+0700] {dag.py:3452} INFO - Setting next_dagrun for example_sla_dag to 2023-04-15T03:44:00+00:00, run_after=2023-04-15T03:46:00+00:00
[2023-04-15T10:46:38.918+0700] {processor.py:175} INFO - Processing /home/ahyar/Documents/tut_folder/tut_python/python_script/tut_airflow/env_airflow/lib/python3.9/site-packages/airflow/example_dags/example_sla_dag.py took 0.135 seconds
[2023-04-15T10:47:22.992+0700] {processor.py:153} INFO - Started process (PID=16594) to work on /home/ahyar/Documents/tut_folder/tut_python/python_script/tut_airflow/env_airflow/lib/python3.9/site-packages/airflow/example_dags/example_sla_dag.py
[2023-04-15T10:47:22.993+0700] {processor.py:743} INFO - Processing file /home/ahyar/Documents/tut_folder/tut_python/python_script/tut_airflow/env_airflow/lib/python3.9/site-packages/airflow/example_dags/example_sla_dag.py for tasks to queue
[2023-04-15T10:47:22.993+0700] {logging_mixin.py:137} INFO - [2023-04-15T10:47:22.993+0700] {dagbag.py:532} INFO - Filling up the DagBag from /home/ahyar/Documents/tut_folder/tut_python/python_script/tut_airflow/env_airflow/lib/python3.9/site-packages/airflow/example_dags/example_sla_dag.py
[2023-04-15T10:47:23.006+0700] {processor.py:753} INFO - DAG(s) dict_keys(['example_sla_dag']) retrieved from /home/ahyar/Documents/tut_folder/tut_python/python_script/tut_airflow/env_airflow/lib/python3.9/site-packages/airflow/example_dags/example_sla_dag.py
[2023-04-15T10:47:23.016+0700] {logging_mixin.py:137} INFO - [2023-04-15T10:47:23.016+0700] {dag.py:2705} INFO - Sync 1 DAGs
[2023-04-15T10:47:23.029+0700] {logging_mixin.py:137} INFO - [2023-04-15T10:47:23.029+0700] {dag.py:3452} INFO - Setting next_dagrun for example_sla_dag to 2023-04-15T03:44:00+00:00, run_after=2023-04-15T03:46:00+00:00
[2023-04-15T10:47:23.043+0700] {processor.py:175} INFO - Processing /home/ahyar/Documents/tut_folder/tut_python/python_script/tut_airflow/env_airflow/lib/python3.9/site-packages/airflow/example_dags/example_sla_dag.py took 0.052 seconds
[2023-04-15T10:48:34.520+0700] {processor.py:153} INFO - Started process (PID=17037) to work on /home/ahyar/Documents/tut_folder/tut_python/python_script/tut_airflow/env_airflow/lib/python3.9/site-packages/airflow/example_dags/example_sla_dag.py
[2023-04-15T10:48:34.522+0700] {processor.py:743} INFO - Processing file /home/ahyar/Documents/tut_folder/tut_python/python_script/tut_airflow/env_airflow/lib/python3.9/site-packages/airflow/example_dags/example_sla_dag.py for tasks to queue
[2023-04-15T10:48:34.523+0700] {logging_mixin.py:137} INFO - [2023-04-15T10:48:34.523+0700] {dagbag.py:532} INFO - Filling up the DagBag from /home/ahyar/Documents/tut_folder/tut_python/python_script/tut_airflow/env_airflow/lib/python3.9/site-packages/airflow/example_dags/example_sla_dag.py
[2023-04-15T10:48:34.539+0700] {processor.py:753} INFO - DAG(s) dict_keys(['example_sla_dag']) retrieved from /home/ahyar/Documents/tut_folder/tut_python/python_script/tut_airflow/env_airflow/lib/python3.9/site-packages/airflow/example_dags/example_sla_dag.py
[2023-04-15T10:48:34.548+0700] {logging_mixin.py:137} INFO - [2023-04-15T10:48:34.548+0700] {dag.py:2705} INFO - Sync 1 DAGs
[2023-04-15T10:48:34.559+0700] {logging_mixin.py:137} INFO - [2023-04-15T10:48:34.559+0700] {dag.py:3452} INFO - Setting next_dagrun for example_sla_dag to 2023-04-15T03:46:00+00:00, run_after=2023-04-15T03:48:00+00:00
[2023-04-15T10:48:34.573+0700] {processor.py:175} INFO - Processing /home/ahyar/Documents/tut_folder/tut_python/python_script/tut_airflow/env_airflow/lib/python3.9/site-packages/airflow/example_dags/example_sla_dag.py took 0.056 seconds
[2023-04-15T10:49:19.366+0700] {processor.py:153} INFO - Started process (PID=17436) to work on /home/ahyar/Documents/tut_folder/tut_python/python_script/tut_airflow/env_airflow/lib/python3.9/site-packages/airflow/example_dags/example_sla_dag.py
[2023-04-15T10:49:19.367+0700] {processor.py:743} INFO - Processing file /home/ahyar/Documents/tut_folder/tut_python/python_script/tut_airflow/env_airflow/lib/python3.9/site-packages/airflow/example_dags/example_sla_dag.py for tasks to queue
[2023-04-15T10:49:19.368+0700] {logging_mixin.py:137} INFO - [2023-04-15T10:49:19.368+0700] {dagbag.py:532} INFO - Filling up the DagBag from /home/ahyar/Documents/tut_folder/tut_python/python_script/tut_airflow/env_airflow/lib/python3.9/site-packages/airflow/example_dags/example_sla_dag.py
[2023-04-15T10:49:19.412+0700] {processor.py:753} INFO - DAG(s) dict_keys(['example_sla_dag']) retrieved from /home/ahyar/Documents/tut_folder/tut_python/python_script/tut_airflow/env_airflow/lib/python3.9/site-packages/airflow/example_dags/example_sla_dag.py
[2023-04-15T10:49:19.442+0700] {logging_mixin.py:137} INFO - [2023-04-15T10:49:19.441+0700] {dag.py:2705} INFO - Sync 1 DAGs
[2023-04-15T10:49:19.487+0700] {logging_mixin.py:137} INFO - [2023-04-15T10:49:19.487+0700] {dag.py:3452} INFO - Setting next_dagrun for example_sla_dag to 2023-04-15T03:46:00+00:00, run_after=2023-04-15T03:48:00+00:00
[2023-04-15T10:49:19.544+0700] {processor.py:175} INFO - Processing /home/ahyar/Documents/tut_folder/tut_python/python_script/tut_airflow/env_airflow/lib/python3.9/site-packages/airflow/example_dags/example_sla_dag.py took 0.188 seconds
[2023-04-15T10:50:07.114+0700] {processor.py:153} INFO - Started process (PID=17647) to work on /home/ahyar/Documents/tut_folder/tut_python/python_script/tut_airflow/env_airflow/lib/python3.9/site-packages/airflow/example_dags/example_sla_dag.py
[2023-04-15T10:50:07.115+0700] {processor.py:743} INFO - Processing file /home/ahyar/Documents/tut_folder/tut_python/python_script/tut_airflow/env_airflow/lib/python3.9/site-packages/airflow/example_dags/example_sla_dag.py for tasks to queue
[2023-04-15T10:50:07.115+0700] {logging_mixin.py:137} INFO - [2023-04-15T10:50:07.115+0700] {dagbag.py:532} INFO - Filling up the DagBag from /home/ahyar/Documents/tut_folder/tut_python/python_script/tut_airflow/env_airflow/lib/python3.9/site-packages/airflow/example_dags/example_sla_dag.py
[2023-04-15T10:50:07.134+0700] {processor.py:753} INFO - DAG(s) dict_keys(['example_sla_dag']) retrieved from /home/ahyar/Documents/tut_folder/tut_python/python_script/tut_airflow/env_airflow/lib/python3.9/site-packages/airflow/example_dags/example_sla_dag.py
[2023-04-15T10:50:07.149+0700] {logging_mixin.py:137} INFO - [2023-04-15T10:50:07.149+0700] {dag.py:2705} INFO - Sync 1 DAGs
[2023-04-15T10:50:07.169+0700] {logging_mixin.py:137} INFO - [2023-04-15T10:50:07.168+0700] {dag.py:3452} INFO - Setting next_dagrun for example_sla_dag to 2023-04-15T03:48:00+00:00, run_after=2023-04-15T03:50:00+00:00
[2023-04-15T10:50:07.191+0700] {processor.py:175} INFO - Processing /home/ahyar/Documents/tut_folder/tut_python/python_script/tut_airflow/env_airflow/lib/python3.9/site-packages/airflow/example_dags/example_sla_dag.py took 0.079 seconds
[2023-04-15T10:50:49.395+0700] {processor.py:153} INFO - Started process (PID=17756) to work on /home/ahyar/Documents/tut_folder/tut_python/python_script/tut_airflow/env_airflow/lib/python3.9/site-packages/airflow/example_dags/example_sla_dag.py
[2023-04-15T10:50:49.398+0700] {processor.py:743} INFO - Processing file /home/ahyar/Documents/tut_folder/tut_python/python_script/tut_airflow/env_airflow/lib/python3.9/site-packages/airflow/example_dags/example_sla_dag.py for tasks to queue
[2023-04-15T10:50:49.399+0700] {logging_mixin.py:137} INFO - [2023-04-15T10:50:49.399+0700] {dagbag.py:532} INFO - Filling up the DagBag from /home/ahyar/Documents/tut_folder/tut_python/python_script/tut_airflow/env_airflow/lib/python3.9/site-packages/airflow/example_dags/example_sla_dag.py
[2023-04-15T10:50:49.433+0700] {processor.py:753} INFO - DAG(s) dict_keys(['example_sla_dag']) retrieved from /home/ahyar/Documents/tut_folder/tut_python/python_script/tut_airflow/env_airflow/lib/python3.9/site-packages/airflow/example_dags/example_sla_dag.py
[2023-04-15T10:50:49.456+0700] {logging_mixin.py:137} INFO - [2023-04-15T10:50:49.456+0700] {dag.py:2705} INFO - Sync 1 DAGs
[2023-04-15T10:50:49.479+0700] {logging_mixin.py:137} INFO - [2023-04-15T10:50:49.478+0700] {dag.py:3452} INFO - Setting next_dagrun for example_sla_dag to 2023-04-15T03:48:00+00:00, run_after=2023-04-15T03:50:00+00:00
[2023-04-15T10:50:49.505+0700] {processor.py:175} INFO - Processing /home/ahyar/Documents/tut_folder/tut_python/python_script/tut_airflow/env_airflow/lib/python3.9/site-packages/airflow/example_dags/example_sla_dag.py took 0.114 seconds
[2023-04-15T10:51:29.658+0700] {processor.py:153} INFO - Started process (PID=17841) to work on /home/ahyar/Documents/tut_folder/tut_python/python_script/tut_airflow/env_airflow/lib/python3.9/site-packages/airflow/example_dags/example_sla_dag.py
[2023-04-15T10:51:29.659+0700] {processor.py:743} INFO - Processing file /home/ahyar/Documents/tut_folder/tut_python/python_script/tut_airflow/env_airflow/lib/python3.9/site-packages/airflow/example_dags/example_sla_dag.py for tasks to queue
[2023-04-15T10:51:29.659+0700] {logging_mixin.py:137} INFO - [2023-04-15T10:51:29.659+0700] {dagbag.py:532} INFO - Filling up the DagBag from /home/ahyar/Documents/tut_folder/tut_python/python_script/tut_airflow/env_airflow/lib/python3.9/site-packages/airflow/example_dags/example_sla_dag.py
[2023-04-15T10:51:29.675+0700] {processor.py:753} INFO - DAG(s) dict_keys(['example_sla_dag']) retrieved from /home/ahyar/Documents/tut_folder/tut_python/python_script/tut_airflow/env_airflow/lib/python3.9/site-packages/airflow/example_dags/example_sla_dag.py
[2023-04-15T10:51:29.685+0700] {logging_mixin.py:137} INFO - [2023-04-15T10:51:29.685+0700] {dag.py:2705} INFO - Sync 1 DAGs
[2023-04-15T10:51:29.696+0700] {logging_mixin.py:137} INFO - [2023-04-15T10:51:29.696+0700] {dag.py:3452} INFO - Setting next_dagrun for example_sla_dag to 2023-04-15T03:48:00+00:00, run_after=2023-04-15T03:50:00+00:00
[2023-04-15T10:51:29.710+0700] {processor.py:175} INFO - Processing /home/ahyar/Documents/tut_folder/tut_python/python_script/tut_airflow/env_airflow/lib/python3.9/site-packages/airflow/example_dags/example_sla_dag.py took 0.054 seconds
[2023-04-15T10:52:15.042+0700] {processor.py:153} INFO - Started process (PID=17913) to work on /home/ahyar/Documents/tut_folder/tut_python/python_script/tut_airflow/env_airflow/lib/python3.9/site-packages/airflow/example_dags/example_sla_dag.py
[2023-04-15T10:52:15.044+0700] {processor.py:743} INFO - Processing file /home/ahyar/Documents/tut_folder/tut_python/python_script/tut_airflow/env_airflow/lib/python3.9/site-packages/airflow/example_dags/example_sla_dag.py for tasks to queue
[2023-04-15T10:52:15.048+0700] {logging_mixin.py:137} INFO - [2023-04-15T10:52:15.048+0700] {dagbag.py:532} INFO - Filling up the DagBag from /home/ahyar/Documents/tut_folder/tut_python/python_script/tut_airflow/env_airflow/lib/python3.9/site-packages/airflow/example_dags/example_sla_dag.py
[2023-04-15T10:52:15.082+0700] {processor.py:753} INFO - DAG(s) dict_keys(['example_sla_dag']) retrieved from /home/ahyar/Documents/tut_folder/tut_python/python_script/tut_airflow/env_airflow/lib/python3.9/site-packages/airflow/example_dags/example_sla_dag.py
[2023-04-15T10:52:15.103+0700] {logging_mixin.py:137} INFO - [2023-04-15T10:52:15.103+0700] {dag.py:2705} INFO - Sync 1 DAGs
[2023-04-15T10:52:15.152+0700] {logging_mixin.py:137} INFO - [2023-04-15T10:52:15.151+0700] {dag.py:3452} INFO - Setting next_dagrun for example_sla_dag to 2023-04-15T03:50:00+00:00, run_after=2023-04-15T03:52:00+00:00
[2023-04-15T10:52:15.188+0700] {processor.py:175} INFO - Processing /home/ahyar/Documents/tut_folder/tut_python/python_script/tut_airflow/env_airflow/lib/python3.9/site-packages/airflow/example_dags/example_sla_dag.py took 0.150 seconds
[2023-04-15T10:53:02.436+0700] {processor.py:153} INFO - Started process (PID=18086) to work on /home/ahyar/Documents/tut_folder/tut_python/python_script/tut_airflow/env_airflow/lib/python3.9/site-packages/airflow/example_dags/example_sla_dag.py
[2023-04-15T10:53:02.440+0700] {processor.py:743} INFO - Processing file /home/ahyar/Documents/tut_folder/tut_python/python_script/tut_airflow/env_airflow/lib/python3.9/site-packages/airflow/example_dags/example_sla_dag.py for tasks to queue
[2023-04-15T10:53:02.442+0700] {logging_mixin.py:137} INFO - [2023-04-15T10:53:02.442+0700] {dagbag.py:532} INFO - Filling up the DagBag from /home/ahyar/Documents/tut_folder/tut_python/python_script/tut_airflow/env_airflow/lib/python3.9/site-packages/airflow/example_dags/example_sla_dag.py
[2023-04-15T10:53:02.480+0700] {processor.py:753} INFO - DAG(s) dict_keys(['example_sla_dag']) retrieved from /home/ahyar/Documents/tut_folder/tut_python/python_script/tut_airflow/env_airflow/lib/python3.9/site-packages/airflow/example_dags/example_sla_dag.py
[2023-04-15T10:53:02.504+0700] {logging_mixin.py:137} INFO - [2023-04-15T10:53:02.504+0700] {dag.py:2705} INFO - Sync 1 DAGs
[2023-04-15T10:53:02.535+0700] {logging_mixin.py:137} INFO - [2023-04-15T10:53:02.535+0700] {dag.py:3452} INFO - Setting next_dagrun for example_sla_dag to 2023-04-15T03:50:00+00:00, run_after=2023-04-15T03:52:00+00:00
[2023-04-15T10:53:02.589+0700] {processor.py:175} INFO - Processing /home/ahyar/Documents/tut_folder/tut_python/python_script/tut_airflow/env_airflow/lib/python3.9/site-packages/airflow/example_dags/example_sla_dag.py took 0.156 seconds
[2023-04-15T10:53:48.973+0700] {processor.py:153} INFO - Started process (PID=18181) to work on /home/ahyar/Documents/tut_folder/tut_python/python_script/tut_airflow/env_airflow/lib/python3.9/site-packages/airflow/example_dags/example_sla_dag.py
[2023-04-15T10:53:48.973+0700] {processor.py:743} INFO - Processing file /home/ahyar/Documents/tut_folder/tut_python/python_script/tut_airflow/env_airflow/lib/python3.9/site-packages/airflow/example_dags/example_sla_dag.py for tasks to queue
[2023-04-15T10:53:48.973+0700] {logging_mixin.py:137} INFO - [2023-04-15T10:53:48.973+0700] {dagbag.py:532} INFO - Filling up the DagBag from /home/ahyar/Documents/tut_folder/tut_python/python_script/tut_airflow/env_airflow/lib/python3.9/site-packages/airflow/example_dags/example_sla_dag.py
[2023-04-15T10:53:48.989+0700] {processor.py:753} INFO - DAG(s) dict_keys(['example_sla_dag']) retrieved from /home/ahyar/Documents/tut_folder/tut_python/python_script/tut_airflow/env_airflow/lib/python3.9/site-packages/airflow/example_dags/example_sla_dag.py
[2023-04-15T10:53:49.004+0700] {logging_mixin.py:137} INFO - [2023-04-15T10:53:49.003+0700] {dag.py:2705} INFO - Sync 1 DAGs
[2023-04-15T10:53:49.024+0700] {logging_mixin.py:137} INFO - [2023-04-15T10:53:49.024+0700] {dag.py:3452} INFO - Setting next_dagrun for example_sla_dag to 2023-04-15T03:50:00+00:00, run_after=2023-04-15T03:52:00+00:00
[2023-04-15T10:53:49.042+0700] {processor.py:175} INFO - Processing /home/ahyar/Documents/tut_folder/tut_python/python_script/tut_airflow/env_airflow/lib/python3.9/site-packages/airflow/example_dags/example_sla_dag.py took 0.071 seconds
[2023-04-15T10:54:32.561+0700] {processor.py:153} INFO - Started process (PID=18265) to work on /home/ahyar/Documents/tut_folder/tut_python/python_script/tut_airflow/env_airflow/lib/python3.9/site-packages/airflow/example_dags/example_sla_dag.py
[2023-04-15T10:54:32.562+0700] {processor.py:743} INFO - Processing file /home/ahyar/Documents/tut_folder/tut_python/python_script/tut_airflow/env_airflow/lib/python3.9/site-packages/airflow/example_dags/example_sla_dag.py for tasks to queue
[2023-04-15T10:54:32.564+0700] {logging_mixin.py:137} INFO - [2023-04-15T10:54:32.564+0700] {dagbag.py:532} INFO - Filling up the DagBag from /home/ahyar/Documents/tut_folder/tut_python/python_script/tut_airflow/env_airflow/lib/python3.9/site-packages/airflow/example_dags/example_sla_dag.py
[2023-04-15T10:54:32.584+0700] {processor.py:753} INFO - DAG(s) dict_keys(['example_sla_dag']) retrieved from /home/ahyar/Documents/tut_folder/tut_python/python_script/tut_airflow/env_airflow/lib/python3.9/site-packages/airflow/example_dags/example_sla_dag.py
[2023-04-15T10:54:32.597+0700] {logging_mixin.py:137} INFO - [2023-04-15T10:54:32.597+0700] {dag.py:2705} INFO - Sync 1 DAGs
[2023-04-15T10:54:32.610+0700] {logging_mixin.py:137} INFO - [2023-04-15T10:54:32.610+0700] {dag.py:3452} INFO - Setting next_dagrun for example_sla_dag to 2023-04-15T03:52:00+00:00, run_after=2023-04-15T03:54:00+00:00
[2023-04-15T10:54:32.628+0700] {processor.py:175} INFO - Processing /home/ahyar/Documents/tut_folder/tut_python/python_script/tut_airflow/env_airflow/lib/python3.9/site-packages/airflow/example_dags/example_sla_dag.py took 0.068 seconds
[2023-04-15T10:55:18.234+0700] {processor.py:153} INFO - Started process (PID=18337) to work on /home/ahyar/Documents/tut_folder/tut_python/python_script/tut_airflow/env_airflow/lib/python3.9/site-packages/airflow/example_dags/example_sla_dag.py
[2023-04-15T10:55:18.235+0700] {processor.py:743} INFO - Processing file /home/ahyar/Documents/tut_folder/tut_python/python_script/tut_airflow/env_airflow/lib/python3.9/site-packages/airflow/example_dags/example_sla_dag.py for tasks to queue
[2023-04-15T10:55:18.235+0700] {logging_mixin.py:137} INFO - [2023-04-15T10:55:18.235+0700] {dagbag.py:532} INFO - Filling up the DagBag from /home/ahyar/Documents/tut_folder/tut_python/python_script/tut_airflow/env_airflow/lib/python3.9/site-packages/airflow/example_dags/example_sla_dag.py
[2023-04-15T10:55:18.264+0700] {processor.py:753} INFO - DAG(s) dict_keys(['example_sla_dag']) retrieved from /home/ahyar/Documents/tut_folder/tut_python/python_script/tut_airflow/env_airflow/lib/python3.9/site-packages/airflow/example_dags/example_sla_dag.py
[2023-04-15T10:55:18.278+0700] {logging_mixin.py:137} INFO - [2023-04-15T10:55:18.278+0700] {dag.py:2705} INFO - Sync 1 DAGs
[2023-04-15T10:55:18.293+0700] {logging_mixin.py:137} INFO - [2023-04-15T10:55:18.293+0700] {dag.py:3452} INFO - Setting next_dagrun for example_sla_dag to 2023-04-15T03:52:00+00:00, run_after=2023-04-15T03:54:00+00:00
[2023-04-15T10:55:18.314+0700] {processor.py:175} INFO - Processing /home/ahyar/Documents/tut_folder/tut_python/python_script/tut_airflow/env_airflow/lib/python3.9/site-packages/airflow/example_dags/example_sla_dag.py took 0.081 seconds
[2023-04-15T10:56:02.842+0700] {processor.py:153} INFO - Started process (PID=18449) to work on /home/ahyar/Documents/tut_folder/tut_python/python_script/tut_airflow/env_airflow/lib/python3.9/site-packages/airflow/example_dags/example_sla_dag.py
[2023-04-15T10:56:02.843+0700] {processor.py:743} INFO - Processing file /home/ahyar/Documents/tut_folder/tut_python/python_script/tut_airflow/env_airflow/lib/python3.9/site-packages/airflow/example_dags/example_sla_dag.py for tasks to queue
[2023-04-15T10:56:02.844+0700] {logging_mixin.py:137} INFO - [2023-04-15T10:56:02.844+0700] {dagbag.py:532} INFO - Filling up the DagBag from /home/ahyar/Documents/tut_folder/tut_python/python_script/tut_airflow/env_airflow/lib/python3.9/site-packages/airflow/example_dags/example_sla_dag.py
[2023-04-15T10:56:02.859+0700] {processor.py:753} INFO - DAG(s) dict_keys(['example_sla_dag']) retrieved from /home/ahyar/Documents/tut_folder/tut_python/python_script/tut_airflow/env_airflow/lib/python3.9/site-packages/airflow/example_dags/example_sla_dag.py
[2023-04-15T10:56:02.869+0700] {logging_mixin.py:137} INFO - [2023-04-15T10:56:02.869+0700] {dag.py:2705} INFO - Sync 1 DAGs
[2023-04-15T10:56:02.881+0700] {logging_mixin.py:137} INFO - [2023-04-15T10:56:02.881+0700] {dag.py:3452} INFO - Setting next_dagrun for example_sla_dag to 2023-04-15T03:54:00+00:00, run_after=2023-04-15T03:56:00+00:00
[2023-04-15T10:56:02.896+0700] {processor.py:175} INFO - Processing /home/ahyar/Documents/tut_folder/tut_python/python_script/tut_airflow/env_airflow/lib/python3.9/site-packages/airflow/example_dags/example_sla_dag.py took 0.057 seconds
[2023-04-15T10:56:44.623+0700] {processor.py:153} INFO - Started process (PID=18518) to work on /home/ahyar/Documents/tut_folder/tut_python/python_script/tut_airflow/env_airflow/lib/python3.9/site-packages/airflow/example_dags/example_sla_dag.py
[2023-04-15T10:56:44.625+0700] {processor.py:743} INFO - Processing file /home/ahyar/Documents/tut_folder/tut_python/python_script/tut_airflow/env_airflow/lib/python3.9/site-packages/airflow/example_dags/example_sla_dag.py for tasks to queue
[2023-04-15T10:56:44.626+0700] {logging_mixin.py:137} INFO - [2023-04-15T10:56:44.626+0700] {dagbag.py:532} INFO - Filling up the DagBag from /home/ahyar/Documents/tut_folder/tut_python/python_script/tut_airflow/env_airflow/lib/python3.9/site-packages/airflow/example_dags/example_sla_dag.py
[2023-04-15T10:56:44.654+0700] {processor.py:753} INFO - DAG(s) dict_keys(['example_sla_dag']) retrieved from /home/ahyar/Documents/tut_folder/tut_python/python_script/tut_airflow/env_airflow/lib/python3.9/site-packages/airflow/example_dags/example_sla_dag.py
[2023-04-15T10:56:44.665+0700] {logging_mixin.py:137} INFO - [2023-04-15T10:56:44.665+0700] {dag.py:2705} INFO - Sync 1 DAGs
[2023-04-15T10:56:44.679+0700] {logging_mixin.py:137} INFO - [2023-04-15T10:56:44.679+0700] {dag.py:3452} INFO - Setting next_dagrun for example_sla_dag to 2023-04-15T03:54:00+00:00, run_after=2023-04-15T03:56:00+00:00
[2023-04-15T10:56:44.694+0700] {processor.py:175} INFO - Processing /home/ahyar/Documents/tut_folder/tut_python/python_script/tut_airflow/env_airflow/lib/python3.9/site-packages/airflow/example_dags/example_sla_dag.py took 0.075 seconds
[2023-04-15T10:57:27.702+0700] {processor.py:153} INFO - Started process (PID=18598) to work on /home/ahyar/Documents/tut_folder/tut_python/python_script/tut_airflow/env_airflow/lib/python3.9/site-packages/airflow/example_dags/example_sla_dag.py
[2023-04-15T10:57:28.153+0700] {processor.py:743} INFO - Processing file /home/ahyar/Documents/tut_folder/tut_python/python_script/tut_airflow/env_airflow/lib/python3.9/site-packages/airflow/example_dags/example_sla_dag.py for tasks to queue
[2023-04-15T10:57:28.154+0700] {logging_mixin.py:137} INFO - [2023-04-15T10:57:28.154+0700] {dagbag.py:532} INFO - Filling up the DagBag from /home/ahyar/Documents/tut_folder/tut_python/python_script/tut_airflow/env_airflow/lib/python3.9/site-packages/airflow/example_dags/example_sla_dag.py
[2023-04-15T10:57:28.180+0700] {processor.py:753} INFO - DAG(s) dict_keys(['example_sla_dag']) retrieved from /home/ahyar/Documents/tut_folder/tut_python/python_script/tut_airflow/env_airflow/lib/python3.9/site-packages/airflow/example_dags/example_sla_dag.py
[2023-04-15T10:57:28.192+0700] {logging_mixin.py:137} INFO - [2023-04-15T10:57:28.192+0700] {dag.py:2705} INFO - Sync 1 DAGs
[2023-04-15T10:57:28.208+0700] {logging_mixin.py:137} INFO - [2023-04-15T10:57:28.208+0700] {dag.py:3452} INFO - Setting next_dagrun for example_sla_dag to 2023-04-15T03:54:00+00:00, run_after=2023-04-15T03:56:00+00:00
[2023-04-15T10:57:28.268+0700] {processor.py:175} INFO - Processing /home/ahyar/Documents/tut_folder/tut_python/python_script/tut_airflow/env_airflow/lib/python3.9/site-packages/airflow/example_dags/example_sla_dag.py took 0.571 seconds
[2023-04-15T10:58:14.918+0700] {processor.py:153} INFO - Started process (PID=18655) to work on /home/ahyar/Documents/tut_folder/tut_python/python_script/tut_airflow/env_airflow/lib/python3.9/site-packages/airflow/example_dags/example_sla_dag.py
[2023-04-15T10:58:14.919+0700] {processor.py:743} INFO - Processing file /home/ahyar/Documents/tut_folder/tut_python/python_script/tut_airflow/env_airflow/lib/python3.9/site-packages/airflow/example_dags/example_sla_dag.py for tasks to queue
[2023-04-15T10:58:14.920+0700] {logging_mixin.py:137} INFO - [2023-04-15T10:58:14.919+0700] {dagbag.py:532} INFO - Filling up the DagBag from /home/ahyar/Documents/tut_folder/tut_python/python_script/tut_airflow/env_airflow/lib/python3.9/site-packages/airflow/example_dags/example_sla_dag.py
[2023-04-15T10:58:14.942+0700] {processor.py:753} INFO - DAG(s) dict_keys(['example_sla_dag']) retrieved from /home/ahyar/Documents/tut_folder/tut_python/python_script/tut_airflow/env_airflow/lib/python3.9/site-packages/airflow/example_dags/example_sla_dag.py
[2023-04-15T10:58:14.954+0700] {logging_mixin.py:137} INFO - [2023-04-15T10:58:14.954+0700] {dag.py:2705} INFO - Sync 1 DAGs
[2023-04-15T10:58:14.973+0700] {logging_mixin.py:137} INFO - [2023-04-15T10:58:14.973+0700] {dag.py:3452} INFO - Setting next_dagrun for example_sla_dag to 2023-04-15T03:56:00+00:00, run_after=2023-04-15T03:58:00+00:00
[2023-04-15T10:58:14.992+0700] {processor.py:175} INFO - Processing /home/ahyar/Documents/tut_folder/tut_python/python_script/tut_airflow/env_airflow/lib/python3.9/site-packages/airflow/example_dags/example_sla_dag.py took 0.076 seconds
[2023-04-15T10:59:01.630+0700] {processor.py:153} INFO - Started process (PID=18867) to work on /home/ahyar/Documents/tut_folder/tut_python/python_script/tut_airflow/env_airflow/lib/python3.9/site-packages/airflow/example_dags/example_sla_dag.py
[2023-04-15T10:59:01.631+0700] {processor.py:743} INFO - Processing file /home/ahyar/Documents/tut_folder/tut_python/python_script/tut_airflow/env_airflow/lib/python3.9/site-packages/airflow/example_dags/example_sla_dag.py for tasks to queue
[2023-04-15T10:59:01.632+0700] {logging_mixin.py:137} INFO - [2023-04-15T10:59:01.632+0700] {dagbag.py:532} INFO - Filling up the DagBag from /home/ahyar/Documents/tut_folder/tut_python/python_script/tut_airflow/env_airflow/lib/python3.9/site-packages/airflow/example_dags/example_sla_dag.py
[2023-04-15T10:59:01.656+0700] {processor.py:753} INFO - DAG(s) dict_keys(['example_sla_dag']) retrieved from /home/ahyar/Documents/tut_folder/tut_python/python_script/tut_airflow/env_airflow/lib/python3.9/site-packages/airflow/example_dags/example_sla_dag.py
[2023-04-15T10:59:01.669+0700] {logging_mixin.py:137} INFO - [2023-04-15T10:59:01.668+0700] {dag.py:2705} INFO - Sync 1 DAGs
[2023-04-15T10:59:01.694+0700] {logging_mixin.py:137} INFO - [2023-04-15T10:59:01.694+0700] {dag.py:3452} INFO - Setting next_dagrun for example_sla_dag to 2023-04-15T03:56:00+00:00, run_after=2023-04-15T03:58:00+00:00
[2023-04-15T10:59:01.712+0700] {processor.py:175} INFO - Processing /home/ahyar/Documents/tut_folder/tut_python/python_script/tut_airflow/env_airflow/lib/python3.9/site-packages/airflow/example_dags/example_sla_dag.py took 0.085 seconds
[2023-04-15T11:02:33.190+0700] {processor.py:153} INFO - Started process (PID=21218) to work on /home/ahyar/Documents/tut_folder/tut_python/python_script/tut_airflow/env_airflow/lib/python3.9/site-packages/airflow/example_dags/example_sla_dag.py
[2023-04-15T11:02:33.191+0700] {processor.py:743} INFO - Processing file /home/ahyar/Documents/tut_folder/tut_python/python_script/tut_airflow/env_airflow/lib/python3.9/site-packages/airflow/example_dags/example_sla_dag.py for tasks to queue
[2023-04-15T11:02:33.191+0700] {logging_mixin.py:137} INFO - [2023-04-15T11:02:33.191+0700] {dagbag.py:532} INFO - Filling up the DagBag from /home/ahyar/Documents/tut_folder/tut_python/python_script/tut_airflow/env_airflow/lib/python3.9/site-packages/airflow/example_dags/example_sla_dag.py
[2023-04-15T11:02:33.208+0700] {processor.py:753} INFO - DAG(s) dict_keys(['example_sla_dag']) retrieved from /home/ahyar/Documents/tut_folder/tut_python/python_script/tut_airflow/env_airflow/lib/python3.9/site-packages/airflow/example_dags/example_sla_dag.py
[2023-04-15T11:02:33.218+0700] {logging_mixin.py:137} INFO - [2023-04-15T11:02:33.218+0700] {dag.py:2705} INFO - Sync 1 DAGs
[2023-04-15T11:02:33.230+0700] {logging_mixin.py:137} INFO - [2023-04-15T11:02:33.230+0700] {dag.py:3452} INFO - Setting next_dagrun for example_sla_dag to 2023-04-15T04:00:00+00:00, run_after=2023-04-15T04:02:00+00:00
[2023-04-15T11:02:33.243+0700] {processor.py:175} INFO - Processing /home/ahyar/Documents/tut_folder/tut_python/python_script/tut_airflow/env_airflow/lib/python3.9/site-packages/airflow/example_dags/example_sla_dag.py took 0.055 seconds
[2023-04-15T11:05:39.121+0700] {processor.py:153} INFO - Started process (PID=23416) to work on /home/ahyar/Documents/tut_folder/tut_python/python_script/tut_airflow/env_airflow/lib/python3.9/site-packages/airflow/example_dags/example_sla_dag.py
[2023-04-15T11:05:39.122+0700] {processor.py:743} INFO - Processing file /home/ahyar/Documents/tut_folder/tut_python/python_script/tut_airflow/env_airflow/lib/python3.9/site-packages/airflow/example_dags/example_sla_dag.py for tasks to queue
[2023-04-15T11:05:39.122+0700] {logging_mixin.py:137} INFO - [2023-04-15T11:05:39.122+0700] {dagbag.py:532} INFO - Filling up the DagBag from /home/ahyar/Documents/tut_folder/tut_python/python_script/tut_airflow/env_airflow/lib/python3.9/site-packages/airflow/example_dags/example_sla_dag.py
[2023-04-15T11:05:39.137+0700] {processor.py:753} INFO - DAG(s) dict_keys(['example_sla_dag']) retrieved from /home/ahyar/Documents/tut_folder/tut_python/python_script/tut_airflow/env_airflow/lib/python3.9/site-packages/airflow/example_dags/example_sla_dag.py
[2023-04-15T11:05:39.148+0700] {logging_mixin.py:137} INFO - [2023-04-15T11:05:39.148+0700] {dag.py:2705} INFO - Sync 1 DAGs
[2023-04-15T11:05:39.161+0700] {logging_mixin.py:137} INFO - [2023-04-15T11:05:39.161+0700] {dag.py:3452} INFO - Setting next_dagrun for example_sla_dag to 2023-04-15T04:02:00+00:00, run_after=2023-04-15T04:04:00+00:00
[2023-04-15T11:05:39.239+0700] {processor.py:175} INFO - Processing /home/ahyar/Documents/tut_folder/tut_python/python_script/tut_airflow/env_airflow/lib/python3.9/site-packages/airflow/example_dags/example_sla_dag.py took 0.121 seconds
