[2023-04-15T10:46:25.898+0700] {processor.py:153} INFO - Started process (PID=16313) to work on /home/ahyar/Documents/tut_folder/tut_python/python_script/tut_airflow/env_airflow/lib/python3.9/site-packages/airflow/example_dags/example_kubernetes_executor.py
[2023-04-15T10:46:25.898+0700] {processor.py:743} INFO - Processing file /home/ahyar/Documents/tut_folder/tut_python/python_script/tut_airflow/env_airflow/lib/python3.9/site-packages/airflow/example_dags/example_kubernetes_executor.py for tasks to queue
[2023-04-15T10:46:25.898+0700] {logging_mixin.py:137} INFO - [2023-04-15T10:46:25.898+0700] {dagbag.py:532} INFO - Filling up the DagBag from /home/ahyar/Documents/tut_folder/tut_python/python_script/tut_airflow/env_airflow/lib/python3.9/site-packages/airflow/example_dags/example_kubernetes_executor.py
[2023-04-15T10:46:25.906+0700] {logging_mixin.py:137} INFO - [2023-04-15T10:46:25.906+0700] {example_kubernetes_executor.py:41} WARNING - The example_kubernetes_executor example DAG requires the kubernetes provider. Please install it with: pip install apache-airflow[cncf.kubernetes]
[2023-04-15T10:46:25.906+0700] {processor.py:755} WARNING - No viable dags retrieved from /home/ahyar/Documents/tut_folder/tut_python/python_script/tut_airflow/env_airflow/lib/python3.9/site-packages/airflow/example_dags/example_kubernetes_executor.py
[2023-04-15T10:46:25.912+0700] {processor.py:175} INFO - Processing /home/ahyar/Documents/tut_folder/tut_python/python_script/tut_airflow/env_airflow/lib/python3.9/site-packages/airflow/example_dags/example_kubernetes_executor.py took 0.016 seconds
[2023-04-15T10:47:11.628+0700] {processor.py:153} INFO - Started process (PID=16564) to work on /home/ahyar/Documents/tut_folder/tut_python/python_script/tut_airflow/env_airflow/lib/python3.9/site-packages/airflow/example_dags/example_kubernetes_executor.py
[2023-04-15T10:47:11.757+0700] {processor.py:743} INFO - Processing file /home/ahyar/Documents/tut_folder/tut_python/python_script/tut_airflow/env_airflow/lib/python3.9/site-packages/airflow/example_dags/example_kubernetes_executor.py for tasks to queue
[2023-04-15T10:47:11.758+0700] {logging_mixin.py:137} INFO - [2023-04-15T10:47:11.758+0700] {dagbag.py:532} INFO - Filling up the DagBag from /home/ahyar/Documents/tut_folder/tut_python/python_script/tut_airflow/env_airflow/lib/python3.9/site-packages/airflow/example_dags/example_kubernetes_executor.py
[2023-04-15T10:47:11.777+0700] {logging_mixin.py:137} INFO - [2023-04-15T10:47:11.777+0700] {example_kubernetes_executor.py:41} WARNING - The example_kubernetes_executor example DAG requires the kubernetes provider. Please install it with: pip install apache-airflow[cncf.kubernetes]
[2023-04-15T10:47:11.777+0700] {processor.py:755} WARNING - No viable dags retrieved from /home/ahyar/Documents/tut_folder/tut_python/python_script/tut_airflow/env_airflow/lib/python3.9/site-packages/airflow/example_dags/example_kubernetes_executor.py
[2023-04-15T10:47:11.782+0700] {processor.py:175} INFO - Processing /home/ahyar/Documents/tut_folder/tut_python/python_script/tut_airflow/env_airflow/lib/python3.9/site-packages/airflow/example_dags/example_kubernetes_executor.py took 0.158 seconds
[2023-04-15T10:47:51.897+0700] {processor.py:153} INFO - Started process (PID=16771) to work on /home/ahyar/Documents/tut_folder/tut_python/python_script/tut_airflow/env_airflow/lib/python3.9/site-packages/airflow/example_dags/example_kubernetes_executor.py
[2023-04-15T10:47:51.898+0700] {processor.py:743} INFO - Processing file /home/ahyar/Documents/tut_folder/tut_python/python_script/tut_airflow/env_airflow/lib/python3.9/site-packages/airflow/example_dags/example_kubernetes_executor.py for tasks to queue
[2023-04-15T10:47:51.899+0700] {logging_mixin.py:137} INFO - [2023-04-15T10:47:51.899+0700] {dagbag.py:532} INFO - Filling up the DagBag from /home/ahyar/Documents/tut_folder/tut_python/python_script/tut_airflow/env_airflow/lib/python3.9/site-packages/airflow/example_dags/example_kubernetes_executor.py
[2023-04-15T10:47:51.910+0700] {logging_mixin.py:137} INFO - [2023-04-15T10:47:51.910+0700] {example_kubernetes_executor.py:41} WARNING - The example_kubernetes_executor example DAG requires the kubernetes provider. Please install it with: pip install apache-airflow[cncf.kubernetes]
[2023-04-15T10:47:51.910+0700] {processor.py:755} WARNING - No viable dags retrieved from /home/ahyar/Documents/tut_folder/tut_python/python_script/tut_airflow/env_airflow/lib/python3.9/site-packages/airflow/example_dags/example_kubernetes_executor.py
[2023-04-15T10:47:51.914+0700] {processor.py:175} INFO - Processing /home/ahyar/Documents/tut_folder/tut_python/python_script/tut_airflow/env_airflow/lib/python3.9/site-packages/airflow/example_dags/example_kubernetes_executor.py took 0.021 seconds
[2023-04-15T10:48:23.919+0700] {processor.py:153} INFO - Started process (PID=16981) to work on /home/ahyar/Documents/tut_folder/tut_python/python_script/tut_airflow/env_airflow/lib/python3.9/site-packages/airflow/example_dags/example_kubernetes_executor.py
[2023-04-15T10:48:23.920+0700] {processor.py:743} INFO - Processing file /home/ahyar/Documents/tut_folder/tut_python/python_script/tut_airflow/env_airflow/lib/python3.9/site-packages/airflow/example_dags/example_kubernetes_executor.py for tasks to queue
[2023-04-15T10:48:23.920+0700] {logging_mixin.py:137} INFO - [2023-04-15T10:48:23.920+0700] {dagbag.py:532} INFO - Filling up the DagBag from /home/ahyar/Documents/tut_folder/tut_python/python_script/tut_airflow/env_airflow/lib/python3.9/site-packages/airflow/example_dags/example_kubernetes_executor.py
[2023-04-15T10:48:23.929+0700] {logging_mixin.py:137} INFO - [2023-04-15T10:48:23.929+0700] {example_kubernetes_executor.py:41} WARNING - The example_kubernetes_executor example DAG requires the kubernetes provider. Please install it with: pip install apache-airflow[cncf.kubernetes]
[2023-04-15T10:48:23.929+0700] {processor.py:755} WARNING - No viable dags retrieved from /home/ahyar/Documents/tut_folder/tut_python/python_script/tut_airflow/env_airflow/lib/python3.9/site-packages/airflow/example_dags/example_kubernetes_executor.py
[2023-04-15T10:48:23.935+0700] {processor.py:175} INFO - Processing /home/ahyar/Documents/tut_folder/tut_python/python_script/tut_airflow/env_airflow/lib/python3.9/site-packages/airflow/example_dags/example_kubernetes_executor.py took 0.017 seconds
[2023-04-15T10:49:04.609+0700] {processor.py:153} INFO - Started process (PID=17314) to work on /home/ahyar/Documents/tut_folder/tut_python/python_script/tut_airflow/env_airflow/lib/python3.9/site-packages/airflow/example_dags/example_kubernetes_executor.py
[2023-04-15T10:49:04.610+0700] {processor.py:743} INFO - Processing file /home/ahyar/Documents/tut_folder/tut_python/python_script/tut_airflow/env_airflow/lib/python3.9/site-packages/airflow/example_dags/example_kubernetes_executor.py for tasks to queue
[2023-04-15T10:49:04.610+0700] {logging_mixin.py:137} INFO - [2023-04-15T10:49:04.610+0700] {dagbag.py:532} INFO - Filling up the DagBag from /home/ahyar/Documents/tut_folder/tut_python/python_script/tut_airflow/env_airflow/lib/python3.9/site-packages/airflow/example_dags/example_kubernetes_executor.py
[2023-04-15T10:49:04.630+0700] {logging_mixin.py:137} INFO - [2023-04-15T10:49:04.630+0700] {example_kubernetes_executor.py:41} WARNING - The example_kubernetes_executor example DAG requires the kubernetes provider. Please install it with: pip install apache-airflow[cncf.kubernetes]
[2023-04-15T10:49:04.630+0700] {processor.py:755} WARNING - No viable dags retrieved from /home/ahyar/Documents/tut_folder/tut_python/python_script/tut_airflow/env_airflow/lib/python3.9/site-packages/airflow/example_dags/example_kubernetes_executor.py
[2023-04-15T10:49:04.635+0700] {processor.py:175} INFO - Processing /home/ahyar/Documents/tut_folder/tut_python/python_script/tut_airflow/env_airflow/lib/python3.9/site-packages/airflow/example_dags/example_kubernetes_executor.py took 0.027 seconds
[2023-04-15T10:49:54.294+0700] {processor.py:153} INFO - Started process (PID=17524) to work on /home/ahyar/Documents/tut_folder/tut_python/python_script/tut_airflow/env_airflow/lib/python3.9/site-packages/airflow/example_dags/example_kubernetes_executor.py
[2023-04-15T10:49:54.295+0700] {processor.py:743} INFO - Processing file /home/ahyar/Documents/tut_folder/tut_python/python_script/tut_airflow/env_airflow/lib/python3.9/site-packages/airflow/example_dags/example_kubernetes_executor.py for tasks to queue
[2023-04-15T10:49:54.295+0700] {logging_mixin.py:137} INFO - [2023-04-15T10:49:54.295+0700] {dagbag.py:532} INFO - Filling up the DagBag from /home/ahyar/Documents/tut_folder/tut_python/python_script/tut_airflow/env_airflow/lib/python3.9/site-packages/airflow/example_dags/example_kubernetes_executor.py
[2023-04-15T10:49:54.311+0700] {logging_mixin.py:137} INFO - [2023-04-15T10:49:54.310+0700] {example_kubernetes_executor.py:41} WARNING - The example_kubernetes_executor example DAG requires the kubernetes provider. Please install it with: pip install apache-airflow[cncf.kubernetes]
[2023-04-15T10:49:54.311+0700] {processor.py:755} WARNING - No viable dags retrieved from /home/ahyar/Documents/tut_folder/tut_python/python_script/tut_airflow/env_airflow/lib/python3.9/site-packages/airflow/example_dags/example_kubernetes_executor.py
[2023-04-15T10:49:54.318+0700] {processor.py:175} INFO - Processing /home/ahyar/Documents/tut_folder/tut_python/python_script/tut_airflow/env_airflow/lib/python3.9/site-packages/airflow/example_dags/example_kubernetes_executor.py took 0.025 seconds
[2023-04-15T10:50:36.191+0700] {processor.py:153} INFO - Started process (PID=17744) to work on /home/ahyar/Documents/tut_folder/tut_python/python_script/tut_airflow/env_airflow/lib/python3.9/site-packages/airflow/example_dags/example_kubernetes_executor.py
[2023-04-15T10:50:36.193+0700] {processor.py:743} INFO - Processing file /home/ahyar/Documents/tut_folder/tut_python/python_script/tut_airflow/env_airflow/lib/python3.9/site-packages/airflow/example_dags/example_kubernetes_executor.py for tasks to queue
[2023-04-15T10:50:36.194+0700] {logging_mixin.py:137} INFO - [2023-04-15T10:50:36.193+0700] {dagbag.py:532} INFO - Filling up the DagBag from /home/ahyar/Documents/tut_folder/tut_python/python_script/tut_airflow/env_airflow/lib/python3.9/site-packages/airflow/example_dags/example_kubernetes_executor.py
[2023-04-15T10:50:36.219+0700] {logging_mixin.py:137} INFO - [2023-04-15T10:50:36.219+0700] {example_kubernetes_executor.py:41} WARNING - The example_kubernetes_executor example DAG requires the kubernetes provider. Please install it with: pip install apache-airflow[cncf.kubernetes]
[2023-04-15T10:50:36.219+0700] {processor.py:755} WARNING - No viable dags retrieved from /home/ahyar/Documents/tut_folder/tut_python/python_script/tut_airflow/env_airflow/lib/python3.9/site-packages/airflow/example_dags/example_kubernetes_executor.py
[2023-04-15T10:50:36.225+0700] {processor.py:175} INFO - Processing /home/ahyar/Documents/tut_folder/tut_python/python_script/tut_airflow/env_airflow/lib/python3.9/site-packages/airflow/example_dags/example_kubernetes_executor.py took 0.039 seconds
[2023-04-15T10:51:18.122+0700] {processor.py:153} INFO - Started process (PID=17827) to work on /home/ahyar/Documents/tut_folder/tut_python/python_script/tut_airflow/env_airflow/lib/python3.9/site-packages/airflow/example_dags/example_kubernetes_executor.py
[2023-04-15T10:51:18.123+0700] {processor.py:743} INFO - Processing file /home/ahyar/Documents/tut_folder/tut_python/python_script/tut_airflow/env_airflow/lib/python3.9/site-packages/airflow/example_dags/example_kubernetes_executor.py for tasks to queue
[2023-04-15T10:51:18.124+0700] {logging_mixin.py:137} INFO - [2023-04-15T10:51:18.124+0700] {dagbag.py:532} INFO - Filling up the DagBag from /home/ahyar/Documents/tut_folder/tut_python/python_script/tut_airflow/env_airflow/lib/python3.9/site-packages/airflow/example_dags/example_kubernetes_executor.py
[2023-04-15T10:51:18.138+0700] {logging_mixin.py:137} INFO - [2023-04-15T10:51:18.137+0700] {example_kubernetes_executor.py:41} WARNING - The example_kubernetes_executor example DAG requires the kubernetes provider. Please install it with: pip install apache-airflow[cncf.kubernetes]
[2023-04-15T10:51:18.138+0700] {processor.py:755} WARNING - No viable dags retrieved from /home/ahyar/Documents/tut_folder/tut_python/python_script/tut_airflow/env_airflow/lib/python3.9/site-packages/airflow/example_dags/example_kubernetes_executor.py
[2023-04-15T10:51:18.142+0700] {processor.py:175} INFO - Processing /home/ahyar/Documents/tut_folder/tut_python/python_script/tut_airflow/env_airflow/lib/python3.9/site-packages/airflow/example_dags/example_kubernetes_executor.py took 0.024 seconds
[2023-04-15T10:52:02.918+0700] {processor.py:153} INFO - Started process (PID=17900) to work on /home/ahyar/Documents/tut_folder/tut_python/python_script/tut_airflow/env_airflow/lib/python3.9/site-packages/airflow/example_dags/example_kubernetes_executor.py
[2023-04-15T10:52:02.920+0700] {processor.py:743} INFO - Processing file /home/ahyar/Documents/tut_folder/tut_python/python_script/tut_airflow/env_airflow/lib/python3.9/site-packages/airflow/example_dags/example_kubernetes_executor.py for tasks to queue
[2023-04-15T10:52:02.921+0700] {logging_mixin.py:137} INFO - [2023-04-15T10:52:02.921+0700] {dagbag.py:532} INFO - Filling up the DagBag from /home/ahyar/Documents/tut_folder/tut_python/python_script/tut_airflow/env_airflow/lib/python3.9/site-packages/airflow/example_dags/example_kubernetes_executor.py
[2023-04-15T10:52:02.945+0700] {logging_mixin.py:137} INFO - [2023-04-15T10:52:02.945+0700] {example_kubernetes_executor.py:41} WARNING - The example_kubernetes_executor example DAG requires the kubernetes provider. Please install it with: pip install apache-airflow[cncf.kubernetes]
[2023-04-15T10:52:02.945+0700] {processor.py:755} WARNING - No viable dags retrieved from /home/ahyar/Documents/tut_folder/tut_python/python_script/tut_airflow/env_airflow/lib/python3.9/site-packages/airflow/example_dags/example_kubernetes_executor.py
[2023-04-15T10:52:02.960+0700] {processor.py:175} INFO - Processing /home/ahyar/Documents/tut_folder/tut_python/python_script/tut_airflow/env_airflow/lib/python3.9/site-packages/airflow/example_dags/example_kubernetes_executor.py took 0.048 seconds
[2023-04-15T10:52:48.098+0700] {processor.py:153} INFO - Started process (PID=18065) to work on /home/ahyar/Documents/tut_folder/tut_python/python_script/tut_airflow/env_airflow/lib/python3.9/site-packages/airflow/example_dags/example_kubernetes_executor.py
[2023-04-15T10:52:48.102+0700] {processor.py:743} INFO - Processing file /home/ahyar/Documents/tut_folder/tut_python/python_script/tut_airflow/env_airflow/lib/python3.9/site-packages/airflow/example_dags/example_kubernetes_executor.py for tasks to queue
[2023-04-15T10:52:48.105+0700] {logging_mixin.py:137} INFO - [2023-04-15T10:52:48.105+0700] {dagbag.py:532} INFO - Filling up the DagBag from /home/ahyar/Documents/tut_folder/tut_python/python_script/tut_airflow/env_airflow/lib/python3.9/site-packages/airflow/example_dags/example_kubernetes_executor.py
[2023-04-15T10:52:48.126+0700] {logging_mixin.py:137} INFO - [2023-04-15T10:52:48.126+0700] {example_kubernetes_executor.py:41} WARNING - The example_kubernetes_executor example DAG requires the kubernetes provider. Please install it with: pip install apache-airflow[cncf.kubernetes]
[2023-04-15T10:52:48.126+0700] {processor.py:755} WARNING - No viable dags retrieved from /home/ahyar/Documents/tut_folder/tut_python/python_script/tut_airflow/env_airflow/lib/python3.9/site-packages/airflow/example_dags/example_kubernetes_executor.py
[2023-04-15T10:52:48.138+0700] {processor.py:175} INFO - Processing /home/ahyar/Documents/tut_folder/tut_python/python_script/tut_airflow/env_airflow/lib/python3.9/site-packages/airflow/example_dags/example_kubernetes_executor.py took 0.045 seconds
[2023-04-15T10:53:34.833+0700] {processor.py:153} INFO - Started process (PID=18167) to work on /home/ahyar/Documents/tut_folder/tut_python/python_script/tut_airflow/env_airflow/lib/python3.9/site-packages/airflow/example_dags/example_kubernetes_executor.py
[2023-04-15T10:53:34.836+0700] {processor.py:743} INFO - Processing file /home/ahyar/Documents/tut_folder/tut_python/python_script/tut_airflow/env_airflow/lib/python3.9/site-packages/airflow/example_dags/example_kubernetes_executor.py for tasks to queue
[2023-04-15T10:53:34.837+0700] {logging_mixin.py:137} INFO - [2023-04-15T10:53:34.837+0700] {dagbag.py:532} INFO - Filling up the DagBag from /home/ahyar/Documents/tut_folder/tut_python/python_script/tut_airflow/env_airflow/lib/python3.9/site-packages/airflow/example_dags/example_kubernetes_executor.py
[2023-04-15T10:53:34.862+0700] {logging_mixin.py:137} INFO - [2023-04-15T10:53:34.862+0700] {example_kubernetes_executor.py:41} WARNING - The example_kubernetes_executor example DAG requires the kubernetes provider. Please install it with: pip install apache-airflow[cncf.kubernetes]
[2023-04-15T10:53:34.863+0700] {processor.py:755} WARNING - No viable dags retrieved from /home/ahyar/Documents/tut_folder/tut_python/python_script/tut_airflow/env_airflow/lib/python3.9/site-packages/airflow/example_dags/example_kubernetes_executor.py
[2023-04-15T10:53:34.877+0700] {processor.py:175} INFO - Processing /home/ahyar/Documents/tut_folder/tut_python/python_script/tut_airflow/env_airflow/lib/python3.9/site-packages/airflow/example_dags/example_kubernetes_executor.py took 0.047 seconds
[2023-04-15T10:54:19.850+0700] {processor.py:153} INFO - Started process (PID=18252) to work on /home/ahyar/Documents/tut_folder/tut_python/python_script/tut_airflow/env_airflow/lib/python3.9/site-packages/airflow/example_dags/example_kubernetes_executor.py
[2023-04-15T10:54:19.851+0700] {processor.py:743} INFO - Processing file /home/ahyar/Documents/tut_folder/tut_python/python_script/tut_airflow/env_airflow/lib/python3.9/site-packages/airflow/example_dags/example_kubernetes_executor.py for tasks to queue
[2023-04-15T10:54:19.853+0700] {logging_mixin.py:137} INFO - [2023-04-15T10:54:19.853+0700] {dagbag.py:532} INFO - Filling up the DagBag from /home/ahyar/Documents/tut_folder/tut_python/python_script/tut_airflow/env_airflow/lib/python3.9/site-packages/airflow/example_dags/example_kubernetes_executor.py
[2023-04-15T10:54:19.877+0700] {logging_mixin.py:137} INFO - [2023-04-15T10:54:19.876+0700] {example_kubernetes_executor.py:41} WARNING - The example_kubernetes_executor example DAG requires the kubernetes provider. Please install it with: pip install apache-airflow[cncf.kubernetes]
[2023-04-15T10:54:19.877+0700] {processor.py:755} WARNING - No viable dags retrieved from /home/ahyar/Documents/tut_folder/tut_python/python_script/tut_airflow/env_airflow/lib/python3.9/site-packages/airflow/example_dags/example_kubernetes_executor.py
[2023-04-15T10:54:19.885+0700] {processor.py:175} INFO - Processing /home/ahyar/Documents/tut_folder/tut_python/python_script/tut_airflow/env_airflow/lib/python3.9/site-packages/airflow/example_dags/example_kubernetes_executor.py took 0.036 seconds
[2023-04-15T10:55:05.011+0700] {processor.py:153} INFO - Started process (PID=18325) to work on /home/ahyar/Documents/tut_folder/tut_python/python_script/tut_airflow/env_airflow/lib/python3.9/site-packages/airflow/example_dags/example_kubernetes_executor.py
[2023-04-15T10:55:05.387+0700] {processor.py:743} INFO - Processing file /home/ahyar/Documents/tut_folder/tut_python/python_script/tut_airflow/env_airflow/lib/python3.9/site-packages/airflow/example_dags/example_kubernetes_executor.py for tasks to queue
[2023-04-15T10:55:05.389+0700] {logging_mixin.py:137} INFO - [2023-04-15T10:55:05.388+0700] {dagbag.py:532} INFO - Filling up the DagBag from /home/ahyar/Documents/tut_folder/tut_python/python_script/tut_airflow/env_airflow/lib/python3.9/site-packages/airflow/example_dags/example_kubernetes_executor.py
[2023-04-15T10:55:05.410+0700] {logging_mixin.py:137} INFO - [2023-04-15T10:55:05.410+0700] {example_kubernetes_executor.py:41} WARNING - The example_kubernetes_executor example DAG requires the kubernetes provider. Please install it with: pip install apache-airflow[cncf.kubernetes]
[2023-04-15T10:55:05.410+0700] {processor.py:755} WARNING - No viable dags retrieved from /home/ahyar/Documents/tut_folder/tut_python/python_script/tut_airflow/env_airflow/lib/python3.9/site-packages/airflow/example_dags/example_kubernetes_executor.py
[2023-04-15T10:55:05.415+0700] {processor.py:175} INFO - Processing /home/ahyar/Documents/tut_folder/tut_python/python_script/tut_airflow/env_airflow/lib/python3.9/site-packages/airflow/example_dags/example_kubernetes_executor.py took 0.407 seconds
[2023-04-15T10:55:50.425+0700] {processor.py:153} INFO - Started process (PID=18434) to work on /home/ahyar/Documents/tut_folder/tut_python/python_script/tut_airflow/env_airflow/lib/python3.9/site-packages/airflow/example_dags/example_kubernetes_executor.py
[2023-04-15T10:55:50.426+0700] {processor.py:743} INFO - Processing file /home/ahyar/Documents/tut_folder/tut_python/python_script/tut_airflow/env_airflow/lib/python3.9/site-packages/airflow/example_dags/example_kubernetes_executor.py for tasks to queue
[2023-04-15T10:55:50.428+0700] {logging_mixin.py:137} INFO - [2023-04-15T10:55:50.428+0700] {dagbag.py:532} INFO - Filling up the DagBag from /home/ahyar/Documents/tut_folder/tut_python/python_script/tut_airflow/env_airflow/lib/python3.9/site-packages/airflow/example_dags/example_kubernetes_executor.py
[2023-04-15T10:55:50.448+0700] {logging_mixin.py:137} INFO - [2023-04-15T10:55:50.448+0700] {example_kubernetes_executor.py:41} WARNING - The example_kubernetes_executor example DAG requires the kubernetes provider. Please install it with: pip install apache-airflow[cncf.kubernetes]
[2023-04-15T10:55:50.448+0700] {processor.py:755} WARNING - No viable dags retrieved from /home/ahyar/Documents/tut_folder/tut_python/python_script/tut_airflow/env_airflow/lib/python3.9/site-packages/airflow/example_dags/example_kubernetes_executor.py
[2023-04-15T10:55:50.458+0700] {processor.py:175} INFO - Processing /home/ahyar/Documents/tut_folder/tut_python/python_script/tut_airflow/env_airflow/lib/python3.9/site-packages/airflow/example_dags/example_kubernetes_executor.py took 0.037 seconds
[2023-04-15T10:56:33.338+0700] {processor.py:153} INFO - Started process (PID=18487) to work on /home/ahyar/Documents/tut_folder/tut_python/python_script/tut_airflow/env_airflow/lib/python3.9/site-packages/airflow/example_dags/example_kubernetes_executor.py
[2023-04-15T10:56:33.339+0700] {processor.py:743} INFO - Processing file /home/ahyar/Documents/tut_folder/tut_python/python_script/tut_airflow/env_airflow/lib/python3.9/site-packages/airflow/example_dags/example_kubernetes_executor.py for tasks to queue
[2023-04-15T10:56:33.339+0700] {logging_mixin.py:137} INFO - [2023-04-15T10:56:33.339+0700] {dagbag.py:532} INFO - Filling up the DagBag from /home/ahyar/Documents/tut_folder/tut_python/python_script/tut_airflow/env_airflow/lib/python3.9/site-packages/airflow/example_dags/example_kubernetes_executor.py
[2023-04-15T10:56:33.350+0700] {logging_mixin.py:137} INFO - [2023-04-15T10:56:33.350+0700] {example_kubernetes_executor.py:41} WARNING - The example_kubernetes_executor example DAG requires the kubernetes provider. Please install it with: pip install apache-airflow[cncf.kubernetes]
[2023-04-15T10:56:33.350+0700] {processor.py:755} WARNING - No viable dags retrieved from /home/ahyar/Documents/tut_folder/tut_python/python_script/tut_airflow/env_airflow/lib/python3.9/site-packages/airflow/example_dags/example_kubernetes_executor.py
[2023-04-15T10:56:33.355+0700] {processor.py:175} INFO - Processing /home/ahyar/Documents/tut_folder/tut_python/python_script/tut_airflow/env_airflow/lib/python3.9/site-packages/airflow/example_dags/example_kubernetes_executor.py took 0.021 seconds
[2023-04-15T10:57:16.231+0700] {processor.py:153} INFO - Started process (PID=18568) to work on /home/ahyar/Documents/tut_folder/tut_python/python_script/tut_airflow/env_airflow/lib/python3.9/site-packages/airflow/example_dags/example_kubernetes_executor.py
[2023-04-15T10:57:16.232+0700] {processor.py:743} INFO - Processing file /home/ahyar/Documents/tut_folder/tut_python/python_script/tut_airflow/env_airflow/lib/python3.9/site-packages/airflow/example_dags/example_kubernetes_executor.py for tasks to queue
[2023-04-15T10:57:16.233+0700] {logging_mixin.py:137} INFO - [2023-04-15T10:57:16.233+0700] {dagbag.py:532} INFO - Filling up the DagBag from /home/ahyar/Documents/tut_folder/tut_python/python_script/tut_airflow/env_airflow/lib/python3.9/site-packages/airflow/example_dags/example_kubernetes_executor.py
[2023-04-15T10:57:16.268+0700] {logging_mixin.py:137} INFO - [2023-04-15T10:57:16.268+0700] {example_kubernetes_executor.py:41} WARNING - The example_kubernetes_executor example DAG requires the kubernetes provider. Please install it with: pip install apache-airflow[cncf.kubernetes]
[2023-04-15T10:57:16.269+0700] {processor.py:755} WARNING - No viable dags retrieved from /home/ahyar/Documents/tut_folder/tut_python/python_script/tut_airflow/env_airflow/lib/python3.9/site-packages/airflow/example_dags/example_kubernetes_executor.py
[2023-04-15T10:57:16.286+0700] {processor.py:175} INFO - Processing /home/ahyar/Documents/tut_folder/tut_python/python_script/tut_airflow/env_airflow/lib/python3.9/site-packages/airflow/example_dags/example_kubernetes_executor.py took 0.060 seconds
[2023-04-15T10:58:01.874+0700] {processor.py:153} INFO - Started process (PID=18640) to work on /home/ahyar/Documents/tut_folder/tut_python/python_script/tut_airflow/env_airflow/lib/python3.9/site-packages/airflow/example_dags/example_kubernetes_executor.py
[2023-04-15T10:58:01.877+0700] {processor.py:743} INFO - Processing file /home/ahyar/Documents/tut_folder/tut_python/python_script/tut_airflow/env_airflow/lib/python3.9/site-packages/airflow/example_dags/example_kubernetes_executor.py for tasks to queue
[2023-04-15T10:58:01.879+0700] {logging_mixin.py:137} INFO - [2023-04-15T10:58:01.879+0700] {dagbag.py:532} INFO - Filling up the DagBag from /home/ahyar/Documents/tut_folder/tut_python/python_script/tut_airflow/env_airflow/lib/python3.9/site-packages/airflow/example_dags/example_kubernetes_executor.py
[2023-04-15T10:58:01.912+0700] {logging_mixin.py:137} INFO - [2023-04-15T10:58:01.912+0700] {example_kubernetes_executor.py:41} WARNING - The example_kubernetes_executor example DAG requires the kubernetes provider. Please install it with: pip install apache-airflow[cncf.kubernetes]
[2023-04-15T10:58:01.913+0700] {processor.py:755} WARNING - No viable dags retrieved from /home/ahyar/Documents/tut_folder/tut_python/python_script/tut_airflow/env_airflow/lib/python3.9/site-packages/airflow/example_dags/example_kubernetes_executor.py
[2023-04-15T10:58:01.924+0700] {processor.py:175} INFO - Processing /home/ahyar/Documents/tut_folder/tut_python/python_script/tut_airflow/env_airflow/lib/python3.9/site-packages/airflow/example_dags/example_kubernetes_executor.py took 0.058 seconds
[2023-04-15T10:58:49.394+0700] {processor.py:153} INFO - Started process (PID=18793) to work on /home/ahyar/Documents/tut_folder/tut_python/python_script/tut_airflow/env_airflow/lib/python3.9/site-packages/airflow/example_dags/example_kubernetes_executor.py
[2023-04-15T10:58:49.397+0700] {processor.py:743} INFO - Processing file /home/ahyar/Documents/tut_folder/tut_python/python_script/tut_airflow/env_airflow/lib/python3.9/site-packages/airflow/example_dags/example_kubernetes_executor.py for tasks to queue
[2023-04-15T10:58:49.398+0700] {logging_mixin.py:137} INFO - [2023-04-15T10:58:49.398+0700] {dagbag.py:532} INFO - Filling up the DagBag from /home/ahyar/Documents/tut_folder/tut_python/python_script/tut_airflow/env_airflow/lib/python3.9/site-packages/airflow/example_dags/example_kubernetes_executor.py
[2023-04-15T10:58:49.431+0700] {logging_mixin.py:137} INFO - [2023-04-15T10:58:49.431+0700] {example_kubernetes_executor.py:41} WARNING - The example_kubernetes_executor example DAG requires the kubernetes provider. Please install it with: pip install apache-airflow[cncf.kubernetes]
[2023-04-15T10:58:49.431+0700] {processor.py:755} WARNING - No viable dags retrieved from /home/ahyar/Documents/tut_folder/tut_python/python_script/tut_airflow/env_airflow/lib/python3.9/site-packages/airflow/example_dags/example_kubernetes_executor.py
[2023-04-15T10:58:49.442+0700] {processor.py:175} INFO - Processing /home/ahyar/Documents/tut_folder/tut_python/python_script/tut_airflow/env_airflow/lib/python3.9/site-packages/airflow/example_dags/example_kubernetes_executor.py took 0.052 seconds
[2023-04-15T11:01:40.157+0700] {processor.py:153} INFO - Started process (PID=20567) to work on /home/ahyar/Documents/tut_folder/tut_python/python_script/tut_airflow/env_airflow/lib/python3.9/site-packages/airflow/example_dags/example_kubernetes_executor.py
[2023-04-15T11:01:40.158+0700] {processor.py:743} INFO - Processing file /home/ahyar/Documents/tut_folder/tut_python/python_script/tut_airflow/env_airflow/lib/python3.9/site-packages/airflow/example_dags/example_kubernetes_executor.py for tasks to queue
[2023-04-15T11:01:40.159+0700] {logging_mixin.py:137} INFO - [2023-04-15T11:01:40.159+0700] {dagbag.py:532} INFO - Filling up the DagBag from /home/ahyar/Documents/tut_folder/tut_python/python_script/tut_airflow/env_airflow/lib/python3.9/site-packages/airflow/example_dags/example_kubernetes_executor.py
[2023-04-15T11:01:40.172+0700] {logging_mixin.py:137} INFO - [2023-04-15T11:01:40.172+0700] {example_kubernetes_executor.py:41} WARNING - The example_kubernetes_executor example DAG requires the kubernetes provider. Please install it with: pip install apache-airflow[cncf.kubernetes]
[2023-04-15T11:01:40.172+0700] {processor.py:755} WARNING - No viable dags retrieved from /home/ahyar/Documents/tut_folder/tut_python/python_script/tut_airflow/env_airflow/lib/python3.9/site-packages/airflow/example_dags/example_kubernetes_executor.py
[2023-04-15T11:01:40.178+0700] {processor.py:175} INFO - Processing /home/ahyar/Documents/tut_folder/tut_python/python_script/tut_airflow/env_airflow/lib/python3.9/site-packages/airflow/example_dags/example_kubernetes_executor.py took 0.023 seconds
[2023-04-15T11:04:52.427+0700] {processor.py:153} INFO - Started process (PID=22898) to work on /home/ahyar/Documents/tut_folder/tut_python/python_script/tut_airflow/env_airflow/lib/python3.9/site-packages/airflow/example_dags/example_kubernetes_executor.py
[2023-04-15T11:04:52.428+0700] {processor.py:743} INFO - Processing file /home/ahyar/Documents/tut_folder/tut_python/python_script/tut_airflow/env_airflow/lib/python3.9/site-packages/airflow/example_dags/example_kubernetes_executor.py for tasks to queue
[2023-04-15T11:04:52.429+0700] {logging_mixin.py:137} INFO - [2023-04-15T11:04:52.429+0700] {dagbag.py:532} INFO - Filling up the DagBag from /home/ahyar/Documents/tut_folder/tut_python/python_script/tut_airflow/env_airflow/lib/python3.9/site-packages/airflow/example_dags/example_kubernetes_executor.py
[2023-04-15T11:04:52.441+0700] {logging_mixin.py:137} INFO - [2023-04-15T11:04:52.441+0700] {example_kubernetes_executor.py:41} WARNING - The example_kubernetes_executor example DAG requires the kubernetes provider. Please install it with: pip install apache-airflow[cncf.kubernetes]
[2023-04-15T11:04:52.441+0700] {processor.py:755} WARNING - No viable dags retrieved from /home/ahyar/Documents/tut_folder/tut_python/python_script/tut_airflow/env_airflow/lib/python3.9/site-packages/airflow/example_dags/example_kubernetes_executor.py
[2023-04-15T11:04:52.446+0700] {processor.py:175} INFO - Processing /home/ahyar/Documents/tut_folder/tut_python/python_script/tut_airflow/env_airflow/lib/python3.9/site-packages/airflow/example_dags/example_kubernetes_executor.py took 0.022 seconds
