[2023-04-15T10:47:03.902+0700] {processor.py:153} INFO - Started process (PID=16527) to work on /home/ahyar/Documents/tut_folder/tut_python/python_script/tut_airflow/env_airflow/lib/python3.9/site-packages/airflow/example_dags/example_branch_operator.py
[2023-04-15T10:47:03.903+0700] {processor.py:743} INFO - Processing file /home/ahyar/Documents/tut_folder/tut_python/python_script/tut_airflow/env_airflow/lib/python3.9/site-packages/airflow/example_dags/example_branch_operator.py for tasks to queue
[2023-04-15T10:47:03.903+0700] {logging_mixin.py:137} INFO - [2023-04-15T10:47:03.903+0700] {dagbag.py:532} INFO - Filling up the DagBag from /home/ahyar/Documents/tut_folder/tut_python/python_script/tut_airflow/env_airflow/lib/python3.9/site-packages/airflow/example_dags/example_branch_operator.py
[2023-04-15T10:47:03.922+0700] {processor.py:753} INFO - DAG(s) dict_keys(['example_branch_operator']) retrieved from /home/ahyar/Documents/tut_folder/tut_python/python_script/tut_airflow/env_airflow/lib/python3.9/site-packages/airflow/example_dags/example_branch_operator.py
[2023-04-15T10:47:04.024+0700] {logging_mixin.py:137} INFO - [2023-04-15T10:47:04.023+0700] {manager.py:504} INFO - Created Permission View: can read on DAG:example_branch_operator
[2023-04-15T10:47:04.035+0700] {logging_mixin.py:137} INFO - [2023-04-15T10:47:04.035+0700] {manager.py:504} INFO - Created Permission View: can edit on DAG:example_branch_operator
[2023-04-15T10:47:04.044+0700] {logging_mixin.py:137} INFO - [2023-04-15T10:47:04.044+0700] {manager.py:504} INFO - Created Permission View: can delete on DAG:example_branch_operator
[2023-04-15T10:47:04.044+0700] {logging_mixin.py:137} INFO - [2023-04-15T10:47:04.044+0700] {dag.py:2705} INFO - Sync 1 DAGs
[2023-04-15T10:47:04.053+0700] {logging_mixin.py:137} INFO - [2023-04-15T10:47:04.052+0700] {dag.py:2726} INFO - Creating ORM DAG for example_branch_operator
[2023-04-15T10:47:04.061+0700] {logging_mixin.py:137} INFO - [2023-04-15T10:47:04.061+0700] {dag.py:3452} INFO - Setting next_dagrun for example_branch_operator to 2023-04-14T00:00:00+00:00, run_after=2023-04-15T00:00:00+00:00
[2023-04-15T10:47:04.088+0700] {processor.py:175} INFO - Processing /home/ahyar/Documents/tut_folder/tut_python/python_script/tut_airflow/env_airflow/lib/python3.9/site-packages/airflow/example_dags/example_branch_operator.py took 0.187 seconds
[2023-04-15T10:47:45.000+0700] {processor.py:153} INFO - Started process (PID=16653) to work on /home/ahyar/Documents/tut_folder/tut_python/python_script/tut_airflow/env_airflow/lib/python3.9/site-packages/airflow/example_dags/example_branch_operator.py
[2023-04-15T10:47:45.001+0700] {processor.py:743} INFO - Processing file /home/ahyar/Documents/tut_folder/tut_python/python_script/tut_airflow/env_airflow/lib/python3.9/site-packages/airflow/example_dags/example_branch_operator.py for tasks to queue
[2023-04-15T10:47:45.001+0700] {logging_mixin.py:137} INFO - [2023-04-15T10:47:45.001+0700] {dagbag.py:532} INFO - Filling up the DagBag from /home/ahyar/Documents/tut_folder/tut_python/python_script/tut_airflow/env_airflow/lib/python3.9/site-packages/airflow/example_dags/example_branch_operator.py
[2023-04-15T10:47:45.013+0700] {processor.py:753} INFO - DAG(s) dict_keys(['example_branch_operator']) retrieved from /home/ahyar/Documents/tut_folder/tut_python/python_script/tut_airflow/env_airflow/lib/python3.9/site-packages/airflow/example_dags/example_branch_operator.py
[2023-04-15T10:47:45.024+0700] {logging_mixin.py:137} INFO - [2023-04-15T10:47:45.024+0700] {dag.py:2705} INFO - Sync 1 DAGs
[2023-04-15T10:47:45.036+0700] {logging_mixin.py:137} INFO - [2023-04-15T10:47:45.035+0700] {dag.py:3452} INFO - Setting next_dagrun for example_branch_operator to 2023-04-14T00:00:00+00:00, run_after=2023-04-15T00:00:00+00:00
[2023-04-15T10:47:45.050+0700] {processor.py:175} INFO - Processing /home/ahyar/Documents/tut_folder/tut_python/python_script/tut_airflow/env_airflow/lib/python3.9/site-packages/airflow/example_dags/example_branch_operator.py took 0.051 seconds
[2023-04-15T10:48:56.263+0700] {processor.py:153} INFO - Started process (PID=17255) to work on /home/ahyar/Documents/tut_folder/tut_python/python_script/tut_airflow/env_airflow/lib/python3.9/site-packages/airflow/example_dags/example_branch_operator.py
[2023-04-15T10:48:56.264+0700] {processor.py:743} INFO - Processing file /home/ahyar/Documents/tut_folder/tut_python/python_script/tut_airflow/env_airflow/lib/python3.9/site-packages/airflow/example_dags/example_branch_operator.py for tasks to queue
[2023-04-15T10:48:56.264+0700] {logging_mixin.py:137} INFO - [2023-04-15T10:48:56.264+0700] {dagbag.py:532} INFO - Filling up the DagBag from /home/ahyar/Documents/tut_folder/tut_python/python_script/tut_airflow/env_airflow/lib/python3.9/site-packages/airflow/example_dags/example_branch_operator.py
[2023-04-15T10:48:56.278+0700] {processor.py:753} INFO - DAG(s) dict_keys(['example_branch_operator']) retrieved from /home/ahyar/Documents/tut_folder/tut_python/python_script/tut_airflow/env_airflow/lib/python3.9/site-packages/airflow/example_dags/example_branch_operator.py
[2023-04-15T10:48:56.292+0700] {logging_mixin.py:137} INFO - [2023-04-15T10:48:56.292+0700] {dag.py:2705} INFO - Sync 1 DAGs
[2023-04-15T10:48:56.306+0700] {logging_mixin.py:137} INFO - [2023-04-15T10:48:56.306+0700] {dag.py:3452} INFO - Setting next_dagrun for example_branch_operator to 2023-04-14T00:00:00+00:00, run_after=2023-04-15T00:00:00+00:00
[2023-04-15T10:48:56.327+0700] {processor.py:175} INFO - Processing /home/ahyar/Documents/tut_folder/tut_python/python_script/tut_airflow/env_airflow/lib/python3.9/site-packages/airflow/example_dags/example_branch_operator.py took 0.066 seconds
[2023-04-15T10:49:47.563+0700] {processor.py:153} INFO - Started process (PID=17482) to work on /home/ahyar/Documents/tut_folder/tut_python/python_script/tut_airflow/env_airflow/lib/python3.9/site-packages/airflow/example_dags/example_branch_operator.py
[2023-04-15T10:49:47.564+0700] {processor.py:743} INFO - Processing file /home/ahyar/Documents/tut_folder/tut_python/python_script/tut_airflow/env_airflow/lib/python3.9/site-packages/airflow/example_dags/example_branch_operator.py for tasks to queue
[2023-04-15T10:49:47.564+0700] {logging_mixin.py:137} INFO - [2023-04-15T10:49:47.564+0700] {dagbag.py:532} INFO - Filling up the DagBag from /home/ahyar/Documents/tut_folder/tut_python/python_script/tut_airflow/env_airflow/lib/python3.9/site-packages/airflow/example_dags/example_branch_operator.py
[2023-04-15T10:49:47.590+0700] {processor.py:753} INFO - DAG(s) dict_keys(['example_branch_operator']) retrieved from /home/ahyar/Documents/tut_folder/tut_python/python_script/tut_airflow/env_airflow/lib/python3.9/site-packages/airflow/example_dags/example_branch_operator.py
[2023-04-15T10:49:47.608+0700] {logging_mixin.py:137} INFO - [2023-04-15T10:49:47.608+0700] {dag.py:2705} INFO - Sync 1 DAGs
[2023-04-15T10:49:47.624+0700] {logging_mixin.py:137} INFO - [2023-04-15T10:49:47.624+0700] {dag.py:3452} INFO - Setting next_dagrun for example_branch_operator to 2023-04-14T00:00:00+00:00, run_after=2023-04-15T00:00:00+00:00
[2023-04-15T10:49:47.652+0700] {processor.py:175} INFO - Processing /home/ahyar/Documents/tut_folder/tut_python/python_script/tut_airflow/env_airflow/lib/python3.9/site-packages/airflow/example_dags/example_branch_operator.py took 0.092 seconds
[2023-04-15T10:50:30.228+0700] {processor.py:153} INFO - Started process (PID=17735) to work on /home/ahyar/Documents/tut_folder/tut_python/python_script/tut_airflow/env_airflow/lib/python3.9/site-packages/airflow/example_dags/example_branch_operator.py
[2023-04-15T10:50:30.229+0700] {processor.py:743} INFO - Processing file /home/ahyar/Documents/tut_folder/tut_python/python_script/tut_airflow/env_airflow/lib/python3.9/site-packages/airflow/example_dags/example_branch_operator.py for tasks to queue
[2023-04-15T10:50:30.230+0700] {logging_mixin.py:137} INFO - [2023-04-15T10:50:30.230+0700] {dagbag.py:532} INFO - Filling up the DagBag from /home/ahyar/Documents/tut_folder/tut_python/python_script/tut_airflow/env_airflow/lib/python3.9/site-packages/airflow/example_dags/example_branch_operator.py
[2023-04-15T10:50:30.245+0700] {processor.py:753} INFO - DAG(s) dict_keys(['example_branch_operator']) retrieved from /home/ahyar/Documents/tut_folder/tut_python/python_script/tut_airflow/env_airflow/lib/python3.9/site-packages/airflow/example_dags/example_branch_operator.py
[2023-04-15T10:50:30.256+0700] {logging_mixin.py:137} INFO - [2023-04-15T10:50:30.256+0700] {dag.py:2705} INFO - Sync 1 DAGs
[2023-04-15T10:50:30.267+0700] {logging_mixin.py:137} INFO - [2023-04-15T10:50:30.267+0700] {dag.py:3452} INFO - Setting next_dagrun for example_branch_operator to 2023-04-14T00:00:00+00:00, run_after=2023-04-15T00:00:00+00:00
[2023-04-15T10:50:30.281+0700] {processor.py:175} INFO - Processing /home/ahyar/Documents/tut_folder/tut_python/python_script/tut_airflow/env_airflow/lib/python3.9/site-packages/airflow/example_dags/example_branch_operator.py took 0.058 seconds
[2023-04-15T10:51:11.819+0700] {processor.py:153} INFO - Started process (PID=17819) to work on /home/ahyar/Documents/tut_folder/tut_python/python_script/tut_airflow/env_airflow/lib/python3.9/site-packages/airflow/example_dags/example_branch_operator.py
[2023-04-15T10:51:11.819+0700] {processor.py:743} INFO - Processing file /home/ahyar/Documents/tut_folder/tut_python/python_script/tut_airflow/env_airflow/lib/python3.9/site-packages/airflow/example_dags/example_branch_operator.py for tasks to queue
[2023-04-15T10:51:11.820+0700] {logging_mixin.py:137} INFO - [2023-04-15T10:51:11.820+0700] {dagbag.py:532} INFO - Filling up the DagBag from /home/ahyar/Documents/tut_folder/tut_python/python_script/tut_airflow/env_airflow/lib/python3.9/site-packages/airflow/example_dags/example_branch_operator.py
[2023-04-15T10:51:11.833+0700] {processor.py:753} INFO - DAG(s) dict_keys(['example_branch_operator']) retrieved from /home/ahyar/Documents/tut_folder/tut_python/python_script/tut_airflow/env_airflow/lib/python3.9/site-packages/airflow/example_dags/example_branch_operator.py
[2023-04-15T10:51:11.844+0700] {logging_mixin.py:137} INFO - [2023-04-15T10:51:11.844+0700] {dag.py:2705} INFO - Sync 1 DAGs
[2023-04-15T10:51:11.855+0700] {logging_mixin.py:137} INFO - [2023-04-15T10:51:11.855+0700] {dag.py:3452} INFO - Setting next_dagrun for example_branch_operator to 2023-04-14T00:00:00+00:00, run_after=2023-04-15T00:00:00+00:00
[2023-04-15T10:51:11.868+0700] {processor.py:175} INFO - Processing /home/ahyar/Documents/tut_folder/tut_python/python_script/tut_airflow/env_airflow/lib/python3.9/site-packages/airflow/example_dags/example_branch_operator.py took 0.051 seconds
[2023-04-15T10:51:55.376+0700] {processor.py:153} INFO - Started process (PID=17884) to work on /home/ahyar/Documents/tut_folder/tut_python/python_script/tut_airflow/env_airflow/lib/python3.9/site-packages/airflow/example_dags/example_branch_operator.py
[2023-04-15T10:51:55.380+0700] {processor.py:743} INFO - Processing file /home/ahyar/Documents/tut_folder/tut_python/python_script/tut_airflow/env_airflow/lib/python3.9/site-packages/airflow/example_dags/example_branch_operator.py for tasks to queue
[2023-04-15T10:51:55.381+0700] {logging_mixin.py:137} INFO - [2023-04-15T10:51:55.381+0700] {dagbag.py:532} INFO - Filling up the DagBag from /home/ahyar/Documents/tut_folder/tut_python/python_script/tut_airflow/env_airflow/lib/python3.9/site-packages/airflow/example_dags/example_branch_operator.py
[2023-04-15T10:51:55.401+0700] {processor.py:753} INFO - DAG(s) dict_keys(['example_branch_operator']) retrieved from /home/ahyar/Documents/tut_folder/tut_python/python_script/tut_airflow/env_airflow/lib/python3.9/site-packages/airflow/example_dags/example_branch_operator.py
[2023-04-15T10:51:55.423+0700] {logging_mixin.py:137} INFO - [2023-04-15T10:51:55.423+0700] {dag.py:2705} INFO - Sync 1 DAGs
[2023-04-15T10:51:55.449+0700] {logging_mixin.py:137} INFO - [2023-04-15T10:51:55.449+0700] {dag.py:3452} INFO - Setting next_dagrun for example_branch_operator to 2023-04-14T00:00:00+00:00, run_after=2023-04-15T00:00:00+00:00
[2023-04-15T10:51:55.471+0700] {processor.py:175} INFO - Processing /home/ahyar/Documents/tut_folder/tut_python/python_script/tut_airflow/env_airflow/lib/python3.9/site-packages/airflow/example_dags/example_branch_operator.py took 0.100 seconds
[2023-04-15T10:52:40.569+0700] {processor.py:153} INFO - Started process (PID=18054) to work on /home/ahyar/Documents/tut_folder/tut_python/python_script/tut_airflow/env_airflow/lib/python3.9/site-packages/airflow/example_dags/example_branch_operator.py
[2023-04-15T10:52:40.570+0700] {processor.py:743} INFO - Processing file /home/ahyar/Documents/tut_folder/tut_python/python_script/tut_airflow/env_airflow/lib/python3.9/site-packages/airflow/example_dags/example_branch_operator.py for tasks to queue
[2023-04-15T10:52:40.571+0700] {logging_mixin.py:137} INFO - [2023-04-15T10:52:40.571+0700] {dagbag.py:532} INFO - Filling up the DagBag from /home/ahyar/Documents/tut_folder/tut_python/python_script/tut_airflow/env_airflow/lib/python3.9/site-packages/airflow/example_dags/example_branch_operator.py
[2023-04-15T10:52:40.595+0700] {processor.py:753} INFO - DAG(s) dict_keys(['example_branch_operator']) retrieved from /home/ahyar/Documents/tut_folder/tut_python/python_script/tut_airflow/env_airflow/lib/python3.9/site-packages/airflow/example_dags/example_branch_operator.py
[2023-04-15T10:52:40.636+0700] {logging_mixin.py:137} INFO - [2023-04-15T10:52:40.635+0700] {dag.py:2705} INFO - Sync 1 DAGs
[2023-04-15T10:52:40.674+0700] {logging_mixin.py:137} INFO - [2023-04-15T10:52:40.674+0700] {dag.py:3452} INFO - Setting next_dagrun for example_branch_operator to 2023-04-14T00:00:00+00:00, run_after=2023-04-15T00:00:00+00:00
[2023-04-15T10:52:40.713+0700] {processor.py:175} INFO - Processing /home/ahyar/Documents/tut_folder/tut_python/python_script/tut_airflow/env_airflow/lib/python3.9/site-packages/airflow/example_dags/example_branch_operator.py took 0.157 seconds
[2023-04-15T10:53:28.090+0700] {processor.py:153} INFO - Started process (PID=18159) to work on /home/ahyar/Documents/tut_folder/tut_python/python_script/tut_airflow/env_airflow/lib/python3.9/site-packages/airflow/example_dags/example_branch_operator.py
[2023-04-15T10:53:28.091+0700] {processor.py:743} INFO - Processing file /home/ahyar/Documents/tut_folder/tut_python/python_script/tut_airflow/env_airflow/lib/python3.9/site-packages/airflow/example_dags/example_branch_operator.py for tasks to queue
[2023-04-15T10:53:28.092+0700] {logging_mixin.py:137} INFO - [2023-04-15T10:53:28.092+0700] {dagbag.py:532} INFO - Filling up the DagBag from /home/ahyar/Documents/tut_folder/tut_python/python_script/tut_airflow/env_airflow/lib/python3.9/site-packages/airflow/example_dags/example_branch_operator.py
[2023-04-15T10:53:28.104+0700] {processor.py:753} INFO - DAG(s) dict_keys(['example_branch_operator']) retrieved from /home/ahyar/Documents/tut_folder/tut_python/python_script/tut_airflow/env_airflow/lib/python3.9/site-packages/airflow/example_dags/example_branch_operator.py
[2023-04-15T10:53:28.116+0700] {logging_mixin.py:137} INFO - [2023-04-15T10:53:28.116+0700] {dag.py:2705} INFO - Sync 1 DAGs
[2023-04-15T10:53:28.128+0700] {logging_mixin.py:137} INFO - [2023-04-15T10:53:28.128+0700] {dag.py:3452} INFO - Setting next_dagrun for example_branch_operator to 2023-04-14T00:00:00+00:00, run_after=2023-04-15T00:00:00+00:00
[2023-04-15T10:53:28.142+0700] {processor.py:175} INFO - Processing /home/ahyar/Documents/tut_folder/tut_python/python_script/tut_airflow/env_airflow/lib/python3.9/site-packages/airflow/example_dags/example_branch_operator.py took 0.056 seconds
[2023-04-15T10:54:12.968+0700] {processor.py:153} INFO - Started process (PID=18231) to work on /home/ahyar/Documents/tut_folder/tut_python/python_script/tut_airflow/env_airflow/lib/python3.9/site-packages/airflow/example_dags/example_branch_operator.py
[2023-04-15T10:54:12.970+0700] {processor.py:743} INFO - Processing file /home/ahyar/Documents/tut_folder/tut_python/python_script/tut_airflow/env_airflow/lib/python3.9/site-packages/airflow/example_dags/example_branch_operator.py for tasks to queue
[2023-04-15T10:54:12.971+0700] {logging_mixin.py:137} INFO - [2023-04-15T10:54:12.971+0700] {dagbag.py:532} INFO - Filling up the DagBag from /home/ahyar/Documents/tut_folder/tut_python/python_script/tut_airflow/env_airflow/lib/python3.9/site-packages/airflow/example_dags/example_branch_operator.py
[2023-04-15T10:54:13.003+0700] {processor.py:753} INFO - DAG(s) dict_keys(['example_branch_operator']) retrieved from /home/ahyar/Documents/tut_folder/tut_python/python_script/tut_airflow/env_airflow/lib/python3.9/site-packages/airflow/example_dags/example_branch_operator.py
[2023-04-15T10:54:13.027+0700] {logging_mixin.py:137} INFO - [2023-04-15T10:54:13.027+0700] {dag.py:2705} INFO - Sync 1 DAGs
[2023-04-15T10:54:13.049+0700] {logging_mixin.py:137} INFO - [2023-04-15T10:54:13.049+0700] {dag.py:3452} INFO - Setting next_dagrun for example_branch_operator to 2023-04-14T00:00:00+00:00, run_after=2023-04-15T00:00:00+00:00
[2023-04-15T10:54:13.072+0700] {processor.py:175} INFO - Processing /home/ahyar/Documents/tut_folder/tut_python/python_script/tut_airflow/env_airflow/lib/python3.9/site-packages/airflow/example_dags/example_branch_operator.py took 0.107 seconds
[2023-04-15T10:54:57.472+0700] {processor.py:153} INFO - Started process (PID=18315) to work on /home/ahyar/Documents/tut_folder/tut_python/python_script/tut_airflow/env_airflow/lib/python3.9/site-packages/airflow/example_dags/example_branch_operator.py
[2023-04-15T10:54:57.474+0700] {processor.py:743} INFO - Processing file /home/ahyar/Documents/tut_folder/tut_python/python_script/tut_airflow/env_airflow/lib/python3.9/site-packages/airflow/example_dags/example_branch_operator.py for tasks to queue
[2023-04-15T10:54:57.474+0700] {logging_mixin.py:137} INFO - [2023-04-15T10:54:57.474+0700] {dagbag.py:532} INFO - Filling up the DagBag from /home/ahyar/Documents/tut_folder/tut_python/python_script/tut_airflow/env_airflow/lib/python3.9/site-packages/airflow/example_dags/example_branch_operator.py
[2023-04-15T10:54:57.496+0700] {processor.py:753} INFO - DAG(s) dict_keys(['example_branch_operator']) retrieved from /home/ahyar/Documents/tut_folder/tut_python/python_script/tut_airflow/env_airflow/lib/python3.9/site-packages/airflow/example_dags/example_branch_operator.py
[2023-04-15T10:54:57.527+0700] {logging_mixin.py:137} INFO - [2023-04-15T10:54:57.526+0700] {dag.py:2705} INFO - Sync 1 DAGs
[2023-04-15T10:54:57.546+0700] {logging_mixin.py:137} INFO - [2023-04-15T10:54:57.546+0700] {dag.py:3452} INFO - Setting next_dagrun for example_branch_operator to 2023-04-14T00:00:00+00:00, run_after=2023-04-15T00:00:00+00:00
[2023-04-15T10:54:57.576+0700] {processor.py:175} INFO - Processing /home/ahyar/Documents/tut_folder/tut_python/python_script/tut_airflow/env_airflow/lib/python3.9/site-packages/airflow/example_dags/example_branch_operator.py took 0.111 seconds
[2023-04-15T10:55:43.304+0700] {processor.py:153} INFO - Started process (PID=18427) to work on /home/ahyar/Documents/tut_folder/tut_python/python_script/tut_airflow/env_airflow/lib/python3.9/site-packages/airflow/example_dags/example_branch_operator.py
[2023-04-15T10:55:43.305+0700] {processor.py:743} INFO - Processing file /home/ahyar/Documents/tut_folder/tut_python/python_script/tut_airflow/env_airflow/lib/python3.9/site-packages/airflow/example_dags/example_branch_operator.py for tasks to queue
[2023-04-15T10:55:43.306+0700] {logging_mixin.py:137} INFO - [2023-04-15T10:55:43.306+0700] {dagbag.py:532} INFO - Filling up the DagBag from /home/ahyar/Documents/tut_folder/tut_python/python_script/tut_airflow/env_airflow/lib/python3.9/site-packages/airflow/example_dags/example_branch_operator.py
[2023-04-15T10:55:43.330+0700] {processor.py:753} INFO - DAG(s) dict_keys(['example_branch_operator']) retrieved from /home/ahyar/Documents/tut_folder/tut_python/python_script/tut_airflow/env_airflow/lib/python3.9/site-packages/airflow/example_dags/example_branch_operator.py
[2023-04-15T10:55:43.349+0700] {logging_mixin.py:137} INFO - [2023-04-15T10:55:43.348+0700] {dag.py:2705} INFO - Sync 1 DAGs
[2023-04-15T10:55:43.367+0700] {logging_mixin.py:137} INFO - [2023-04-15T10:55:43.367+0700] {dag.py:3452} INFO - Setting next_dagrun for example_branch_operator to 2023-04-14T00:00:00+00:00, run_after=2023-04-15T00:00:00+00:00
[2023-04-15T10:55:43.388+0700] {processor.py:175} INFO - Processing /home/ahyar/Documents/tut_folder/tut_python/python_script/tut_airflow/env_airflow/lib/python3.9/site-packages/airflow/example_dags/example_branch_operator.py took 0.087 seconds
[2023-04-15T10:56:26.825+0700] {processor.py:153} INFO - Started process (PID=18480) to work on /home/ahyar/Documents/tut_folder/tut_python/python_script/tut_airflow/env_airflow/lib/python3.9/site-packages/airflow/example_dags/example_branch_operator.py
[2023-04-15T10:56:26.827+0700] {processor.py:743} INFO - Processing file /home/ahyar/Documents/tut_folder/tut_python/python_script/tut_airflow/env_airflow/lib/python3.9/site-packages/airflow/example_dags/example_branch_operator.py for tasks to queue
[2023-04-15T10:56:26.828+0700] {logging_mixin.py:137} INFO - [2023-04-15T10:56:26.827+0700] {dagbag.py:532} INFO - Filling up the DagBag from /home/ahyar/Documents/tut_folder/tut_python/python_script/tut_airflow/env_airflow/lib/python3.9/site-packages/airflow/example_dags/example_branch_operator.py
[2023-04-15T10:56:26.842+0700] {processor.py:753} INFO - DAG(s) dict_keys(['example_branch_operator']) retrieved from /home/ahyar/Documents/tut_folder/tut_python/python_script/tut_airflow/env_airflow/lib/python3.9/site-packages/airflow/example_dags/example_branch_operator.py
[2023-04-15T10:56:26.853+0700] {logging_mixin.py:137} INFO - [2023-04-15T10:56:26.853+0700] {dag.py:2705} INFO - Sync 1 DAGs
[2023-04-15T10:56:26.864+0700] {logging_mixin.py:137} INFO - [2023-04-15T10:56:26.864+0700] {dag.py:3452} INFO - Setting next_dagrun for example_branch_operator to 2023-04-14T00:00:00+00:00, run_after=2023-04-15T00:00:00+00:00
[2023-04-15T10:56:26.877+0700] {processor.py:175} INFO - Processing /home/ahyar/Documents/tut_folder/tut_python/python_script/tut_airflow/env_airflow/lib/python3.9/site-packages/airflow/example_dags/example_branch_operator.py took 0.056 seconds
[2023-04-15T10:57:08.624+0700] {processor.py:153} INFO - Started process (PID=18560) to work on /home/ahyar/Documents/tut_folder/tut_python/python_script/tut_airflow/env_airflow/lib/python3.9/site-packages/airflow/example_dags/example_branch_operator.py
[2023-04-15T10:57:08.633+0700] {processor.py:743} INFO - Processing file /home/ahyar/Documents/tut_folder/tut_python/python_script/tut_airflow/env_airflow/lib/python3.9/site-packages/airflow/example_dags/example_branch_operator.py for tasks to queue
[2023-04-15T10:57:08.635+0700] {logging_mixin.py:137} INFO - [2023-04-15T10:57:08.635+0700] {dagbag.py:532} INFO - Filling up the DagBag from /home/ahyar/Documents/tut_folder/tut_python/python_script/tut_airflow/env_airflow/lib/python3.9/site-packages/airflow/example_dags/example_branch_operator.py
[2023-04-15T10:57:08.736+0700] {processor.py:753} INFO - DAG(s) dict_keys(['example_branch_operator']) retrieved from /home/ahyar/Documents/tut_folder/tut_python/python_script/tut_airflow/env_airflow/lib/python3.9/site-packages/airflow/example_dags/example_branch_operator.py
[2023-04-15T10:57:08.757+0700] {logging_mixin.py:137} INFO - [2023-04-15T10:57:08.756+0700] {dag.py:2705} INFO - Sync 1 DAGs
[2023-04-15T10:57:08.858+0700] {logging_mixin.py:137} INFO - [2023-04-15T10:57:08.858+0700] {dag.py:3452} INFO - Setting next_dagrun for example_branch_operator to 2023-04-14T00:00:00+00:00, run_after=2023-04-15T00:00:00+00:00
[2023-04-15T10:57:08.875+0700] {processor.py:175} INFO - Processing /home/ahyar/Documents/tut_folder/tut_python/python_script/tut_airflow/env_airflow/lib/python3.9/site-packages/airflow/example_dags/example_branch_operator.py took 0.594 seconds
[2023-04-15T10:57:52.720+0700] {processor.py:153} INFO - Started process (PID=18629) to work on /home/ahyar/Documents/tut_folder/tut_python/python_script/tut_airflow/env_airflow/lib/python3.9/site-packages/airflow/example_dags/example_branch_operator.py
[2023-04-15T10:57:52.721+0700] {processor.py:743} INFO - Processing file /home/ahyar/Documents/tut_folder/tut_python/python_script/tut_airflow/env_airflow/lib/python3.9/site-packages/airflow/example_dags/example_branch_operator.py for tasks to queue
[2023-04-15T10:57:52.721+0700] {logging_mixin.py:137} INFO - [2023-04-15T10:57:52.721+0700] {dagbag.py:532} INFO - Filling up the DagBag from /home/ahyar/Documents/tut_folder/tut_python/python_script/tut_airflow/env_airflow/lib/python3.9/site-packages/airflow/example_dags/example_branch_operator.py
[2023-04-15T10:57:52.734+0700] {processor.py:753} INFO - DAG(s) dict_keys(['example_branch_operator']) retrieved from /home/ahyar/Documents/tut_folder/tut_python/python_script/tut_airflow/env_airflow/lib/python3.9/site-packages/airflow/example_dags/example_branch_operator.py
[2023-04-15T10:57:52.750+0700] {logging_mixin.py:137} INFO - [2023-04-15T10:57:52.750+0700] {dag.py:2705} INFO - Sync 1 DAGs
[2023-04-15T10:57:52.767+0700] {logging_mixin.py:137} INFO - [2023-04-15T10:57:52.767+0700] {dag.py:3452} INFO - Setting next_dagrun for example_branch_operator to 2023-04-14T00:00:00+00:00, run_after=2023-04-15T00:00:00+00:00
[2023-04-15T10:57:52.783+0700] {processor.py:175} INFO - Processing /home/ahyar/Documents/tut_folder/tut_python/python_script/tut_airflow/env_airflow/lib/python3.9/site-packages/airflow/example_dags/example_branch_operator.py took 0.065 seconds
[2023-04-15T10:58:40.651+0700] {processor.py:153} INFO - Started process (PID=18780) to work on /home/ahyar/Documents/tut_folder/tut_python/python_script/tut_airflow/env_airflow/lib/python3.9/site-packages/airflow/example_dags/example_branch_operator.py
[2023-04-15T10:58:40.653+0700] {processor.py:743} INFO - Processing file /home/ahyar/Documents/tut_folder/tut_python/python_script/tut_airflow/env_airflow/lib/python3.9/site-packages/airflow/example_dags/example_branch_operator.py for tasks to queue
[2023-04-15T10:58:40.653+0700] {logging_mixin.py:137} INFO - [2023-04-15T10:58:40.653+0700] {dagbag.py:532} INFO - Filling up the DagBag from /home/ahyar/Documents/tut_folder/tut_python/python_script/tut_airflow/env_airflow/lib/python3.9/site-packages/airflow/example_dags/example_branch_operator.py
[2023-04-15T10:58:40.669+0700] {processor.py:753} INFO - DAG(s) dict_keys(['example_branch_operator']) retrieved from /home/ahyar/Documents/tut_folder/tut_python/python_script/tut_airflow/env_airflow/lib/python3.9/site-packages/airflow/example_dags/example_branch_operator.py
[2023-04-15T10:58:40.686+0700] {logging_mixin.py:137} INFO - [2023-04-15T10:58:40.685+0700] {dag.py:2705} INFO - Sync 1 DAGs
[2023-04-15T10:58:40.702+0700] {logging_mixin.py:137} INFO - [2023-04-15T10:58:40.702+0700] {dag.py:3452} INFO - Setting next_dagrun for example_branch_operator to 2023-04-14T00:00:00+00:00, run_after=2023-04-15T00:00:00+00:00
[2023-04-15T10:58:40.722+0700] {processor.py:175} INFO - Processing /home/ahyar/Documents/tut_folder/tut_python/python_script/tut_airflow/env_airflow/lib/python3.9/site-packages/airflow/example_dags/example_branch_operator.py took 0.074 seconds
[2023-04-15T11:00:49.900+0700] {processor.py:153} INFO - Started process (PID=20143) to work on /home/ahyar/Documents/tut_folder/tut_python/python_script/tut_airflow/env_airflow/lib/python3.9/site-packages/airflow/example_dags/example_branch_operator.py
[2023-04-15T11:00:49.904+0700] {processor.py:743} INFO - Processing file /home/ahyar/Documents/tut_folder/tut_python/python_script/tut_airflow/env_airflow/lib/python3.9/site-packages/airflow/example_dags/example_branch_operator.py for tasks to queue
[2023-04-15T11:00:49.906+0700] {logging_mixin.py:137} INFO - [2023-04-15T11:00:49.906+0700] {dagbag.py:532} INFO - Filling up the DagBag from /home/ahyar/Documents/tut_folder/tut_python/python_script/tut_airflow/env_airflow/lib/python3.9/site-packages/airflow/example_dags/example_branch_operator.py
[2023-04-15T11:00:49.939+0700] {processor.py:753} INFO - DAG(s) dict_keys(['example_branch_operator']) retrieved from /home/ahyar/Documents/tut_folder/tut_python/python_script/tut_airflow/env_airflow/lib/python3.9/site-packages/airflow/example_dags/example_branch_operator.py
[2023-04-15T11:00:49.975+0700] {logging_mixin.py:137} INFO - [2023-04-15T11:00:49.974+0700] {dag.py:2705} INFO - Sync 1 DAGs
[2023-04-15T11:00:50.010+0700] {logging_mixin.py:137} INFO - [2023-04-15T11:00:50.010+0700] {dag.py:3452} INFO - Setting next_dagrun for example_branch_operator to 2023-04-14T00:00:00+00:00, run_after=2023-04-15T00:00:00+00:00
[2023-04-15T11:00:50.056+0700] {processor.py:175} INFO - Processing /home/ahyar/Documents/tut_folder/tut_python/python_script/tut_airflow/env_airflow/lib/python3.9/site-packages/airflow/example_dags/example_branch_operator.py took 0.159 seconds
[2023-04-15T11:04:21.719+0700] {processor.py:153} INFO - Started process (PID=22603) to work on /home/ahyar/Documents/tut_folder/tut_python/python_script/tut_airflow/env_airflow/lib/python3.9/site-packages/airflow/example_dags/example_branch_operator.py
[2023-04-15T11:04:21.720+0700] {processor.py:743} INFO - Processing file /home/ahyar/Documents/tut_folder/tut_python/python_script/tut_airflow/env_airflow/lib/python3.9/site-packages/airflow/example_dags/example_branch_operator.py for tasks to queue
[2023-04-15T11:04:21.720+0700] {logging_mixin.py:137} INFO - [2023-04-15T11:04:21.720+0700] {dagbag.py:532} INFO - Filling up the DagBag from /home/ahyar/Documents/tut_folder/tut_python/python_script/tut_airflow/env_airflow/lib/python3.9/site-packages/airflow/example_dags/example_branch_operator.py
[2023-04-15T11:04:21.733+0700] {processor.py:753} INFO - DAG(s) dict_keys(['example_branch_operator']) retrieved from /home/ahyar/Documents/tut_folder/tut_python/python_script/tut_airflow/env_airflow/lib/python3.9/site-packages/airflow/example_dags/example_branch_operator.py
[2023-04-15T11:04:21.748+0700] {logging_mixin.py:137} INFO - [2023-04-15T11:04:21.748+0700] {dag.py:2705} INFO - Sync 1 DAGs
[2023-04-15T11:04:21.768+0700] {logging_mixin.py:137} INFO - [2023-04-15T11:04:21.768+0700] {dag.py:3452} INFO - Setting next_dagrun for example_branch_operator to 2023-04-14T00:00:00+00:00, run_after=2023-04-15T00:00:00+00:00
[2023-04-15T11:04:21.788+0700] {processor.py:175} INFO - Processing /home/ahyar/Documents/tut_folder/tut_python/python_script/tut_airflow/env_airflow/lib/python3.9/site-packages/airflow/example_dags/example_branch_operator.py took 0.071 seconds
