[2023-04-15T10:46:24.654+0700] {processor.py:153} INFO - Started process (PID=16299) to work on /home/ahyar/Documents/tut_folder/tut_python/python_script/tut_airflow/env_airflow/lib/python3.9/site-packages/airflow/example_dags/example_xcomargs.py
[2023-04-15T10:46:24.655+0700] {processor.py:743} INFO - Processing file /home/ahyar/Documents/tut_folder/tut_python/python_script/tut_airflow/env_airflow/lib/python3.9/site-packages/airflow/example_dags/example_xcomargs.py for tasks to queue
[2023-04-15T10:46:24.655+0700] {logging_mixin.py:137} INFO - [2023-04-15T10:46:24.655+0700] {dagbag.py:532} INFO - Filling up the DagBag from /home/ahyar/Documents/tut_folder/tut_python/python_script/tut_airflow/env_airflow/lib/python3.9/site-packages/airflow/example_dags/example_xcomargs.py
[2023-04-15T10:46:24.673+0700] {processor.py:753} INFO - DAG(s) dict_keys(['example_xcom_args_with_operators', 'example_xcom_args']) retrieved from /home/ahyar/Documents/tut_folder/tut_python/python_script/tut_airflow/env_airflow/lib/python3.9/site-packages/airflow/example_dags/example_xcomargs.py
[2023-04-15T10:46:24.730+0700] {logging_mixin.py:137} INFO - [2023-04-15T10:46:24.730+0700] {manager.py:504} INFO - Created Permission View: can read on DAG:example_xcom_args_with_operators
[2023-04-15T10:46:24.740+0700] {logging_mixin.py:137} INFO - [2023-04-15T10:46:24.740+0700] {manager.py:504} INFO - Created Permission View: can edit on DAG:example_xcom_args_with_operators
[2023-04-15T10:46:24.747+0700] {logging_mixin.py:137} INFO - [2023-04-15T10:46:24.747+0700] {manager.py:504} INFO - Created Permission View: can delete on DAG:example_xcom_args_with_operators
[2023-04-15T10:46:24.764+0700] {logging_mixin.py:137} INFO - [2023-04-15T10:46:24.764+0700] {manager.py:504} INFO - Created Permission View: can read on DAG:example_xcom_args
[2023-04-15T10:46:24.772+0700] {logging_mixin.py:137} INFO - [2023-04-15T10:46:24.772+0700] {manager.py:504} INFO - Created Permission View: can edit on DAG:example_xcom_args
[2023-04-15T10:46:24.781+0700] {logging_mixin.py:137} INFO - [2023-04-15T10:46:24.781+0700] {manager.py:504} INFO - Created Permission View: can delete on DAG:example_xcom_args
[2023-04-15T10:46:24.781+0700] {logging_mixin.py:137} INFO - [2023-04-15T10:46:24.781+0700] {dag.py:2705} INFO - Sync 2 DAGs
[2023-04-15T10:46:24.789+0700] {logging_mixin.py:137} INFO - [2023-04-15T10:46:24.789+0700] {dag.py:2726} INFO - Creating ORM DAG for example_xcom_args
[2023-04-15T10:46:24.789+0700] {logging_mixin.py:137} INFO - [2023-04-15T10:46:24.789+0700] {dag.py:2726} INFO - Creating ORM DAG for example_xcom_args_with_operators
[2023-04-15T10:46:24.794+0700] {logging_mixin.py:137} INFO - [2023-04-15T10:46:24.794+0700] {dag.py:3452} INFO - Setting next_dagrun for example_xcom_args to None, run_after=None
[2023-04-15T10:46:24.795+0700] {logging_mixin.py:137} INFO - [2023-04-15T10:46:24.795+0700] {dag.py:3452} INFO - Setting next_dagrun for example_xcom_args_with_operators to None, run_after=None
[2023-04-15T10:46:24.810+0700] {processor.py:175} INFO - Processing /home/ahyar/Documents/tut_folder/tut_python/python_script/tut_airflow/env_airflow/lib/python3.9/site-packages/airflow/example_dags/example_xcomargs.py took 0.158 seconds
[2023-04-15T10:47:10.391+0700] {processor.py:153} INFO - Started process (PID=16563) to work on /home/ahyar/Documents/tut_folder/tut_python/python_script/tut_airflow/env_airflow/lib/python3.9/site-packages/airflow/example_dags/example_xcomargs.py
[2023-04-15T10:47:10.485+0700] {processor.py:743} INFO - Processing file /home/ahyar/Documents/tut_folder/tut_python/python_script/tut_airflow/env_airflow/lib/python3.9/site-packages/airflow/example_dags/example_xcomargs.py for tasks to queue
[2023-04-15T10:47:10.485+0700] {logging_mixin.py:137} INFO - [2023-04-15T10:47:10.485+0700] {dagbag.py:532} INFO - Filling up the DagBag from /home/ahyar/Documents/tut_folder/tut_python/python_script/tut_airflow/env_airflow/lib/python3.9/site-packages/airflow/example_dags/example_xcomargs.py
[2023-04-15T10:47:10.502+0700] {processor.py:753} INFO - DAG(s) dict_keys(['example_xcom_args_with_operators', 'example_xcom_args']) retrieved from /home/ahyar/Documents/tut_folder/tut_python/python_script/tut_airflow/env_airflow/lib/python3.9/site-packages/airflow/example_dags/example_xcomargs.py
[2023-04-15T10:47:10.516+0700] {logging_mixin.py:137} INFO - [2023-04-15T10:47:10.516+0700] {dag.py:2705} INFO - Sync 2 DAGs
[2023-04-15T10:47:10.529+0700] {logging_mixin.py:137} INFO - [2023-04-15T10:47:10.529+0700] {dag.py:3452} INFO - Setting next_dagrun for example_xcom_args to None, run_after=None
[2023-04-15T10:47:10.531+0700] {logging_mixin.py:137} INFO - [2023-04-15T10:47:10.531+0700] {dag.py:3452} INFO - Setting next_dagrun for example_xcom_args_with_operators to None, run_after=None
[2023-04-15T10:47:10.545+0700] {processor.py:175} INFO - Processing /home/ahyar/Documents/tut_folder/tut_python/python_script/tut_airflow/env_airflow/lib/python3.9/site-packages/airflow/example_dags/example_xcomargs.py took 0.156 seconds
[2023-04-15T10:47:51.282+0700] {processor.py:153} INFO - Started process (PID=16752) to work on /home/ahyar/Documents/tut_folder/tut_python/python_script/tut_airflow/env_airflow/lib/python3.9/site-packages/airflow/example_dags/example_xcomargs.py
[2023-04-15T10:47:51.283+0700] {processor.py:743} INFO - Processing file /home/ahyar/Documents/tut_folder/tut_python/python_script/tut_airflow/env_airflow/lib/python3.9/site-packages/airflow/example_dags/example_xcomargs.py for tasks to queue
[2023-04-15T10:47:51.283+0700] {logging_mixin.py:137} INFO - [2023-04-15T10:47:51.283+0700] {dagbag.py:532} INFO - Filling up the DagBag from /home/ahyar/Documents/tut_folder/tut_python/python_script/tut_airflow/env_airflow/lib/python3.9/site-packages/airflow/example_dags/example_xcomargs.py
[2023-04-15T10:47:51.299+0700] {processor.py:753} INFO - DAG(s) dict_keys(['example_xcom_args', 'example_xcom_args_with_operators']) retrieved from /home/ahyar/Documents/tut_folder/tut_python/python_script/tut_airflow/env_airflow/lib/python3.9/site-packages/airflow/example_dags/example_xcomargs.py
[2023-04-15T10:47:51.311+0700] {logging_mixin.py:137} INFO - [2023-04-15T10:47:51.311+0700] {dag.py:2705} INFO - Sync 2 DAGs
[2023-04-15T10:47:51.322+0700] {logging_mixin.py:137} INFO - [2023-04-15T10:47:51.322+0700] {dag.py:3452} INFO - Setting next_dagrun for example_xcom_args to None, run_after=None
[2023-04-15T10:47:51.323+0700] {logging_mixin.py:137} INFO - [2023-04-15T10:47:51.323+0700] {dag.py:3452} INFO - Setting next_dagrun for example_xcom_args_with_operators to None, run_after=None
[2023-04-15T10:47:51.337+0700] {processor.py:175} INFO - Processing /home/ahyar/Documents/tut_folder/tut_python/python_script/tut_airflow/env_airflow/lib/python3.9/site-packages/airflow/example_dags/example_xcomargs.py took 0.058 seconds
[2023-04-15T10:48:22.794+0700] {processor.py:153} INFO - Started process (PID=16961) to work on /home/ahyar/Documents/tut_folder/tut_python/python_script/tut_airflow/env_airflow/lib/python3.9/site-packages/airflow/example_dags/example_xcomargs.py
[2023-04-15T10:48:22.795+0700] {processor.py:743} INFO - Processing file /home/ahyar/Documents/tut_folder/tut_python/python_script/tut_airflow/env_airflow/lib/python3.9/site-packages/airflow/example_dags/example_xcomargs.py for tasks to queue
[2023-04-15T10:48:22.795+0700] {logging_mixin.py:137} INFO - [2023-04-15T10:48:22.795+0700] {dagbag.py:532} INFO - Filling up the DagBag from /home/ahyar/Documents/tut_folder/tut_python/python_script/tut_airflow/env_airflow/lib/python3.9/site-packages/airflow/example_dags/example_xcomargs.py
[2023-04-15T10:48:22.814+0700] {processor.py:753} INFO - DAG(s) dict_keys(['example_xcom_args_with_operators', 'example_xcom_args']) retrieved from /home/ahyar/Documents/tut_folder/tut_python/python_script/tut_airflow/env_airflow/lib/python3.9/site-packages/airflow/example_dags/example_xcomargs.py
[2023-04-15T10:48:22.825+0700] {logging_mixin.py:137} INFO - [2023-04-15T10:48:22.825+0700] {dag.py:2705} INFO - Sync 2 DAGs
[2023-04-15T10:48:22.835+0700] {logging_mixin.py:137} INFO - [2023-04-15T10:48:22.835+0700] {dag.py:3452} INFO - Setting next_dagrun for example_xcom_args to None, run_after=None
[2023-04-15T10:48:22.837+0700] {logging_mixin.py:137} INFO - [2023-04-15T10:48:22.837+0700] {dag.py:3452} INFO - Setting next_dagrun for example_xcom_args_with_operators to None, run_after=None
[2023-04-15T10:48:22.849+0700] {processor.py:175} INFO - Processing /home/ahyar/Documents/tut_folder/tut_python/python_script/tut_airflow/env_airflow/lib/python3.9/site-packages/airflow/example_dags/example_xcomargs.py took 0.058 seconds
[2023-04-15T10:49:04.223+0700] {processor.py:153} INFO - Started process (PID=17311) to work on /home/ahyar/Documents/tut_folder/tut_python/python_script/tut_airflow/env_airflow/lib/python3.9/site-packages/airflow/example_dags/example_xcomargs.py
[2023-04-15T10:49:04.225+0700] {processor.py:743} INFO - Processing file /home/ahyar/Documents/tut_folder/tut_python/python_script/tut_airflow/env_airflow/lib/python3.9/site-packages/airflow/example_dags/example_xcomargs.py for tasks to queue
[2023-04-15T10:49:04.225+0700] {logging_mixin.py:137} INFO - [2023-04-15T10:49:04.225+0700] {dagbag.py:532} INFO - Filling up the DagBag from /home/ahyar/Documents/tut_folder/tut_python/python_script/tut_airflow/env_airflow/lib/python3.9/site-packages/airflow/example_dags/example_xcomargs.py
[2023-04-15T10:49:04.241+0700] {processor.py:753} INFO - DAG(s) dict_keys(['example_xcom_args_with_operators', 'example_xcom_args']) retrieved from /home/ahyar/Documents/tut_folder/tut_python/python_script/tut_airflow/env_airflow/lib/python3.9/site-packages/airflow/example_dags/example_xcomargs.py
[2023-04-15T10:49:04.259+0700] {logging_mixin.py:137} INFO - [2023-04-15T10:49:04.259+0700] {dag.py:2705} INFO - Sync 2 DAGs
[2023-04-15T10:49:04.305+0700] {logging_mixin.py:137} INFO - [2023-04-15T10:49:04.305+0700] {dag.py:3452} INFO - Setting next_dagrun for example_xcom_args to None, run_after=None
[2023-04-15T10:49:04.310+0700] {logging_mixin.py:137} INFO - [2023-04-15T10:49:04.309+0700] {dag.py:3452} INFO - Setting next_dagrun for example_xcom_args_with_operators to None, run_after=None
[2023-04-15T10:49:04.339+0700] {processor.py:175} INFO - Processing /home/ahyar/Documents/tut_folder/tut_python/python_script/tut_airflow/env_airflow/lib/python3.9/site-packages/airflow/example_dags/example_xcomargs.py took 0.118 seconds
[2023-04-15T10:49:53.241+0700] {processor.py:153} INFO - Started process (PID=17523) to work on /home/ahyar/Documents/tut_folder/tut_python/python_script/tut_airflow/env_airflow/lib/python3.9/site-packages/airflow/example_dags/example_xcomargs.py
[2023-04-15T10:49:53.242+0700] {processor.py:743} INFO - Processing file /home/ahyar/Documents/tut_folder/tut_python/python_script/tut_airflow/env_airflow/lib/python3.9/site-packages/airflow/example_dags/example_xcomargs.py for tasks to queue
[2023-04-15T10:49:53.243+0700] {logging_mixin.py:137} INFO - [2023-04-15T10:49:53.243+0700] {dagbag.py:532} INFO - Filling up the DagBag from /home/ahyar/Documents/tut_folder/tut_python/python_script/tut_airflow/env_airflow/lib/python3.9/site-packages/airflow/example_dags/example_xcomargs.py
[2023-04-15T10:49:53.275+0700] {processor.py:753} INFO - DAG(s) dict_keys(['example_xcom_args_with_operators', 'example_xcom_args']) retrieved from /home/ahyar/Documents/tut_folder/tut_python/python_script/tut_airflow/env_airflow/lib/python3.9/site-packages/airflow/example_dags/example_xcomargs.py
[2023-04-15T10:49:53.297+0700] {logging_mixin.py:137} INFO - [2023-04-15T10:49:53.297+0700] {dag.py:2705} INFO - Sync 2 DAGs
[2023-04-15T10:49:53.315+0700] {logging_mixin.py:137} INFO - [2023-04-15T10:49:53.315+0700] {dag.py:3452} INFO - Setting next_dagrun for example_xcom_args to None, run_after=None
[2023-04-15T10:49:53.317+0700] {logging_mixin.py:137} INFO - [2023-04-15T10:49:53.317+0700] {dag.py:3452} INFO - Setting next_dagrun for example_xcom_args_with_operators to None, run_after=None
[2023-04-15T10:49:53.345+0700] {processor.py:175} INFO - Processing /home/ahyar/Documents/tut_folder/tut_python/python_script/tut_airflow/env_airflow/lib/python3.9/site-packages/airflow/example_dags/example_xcomargs.py took 0.117 seconds
[2023-04-15T10:50:35.376+0700] {processor.py:153} INFO - Started process (PID=17743) to work on /home/ahyar/Documents/tut_folder/tut_python/python_script/tut_airflow/env_airflow/lib/python3.9/site-packages/airflow/example_dags/example_xcomargs.py
[2023-04-15T10:50:35.378+0700] {processor.py:743} INFO - Processing file /home/ahyar/Documents/tut_folder/tut_python/python_script/tut_airflow/env_airflow/lib/python3.9/site-packages/airflow/example_dags/example_xcomargs.py for tasks to queue
[2023-04-15T10:50:35.378+0700] {logging_mixin.py:137} INFO - [2023-04-15T10:50:35.378+0700] {dagbag.py:532} INFO - Filling up the DagBag from /home/ahyar/Documents/tut_folder/tut_python/python_script/tut_airflow/env_airflow/lib/python3.9/site-packages/airflow/example_dags/example_xcomargs.py
[2023-04-15T10:50:35.397+0700] {processor.py:753} INFO - DAG(s) dict_keys(['example_xcom_args', 'example_xcom_args_with_operators']) retrieved from /home/ahyar/Documents/tut_folder/tut_python/python_script/tut_airflow/env_airflow/lib/python3.9/site-packages/airflow/example_dags/example_xcomargs.py
[2023-04-15T10:50:35.409+0700] {logging_mixin.py:137} INFO - [2023-04-15T10:50:35.409+0700] {dag.py:2705} INFO - Sync 2 DAGs
[2023-04-15T10:50:35.420+0700] {logging_mixin.py:137} INFO - [2023-04-15T10:50:35.420+0700] {dag.py:3452} INFO - Setting next_dagrun for example_xcom_args to None, run_after=None
[2023-04-15T10:50:35.422+0700] {logging_mixin.py:137} INFO - [2023-04-15T10:50:35.421+0700] {dag.py:3452} INFO - Setting next_dagrun for example_xcom_args_with_operators to None, run_after=None
[2023-04-15T10:50:35.434+0700] {processor.py:175} INFO - Processing /home/ahyar/Documents/tut_folder/tut_python/python_script/tut_airflow/env_airflow/lib/python3.9/site-packages/airflow/example_dags/example_xcomargs.py took 0.062 seconds
[2023-04-15T10:51:16.967+0700] {processor.py:153} INFO - Started process (PID=17826) to work on /home/ahyar/Documents/tut_folder/tut_python/python_script/tut_airflow/env_airflow/lib/python3.9/site-packages/airflow/example_dags/example_xcomargs.py
[2023-04-15T10:51:16.968+0700] {processor.py:743} INFO - Processing file /home/ahyar/Documents/tut_folder/tut_python/python_script/tut_airflow/env_airflow/lib/python3.9/site-packages/airflow/example_dags/example_xcomargs.py for tasks to queue
[2023-04-15T10:51:16.968+0700] {logging_mixin.py:137} INFO - [2023-04-15T10:51:16.968+0700] {dagbag.py:532} INFO - Filling up the DagBag from /home/ahyar/Documents/tut_folder/tut_python/python_script/tut_airflow/env_airflow/lib/python3.9/site-packages/airflow/example_dags/example_xcomargs.py
[2023-04-15T10:51:16.983+0700] {processor.py:753} INFO - DAG(s) dict_keys(['example_xcom_args', 'example_xcom_args_with_operators']) retrieved from /home/ahyar/Documents/tut_folder/tut_python/python_script/tut_airflow/env_airflow/lib/python3.9/site-packages/airflow/example_dags/example_xcomargs.py
[2023-04-15T10:51:16.995+0700] {logging_mixin.py:137} INFO - [2023-04-15T10:51:16.995+0700] {dag.py:2705} INFO - Sync 2 DAGs
[2023-04-15T10:51:17.005+0700] {logging_mixin.py:137} INFO - [2023-04-15T10:51:17.005+0700] {dag.py:3452} INFO - Setting next_dagrun for example_xcom_args to None, run_after=None
[2023-04-15T10:51:17.007+0700] {logging_mixin.py:137} INFO - [2023-04-15T10:51:17.007+0700] {dag.py:3452} INFO - Setting next_dagrun for example_xcom_args_with_operators to None, run_after=None
[2023-04-15T10:51:17.020+0700] {processor.py:175} INFO - Processing /home/ahyar/Documents/tut_folder/tut_python/python_script/tut_airflow/env_airflow/lib/python3.9/site-packages/airflow/example_dags/example_xcomargs.py took 0.057 seconds
[2023-04-15T10:52:01.651+0700] {processor.py:153} INFO - Started process (PID=17898) to work on /home/ahyar/Documents/tut_folder/tut_python/python_script/tut_airflow/env_airflow/lib/python3.9/site-packages/airflow/example_dags/example_xcomargs.py
[2023-04-15T10:52:01.652+0700] {processor.py:743} INFO - Processing file /home/ahyar/Documents/tut_folder/tut_python/python_script/tut_airflow/env_airflow/lib/python3.9/site-packages/airflow/example_dags/example_xcomargs.py for tasks to queue
[2023-04-15T10:52:01.653+0700] {logging_mixin.py:137} INFO - [2023-04-15T10:52:01.652+0700] {dagbag.py:532} INFO - Filling up the DagBag from /home/ahyar/Documents/tut_folder/tut_python/python_script/tut_airflow/env_airflow/lib/python3.9/site-packages/airflow/example_dags/example_xcomargs.py
[2023-04-15T10:52:01.689+0700] {processor.py:753} INFO - DAG(s) dict_keys(['example_xcom_args', 'example_xcom_args_with_operators']) retrieved from /home/ahyar/Documents/tut_folder/tut_python/python_script/tut_airflow/env_airflow/lib/python3.9/site-packages/airflow/example_dags/example_xcomargs.py
[2023-04-15T10:52:01.730+0700] {logging_mixin.py:137} INFO - [2023-04-15T10:52:01.730+0700] {dag.py:2705} INFO - Sync 2 DAGs
[2023-04-15T10:52:01.764+0700] {logging_mixin.py:137} INFO - [2023-04-15T10:52:01.763+0700] {dag.py:3452} INFO - Setting next_dagrun for example_xcom_args to None, run_after=None
[2023-04-15T10:52:01.771+0700] {logging_mixin.py:137} INFO - [2023-04-15T10:52:01.771+0700] {dag.py:3452} INFO - Setting next_dagrun for example_xcom_args_with_operators to None, run_after=None
[2023-04-15T10:52:01.812+0700] {processor.py:175} INFO - Processing /home/ahyar/Documents/tut_folder/tut_python/python_script/tut_airflow/env_airflow/lib/python3.9/site-packages/airflow/example_dags/example_xcomargs.py took 0.165 seconds
[2023-04-15T10:52:46.832+0700] {processor.py:153} INFO - Started process (PID=18060) to work on /home/ahyar/Documents/tut_folder/tut_python/python_script/tut_airflow/env_airflow/lib/python3.9/site-packages/airflow/example_dags/example_xcomargs.py
[2023-04-15T10:52:46.834+0700] {processor.py:743} INFO - Processing file /home/ahyar/Documents/tut_folder/tut_python/python_script/tut_airflow/env_airflow/lib/python3.9/site-packages/airflow/example_dags/example_xcomargs.py for tasks to queue
[2023-04-15T10:52:46.837+0700] {logging_mixin.py:137} INFO - [2023-04-15T10:52:46.836+0700] {dagbag.py:532} INFO - Filling up the DagBag from /home/ahyar/Documents/tut_folder/tut_python/python_script/tut_airflow/env_airflow/lib/python3.9/site-packages/airflow/example_dags/example_xcomargs.py
[2023-04-15T10:52:46.874+0700] {processor.py:753} INFO - DAG(s) dict_keys(['example_xcom_args_with_operators', 'example_xcom_args']) retrieved from /home/ahyar/Documents/tut_folder/tut_python/python_script/tut_airflow/env_airflow/lib/python3.9/site-packages/airflow/example_dags/example_xcomargs.py
[2023-04-15T10:52:46.914+0700] {logging_mixin.py:137} INFO - [2023-04-15T10:52:46.913+0700] {dag.py:2705} INFO - Sync 2 DAGs
[2023-04-15T10:52:46.941+0700] {logging_mixin.py:137} INFO - [2023-04-15T10:52:46.941+0700] {dag.py:3452} INFO - Setting next_dagrun for example_xcom_args to None, run_after=None
[2023-04-15T10:52:46.948+0700] {logging_mixin.py:137} INFO - [2023-04-15T10:52:46.948+0700] {dag.py:3452} INFO - Setting next_dagrun for example_xcom_args_with_operators to None, run_after=None
[2023-04-15T10:52:46.992+0700] {processor.py:175} INFO - Processing /home/ahyar/Documents/tut_folder/tut_python/python_script/tut_airflow/env_airflow/lib/python3.9/site-packages/airflow/example_dags/example_xcomargs.py took 0.163 seconds
[2023-04-15T10:53:33.690+0700] {processor.py:153} INFO - Started process (PID=18166) to work on /home/ahyar/Documents/tut_folder/tut_python/python_script/tut_airflow/env_airflow/lib/python3.9/site-packages/airflow/example_dags/example_xcomargs.py
[2023-04-15T10:53:33.692+0700] {processor.py:743} INFO - Processing file /home/ahyar/Documents/tut_folder/tut_python/python_script/tut_airflow/env_airflow/lib/python3.9/site-packages/airflow/example_dags/example_xcomargs.py for tasks to queue
[2023-04-15T10:53:33.692+0700] {logging_mixin.py:137} INFO - [2023-04-15T10:53:33.692+0700] {dagbag.py:532} INFO - Filling up the DagBag from /home/ahyar/Documents/tut_folder/tut_python/python_script/tut_airflow/env_airflow/lib/python3.9/site-packages/airflow/example_dags/example_xcomargs.py
[2023-04-15T10:53:33.711+0700] {processor.py:753} INFO - DAG(s) dict_keys(['example_xcom_args_with_operators', 'example_xcom_args']) retrieved from /home/ahyar/Documents/tut_folder/tut_python/python_script/tut_airflow/env_airflow/lib/python3.9/site-packages/airflow/example_dags/example_xcomargs.py
[2023-04-15T10:53:33.726+0700] {logging_mixin.py:137} INFO - [2023-04-15T10:53:33.725+0700] {dag.py:2705} INFO - Sync 2 DAGs
[2023-04-15T10:53:33.738+0700] {logging_mixin.py:137} INFO - [2023-04-15T10:53:33.738+0700] {dag.py:3452} INFO - Setting next_dagrun for example_xcom_args to None, run_after=None
[2023-04-15T10:53:33.740+0700] {logging_mixin.py:137} INFO - [2023-04-15T10:53:33.740+0700] {dag.py:3452} INFO - Setting next_dagrun for example_xcom_args_with_operators to None, run_after=None
[2023-04-15T10:53:33.752+0700] {processor.py:175} INFO - Processing /home/ahyar/Documents/tut_folder/tut_python/python_script/tut_airflow/env_airflow/lib/python3.9/site-packages/airflow/example_dags/example_xcomargs.py took 0.066 seconds
[2023-04-15T10:54:19.505+0700] {processor.py:153} INFO - Started process (PID=18251) to work on /home/ahyar/Documents/tut_folder/tut_python/python_script/tut_airflow/env_airflow/lib/python3.9/site-packages/airflow/example_dags/example_xcomargs.py
[2023-04-15T10:54:19.505+0700] {processor.py:743} INFO - Processing file /home/ahyar/Documents/tut_folder/tut_python/python_script/tut_airflow/env_airflow/lib/python3.9/site-packages/airflow/example_dags/example_xcomargs.py for tasks to queue
[2023-04-15T10:54:19.506+0700] {logging_mixin.py:137} INFO - [2023-04-15T10:54:19.506+0700] {dagbag.py:532} INFO - Filling up the DagBag from /home/ahyar/Documents/tut_folder/tut_python/python_script/tut_airflow/env_airflow/lib/python3.9/site-packages/airflow/example_dags/example_xcomargs.py
[2023-04-15T10:54:19.529+0700] {processor.py:753} INFO - DAG(s) dict_keys(['example_xcom_args_with_operators', 'example_xcom_args']) retrieved from /home/ahyar/Documents/tut_folder/tut_python/python_script/tut_airflow/env_airflow/lib/python3.9/site-packages/airflow/example_dags/example_xcomargs.py
[2023-04-15T10:54:19.548+0700] {logging_mixin.py:137} INFO - [2023-04-15T10:54:19.548+0700] {dag.py:2705} INFO - Sync 2 DAGs
[2023-04-15T10:54:19.564+0700] {logging_mixin.py:137} INFO - [2023-04-15T10:54:19.564+0700] {dag.py:3452} INFO - Setting next_dagrun for example_xcom_args to None, run_after=None
[2023-04-15T10:54:19.565+0700] {logging_mixin.py:137} INFO - [2023-04-15T10:54:19.565+0700] {dag.py:3452} INFO - Setting next_dagrun for example_xcom_args_with_operators to None, run_after=None
[2023-04-15T10:54:19.580+0700] {processor.py:175} INFO - Processing /home/ahyar/Documents/tut_folder/tut_python/python_script/tut_airflow/env_airflow/lib/python3.9/site-packages/airflow/example_dags/example_xcomargs.py took 0.077 seconds
[2023-04-15T10:55:03.873+0700] {processor.py:153} INFO - Started process (PID=18323) to work on /home/ahyar/Documents/tut_folder/tut_python/python_script/tut_airflow/env_airflow/lib/python3.9/site-packages/airflow/example_dags/example_xcomargs.py
[2023-04-15T10:55:03.874+0700] {processor.py:743} INFO - Processing file /home/ahyar/Documents/tut_folder/tut_python/python_script/tut_airflow/env_airflow/lib/python3.9/site-packages/airflow/example_dags/example_xcomargs.py for tasks to queue
[2023-04-15T10:55:03.874+0700] {logging_mixin.py:137} INFO - [2023-04-15T10:55:03.874+0700] {dagbag.py:532} INFO - Filling up the DagBag from /home/ahyar/Documents/tut_folder/tut_python/python_script/tut_airflow/env_airflow/lib/python3.9/site-packages/airflow/example_dags/example_xcomargs.py
[2023-04-15T10:55:03.893+0700] {processor.py:753} INFO - DAG(s) dict_keys(['example_xcom_args', 'example_xcom_args_with_operators']) retrieved from /home/ahyar/Documents/tut_folder/tut_python/python_script/tut_airflow/env_airflow/lib/python3.9/site-packages/airflow/example_dags/example_xcomargs.py
[2023-04-15T10:55:03.911+0700] {logging_mixin.py:137} INFO - [2023-04-15T10:55:03.911+0700] {dag.py:2705} INFO - Sync 2 DAGs
[2023-04-15T10:55:03.924+0700] {logging_mixin.py:137} INFO - [2023-04-15T10:55:03.924+0700] {dag.py:3452} INFO - Setting next_dagrun for example_xcom_args to None, run_after=None
[2023-04-15T10:55:03.925+0700] {logging_mixin.py:137} INFO - [2023-04-15T10:55:03.925+0700] {dag.py:3452} INFO - Setting next_dagrun for example_xcom_args_with_operators to None, run_after=None
[2023-04-15T10:55:03.942+0700] {processor.py:175} INFO - Processing /home/ahyar/Documents/tut_folder/tut_python/python_script/tut_airflow/env_airflow/lib/python3.9/site-packages/airflow/example_dags/example_xcomargs.py took 0.071 seconds
[2023-04-15T10:55:49.597+0700] {processor.py:153} INFO - Started process (PID=18433) to work on /home/ahyar/Documents/tut_folder/tut_python/python_script/tut_airflow/env_airflow/lib/python3.9/site-packages/airflow/example_dags/example_xcomargs.py
[2023-04-15T10:55:49.598+0700] {processor.py:743} INFO - Processing file /home/ahyar/Documents/tut_folder/tut_python/python_script/tut_airflow/env_airflow/lib/python3.9/site-packages/airflow/example_dags/example_xcomargs.py for tasks to queue
[2023-04-15T10:55:49.599+0700] {logging_mixin.py:137} INFO - [2023-04-15T10:55:49.599+0700] {dagbag.py:532} INFO - Filling up the DagBag from /home/ahyar/Documents/tut_folder/tut_python/python_script/tut_airflow/env_airflow/lib/python3.9/site-packages/airflow/example_dags/example_xcomargs.py
[2023-04-15T10:55:49.613+0700] {processor.py:753} INFO - DAG(s) dict_keys(['example_xcom_args_with_operators', 'example_xcom_args']) retrieved from /home/ahyar/Documents/tut_folder/tut_python/python_script/tut_airflow/env_airflow/lib/python3.9/site-packages/airflow/example_dags/example_xcomargs.py
[2023-04-15T10:55:49.626+0700] {logging_mixin.py:137} INFO - [2023-04-15T10:55:49.626+0700] {dag.py:2705} INFO - Sync 2 DAGs
[2023-04-15T10:55:49.639+0700] {logging_mixin.py:137} INFO - [2023-04-15T10:55:49.639+0700] {dag.py:3452} INFO - Setting next_dagrun for example_xcom_args to None, run_after=None
[2023-04-15T10:55:49.640+0700] {logging_mixin.py:137} INFO - [2023-04-15T10:55:49.640+0700] {dag.py:3452} INFO - Setting next_dagrun for example_xcom_args_with_operators to None, run_after=None
[2023-04-15T10:55:49.654+0700] {processor.py:175} INFO - Processing /home/ahyar/Documents/tut_folder/tut_python/python_script/tut_airflow/env_airflow/lib/python3.9/site-packages/airflow/example_dags/example_xcomargs.py took 0.058 seconds
[2023-04-15T10:56:32.097+0700] {processor.py:153} INFO - Started process (PID=18486) to work on /home/ahyar/Documents/tut_folder/tut_python/python_script/tut_airflow/env_airflow/lib/python3.9/site-packages/airflow/example_dags/example_xcomargs.py
[2023-04-15T10:56:32.098+0700] {processor.py:743} INFO - Processing file /home/ahyar/Documents/tut_folder/tut_python/python_script/tut_airflow/env_airflow/lib/python3.9/site-packages/airflow/example_dags/example_xcomargs.py for tasks to queue
[2023-04-15T10:56:32.099+0700] {logging_mixin.py:137} INFO - [2023-04-15T10:56:32.099+0700] {dagbag.py:532} INFO - Filling up the DagBag from /home/ahyar/Documents/tut_folder/tut_python/python_script/tut_airflow/env_airflow/lib/python3.9/site-packages/airflow/example_dags/example_xcomargs.py
[2023-04-15T10:56:32.122+0700] {processor.py:753} INFO - DAG(s) dict_keys(['example_xcom_args', 'example_xcom_args_with_operators']) retrieved from /home/ahyar/Documents/tut_folder/tut_python/python_script/tut_airflow/env_airflow/lib/python3.9/site-packages/airflow/example_dags/example_xcomargs.py
[2023-04-15T10:56:32.146+0700] {logging_mixin.py:137} INFO - [2023-04-15T10:56:32.146+0700] {dag.py:2705} INFO - Sync 2 DAGs
[2023-04-15T10:56:32.172+0700] {logging_mixin.py:137} INFO - [2023-04-15T10:56:32.172+0700] {dag.py:3452} INFO - Setting next_dagrun for example_xcom_args to None, run_after=None
[2023-04-15T10:56:32.176+0700] {logging_mixin.py:137} INFO - [2023-04-15T10:56:32.176+0700] {dag.py:3452} INFO - Setting next_dagrun for example_xcom_args_with_operators to None, run_after=None
[2023-04-15T10:56:32.201+0700] {processor.py:175} INFO - Processing /home/ahyar/Documents/tut_folder/tut_python/python_script/tut_airflow/env_airflow/lib/python3.9/site-packages/airflow/example_dags/example_xcomargs.py took 0.107 seconds
[2023-04-15T10:57:15.672+0700] {processor.py:153} INFO - Started process (PID=18567) to work on /home/ahyar/Documents/tut_folder/tut_python/python_script/tut_airflow/env_airflow/lib/python3.9/site-packages/airflow/example_dags/example_xcomargs.py
[2023-04-15T10:57:15.673+0700] {processor.py:743} INFO - Processing file /home/ahyar/Documents/tut_folder/tut_python/python_script/tut_airflow/env_airflow/lib/python3.9/site-packages/airflow/example_dags/example_xcomargs.py for tasks to queue
[2023-04-15T10:57:15.674+0700] {logging_mixin.py:137} INFO - [2023-04-15T10:57:15.674+0700] {dagbag.py:532} INFO - Filling up the DagBag from /home/ahyar/Documents/tut_folder/tut_python/python_script/tut_airflow/env_airflow/lib/python3.9/site-packages/airflow/example_dags/example_xcomargs.py
[2023-04-15T10:57:15.694+0700] {processor.py:753} INFO - DAG(s) dict_keys(['example_xcom_args_with_operators', 'example_xcom_args']) retrieved from /home/ahyar/Documents/tut_folder/tut_python/python_script/tut_airflow/env_airflow/lib/python3.9/site-packages/airflow/example_dags/example_xcomargs.py
[2023-04-15T10:57:15.712+0700] {logging_mixin.py:137} INFO - [2023-04-15T10:57:15.712+0700] {dag.py:2705} INFO - Sync 2 DAGs
[2023-04-15T10:57:15.732+0700] {logging_mixin.py:137} INFO - [2023-04-15T10:57:15.732+0700] {dag.py:3452} INFO - Setting next_dagrun for example_xcom_args to None, run_after=None
[2023-04-15T10:57:15.734+0700] {logging_mixin.py:137} INFO - [2023-04-15T10:57:15.734+0700] {dag.py:3452} INFO - Setting next_dagrun for example_xcom_args_with_operators to None, run_after=None
[2023-04-15T10:57:15.750+0700] {processor.py:175} INFO - Processing /home/ahyar/Documents/tut_folder/tut_python/python_script/tut_airflow/env_airflow/lib/python3.9/site-packages/airflow/example_dags/example_xcomargs.py took 0.080 seconds
[2023-04-15T10:58:00.621+0700] {processor.py:153} INFO - Started process (PID=18635) to work on /home/ahyar/Documents/tut_folder/tut_python/python_script/tut_airflow/env_airflow/lib/python3.9/site-packages/airflow/example_dags/example_xcomargs.py
[2023-04-15T10:58:00.622+0700] {processor.py:743} INFO - Processing file /home/ahyar/Documents/tut_folder/tut_python/python_script/tut_airflow/env_airflow/lib/python3.9/site-packages/airflow/example_dags/example_xcomargs.py for tasks to queue
[2023-04-15T10:58:00.626+0700] {logging_mixin.py:137} INFO - [2023-04-15T10:58:00.625+0700] {dagbag.py:532} INFO - Filling up the DagBag from /home/ahyar/Documents/tut_folder/tut_python/python_script/tut_airflow/env_airflow/lib/python3.9/site-packages/airflow/example_dags/example_xcomargs.py
[2023-04-15T10:58:00.653+0700] {processor.py:753} INFO - DAG(s) dict_keys(['example_xcom_args_with_operators', 'example_xcom_args']) retrieved from /home/ahyar/Documents/tut_folder/tut_python/python_script/tut_airflow/env_airflow/lib/python3.9/site-packages/airflow/example_dags/example_xcomargs.py
[2023-04-15T10:58:00.680+0700] {logging_mixin.py:137} INFO - [2023-04-15T10:58:00.680+0700] {dag.py:2705} INFO - Sync 2 DAGs
[2023-04-15T10:58:00.736+0700] {logging_mixin.py:137} INFO - [2023-04-15T10:58:00.736+0700] {dag.py:3452} INFO - Setting next_dagrun for example_xcom_args to None, run_after=None
[2023-04-15T10:58:00.741+0700] {logging_mixin.py:137} INFO - [2023-04-15T10:58:00.740+0700] {dag.py:3452} INFO - Setting next_dagrun for example_xcom_args_with_operators to None, run_after=None
[2023-04-15T10:58:00.794+0700] {processor.py:175} INFO - Processing /home/ahyar/Documents/tut_folder/tut_python/python_script/tut_airflow/env_airflow/lib/python3.9/site-packages/airflow/example_dags/example_xcomargs.py took 0.178 seconds
[2023-04-15T10:58:48.238+0700] {processor.py:153} INFO - Started process (PID=18790) to work on /home/ahyar/Documents/tut_folder/tut_python/python_script/tut_airflow/env_airflow/lib/python3.9/site-packages/airflow/example_dags/example_xcomargs.py
[2023-04-15T10:58:48.239+0700] {processor.py:743} INFO - Processing file /home/ahyar/Documents/tut_folder/tut_python/python_script/tut_airflow/env_airflow/lib/python3.9/site-packages/airflow/example_dags/example_xcomargs.py for tasks to queue
[2023-04-15T10:58:48.239+0700] {logging_mixin.py:137} INFO - [2023-04-15T10:58:48.239+0700] {dagbag.py:532} INFO - Filling up the DagBag from /home/ahyar/Documents/tut_folder/tut_python/python_script/tut_airflow/env_airflow/lib/python3.9/site-packages/airflow/example_dags/example_xcomargs.py
[2023-04-15T10:58:48.258+0700] {processor.py:753} INFO - DAG(s) dict_keys(['example_xcom_args', 'example_xcom_args_with_operators']) retrieved from /home/ahyar/Documents/tut_folder/tut_python/python_script/tut_airflow/env_airflow/lib/python3.9/site-packages/airflow/example_dags/example_xcomargs.py
[2023-04-15T10:58:48.273+0700] {logging_mixin.py:137} INFO - [2023-04-15T10:58:48.273+0700] {dag.py:2705} INFO - Sync 2 DAGs
[2023-04-15T10:58:48.287+0700] {logging_mixin.py:137} INFO - [2023-04-15T10:58:48.286+0700] {dag.py:3452} INFO - Setting next_dagrun for example_xcom_args to None, run_after=None
[2023-04-15T10:58:48.288+0700] {logging_mixin.py:137} INFO - [2023-04-15T10:58:48.288+0700] {dag.py:3452} INFO - Setting next_dagrun for example_xcom_args_with_operators to None, run_after=None
[2023-04-15T10:58:48.303+0700] {processor.py:175} INFO - Processing /home/ahyar/Documents/tut_folder/tut_python/python_script/tut_airflow/env_airflow/lib/python3.9/site-packages/airflow/example_dags/example_xcomargs.py took 0.067 seconds
[2023-04-15T11:01:34.012+0700] {processor.py:153} INFO - Started process (PID=20518) to work on /home/ahyar/Documents/tut_folder/tut_python/python_script/tut_airflow/env_airflow/lib/python3.9/site-packages/airflow/example_dags/example_xcomargs.py
[2023-04-15T11:01:34.013+0700] {processor.py:743} INFO - Processing file /home/ahyar/Documents/tut_folder/tut_python/python_script/tut_airflow/env_airflow/lib/python3.9/site-packages/airflow/example_dags/example_xcomargs.py for tasks to queue
[2023-04-15T11:01:34.014+0700] {logging_mixin.py:137} INFO - [2023-04-15T11:01:34.013+0700] {dagbag.py:532} INFO - Filling up the DagBag from /home/ahyar/Documents/tut_folder/tut_python/python_script/tut_airflow/env_airflow/lib/python3.9/site-packages/airflow/example_dags/example_xcomargs.py
[2023-04-15T11:01:34.035+0700] {processor.py:753} INFO - DAG(s) dict_keys(['example_xcom_args_with_operators', 'example_xcom_args']) retrieved from /home/ahyar/Documents/tut_folder/tut_python/python_script/tut_airflow/env_airflow/lib/python3.9/site-packages/airflow/example_dags/example_xcomargs.py
[2023-04-15T11:01:34.052+0700] {logging_mixin.py:137} INFO - [2023-04-15T11:01:34.052+0700] {dag.py:2705} INFO - Sync 2 DAGs
[2023-04-15T11:01:34.068+0700] {logging_mixin.py:137} INFO - [2023-04-15T11:01:34.068+0700] {dag.py:3452} INFO - Setting next_dagrun for example_xcom_args to None, run_after=None
[2023-04-15T11:01:34.070+0700] {logging_mixin.py:137} INFO - [2023-04-15T11:01:34.069+0700] {dag.py:3452} INFO - Setting next_dagrun for example_xcom_args_with_operators to None, run_after=None
[2023-04-15T11:01:34.086+0700] {processor.py:175} INFO - Processing /home/ahyar/Documents/tut_folder/tut_python/python_script/tut_airflow/env_airflow/lib/python3.9/site-packages/airflow/example_dags/example_xcomargs.py took 0.077 seconds
[2023-04-15T11:04:51.117+0700] {processor.py:153} INFO - Started process (PID=22883) to work on /home/ahyar/Documents/tut_folder/tut_python/python_script/tut_airflow/env_airflow/lib/python3.9/site-packages/airflow/example_dags/example_xcomargs.py
[2023-04-15T11:04:51.118+0700] {processor.py:743} INFO - Processing file /home/ahyar/Documents/tut_folder/tut_python/python_script/tut_airflow/env_airflow/lib/python3.9/site-packages/airflow/example_dags/example_xcomargs.py for tasks to queue
[2023-04-15T11:04:51.119+0700] {logging_mixin.py:137} INFO - [2023-04-15T11:04:51.119+0700] {dagbag.py:532} INFO - Filling up the DagBag from /home/ahyar/Documents/tut_folder/tut_python/python_script/tut_airflow/env_airflow/lib/python3.9/site-packages/airflow/example_dags/example_xcomargs.py
[2023-04-15T11:04:51.136+0700] {processor.py:753} INFO - DAG(s) dict_keys(['example_xcom_args', 'example_xcom_args_with_operators']) retrieved from /home/ahyar/Documents/tut_folder/tut_python/python_script/tut_airflow/env_airflow/lib/python3.9/site-packages/airflow/example_dags/example_xcomargs.py
[2023-04-15T11:04:51.152+0700] {logging_mixin.py:137} INFO - [2023-04-15T11:04:51.152+0700] {dag.py:2705} INFO - Sync 2 DAGs
[2023-04-15T11:04:51.164+0700] {logging_mixin.py:137} INFO - [2023-04-15T11:04:51.164+0700] {dag.py:3452} INFO - Setting next_dagrun for example_xcom_args to None, run_after=None
[2023-04-15T11:04:51.319+0700] {logging_mixin.py:137} INFO - [2023-04-15T11:04:51.319+0700] {dag.py:3452} INFO - Setting next_dagrun for example_xcom_args_with_operators to None, run_after=None
[2023-04-15T11:04:51.331+0700] {processor.py:175} INFO - Processing /home/ahyar/Documents/tut_folder/tut_python/python_script/tut_airflow/env_airflow/lib/python3.9/site-packages/airflow/example_dags/example_xcomargs.py took 0.216 seconds
