[2023-04-15T10:46:23.420+0700] {processor.py:153} INFO - Started process (PID=16284) to work on /home/ahyar/Documents/tut_folder/tut_python/python_script/tut_airflow/env_airflow/lib/python3.9/site-packages/airflow/example_dags/example_branch_python_dop_operator_3.py
[2023-04-15T10:46:23.421+0700] {processor.py:743} INFO - Processing file /home/ahyar/Documents/tut_folder/tut_python/python_script/tut_airflow/env_airflow/lib/python3.9/site-packages/airflow/example_dags/example_branch_python_dop_operator_3.py for tasks to queue
[2023-04-15T10:46:23.421+0700] {logging_mixin.py:137} INFO - [2023-04-15T10:46:23.421+0700] {dagbag.py:532} INFO - Filling up the DagBag from /home/ahyar/Documents/tut_folder/tut_python/python_script/tut_airflow/env_airflow/lib/python3.9/site-packages/airflow/example_dags/example_branch_python_dop_operator_3.py
[2023-04-15T10:46:23.437+0700] {processor.py:753} INFO - DAG(s) dict_keys(['example_branch_dop_operator_v3']) retrieved from /home/ahyar/Documents/tut_folder/tut_python/python_script/tut_airflow/env_airflow/lib/python3.9/site-packages/airflow/example_dags/example_branch_python_dop_operator_3.py
[2023-04-15T10:46:23.501+0700] {logging_mixin.py:137} INFO - [2023-04-15T10:46:23.501+0700] {manager.py:504} INFO - Created Permission View: can read on DAG:example_branch_dop_operator_v3
[2023-04-15T10:46:23.510+0700] {logging_mixin.py:137} INFO - [2023-04-15T10:46:23.510+0700] {manager.py:504} INFO - Created Permission View: can edit on DAG:example_branch_dop_operator_v3
[2023-04-15T10:46:23.518+0700] {logging_mixin.py:137} INFO - [2023-04-15T10:46:23.517+0700] {manager.py:504} INFO - Created Permission View: can delete on DAG:example_branch_dop_operator_v3
[2023-04-15T10:46:23.518+0700] {logging_mixin.py:137} INFO - [2023-04-15T10:46:23.518+0700] {dag.py:2705} INFO - Sync 1 DAGs
[2023-04-15T10:46:23.524+0700] {logging_mixin.py:137} INFO - [2023-04-15T10:46:23.523+0700] {dag.py:2726} INFO - Creating ORM DAG for example_branch_dop_operator_v3
[2023-04-15T10:46:23.531+0700] {logging_mixin.py:137} INFO - [2023-04-15T10:46:23.531+0700] {dag.py:3452} INFO - Setting next_dagrun for example_branch_dop_operator_v3 to 2023-04-15T03:45:00+00:00, run_after=2023-04-15T03:46:00+00:00
[2023-04-15T10:46:23.545+0700] {processor.py:175} INFO - Processing /home/ahyar/Documents/tut_folder/tut_python/python_script/tut_airflow/env_airflow/lib/python3.9/site-packages/airflow/example_dags/example_branch_python_dop_operator_3.py took 0.127 seconds
[2023-04-15T10:47:09.056+0700] {processor.py:153} INFO - Started process (PID=16562) to work on /home/ahyar/Documents/tut_folder/tut_python/python_script/tut_airflow/env_airflow/lib/python3.9/site-packages/airflow/example_dags/example_branch_python_dop_operator_3.py
[2023-04-15T10:47:09.261+0700] {processor.py:743} INFO - Processing file /home/ahyar/Documents/tut_folder/tut_python/python_script/tut_airflow/env_airflow/lib/python3.9/site-packages/airflow/example_dags/example_branch_python_dop_operator_3.py for tasks to queue
[2023-04-15T10:47:09.262+0700] {logging_mixin.py:137} INFO - [2023-04-15T10:47:09.262+0700] {dagbag.py:532} INFO - Filling up the DagBag from /home/ahyar/Documents/tut_folder/tut_python/python_script/tut_airflow/env_airflow/lib/python3.9/site-packages/airflow/example_dags/example_branch_python_dop_operator_3.py
[2023-04-15T10:47:09.278+0700] {processor.py:753} INFO - DAG(s) dict_keys(['example_branch_dop_operator_v3']) retrieved from /home/ahyar/Documents/tut_folder/tut_python/python_script/tut_airflow/env_airflow/lib/python3.9/site-packages/airflow/example_dags/example_branch_python_dop_operator_3.py
[2023-04-15T10:47:09.290+0700] {logging_mixin.py:137} INFO - [2023-04-15T10:47:09.290+0700] {dag.py:2705} INFO - Sync 1 DAGs
[2023-04-15T10:47:09.304+0700] {logging_mixin.py:137} INFO - [2023-04-15T10:47:09.304+0700] {dag.py:3452} INFO - Setting next_dagrun for example_branch_dop_operator_v3 to 2023-04-15T03:46:00+00:00, run_after=2023-04-15T03:47:00+00:00
[2023-04-15T10:47:09.322+0700] {processor.py:175} INFO - Processing /home/ahyar/Documents/tut_folder/tut_python/python_script/tut_airflow/env_airflow/lib/python3.9/site-packages/airflow/example_dags/example_branch_python_dop_operator_3.py took 0.268 seconds
[2023-04-15T10:47:50.142+0700] {processor.py:153} INFO - Started process (PID=16747) to work on /home/ahyar/Documents/tut_folder/tut_python/python_script/tut_airflow/env_airflow/lib/python3.9/site-packages/airflow/example_dags/example_branch_python_dop_operator_3.py
[2023-04-15T10:47:50.143+0700] {processor.py:743} INFO - Processing file /home/ahyar/Documents/tut_folder/tut_python/python_script/tut_airflow/env_airflow/lib/python3.9/site-packages/airflow/example_dags/example_branch_python_dop_operator_3.py for tasks to queue
[2023-04-15T10:47:50.143+0700] {logging_mixin.py:137} INFO - [2023-04-15T10:47:50.143+0700] {dagbag.py:532} INFO - Filling up the DagBag from /home/ahyar/Documents/tut_folder/tut_python/python_script/tut_airflow/env_airflow/lib/python3.9/site-packages/airflow/example_dags/example_branch_python_dop_operator_3.py
[2023-04-15T10:47:50.157+0700] {processor.py:753} INFO - DAG(s) dict_keys(['example_branch_dop_operator_v3']) retrieved from /home/ahyar/Documents/tut_folder/tut_python/python_script/tut_airflow/env_airflow/lib/python3.9/site-packages/airflow/example_dags/example_branch_python_dop_operator_3.py
[2023-04-15T10:47:50.167+0700] {logging_mixin.py:137} INFO - [2023-04-15T10:47:50.167+0700] {dag.py:2705} INFO - Sync 1 DAGs
[2023-04-15T10:47:50.181+0700] {logging_mixin.py:137} INFO - [2023-04-15T10:47:50.181+0700] {dag.py:3452} INFO - Setting next_dagrun for example_branch_dop_operator_v3 to 2023-04-15T03:46:00+00:00, run_after=2023-04-15T03:47:00+00:00
[2023-04-15T10:47:50.195+0700] {processor.py:175} INFO - Processing /home/ahyar/Documents/tut_folder/tut_python/python_script/tut_airflow/env_airflow/lib/python3.9/site-packages/airflow/example_dags/example_branch_python_dop_operator_3.py took 0.055 seconds
[2023-04-15T10:48:21.663+0700] {processor.py:153} INFO - Started process (PID=16950) to work on /home/ahyar/Documents/tut_folder/tut_python/python_script/tut_airflow/env_airflow/lib/python3.9/site-packages/airflow/example_dags/example_branch_python_dop_operator_3.py
[2023-04-15T10:48:21.664+0700] {processor.py:743} INFO - Processing file /home/ahyar/Documents/tut_folder/tut_python/python_script/tut_airflow/env_airflow/lib/python3.9/site-packages/airflow/example_dags/example_branch_python_dop_operator_3.py for tasks to queue
[2023-04-15T10:48:21.665+0700] {logging_mixin.py:137} INFO - [2023-04-15T10:48:21.664+0700] {dagbag.py:532} INFO - Filling up the DagBag from /home/ahyar/Documents/tut_folder/tut_python/python_script/tut_airflow/env_airflow/lib/python3.9/site-packages/airflow/example_dags/example_branch_python_dop_operator_3.py
[2023-04-15T10:48:21.679+0700] {processor.py:753} INFO - DAG(s) dict_keys(['example_branch_dop_operator_v3']) retrieved from /home/ahyar/Documents/tut_folder/tut_python/python_script/tut_airflow/env_airflow/lib/python3.9/site-packages/airflow/example_dags/example_branch_python_dop_operator_3.py
[2023-04-15T10:48:21.689+0700] {logging_mixin.py:137} INFO - [2023-04-15T10:48:21.688+0700] {dag.py:2705} INFO - Sync 1 DAGs
[2023-04-15T10:48:21.701+0700] {logging_mixin.py:137} INFO - [2023-04-15T10:48:21.701+0700] {dag.py:3452} INFO - Setting next_dagrun for example_branch_dop_operator_v3 to 2023-04-15T03:47:00+00:00, run_after=2023-04-15T03:48:00+00:00
[2023-04-15T10:48:21.715+0700] {processor.py:175} INFO - Processing /home/ahyar/Documents/tut_folder/tut_python/python_script/tut_airflow/env_airflow/lib/python3.9/site-packages/airflow/example_dags/example_branch_python_dop_operator_3.py took 0.053 seconds
[2023-04-15T10:49:02.789+0700] {processor.py:153} INFO - Started process (PID=17305) to work on /home/ahyar/Documents/tut_folder/tut_python/python_script/tut_airflow/env_airflow/lib/python3.9/site-packages/airflow/example_dags/example_branch_python_dop_operator_3.py
[2023-04-15T10:49:02.801+0700] {processor.py:743} INFO - Processing file /home/ahyar/Documents/tut_folder/tut_python/python_script/tut_airflow/env_airflow/lib/python3.9/site-packages/airflow/example_dags/example_branch_python_dop_operator_3.py for tasks to queue
[2023-04-15T10:49:02.801+0700] {logging_mixin.py:137} INFO - [2023-04-15T10:49:02.801+0700] {dagbag.py:532} INFO - Filling up the DagBag from /home/ahyar/Documents/tut_folder/tut_python/python_script/tut_airflow/env_airflow/lib/python3.9/site-packages/airflow/example_dags/example_branch_python_dop_operator_3.py
[2023-04-15T10:49:02.827+0700] {processor.py:753} INFO - DAG(s) dict_keys(['example_branch_dop_operator_v3']) retrieved from /home/ahyar/Documents/tut_folder/tut_python/python_script/tut_airflow/env_airflow/lib/python3.9/site-packages/airflow/example_dags/example_branch_python_dop_operator_3.py
[2023-04-15T10:49:02.851+0700] {logging_mixin.py:137} INFO - [2023-04-15T10:49:02.851+0700] {dag.py:2705} INFO - Sync 1 DAGs
[2023-04-15T10:49:03.047+0700] {logging_mixin.py:137} INFO - [2023-04-15T10:49:03.047+0700] {dag.py:3452} INFO - Setting next_dagrun for example_branch_dop_operator_v3 to 2023-04-15T03:48:00+00:00, run_after=2023-04-15T03:49:00+00:00
[2023-04-15T10:49:03.180+0700] {processor.py:175} INFO - Processing /home/ahyar/Documents/tut_folder/tut_python/python_script/tut_airflow/env_airflow/lib/python3.9/site-packages/airflow/example_dags/example_branch_python_dop_operator_3.py took 0.392 seconds
[2023-04-15T10:49:51.887+0700] {processor.py:153} INFO - Started process (PID=17522) to work on /home/ahyar/Documents/tut_folder/tut_python/python_script/tut_airflow/env_airflow/lib/python3.9/site-packages/airflow/example_dags/example_branch_python_dop_operator_3.py
[2023-04-15T10:49:51.887+0700] {processor.py:743} INFO - Processing file /home/ahyar/Documents/tut_folder/tut_python/python_script/tut_airflow/env_airflow/lib/python3.9/site-packages/airflow/example_dags/example_branch_python_dop_operator_3.py for tasks to queue
[2023-04-15T10:49:51.888+0700] {logging_mixin.py:137} INFO - [2023-04-15T10:49:51.888+0700] {dagbag.py:532} INFO - Filling up the DagBag from /home/ahyar/Documents/tut_folder/tut_python/python_script/tut_airflow/env_airflow/lib/python3.9/site-packages/airflow/example_dags/example_branch_python_dop_operator_3.py
[2023-04-15T10:49:51.939+0700] {processor.py:753} INFO - DAG(s) dict_keys(['example_branch_dop_operator_v3']) retrieved from /home/ahyar/Documents/tut_folder/tut_python/python_script/tut_airflow/env_airflow/lib/python3.9/site-packages/airflow/example_dags/example_branch_python_dop_operator_3.py
[2023-04-15T10:49:51.985+0700] {logging_mixin.py:137} INFO - [2023-04-15T10:49:51.985+0700] {dag.py:2705} INFO - Sync 1 DAGs
[2023-04-15T10:49:52.051+0700] {logging_mixin.py:137} INFO - [2023-04-15T10:49:52.050+0700] {dag.py:3452} INFO - Setting next_dagrun for example_branch_dop_operator_v3 to 2023-04-15T03:48:00+00:00, run_after=2023-04-15T03:49:00+00:00
[2023-04-15T10:49:52.085+0700] {processor.py:175} INFO - Processing /home/ahyar/Documents/tut_folder/tut_python/python_script/tut_airflow/env_airflow/lib/python3.9/site-packages/airflow/example_dags/example_branch_python_dop_operator_3.py took 0.201 seconds
[2023-04-15T10:50:34.956+0700] {processor.py:153} INFO - Started process (PID=17742) to work on /home/ahyar/Documents/tut_folder/tut_python/python_script/tut_airflow/env_airflow/lib/python3.9/site-packages/airflow/example_dags/example_branch_python_dop_operator_3.py
[2023-04-15T10:50:34.958+0700] {processor.py:743} INFO - Processing file /home/ahyar/Documents/tut_folder/tut_python/python_script/tut_airflow/env_airflow/lib/python3.9/site-packages/airflow/example_dags/example_branch_python_dop_operator_3.py for tasks to queue
[2023-04-15T10:50:34.959+0700] {logging_mixin.py:137} INFO - [2023-04-15T10:50:34.959+0700] {dagbag.py:532} INFO - Filling up the DagBag from /home/ahyar/Documents/tut_folder/tut_python/python_script/tut_airflow/env_airflow/lib/python3.9/site-packages/airflow/example_dags/example_branch_python_dop_operator_3.py
[2023-04-15T10:50:34.977+0700] {processor.py:753} INFO - DAG(s) dict_keys(['example_branch_dop_operator_v3']) retrieved from /home/ahyar/Documents/tut_folder/tut_python/python_script/tut_airflow/env_airflow/lib/python3.9/site-packages/airflow/example_dags/example_branch_python_dop_operator_3.py
[2023-04-15T10:50:34.987+0700] {logging_mixin.py:137} INFO - [2023-04-15T10:50:34.987+0700] {dag.py:2705} INFO - Sync 1 DAGs
[2023-04-15T10:50:35.000+0700] {logging_mixin.py:137} INFO - [2023-04-15T10:50:35.000+0700] {dag.py:3452} INFO - Setting next_dagrun for example_branch_dop_operator_v3 to 2023-04-15T03:49:00+00:00, run_after=2023-04-15T03:50:00+00:00
[2023-04-15T10:50:35.015+0700] {processor.py:175} INFO - Processing /home/ahyar/Documents/tut_folder/tut_python/python_script/tut_airflow/env_airflow/lib/python3.9/site-packages/airflow/example_dags/example_branch_python_dop_operator_3.py took 0.062 seconds
[2023-04-15T10:51:16.658+0700] {processor.py:153} INFO - Started process (PID=17825) to work on /home/ahyar/Documents/tut_folder/tut_python/python_script/tut_airflow/env_airflow/lib/python3.9/site-packages/airflow/example_dags/example_branch_python_dop_operator_3.py
[2023-04-15T10:51:16.658+0700] {processor.py:743} INFO - Processing file /home/ahyar/Documents/tut_folder/tut_python/python_script/tut_airflow/env_airflow/lib/python3.9/site-packages/airflow/example_dags/example_branch_python_dop_operator_3.py for tasks to queue
[2023-04-15T10:51:16.659+0700] {logging_mixin.py:137} INFO - [2023-04-15T10:51:16.659+0700] {dagbag.py:532} INFO - Filling up the DagBag from /home/ahyar/Documents/tut_folder/tut_python/python_script/tut_airflow/env_airflow/lib/python3.9/site-packages/airflow/example_dags/example_branch_python_dop_operator_3.py
[2023-04-15T10:51:16.678+0700] {processor.py:753} INFO - DAG(s) dict_keys(['example_branch_dop_operator_v3']) retrieved from /home/ahyar/Documents/tut_folder/tut_python/python_script/tut_airflow/env_airflow/lib/python3.9/site-packages/airflow/example_dags/example_branch_python_dop_operator_3.py
[2023-04-15T10:51:16.688+0700] {logging_mixin.py:137} INFO - [2023-04-15T10:51:16.688+0700] {dag.py:2705} INFO - Sync 1 DAGs
[2023-04-15T10:51:16.701+0700] {logging_mixin.py:137} INFO - [2023-04-15T10:51:16.701+0700] {dag.py:3452} INFO - Setting next_dagrun for example_branch_dop_operator_v3 to 2023-04-15T03:50:00+00:00, run_after=2023-04-15T03:51:00+00:00
[2023-04-15T10:51:16.715+0700] {processor.py:175} INFO - Processing /home/ahyar/Documents/tut_folder/tut_python/python_script/tut_airflow/env_airflow/lib/python3.9/site-packages/airflow/example_dags/example_branch_python_dop_operator_3.py took 0.059 seconds
[2023-04-15T10:52:00.515+0700] {processor.py:153} INFO - Started process (PID=17892) to work on /home/ahyar/Documents/tut_folder/tut_python/python_script/tut_airflow/env_airflow/lib/python3.9/site-packages/airflow/example_dags/example_branch_python_dop_operator_3.py
[2023-04-15T10:52:00.517+0700] {processor.py:743} INFO - Processing file /home/ahyar/Documents/tut_folder/tut_python/python_script/tut_airflow/env_airflow/lib/python3.9/site-packages/airflow/example_dags/example_branch_python_dop_operator_3.py for tasks to queue
[2023-04-15T10:52:00.517+0700] {logging_mixin.py:137} INFO - [2023-04-15T10:52:00.517+0700] {dagbag.py:532} INFO - Filling up the DagBag from /home/ahyar/Documents/tut_folder/tut_python/python_script/tut_airflow/env_airflow/lib/python3.9/site-packages/airflow/example_dags/example_branch_python_dop_operator_3.py
[2023-04-15T10:52:00.532+0700] {processor.py:753} INFO - DAG(s) dict_keys(['example_branch_dop_operator_v3']) retrieved from /home/ahyar/Documents/tut_folder/tut_python/python_script/tut_airflow/env_airflow/lib/python3.9/site-packages/airflow/example_dags/example_branch_python_dop_operator_3.py
[2023-04-15T10:52:00.544+0700] {logging_mixin.py:137} INFO - [2023-04-15T10:52:00.544+0700] {dag.py:2705} INFO - Sync 1 DAGs
[2023-04-15T10:52:00.560+0700] {logging_mixin.py:137} INFO - [2023-04-15T10:52:00.560+0700] {dag.py:3452} INFO - Setting next_dagrun for example_branch_dop_operator_v3 to 2023-04-15T03:51:00+00:00, run_after=2023-04-15T03:52:00+00:00
[2023-04-15T10:52:00.575+0700] {processor.py:175} INFO - Processing /home/ahyar/Documents/tut_folder/tut_python/python_script/tut_airflow/env_airflow/lib/python3.9/site-packages/airflow/example_dags/example_branch_python_dop_operator_3.py took 0.065 seconds
[2023-04-15T10:52:46.000+0700] {processor.py:153} INFO - Started process (PID=18059) to work on /home/ahyar/Documents/tut_folder/tut_python/python_script/tut_airflow/env_airflow/lib/python3.9/site-packages/airflow/example_dags/example_branch_python_dop_operator_3.py
[2023-04-15T10:52:46.003+0700] {processor.py:743} INFO - Processing file /home/ahyar/Documents/tut_folder/tut_python/python_script/tut_airflow/env_airflow/lib/python3.9/site-packages/airflow/example_dags/example_branch_python_dop_operator_3.py for tasks to queue
[2023-04-15T10:52:46.005+0700] {logging_mixin.py:137} INFO - [2023-04-15T10:52:46.004+0700] {dagbag.py:532} INFO - Filling up the DagBag from /home/ahyar/Documents/tut_folder/tut_python/python_script/tut_airflow/env_airflow/lib/python3.9/site-packages/airflow/example_dags/example_branch_python_dop_operator_3.py
[2023-04-15T10:52:46.044+0700] {processor.py:753} INFO - DAG(s) dict_keys(['example_branch_dop_operator_v3']) retrieved from /home/ahyar/Documents/tut_folder/tut_python/python_script/tut_airflow/env_airflow/lib/python3.9/site-packages/airflow/example_dags/example_branch_python_dop_operator_3.py
[2023-04-15T10:52:46.076+0700] {logging_mixin.py:137} INFO - [2023-04-15T10:52:46.076+0700] {dag.py:2705} INFO - Sync 1 DAGs
[2023-04-15T10:52:46.114+0700] {logging_mixin.py:137} INFO - [2023-04-15T10:52:46.114+0700] {dag.py:3452} INFO - Setting next_dagrun for example_branch_dop_operator_v3 to 2023-04-15T03:51:00+00:00, run_after=2023-04-15T03:52:00+00:00
[2023-04-15T10:52:46.164+0700] {processor.py:175} INFO - Processing /home/ahyar/Documents/tut_folder/tut_python/python_script/tut_airflow/env_airflow/lib/python3.9/site-packages/airflow/example_dags/example_branch_python_dop_operator_3.py took 0.168 seconds
[2023-04-15T10:53:33.095+0700] {processor.py:153} INFO - Started process (PID=18165) to work on /home/ahyar/Documents/tut_folder/tut_python/python_script/tut_airflow/env_airflow/lib/python3.9/site-packages/airflow/example_dags/example_branch_python_dop_operator_3.py
[2023-04-15T10:53:33.097+0700] {processor.py:743} INFO - Processing file /home/ahyar/Documents/tut_folder/tut_python/python_script/tut_airflow/env_airflow/lib/python3.9/site-packages/airflow/example_dags/example_branch_python_dop_operator_3.py for tasks to queue
[2023-04-15T10:53:33.097+0700] {logging_mixin.py:137} INFO - [2023-04-15T10:53:33.097+0700] {dagbag.py:532} INFO - Filling up the DagBag from /home/ahyar/Documents/tut_folder/tut_python/python_script/tut_airflow/env_airflow/lib/python3.9/site-packages/airflow/example_dags/example_branch_python_dop_operator_3.py
[2023-04-15T10:53:33.115+0700] {processor.py:753} INFO - DAG(s) dict_keys(['example_branch_dop_operator_v3']) retrieved from /home/ahyar/Documents/tut_folder/tut_python/python_script/tut_airflow/env_airflow/lib/python3.9/site-packages/airflow/example_dags/example_branch_python_dop_operator_3.py
[2023-04-15T10:53:33.125+0700] {logging_mixin.py:137} INFO - [2023-04-15T10:53:33.125+0700] {dag.py:2705} INFO - Sync 1 DAGs
[2023-04-15T10:53:33.138+0700] {logging_mixin.py:137} INFO - [2023-04-15T10:53:33.138+0700] {dag.py:3452} INFO - Setting next_dagrun for example_branch_dop_operator_v3 to 2023-04-15T03:52:00+00:00, run_after=2023-04-15T03:53:00+00:00
[2023-04-15T10:53:33.152+0700] {processor.py:175} INFO - Processing /home/ahyar/Documents/tut_folder/tut_python/python_script/tut_airflow/env_airflow/lib/python3.9/site-packages/airflow/example_dags/example_branch_python_dop_operator_3.py took 0.061 seconds
[2023-04-15T10:54:18.252+0700] {processor.py:153} INFO - Started process (PID=18250) to work on /home/ahyar/Documents/tut_folder/tut_python/python_script/tut_airflow/env_airflow/lib/python3.9/site-packages/airflow/example_dags/example_branch_python_dop_operator_3.py
[2023-04-15T10:54:18.253+0700] {processor.py:743} INFO - Processing file /home/ahyar/Documents/tut_folder/tut_python/python_script/tut_airflow/env_airflow/lib/python3.9/site-packages/airflow/example_dags/example_branch_python_dop_operator_3.py for tasks to queue
[2023-04-15T10:54:18.254+0700] {logging_mixin.py:137} INFO - [2023-04-15T10:54:18.254+0700] {dagbag.py:532} INFO - Filling up the DagBag from /home/ahyar/Documents/tut_folder/tut_python/python_script/tut_airflow/env_airflow/lib/python3.9/site-packages/airflow/example_dags/example_branch_python_dop_operator_3.py
[2023-04-15T10:54:18.300+0700] {processor.py:753} INFO - DAG(s) dict_keys(['example_branch_dop_operator_v3']) retrieved from /home/ahyar/Documents/tut_folder/tut_python/python_script/tut_airflow/env_airflow/lib/python3.9/site-packages/airflow/example_dags/example_branch_python_dop_operator_3.py
[2023-04-15T10:54:18.315+0700] {logging_mixin.py:137} INFO - [2023-04-15T10:54:18.315+0700] {dag.py:2705} INFO - Sync 1 DAGs
[2023-04-15T10:54:18.338+0700] {logging_mixin.py:137} INFO - [2023-04-15T10:54:18.338+0700] {dag.py:3452} INFO - Setting next_dagrun for example_branch_dop_operator_v3 to 2023-04-15T03:53:00+00:00, run_after=2023-04-15T03:54:00+00:00
[2023-04-15T10:54:18.355+0700] {processor.py:175} INFO - Processing /home/ahyar/Documents/tut_folder/tut_python/python_script/tut_airflow/env_airflow/lib/python3.9/site-packages/airflow/example_dags/example_branch_python_dop_operator_3.py took 0.107 seconds
[2023-04-15T10:55:02.738+0700] {processor.py:153} INFO - Started process (PID=18322) to work on /home/ahyar/Documents/tut_folder/tut_python/python_script/tut_airflow/env_airflow/lib/python3.9/site-packages/airflow/example_dags/example_branch_python_dop_operator_3.py
[2023-04-15T10:55:02.739+0700] {processor.py:743} INFO - Processing file /home/ahyar/Documents/tut_folder/tut_python/python_script/tut_airflow/env_airflow/lib/python3.9/site-packages/airflow/example_dags/example_branch_python_dop_operator_3.py for tasks to queue
[2023-04-15T10:55:02.740+0700] {logging_mixin.py:137} INFO - [2023-04-15T10:55:02.740+0700] {dagbag.py:532} INFO - Filling up the DagBag from /home/ahyar/Documents/tut_folder/tut_python/python_script/tut_airflow/env_airflow/lib/python3.9/site-packages/airflow/example_dags/example_branch_python_dop_operator_3.py
[2023-04-15T10:55:02.761+0700] {processor.py:753} INFO - DAG(s) dict_keys(['example_branch_dop_operator_v3']) retrieved from /home/ahyar/Documents/tut_folder/tut_python/python_script/tut_airflow/env_airflow/lib/python3.9/site-packages/airflow/example_dags/example_branch_python_dop_operator_3.py
[2023-04-15T10:55:02.776+0700] {logging_mixin.py:137} INFO - [2023-04-15T10:55:02.776+0700] {dag.py:2705} INFO - Sync 1 DAGs
[2023-04-15T10:55:02.797+0700] {logging_mixin.py:137} INFO - [2023-04-15T10:55:02.797+0700] {dag.py:3452} INFO - Setting next_dagrun for example_branch_dop_operator_v3 to 2023-04-15T03:54:00+00:00, run_after=2023-04-15T03:55:00+00:00
[2023-04-15T10:55:02.817+0700] {processor.py:175} INFO - Processing /home/ahyar/Documents/tut_folder/tut_python/python_script/tut_airflow/env_airflow/lib/python3.9/site-packages/airflow/example_dags/example_branch_python_dop_operator_3.py took 0.082 seconds
[2023-04-15T10:55:48.447+0700] {processor.py:153} INFO - Started process (PID=18432) to work on /home/ahyar/Documents/tut_folder/tut_python/python_script/tut_airflow/env_airflow/lib/python3.9/site-packages/airflow/example_dags/example_branch_python_dop_operator_3.py
[2023-04-15T10:55:48.447+0700] {processor.py:743} INFO - Processing file /home/ahyar/Documents/tut_folder/tut_python/python_script/tut_airflow/env_airflow/lib/python3.9/site-packages/airflow/example_dags/example_branch_python_dop_operator_3.py for tasks to queue
[2023-04-15T10:55:48.448+0700] {logging_mixin.py:137} INFO - [2023-04-15T10:55:48.447+0700] {dagbag.py:532} INFO - Filling up the DagBag from /home/ahyar/Documents/tut_folder/tut_python/python_script/tut_airflow/env_airflow/lib/python3.9/site-packages/airflow/example_dags/example_branch_python_dop_operator_3.py
[2023-04-15T10:55:48.461+0700] {processor.py:753} INFO - DAG(s) dict_keys(['example_branch_dop_operator_v3']) retrieved from /home/ahyar/Documents/tut_folder/tut_python/python_script/tut_airflow/env_airflow/lib/python3.9/site-packages/airflow/example_dags/example_branch_python_dop_operator_3.py
[2023-04-15T10:55:48.472+0700] {logging_mixin.py:137} INFO - [2023-04-15T10:55:48.472+0700] {dag.py:2705} INFO - Sync 1 DAGs
[2023-04-15T10:55:48.485+0700] {logging_mixin.py:137} INFO - [2023-04-15T10:55:48.485+0700] {dag.py:3452} INFO - Setting next_dagrun for example_branch_dop_operator_v3 to 2023-04-15T03:54:00+00:00, run_after=2023-04-15T03:55:00+00:00
[2023-04-15T10:55:48.500+0700] {processor.py:175} INFO - Processing /home/ahyar/Documents/tut_folder/tut_python/python_script/tut_airflow/env_airflow/lib/python3.9/site-packages/airflow/example_dags/example_branch_python_dop_operator_3.py took 0.056 seconds
[2023-04-15T10:56:30.959+0700] {processor.py:153} INFO - Started process (PID=18485) to work on /home/ahyar/Documents/tut_folder/tut_python/python_script/tut_airflow/env_airflow/lib/python3.9/site-packages/airflow/example_dags/example_branch_python_dop_operator_3.py
[2023-04-15T10:56:30.960+0700] {processor.py:743} INFO - Processing file /home/ahyar/Documents/tut_folder/tut_python/python_script/tut_airflow/env_airflow/lib/python3.9/site-packages/airflow/example_dags/example_branch_python_dop_operator_3.py for tasks to queue
[2023-04-15T10:56:30.961+0700] {logging_mixin.py:137} INFO - [2023-04-15T10:56:30.961+0700] {dagbag.py:532} INFO - Filling up the DagBag from /home/ahyar/Documents/tut_folder/tut_python/python_script/tut_airflow/env_airflow/lib/python3.9/site-packages/airflow/example_dags/example_branch_python_dop_operator_3.py
[2023-04-15T10:56:30.977+0700] {processor.py:753} INFO - DAG(s) dict_keys(['example_branch_dop_operator_v3']) retrieved from /home/ahyar/Documents/tut_folder/tut_python/python_script/tut_airflow/env_airflow/lib/python3.9/site-packages/airflow/example_dags/example_branch_python_dop_operator_3.py
[2023-04-15T10:56:30.991+0700] {logging_mixin.py:137} INFO - [2023-04-15T10:56:30.990+0700] {dag.py:2705} INFO - Sync 1 DAGs
[2023-04-15T10:56:31.006+0700] {logging_mixin.py:137} INFO - [2023-04-15T10:56:31.006+0700] {dag.py:3452} INFO - Setting next_dagrun for example_branch_dop_operator_v3 to 2023-04-15T03:55:00+00:00, run_after=2023-04-15T03:56:00+00:00
[2023-04-15T10:56:31.023+0700] {processor.py:175} INFO - Processing /home/ahyar/Documents/tut_folder/tut_python/python_script/tut_airflow/env_airflow/lib/python3.9/site-packages/airflow/example_dags/example_branch_python_dop_operator_3.py took 0.065 seconds
[2023-04-15T10:57:13.935+0700] {processor.py:153} INFO - Started process (PID=18565) to work on /home/ahyar/Documents/tut_folder/tut_python/python_script/tut_airflow/env_airflow/lib/python3.9/site-packages/airflow/example_dags/example_branch_python_dop_operator_3.py
[2023-04-15T10:57:14.385+0700] {processor.py:743} INFO - Processing file /home/ahyar/Documents/tut_folder/tut_python/python_script/tut_airflow/env_airflow/lib/python3.9/site-packages/airflow/example_dags/example_branch_python_dop_operator_3.py for tasks to queue
[2023-04-15T10:57:14.387+0700] {logging_mixin.py:137} INFO - [2023-04-15T10:57:14.387+0700] {dagbag.py:532} INFO - Filling up the DagBag from /home/ahyar/Documents/tut_folder/tut_python/python_script/tut_airflow/env_airflow/lib/python3.9/site-packages/airflow/example_dags/example_branch_python_dop_operator_3.py
[2023-04-15T10:57:14.441+0700] {processor.py:753} INFO - DAG(s) dict_keys(['example_branch_dop_operator_v3']) retrieved from /home/ahyar/Documents/tut_folder/tut_python/python_script/tut_airflow/env_airflow/lib/python3.9/site-packages/airflow/example_dags/example_branch_python_dop_operator_3.py
[2023-04-15T10:57:14.462+0700] {logging_mixin.py:137} INFO - [2023-04-15T10:57:14.462+0700] {dag.py:2705} INFO - Sync 1 DAGs
[2023-04-15T10:57:14.487+0700] {logging_mixin.py:137} INFO - [2023-04-15T10:57:14.487+0700] {dag.py:3452} INFO - Setting next_dagrun for example_branch_dop_operator_v3 to 2023-04-15T03:56:00+00:00, run_after=2023-04-15T03:57:00+00:00
[2023-04-15T10:57:14.593+0700] {processor.py:175} INFO - Processing /home/ahyar/Documents/tut_folder/tut_python/python_script/tut_airflow/env_airflow/lib/python3.9/site-packages/airflow/example_dags/example_branch_python_dop_operator_3.py took 0.663 seconds
[2023-04-15T10:57:59.367+0700] {processor.py:153} INFO - Started process (PID=18634) to work on /home/ahyar/Documents/tut_folder/tut_python/python_script/tut_airflow/env_airflow/lib/python3.9/site-packages/airflow/example_dags/example_branch_python_dop_operator_3.py
[2023-04-15T10:57:59.369+0700] {processor.py:743} INFO - Processing file /home/ahyar/Documents/tut_folder/tut_python/python_script/tut_airflow/env_airflow/lib/python3.9/site-packages/airflow/example_dags/example_branch_python_dop_operator_3.py for tasks to queue
[2023-04-15T10:57:59.370+0700] {logging_mixin.py:137} INFO - [2023-04-15T10:57:59.370+0700] {dagbag.py:532} INFO - Filling up the DagBag from /home/ahyar/Documents/tut_folder/tut_python/python_script/tut_airflow/env_airflow/lib/python3.9/site-packages/airflow/example_dags/example_branch_python_dop_operator_3.py
[2023-04-15T10:57:59.406+0700] {processor.py:753} INFO - DAG(s) dict_keys(['example_branch_dop_operator_v3']) retrieved from /home/ahyar/Documents/tut_folder/tut_python/python_script/tut_airflow/env_airflow/lib/python3.9/site-packages/airflow/example_dags/example_branch_python_dop_operator_3.py
[2023-04-15T10:57:59.436+0700] {logging_mixin.py:137} INFO - [2023-04-15T10:57:59.435+0700] {dag.py:2705} INFO - Sync 1 DAGs
[2023-04-15T10:57:59.471+0700] {logging_mixin.py:137} INFO - [2023-04-15T10:57:59.471+0700] {dag.py:3452} INFO - Setting next_dagrun for example_branch_dop_operator_v3 to 2023-04-15T03:56:00+00:00, run_after=2023-04-15T03:57:00+00:00
[2023-04-15T10:57:59.501+0700] {processor.py:175} INFO - Processing /home/ahyar/Documents/tut_folder/tut_python/python_script/tut_airflow/env_airflow/lib/python3.9/site-packages/airflow/example_dags/example_branch_python_dop_operator_3.py took 0.142 seconds
[2023-04-15T10:58:46.977+0700] {processor.py:153} INFO - Started process (PID=18789) to work on /home/ahyar/Documents/tut_folder/tut_python/python_script/tut_airflow/env_airflow/lib/python3.9/site-packages/airflow/example_dags/example_branch_python_dop_operator_3.py
[2023-04-15T10:58:46.978+0700] {processor.py:743} INFO - Processing file /home/ahyar/Documents/tut_folder/tut_python/python_script/tut_airflow/env_airflow/lib/python3.9/site-packages/airflow/example_dags/example_branch_python_dop_operator_3.py for tasks to queue
[2023-04-15T10:58:46.978+0700] {logging_mixin.py:137} INFO - [2023-04-15T10:58:46.978+0700] {dagbag.py:532} INFO - Filling up the DagBag from /home/ahyar/Documents/tut_folder/tut_python/python_script/tut_airflow/env_airflow/lib/python3.9/site-packages/airflow/example_dags/example_branch_python_dop_operator_3.py
[2023-04-15T10:58:47.006+0700] {processor.py:753} INFO - DAG(s) dict_keys(['example_branch_dop_operator_v3']) retrieved from /home/ahyar/Documents/tut_folder/tut_python/python_script/tut_airflow/env_airflow/lib/python3.9/site-packages/airflow/example_dags/example_branch_python_dop_operator_3.py
[2023-04-15T10:58:47.033+0700] {logging_mixin.py:137} INFO - [2023-04-15T10:58:47.033+0700] {dag.py:2705} INFO - Sync 1 DAGs
[2023-04-15T10:58:47.070+0700] {logging_mixin.py:137} INFO - [2023-04-15T10:58:47.070+0700] {dag.py:3452} INFO - Setting next_dagrun for example_branch_dop_operator_v3 to 2023-04-15T03:57:00+00:00, run_after=2023-04-15T03:58:00+00:00
[2023-04-15T10:58:47.094+0700] {processor.py:175} INFO - Processing /home/ahyar/Documents/tut_folder/tut_python/python_script/tut_airflow/env_airflow/lib/python3.9/site-packages/airflow/example_dags/example_branch_python_dop_operator_3.py took 0.119 seconds
[2023-04-15T11:01:31.725+0700] {processor.py:153} INFO - Started process (PID=20484) to work on /home/ahyar/Documents/tut_folder/tut_python/python_script/tut_airflow/env_airflow/lib/python3.9/site-packages/airflow/example_dags/example_branch_python_dop_operator_3.py
[2023-04-15T11:01:31.726+0700] {processor.py:743} INFO - Processing file /home/ahyar/Documents/tut_folder/tut_python/python_script/tut_airflow/env_airflow/lib/python3.9/site-packages/airflow/example_dags/example_branch_python_dop_operator_3.py for tasks to queue
[2023-04-15T11:01:31.727+0700] {logging_mixin.py:137} INFO - [2023-04-15T11:01:31.727+0700] {dagbag.py:532} INFO - Filling up the DagBag from /home/ahyar/Documents/tut_folder/tut_python/python_script/tut_airflow/env_airflow/lib/python3.9/site-packages/airflow/example_dags/example_branch_python_dop_operator_3.py
[2023-04-15T11:01:31.746+0700] {processor.py:753} INFO - DAG(s) dict_keys(['example_branch_dop_operator_v3']) retrieved from /home/ahyar/Documents/tut_folder/tut_python/python_script/tut_airflow/env_airflow/lib/python3.9/site-packages/airflow/example_dags/example_branch_python_dop_operator_3.py
[2023-04-15T11:01:31.762+0700] {logging_mixin.py:137} INFO - [2023-04-15T11:01:31.762+0700] {dag.py:2705} INFO - Sync 1 DAGs
[2023-04-15T11:01:31.780+0700] {logging_mixin.py:137} INFO - [2023-04-15T11:01:31.779+0700] {dag.py:3452} INFO - Setting next_dagrun for example_branch_dop_operator_v3 to 2023-04-15T04:00:00+00:00, run_after=2023-04-15T04:01:00+00:00
[2023-04-15T11:01:31.798+0700] {processor.py:175} INFO - Processing /home/ahyar/Documents/tut_folder/tut_python/python_script/tut_airflow/env_airflow/lib/python3.9/site-packages/airflow/example_dags/example_branch_python_dop_operator_3.py took 0.077 seconds
[2023-04-15T11:04:47.419+0700] {processor.py:153} INFO - Started process (PID=22854) to work on /home/ahyar/Documents/tut_folder/tut_python/python_script/tut_airflow/env_airflow/lib/python3.9/site-packages/airflow/example_dags/example_branch_python_dop_operator_3.py
[2023-04-15T11:04:47.420+0700] {processor.py:743} INFO - Processing file /home/ahyar/Documents/tut_folder/tut_python/python_script/tut_airflow/env_airflow/lib/python3.9/site-packages/airflow/example_dags/example_branch_python_dop_operator_3.py for tasks to queue
[2023-04-15T11:04:47.421+0700] {logging_mixin.py:137} INFO - [2023-04-15T11:04:47.420+0700] {dagbag.py:532} INFO - Filling up the DagBag from /home/ahyar/Documents/tut_folder/tut_python/python_script/tut_airflow/env_airflow/lib/python3.9/site-packages/airflow/example_dags/example_branch_python_dop_operator_3.py
[2023-04-15T11:04:47.436+0700] {processor.py:753} INFO - DAG(s) dict_keys(['example_branch_dop_operator_v3']) retrieved from /home/ahyar/Documents/tut_folder/tut_python/python_script/tut_airflow/env_airflow/lib/python3.9/site-packages/airflow/example_dags/example_branch_python_dop_operator_3.py
[2023-04-15T11:04:47.447+0700] {logging_mixin.py:137} INFO - [2023-04-15T11:04:47.447+0700] {dag.py:2705} INFO - Sync 1 DAGs
[2023-04-15T11:04:47.461+0700] {logging_mixin.py:137} INFO - [2023-04-15T11:04:47.461+0700] {dag.py:3452} INFO - Setting next_dagrun for example_branch_dop_operator_v3 to 2023-04-15T04:03:00+00:00, run_after=2023-04-15T04:04:00+00:00
[2023-04-15T11:04:47.571+0700] {processor.py:175} INFO - Processing /home/ahyar/Documents/tut_folder/tut_python/python_script/tut_airflow/env_airflow/lib/python3.9/site-packages/airflow/example_dags/example_branch_python_dop_operator_3.py took 0.154 seconds
