[2023-04-15T10:47:05.145+0700] {processor.py:153} INFO - Started process (PID=16528) to work on /home/ahyar/Documents/tut_folder/tut_python/python_script/tut_airflow/env_airflow/lib/python3.9/site-packages/airflow/example_dags/example_branch_operator_decorator.py
[2023-04-15T10:47:05.146+0700] {processor.py:743} INFO - Processing file /home/ahyar/Documents/tut_folder/tut_python/python_script/tut_airflow/env_airflow/lib/python3.9/site-packages/airflow/example_dags/example_branch_operator_decorator.py for tasks to queue
[2023-04-15T10:47:05.146+0700] {logging_mixin.py:137} INFO - [2023-04-15T10:47:05.146+0700] {dagbag.py:532} INFO - Filling up the DagBag from /home/ahyar/Documents/tut_folder/tut_python/python_script/tut_airflow/env_airflow/lib/python3.9/site-packages/airflow/example_dags/example_branch_operator_decorator.py
[2023-04-15T10:47:05.164+0700] {processor.py:753} INFO - DAG(s) dict_keys(['example_branch_python_operator_decorator']) retrieved from /home/ahyar/Documents/tut_folder/tut_python/python_script/tut_airflow/env_airflow/lib/python3.9/site-packages/airflow/example_dags/example_branch_operator_decorator.py
[2023-04-15T10:47:05.225+0700] {logging_mixin.py:137} INFO - [2023-04-15T10:47:05.225+0700] {manager.py:504} INFO - Created Permission View: can read on DAG:example_branch_python_operator_decorator
[2023-04-15T10:47:05.233+0700] {logging_mixin.py:137} INFO - [2023-04-15T10:47:05.233+0700] {manager.py:504} INFO - Created Permission View: can edit on DAG:example_branch_python_operator_decorator
[2023-04-15T10:47:05.241+0700] {logging_mixin.py:137} INFO - [2023-04-15T10:47:05.241+0700] {manager.py:504} INFO - Created Permission View: can delete on DAG:example_branch_python_operator_decorator
[2023-04-15T10:47:05.241+0700] {logging_mixin.py:137} INFO - [2023-04-15T10:47:05.241+0700] {dag.py:2705} INFO - Sync 1 DAGs
[2023-04-15T10:47:05.247+0700] {logging_mixin.py:137} INFO - [2023-04-15T10:47:05.247+0700] {dag.py:2726} INFO - Creating ORM DAG for example_branch_python_operator_decorator
[2023-04-15T10:47:05.252+0700] {logging_mixin.py:137} INFO - [2023-04-15T10:47:05.252+0700] {dag.py:3452} INFO - Setting next_dagrun for example_branch_python_operator_decorator to 2023-04-14T00:00:00+00:00, run_after=2023-04-15T00:00:00+00:00
[2023-04-15T10:47:05.268+0700] {processor.py:175} INFO - Processing /home/ahyar/Documents/tut_folder/tut_python/python_script/tut_airflow/env_airflow/lib/python3.9/site-packages/airflow/example_dags/example_branch_operator_decorator.py took 0.127 seconds
[2023-04-15T10:47:46.147+0700] {processor.py:153} INFO - Started process (PID=16654) to work on /home/ahyar/Documents/tut_folder/tut_python/python_script/tut_airflow/env_airflow/lib/python3.9/site-packages/airflow/example_dags/example_branch_operator_decorator.py
[2023-04-15T10:47:46.148+0700] {processor.py:743} INFO - Processing file /home/ahyar/Documents/tut_folder/tut_python/python_script/tut_airflow/env_airflow/lib/python3.9/site-packages/airflow/example_dags/example_branch_operator_decorator.py for tasks to queue
[2023-04-15T10:47:46.149+0700] {logging_mixin.py:137} INFO - [2023-04-15T10:47:46.149+0700] {dagbag.py:532} INFO - Filling up the DagBag from /home/ahyar/Documents/tut_folder/tut_python/python_script/tut_airflow/env_airflow/lib/python3.9/site-packages/airflow/example_dags/example_branch_operator_decorator.py
[2023-04-15T10:47:46.165+0700] {processor.py:753} INFO - DAG(s) dict_keys(['example_branch_python_operator_decorator']) retrieved from /home/ahyar/Documents/tut_folder/tut_python/python_script/tut_airflow/env_airflow/lib/python3.9/site-packages/airflow/example_dags/example_branch_operator_decorator.py
[2023-04-15T10:47:46.176+0700] {logging_mixin.py:137} INFO - [2023-04-15T10:47:46.176+0700] {dag.py:2705} INFO - Sync 1 DAGs
[2023-04-15T10:47:46.187+0700] {logging_mixin.py:137} INFO - [2023-04-15T10:47:46.187+0700] {dag.py:3452} INFO - Setting next_dagrun for example_branch_python_operator_decorator to 2023-04-14T00:00:00+00:00, run_after=2023-04-15T00:00:00+00:00
[2023-04-15T10:47:46.200+0700] {processor.py:175} INFO - Processing /home/ahyar/Documents/tut_folder/tut_python/python_script/tut_airflow/env_airflow/lib/python3.9/site-packages/airflow/example_dags/example_branch_operator_decorator.py took 0.057 seconds
[2023-04-15T10:48:57.393+0700] {processor.py:153} INFO - Started process (PID=17261) to work on /home/ahyar/Documents/tut_folder/tut_python/python_script/tut_airflow/env_airflow/lib/python3.9/site-packages/airflow/example_dags/example_branch_operator_decorator.py
[2023-04-15T10:48:57.394+0700] {processor.py:743} INFO - Processing file /home/ahyar/Documents/tut_folder/tut_python/python_script/tut_airflow/env_airflow/lib/python3.9/site-packages/airflow/example_dags/example_branch_operator_decorator.py for tasks to queue
[2023-04-15T10:48:57.395+0700] {logging_mixin.py:137} INFO - [2023-04-15T10:48:57.394+0700] {dagbag.py:532} INFO - Filling up the DagBag from /home/ahyar/Documents/tut_folder/tut_python/python_script/tut_airflow/env_airflow/lib/python3.9/site-packages/airflow/example_dags/example_branch_operator_decorator.py
[2023-04-15T10:48:57.415+0700] {processor.py:753} INFO - DAG(s) dict_keys(['example_branch_python_operator_decorator']) retrieved from /home/ahyar/Documents/tut_folder/tut_python/python_script/tut_airflow/env_airflow/lib/python3.9/site-packages/airflow/example_dags/example_branch_operator_decorator.py
[2023-04-15T10:48:57.434+0700] {logging_mixin.py:137} INFO - [2023-04-15T10:48:57.434+0700] {dag.py:2705} INFO - Sync 1 DAGs
[2023-04-15T10:48:57.448+0700] {logging_mixin.py:137} INFO - [2023-04-15T10:48:57.448+0700] {dag.py:3452} INFO - Setting next_dagrun for example_branch_python_operator_decorator to 2023-04-14T00:00:00+00:00, run_after=2023-04-15T00:00:00+00:00
[2023-04-15T10:48:57.468+0700] {processor.py:175} INFO - Processing /home/ahyar/Documents/tut_folder/tut_python/python_script/tut_airflow/env_airflow/lib/python3.9/site-packages/airflow/example_dags/example_branch_operator_decorator.py took 0.076 seconds
[2023-04-15T10:49:48.694+0700] {processor.py:153} INFO - Started process (PID=17484) to work on /home/ahyar/Documents/tut_folder/tut_python/python_script/tut_airflow/env_airflow/lib/python3.9/site-packages/airflow/example_dags/example_branch_operator_decorator.py
[2023-04-15T10:49:48.695+0700] {processor.py:743} INFO - Processing file /home/ahyar/Documents/tut_folder/tut_python/python_script/tut_airflow/env_airflow/lib/python3.9/site-packages/airflow/example_dags/example_branch_operator_decorator.py for tasks to queue
[2023-04-15T10:49:48.697+0700] {logging_mixin.py:137} INFO - [2023-04-15T10:49:48.697+0700] {dagbag.py:532} INFO - Filling up the DagBag from /home/ahyar/Documents/tut_folder/tut_python/python_script/tut_airflow/env_airflow/lib/python3.9/site-packages/airflow/example_dags/example_branch_operator_decorator.py
[2023-04-15T10:49:48.745+0700] {processor.py:753} INFO - DAG(s) dict_keys(['example_branch_python_operator_decorator']) retrieved from /home/ahyar/Documents/tut_folder/tut_python/python_script/tut_airflow/env_airflow/lib/python3.9/site-packages/airflow/example_dags/example_branch_operator_decorator.py
[2023-04-15T10:49:48.768+0700] {logging_mixin.py:137} INFO - [2023-04-15T10:49:48.768+0700] {dag.py:2705} INFO - Sync 1 DAGs
[2023-04-15T10:49:48.787+0700] {logging_mixin.py:137} INFO - [2023-04-15T10:49:48.787+0700] {dag.py:3452} INFO - Setting next_dagrun for example_branch_python_operator_decorator to 2023-04-14T00:00:00+00:00, run_after=2023-04-15T00:00:00+00:00
[2023-04-15T10:49:48.819+0700] {processor.py:175} INFO - Processing /home/ahyar/Documents/tut_folder/tut_python/python_script/tut_airflow/env_airflow/lib/python3.9/site-packages/airflow/example_dags/example_branch_operator_decorator.py took 0.127 seconds
[2023-04-15T10:50:31.374+0700] {processor.py:153} INFO - Started process (PID=17736) to work on /home/ahyar/Documents/tut_folder/tut_python/python_script/tut_airflow/env_airflow/lib/python3.9/site-packages/airflow/example_dags/example_branch_operator_decorator.py
[2023-04-15T10:50:31.375+0700] {processor.py:743} INFO - Processing file /home/ahyar/Documents/tut_folder/tut_python/python_script/tut_airflow/env_airflow/lib/python3.9/site-packages/airflow/example_dags/example_branch_operator_decorator.py for tasks to queue
[2023-04-15T10:50:31.375+0700] {logging_mixin.py:137} INFO - [2023-04-15T10:50:31.375+0700] {dagbag.py:532} INFO - Filling up the DagBag from /home/ahyar/Documents/tut_folder/tut_python/python_script/tut_airflow/env_airflow/lib/python3.9/site-packages/airflow/example_dags/example_branch_operator_decorator.py
[2023-04-15T10:50:31.397+0700] {processor.py:753} INFO - DAG(s) dict_keys(['example_branch_python_operator_decorator']) retrieved from /home/ahyar/Documents/tut_folder/tut_python/python_script/tut_airflow/env_airflow/lib/python3.9/site-packages/airflow/example_dags/example_branch_operator_decorator.py
[2023-04-15T10:50:31.413+0700] {logging_mixin.py:137} INFO - [2023-04-15T10:50:31.413+0700] {dag.py:2705} INFO - Sync 1 DAGs
[2023-04-15T10:50:31.428+0700] {logging_mixin.py:137} INFO - [2023-04-15T10:50:31.428+0700] {dag.py:3452} INFO - Setting next_dagrun for example_branch_python_operator_decorator to 2023-04-14T00:00:00+00:00, run_after=2023-04-15T00:00:00+00:00
[2023-04-15T10:50:31.446+0700] {processor.py:175} INFO - Processing /home/ahyar/Documents/tut_folder/tut_python/python_script/tut_airflow/env_airflow/lib/python3.9/site-packages/airflow/example_dags/example_branch_operator_decorator.py took 0.075 seconds
[2023-04-15T10:51:12.964+0700] {processor.py:153} INFO - Started process (PID=17820) to work on /home/ahyar/Documents/tut_folder/tut_python/python_script/tut_airflow/env_airflow/lib/python3.9/site-packages/airflow/example_dags/example_branch_operator_decorator.py
[2023-04-15T10:51:12.965+0700] {processor.py:743} INFO - Processing file /home/ahyar/Documents/tut_folder/tut_python/python_script/tut_airflow/env_airflow/lib/python3.9/site-packages/airflow/example_dags/example_branch_operator_decorator.py for tasks to queue
[2023-04-15T10:51:12.965+0700] {logging_mixin.py:137} INFO - [2023-04-15T10:51:12.965+0700] {dagbag.py:532} INFO - Filling up the DagBag from /home/ahyar/Documents/tut_folder/tut_python/python_script/tut_airflow/env_airflow/lib/python3.9/site-packages/airflow/example_dags/example_branch_operator_decorator.py
[2023-04-15T10:51:12.982+0700] {processor.py:753} INFO - DAG(s) dict_keys(['example_branch_python_operator_decorator']) retrieved from /home/ahyar/Documents/tut_folder/tut_python/python_script/tut_airflow/env_airflow/lib/python3.9/site-packages/airflow/example_dags/example_branch_operator_decorator.py
[2023-04-15T10:51:12.993+0700] {logging_mixin.py:137} INFO - [2023-04-15T10:51:12.993+0700] {dag.py:2705} INFO - Sync 1 DAGs
[2023-04-15T10:51:13.004+0700] {logging_mixin.py:137} INFO - [2023-04-15T10:51:13.004+0700] {dag.py:3452} INFO - Setting next_dagrun for example_branch_python_operator_decorator to 2023-04-14T00:00:00+00:00, run_after=2023-04-15T00:00:00+00:00
[2023-04-15T10:51:13.017+0700] {processor.py:175} INFO - Processing /home/ahyar/Documents/tut_folder/tut_python/python_script/tut_airflow/env_airflow/lib/python3.9/site-packages/airflow/example_dags/example_branch_operator_decorator.py took 0.057 seconds
[2023-04-15T10:51:56.618+0700] {processor.py:153} INFO - Started process (PID=17885) to work on /home/ahyar/Documents/tut_folder/tut_python/python_script/tut_airflow/env_airflow/lib/python3.9/site-packages/airflow/example_dags/example_branch_operator_decorator.py
[2023-04-15T10:51:56.623+0700] {processor.py:743} INFO - Processing file /home/ahyar/Documents/tut_folder/tut_python/python_script/tut_airflow/env_airflow/lib/python3.9/site-packages/airflow/example_dags/example_branch_operator_decorator.py for tasks to queue
[2023-04-15T10:51:56.629+0700] {logging_mixin.py:137} INFO - [2023-04-15T10:51:56.628+0700] {dagbag.py:532} INFO - Filling up the DagBag from /home/ahyar/Documents/tut_folder/tut_python/python_script/tut_airflow/env_airflow/lib/python3.9/site-packages/airflow/example_dags/example_branch_operator_decorator.py
[2023-04-15T10:51:56.655+0700] {processor.py:753} INFO - DAG(s) dict_keys(['example_branch_python_operator_decorator']) retrieved from /home/ahyar/Documents/tut_folder/tut_python/python_script/tut_airflow/env_airflow/lib/python3.9/site-packages/airflow/example_dags/example_branch_operator_decorator.py
[2023-04-15T10:51:56.682+0700] {logging_mixin.py:137} INFO - [2023-04-15T10:51:56.682+0700] {dag.py:2705} INFO - Sync 1 DAGs
[2023-04-15T10:51:56.707+0700] {logging_mixin.py:137} INFO - [2023-04-15T10:51:56.706+0700] {dag.py:3452} INFO - Setting next_dagrun for example_branch_python_operator_decorator to 2023-04-14T00:00:00+00:00, run_after=2023-04-15T00:00:00+00:00
[2023-04-15T10:51:56.732+0700] {processor.py:175} INFO - Processing /home/ahyar/Documents/tut_folder/tut_python/python_script/tut_airflow/env_airflow/lib/python3.9/site-packages/airflow/example_dags/example_branch_operator_decorator.py took 0.116 seconds
[2023-04-15T10:52:41.438+0700] {processor.py:153} INFO - Started process (PID=18055) to work on /home/ahyar/Documents/tut_folder/tut_python/python_script/tut_airflow/env_airflow/lib/python3.9/site-packages/airflow/example_dags/example_branch_operator_decorator.py
[2023-04-15T10:52:41.439+0700] {processor.py:743} INFO - Processing file /home/ahyar/Documents/tut_folder/tut_python/python_script/tut_airflow/env_airflow/lib/python3.9/site-packages/airflow/example_dags/example_branch_operator_decorator.py for tasks to queue
[2023-04-15T10:52:41.440+0700] {logging_mixin.py:137} INFO - [2023-04-15T10:52:41.440+0700] {dagbag.py:532} INFO - Filling up the DagBag from /home/ahyar/Documents/tut_folder/tut_python/python_script/tut_airflow/env_airflow/lib/python3.9/site-packages/airflow/example_dags/example_branch_operator_decorator.py
[2023-04-15T10:52:41.488+0700] {processor.py:753} INFO - DAG(s) dict_keys(['example_branch_python_operator_decorator']) retrieved from /home/ahyar/Documents/tut_folder/tut_python/python_script/tut_airflow/env_airflow/lib/python3.9/site-packages/airflow/example_dags/example_branch_operator_decorator.py
[2023-04-15T10:52:41.530+0700] {logging_mixin.py:137} INFO - [2023-04-15T10:52:41.530+0700] {dag.py:2705} INFO - Sync 1 DAGs
[2023-04-15T10:52:41.576+0700] {logging_mixin.py:137} INFO - [2023-04-15T10:52:41.574+0700] {dag.py:3452} INFO - Setting next_dagrun for example_branch_python_operator_decorator to 2023-04-14T00:00:00+00:00, run_after=2023-04-15T00:00:00+00:00
[2023-04-15T10:52:41.629+0700] {processor.py:175} INFO - Processing /home/ahyar/Documents/tut_folder/tut_python/python_script/tut_airflow/env_airflow/lib/python3.9/site-packages/airflow/example_dags/example_branch_operator_decorator.py took 0.196 seconds
[2023-04-15T10:53:28.547+0700] {processor.py:153} INFO - Started process (PID=18160) to work on /home/ahyar/Documents/tut_folder/tut_python/python_script/tut_airflow/env_airflow/lib/python3.9/site-packages/airflow/example_dags/example_branch_operator_decorator.py
[2023-04-15T10:53:28.548+0700] {processor.py:743} INFO - Processing file /home/ahyar/Documents/tut_folder/tut_python/python_script/tut_airflow/env_airflow/lib/python3.9/site-packages/airflow/example_dags/example_branch_operator_decorator.py for tasks to queue
[2023-04-15T10:53:28.548+0700] {logging_mixin.py:137} INFO - [2023-04-15T10:53:28.548+0700] {dagbag.py:532} INFO - Filling up the DagBag from /home/ahyar/Documents/tut_folder/tut_python/python_script/tut_airflow/env_airflow/lib/python3.9/site-packages/airflow/example_dags/example_branch_operator_decorator.py
[2023-04-15T10:53:28.564+0700] {processor.py:753} INFO - DAG(s) dict_keys(['example_branch_python_operator_decorator']) retrieved from /home/ahyar/Documents/tut_folder/tut_python/python_script/tut_airflow/env_airflow/lib/python3.9/site-packages/airflow/example_dags/example_branch_operator_decorator.py
[2023-04-15T10:53:28.575+0700] {logging_mixin.py:137} INFO - [2023-04-15T10:53:28.575+0700] {dag.py:2705} INFO - Sync 1 DAGs
[2023-04-15T10:53:28.588+0700] {logging_mixin.py:137} INFO - [2023-04-15T10:53:28.587+0700] {dag.py:3452} INFO - Setting next_dagrun for example_branch_python_operator_decorator to 2023-04-14T00:00:00+00:00, run_after=2023-04-15T00:00:00+00:00
[2023-04-15T10:53:28.602+0700] {processor.py:175} INFO - Processing /home/ahyar/Documents/tut_folder/tut_python/python_script/tut_airflow/env_airflow/lib/python3.9/site-packages/airflow/example_dags/example_branch_operator_decorator.py took 0.058 seconds
[2023-04-15T10:54:14.272+0700] {processor.py:153} INFO - Started process (PID=18242) to work on /home/ahyar/Documents/tut_folder/tut_python/python_script/tut_airflow/env_airflow/lib/python3.9/site-packages/airflow/example_dags/example_branch_operator_decorator.py
[2023-04-15T10:54:14.273+0700] {processor.py:743} INFO - Processing file /home/ahyar/Documents/tut_folder/tut_python/python_script/tut_airflow/env_airflow/lib/python3.9/site-packages/airflow/example_dags/example_branch_operator_decorator.py for tasks to queue
[2023-04-15T10:54:14.276+0700] {logging_mixin.py:137} INFO - [2023-04-15T10:54:14.275+0700] {dagbag.py:532} INFO - Filling up the DagBag from /home/ahyar/Documents/tut_folder/tut_python/python_script/tut_airflow/env_airflow/lib/python3.9/site-packages/airflow/example_dags/example_branch_operator_decorator.py
[2023-04-15T10:54:14.306+0700] {processor.py:753} INFO - DAG(s) dict_keys(['example_branch_python_operator_decorator']) retrieved from /home/ahyar/Documents/tut_folder/tut_python/python_script/tut_airflow/env_airflow/lib/python3.9/site-packages/airflow/example_dags/example_branch_operator_decorator.py
[2023-04-15T10:54:14.337+0700] {logging_mixin.py:137} INFO - [2023-04-15T10:54:14.336+0700] {dag.py:2705} INFO - Sync 1 DAGs
[2023-04-15T10:54:14.392+0700] {logging_mixin.py:137} INFO - [2023-04-15T10:54:14.391+0700] {dag.py:3452} INFO - Setting next_dagrun for example_branch_python_operator_decorator to 2023-04-14T00:00:00+00:00, run_after=2023-04-15T00:00:00+00:00
[2023-04-15T10:54:14.443+0700] {processor.py:175} INFO - Processing /home/ahyar/Documents/tut_folder/tut_python/python_script/tut_airflow/env_airflow/lib/python3.9/site-packages/airflow/example_dags/example_branch_operator_decorator.py took 0.173 seconds
[2023-04-15T10:54:58.724+0700] {processor.py:153} INFO - Started process (PID=18316) to work on /home/ahyar/Documents/tut_folder/tut_python/python_script/tut_airflow/env_airflow/lib/python3.9/site-packages/airflow/example_dags/example_branch_operator_decorator.py
[2023-04-15T10:54:58.725+0700] {processor.py:743} INFO - Processing file /home/ahyar/Documents/tut_folder/tut_python/python_script/tut_airflow/env_airflow/lib/python3.9/site-packages/airflow/example_dags/example_branch_operator_decorator.py for tasks to queue
[2023-04-15T10:54:58.726+0700] {logging_mixin.py:137} INFO - [2023-04-15T10:54:58.726+0700] {dagbag.py:532} INFO - Filling up the DagBag from /home/ahyar/Documents/tut_folder/tut_python/python_script/tut_airflow/env_airflow/lib/python3.9/site-packages/airflow/example_dags/example_branch_operator_decorator.py
[2023-04-15T10:54:58.767+0700] {processor.py:753} INFO - DAG(s) dict_keys(['example_branch_python_operator_decorator']) retrieved from /home/ahyar/Documents/tut_folder/tut_python/python_script/tut_airflow/env_airflow/lib/python3.9/site-packages/airflow/example_dags/example_branch_operator_decorator.py
[2023-04-15T10:54:58.799+0700] {logging_mixin.py:137} INFO - [2023-04-15T10:54:58.798+0700] {dag.py:2705} INFO - Sync 1 DAGs
[2023-04-15T10:54:58.818+0700] {logging_mixin.py:137} INFO - [2023-04-15T10:54:58.818+0700] {dag.py:3452} INFO - Setting next_dagrun for example_branch_python_operator_decorator to 2023-04-14T00:00:00+00:00, run_after=2023-04-15T00:00:00+00:00
[2023-04-15T10:54:58.847+0700] {processor.py:175} INFO - Processing /home/ahyar/Documents/tut_folder/tut_python/python_script/tut_airflow/env_airflow/lib/python3.9/site-packages/airflow/example_dags/example_branch_operator_decorator.py took 0.127 seconds
[2023-04-15T10:55:44.446+0700] {processor.py:153} INFO - Started process (PID=18428) to work on /home/ahyar/Documents/tut_folder/tut_python/python_script/tut_airflow/env_airflow/lib/python3.9/site-packages/airflow/example_dags/example_branch_operator_decorator.py
[2023-04-15T10:55:44.447+0700] {processor.py:743} INFO - Processing file /home/ahyar/Documents/tut_folder/tut_python/python_script/tut_airflow/env_airflow/lib/python3.9/site-packages/airflow/example_dags/example_branch_operator_decorator.py for tasks to queue
[2023-04-15T10:55:44.447+0700] {logging_mixin.py:137} INFO - [2023-04-15T10:55:44.447+0700] {dagbag.py:532} INFO - Filling up the DagBag from /home/ahyar/Documents/tut_folder/tut_python/python_script/tut_airflow/env_airflow/lib/python3.9/site-packages/airflow/example_dags/example_branch_operator_decorator.py
[2023-04-15T10:55:44.466+0700] {processor.py:753} INFO - DAG(s) dict_keys(['example_branch_python_operator_decorator']) retrieved from /home/ahyar/Documents/tut_folder/tut_python/python_script/tut_airflow/env_airflow/lib/python3.9/site-packages/airflow/example_dags/example_branch_operator_decorator.py
[2023-04-15T10:55:44.481+0700] {logging_mixin.py:137} INFO - [2023-04-15T10:55:44.481+0700] {dag.py:2705} INFO - Sync 1 DAGs
[2023-04-15T10:55:44.494+0700] {logging_mixin.py:137} INFO - [2023-04-15T10:55:44.494+0700] {dag.py:3452} INFO - Setting next_dagrun for example_branch_python_operator_decorator to 2023-04-14T00:00:00+00:00, run_after=2023-04-15T00:00:00+00:00
[2023-04-15T10:55:44.510+0700] {processor.py:175} INFO - Processing /home/ahyar/Documents/tut_folder/tut_python/python_script/tut_airflow/env_airflow/lib/python3.9/site-packages/airflow/example_dags/example_branch_operator_decorator.py took 0.065 seconds
[2023-04-15T10:56:27.962+0700] {processor.py:153} INFO - Started process (PID=18481) to work on /home/ahyar/Documents/tut_folder/tut_python/python_script/tut_airflow/env_airflow/lib/python3.9/site-packages/airflow/example_dags/example_branch_operator_decorator.py
[2023-04-15T10:56:28.314+0700] {processor.py:743} INFO - Processing file /home/ahyar/Documents/tut_folder/tut_python/python_script/tut_airflow/env_airflow/lib/python3.9/site-packages/airflow/example_dags/example_branch_operator_decorator.py for tasks to queue
[2023-04-15T10:56:28.316+0700] {logging_mixin.py:137} INFO - [2023-04-15T10:56:28.316+0700] {dagbag.py:532} INFO - Filling up the DagBag from /home/ahyar/Documents/tut_folder/tut_python/python_script/tut_airflow/env_airflow/lib/python3.9/site-packages/airflow/example_dags/example_branch_operator_decorator.py
[2023-04-15T10:56:28.342+0700] {processor.py:753} INFO - DAG(s) dict_keys(['example_branch_python_operator_decorator']) retrieved from /home/ahyar/Documents/tut_folder/tut_python/python_script/tut_airflow/env_airflow/lib/python3.9/site-packages/airflow/example_dags/example_branch_operator_decorator.py
[2023-04-15T10:56:28.352+0700] {logging_mixin.py:137} INFO - [2023-04-15T10:56:28.352+0700] {dag.py:2705} INFO - Sync 1 DAGs
[2023-04-15T10:56:28.363+0700] {logging_mixin.py:137} INFO - [2023-04-15T10:56:28.363+0700] {dag.py:3452} INFO - Setting next_dagrun for example_branch_python_operator_decorator to 2023-04-14T00:00:00+00:00, run_after=2023-04-15T00:00:00+00:00
[2023-04-15T10:56:28.452+0700] {processor.py:175} INFO - Processing /home/ahyar/Documents/tut_folder/tut_python/python_script/tut_airflow/env_airflow/lib/python3.9/site-packages/airflow/example_dags/example_branch_operator_decorator.py took 0.494 seconds
[2023-04-15T10:57:09.929+0700] {processor.py:153} INFO - Started process (PID=18561) to work on /home/ahyar/Documents/tut_folder/tut_python/python_script/tut_airflow/env_airflow/lib/python3.9/site-packages/airflow/example_dags/example_branch_operator_decorator.py
[2023-04-15T10:57:10.354+0700] {processor.py:743} INFO - Processing file /home/ahyar/Documents/tut_folder/tut_python/python_script/tut_airflow/env_airflow/lib/python3.9/site-packages/airflow/example_dags/example_branch_operator_decorator.py for tasks to queue
[2023-04-15T10:57:10.356+0700] {logging_mixin.py:137} INFO - [2023-04-15T10:57:10.356+0700] {dagbag.py:532} INFO - Filling up the DagBag from /home/ahyar/Documents/tut_folder/tut_python/python_script/tut_airflow/env_airflow/lib/python3.9/site-packages/airflow/example_dags/example_branch_operator_decorator.py
[2023-04-15T10:57:10.416+0700] {processor.py:753} INFO - DAG(s) dict_keys(['example_branch_python_operator_decorator']) retrieved from /home/ahyar/Documents/tut_folder/tut_python/python_script/tut_airflow/env_airflow/lib/python3.9/site-packages/airflow/example_dags/example_branch_operator_decorator.py
[2023-04-15T10:57:10.456+0700] {logging_mixin.py:137} INFO - [2023-04-15T10:57:10.456+0700] {dag.py:2705} INFO - Sync 1 DAGs
[2023-04-15T10:57:10.491+0700] {logging_mixin.py:137} INFO - [2023-04-15T10:57:10.491+0700] {dag.py:3452} INFO - Setting next_dagrun for example_branch_python_operator_decorator to 2023-04-14T00:00:00+00:00, run_after=2023-04-15T00:00:00+00:00
[2023-04-15T10:57:10.577+0700] {processor.py:175} INFO - Processing /home/ahyar/Documents/tut_folder/tut_python/python_script/tut_airflow/env_airflow/lib/python3.9/site-packages/airflow/example_dags/example_branch_operator_decorator.py took 0.652 seconds
[2023-04-15T10:57:53.897+0700] {processor.py:153} INFO - Started process (PID=18630) to work on /home/ahyar/Documents/tut_folder/tut_python/python_script/tut_airflow/env_airflow/lib/python3.9/site-packages/airflow/example_dags/example_branch_operator_decorator.py
[2023-04-15T10:57:53.898+0700] {processor.py:743} INFO - Processing file /home/ahyar/Documents/tut_folder/tut_python/python_script/tut_airflow/env_airflow/lib/python3.9/site-packages/airflow/example_dags/example_branch_operator_decorator.py for tasks to queue
[2023-04-15T10:57:53.899+0700] {logging_mixin.py:137} INFO - [2023-04-15T10:57:53.898+0700] {dagbag.py:532} INFO - Filling up the DagBag from /home/ahyar/Documents/tut_folder/tut_python/python_script/tut_airflow/env_airflow/lib/python3.9/site-packages/airflow/example_dags/example_branch_operator_decorator.py
[2023-04-15T10:57:53.916+0700] {processor.py:753} INFO - DAG(s) dict_keys(['example_branch_python_operator_decorator']) retrieved from /home/ahyar/Documents/tut_folder/tut_python/python_script/tut_airflow/env_airflow/lib/python3.9/site-packages/airflow/example_dags/example_branch_operator_decorator.py
[2023-04-15T10:57:53.933+0700] {logging_mixin.py:137} INFO - [2023-04-15T10:57:53.933+0700] {dag.py:2705} INFO - Sync 1 DAGs
[2023-04-15T10:57:53.951+0700] {logging_mixin.py:137} INFO - [2023-04-15T10:57:53.951+0700] {dag.py:3452} INFO - Setting next_dagrun for example_branch_python_operator_decorator to 2023-04-14T00:00:00+00:00, run_after=2023-04-15T00:00:00+00:00
[2023-04-15T10:57:53.967+0700] {processor.py:175} INFO - Processing /home/ahyar/Documents/tut_folder/tut_python/python_script/tut_airflow/env_airflow/lib/python3.9/site-packages/airflow/example_dags/example_branch_operator_decorator.py took 0.073 seconds
[2023-04-15T10:58:41.797+0700] {processor.py:153} INFO - Started process (PID=18781) to work on /home/ahyar/Documents/tut_folder/tut_python/python_script/tut_airflow/env_airflow/lib/python3.9/site-packages/airflow/example_dags/example_branch_operator_decorator.py
[2023-04-15T10:58:41.799+0700] {processor.py:743} INFO - Processing file /home/ahyar/Documents/tut_folder/tut_python/python_script/tut_airflow/env_airflow/lib/python3.9/site-packages/airflow/example_dags/example_branch_operator_decorator.py for tasks to queue
[2023-04-15T10:58:41.800+0700] {logging_mixin.py:137} INFO - [2023-04-15T10:58:41.800+0700] {dagbag.py:532} INFO - Filling up the DagBag from /home/ahyar/Documents/tut_folder/tut_python/python_script/tut_airflow/env_airflow/lib/python3.9/site-packages/airflow/example_dags/example_branch_operator_decorator.py
[2023-04-15T10:58:41.832+0700] {processor.py:753} INFO - DAG(s) dict_keys(['example_branch_python_operator_decorator']) retrieved from /home/ahyar/Documents/tut_folder/tut_python/python_script/tut_airflow/env_airflow/lib/python3.9/site-packages/airflow/example_dags/example_branch_operator_decorator.py
[2023-04-15T10:58:41.865+0700] {logging_mixin.py:137} INFO - [2023-04-15T10:58:41.865+0700] {dag.py:2705} INFO - Sync 1 DAGs
[2023-04-15T10:58:41.885+0700] {logging_mixin.py:137} INFO - [2023-04-15T10:58:41.885+0700] {dag.py:3452} INFO - Setting next_dagrun for example_branch_python_operator_decorator to 2023-04-14T00:00:00+00:00, run_after=2023-04-15T00:00:00+00:00
[2023-04-15T10:58:41.911+0700] {processor.py:175} INFO - Processing /home/ahyar/Documents/tut_folder/tut_python/python_script/tut_airflow/env_airflow/lib/python3.9/site-packages/airflow/example_dags/example_branch_operator_decorator.py took 0.117 seconds
[2023-04-15T11:00:53.672+0700] {processor.py:153} INFO - Started process (PID=20195) to work on /home/ahyar/Documents/tut_folder/tut_python/python_script/tut_airflow/env_airflow/lib/python3.9/site-packages/airflow/example_dags/example_branch_operator_decorator.py
[2023-04-15T11:00:53.675+0700] {processor.py:743} INFO - Processing file /home/ahyar/Documents/tut_folder/tut_python/python_script/tut_airflow/env_airflow/lib/python3.9/site-packages/airflow/example_dags/example_branch_operator_decorator.py for tasks to queue
[2023-04-15T11:00:53.682+0700] {logging_mixin.py:137} INFO - [2023-04-15T11:00:53.681+0700] {dagbag.py:532} INFO - Filling up the DagBag from /home/ahyar/Documents/tut_folder/tut_python/python_script/tut_airflow/env_airflow/lib/python3.9/site-packages/airflow/example_dags/example_branch_operator_decorator.py
[2023-04-15T11:00:53.755+0700] {processor.py:753} INFO - DAG(s) dict_keys(['example_branch_python_operator_decorator']) retrieved from /home/ahyar/Documents/tut_folder/tut_python/python_script/tut_airflow/env_airflow/lib/python3.9/site-packages/airflow/example_dags/example_branch_operator_decorator.py
[2023-04-15T11:00:53.797+0700] {logging_mixin.py:137} INFO - [2023-04-15T11:00:53.796+0700] {dag.py:2705} INFO - Sync 1 DAGs
[2023-04-15T11:00:53.840+0700] {logging_mixin.py:137} INFO - [2023-04-15T11:00:53.840+0700] {dag.py:3452} INFO - Setting next_dagrun for example_branch_python_operator_decorator to 2023-04-14T00:00:00+00:00, run_after=2023-04-15T00:00:00+00:00
[2023-04-15T11:00:53.872+0700] {processor.py:175} INFO - Processing /home/ahyar/Documents/tut_folder/tut_python/python_script/tut_airflow/env_airflow/lib/python3.9/site-packages/airflow/example_dags/example_branch_operator_decorator.py took 0.211 seconds
[2023-04-15T11:04:27.949+0700] {processor.py:153} INFO - Started process (PID=22677) to work on /home/ahyar/Documents/tut_folder/tut_python/python_script/tut_airflow/env_airflow/lib/python3.9/site-packages/airflow/example_dags/example_branch_operator_decorator.py
[2023-04-15T11:04:27.950+0700] {processor.py:743} INFO - Processing file /home/ahyar/Documents/tut_folder/tut_python/python_script/tut_airflow/env_airflow/lib/python3.9/site-packages/airflow/example_dags/example_branch_operator_decorator.py for tasks to queue
[2023-04-15T11:04:27.951+0700] {logging_mixin.py:137} INFO - [2023-04-15T11:04:27.951+0700] {dagbag.py:532} INFO - Filling up the DagBag from /home/ahyar/Documents/tut_folder/tut_python/python_script/tut_airflow/env_airflow/lib/python3.9/site-packages/airflow/example_dags/example_branch_operator_decorator.py
[2023-04-15T11:04:27.970+0700] {processor.py:753} INFO - DAG(s) dict_keys(['example_branch_python_operator_decorator']) retrieved from /home/ahyar/Documents/tut_folder/tut_python/python_script/tut_airflow/env_airflow/lib/python3.9/site-packages/airflow/example_dags/example_branch_operator_decorator.py
[2023-04-15T11:04:27.987+0700] {logging_mixin.py:137} INFO - [2023-04-15T11:04:27.987+0700] {dag.py:2705} INFO - Sync 1 DAGs
[2023-04-15T11:04:28.000+0700] {logging_mixin.py:137} INFO - [2023-04-15T11:04:28.000+0700] {dag.py:3452} INFO - Setting next_dagrun for example_branch_python_operator_decorator to 2023-04-14T00:00:00+00:00, run_after=2023-04-15T00:00:00+00:00
[2023-04-15T11:04:28.098+0700] {processor.py:175} INFO - Processing /home/ahyar/Documents/tut_folder/tut_python/python_script/tut_airflow/env_airflow/lib/python3.9/site-packages/airflow/example_dags/example_branch_operator_decorator.py took 0.150 seconds
