[2023-04-15T10:46:22.188+0700] {processor.py:153} INFO - Started process (PID=16283) to work on /home/ahyar/Documents/tut_folder/tut_python/python_script/tut_airflow/env_airflow/lib/python3.9/site-packages/airflow/example_dags/example_dynamic_task_mapping.py
[2023-04-15T10:46:22.188+0700] {processor.py:743} INFO - Processing file /home/ahyar/Documents/tut_folder/tut_python/python_script/tut_airflow/env_airflow/lib/python3.9/site-packages/airflow/example_dags/example_dynamic_task_mapping.py for tasks to queue
[2023-04-15T10:46:22.188+0700] {logging_mixin.py:137} INFO - [2023-04-15T10:46:22.188+0700] {dagbag.py:532} INFO - Filling up the DagBag from /home/ahyar/Documents/tut_folder/tut_python/python_script/tut_airflow/env_airflow/lib/python3.9/site-packages/airflow/example_dags/example_dynamic_task_mapping.py
[2023-04-15T10:46:22.204+0700] {processor.py:753} INFO - DAG(s) dict_keys(['example_dynamic_task_mapping']) retrieved from /home/ahyar/Documents/tut_folder/tut_python/python_script/tut_airflow/env_airflow/lib/python3.9/site-packages/airflow/example_dags/example_dynamic_task_mapping.py
[2023-04-15T10:46:22.272+0700] {logging_mixin.py:137} INFO - [2023-04-15T10:46:22.271+0700] {manager.py:504} INFO - Created Permission View: can read on DAG:example_dynamic_task_mapping
[2023-04-15T10:46:22.281+0700] {logging_mixin.py:137} INFO - [2023-04-15T10:46:22.281+0700] {manager.py:504} INFO - Created Permission View: can edit on DAG:example_dynamic_task_mapping
[2023-04-15T10:46:22.290+0700] {logging_mixin.py:137} INFO - [2023-04-15T10:46:22.290+0700] {manager.py:504} INFO - Created Permission View: can delete on DAG:example_dynamic_task_mapping
[2023-04-15T10:46:22.290+0700] {logging_mixin.py:137} INFO - [2023-04-15T10:46:22.290+0700] {dag.py:2705} INFO - Sync 1 DAGs
[2023-04-15T10:46:22.298+0700] {logging_mixin.py:137} INFO - [2023-04-15T10:46:22.298+0700] {dag.py:2726} INFO - Creating ORM DAG for example_dynamic_task_mapping
[2023-04-15T10:46:22.304+0700] {logging_mixin.py:137} INFO - [2023-04-15T10:46:22.304+0700] {dag.py:3452} INFO - Setting next_dagrun for example_dynamic_task_mapping to 2022-03-04T00:00:00+00:00, run_after=2022-03-05T00:00:00+00:00
[2023-04-15T10:46:22.319+0700] {processor.py:175} INFO - Processing /home/ahyar/Documents/tut_folder/tut_python/python_script/tut_airflow/env_airflow/lib/python3.9/site-packages/airflow/example_dags/example_dynamic_task_mapping.py took 0.133 seconds
[2023-04-15T10:47:07.911+0700] {processor.py:153} INFO - Started process (PID=16561) to work on /home/ahyar/Documents/tut_folder/tut_python/python_script/tut_airflow/env_airflow/lib/python3.9/site-packages/airflow/example_dags/example_dynamic_task_mapping.py
[2023-04-15T10:47:07.913+0700] {processor.py:743} INFO - Processing file /home/ahyar/Documents/tut_folder/tut_python/python_script/tut_airflow/env_airflow/lib/python3.9/site-packages/airflow/example_dags/example_dynamic_task_mapping.py for tasks to queue
[2023-04-15T10:47:07.914+0700] {logging_mixin.py:137} INFO - [2023-04-15T10:47:07.913+0700] {dagbag.py:532} INFO - Filling up the DagBag from /home/ahyar/Documents/tut_folder/tut_python/python_script/tut_airflow/env_airflow/lib/python3.9/site-packages/airflow/example_dags/example_dynamic_task_mapping.py
[2023-04-15T10:47:07.931+0700] {processor.py:753} INFO - DAG(s) dict_keys(['example_dynamic_task_mapping']) retrieved from /home/ahyar/Documents/tut_folder/tut_python/python_script/tut_airflow/env_airflow/lib/python3.9/site-packages/airflow/example_dags/example_dynamic_task_mapping.py
[2023-04-15T10:47:07.940+0700] {logging_mixin.py:137} INFO - [2023-04-15T10:47:07.940+0700] {dag.py:2705} INFO - Sync 1 DAGs
[2023-04-15T10:47:07.950+0700] {logging_mixin.py:137} INFO - [2023-04-15T10:47:07.950+0700] {dag.py:3452} INFO - Setting next_dagrun for example_dynamic_task_mapping to 2022-03-04T00:00:00+00:00, run_after=2022-03-05T00:00:00+00:00
[2023-04-15T10:47:07.964+0700] {processor.py:175} INFO - Processing /home/ahyar/Documents/tut_folder/tut_python/python_script/tut_airflow/env_airflow/lib/python3.9/site-packages/airflow/example_dags/example_dynamic_task_mapping.py took 0.056 seconds
[2023-04-15T10:47:48.993+0700] {processor.py:153} INFO - Started process (PID=16731) to work on /home/ahyar/Documents/tut_folder/tut_python/python_script/tut_airflow/env_airflow/lib/python3.9/site-packages/airflow/example_dags/example_dynamic_task_mapping.py
[2023-04-15T10:47:48.994+0700] {processor.py:743} INFO - Processing file /home/ahyar/Documents/tut_folder/tut_python/python_script/tut_airflow/env_airflow/lib/python3.9/site-packages/airflow/example_dags/example_dynamic_task_mapping.py for tasks to queue
[2023-04-15T10:47:48.995+0700] {logging_mixin.py:137} INFO - [2023-04-15T10:47:48.995+0700] {dagbag.py:532} INFO - Filling up the DagBag from /home/ahyar/Documents/tut_folder/tut_python/python_script/tut_airflow/env_airflow/lib/python3.9/site-packages/airflow/example_dags/example_dynamic_task_mapping.py
[2023-04-15T10:47:49.018+0700] {processor.py:753} INFO - DAG(s) dict_keys(['example_dynamic_task_mapping']) retrieved from /home/ahyar/Documents/tut_folder/tut_python/python_script/tut_airflow/env_airflow/lib/python3.9/site-packages/airflow/example_dags/example_dynamic_task_mapping.py
[2023-04-15T10:47:49.028+0700] {logging_mixin.py:137} INFO - [2023-04-15T10:47:49.028+0700] {dag.py:2705} INFO - Sync 1 DAGs
[2023-04-15T10:47:49.040+0700] {logging_mixin.py:137} INFO - [2023-04-15T10:47:49.040+0700] {dag.py:3452} INFO - Setting next_dagrun for example_dynamic_task_mapping to 2022-03-04T00:00:00+00:00, run_after=2022-03-05T00:00:00+00:00
[2023-04-15T10:47:49.054+0700] {processor.py:175} INFO - Processing /home/ahyar/Documents/tut_folder/tut_python/python_script/tut_airflow/env_airflow/lib/python3.9/site-packages/airflow/example_dags/example_dynamic_task_mapping.py took 0.064 seconds
[2023-04-15T10:48:20.531+0700] {processor.py:153} INFO - Started process (PID=16949) to work on /home/ahyar/Documents/tut_folder/tut_python/python_script/tut_airflow/env_airflow/lib/python3.9/site-packages/airflow/example_dags/example_dynamic_task_mapping.py
[2023-04-15T10:48:20.531+0700] {processor.py:743} INFO - Processing file /home/ahyar/Documents/tut_folder/tut_python/python_script/tut_airflow/env_airflow/lib/python3.9/site-packages/airflow/example_dags/example_dynamic_task_mapping.py for tasks to queue
[2023-04-15T10:48:20.532+0700] {logging_mixin.py:137} INFO - [2023-04-15T10:48:20.532+0700] {dagbag.py:532} INFO - Filling up the DagBag from /home/ahyar/Documents/tut_folder/tut_python/python_script/tut_airflow/env_airflow/lib/python3.9/site-packages/airflow/example_dags/example_dynamic_task_mapping.py
[2023-04-15T10:48:20.557+0700] {processor.py:753} INFO - DAG(s) dict_keys(['example_dynamic_task_mapping']) retrieved from /home/ahyar/Documents/tut_folder/tut_python/python_script/tut_airflow/env_airflow/lib/python3.9/site-packages/airflow/example_dags/example_dynamic_task_mapping.py
[2023-04-15T10:48:20.573+0700] {logging_mixin.py:137} INFO - [2023-04-15T10:48:20.573+0700] {dag.py:2705} INFO - Sync 1 DAGs
[2023-04-15T10:48:20.587+0700] {logging_mixin.py:137} INFO - [2023-04-15T10:48:20.587+0700] {dag.py:3452} INFO - Setting next_dagrun for example_dynamic_task_mapping to 2022-03-04T00:00:00+00:00, run_after=2022-03-05T00:00:00+00:00
[2023-04-15T10:48:20.608+0700] {processor.py:175} INFO - Processing /home/ahyar/Documents/tut_folder/tut_python/python_script/tut_airflow/env_airflow/lib/python3.9/site-packages/airflow/example_dags/example_dynamic_task_mapping.py took 0.081 seconds
[2023-04-15T10:49:00.266+0700] {processor.py:153} INFO - Started process (PID=17285) to work on /home/ahyar/Documents/tut_folder/tut_python/python_script/tut_airflow/env_airflow/lib/python3.9/site-packages/airflow/example_dags/example_dynamic_task_mapping.py
[2023-04-15T10:49:00.267+0700] {processor.py:743} INFO - Processing file /home/ahyar/Documents/tut_folder/tut_python/python_script/tut_airflow/env_airflow/lib/python3.9/site-packages/airflow/example_dags/example_dynamic_task_mapping.py for tasks to queue
[2023-04-15T10:49:00.268+0700] {logging_mixin.py:137} INFO - [2023-04-15T10:49:00.268+0700] {dagbag.py:532} INFO - Filling up the DagBag from /home/ahyar/Documents/tut_folder/tut_python/python_script/tut_airflow/env_airflow/lib/python3.9/site-packages/airflow/example_dags/example_dynamic_task_mapping.py
[2023-04-15T10:49:00.291+0700] {processor.py:753} INFO - DAG(s) dict_keys(['example_dynamic_task_mapping']) retrieved from /home/ahyar/Documents/tut_folder/tut_python/python_script/tut_airflow/env_airflow/lib/python3.9/site-packages/airflow/example_dags/example_dynamic_task_mapping.py
[2023-04-15T10:49:00.305+0700] {logging_mixin.py:137} INFO - [2023-04-15T10:49:00.305+0700] {dag.py:2705} INFO - Sync 1 DAGs
[2023-04-15T10:49:00.321+0700] {logging_mixin.py:137} INFO - [2023-04-15T10:49:00.320+0700] {dag.py:3452} INFO - Setting next_dagrun for example_dynamic_task_mapping to 2022-03-04T00:00:00+00:00, run_after=2022-03-05T00:00:00+00:00
[2023-04-15T10:49:01.321+0700] {processor.py:175} INFO - Processing /home/ahyar/Documents/tut_folder/tut_python/python_script/tut_airflow/env_airflow/lib/python3.9/site-packages/airflow/example_dags/example_dynamic_task_mapping.py took 1.057 seconds
[2023-04-15T10:49:50.524+0700] {processor.py:153} INFO - Started process (PID=17504) to work on /home/ahyar/Documents/tut_folder/tut_python/python_script/tut_airflow/env_airflow/lib/python3.9/site-packages/airflow/example_dags/example_dynamic_task_mapping.py
[2023-04-15T10:49:50.527+0700] {processor.py:743} INFO - Processing file /home/ahyar/Documents/tut_folder/tut_python/python_script/tut_airflow/env_airflow/lib/python3.9/site-packages/airflow/example_dags/example_dynamic_task_mapping.py for tasks to queue
[2023-04-15T10:49:50.528+0700] {logging_mixin.py:137} INFO - [2023-04-15T10:49:50.528+0700] {dagbag.py:532} INFO - Filling up the DagBag from /home/ahyar/Documents/tut_folder/tut_python/python_script/tut_airflow/env_airflow/lib/python3.9/site-packages/airflow/example_dags/example_dynamic_task_mapping.py
[2023-04-15T10:49:50.569+0700] {processor.py:753} INFO - DAG(s) dict_keys(['example_dynamic_task_mapping']) retrieved from /home/ahyar/Documents/tut_folder/tut_python/python_script/tut_airflow/env_airflow/lib/python3.9/site-packages/airflow/example_dags/example_dynamic_task_mapping.py
[2023-04-15T10:49:50.659+0700] {logging_mixin.py:137} INFO - [2023-04-15T10:49:50.658+0700] {dag.py:2705} INFO - Sync 1 DAGs
[2023-04-15T10:49:50.735+0700] {logging_mixin.py:137} INFO - [2023-04-15T10:49:50.735+0700] {dag.py:3452} INFO - Setting next_dagrun for example_dynamic_task_mapping to 2022-03-04T00:00:00+00:00, run_after=2022-03-05T00:00:00+00:00
[2023-04-15T10:49:50.849+0700] {processor.py:175} INFO - Processing /home/ahyar/Documents/tut_folder/tut_python/python_script/tut_airflow/env_airflow/lib/python3.9/site-packages/airflow/example_dags/example_dynamic_task_mapping.py took 0.328 seconds
[2023-04-15T10:50:33.816+0700] {processor.py:153} INFO - Started process (PID=17741) to work on /home/ahyar/Documents/tut_folder/tut_python/python_script/tut_airflow/env_airflow/lib/python3.9/site-packages/airflow/example_dags/example_dynamic_task_mapping.py
[2023-04-15T10:50:33.819+0700] {processor.py:743} INFO - Processing file /home/ahyar/Documents/tut_folder/tut_python/python_script/tut_airflow/env_airflow/lib/python3.9/site-packages/airflow/example_dags/example_dynamic_task_mapping.py for tasks to queue
[2023-04-15T10:50:33.820+0700] {logging_mixin.py:137} INFO - [2023-04-15T10:50:33.820+0700] {dagbag.py:532} INFO - Filling up the DagBag from /home/ahyar/Documents/tut_folder/tut_python/python_script/tut_airflow/env_airflow/lib/python3.9/site-packages/airflow/example_dags/example_dynamic_task_mapping.py
[2023-04-15T10:50:33.840+0700] {processor.py:753} INFO - DAG(s) dict_keys(['example_dynamic_task_mapping']) retrieved from /home/ahyar/Documents/tut_folder/tut_python/python_script/tut_airflow/env_airflow/lib/python3.9/site-packages/airflow/example_dags/example_dynamic_task_mapping.py
[2023-04-15T10:50:33.851+0700] {logging_mixin.py:137} INFO - [2023-04-15T10:50:33.851+0700] {dag.py:2705} INFO - Sync 1 DAGs
[2023-04-15T10:50:33.862+0700] {logging_mixin.py:137} INFO - [2023-04-15T10:50:33.862+0700] {dag.py:3452} INFO - Setting next_dagrun for example_dynamic_task_mapping to 2022-03-04T00:00:00+00:00, run_after=2022-03-05T00:00:00+00:00
[2023-04-15T10:50:33.875+0700] {processor.py:175} INFO - Processing /home/ahyar/Documents/tut_folder/tut_python/python_script/tut_airflow/env_airflow/lib/python3.9/site-packages/airflow/example_dags/example_dynamic_task_mapping.py took 0.063 seconds
[2023-04-15T10:51:15.518+0700] {processor.py:153} INFO - Started process (PID=17824) to work on /home/ahyar/Documents/tut_folder/tut_python/python_script/tut_airflow/env_airflow/lib/python3.9/site-packages/airflow/example_dags/example_dynamic_task_mapping.py
[2023-04-15T10:51:15.520+0700] {processor.py:743} INFO - Processing file /home/ahyar/Documents/tut_folder/tut_python/python_script/tut_airflow/env_airflow/lib/python3.9/site-packages/airflow/example_dags/example_dynamic_task_mapping.py for tasks to queue
[2023-04-15T10:51:15.521+0700] {logging_mixin.py:137} INFO - [2023-04-15T10:51:15.520+0700] {dagbag.py:532} INFO - Filling up the DagBag from /home/ahyar/Documents/tut_folder/tut_python/python_script/tut_airflow/env_airflow/lib/python3.9/site-packages/airflow/example_dags/example_dynamic_task_mapping.py
[2023-04-15T10:51:15.537+0700] {processor.py:753} INFO - DAG(s) dict_keys(['example_dynamic_task_mapping']) retrieved from /home/ahyar/Documents/tut_folder/tut_python/python_script/tut_airflow/env_airflow/lib/python3.9/site-packages/airflow/example_dags/example_dynamic_task_mapping.py
[2023-04-15T10:51:15.547+0700] {logging_mixin.py:137} INFO - [2023-04-15T10:51:15.547+0700] {dag.py:2705} INFO - Sync 1 DAGs
[2023-04-15T10:51:15.557+0700] {logging_mixin.py:137} INFO - [2023-04-15T10:51:15.557+0700] {dag.py:3452} INFO - Setting next_dagrun for example_dynamic_task_mapping to 2022-03-04T00:00:00+00:00, run_after=2022-03-05T00:00:00+00:00
[2023-04-15T10:51:15.571+0700] {processor.py:175} INFO - Processing /home/ahyar/Documents/tut_folder/tut_python/python_script/tut_airflow/env_airflow/lib/python3.9/site-packages/airflow/example_dags/example_dynamic_task_mapping.py took 0.057 seconds
[2023-04-15T10:51:59.363+0700] {processor.py:153} INFO - Started process (PID=17891) to work on /home/ahyar/Documents/tut_folder/tut_python/python_script/tut_airflow/env_airflow/lib/python3.9/site-packages/airflow/example_dags/example_dynamic_task_mapping.py
[2023-04-15T10:51:59.364+0700] {processor.py:743} INFO - Processing file /home/ahyar/Documents/tut_folder/tut_python/python_script/tut_airflow/env_airflow/lib/python3.9/site-packages/airflow/example_dags/example_dynamic_task_mapping.py for tasks to queue
[2023-04-15T10:51:59.365+0700] {logging_mixin.py:137} INFO - [2023-04-15T10:51:59.365+0700] {dagbag.py:532} INFO - Filling up the DagBag from /home/ahyar/Documents/tut_folder/tut_python/python_script/tut_airflow/env_airflow/lib/python3.9/site-packages/airflow/example_dags/example_dynamic_task_mapping.py
[2023-04-15T10:51:59.381+0700] {processor.py:753} INFO - DAG(s) dict_keys(['example_dynamic_task_mapping']) retrieved from /home/ahyar/Documents/tut_folder/tut_python/python_script/tut_airflow/env_airflow/lib/python3.9/site-packages/airflow/example_dags/example_dynamic_task_mapping.py
[2023-04-15T10:51:59.398+0700] {logging_mixin.py:137} INFO - [2023-04-15T10:51:59.397+0700] {dag.py:2705} INFO - Sync 1 DAGs
[2023-04-15T10:51:59.410+0700] {logging_mixin.py:137} INFO - [2023-04-15T10:51:59.410+0700] {dag.py:3452} INFO - Setting next_dagrun for example_dynamic_task_mapping to 2022-03-04T00:00:00+00:00, run_after=2022-03-05T00:00:00+00:00
[2023-04-15T10:51:59.426+0700] {processor.py:175} INFO - Processing /home/ahyar/Documents/tut_folder/tut_python/python_script/tut_airflow/env_airflow/lib/python3.9/site-packages/airflow/example_dags/example_dynamic_task_mapping.py took 0.065 seconds
[2023-04-15T10:52:45.270+0700] {processor.py:153} INFO - Started process (PID=18058) to work on /home/ahyar/Documents/tut_folder/tut_python/python_script/tut_airflow/env_airflow/lib/python3.9/site-packages/airflow/example_dags/example_dynamic_task_mapping.py
[2023-04-15T10:52:45.277+0700] {processor.py:743} INFO - Processing file /home/ahyar/Documents/tut_folder/tut_python/python_script/tut_airflow/env_airflow/lib/python3.9/site-packages/airflow/example_dags/example_dynamic_task_mapping.py for tasks to queue
[2023-04-15T10:52:45.278+0700] {logging_mixin.py:137} INFO - [2023-04-15T10:52:45.278+0700] {dagbag.py:532} INFO - Filling up the DagBag from /home/ahyar/Documents/tut_folder/tut_python/python_script/tut_airflow/env_airflow/lib/python3.9/site-packages/airflow/example_dags/example_dynamic_task_mapping.py
[2023-04-15T10:52:45.317+0700] {processor.py:753} INFO - DAG(s) dict_keys(['example_dynamic_task_mapping']) retrieved from /home/ahyar/Documents/tut_folder/tut_python/python_script/tut_airflow/env_airflow/lib/python3.9/site-packages/airflow/example_dags/example_dynamic_task_mapping.py
[2023-04-15T10:52:45.356+0700] {logging_mixin.py:137} INFO - [2023-04-15T10:52:45.356+0700] {dag.py:2705} INFO - Sync 1 DAGs
[2023-04-15T10:52:45.391+0700] {logging_mixin.py:137} INFO - [2023-04-15T10:52:45.390+0700] {dag.py:3452} INFO - Setting next_dagrun for example_dynamic_task_mapping to 2022-03-04T00:00:00+00:00, run_after=2022-03-05T00:00:00+00:00
[2023-04-15T10:52:45.458+0700] {processor.py:175} INFO - Processing /home/ahyar/Documents/tut_folder/tut_python/python_script/tut_airflow/env_airflow/lib/python3.9/site-packages/airflow/example_dags/example_dynamic_task_mapping.py took 0.191 seconds
[2023-04-15T10:53:31.955+0700] {processor.py:153} INFO - Started process (PID=18164) to work on /home/ahyar/Documents/tut_folder/tut_python/python_script/tut_airflow/env_airflow/lib/python3.9/site-packages/airflow/example_dags/example_dynamic_task_mapping.py
[2023-04-15T10:53:31.955+0700] {processor.py:743} INFO - Processing file /home/ahyar/Documents/tut_folder/tut_python/python_script/tut_airflow/env_airflow/lib/python3.9/site-packages/airflow/example_dags/example_dynamic_task_mapping.py for tasks to queue
[2023-04-15T10:53:31.956+0700] {logging_mixin.py:137} INFO - [2023-04-15T10:53:31.956+0700] {dagbag.py:532} INFO - Filling up the DagBag from /home/ahyar/Documents/tut_folder/tut_python/python_script/tut_airflow/env_airflow/lib/python3.9/site-packages/airflow/example_dags/example_dynamic_task_mapping.py
[2023-04-15T10:53:31.975+0700] {processor.py:753} INFO - DAG(s) dict_keys(['example_dynamic_task_mapping']) retrieved from /home/ahyar/Documents/tut_folder/tut_python/python_script/tut_airflow/env_airflow/lib/python3.9/site-packages/airflow/example_dags/example_dynamic_task_mapping.py
[2023-04-15T10:53:31.993+0700] {logging_mixin.py:137} INFO - [2023-04-15T10:53:31.993+0700] {dag.py:2705} INFO - Sync 1 DAGs
[2023-04-15T10:53:32.018+0700] {logging_mixin.py:137} INFO - [2023-04-15T10:53:32.018+0700] {dag.py:3452} INFO - Setting next_dagrun for example_dynamic_task_mapping to 2022-03-04T00:00:00+00:00, run_after=2022-03-05T00:00:00+00:00
[2023-04-15T10:53:32.036+0700] {processor.py:175} INFO - Processing /home/ahyar/Documents/tut_folder/tut_python/python_script/tut_airflow/env_airflow/lib/python3.9/site-packages/airflow/example_dags/example_dynamic_task_mapping.py took 0.083 seconds
[2023-04-15T10:54:16.990+0700] {processor.py:153} INFO - Started process (PID=18249) to work on /home/ahyar/Documents/tut_folder/tut_python/python_script/tut_airflow/env_airflow/lib/python3.9/site-packages/airflow/example_dags/example_dynamic_task_mapping.py
[2023-04-15T10:54:16.992+0700] {processor.py:743} INFO - Processing file /home/ahyar/Documents/tut_folder/tut_python/python_script/tut_airflow/env_airflow/lib/python3.9/site-packages/airflow/example_dags/example_dynamic_task_mapping.py for tasks to queue
[2023-04-15T10:54:16.993+0700] {logging_mixin.py:137} INFO - [2023-04-15T10:54:16.993+0700] {dagbag.py:532} INFO - Filling up the DagBag from /home/ahyar/Documents/tut_folder/tut_python/python_script/tut_airflow/env_airflow/lib/python3.9/site-packages/airflow/example_dags/example_dynamic_task_mapping.py
[2023-04-15T10:54:17.017+0700] {processor.py:753} INFO - DAG(s) dict_keys(['example_dynamic_task_mapping']) retrieved from /home/ahyar/Documents/tut_folder/tut_python/python_script/tut_airflow/env_airflow/lib/python3.9/site-packages/airflow/example_dags/example_dynamic_task_mapping.py
[2023-04-15T10:54:17.041+0700] {logging_mixin.py:137} INFO - [2023-04-15T10:54:17.040+0700] {dag.py:2705} INFO - Sync 1 DAGs
[2023-04-15T10:54:17.066+0700] {logging_mixin.py:137} INFO - [2023-04-15T10:54:17.065+0700] {dag.py:3452} INFO - Setting next_dagrun for example_dynamic_task_mapping to 2022-03-04T00:00:00+00:00, run_after=2022-03-05T00:00:00+00:00
[2023-04-15T10:54:17.103+0700] {processor.py:175} INFO - Processing /home/ahyar/Documents/tut_folder/tut_python/python_script/tut_airflow/env_airflow/lib/python3.9/site-packages/airflow/example_dags/example_dynamic_task_mapping.py took 0.115 seconds
[2023-04-15T10:55:01.471+0700] {processor.py:153} INFO - Started process (PID=18319) to work on /home/ahyar/Documents/tut_folder/tut_python/python_script/tut_airflow/env_airflow/lib/python3.9/site-packages/airflow/example_dags/example_dynamic_task_mapping.py
[2023-04-15T10:55:01.474+0700] {processor.py:743} INFO - Processing file /home/ahyar/Documents/tut_folder/tut_python/python_script/tut_airflow/env_airflow/lib/python3.9/site-packages/airflow/example_dags/example_dynamic_task_mapping.py for tasks to queue
[2023-04-15T10:55:01.477+0700] {logging_mixin.py:137} INFO - [2023-04-15T10:55:01.476+0700] {dagbag.py:532} INFO - Filling up the DagBag from /home/ahyar/Documents/tut_folder/tut_python/python_script/tut_airflow/env_airflow/lib/python3.9/site-packages/airflow/example_dags/example_dynamic_task_mapping.py
[2023-04-15T10:55:01.502+0700] {processor.py:753} INFO - DAG(s) dict_keys(['example_dynamic_task_mapping']) retrieved from /home/ahyar/Documents/tut_folder/tut_python/python_script/tut_airflow/env_airflow/lib/python3.9/site-packages/airflow/example_dags/example_dynamic_task_mapping.py
[2023-04-15T10:55:01.531+0700] {logging_mixin.py:137} INFO - [2023-04-15T10:55:01.531+0700] {dag.py:2705} INFO - Sync 1 DAGs
[2023-04-15T10:55:01.555+0700] {logging_mixin.py:137} INFO - [2023-04-15T10:55:01.555+0700] {dag.py:3452} INFO - Setting next_dagrun for example_dynamic_task_mapping to 2022-03-04T00:00:00+00:00, run_after=2022-03-05T00:00:00+00:00
[2023-04-15T10:55:01.590+0700] {processor.py:175} INFO - Processing /home/ahyar/Documents/tut_folder/tut_python/python_script/tut_airflow/env_airflow/lib/python3.9/site-packages/airflow/example_dags/example_dynamic_task_mapping.py took 0.123 seconds
[2023-04-15T10:55:47.879+0700] {processor.py:153} INFO - Started process (PID=18431) to work on /home/ahyar/Documents/tut_folder/tut_python/python_script/tut_airflow/env_airflow/lib/python3.9/site-packages/airflow/example_dags/example_dynamic_task_mapping.py
[2023-04-15T10:55:47.880+0700] {processor.py:743} INFO - Processing file /home/ahyar/Documents/tut_folder/tut_python/python_script/tut_airflow/env_airflow/lib/python3.9/site-packages/airflow/example_dags/example_dynamic_task_mapping.py for tasks to queue
[2023-04-15T10:55:47.881+0700] {logging_mixin.py:137} INFO - [2023-04-15T10:55:47.881+0700] {dagbag.py:532} INFO - Filling up the DagBag from /home/ahyar/Documents/tut_folder/tut_python/python_script/tut_airflow/env_airflow/lib/python3.9/site-packages/airflow/example_dags/example_dynamic_task_mapping.py
[2023-04-15T10:55:47.909+0700] {processor.py:753} INFO - DAG(s) dict_keys(['example_dynamic_task_mapping']) retrieved from /home/ahyar/Documents/tut_folder/tut_python/python_script/tut_airflow/env_airflow/lib/python3.9/site-packages/airflow/example_dags/example_dynamic_task_mapping.py
[2023-04-15T10:55:47.923+0700] {logging_mixin.py:137} INFO - [2023-04-15T10:55:47.923+0700] {dag.py:2705} INFO - Sync 1 DAGs
[2023-04-15T10:55:47.935+0700] {logging_mixin.py:137} INFO - [2023-04-15T10:55:47.934+0700] {dag.py:3452} INFO - Setting next_dagrun for example_dynamic_task_mapping to 2022-03-04T00:00:00+00:00, run_after=2022-03-05T00:00:00+00:00
[2023-04-15T10:55:47.951+0700] {processor.py:175} INFO - Processing /home/ahyar/Documents/tut_folder/tut_python/python_script/tut_airflow/env_airflow/lib/python3.9/site-packages/airflow/example_dags/example_dynamic_task_mapping.py took 0.077 seconds
[2023-04-15T10:56:30.823+0700] {processor.py:153} INFO - Started process (PID=18484) to work on /home/ahyar/Documents/tut_folder/tut_python/python_script/tut_airflow/env_airflow/lib/python3.9/site-packages/airflow/example_dags/example_dynamic_task_mapping.py
[2023-04-15T10:56:30.824+0700] {processor.py:743} INFO - Processing file /home/ahyar/Documents/tut_folder/tut_python/python_script/tut_airflow/env_airflow/lib/python3.9/site-packages/airflow/example_dags/example_dynamic_task_mapping.py for tasks to queue
[2023-04-15T10:56:30.824+0700] {logging_mixin.py:137} INFO - [2023-04-15T10:56:30.824+0700] {dagbag.py:532} INFO - Filling up the DagBag from /home/ahyar/Documents/tut_folder/tut_python/python_script/tut_airflow/env_airflow/lib/python3.9/site-packages/airflow/example_dags/example_dynamic_task_mapping.py
[2023-04-15T10:56:30.839+0700] {processor.py:753} INFO - DAG(s) dict_keys(['example_dynamic_task_mapping']) retrieved from /home/ahyar/Documents/tut_folder/tut_python/python_script/tut_airflow/env_airflow/lib/python3.9/site-packages/airflow/example_dags/example_dynamic_task_mapping.py
[2023-04-15T10:56:30.852+0700] {logging_mixin.py:137} INFO - [2023-04-15T10:56:30.852+0700] {dag.py:2705} INFO - Sync 1 DAGs
[2023-04-15T10:56:30.865+0700] {logging_mixin.py:137} INFO - [2023-04-15T10:56:30.865+0700] {dag.py:3452} INFO - Setting next_dagrun for example_dynamic_task_mapping to 2022-03-04T00:00:00+00:00, run_after=2022-03-05T00:00:00+00:00
[2023-04-15T10:56:30.884+0700] {processor.py:175} INFO - Processing /home/ahyar/Documents/tut_folder/tut_python/python_script/tut_airflow/env_airflow/lib/python3.9/site-packages/airflow/example_dags/example_dynamic_task_mapping.py took 0.063 seconds
[2023-04-15T10:57:12.799+0700] {processor.py:153} INFO - Started process (PID=18564) to work on /home/ahyar/Documents/tut_folder/tut_python/python_script/tut_airflow/env_airflow/lib/python3.9/site-packages/airflow/example_dags/example_dynamic_task_mapping.py
[2023-04-15T10:57:12.800+0700] {processor.py:743} INFO - Processing file /home/ahyar/Documents/tut_folder/tut_python/python_script/tut_airflow/env_airflow/lib/python3.9/site-packages/airflow/example_dags/example_dynamic_task_mapping.py for tasks to queue
[2023-04-15T10:57:12.801+0700] {logging_mixin.py:137} INFO - [2023-04-15T10:57:12.801+0700] {dagbag.py:532} INFO - Filling up the DagBag from /home/ahyar/Documents/tut_folder/tut_python/python_script/tut_airflow/env_airflow/lib/python3.9/site-packages/airflow/example_dags/example_dynamic_task_mapping.py
[2023-04-15T10:57:12.829+0700] {processor.py:753} INFO - DAG(s) dict_keys(['example_dynamic_task_mapping']) retrieved from /home/ahyar/Documents/tut_folder/tut_python/python_script/tut_airflow/env_airflow/lib/python3.9/site-packages/airflow/example_dags/example_dynamic_task_mapping.py
[2023-04-15T10:57:12.850+0700] {logging_mixin.py:137} INFO - [2023-04-15T10:57:12.850+0700] {dag.py:2705} INFO - Sync 1 DAGs
[2023-04-15T10:57:12.872+0700] {logging_mixin.py:137} INFO - [2023-04-15T10:57:12.872+0700] {dag.py:3452} INFO - Setting next_dagrun for example_dynamic_task_mapping to 2022-03-04T00:00:00+00:00, run_after=2022-03-05T00:00:00+00:00
[2023-04-15T10:57:12.890+0700] {processor.py:175} INFO - Processing /home/ahyar/Documents/tut_folder/tut_python/python_script/tut_airflow/env_airflow/lib/python3.9/site-packages/airflow/example_dags/example_dynamic_task_mapping.py took 0.095 seconds
[2023-04-15T10:57:57.803+0700] {processor.py:153} INFO - Started process (PID=18633) to work on /home/ahyar/Documents/tut_folder/tut_python/python_script/tut_airflow/env_airflow/lib/python3.9/site-packages/airflow/example_dags/example_dynamic_task_mapping.py
[2023-04-15T10:57:58.123+0700] {processor.py:743} INFO - Processing file /home/ahyar/Documents/tut_folder/tut_python/python_script/tut_airflow/env_airflow/lib/python3.9/site-packages/airflow/example_dags/example_dynamic_task_mapping.py for tasks to queue
[2023-04-15T10:57:58.124+0700] {logging_mixin.py:137} INFO - [2023-04-15T10:57:58.124+0700] {dagbag.py:532} INFO - Filling up the DagBag from /home/ahyar/Documents/tut_folder/tut_python/python_script/tut_airflow/env_airflow/lib/python3.9/site-packages/airflow/example_dags/example_dynamic_task_mapping.py
[2023-04-15T10:57:58.149+0700] {processor.py:753} INFO - DAG(s) dict_keys(['example_dynamic_task_mapping']) retrieved from /home/ahyar/Documents/tut_folder/tut_python/python_script/tut_airflow/env_airflow/lib/python3.9/site-packages/airflow/example_dags/example_dynamic_task_mapping.py
[2023-04-15T10:57:58.167+0700] {logging_mixin.py:137} INFO - [2023-04-15T10:57:58.166+0700] {dag.py:2705} INFO - Sync 1 DAGs
[2023-04-15T10:57:58.179+0700] {logging_mixin.py:137} INFO - [2023-04-15T10:57:58.179+0700] {dag.py:3452} INFO - Setting next_dagrun for example_dynamic_task_mapping to 2022-03-04T00:00:00+00:00, run_after=2022-03-05T00:00:00+00:00
[2023-04-15T10:57:58.248+0700] {processor.py:175} INFO - Processing /home/ahyar/Documents/tut_folder/tut_python/python_script/tut_airflow/env_airflow/lib/python3.9/site-packages/airflow/example_dags/example_dynamic_task_mapping.py took 0.447 seconds
[2023-04-15T10:58:45.802+0700] {processor.py:153} INFO - Started process (PID=18788) to work on /home/ahyar/Documents/tut_folder/tut_python/python_script/tut_airflow/env_airflow/lib/python3.9/site-packages/airflow/example_dags/example_dynamic_task_mapping.py
[2023-04-15T10:58:45.805+0700] {processor.py:743} INFO - Processing file /home/ahyar/Documents/tut_folder/tut_python/python_script/tut_airflow/env_airflow/lib/python3.9/site-packages/airflow/example_dags/example_dynamic_task_mapping.py for tasks to queue
[2023-04-15T10:58:45.806+0700] {logging_mixin.py:137} INFO - [2023-04-15T10:58:45.806+0700] {dagbag.py:532} INFO - Filling up the DagBag from /home/ahyar/Documents/tut_folder/tut_python/python_script/tut_airflow/env_airflow/lib/python3.9/site-packages/airflow/example_dags/example_dynamic_task_mapping.py
[2023-04-15T10:58:45.824+0700] {processor.py:753} INFO - DAG(s) dict_keys(['example_dynamic_task_mapping']) retrieved from /home/ahyar/Documents/tut_folder/tut_python/python_script/tut_airflow/env_airflow/lib/python3.9/site-packages/airflow/example_dags/example_dynamic_task_mapping.py
[2023-04-15T10:58:45.837+0700] {logging_mixin.py:137} INFO - [2023-04-15T10:58:45.837+0700] {dag.py:2705} INFO - Sync 1 DAGs
[2023-04-15T10:58:45.851+0700] {logging_mixin.py:137} INFO - [2023-04-15T10:58:45.850+0700] {dag.py:3452} INFO - Setting next_dagrun for example_dynamic_task_mapping to 2022-03-04T00:00:00+00:00, run_after=2022-03-05T00:00:00+00:00
[2023-04-15T10:58:45.880+0700] {processor.py:175} INFO - Processing /home/ahyar/Documents/tut_folder/tut_python/python_script/tut_airflow/env_airflow/lib/python3.9/site-packages/airflow/example_dags/example_dynamic_task_mapping.py took 0.080 seconds
[2023-04-15T11:01:30.557+0700] {processor.py:153} INFO - Started process (PID=20482) to work on /home/ahyar/Documents/tut_folder/tut_python/python_script/tut_airflow/env_airflow/lib/python3.9/site-packages/airflow/example_dags/example_dynamic_task_mapping.py
[2023-04-15T11:01:30.557+0700] {processor.py:743} INFO - Processing file /home/ahyar/Documents/tut_folder/tut_python/python_script/tut_airflow/env_airflow/lib/python3.9/site-packages/airflow/example_dags/example_dynamic_task_mapping.py for tasks to queue
[2023-04-15T11:01:30.558+0700] {logging_mixin.py:137} INFO - [2023-04-15T11:01:30.557+0700] {dagbag.py:532} INFO - Filling up the DagBag from /home/ahyar/Documents/tut_folder/tut_python/python_script/tut_airflow/env_airflow/lib/python3.9/site-packages/airflow/example_dags/example_dynamic_task_mapping.py
[2023-04-15T11:01:30.575+0700] {processor.py:753} INFO - DAG(s) dict_keys(['example_dynamic_task_mapping']) retrieved from /home/ahyar/Documents/tut_folder/tut_python/python_script/tut_airflow/env_airflow/lib/python3.9/site-packages/airflow/example_dags/example_dynamic_task_mapping.py
[2023-04-15T11:01:30.591+0700] {logging_mixin.py:137} INFO - [2023-04-15T11:01:30.591+0700] {dag.py:2705} INFO - Sync 1 DAGs
[2023-04-15T11:01:30.607+0700] {logging_mixin.py:137} INFO - [2023-04-15T11:01:30.606+0700] {dag.py:3452} INFO - Setting next_dagrun for example_dynamic_task_mapping to 2022-03-04T00:00:00+00:00, run_after=2022-03-05T00:00:00+00:00
[2023-04-15T11:01:30.624+0700] {processor.py:175} INFO - Processing /home/ahyar/Documents/tut_folder/tut_python/python_script/tut_airflow/env_airflow/lib/python3.9/site-packages/airflow/example_dags/example_dynamic_task_mapping.py took 0.069 seconds
[2023-04-15T11:04:40.315+0700] {processor.py:153} INFO - Started process (PID=22785) to work on /home/ahyar/Documents/tut_folder/tut_python/python_script/tut_airflow/env_airflow/lib/python3.9/site-packages/airflow/example_dags/example_dynamic_task_mapping.py
[2023-04-15T11:04:40.316+0700] {processor.py:743} INFO - Processing file /home/ahyar/Documents/tut_folder/tut_python/python_script/tut_airflow/env_airflow/lib/python3.9/site-packages/airflow/example_dags/example_dynamic_task_mapping.py for tasks to queue
[2023-04-15T11:04:40.321+0700] {logging_mixin.py:137} INFO - [2023-04-15T11:04:40.317+0700] {dagbag.py:532} INFO - Filling up the DagBag from /home/ahyar/Documents/tut_folder/tut_python/python_script/tut_airflow/env_airflow/lib/python3.9/site-packages/airflow/example_dags/example_dynamic_task_mapping.py
[2023-04-15T11:04:40.349+0700] {processor.py:753} INFO - DAG(s) dict_keys(['example_dynamic_task_mapping']) retrieved from /home/ahyar/Documents/tut_folder/tut_python/python_script/tut_airflow/env_airflow/lib/python3.9/site-packages/airflow/example_dags/example_dynamic_task_mapping.py
[2023-04-15T11:04:40.370+0700] {logging_mixin.py:137} INFO - [2023-04-15T11:04:40.370+0700] {dag.py:2705} INFO - Sync 1 DAGs
[2023-04-15T11:04:40.394+0700] {logging_mixin.py:137} INFO - [2023-04-15T11:04:40.393+0700] {dag.py:3452} INFO - Setting next_dagrun for example_dynamic_task_mapping to 2022-03-04T00:00:00+00:00, run_after=2022-03-05T00:00:00+00:00
[2023-04-15T11:04:40.531+0700] {processor.py:175} INFO - Processing /home/ahyar/Documents/tut_folder/tut_python/python_script/tut_airflow/env_airflow/lib/python3.9/site-packages/airflow/example_dags/example_dynamic_task_mapping.py took 0.221 seconds
