[2023-04-15T10:46:48.072+0700] {processor.py:153} INFO - Started process (PID=16422) to work on /home/ahyar/Documents/tut_folder/tut_python/python_script/tut_airflow/env_airflow/lib/python3.9/site-packages/airflow/example_dags/example_complex.py
[2023-04-15T10:46:48.072+0700] {processor.py:743} INFO - Processing file /home/ahyar/Documents/tut_folder/tut_python/python_script/tut_airflow/env_airflow/lib/python3.9/site-packages/airflow/example_dags/example_complex.py for tasks to queue
[2023-04-15T10:46:48.073+0700] {logging_mixin.py:137} INFO - [2023-04-15T10:46:48.072+0700] {dagbag.py:532} INFO - Filling up the DagBag from /home/ahyar/Documents/tut_folder/tut_python/python_script/tut_airflow/env_airflow/lib/python3.9/site-packages/airflow/example_dags/example_complex.py
[2023-04-15T10:46:48.083+0700] {logging_mixin.py:137} INFO - [2023-04-15T10:46:48.083+0700] {taskmixin.py:211} WARNING - Dependency <Task(BashOperator): create_entry_group>, delete_entry_group already registered for DAG: example_complex
[2023-04-15T10:46:48.084+0700] {logging_mixin.py:137} INFO - [2023-04-15T10:46:48.083+0700] {taskmixin.py:211} WARNING - Dependency <Task(BashOperator): delete_entry_group>, create_entry_group already registered for DAG: example_complex
[2023-04-15T10:46:48.084+0700] {logging_mixin.py:137} INFO - [2023-04-15T10:46:48.084+0700] {taskmixin.py:211} WARNING - Dependency <Task(BashOperator): create_entry_gcs>, delete_entry already registered for DAG: example_complex
[2023-04-15T10:46:48.084+0700] {logging_mixin.py:137} INFO - [2023-04-15T10:46:48.084+0700] {taskmixin.py:211} WARNING - Dependency <Task(BashOperator): delete_entry>, create_entry_gcs already registered for DAG: example_complex
[2023-04-15T10:46:48.084+0700] {logging_mixin.py:137} INFO - [2023-04-15T10:46:48.084+0700] {taskmixin.py:211} WARNING - Dependency <Task(BashOperator): create_tag>, delete_tag already registered for DAG: example_complex
[2023-04-15T10:46:48.084+0700] {logging_mixin.py:137} INFO - [2023-04-15T10:46:48.084+0700] {taskmixin.py:211} WARNING - Dependency <Task(BashOperator): delete_tag>, create_tag already registered for DAG: example_complex
[2023-04-15T10:46:48.089+0700] {processor.py:753} INFO - DAG(s) dict_keys(['example_complex']) retrieved from /home/ahyar/Documents/tut_folder/tut_python/python_script/tut_airflow/env_airflow/lib/python3.9/site-packages/airflow/example_dags/example_complex.py
[2023-04-15T10:46:48.164+0700] {logging_mixin.py:137} INFO - [2023-04-15T10:46:48.164+0700] {manager.py:504} INFO - Created Permission View: can read on DAG:example_complex
[2023-04-15T10:46:48.173+0700] {logging_mixin.py:137} INFO - [2023-04-15T10:46:48.173+0700] {manager.py:504} INFO - Created Permission View: can edit on DAG:example_complex
[2023-04-15T10:46:48.181+0700] {logging_mixin.py:137} INFO - [2023-04-15T10:46:48.181+0700] {manager.py:504} INFO - Created Permission View: can delete on DAG:example_complex
[2023-04-15T10:46:48.181+0700] {logging_mixin.py:137} INFO - [2023-04-15T10:46:48.181+0700] {dag.py:2705} INFO - Sync 1 DAGs
[2023-04-15T10:46:48.187+0700] {logging_mixin.py:137} INFO - [2023-04-15T10:46:48.187+0700] {dag.py:2726} INFO - Creating ORM DAG for example_complex
[2023-04-15T10:46:48.192+0700] {logging_mixin.py:137} INFO - [2023-04-15T10:46:48.192+0700] {dag.py:3452} INFO - Setting next_dagrun for example_complex to None, run_after=None
[2023-04-15T10:46:48.210+0700] {processor.py:175} INFO - Processing /home/ahyar/Documents/tut_folder/tut_python/python_script/tut_airflow/env_airflow/lib/python3.9/site-packages/airflow/example_dags/example_complex.py took 0.141 seconds
[2023-04-15T10:47:31.811+0700] {processor.py:153} INFO - Started process (PID=16605) to work on /home/ahyar/Documents/tut_folder/tut_python/python_script/tut_airflow/env_airflow/lib/python3.9/site-packages/airflow/example_dags/example_complex.py
[2023-04-15T10:47:31.812+0700] {processor.py:743} INFO - Processing file /home/ahyar/Documents/tut_folder/tut_python/python_script/tut_airflow/env_airflow/lib/python3.9/site-packages/airflow/example_dags/example_complex.py for tasks to queue
[2023-04-15T10:47:31.812+0700] {logging_mixin.py:137} INFO - [2023-04-15T10:47:31.812+0700] {dagbag.py:532} INFO - Filling up the DagBag from /home/ahyar/Documents/tut_folder/tut_python/python_script/tut_airflow/env_airflow/lib/python3.9/site-packages/airflow/example_dags/example_complex.py
[2023-04-15T10:47:31.822+0700] {logging_mixin.py:137} INFO - [2023-04-15T10:47:31.822+0700] {taskmixin.py:211} WARNING - Dependency <Task(BashOperator): create_entry_group>, delete_entry_group already registered for DAG: example_complex
[2023-04-15T10:47:31.822+0700] {logging_mixin.py:137} INFO - [2023-04-15T10:47:31.822+0700] {taskmixin.py:211} WARNING - Dependency <Task(BashOperator): delete_entry_group>, create_entry_group already registered for DAG: example_complex
[2023-04-15T10:47:31.822+0700] {logging_mixin.py:137} INFO - [2023-04-15T10:47:31.822+0700] {taskmixin.py:211} WARNING - Dependency <Task(BashOperator): create_entry_gcs>, delete_entry already registered for DAG: example_complex
[2023-04-15T10:47:31.822+0700] {logging_mixin.py:137} INFO - [2023-04-15T10:47:31.822+0700] {taskmixin.py:211} WARNING - Dependency <Task(BashOperator): delete_entry>, create_entry_gcs already registered for DAG: example_complex
[2023-04-15T10:47:31.822+0700] {logging_mixin.py:137} INFO - [2023-04-15T10:47:31.822+0700] {taskmixin.py:211} WARNING - Dependency <Task(BashOperator): create_tag>, delete_tag already registered for DAG: example_complex
[2023-04-15T10:47:31.822+0700] {logging_mixin.py:137} INFO - [2023-04-15T10:47:31.822+0700] {taskmixin.py:211} WARNING - Dependency <Task(BashOperator): delete_tag>, create_tag already registered for DAG: example_complex
[2023-04-15T10:47:31.826+0700] {processor.py:753} INFO - DAG(s) dict_keys(['example_complex']) retrieved from /home/ahyar/Documents/tut_folder/tut_python/python_script/tut_airflow/env_airflow/lib/python3.9/site-packages/airflow/example_dags/example_complex.py
[2023-04-15T10:47:31.841+0700] {logging_mixin.py:137} INFO - [2023-04-15T10:47:31.841+0700] {dag.py:2705} INFO - Sync 1 DAGs
[2023-04-15T10:47:31.852+0700] {logging_mixin.py:137} INFO - [2023-04-15T10:47:31.852+0700] {dag.py:3452} INFO - Setting next_dagrun for example_complex to None, run_after=None
[2023-04-15T10:47:31.867+0700] {processor.py:175} INFO - Processing /home/ahyar/Documents/tut_folder/tut_python/python_script/tut_airflow/env_airflow/lib/python3.9/site-packages/airflow/example_dags/example_complex.py took 0.058 seconds
[2023-04-15T10:48:43.078+0700] {processor.py:153} INFO - Started process (PID=17092) to work on /home/ahyar/Documents/tut_folder/tut_python/python_script/tut_airflow/env_airflow/lib/python3.9/site-packages/airflow/example_dags/example_complex.py
[2023-04-15T10:48:43.079+0700] {processor.py:743} INFO - Processing file /home/ahyar/Documents/tut_folder/tut_python/python_script/tut_airflow/env_airflow/lib/python3.9/site-packages/airflow/example_dags/example_complex.py for tasks to queue
[2023-04-15T10:48:43.079+0700] {logging_mixin.py:137} INFO - [2023-04-15T10:48:43.079+0700] {dagbag.py:532} INFO - Filling up the DagBag from /home/ahyar/Documents/tut_folder/tut_python/python_script/tut_airflow/env_airflow/lib/python3.9/site-packages/airflow/example_dags/example_complex.py
[2023-04-15T10:48:43.085+0700] {logging_mixin.py:137} INFO - [2023-04-15T10:48:43.085+0700] {taskmixin.py:211} WARNING - Dependency <Task(BashOperator): create_entry_group>, delete_entry_group already registered for DAG: example_complex
[2023-04-15T10:48:43.085+0700] {logging_mixin.py:137} INFO - [2023-04-15T10:48:43.085+0700] {taskmixin.py:211} WARNING - Dependency <Task(BashOperator): delete_entry_group>, create_entry_group already registered for DAG: example_complex
[2023-04-15T10:48:43.085+0700] {logging_mixin.py:137} INFO - [2023-04-15T10:48:43.085+0700] {taskmixin.py:211} WARNING - Dependency <Task(BashOperator): create_entry_gcs>, delete_entry already registered for DAG: example_complex
[2023-04-15T10:48:43.085+0700] {logging_mixin.py:137} INFO - [2023-04-15T10:48:43.085+0700] {taskmixin.py:211} WARNING - Dependency <Task(BashOperator): delete_entry>, create_entry_gcs already registered for DAG: example_complex
[2023-04-15T10:48:43.085+0700] {logging_mixin.py:137} INFO - [2023-04-15T10:48:43.085+0700] {taskmixin.py:211} WARNING - Dependency <Task(BashOperator): create_tag>, delete_tag already registered for DAG: example_complex
[2023-04-15T10:48:43.085+0700] {logging_mixin.py:137} INFO - [2023-04-15T10:48:43.085+0700] {taskmixin.py:211} WARNING - Dependency <Task(BashOperator): delete_tag>, create_tag already registered for DAG: example_complex
[2023-04-15T10:48:43.091+0700] {processor.py:753} INFO - DAG(s) dict_keys(['example_complex']) retrieved from /home/ahyar/Documents/tut_folder/tut_python/python_script/tut_airflow/env_airflow/lib/python3.9/site-packages/airflow/example_dags/example_complex.py
[2023-04-15T10:48:43.105+0700] {logging_mixin.py:137} INFO - [2023-04-15T10:48:43.105+0700] {dag.py:2705} INFO - Sync 1 DAGs
[2023-04-15T10:48:43.119+0700] {logging_mixin.py:137} INFO - [2023-04-15T10:48:43.119+0700] {dag.py:3452} INFO - Setting next_dagrun for example_complex to None, run_after=None
[2023-04-15T10:48:43.135+0700] {processor.py:175} INFO - Processing /home/ahyar/Documents/tut_folder/tut_python/python_script/tut_airflow/env_airflow/lib/python3.9/site-packages/airflow/example_dags/example_complex.py took 0.058 seconds
[2023-04-15T10:49:30.177+0700] {processor.py:153} INFO - Started process (PID=17461) to work on /home/ahyar/Documents/tut_folder/tut_python/python_script/tut_airflow/env_airflow/lib/python3.9/site-packages/airflow/example_dags/example_complex.py
[2023-04-15T10:49:30.180+0700] {processor.py:743} INFO - Processing file /home/ahyar/Documents/tut_folder/tut_python/python_script/tut_airflow/env_airflow/lib/python3.9/site-packages/airflow/example_dags/example_complex.py for tasks to queue
[2023-04-15T10:49:30.184+0700] {logging_mixin.py:137} INFO - [2023-04-15T10:49:30.183+0700] {dagbag.py:532} INFO - Filling up the DagBag from /home/ahyar/Documents/tut_folder/tut_python/python_script/tut_airflow/env_airflow/lib/python3.9/site-packages/airflow/example_dags/example_complex.py
[2023-04-15T10:49:30.205+0700] {logging_mixin.py:137} INFO - [2023-04-15T10:49:30.204+0700] {taskmixin.py:211} WARNING - Dependency <Task(BashOperator): create_entry_group>, delete_entry_group already registered for DAG: example_complex
[2023-04-15T10:49:30.205+0700] {logging_mixin.py:137} INFO - [2023-04-15T10:49:30.205+0700] {taskmixin.py:211} WARNING - Dependency <Task(BashOperator): delete_entry_group>, create_entry_group already registered for DAG: example_complex
[2023-04-15T10:49:30.206+0700] {logging_mixin.py:137} INFO - [2023-04-15T10:49:30.205+0700] {taskmixin.py:211} WARNING - Dependency <Task(BashOperator): create_entry_gcs>, delete_entry already registered for DAG: example_complex
[2023-04-15T10:49:30.206+0700] {logging_mixin.py:137} INFO - [2023-04-15T10:49:30.206+0700] {taskmixin.py:211} WARNING - Dependency <Task(BashOperator): delete_entry>, create_entry_gcs already registered for DAG: example_complex
[2023-04-15T10:49:30.206+0700] {logging_mixin.py:137} INFO - [2023-04-15T10:49:30.206+0700] {taskmixin.py:211} WARNING - Dependency <Task(BashOperator): create_tag>, delete_tag already registered for DAG: example_complex
[2023-04-15T10:49:30.206+0700] {logging_mixin.py:137} INFO - [2023-04-15T10:49:30.206+0700] {taskmixin.py:211} WARNING - Dependency <Task(BashOperator): delete_tag>, create_tag already registered for DAG: example_complex
[2023-04-15T10:49:30.221+0700] {processor.py:753} INFO - DAG(s) dict_keys(['example_complex']) retrieved from /home/ahyar/Documents/tut_folder/tut_python/python_script/tut_airflow/env_airflow/lib/python3.9/site-packages/airflow/example_dags/example_complex.py
[2023-04-15T10:49:30.287+0700] {logging_mixin.py:137} INFO - [2023-04-15T10:49:30.286+0700] {dag.py:2705} INFO - Sync 1 DAGs
[2023-04-15T10:49:30.331+0700] {logging_mixin.py:137} INFO - [2023-04-15T10:49:30.330+0700] {dag.py:3452} INFO - Setting next_dagrun for example_complex to None, run_after=None
[2023-04-15T10:49:30.379+0700] {processor.py:175} INFO - Processing /home/ahyar/Documents/tut_folder/tut_python/python_script/tut_airflow/env_airflow/lib/python3.9/site-packages/airflow/example_dags/example_complex.py took 0.208 seconds
[2023-04-15T10:50:15.909+0700] {processor.py:153} INFO - Started process (PID=17684) to work on /home/ahyar/Documents/tut_folder/tut_python/python_script/tut_airflow/env_airflow/lib/python3.9/site-packages/airflow/example_dags/example_complex.py
[2023-04-15T10:50:15.911+0700] {processor.py:743} INFO - Processing file /home/ahyar/Documents/tut_folder/tut_python/python_script/tut_airflow/env_airflow/lib/python3.9/site-packages/airflow/example_dags/example_complex.py for tasks to queue
[2023-04-15T10:50:15.911+0700] {logging_mixin.py:137} INFO - [2023-04-15T10:50:15.911+0700] {dagbag.py:532} INFO - Filling up the DagBag from /home/ahyar/Documents/tut_folder/tut_python/python_script/tut_airflow/env_airflow/lib/python3.9/site-packages/airflow/example_dags/example_complex.py
[2023-04-15T10:50:15.923+0700] {logging_mixin.py:137} INFO - [2023-04-15T10:50:15.922+0700] {taskmixin.py:211} WARNING - Dependency <Task(BashOperator): create_entry_group>, delete_entry_group already registered for DAG: example_complex
[2023-04-15T10:50:15.923+0700] {logging_mixin.py:137} INFO - [2023-04-15T10:50:15.923+0700] {taskmixin.py:211} WARNING - Dependency <Task(BashOperator): delete_entry_group>, create_entry_group already registered for DAG: example_complex
[2023-04-15T10:50:15.923+0700] {logging_mixin.py:137} INFO - [2023-04-15T10:50:15.923+0700] {taskmixin.py:211} WARNING - Dependency <Task(BashOperator): create_entry_gcs>, delete_entry already registered for DAG: example_complex
[2023-04-15T10:50:15.923+0700] {logging_mixin.py:137} INFO - [2023-04-15T10:50:15.923+0700] {taskmixin.py:211} WARNING - Dependency <Task(BashOperator): delete_entry>, create_entry_gcs already registered for DAG: example_complex
[2023-04-15T10:50:15.923+0700] {logging_mixin.py:137} INFO - [2023-04-15T10:50:15.923+0700] {taskmixin.py:211} WARNING - Dependency <Task(BashOperator): create_tag>, delete_tag already registered for DAG: example_complex
[2023-04-15T10:50:15.923+0700] {logging_mixin.py:137} INFO - [2023-04-15T10:50:15.923+0700] {taskmixin.py:211} WARNING - Dependency <Task(BashOperator): delete_tag>, create_tag already registered for DAG: example_complex
[2023-04-15T10:50:15.927+0700] {processor.py:753} INFO - DAG(s) dict_keys(['example_complex']) retrieved from /home/ahyar/Documents/tut_folder/tut_python/python_script/tut_airflow/env_airflow/lib/python3.9/site-packages/airflow/example_dags/example_complex.py
[2023-04-15T10:50:15.942+0700] {logging_mixin.py:137} INFO - [2023-04-15T10:50:15.942+0700] {dag.py:2705} INFO - Sync 1 DAGs
[2023-04-15T10:50:15.953+0700] {logging_mixin.py:137} INFO - [2023-04-15T10:50:15.952+0700] {dag.py:3452} INFO - Setting next_dagrun for example_complex to None, run_after=None
[2023-04-15T10:50:15.966+0700] {processor.py:175} INFO - Processing /home/ahyar/Documents/tut_folder/tut_python/python_script/tut_airflow/env_airflow/lib/python3.9/site-packages/airflow/example_dags/example_complex.py took 0.061 seconds
[2023-04-15T10:50:57.421+0700] {processor.py:153} INFO - Started process (PID=17769) to work on /home/ahyar/Documents/tut_folder/tut_python/python_script/tut_airflow/env_airflow/lib/python3.9/site-packages/airflow/example_dags/example_complex.py
[2023-04-15T10:50:57.422+0700] {processor.py:743} INFO - Processing file /home/ahyar/Documents/tut_folder/tut_python/python_script/tut_airflow/env_airflow/lib/python3.9/site-packages/airflow/example_dags/example_complex.py for tasks to queue
[2023-04-15T10:50:57.423+0700] {logging_mixin.py:137} INFO - [2023-04-15T10:50:57.423+0700] {dagbag.py:532} INFO - Filling up the DagBag from /home/ahyar/Documents/tut_folder/tut_python/python_script/tut_airflow/env_airflow/lib/python3.9/site-packages/airflow/example_dags/example_complex.py
[2023-04-15T10:50:57.430+0700] {logging_mixin.py:137} INFO - [2023-04-15T10:50:57.430+0700] {taskmixin.py:211} WARNING - Dependency <Task(BashOperator): create_entry_group>, delete_entry_group already registered for DAG: example_complex
[2023-04-15T10:50:57.430+0700] {logging_mixin.py:137} INFO - [2023-04-15T10:50:57.430+0700] {taskmixin.py:211} WARNING - Dependency <Task(BashOperator): delete_entry_group>, create_entry_group already registered for DAG: example_complex
[2023-04-15T10:50:57.431+0700] {logging_mixin.py:137} INFO - [2023-04-15T10:50:57.431+0700] {taskmixin.py:211} WARNING - Dependency <Task(BashOperator): create_entry_gcs>, delete_entry already registered for DAG: example_complex
[2023-04-15T10:50:57.431+0700] {logging_mixin.py:137} INFO - [2023-04-15T10:50:57.431+0700] {taskmixin.py:211} WARNING - Dependency <Task(BashOperator): delete_entry>, create_entry_gcs already registered for DAG: example_complex
[2023-04-15T10:50:57.431+0700] {logging_mixin.py:137} INFO - [2023-04-15T10:50:57.431+0700] {taskmixin.py:211} WARNING - Dependency <Task(BashOperator): create_tag>, delete_tag already registered for DAG: example_complex
[2023-04-15T10:50:57.431+0700] {logging_mixin.py:137} INFO - [2023-04-15T10:50:57.431+0700] {taskmixin.py:211} WARNING - Dependency <Task(BashOperator): delete_tag>, create_tag already registered for DAG: example_complex
[2023-04-15T10:50:57.435+0700] {processor.py:753} INFO - DAG(s) dict_keys(['example_complex']) retrieved from /home/ahyar/Documents/tut_folder/tut_python/python_script/tut_airflow/env_airflow/lib/python3.9/site-packages/airflow/example_dags/example_complex.py
[2023-04-15T10:50:57.450+0700] {logging_mixin.py:137} INFO - [2023-04-15T10:50:57.450+0700] {dag.py:2705} INFO - Sync 1 DAGs
[2023-04-15T10:50:57.460+0700] {logging_mixin.py:137} INFO - [2023-04-15T10:50:57.460+0700] {dag.py:3452} INFO - Setting next_dagrun for example_complex to None, run_after=None
[2023-04-15T10:50:57.474+0700] {processor.py:175} INFO - Processing /home/ahyar/Documents/tut_folder/tut_python/python_script/tut_airflow/env_airflow/lib/python3.9/site-packages/airflow/example_dags/example_complex.py took 0.055 seconds
[2023-04-15T10:51:40.000+0700] {processor.py:153} INFO - Started process (PID=17850) to work on /home/ahyar/Documents/tut_folder/tut_python/python_script/tut_airflow/env_airflow/lib/python3.9/site-packages/airflow/example_dags/example_complex.py
[2023-04-15T10:51:40.001+0700] {processor.py:743} INFO - Processing file /home/ahyar/Documents/tut_folder/tut_python/python_script/tut_airflow/env_airflow/lib/python3.9/site-packages/airflow/example_dags/example_complex.py for tasks to queue
[2023-04-15T10:51:40.001+0700] {logging_mixin.py:137} INFO - [2023-04-15T10:51:40.001+0700] {dagbag.py:532} INFO - Filling up the DagBag from /home/ahyar/Documents/tut_folder/tut_python/python_script/tut_airflow/env_airflow/lib/python3.9/site-packages/airflow/example_dags/example_complex.py
[2023-04-15T10:51:40.008+0700] {logging_mixin.py:137} INFO - [2023-04-15T10:51:40.008+0700] {taskmixin.py:211} WARNING - Dependency <Task(BashOperator): create_entry_group>, delete_entry_group already registered for DAG: example_complex
[2023-04-15T10:51:40.009+0700] {logging_mixin.py:137} INFO - [2023-04-15T10:51:40.009+0700] {taskmixin.py:211} WARNING - Dependency <Task(BashOperator): delete_entry_group>, create_entry_group already registered for DAG: example_complex
[2023-04-15T10:51:40.009+0700] {logging_mixin.py:137} INFO - [2023-04-15T10:51:40.009+0700] {taskmixin.py:211} WARNING - Dependency <Task(BashOperator): create_entry_gcs>, delete_entry already registered for DAG: example_complex
[2023-04-15T10:51:40.009+0700] {logging_mixin.py:137} INFO - [2023-04-15T10:51:40.009+0700] {taskmixin.py:211} WARNING - Dependency <Task(BashOperator): delete_entry>, create_entry_gcs already registered for DAG: example_complex
[2023-04-15T10:51:40.009+0700] {logging_mixin.py:137} INFO - [2023-04-15T10:51:40.009+0700] {taskmixin.py:211} WARNING - Dependency <Task(BashOperator): create_tag>, delete_tag already registered for DAG: example_complex
[2023-04-15T10:51:40.009+0700] {logging_mixin.py:137} INFO - [2023-04-15T10:51:40.009+0700] {taskmixin.py:211} WARNING - Dependency <Task(BashOperator): delete_tag>, create_tag already registered for DAG: example_complex
[2023-04-15T10:51:40.013+0700] {processor.py:753} INFO - DAG(s) dict_keys(['example_complex']) retrieved from /home/ahyar/Documents/tut_folder/tut_python/python_script/tut_airflow/env_airflow/lib/python3.9/site-packages/airflow/example_dags/example_complex.py
[2023-04-15T10:51:40.028+0700] {logging_mixin.py:137} INFO - [2023-04-15T10:51:40.028+0700] {dag.py:2705} INFO - Sync 1 DAGs
[2023-04-15T10:51:40.038+0700] {logging_mixin.py:137} INFO - [2023-04-15T10:51:40.038+0700] {dag.py:3452} INFO - Setting next_dagrun for example_complex to None, run_after=None
[2023-04-15T10:51:40.052+0700] {processor.py:175} INFO - Processing /home/ahyar/Documents/tut_folder/tut_python/python_script/tut_airflow/env_airflow/lib/python3.9/site-packages/airflow/example_dags/example_complex.py took 0.055 seconds
[2023-04-15T10:52:24.987+0700] {processor.py:153} INFO - Started process (PID=17948) to work on /home/ahyar/Documents/tut_folder/tut_python/python_script/tut_airflow/env_airflow/lib/python3.9/site-packages/airflow/example_dags/example_complex.py
[2023-04-15T10:52:24.988+0700] {processor.py:743} INFO - Processing file /home/ahyar/Documents/tut_folder/tut_python/python_script/tut_airflow/env_airflow/lib/python3.9/site-packages/airflow/example_dags/example_complex.py for tasks to queue
[2023-04-15T10:52:24.990+0700] {logging_mixin.py:137} INFO - [2023-04-15T10:52:24.989+0700] {dagbag.py:532} INFO - Filling up the DagBag from /home/ahyar/Documents/tut_folder/tut_python/python_script/tut_airflow/env_airflow/lib/python3.9/site-packages/airflow/example_dags/example_complex.py
[2023-04-15T10:52:25.013+0700] {logging_mixin.py:137} INFO - [2023-04-15T10:52:25.012+0700] {taskmixin.py:211} WARNING - Dependency <Task(BashOperator): create_entry_group>, delete_entry_group already registered for DAG: example_complex
[2023-04-15T10:52:25.013+0700] {logging_mixin.py:137} INFO - [2023-04-15T10:52:25.013+0700] {taskmixin.py:211} WARNING - Dependency <Task(BashOperator): delete_entry_group>, create_entry_group already registered for DAG: example_complex
[2023-04-15T10:52:25.014+0700] {logging_mixin.py:137} INFO - [2023-04-15T10:52:25.014+0700] {taskmixin.py:211} WARNING - Dependency <Task(BashOperator): create_entry_gcs>, delete_entry already registered for DAG: example_complex
[2023-04-15T10:52:25.015+0700] {logging_mixin.py:137} INFO - [2023-04-15T10:52:25.015+0700] {taskmixin.py:211} WARNING - Dependency <Task(BashOperator): delete_entry>, create_entry_gcs already registered for DAG: example_complex
[2023-04-15T10:52:25.015+0700] {logging_mixin.py:137} INFO - [2023-04-15T10:52:25.015+0700] {taskmixin.py:211} WARNING - Dependency <Task(BashOperator): create_tag>, delete_tag already registered for DAG: example_complex
[2023-04-15T10:52:25.015+0700] {logging_mixin.py:137} INFO - [2023-04-15T10:52:25.015+0700] {taskmixin.py:211} WARNING - Dependency <Task(BashOperator): delete_tag>, create_tag already registered for DAG: example_complex
[2023-04-15T10:52:25.024+0700] {processor.py:753} INFO - DAG(s) dict_keys(['example_complex']) retrieved from /home/ahyar/Documents/tut_folder/tut_python/python_script/tut_airflow/env_airflow/lib/python3.9/site-packages/airflow/example_dags/example_complex.py
[2023-04-15T10:52:25.050+0700] {logging_mixin.py:137} INFO - [2023-04-15T10:52:25.050+0700] {dag.py:2705} INFO - Sync 1 DAGs
[2023-04-15T10:52:25.068+0700] {logging_mixin.py:137} INFO - [2023-04-15T10:52:25.067+0700] {dag.py:3452} INFO - Setting next_dagrun for example_complex to None, run_after=None
[2023-04-15T10:52:25.089+0700] {processor.py:175} INFO - Processing /home/ahyar/Documents/tut_folder/tut_python/python_script/tut_airflow/env_airflow/lib/python3.9/site-packages/airflow/example_dags/example_complex.py took 0.109 seconds
[2023-04-15T10:53:12.912+0700] {processor.py:153} INFO - Started process (PID=18103) to work on /home/ahyar/Documents/tut_folder/tut_python/python_script/tut_airflow/env_airflow/lib/python3.9/site-packages/airflow/example_dags/example_complex.py
[2023-04-15T10:53:12.913+0700] {processor.py:743} INFO - Processing file /home/ahyar/Documents/tut_folder/tut_python/python_script/tut_airflow/env_airflow/lib/python3.9/site-packages/airflow/example_dags/example_complex.py for tasks to queue
[2023-04-15T10:53:12.916+0700] {logging_mixin.py:137} INFO - [2023-04-15T10:53:12.916+0700] {dagbag.py:532} INFO - Filling up the DagBag from /home/ahyar/Documents/tut_folder/tut_python/python_script/tut_airflow/env_airflow/lib/python3.9/site-packages/airflow/example_dags/example_complex.py
[2023-04-15T10:53:12.932+0700] {logging_mixin.py:137} INFO - [2023-04-15T10:53:12.931+0700] {taskmixin.py:211} WARNING - Dependency <Task(BashOperator): create_entry_group>, delete_entry_group already registered for DAG: example_complex
[2023-04-15T10:53:12.933+0700] {logging_mixin.py:137} INFO - [2023-04-15T10:53:12.933+0700] {taskmixin.py:211} WARNING - Dependency <Task(BashOperator): delete_entry_group>, create_entry_group already registered for DAG: example_complex
[2023-04-15T10:53:12.933+0700] {logging_mixin.py:137} INFO - [2023-04-15T10:53:12.933+0700] {taskmixin.py:211} WARNING - Dependency <Task(BashOperator): create_entry_gcs>, delete_entry already registered for DAG: example_complex
[2023-04-15T10:53:12.933+0700] {logging_mixin.py:137} INFO - [2023-04-15T10:53:12.933+0700] {taskmixin.py:211} WARNING - Dependency <Task(BashOperator): delete_entry>, create_entry_gcs already registered for DAG: example_complex
[2023-04-15T10:53:12.934+0700] {logging_mixin.py:137} INFO - [2023-04-15T10:53:12.934+0700] {taskmixin.py:211} WARNING - Dependency <Task(BashOperator): create_tag>, delete_tag already registered for DAG: example_complex
[2023-04-15T10:53:12.934+0700] {logging_mixin.py:137} INFO - [2023-04-15T10:53:12.934+0700] {taskmixin.py:211} WARNING - Dependency <Task(BashOperator): delete_tag>, create_tag already registered for DAG: example_complex
[2023-04-15T10:53:12.943+0700] {processor.py:753} INFO - DAG(s) dict_keys(['example_complex']) retrieved from /home/ahyar/Documents/tut_folder/tut_python/python_script/tut_airflow/env_airflow/lib/python3.9/site-packages/airflow/example_dags/example_complex.py
[2023-04-15T10:53:12.987+0700] {logging_mixin.py:137} INFO - [2023-04-15T10:53:12.987+0700] {dag.py:2705} INFO - Sync 1 DAGs
[2023-04-15T10:53:13.019+0700] {logging_mixin.py:137} INFO - [2023-04-15T10:53:13.019+0700] {dag.py:3452} INFO - Setting next_dagrun for example_complex to None, run_after=None
[2023-04-15T10:53:13.052+0700] {processor.py:175} INFO - Processing /home/ahyar/Documents/tut_folder/tut_python/python_script/tut_airflow/env_airflow/lib/python3.9/site-packages/airflow/example_dags/example_complex.py took 0.144 seconds
[2023-04-15T10:53:59.126+0700] {processor.py:153} INFO - Started process (PID=18193) to work on /home/ahyar/Documents/tut_folder/tut_python/python_script/tut_airflow/env_airflow/lib/python3.9/site-packages/airflow/example_dags/example_complex.py
[2023-04-15T10:53:59.128+0700] {processor.py:743} INFO - Processing file /home/ahyar/Documents/tut_folder/tut_python/python_script/tut_airflow/env_airflow/lib/python3.9/site-packages/airflow/example_dags/example_complex.py for tasks to queue
[2023-04-15T10:53:59.128+0700] {logging_mixin.py:137} INFO - [2023-04-15T10:53:59.128+0700] {dagbag.py:532} INFO - Filling up the DagBag from /home/ahyar/Documents/tut_folder/tut_python/python_script/tut_airflow/env_airflow/lib/python3.9/site-packages/airflow/example_dags/example_complex.py
[2023-04-15T10:53:59.134+0700] {logging_mixin.py:137} INFO - [2023-04-15T10:53:59.134+0700] {taskmixin.py:211} WARNING - Dependency <Task(BashOperator): create_entry_group>, delete_entry_group already registered for DAG: example_complex
[2023-04-15T10:53:59.134+0700] {logging_mixin.py:137} INFO - [2023-04-15T10:53:59.134+0700] {taskmixin.py:211} WARNING - Dependency <Task(BashOperator): delete_entry_group>, create_entry_group already registered for DAG: example_complex
[2023-04-15T10:53:59.134+0700] {logging_mixin.py:137} INFO - [2023-04-15T10:53:59.134+0700] {taskmixin.py:211} WARNING - Dependency <Task(BashOperator): create_entry_gcs>, delete_entry already registered for DAG: example_complex
[2023-04-15T10:53:59.134+0700] {logging_mixin.py:137} INFO - [2023-04-15T10:53:59.134+0700] {taskmixin.py:211} WARNING - Dependency <Task(BashOperator): delete_entry>, create_entry_gcs already registered for DAG: example_complex
[2023-04-15T10:53:59.135+0700] {logging_mixin.py:137} INFO - [2023-04-15T10:53:59.135+0700] {taskmixin.py:211} WARNING - Dependency <Task(BashOperator): create_tag>, delete_tag already registered for DAG: example_complex
[2023-04-15T10:53:59.135+0700] {logging_mixin.py:137} INFO - [2023-04-15T10:53:59.135+0700] {taskmixin.py:211} WARNING - Dependency <Task(BashOperator): delete_tag>, create_tag already registered for DAG: example_complex
[2023-04-15T10:53:59.139+0700] {processor.py:753} INFO - DAG(s) dict_keys(['example_complex']) retrieved from /home/ahyar/Documents/tut_folder/tut_python/python_script/tut_airflow/env_airflow/lib/python3.9/site-packages/airflow/example_dags/example_complex.py
[2023-04-15T10:53:59.153+0700] {logging_mixin.py:137} INFO - [2023-04-15T10:53:59.153+0700] {dag.py:2705} INFO - Sync 1 DAGs
[2023-04-15T10:53:59.164+0700] {logging_mixin.py:137} INFO - [2023-04-15T10:53:59.164+0700] {dag.py:3452} INFO - Setting next_dagrun for example_complex to None, run_after=None
[2023-04-15T10:53:59.177+0700] {processor.py:175} INFO - Processing /home/ahyar/Documents/tut_folder/tut_python/python_script/tut_airflow/env_airflow/lib/python3.9/site-packages/airflow/example_dags/example_complex.py took 0.055 seconds
[2023-04-15T10:54:41.887+0700] {processor.py:153} INFO - Started process (PID=18286) to work on /home/ahyar/Documents/tut_folder/tut_python/python_script/tut_airflow/env_airflow/lib/python3.9/site-packages/airflow/example_dags/example_complex.py
[2023-04-15T10:54:41.888+0700] {processor.py:743} INFO - Processing file /home/ahyar/Documents/tut_folder/tut_python/python_script/tut_airflow/env_airflow/lib/python3.9/site-packages/airflow/example_dags/example_complex.py for tasks to queue
[2023-04-15T10:54:41.890+0700] {logging_mixin.py:137} INFO - [2023-04-15T10:54:41.889+0700] {dagbag.py:532} INFO - Filling up the DagBag from /home/ahyar/Documents/tut_folder/tut_python/python_script/tut_airflow/env_airflow/lib/python3.9/site-packages/airflow/example_dags/example_complex.py
[2023-04-15T10:54:41.912+0700] {logging_mixin.py:137} INFO - [2023-04-15T10:54:41.911+0700] {taskmixin.py:211} WARNING - Dependency <Task(BashOperator): create_entry_group>, delete_entry_group already registered for DAG: example_complex
[2023-04-15T10:54:41.912+0700] {logging_mixin.py:137} INFO - [2023-04-15T10:54:41.912+0700] {taskmixin.py:211} WARNING - Dependency <Task(BashOperator): delete_entry_group>, create_entry_group already registered for DAG: example_complex
[2023-04-15T10:54:41.912+0700] {logging_mixin.py:137} INFO - [2023-04-15T10:54:41.912+0700] {taskmixin.py:211} WARNING - Dependency <Task(BashOperator): create_entry_gcs>, delete_entry already registered for DAG: example_complex
[2023-04-15T10:54:41.912+0700] {logging_mixin.py:137} INFO - [2023-04-15T10:54:41.912+0700] {taskmixin.py:211} WARNING - Dependency <Task(BashOperator): delete_entry>, create_entry_gcs already registered for DAG: example_complex
[2023-04-15T10:54:41.912+0700] {logging_mixin.py:137} INFO - [2023-04-15T10:54:41.912+0700] {taskmixin.py:211} WARNING - Dependency <Task(BashOperator): create_tag>, delete_tag already registered for DAG: example_complex
[2023-04-15T10:54:41.912+0700] {logging_mixin.py:137} INFO - [2023-04-15T10:54:41.912+0700] {taskmixin.py:211} WARNING - Dependency <Task(BashOperator): delete_tag>, create_tag already registered for DAG: example_complex
[2023-04-15T10:54:41.929+0700] {processor.py:753} INFO - DAG(s) dict_keys(['example_complex']) retrieved from /home/ahyar/Documents/tut_folder/tut_python/python_script/tut_airflow/env_airflow/lib/python3.9/site-packages/airflow/example_dags/example_complex.py
[2023-04-15T10:54:41.976+0700] {logging_mixin.py:137} INFO - [2023-04-15T10:54:41.975+0700] {dag.py:2705} INFO - Sync 1 DAGs
[2023-04-15T10:54:42.008+0700] {logging_mixin.py:137} INFO - [2023-04-15T10:54:42.007+0700] {dag.py:3452} INFO - Setting next_dagrun for example_complex to None, run_after=None
[2023-04-15T10:54:42.059+0700] {processor.py:175} INFO - Processing /home/ahyar/Documents/tut_folder/tut_python/python_script/tut_airflow/env_airflow/lib/python3.9/site-packages/airflow/example_dags/example_complex.py took 0.174 seconds
[2023-04-15T10:55:26.272+0700] {processor.py:153} INFO - Started process (PID=18350) to work on /home/ahyar/Documents/tut_folder/tut_python/python_script/tut_airflow/env_airflow/lib/python3.9/site-packages/airflow/example_dags/example_complex.py
[2023-04-15T10:55:26.275+0700] {processor.py:743} INFO - Processing file /home/ahyar/Documents/tut_folder/tut_python/python_script/tut_airflow/env_airflow/lib/python3.9/site-packages/airflow/example_dags/example_complex.py for tasks to queue
[2023-04-15T10:55:26.276+0700] {logging_mixin.py:137} INFO - [2023-04-15T10:55:26.276+0700] {dagbag.py:532} INFO - Filling up the DagBag from /home/ahyar/Documents/tut_folder/tut_python/python_script/tut_airflow/env_airflow/lib/python3.9/site-packages/airflow/example_dags/example_complex.py
[2023-04-15T10:55:26.286+0700] {logging_mixin.py:137} INFO - [2023-04-15T10:55:26.286+0700] {taskmixin.py:211} WARNING - Dependency <Task(BashOperator): create_entry_group>, delete_entry_group already registered for DAG: example_complex
[2023-04-15T10:55:26.286+0700] {logging_mixin.py:137} INFO - [2023-04-15T10:55:26.286+0700] {taskmixin.py:211} WARNING - Dependency <Task(BashOperator): delete_entry_group>, create_entry_group already registered for DAG: example_complex
[2023-04-15T10:55:26.286+0700] {logging_mixin.py:137} INFO - [2023-04-15T10:55:26.286+0700] {taskmixin.py:211} WARNING - Dependency <Task(BashOperator): create_entry_gcs>, delete_entry already registered for DAG: example_complex
[2023-04-15T10:55:26.287+0700] {logging_mixin.py:137} INFO - [2023-04-15T10:55:26.286+0700] {taskmixin.py:211} WARNING - Dependency <Task(BashOperator): delete_entry>, create_entry_gcs already registered for DAG: example_complex
[2023-04-15T10:55:26.287+0700] {logging_mixin.py:137} INFO - [2023-04-15T10:55:26.287+0700] {taskmixin.py:211} WARNING - Dependency <Task(BashOperator): create_tag>, delete_tag already registered for DAG: example_complex
[2023-04-15T10:55:26.287+0700] {logging_mixin.py:137} INFO - [2023-04-15T10:55:26.287+0700] {taskmixin.py:211} WARNING - Dependency <Task(BashOperator): delete_tag>, create_tag already registered for DAG: example_complex
[2023-04-15T10:55:26.300+0700] {processor.py:753} INFO - DAG(s) dict_keys(['example_complex']) retrieved from /home/ahyar/Documents/tut_folder/tut_python/python_script/tut_airflow/env_airflow/lib/python3.9/site-packages/airflow/example_dags/example_complex.py
[2023-04-15T10:55:26.340+0700] {logging_mixin.py:137} INFO - [2023-04-15T10:55:26.339+0700] {dag.py:2705} INFO - Sync 1 DAGs
[2023-04-15T10:55:26.361+0700] {logging_mixin.py:137} INFO - [2023-04-15T10:55:26.361+0700] {dag.py:3452} INFO - Setting next_dagrun for example_complex to None, run_after=None
[2023-04-15T10:55:26.380+0700] {processor.py:175} INFO - Processing /home/ahyar/Documents/tut_folder/tut_python/python_script/tut_airflow/env_airflow/lib/python3.9/site-packages/airflow/example_dags/example_complex.py took 0.113 seconds
[2023-04-15T10:56:12.948+0700] {processor.py:153} INFO - Started process (PID=18459) to work on /home/ahyar/Documents/tut_folder/tut_python/python_script/tut_airflow/env_airflow/lib/python3.9/site-packages/airflow/example_dags/example_complex.py
[2023-04-15T10:56:12.949+0700] {processor.py:743} INFO - Processing file /home/ahyar/Documents/tut_folder/tut_python/python_script/tut_airflow/env_airflow/lib/python3.9/site-packages/airflow/example_dags/example_complex.py for tasks to queue
[2023-04-15T10:56:12.950+0700] {logging_mixin.py:137} INFO - [2023-04-15T10:56:12.950+0700] {dagbag.py:532} INFO - Filling up the DagBag from /home/ahyar/Documents/tut_folder/tut_python/python_script/tut_airflow/env_airflow/lib/python3.9/site-packages/airflow/example_dags/example_complex.py
[2023-04-15T10:56:12.956+0700] {logging_mixin.py:137} INFO - [2023-04-15T10:56:12.955+0700] {taskmixin.py:211} WARNING - Dependency <Task(BashOperator): create_entry_group>, delete_entry_group already registered for DAG: example_complex
[2023-04-15T10:56:12.956+0700] {logging_mixin.py:137} INFO - [2023-04-15T10:56:12.956+0700] {taskmixin.py:211} WARNING - Dependency <Task(BashOperator): delete_entry_group>, create_entry_group already registered for DAG: example_complex
[2023-04-15T10:56:12.956+0700] {logging_mixin.py:137} INFO - [2023-04-15T10:56:12.956+0700] {taskmixin.py:211} WARNING - Dependency <Task(BashOperator): create_entry_gcs>, delete_entry already registered for DAG: example_complex
[2023-04-15T10:56:12.956+0700] {logging_mixin.py:137} INFO - [2023-04-15T10:56:12.956+0700] {taskmixin.py:211} WARNING - Dependency <Task(BashOperator): delete_entry>, create_entry_gcs already registered for DAG: example_complex
[2023-04-15T10:56:12.956+0700] {logging_mixin.py:137} INFO - [2023-04-15T10:56:12.956+0700] {taskmixin.py:211} WARNING - Dependency <Task(BashOperator): create_tag>, delete_tag already registered for DAG: example_complex
[2023-04-15T10:56:12.956+0700] {logging_mixin.py:137} INFO - [2023-04-15T10:56:12.956+0700] {taskmixin.py:211} WARNING - Dependency <Task(BashOperator): delete_tag>, create_tag already registered for DAG: example_complex
[2023-04-15T10:56:12.960+0700] {processor.py:753} INFO - DAG(s) dict_keys(['example_complex']) retrieved from /home/ahyar/Documents/tut_folder/tut_python/python_script/tut_airflow/env_airflow/lib/python3.9/site-packages/airflow/example_dags/example_complex.py
[2023-04-15T10:56:12.977+0700] {logging_mixin.py:137} INFO - [2023-04-15T10:56:12.977+0700] {dag.py:2705} INFO - Sync 1 DAGs
[2023-04-15T10:56:12.988+0700] {logging_mixin.py:137} INFO - [2023-04-15T10:56:12.988+0700] {dag.py:3452} INFO - Setting next_dagrun for example_complex to None, run_after=None
[2023-04-15T10:56:13.004+0700] {processor.py:175} INFO - Processing /home/ahyar/Documents/tut_folder/tut_python/python_script/tut_airflow/env_airflow/lib/python3.9/site-packages/airflow/example_dags/example_complex.py took 0.058 seconds
[2023-04-15T10:56:53.607+0700] {processor.py:153} INFO - Started process (PID=18527) to work on /home/ahyar/Documents/tut_folder/tut_python/python_script/tut_airflow/env_airflow/lib/python3.9/site-packages/airflow/example_dags/example_complex.py
[2023-04-15T10:56:53.608+0700] {processor.py:743} INFO - Processing file /home/ahyar/Documents/tut_folder/tut_python/python_script/tut_airflow/env_airflow/lib/python3.9/site-packages/airflow/example_dags/example_complex.py for tasks to queue
[2023-04-15T10:56:53.608+0700] {logging_mixin.py:137} INFO - [2023-04-15T10:56:53.608+0700] {dagbag.py:532} INFO - Filling up the DagBag from /home/ahyar/Documents/tut_folder/tut_python/python_script/tut_airflow/env_airflow/lib/python3.9/site-packages/airflow/example_dags/example_complex.py
[2023-04-15T10:56:53.619+0700] {logging_mixin.py:137} INFO - [2023-04-15T10:56:53.619+0700] {taskmixin.py:211} WARNING - Dependency <Task(BashOperator): create_entry_group>, delete_entry_group already registered for DAG: example_complex
[2023-04-15T10:56:53.619+0700] {logging_mixin.py:137} INFO - [2023-04-15T10:56:53.619+0700] {taskmixin.py:211} WARNING - Dependency <Task(BashOperator): delete_entry_group>, create_entry_group already registered for DAG: example_complex
[2023-04-15T10:56:53.619+0700] {logging_mixin.py:137} INFO - [2023-04-15T10:56:53.619+0700] {taskmixin.py:211} WARNING - Dependency <Task(BashOperator): create_entry_gcs>, delete_entry already registered for DAG: example_complex
[2023-04-15T10:56:53.619+0700] {logging_mixin.py:137} INFO - [2023-04-15T10:56:53.619+0700] {taskmixin.py:211} WARNING - Dependency <Task(BashOperator): delete_entry>, create_entry_gcs already registered for DAG: example_complex
[2023-04-15T10:56:53.619+0700] {logging_mixin.py:137} INFO - [2023-04-15T10:56:53.619+0700] {taskmixin.py:211} WARNING - Dependency <Task(BashOperator): create_tag>, delete_tag already registered for DAG: example_complex
[2023-04-15T10:56:53.619+0700] {logging_mixin.py:137} INFO - [2023-04-15T10:56:53.619+0700] {taskmixin.py:211} WARNING - Dependency <Task(BashOperator): delete_tag>, create_tag already registered for DAG: example_complex
[2023-04-15T10:56:53.623+0700] {processor.py:753} INFO - DAG(s) dict_keys(['example_complex']) retrieved from /home/ahyar/Documents/tut_folder/tut_python/python_script/tut_airflow/env_airflow/lib/python3.9/site-packages/airflow/example_dags/example_complex.py
[2023-04-15T10:56:53.640+0700] {logging_mixin.py:137} INFO - [2023-04-15T10:56:53.640+0700] {dag.py:2705} INFO - Sync 1 DAGs
[2023-04-15T10:56:53.651+0700] {logging_mixin.py:137} INFO - [2023-04-15T10:56:53.651+0700] {dag.py:3452} INFO - Setting next_dagrun for example_complex to None, run_after=None
[2023-04-15T10:56:53.666+0700] {processor.py:175} INFO - Processing /home/ahyar/Documents/tut_folder/tut_python/python_script/tut_airflow/env_airflow/lib/python3.9/site-packages/airflow/example_dags/example_complex.py took 0.063 seconds
[2023-04-15T10:57:38.030+0700] {processor.py:153} INFO - Started process (PID=18608) to work on /home/ahyar/Documents/tut_folder/tut_python/python_script/tut_airflow/env_airflow/lib/python3.9/site-packages/airflow/example_dags/example_complex.py
[2023-04-15T10:57:38.031+0700] {processor.py:743} INFO - Processing file /home/ahyar/Documents/tut_folder/tut_python/python_script/tut_airflow/env_airflow/lib/python3.9/site-packages/airflow/example_dags/example_complex.py for tasks to queue
[2023-04-15T10:57:38.031+0700] {logging_mixin.py:137} INFO - [2023-04-15T10:57:38.031+0700] {dagbag.py:532} INFO - Filling up the DagBag from /home/ahyar/Documents/tut_folder/tut_python/python_script/tut_airflow/env_airflow/lib/python3.9/site-packages/airflow/example_dags/example_complex.py
[2023-04-15T10:57:38.044+0700] {logging_mixin.py:137} INFO - [2023-04-15T10:57:38.044+0700] {taskmixin.py:211} WARNING - Dependency <Task(BashOperator): create_entry_group>, delete_entry_group already registered for DAG: example_complex
[2023-04-15T10:57:38.045+0700] {logging_mixin.py:137} INFO - [2023-04-15T10:57:38.044+0700] {taskmixin.py:211} WARNING - Dependency <Task(BashOperator): delete_entry_group>, create_entry_group already registered for DAG: example_complex
[2023-04-15T10:57:38.045+0700] {logging_mixin.py:137} INFO - [2023-04-15T10:57:38.045+0700] {taskmixin.py:211} WARNING - Dependency <Task(BashOperator): create_entry_gcs>, delete_entry already registered for DAG: example_complex
[2023-04-15T10:57:38.045+0700] {logging_mixin.py:137} INFO - [2023-04-15T10:57:38.045+0700] {taskmixin.py:211} WARNING - Dependency <Task(BashOperator): delete_entry>, create_entry_gcs already registered for DAG: example_complex
[2023-04-15T10:57:38.045+0700] {logging_mixin.py:137} INFO - [2023-04-15T10:57:38.045+0700] {taskmixin.py:211} WARNING - Dependency <Task(BashOperator): create_tag>, delete_tag already registered for DAG: example_complex
[2023-04-15T10:57:38.045+0700] {logging_mixin.py:137} INFO - [2023-04-15T10:57:38.045+0700] {taskmixin.py:211} WARNING - Dependency <Task(BashOperator): delete_tag>, create_tag already registered for DAG: example_complex
[2023-04-15T10:57:38.052+0700] {processor.py:753} INFO - DAG(s) dict_keys(['example_complex']) retrieved from /home/ahyar/Documents/tut_folder/tut_python/python_script/tut_airflow/env_airflow/lib/python3.9/site-packages/airflow/example_dags/example_complex.py
[2023-04-15T10:57:38.077+0700] {logging_mixin.py:137} INFO - [2023-04-15T10:57:38.077+0700] {dag.py:2705} INFO - Sync 1 DAGs
[2023-04-15T10:57:38.098+0700] {logging_mixin.py:137} INFO - [2023-04-15T10:57:38.098+0700] {dag.py:3452} INFO - Setting next_dagrun for example_complex to None, run_after=None
[2023-04-15T10:57:38.122+0700] {processor.py:175} INFO - Processing /home/ahyar/Documents/tut_folder/tut_python/python_script/tut_airflow/env_airflow/lib/python3.9/site-packages/airflow/example_dags/example_complex.py took 0.097 seconds
[2023-04-15T10:58:25.630+0700] {processor.py:153} INFO - Started process (PID=18698) to work on /home/ahyar/Documents/tut_folder/tut_python/python_script/tut_airflow/env_airflow/lib/python3.9/site-packages/airflow/example_dags/example_complex.py
[2023-04-15T10:58:25.632+0700] {processor.py:743} INFO - Processing file /home/ahyar/Documents/tut_folder/tut_python/python_script/tut_airflow/env_airflow/lib/python3.9/site-packages/airflow/example_dags/example_complex.py for tasks to queue
[2023-04-15T10:58:25.633+0700] {logging_mixin.py:137} INFO - [2023-04-15T10:58:25.633+0700] {dagbag.py:532} INFO - Filling up the DagBag from /home/ahyar/Documents/tut_folder/tut_python/python_script/tut_airflow/env_airflow/lib/python3.9/site-packages/airflow/example_dags/example_complex.py
[2023-04-15T10:58:25.645+0700] {logging_mixin.py:137} INFO - [2023-04-15T10:58:25.644+0700] {taskmixin.py:211} WARNING - Dependency <Task(BashOperator): create_entry_group>, delete_entry_group already registered for DAG: example_complex
[2023-04-15T10:58:25.646+0700] {logging_mixin.py:137} INFO - [2023-04-15T10:58:25.645+0700] {taskmixin.py:211} WARNING - Dependency <Task(BashOperator): delete_entry_group>, create_entry_group already registered for DAG: example_complex
[2023-04-15T10:58:25.646+0700] {logging_mixin.py:137} INFO - [2023-04-15T10:58:25.646+0700] {taskmixin.py:211} WARNING - Dependency <Task(BashOperator): create_entry_gcs>, delete_entry already registered for DAG: example_complex
[2023-04-15T10:58:25.646+0700] {logging_mixin.py:137} INFO - [2023-04-15T10:58:25.646+0700] {taskmixin.py:211} WARNING - Dependency <Task(BashOperator): delete_entry>, create_entry_gcs already registered for DAG: example_complex
[2023-04-15T10:58:25.646+0700] {logging_mixin.py:137} INFO - [2023-04-15T10:58:25.646+0700] {taskmixin.py:211} WARNING - Dependency <Task(BashOperator): create_tag>, delete_tag already registered for DAG: example_complex
[2023-04-15T10:58:25.647+0700] {logging_mixin.py:137} INFO - [2023-04-15T10:58:25.647+0700] {taskmixin.py:211} WARNING - Dependency <Task(BashOperator): delete_tag>, create_tag already registered for DAG: example_complex
[2023-04-15T10:58:25.664+0700] {processor.py:753} INFO - DAG(s) dict_keys(['example_complex']) retrieved from /home/ahyar/Documents/tut_folder/tut_python/python_script/tut_airflow/env_airflow/lib/python3.9/site-packages/airflow/example_dags/example_complex.py
[2023-04-15T10:58:25.708+0700] {logging_mixin.py:137} INFO - [2023-04-15T10:58:25.706+0700] {dag.py:2705} INFO - Sync 1 DAGs
[2023-04-15T10:58:25.744+0700] {logging_mixin.py:137} INFO - [2023-04-15T10:58:25.744+0700] {dag.py:3452} INFO - Setting next_dagrun for example_complex to None, run_after=None
[2023-04-15T10:58:25.799+0700] {processor.py:175} INFO - Processing /home/ahyar/Documents/tut_folder/tut_python/python_script/tut_airflow/env_airflow/lib/python3.9/site-packages/airflow/example_dags/example_complex.py took 0.172 seconds
[2023-04-15T10:59:18.004+0700] {processor.py:153} INFO - Started process (PID=19009) to work on /home/ahyar/Documents/tut_folder/tut_python/python_script/tut_airflow/env_airflow/lib/python3.9/site-packages/airflow/example_dags/example_complex.py
[2023-04-15T10:59:18.006+0700] {processor.py:743} INFO - Processing file /home/ahyar/Documents/tut_folder/tut_python/python_script/tut_airflow/env_airflow/lib/python3.9/site-packages/airflow/example_dags/example_complex.py for tasks to queue
[2023-04-15T10:59:18.010+0700] {logging_mixin.py:137} INFO - [2023-04-15T10:59:18.010+0700] {dagbag.py:532} INFO - Filling up the DagBag from /home/ahyar/Documents/tut_folder/tut_python/python_script/tut_airflow/env_airflow/lib/python3.9/site-packages/airflow/example_dags/example_complex.py
[2023-04-15T10:59:18.036+0700] {logging_mixin.py:137} INFO - [2023-04-15T10:59:18.035+0700] {taskmixin.py:211} WARNING - Dependency <Task(BashOperator): create_entry_group>, delete_entry_group already registered for DAG: example_complex
[2023-04-15T10:59:18.036+0700] {logging_mixin.py:137} INFO - [2023-04-15T10:59:18.036+0700] {taskmixin.py:211} WARNING - Dependency <Task(BashOperator): delete_entry_group>, create_entry_group already registered for DAG: example_complex
[2023-04-15T10:59:18.036+0700] {logging_mixin.py:137} INFO - [2023-04-15T10:59:18.036+0700] {taskmixin.py:211} WARNING - Dependency <Task(BashOperator): create_entry_gcs>, delete_entry already registered for DAG: example_complex
[2023-04-15T10:59:18.037+0700] {logging_mixin.py:137} INFO - [2023-04-15T10:59:18.037+0700] {taskmixin.py:211} WARNING - Dependency <Task(BashOperator): delete_entry>, create_entry_gcs already registered for DAG: example_complex
[2023-04-15T10:59:18.037+0700] {logging_mixin.py:137} INFO - [2023-04-15T10:59:18.037+0700] {taskmixin.py:211} WARNING - Dependency <Task(BashOperator): create_tag>, delete_tag already registered for DAG: example_complex
[2023-04-15T10:59:18.037+0700] {logging_mixin.py:137} INFO - [2023-04-15T10:59:18.037+0700] {taskmixin.py:211} WARNING - Dependency <Task(BashOperator): delete_tag>, create_tag already registered for DAG: example_complex
[2023-04-15T10:59:18.049+0700] {processor.py:753} INFO - DAG(s) dict_keys(['example_complex']) retrieved from /home/ahyar/Documents/tut_folder/tut_python/python_script/tut_airflow/env_airflow/lib/python3.9/site-packages/airflow/example_dags/example_complex.py
[2023-04-15T10:59:18.098+0700] {logging_mixin.py:137} INFO - [2023-04-15T10:59:18.098+0700] {dag.py:2705} INFO - Sync 1 DAGs
[2023-04-15T10:59:18.134+0700] {logging_mixin.py:137} INFO - [2023-04-15T10:59:18.134+0700] {dag.py:3452} INFO - Setting next_dagrun for example_complex to None, run_after=None
[2023-04-15T10:59:18.166+0700] {processor.py:175} INFO - Processing /home/ahyar/Documents/tut_folder/tut_python/python_script/tut_airflow/env_airflow/lib/python3.9/site-packages/airflow/example_dags/example_complex.py took 0.189 seconds
[2023-04-15T11:03:11.683+0700] {processor.py:153} INFO - Started process (PID=21705) to work on /home/ahyar/Documents/tut_folder/tut_python/python_script/tut_airflow/env_airflow/lib/python3.9/site-packages/airflow/example_dags/example_complex.py
[2023-04-15T11:03:11.684+0700] {processor.py:743} INFO - Processing file /home/ahyar/Documents/tut_folder/tut_python/python_script/tut_airflow/env_airflow/lib/python3.9/site-packages/airflow/example_dags/example_complex.py for tasks to queue
[2023-04-15T11:03:11.685+0700] {logging_mixin.py:137} INFO - [2023-04-15T11:03:11.684+0700] {dagbag.py:532} INFO - Filling up the DagBag from /home/ahyar/Documents/tut_folder/tut_python/python_script/tut_airflow/env_airflow/lib/python3.9/site-packages/airflow/example_dags/example_complex.py
[2023-04-15T11:03:11.693+0700] {logging_mixin.py:137} INFO - [2023-04-15T11:03:11.692+0700] {taskmixin.py:211} WARNING - Dependency <Task(BashOperator): create_entry_group>, delete_entry_group already registered for DAG: example_complex
[2023-04-15T11:03:11.693+0700] {logging_mixin.py:137} INFO - [2023-04-15T11:03:11.693+0700] {taskmixin.py:211} WARNING - Dependency <Task(BashOperator): delete_entry_group>, create_entry_group already registered for DAG: example_complex
[2023-04-15T11:03:11.693+0700] {logging_mixin.py:137} INFO - [2023-04-15T11:03:11.693+0700] {taskmixin.py:211} WARNING - Dependency <Task(BashOperator): create_entry_gcs>, delete_entry already registered for DAG: example_complex
[2023-04-15T11:03:11.693+0700] {logging_mixin.py:137} INFO - [2023-04-15T11:03:11.693+0700] {taskmixin.py:211} WARNING - Dependency <Task(BashOperator): delete_entry>, create_entry_gcs already registered for DAG: example_complex
[2023-04-15T11:03:11.693+0700] {logging_mixin.py:137} INFO - [2023-04-15T11:03:11.693+0700] {taskmixin.py:211} WARNING - Dependency <Task(BashOperator): create_tag>, delete_tag already registered for DAG: example_complex
[2023-04-15T11:03:11.693+0700] {logging_mixin.py:137} INFO - [2023-04-15T11:03:11.693+0700] {taskmixin.py:211} WARNING - Dependency <Task(BashOperator): delete_tag>, create_tag already registered for DAG: example_complex
[2023-04-15T11:03:11.699+0700] {processor.py:753} INFO - DAG(s) dict_keys(['example_complex']) retrieved from /home/ahyar/Documents/tut_folder/tut_python/python_script/tut_airflow/env_airflow/lib/python3.9/site-packages/airflow/example_dags/example_complex.py
[2023-04-15T11:03:11.719+0700] {logging_mixin.py:137} INFO - [2023-04-15T11:03:11.719+0700] {dag.py:2705} INFO - Sync 1 DAGs
[2023-04-15T11:03:11.731+0700] {logging_mixin.py:137} INFO - [2023-04-15T11:03:11.730+0700] {dag.py:3452} INFO - Setting next_dagrun for example_complex to None, run_after=None
[2023-04-15T11:03:11.748+0700] {processor.py:175} INFO - Processing /home/ahyar/Documents/tut_folder/tut_python/python_script/tut_airflow/env_airflow/lib/python3.9/site-packages/airflow/example_dags/example_complex.py took 0.066 seconds
