[2023-04-15T10:46:53.329+0700] {processor.py:153} INFO - Started process (PID=16427) to work on /home/ahyar/Documents/tut_folder/tut_python/python_script/tut_airflow/env_airflow/lib/python3.9/site-packages/airflow/example_dags/example_sensor_decorator.py
[2023-04-15T10:46:53.329+0700] {processor.py:743} INFO - Processing file /home/ahyar/Documents/tut_folder/tut_python/python_script/tut_airflow/env_airflow/lib/python3.9/site-packages/airflow/example_dags/example_sensor_decorator.py for tasks to queue
[2023-04-15T10:46:53.329+0700] {logging_mixin.py:137} INFO - [2023-04-15T10:46:53.329+0700] {dagbag.py:532} INFO - Filling up the DagBag from /home/ahyar/Documents/tut_folder/tut_python/python_script/tut_airflow/env_airflow/lib/python3.9/site-packages/airflow/example_dags/example_sensor_decorator.py
[2023-04-15T10:46:53.342+0700] {processor.py:753} INFO - DAG(s) dict_keys(['example_sensor_decorator']) retrieved from /home/ahyar/Documents/tut_folder/tut_python/python_script/tut_airflow/env_airflow/lib/python3.9/site-packages/airflow/example_dags/example_sensor_decorator.py
[2023-04-15T10:46:53.400+0700] {logging_mixin.py:137} INFO - [2023-04-15T10:46:53.400+0700] {manager.py:504} INFO - Created Permission View: can read on DAG:example_sensor_decorator
[2023-04-15T10:46:53.408+0700] {logging_mixin.py:137} INFO - [2023-04-15T10:46:53.408+0700] {manager.py:504} INFO - Created Permission View: can edit on DAG:example_sensor_decorator
[2023-04-15T10:46:53.416+0700] {logging_mixin.py:137} INFO - [2023-04-15T10:46:53.416+0700] {manager.py:504} INFO - Created Permission View: can delete on DAG:example_sensor_decorator
[2023-04-15T10:46:53.416+0700] {logging_mixin.py:137} INFO - [2023-04-15T10:46:53.416+0700] {dag.py:2705} INFO - Sync 1 DAGs
[2023-04-15T10:46:53.422+0700] {logging_mixin.py:137} INFO - [2023-04-15T10:46:53.421+0700] {dag.py:2726} INFO - Creating ORM DAG for example_sensor_decorator
[2023-04-15T10:46:53.426+0700] {logging_mixin.py:137} INFO - [2023-04-15T10:46:53.426+0700] {dag.py:3452} INFO - Setting next_dagrun for example_sensor_decorator to None, run_after=None
[2023-04-15T10:46:53.441+0700] {processor.py:175} INFO - Processing /home/ahyar/Documents/tut_folder/tut_python/python_script/tut_airflow/env_airflow/lib/python3.9/site-packages/airflow/example_dags/example_sensor_decorator.py took 0.114 seconds
[2023-04-15T10:47:35.828+0700] {processor.py:153} INFO - Started process (PID=16613) to work on /home/ahyar/Documents/tut_folder/tut_python/python_script/tut_airflow/env_airflow/lib/python3.9/site-packages/airflow/example_dags/example_sensor_decorator.py
[2023-04-15T10:47:35.829+0700] {processor.py:743} INFO - Processing file /home/ahyar/Documents/tut_folder/tut_python/python_script/tut_airflow/env_airflow/lib/python3.9/site-packages/airflow/example_dags/example_sensor_decorator.py for tasks to queue
[2023-04-15T10:47:35.830+0700] {logging_mixin.py:137} INFO - [2023-04-15T10:47:35.830+0700] {dagbag.py:532} INFO - Filling up the DagBag from /home/ahyar/Documents/tut_folder/tut_python/python_script/tut_airflow/env_airflow/lib/python3.9/site-packages/airflow/example_dags/example_sensor_decorator.py
[2023-04-15T10:47:35.847+0700] {processor.py:753} INFO - DAG(s) dict_keys(['example_sensor_decorator']) retrieved from /home/ahyar/Documents/tut_folder/tut_python/python_script/tut_airflow/env_airflow/lib/python3.9/site-packages/airflow/example_dags/example_sensor_decorator.py
[2023-04-15T10:47:35.856+0700] {logging_mixin.py:137} INFO - [2023-04-15T10:47:35.856+0700] {dag.py:2705} INFO - Sync 1 DAGs
[2023-04-15T10:47:35.869+0700] {logging_mixin.py:137} INFO - [2023-04-15T10:47:35.869+0700] {dag.py:3452} INFO - Setting next_dagrun for example_sensor_decorator to None, run_after=None
[2023-04-15T10:47:35.891+0700] {processor.py:175} INFO - Processing /home/ahyar/Documents/tut_folder/tut_python/python_script/tut_airflow/env_airflow/lib/python3.9/site-packages/airflow/example_dags/example_sensor_decorator.py took 0.067 seconds
[2023-04-15T10:48:48.340+0700] {processor.py:153} INFO - Started process (PID=17166) to work on /home/ahyar/Documents/tut_folder/tut_python/python_script/tut_airflow/env_airflow/lib/python3.9/site-packages/airflow/example_dags/example_sensor_decorator.py
[2023-04-15T10:48:48.341+0700] {processor.py:743} INFO - Processing file /home/ahyar/Documents/tut_folder/tut_python/python_script/tut_airflow/env_airflow/lib/python3.9/site-packages/airflow/example_dags/example_sensor_decorator.py for tasks to queue
[2023-04-15T10:48:48.342+0700] {logging_mixin.py:137} INFO - [2023-04-15T10:48:48.342+0700] {dagbag.py:532} INFO - Filling up the DagBag from /home/ahyar/Documents/tut_folder/tut_python/python_script/tut_airflow/env_airflow/lib/python3.9/site-packages/airflow/example_dags/example_sensor_decorator.py
[2023-04-15T10:48:48.360+0700] {processor.py:753} INFO - DAG(s) dict_keys(['example_sensor_decorator']) retrieved from /home/ahyar/Documents/tut_folder/tut_python/python_script/tut_airflow/env_airflow/lib/python3.9/site-packages/airflow/example_dags/example_sensor_decorator.py
[2023-04-15T10:48:48.369+0700] {logging_mixin.py:137} INFO - [2023-04-15T10:48:48.369+0700] {dag.py:2705} INFO - Sync 1 DAGs
[2023-04-15T10:48:48.379+0700] {logging_mixin.py:137} INFO - [2023-04-15T10:48:48.378+0700] {dag.py:3452} INFO - Setting next_dagrun for example_sensor_decorator to None, run_after=None
[2023-04-15T10:48:48.395+0700] {processor.py:175} INFO - Processing /home/ahyar/Documents/tut_folder/tut_python/python_script/tut_airflow/env_airflow/lib/python3.9/site-packages/airflow/example_dags/example_sensor_decorator.py took 0.059 seconds
[2023-04-15T10:49:35.172+0700] {processor.py:153} INFO - Started process (PID=17467) to work on /home/ahyar/Documents/tut_folder/tut_python/python_script/tut_airflow/env_airflow/lib/python3.9/site-packages/airflow/example_dags/example_sensor_decorator.py
[2023-04-15T10:49:35.174+0700] {processor.py:743} INFO - Processing file /home/ahyar/Documents/tut_folder/tut_python/python_script/tut_airflow/env_airflow/lib/python3.9/site-packages/airflow/example_dags/example_sensor_decorator.py for tasks to queue
[2023-04-15T10:49:35.175+0700] {logging_mixin.py:137} INFO - [2023-04-15T10:49:35.174+0700] {dagbag.py:532} INFO - Filling up the DagBag from /home/ahyar/Documents/tut_folder/tut_python/python_script/tut_airflow/env_airflow/lib/python3.9/site-packages/airflow/example_dags/example_sensor_decorator.py
[2023-04-15T10:49:35.241+0700] {processor.py:753} INFO - DAG(s) dict_keys(['example_sensor_decorator']) retrieved from /home/ahyar/Documents/tut_folder/tut_python/python_script/tut_airflow/env_airflow/lib/python3.9/site-packages/airflow/example_dags/example_sensor_decorator.py
[2023-04-15T10:49:35.299+0700] {logging_mixin.py:137} INFO - [2023-04-15T10:49:35.298+0700] {dag.py:2705} INFO - Sync 1 DAGs
[2023-04-15T10:49:35.341+0700] {logging_mixin.py:137} INFO - [2023-04-15T10:49:35.341+0700] {dag.py:3452} INFO - Setting next_dagrun for example_sensor_decorator to None, run_after=None
[2023-04-15T10:49:35.390+0700] {processor.py:175} INFO - Processing /home/ahyar/Documents/tut_folder/tut_python/python_script/tut_airflow/env_airflow/lib/python3.9/site-packages/airflow/example_dags/example_sensor_decorator.py took 0.224 seconds
[2023-04-15T10:50:19.913+0700] {processor.py:153} INFO - Started process (PID=17717) to work on /home/ahyar/Documents/tut_folder/tut_python/python_script/tut_airflow/env_airflow/lib/python3.9/site-packages/airflow/example_dags/example_sensor_decorator.py
[2023-04-15T10:50:19.916+0700] {processor.py:743} INFO - Processing file /home/ahyar/Documents/tut_folder/tut_python/python_script/tut_airflow/env_airflow/lib/python3.9/site-packages/airflow/example_dags/example_sensor_decorator.py for tasks to queue
[2023-04-15T10:50:19.917+0700] {logging_mixin.py:137} INFO - [2023-04-15T10:50:19.916+0700] {dagbag.py:532} INFO - Filling up the DagBag from /home/ahyar/Documents/tut_folder/tut_python/python_script/tut_airflow/env_airflow/lib/python3.9/site-packages/airflow/example_dags/example_sensor_decorator.py
[2023-04-15T10:50:19.949+0700] {processor.py:753} INFO - DAG(s) dict_keys(['example_sensor_decorator']) retrieved from /home/ahyar/Documents/tut_folder/tut_python/python_script/tut_airflow/env_airflow/lib/python3.9/site-packages/airflow/example_dags/example_sensor_decorator.py
[2023-04-15T10:50:19.967+0700] {logging_mixin.py:137} INFO - [2023-04-15T10:50:19.966+0700] {dag.py:2705} INFO - Sync 1 DAGs
[2023-04-15T10:50:19.979+0700] {logging_mixin.py:137} INFO - [2023-04-15T10:50:19.979+0700] {dag.py:3452} INFO - Setting next_dagrun for example_sensor_decorator to None, run_after=None
[2023-04-15T10:50:19.995+0700] {processor.py:175} INFO - Processing /home/ahyar/Documents/tut_folder/tut_python/python_script/tut_airflow/env_airflow/lib/python3.9/site-packages/airflow/example_dags/example_sensor_decorator.py took 0.087 seconds
[2023-04-15T10:51:02.586+0700] {processor.py:153} INFO - Started process (PID=17776) to work on /home/ahyar/Documents/tut_folder/tut_python/python_script/tut_airflow/env_airflow/lib/python3.9/site-packages/airflow/example_dags/example_sensor_decorator.py
[2023-04-15T10:51:02.588+0700] {processor.py:743} INFO - Processing file /home/ahyar/Documents/tut_folder/tut_python/python_script/tut_airflow/env_airflow/lib/python3.9/site-packages/airflow/example_dags/example_sensor_decorator.py for tasks to queue
[2023-04-15T10:51:02.589+0700] {logging_mixin.py:137} INFO - [2023-04-15T10:51:02.589+0700] {dagbag.py:532} INFO - Filling up the DagBag from /home/ahyar/Documents/tut_folder/tut_python/python_script/tut_airflow/env_airflow/lib/python3.9/site-packages/airflow/example_dags/example_sensor_decorator.py
[2023-04-15T10:51:02.605+0700] {processor.py:753} INFO - DAG(s) dict_keys(['example_sensor_decorator']) retrieved from /home/ahyar/Documents/tut_folder/tut_python/python_script/tut_airflow/env_airflow/lib/python3.9/site-packages/airflow/example_dags/example_sensor_decorator.py
[2023-04-15T10:51:02.615+0700] {logging_mixin.py:137} INFO - [2023-04-15T10:51:02.615+0700] {dag.py:2705} INFO - Sync 1 DAGs
[2023-04-15T10:51:02.625+0700] {logging_mixin.py:137} INFO - [2023-04-15T10:51:02.625+0700] {dag.py:3452} INFO - Setting next_dagrun for example_sensor_decorator to None, run_after=None
[2023-04-15T10:51:02.639+0700] {processor.py:175} INFO - Processing /home/ahyar/Documents/tut_folder/tut_python/python_script/tut_airflow/env_airflow/lib/python3.9/site-packages/airflow/example_dags/example_sensor_decorator.py took 0.057 seconds
[2023-04-15T10:51:45.105+0700] {processor.py:153} INFO - Started process (PID=17856) to work on /home/ahyar/Documents/tut_folder/tut_python/python_script/tut_airflow/env_airflow/lib/python3.9/site-packages/airflow/example_dags/example_sensor_decorator.py
[2023-04-15T10:51:45.108+0700] {processor.py:743} INFO - Processing file /home/ahyar/Documents/tut_folder/tut_python/python_script/tut_airflow/env_airflow/lib/python3.9/site-packages/airflow/example_dags/example_sensor_decorator.py for tasks to queue
[2023-04-15T10:51:45.109+0700] {logging_mixin.py:137} INFO - [2023-04-15T10:51:45.109+0700] {dagbag.py:532} INFO - Filling up the DagBag from /home/ahyar/Documents/tut_folder/tut_python/python_script/tut_airflow/env_airflow/lib/python3.9/site-packages/airflow/example_dags/example_sensor_decorator.py
[2023-04-15T10:51:45.136+0700] {processor.py:753} INFO - DAG(s) dict_keys(['example_sensor_decorator']) retrieved from /home/ahyar/Documents/tut_folder/tut_python/python_script/tut_airflow/env_airflow/lib/python3.9/site-packages/airflow/example_dags/example_sensor_decorator.py
[2023-04-15T10:51:45.154+0700] {logging_mixin.py:137} INFO - [2023-04-15T10:51:45.154+0700] {dag.py:2705} INFO - Sync 1 DAGs
[2023-04-15T10:51:45.174+0700] {logging_mixin.py:137} INFO - [2023-04-15T10:51:45.173+0700] {dag.py:3452} INFO - Setting next_dagrun for example_sensor_decorator to None, run_after=None
[2023-04-15T10:51:45.201+0700] {processor.py:175} INFO - Processing /home/ahyar/Documents/tut_folder/tut_python/python_script/tut_airflow/env_airflow/lib/python3.9/site-packages/airflow/example_dags/example_sensor_decorator.py took 0.101 seconds
[2023-04-15T10:52:30.981+0700] {processor.py:153} INFO - Started process (PID=17986) to work on /home/ahyar/Documents/tut_folder/tut_python/python_script/tut_airflow/env_airflow/lib/python3.9/site-packages/airflow/example_dags/example_sensor_decorator.py
[2023-04-15T10:52:30.983+0700] {processor.py:743} INFO - Processing file /home/ahyar/Documents/tut_folder/tut_python/python_script/tut_airflow/env_airflow/lib/python3.9/site-packages/airflow/example_dags/example_sensor_decorator.py for tasks to queue
[2023-04-15T10:52:30.983+0700] {logging_mixin.py:137} INFO - [2023-04-15T10:52:30.983+0700] {dagbag.py:532} INFO - Filling up the DagBag from /home/ahyar/Documents/tut_folder/tut_python/python_script/tut_airflow/env_airflow/lib/python3.9/site-packages/airflow/example_dags/example_sensor_decorator.py
[2023-04-15T10:52:31.017+0700] {processor.py:753} INFO - DAG(s) dict_keys(['example_sensor_decorator']) retrieved from /home/ahyar/Documents/tut_folder/tut_python/python_script/tut_airflow/env_airflow/lib/python3.9/site-packages/airflow/example_dags/example_sensor_decorator.py
[2023-04-15T10:52:31.040+0700] {logging_mixin.py:137} INFO - [2023-04-15T10:52:31.040+0700] {dag.py:2705} INFO - Sync 1 DAGs
[2023-04-15T10:52:31.089+0700] {logging_mixin.py:137} INFO - [2023-04-15T10:52:31.089+0700] {dag.py:3452} INFO - Setting next_dagrun for example_sensor_decorator to None, run_after=None
[2023-04-15T10:52:31.145+0700] {processor.py:175} INFO - Processing /home/ahyar/Documents/tut_folder/tut_python/python_script/tut_airflow/env_airflow/lib/python3.9/site-packages/airflow/example_dags/example_sensor_decorator.py took 0.177 seconds
[2023-04-15T10:53:19.203+0700] {processor.py:153} INFO - Started process (PID=18110) to work on /home/ahyar/Documents/tut_folder/tut_python/python_script/tut_airflow/env_airflow/lib/python3.9/site-packages/airflow/example_dags/example_sensor_decorator.py
[2023-04-15T10:53:19.204+0700] {processor.py:743} INFO - Processing file /home/ahyar/Documents/tut_folder/tut_python/python_script/tut_airflow/env_airflow/lib/python3.9/site-packages/airflow/example_dags/example_sensor_decorator.py for tasks to queue
[2023-04-15T10:53:19.206+0700] {logging_mixin.py:137} INFO - [2023-04-15T10:53:19.206+0700] {dagbag.py:532} INFO - Filling up the DagBag from /home/ahyar/Documents/tut_folder/tut_python/python_script/tut_airflow/env_airflow/lib/python3.9/site-packages/airflow/example_dags/example_sensor_decorator.py
[2023-04-15T10:53:19.233+0700] {processor.py:753} INFO - DAG(s) dict_keys(['example_sensor_decorator']) retrieved from /home/ahyar/Documents/tut_folder/tut_python/python_script/tut_airflow/env_airflow/lib/python3.9/site-packages/airflow/example_dags/example_sensor_decorator.py
[2023-04-15T10:53:19.261+0700] {logging_mixin.py:137} INFO - [2023-04-15T10:53:19.260+0700] {dag.py:2705} INFO - Sync 1 DAGs
[2023-04-15T10:53:19.279+0700] {logging_mixin.py:137} INFO - [2023-04-15T10:53:19.279+0700] {dag.py:3452} INFO - Setting next_dagrun for example_sensor_decorator to None, run_after=None
[2023-04-15T10:53:19.298+0700] {processor.py:175} INFO - Processing /home/ahyar/Documents/tut_folder/tut_python/python_script/tut_airflow/env_airflow/lib/python3.9/site-packages/airflow/example_dags/example_sensor_decorator.py took 0.099 seconds
[2023-04-15T10:54:04.280+0700] {processor.py:153} INFO - Started process (PID=18202) to work on /home/ahyar/Documents/tut_folder/tut_python/python_script/tut_airflow/env_airflow/lib/python3.9/site-packages/airflow/example_dags/example_sensor_decorator.py
[2023-04-15T10:54:04.281+0700] {processor.py:743} INFO - Processing file /home/ahyar/Documents/tut_folder/tut_python/python_script/tut_airflow/env_airflow/lib/python3.9/site-packages/airflow/example_dags/example_sensor_decorator.py for tasks to queue
[2023-04-15T10:54:04.281+0700] {logging_mixin.py:137} INFO - [2023-04-15T10:54:04.281+0700] {dagbag.py:532} INFO - Filling up the DagBag from /home/ahyar/Documents/tut_folder/tut_python/python_script/tut_airflow/env_airflow/lib/python3.9/site-packages/airflow/example_dags/example_sensor_decorator.py
[2023-04-15T10:54:04.297+0700] {processor.py:753} INFO - DAG(s) dict_keys(['example_sensor_decorator']) retrieved from /home/ahyar/Documents/tut_folder/tut_python/python_script/tut_airflow/env_airflow/lib/python3.9/site-packages/airflow/example_dags/example_sensor_decorator.py
[2023-04-15T10:54:04.306+0700] {logging_mixin.py:137} INFO - [2023-04-15T10:54:04.306+0700] {dag.py:2705} INFO - Sync 1 DAGs
[2023-04-15T10:54:04.316+0700] {logging_mixin.py:137} INFO - [2023-04-15T10:54:04.316+0700] {dag.py:3452} INFO - Setting next_dagrun for example_sensor_decorator to None, run_after=None
[2023-04-15T10:54:04.330+0700] {processor.py:175} INFO - Processing /home/ahyar/Documents/tut_folder/tut_python/python_script/tut_airflow/env_airflow/lib/python3.9/site-packages/airflow/example_dags/example_sensor_decorator.py took 0.053 seconds
[2023-04-15T10:54:48.297+0700] {processor.py:153} INFO - Started process (PID=18300) to work on /home/ahyar/Documents/tut_folder/tut_python/python_script/tut_airflow/env_airflow/lib/python3.9/site-packages/airflow/example_dags/example_sensor_decorator.py
[2023-04-15T10:54:48.299+0700] {processor.py:743} INFO - Processing file /home/ahyar/Documents/tut_folder/tut_python/python_script/tut_airflow/env_airflow/lib/python3.9/site-packages/airflow/example_dags/example_sensor_decorator.py for tasks to queue
[2023-04-15T10:54:48.300+0700] {logging_mixin.py:137} INFO - [2023-04-15T10:54:48.299+0700] {dagbag.py:532} INFO - Filling up the DagBag from /home/ahyar/Documents/tut_folder/tut_python/python_script/tut_airflow/env_airflow/lib/python3.9/site-packages/airflow/example_dags/example_sensor_decorator.py
[2023-04-15T10:54:48.331+0700] {processor.py:753} INFO - DAG(s) dict_keys(['example_sensor_decorator']) retrieved from /home/ahyar/Documents/tut_folder/tut_python/python_script/tut_airflow/env_airflow/lib/python3.9/site-packages/airflow/example_dags/example_sensor_decorator.py
[2023-04-15T10:54:48.359+0700] {logging_mixin.py:137} INFO - [2023-04-15T10:54:48.358+0700] {dag.py:2705} INFO - Sync 1 DAGs
[2023-04-15T10:54:48.379+0700] {logging_mixin.py:137} INFO - [2023-04-15T10:54:48.379+0700] {dag.py:3452} INFO - Setting next_dagrun for example_sensor_decorator to None, run_after=None
[2023-04-15T10:54:48.411+0700] {processor.py:175} INFO - Processing /home/ahyar/Documents/tut_folder/tut_python/python_script/tut_airflow/env_airflow/lib/python3.9/site-packages/airflow/example_dags/example_sensor_decorator.py took 0.118 seconds
[2023-04-15T10:55:32.569+0700] {processor.py:153} INFO - Started process (PID=18355) to work on /home/ahyar/Documents/tut_folder/tut_python/python_script/tut_airflow/env_airflow/lib/python3.9/site-packages/airflow/example_dags/example_sensor_decorator.py
[2023-04-15T10:55:32.571+0700] {processor.py:743} INFO - Processing file /home/ahyar/Documents/tut_folder/tut_python/python_script/tut_airflow/env_airflow/lib/python3.9/site-packages/airflow/example_dags/example_sensor_decorator.py for tasks to queue
[2023-04-15T10:55:32.572+0700] {logging_mixin.py:137} INFO - [2023-04-15T10:55:32.572+0700] {dagbag.py:532} INFO - Filling up the DagBag from /home/ahyar/Documents/tut_folder/tut_python/python_script/tut_airflow/env_airflow/lib/python3.9/site-packages/airflow/example_dags/example_sensor_decorator.py
[2023-04-15T10:55:32.615+0700] {processor.py:753} INFO - DAG(s) dict_keys(['example_sensor_decorator']) retrieved from /home/ahyar/Documents/tut_folder/tut_python/python_script/tut_airflow/env_airflow/lib/python3.9/site-packages/airflow/example_dags/example_sensor_decorator.py
[2023-04-15T10:55:32.641+0700] {logging_mixin.py:137} INFO - [2023-04-15T10:55:32.640+0700] {dag.py:2705} INFO - Sync 1 DAGs
[2023-04-15T10:55:32.670+0700] {logging_mixin.py:137} INFO - [2023-04-15T10:55:32.669+0700] {dag.py:3452} INFO - Setting next_dagrun for example_sensor_decorator to None, run_after=None
[2023-04-15T10:55:32.713+0700] {processor.py:175} INFO - Processing /home/ahyar/Documents/tut_folder/tut_python/python_script/tut_airflow/env_airflow/lib/python3.9/site-packages/airflow/example_dags/example_sensor_decorator.py took 0.147 seconds
[2023-04-15T10:56:18.163+0700] {processor.py:153} INFO - Started process (PID=18464) to work on /home/ahyar/Documents/tut_folder/tut_python/python_script/tut_airflow/env_airflow/lib/python3.9/site-packages/airflow/example_dags/example_sensor_decorator.py
[2023-04-15T10:56:18.484+0700] {processor.py:743} INFO - Processing file /home/ahyar/Documents/tut_folder/tut_python/python_script/tut_airflow/env_airflow/lib/python3.9/site-packages/airflow/example_dags/example_sensor_decorator.py for tasks to queue
[2023-04-15T10:56:18.484+0700] {logging_mixin.py:137} INFO - [2023-04-15T10:56:18.484+0700] {dagbag.py:532} INFO - Filling up the DagBag from /home/ahyar/Documents/tut_folder/tut_python/python_script/tut_airflow/env_airflow/lib/python3.9/site-packages/airflow/example_dags/example_sensor_decorator.py
[2023-04-15T10:56:18.501+0700] {processor.py:753} INFO - DAG(s) dict_keys(['example_sensor_decorator']) retrieved from /home/ahyar/Documents/tut_folder/tut_python/python_script/tut_airflow/env_airflow/lib/python3.9/site-packages/airflow/example_dags/example_sensor_decorator.py
[2023-04-15T10:56:18.510+0700] {logging_mixin.py:137} INFO - [2023-04-15T10:56:18.510+0700] {dag.py:2705} INFO - Sync 1 DAGs
[2023-04-15T10:56:18.520+0700] {logging_mixin.py:137} INFO - [2023-04-15T10:56:18.520+0700] {dag.py:3452} INFO - Setting next_dagrun for example_sensor_decorator to None, run_after=None
[2023-04-15T10:56:18.578+0700] {processor.py:175} INFO - Processing /home/ahyar/Documents/tut_folder/tut_python/python_script/tut_airflow/env_airflow/lib/python3.9/site-packages/airflow/example_dags/example_sensor_decorator.py took 0.419 seconds
[2023-04-15T10:56:58.243+0700] {processor.py:153} INFO - Started process (PID=18533) to work on /home/ahyar/Documents/tut_folder/tut_python/python_script/tut_airflow/env_airflow/lib/python3.9/site-packages/airflow/example_dags/example_sensor_decorator.py
[2023-04-15T10:56:58.244+0700] {processor.py:743} INFO - Processing file /home/ahyar/Documents/tut_folder/tut_python/python_script/tut_airflow/env_airflow/lib/python3.9/site-packages/airflow/example_dags/example_sensor_decorator.py for tasks to queue
[2023-04-15T10:56:58.244+0700] {logging_mixin.py:137} INFO - [2023-04-15T10:56:58.244+0700] {dagbag.py:532} INFO - Filling up the DagBag from /home/ahyar/Documents/tut_folder/tut_python/python_script/tut_airflow/env_airflow/lib/python3.9/site-packages/airflow/example_dags/example_sensor_decorator.py
[2023-04-15T10:56:58.264+0700] {processor.py:753} INFO - DAG(s) dict_keys(['example_sensor_decorator']) retrieved from /home/ahyar/Documents/tut_folder/tut_python/python_script/tut_airflow/env_airflow/lib/python3.9/site-packages/airflow/example_dags/example_sensor_decorator.py
[2023-04-15T10:56:58.279+0700] {logging_mixin.py:137} INFO - [2023-04-15T10:56:58.279+0700] {dag.py:2705} INFO - Sync 1 DAGs
[2023-04-15T10:56:58.295+0700] {logging_mixin.py:137} INFO - [2023-04-15T10:56:58.295+0700] {dag.py:3452} INFO - Setting next_dagrun for example_sensor_decorator to None, run_after=None
[2023-04-15T10:56:58.314+0700] {processor.py:175} INFO - Processing /home/ahyar/Documents/tut_folder/tut_python/python_script/tut_airflow/env_airflow/lib/python3.9/site-packages/airflow/example_dags/example_sensor_decorator.py took 0.073 seconds
[2023-04-15T10:57:43.173+0700] {processor.py:153} INFO - Started process (PID=18615) to work on /home/ahyar/Documents/tut_folder/tut_python/python_script/tut_airflow/env_airflow/lib/python3.9/site-packages/airflow/example_dags/example_sensor_decorator.py
[2023-04-15T10:57:43.174+0700] {processor.py:743} INFO - Processing file /home/ahyar/Documents/tut_folder/tut_python/python_script/tut_airflow/env_airflow/lib/python3.9/site-packages/airflow/example_dags/example_sensor_decorator.py for tasks to queue
[2023-04-15T10:57:43.175+0700] {logging_mixin.py:137} INFO - [2023-04-15T10:57:43.175+0700] {dagbag.py:532} INFO - Filling up the DagBag from /home/ahyar/Documents/tut_folder/tut_python/python_script/tut_airflow/env_airflow/lib/python3.9/site-packages/airflow/example_dags/example_sensor_decorator.py
[2023-04-15T10:57:43.196+0700] {processor.py:753} INFO - DAG(s) dict_keys(['example_sensor_decorator']) retrieved from /home/ahyar/Documents/tut_folder/tut_python/python_script/tut_airflow/env_airflow/lib/python3.9/site-packages/airflow/example_dags/example_sensor_decorator.py
[2023-04-15T10:57:43.213+0700] {logging_mixin.py:137} INFO - [2023-04-15T10:57:43.213+0700] {dag.py:2705} INFO - Sync 1 DAGs
[2023-04-15T10:57:43.232+0700] {logging_mixin.py:137} INFO - [2023-04-15T10:57:43.231+0700] {dag.py:3452} INFO - Setting next_dagrun for example_sensor_decorator to None, run_after=None
[2023-04-15T10:57:43.261+0700] {processor.py:175} INFO - Processing /home/ahyar/Documents/tut_folder/tut_python/python_script/tut_airflow/env_airflow/lib/python3.9/site-packages/airflow/example_dags/example_sensor_decorator.py took 0.090 seconds
[2023-04-15T10:58:30.889+0700] {processor.py:153} INFO - Started process (PID=18703) to work on /home/ahyar/Documents/tut_folder/tut_python/python_script/tut_airflow/env_airflow/lib/python3.9/site-packages/airflow/example_dags/example_sensor_decorator.py
[2023-04-15T10:58:30.891+0700] {processor.py:743} INFO - Processing file /home/ahyar/Documents/tut_folder/tut_python/python_script/tut_airflow/env_airflow/lib/python3.9/site-packages/airflow/example_dags/example_sensor_decorator.py for tasks to queue
[2023-04-15T10:58:30.891+0700] {logging_mixin.py:137} INFO - [2023-04-15T10:58:30.891+0700] {dagbag.py:532} INFO - Filling up the DagBag from /home/ahyar/Documents/tut_folder/tut_python/python_script/tut_airflow/env_airflow/lib/python3.9/site-packages/airflow/example_dags/example_sensor_decorator.py
[2023-04-15T10:58:30.917+0700] {processor.py:753} INFO - DAG(s) dict_keys(['example_sensor_decorator']) retrieved from /home/ahyar/Documents/tut_folder/tut_python/python_script/tut_airflow/env_airflow/lib/python3.9/site-packages/airflow/example_dags/example_sensor_decorator.py
[2023-04-15T10:58:30.941+0700] {logging_mixin.py:137} INFO - [2023-04-15T10:58:30.940+0700] {dag.py:2705} INFO - Sync 1 DAGs
[2023-04-15T10:58:30.973+0700] {logging_mixin.py:137} INFO - [2023-04-15T10:58:30.973+0700] {dag.py:3452} INFO - Setting next_dagrun for example_sensor_decorator to None, run_after=None
[2023-04-15T10:58:31.028+0700] {processor.py:175} INFO - Processing /home/ahyar/Documents/tut_folder/tut_python/python_script/tut_airflow/env_airflow/lib/python3.9/site-packages/airflow/example_dags/example_sensor_decorator.py took 0.145 seconds
[2023-04-15T10:59:54.316+0700] {processor.py:153} INFO - Started process (PID=19496) to work on /home/ahyar/Documents/tut_folder/tut_python/python_script/tut_airflow/env_airflow/lib/python3.9/site-packages/airflow/example_dags/example_sensor_decorator.py
[2023-04-15T10:59:54.321+0700] {processor.py:743} INFO - Processing file /home/ahyar/Documents/tut_folder/tut_python/python_script/tut_airflow/env_airflow/lib/python3.9/site-packages/airflow/example_dags/example_sensor_decorator.py for tasks to queue
[2023-04-15T10:59:54.323+0700] {logging_mixin.py:137} INFO - [2023-04-15T10:59:54.323+0700] {dagbag.py:532} INFO - Filling up the DagBag from /home/ahyar/Documents/tut_folder/tut_python/python_script/tut_airflow/env_airflow/lib/python3.9/site-packages/airflow/example_dags/example_sensor_decorator.py
[2023-04-15T10:59:54.369+0700] {processor.py:753} INFO - DAG(s) dict_keys(['example_sensor_decorator']) retrieved from /home/ahyar/Documents/tut_folder/tut_python/python_script/tut_airflow/env_airflow/lib/python3.9/site-packages/airflow/example_dags/example_sensor_decorator.py
[2023-04-15T10:59:54.396+0700] {logging_mixin.py:137} INFO - [2023-04-15T10:59:54.396+0700] {dag.py:2705} INFO - Sync 1 DAGs
[2023-04-15T10:59:54.432+0700] {logging_mixin.py:137} INFO - [2023-04-15T10:59:54.432+0700] {dag.py:3452} INFO - Setting next_dagrun for example_sensor_decorator to None, run_after=None
[2023-04-15T10:59:54.459+0700] {processor.py:175} INFO - Processing /home/ahyar/Documents/tut_folder/tut_python/python_script/tut_airflow/env_airflow/lib/python3.9/site-packages/airflow/example_dags/example_sensor_decorator.py took 0.150 seconds
[2023-04-15T11:03:46.134+0700] {processor.py:153} INFO - Started process (PID=22167) to work on /home/ahyar/Documents/tut_folder/tut_python/python_script/tut_airflow/env_airflow/lib/python3.9/site-packages/airflow/example_dags/example_sensor_decorator.py
[2023-04-15T11:03:46.137+0700] {processor.py:743} INFO - Processing file /home/ahyar/Documents/tut_folder/tut_python/python_script/tut_airflow/env_airflow/lib/python3.9/site-packages/airflow/example_dags/example_sensor_decorator.py for tasks to queue
[2023-04-15T11:03:46.138+0700] {logging_mixin.py:137} INFO - [2023-04-15T11:03:46.138+0700] {dagbag.py:532} INFO - Filling up the DagBag from /home/ahyar/Documents/tut_folder/tut_python/python_script/tut_airflow/env_airflow/lib/python3.9/site-packages/airflow/example_dags/example_sensor_decorator.py
[2023-04-15T11:03:46.197+0700] {processor.py:753} INFO - DAG(s) dict_keys(['example_sensor_decorator']) retrieved from /home/ahyar/Documents/tut_folder/tut_python/python_script/tut_airflow/env_airflow/lib/python3.9/site-packages/airflow/example_dags/example_sensor_decorator.py
[2023-04-15T11:03:46.239+0700] {logging_mixin.py:137} INFO - [2023-04-15T11:03:46.237+0700] {dag.py:2705} INFO - Sync 1 DAGs
[2023-04-15T11:03:46.279+0700] {logging_mixin.py:137} INFO - [2023-04-15T11:03:46.278+0700] {dag.py:3452} INFO - Setting next_dagrun for example_sensor_decorator to None, run_after=None
[2023-04-15T11:03:46.342+0700] {processor.py:175} INFO - Processing /home/ahyar/Documents/tut_folder/tut_python/python_script/tut_airflow/env_airflow/lib/python3.9/site-packages/airflow/example_dags/example_sensor_decorator.py took 0.217 seconds
