[2023-04-15T10:47:06.385+0700] {processor.py:153} INFO - Started process (PID=16529) to work on /home/ahyar/Documents/tut_folder/tut_python/python_script/tut_airflow/env_airflow/lib/python3.9/site-packages/airflow/example_dags/example_branch_day_of_week_operator.py
[2023-04-15T10:47:06.386+0700] {processor.py:743} INFO - Processing file /home/ahyar/Documents/tut_folder/tut_python/python_script/tut_airflow/env_airflow/lib/python3.9/site-packages/airflow/example_dags/example_branch_day_of_week_operator.py for tasks to queue
[2023-04-15T10:47:06.386+0700] {logging_mixin.py:137} INFO - [2023-04-15T10:47:06.386+0700] {dagbag.py:532} INFO - Filling up the DagBag from /home/ahyar/Documents/tut_folder/tut_python/python_script/tut_airflow/env_airflow/lib/python3.9/site-packages/airflow/example_dags/example_branch_day_of_week_operator.py
[2023-04-15T10:47:06.400+0700] {processor.py:753} INFO - DAG(s) dict_keys(['example_weekday_branch_operator']) retrieved from /home/ahyar/Documents/tut_folder/tut_python/python_script/tut_airflow/env_airflow/lib/python3.9/site-packages/airflow/example_dags/example_branch_day_of_week_operator.py
[2023-04-15T10:47:06.463+0700] {logging_mixin.py:137} INFO - [2023-04-15T10:47:06.463+0700] {manager.py:504} INFO - Created Permission View: can read on DAG:example_weekday_branch_operator
[2023-04-15T10:47:06.472+0700] {logging_mixin.py:137} INFO - [2023-04-15T10:47:06.472+0700] {manager.py:504} INFO - Created Permission View: can edit on DAG:example_weekday_branch_operator
[2023-04-15T10:47:06.482+0700] {logging_mixin.py:137} INFO - [2023-04-15T10:47:06.482+0700] {manager.py:504} INFO - Created Permission View: can delete on DAG:example_weekday_branch_operator
[2023-04-15T10:47:06.482+0700] {logging_mixin.py:137} INFO - [2023-04-15T10:47:06.482+0700] {dag.py:2705} INFO - Sync 1 DAGs
[2023-04-15T10:47:06.488+0700] {logging_mixin.py:137} INFO - [2023-04-15T10:47:06.488+0700] {dag.py:2726} INFO - Creating ORM DAG for example_weekday_branch_operator
[2023-04-15T10:47:06.494+0700] {logging_mixin.py:137} INFO - [2023-04-15T10:47:06.494+0700] {dag.py:3452} INFO - Setting next_dagrun for example_weekday_branch_operator to 2023-04-14T00:00:00+00:00, run_after=2023-04-15T00:00:00+00:00
[2023-04-15T10:47:06.512+0700] {processor.py:175} INFO - Processing /home/ahyar/Documents/tut_folder/tut_python/python_script/tut_airflow/env_airflow/lib/python3.9/site-packages/airflow/example_dags/example_branch_day_of_week_operator.py took 0.131 seconds
[2023-04-15T10:47:47.294+0700] {processor.py:153} INFO - Started process (PID=16660) to work on /home/ahyar/Documents/tut_folder/tut_python/python_script/tut_airflow/env_airflow/lib/python3.9/site-packages/airflow/example_dags/example_branch_day_of_week_operator.py
[2023-04-15T10:47:47.297+0700] {processor.py:743} INFO - Processing file /home/ahyar/Documents/tut_folder/tut_python/python_script/tut_airflow/env_airflow/lib/python3.9/site-packages/airflow/example_dags/example_branch_day_of_week_operator.py for tasks to queue
[2023-04-15T10:47:47.299+0700] {logging_mixin.py:137} INFO - [2023-04-15T10:47:47.299+0700] {dagbag.py:532} INFO - Filling up the DagBag from /home/ahyar/Documents/tut_folder/tut_python/python_script/tut_airflow/env_airflow/lib/python3.9/site-packages/airflow/example_dags/example_branch_day_of_week_operator.py
[2023-04-15T10:47:47.333+0700] {processor.py:753} INFO - DAG(s) dict_keys(['example_weekday_branch_operator']) retrieved from /home/ahyar/Documents/tut_folder/tut_python/python_script/tut_airflow/env_airflow/lib/python3.9/site-packages/airflow/example_dags/example_branch_day_of_week_operator.py
[2023-04-15T10:47:47.350+0700] {logging_mixin.py:137} INFO - [2023-04-15T10:47:47.350+0700] {dag.py:2705} INFO - Sync 1 DAGs
[2023-04-15T10:47:47.369+0700] {logging_mixin.py:137} INFO - [2023-04-15T10:47:47.369+0700] {dag.py:3452} INFO - Setting next_dagrun for example_weekday_branch_operator to 2023-04-14T00:00:00+00:00, run_after=2023-04-15T00:00:00+00:00
[2023-04-15T10:47:47.396+0700] {processor.py:175} INFO - Processing /home/ahyar/Documents/tut_folder/tut_python/python_script/tut_airflow/env_airflow/lib/python3.9/site-packages/airflow/example_dags/example_branch_day_of_week_operator.py took 0.105 seconds
[2023-04-15T10:48:58.530+0700] {processor.py:153} INFO - Started process (PID=17266) to work on /home/ahyar/Documents/tut_folder/tut_python/python_script/tut_airflow/env_airflow/lib/python3.9/site-packages/airflow/example_dags/example_branch_day_of_week_operator.py
[2023-04-15T10:48:58.531+0700] {processor.py:743} INFO - Processing file /home/ahyar/Documents/tut_folder/tut_python/python_script/tut_airflow/env_airflow/lib/python3.9/site-packages/airflow/example_dags/example_branch_day_of_week_operator.py for tasks to queue
[2023-04-15T10:48:58.532+0700] {logging_mixin.py:137} INFO - [2023-04-15T10:48:58.532+0700] {dagbag.py:532} INFO - Filling up the DagBag from /home/ahyar/Documents/tut_folder/tut_python/python_script/tut_airflow/env_airflow/lib/python3.9/site-packages/airflow/example_dags/example_branch_day_of_week_operator.py
[2023-04-15T10:48:58.554+0700] {processor.py:753} INFO - DAG(s) dict_keys(['example_weekday_branch_operator']) retrieved from /home/ahyar/Documents/tut_folder/tut_python/python_script/tut_airflow/env_airflow/lib/python3.9/site-packages/airflow/example_dags/example_branch_day_of_week_operator.py
[2023-04-15T10:48:58.568+0700] {logging_mixin.py:137} INFO - [2023-04-15T10:48:58.568+0700] {dag.py:2705} INFO - Sync 1 DAGs
[2023-04-15T10:48:58.580+0700] {logging_mixin.py:137} INFO - [2023-04-15T10:48:58.580+0700] {dag.py:3452} INFO - Setting next_dagrun for example_weekday_branch_operator to 2023-04-14T00:00:00+00:00, run_after=2023-04-15T00:00:00+00:00
[2023-04-15T10:48:58.621+0700] {processor.py:175} INFO - Processing /home/ahyar/Documents/tut_folder/tut_python/python_script/tut_airflow/env_airflow/lib/python3.9/site-packages/airflow/example_dags/example_branch_day_of_week_operator.py took 0.095 seconds
[2023-04-15T10:49:48.979+0700] {processor.py:153} INFO - Started process (PID=17485) to work on /home/ahyar/Documents/tut_folder/tut_python/python_script/tut_airflow/env_airflow/lib/python3.9/site-packages/airflow/example_dags/example_branch_day_of_week_operator.py
[2023-04-15T10:49:48.980+0700] {processor.py:743} INFO - Processing file /home/ahyar/Documents/tut_folder/tut_python/python_script/tut_airflow/env_airflow/lib/python3.9/site-packages/airflow/example_dags/example_branch_day_of_week_operator.py for tasks to queue
[2023-04-15T10:49:48.981+0700] {logging_mixin.py:137} INFO - [2023-04-15T10:49:48.981+0700] {dagbag.py:532} INFO - Filling up the DagBag from /home/ahyar/Documents/tut_folder/tut_python/python_script/tut_airflow/env_airflow/lib/python3.9/site-packages/airflow/example_dags/example_branch_day_of_week_operator.py
[2023-04-15T10:49:48.999+0700] {processor.py:753} INFO - DAG(s) dict_keys(['example_weekday_branch_operator']) retrieved from /home/ahyar/Documents/tut_folder/tut_python/python_script/tut_airflow/env_airflow/lib/python3.9/site-packages/airflow/example_dags/example_branch_day_of_week_operator.py
[2023-04-15T10:49:49.017+0700] {logging_mixin.py:137} INFO - [2023-04-15T10:49:49.017+0700] {dag.py:2705} INFO - Sync 1 DAGs
[2023-04-15T10:49:49.040+0700] {logging_mixin.py:137} INFO - [2023-04-15T10:49:49.040+0700] {dag.py:3452} INFO - Setting next_dagrun for example_weekday_branch_operator to 2023-04-14T00:00:00+00:00, run_after=2023-04-15T00:00:00+00:00
[2023-04-15T10:49:49.077+0700] {processor.py:175} INFO - Processing /home/ahyar/Documents/tut_folder/tut_python/python_script/tut_airflow/env_airflow/lib/python3.9/site-packages/airflow/example_dags/example_branch_day_of_week_operator.py took 0.100 seconds
[2023-04-15T10:50:32.514+0700] {processor.py:153} INFO - Started process (PID=17739) to work on /home/ahyar/Documents/tut_folder/tut_python/python_script/tut_airflow/env_airflow/lib/python3.9/site-packages/airflow/example_dags/example_branch_day_of_week_operator.py
[2023-04-15T10:50:32.516+0700] {processor.py:743} INFO - Processing file /home/ahyar/Documents/tut_folder/tut_python/python_script/tut_airflow/env_airflow/lib/python3.9/site-packages/airflow/example_dags/example_branch_day_of_week_operator.py for tasks to queue
[2023-04-15T10:50:32.517+0700] {logging_mixin.py:137} INFO - [2023-04-15T10:50:32.517+0700] {dagbag.py:532} INFO - Filling up the DagBag from /home/ahyar/Documents/tut_folder/tut_python/python_script/tut_airflow/env_airflow/lib/python3.9/site-packages/airflow/example_dags/example_branch_day_of_week_operator.py
[2023-04-15T10:50:32.536+0700] {processor.py:753} INFO - DAG(s) dict_keys(['example_weekday_branch_operator']) retrieved from /home/ahyar/Documents/tut_folder/tut_python/python_script/tut_airflow/env_airflow/lib/python3.9/site-packages/airflow/example_dags/example_branch_day_of_week_operator.py
[2023-04-15T10:50:32.561+0700] {logging_mixin.py:137} INFO - [2023-04-15T10:50:32.561+0700] {dag.py:2705} INFO - Sync 1 DAGs
[2023-04-15T10:50:32.581+0700] {logging_mixin.py:137} INFO - [2023-04-15T10:50:32.581+0700] {dag.py:3452} INFO - Setting next_dagrun for example_weekday_branch_operator to 2023-04-14T00:00:00+00:00, run_after=2023-04-15T00:00:00+00:00
[2023-04-15T10:50:32.598+0700] {processor.py:175} INFO - Processing /home/ahyar/Documents/tut_folder/tut_python/python_script/tut_airflow/env_airflow/lib/python3.9/site-packages/airflow/example_dags/example_branch_day_of_week_operator.py took 0.087 seconds
[2023-04-15T10:51:13.231+0700] {processor.py:153} INFO - Started process (PID=17821) to work on /home/ahyar/Documents/tut_folder/tut_python/python_script/tut_airflow/env_airflow/lib/python3.9/site-packages/airflow/example_dags/example_branch_day_of_week_operator.py
[2023-04-15T10:51:13.233+0700] {processor.py:743} INFO - Processing file /home/ahyar/Documents/tut_folder/tut_python/python_script/tut_airflow/env_airflow/lib/python3.9/site-packages/airflow/example_dags/example_branch_day_of_week_operator.py for tasks to queue
[2023-04-15T10:51:13.233+0700] {logging_mixin.py:137} INFO - [2023-04-15T10:51:13.233+0700] {dagbag.py:532} INFO - Filling up the DagBag from /home/ahyar/Documents/tut_folder/tut_python/python_script/tut_airflow/env_airflow/lib/python3.9/site-packages/airflow/example_dags/example_branch_day_of_week_operator.py
[2023-04-15T10:51:13.247+0700] {processor.py:753} INFO - DAG(s) dict_keys(['example_weekday_branch_operator']) retrieved from /home/ahyar/Documents/tut_folder/tut_python/python_script/tut_airflow/env_airflow/lib/python3.9/site-packages/airflow/example_dags/example_branch_day_of_week_operator.py
[2023-04-15T10:51:13.257+0700] {logging_mixin.py:137} INFO - [2023-04-15T10:51:13.257+0700] {dag.py:2705} INFO - Sync 1 DAGs
[2023-04-15T10:51:13.268+0700] {logging_mixin.py:137} INFO - [2023-04-15T10:51:13.268+0700] {dag.py:3452} INFO - Setting next_dagrun for example_weekday_branch_operator to 2023-04-14T00:00:00+00:00, run_after=2023-04-15T00:00:00+00:00
[2023-04-15T10:51:13.282+0700] {processor.py:175} INFO - Processing /home/ahyar/Documents/tut_folder/tut_python/python_script/tut_airflow/env_airflow/lib/python3.9/site-packages/airflow/example_dags/example_branch_day_of_week_operator.py took 0.055 seconds
[2023-04-15T10:51:57.875+0700] {processor.py:153} INFO - Started process (PID=17888) to work on /home/ahyar/Documents/tut_folder/tut_python/python_script/tut_airflow/env_airflow/lib/python3.9/site-packages/airflow/example_dags/example_branch_day_of_week_operator.py
[2023-04-15T10:51:57.878+0700] {processor.py:743} INFO - Processing file /home/ahyar/Documents/tut_folder/tut_python/python_script/tut_airflow/env_airflow/lib/python3.9/site-packages/airflow/example_dags/example_branch_day_of_week_operator.py for tasks to queue
[2023-04-15T10:51:57.879+0700] {logging_mixin.py:137} INFO - [2023-04-15T10:51:57.879+0700] {dagbag.py:532} INFO - Filling up the DagBag from /home/ahyar/Documents/tut_folder/tut_python/python_script/tut_airflow/env_airflow/lib/python3.9/site-packages/airflow/example_dags/example_branch_day_of_week_operator.py
[2023-04-15T10:51:57.904+0700] {processor.py:753} INFO - DAG(s) dict_keys(['example_weekday_branch_operator']) retrieved from /home/ahyar/Documents/tut_folder/tut_python/python_script/tut_airflow/env_airflow/lib/python3.9/site-packages/airflow/example_dags/example_branch_day_of_week_operator.py
[2023-04-15T10:51:57.930+0700] {logging_mixin.py:137} INFO - [2023-04-15T10:51:57.930+0700] {dag.py:2705} INFO - Sync 1 DAGs
[2023-04-15T10:51:57.951+0700] {logging_mixin.py:137} INFO - [2023-04-15T10:51:57.951+0700] {dag.py:3452} INFO - Setting next_dagrun for example_weekday_branch_operator to 2023-04-14T00:00:00+00:00, run_after=2023-04-15T00:00:00+00:00
[2023-04-15T10:51:57.984+0700] {processor.py:175} INFO - Processing /home/ahyar/Documents/tut_folder/tut_python/python_script/tut_airflow/env_airflow/lib/python3.9/site-packages/airflow/example_dags/example_branch_day_of_week_operator.py took 0.115 seconds
[2023-04-15T10:52:42.834+0700] {processor.py:153} INFO - Started process (PID=18056) to work on /home/ahyar/Documents/tut_folder/tut_python/python_script/tut_airflow/env_airflow/lib/python3.9/site-packages/airflow/example_dags/example_branch_day_of_week_operator.py
[2023-04-15T10:52:42.837+0700] {processor.py:743} INFO - Processing file /home/ahyar/Documents/tut_folder/tut_python/python_script/tut_airflow/env_airflow/lib/python3.9/site-packages/airflow/example_dags/example_branch_day_of_week_operator.py for tasks to queue
[2023-04-15T10:52:42.840+0700] {logging_mixin.py:137} INFO - [2023-04-15T10:52:42.839+0700] {dagbag.py:532} INFO - Filling up the DagBag from /home/ahyar/Documents/tut_folder/tut_python/python_script/tut_airflow/env_airflow/lib/python3.9/site-packages/airflow/example_dags/example_branch_day_of_week_operator.py
[2023-04-15T10:52:42.869+0700] {processor.py:753} INFO - DAG(s) dict_keys(['example_weekday_branch_operator']) retrieved from /home/ahyar/Documents/tut_folder/tut_python/python_script/tut_airflow/env_airflow/lib/python3.9/site-packages/airflow/example_dags/example_branch_day_of_week_operator.py
[2023-04-15T10:52:42.906+0700] {logging_mixin.py:137} INFO - [2023-04-15T10:52:42.905+0700] {dag.py:2705} INFO - Sync 1 DAGs
[2023-04-15T10:52:42.937+0700] {logging_mixin.py:137} INFO - [2023-04-15T10:52:42.936+0700] {dag.py:3452} INFO - Setting next_dagrun for example_weekday_branch_operator to 2023-04-14T00:00:00+00:00, run_after=2023-04-15T00:00:00+00:00
[2023-04-15T10:52:42.976+0700] {processor.py:175} INFO - Processing /home/ahyar/Documents/tut_folder/tut_python/python_script/tut_airflow/env_airflow/lib/python3.9/site-packages/airflow/example_dags/example_branch_day_of_week_operator.py took 0.148 seconds
[2023-04-15T10:53:29.691+0700] {processor.py:153} INFO - Started process (PID=18161) to work on /home/ahyar/Documents/tut_folder/tut_python/python_script/tut_airflow/env_airflow/lib/python3.9/site-packages/airflow/example_dags/example_branch_day_of_week_operator.py
[2023-04-15T10:53:29.693+0700] {processor.py:743} INFO - Processing file /home/ahyar/Documents/tut_folder/tut_python/python_script/tut_airflow/env_airflow/lib/python3.9/site-packages/airflow/example_dags/example_branch_day_of_week_operator.py for tasks to queue
[2023-04-15T10:53:29.693+0700] {logging_mixin.py:137} INFO - [2023-04-15T10:53:29.693+0700] {dagbag.py:532} INFO - Filling up the DagBag from /home/ahyar/Documents/tut_folder/tut_python/python_script/tut_airflow/env_airflow/lib/python3.9/site-packages/airflow/example_dags/example_branch_day_of_week_operator.py
[2023-04-15T10:53:29.706+0700] {processor.py:753} INFO - DAG(s) dict_keys(['example_weekday_branch_operator']) retrieved from /home/ahyar/Documents/tut_folder/tut_python/python_script/tut_airflow/env_airflow/lib/python3.9/site-packages/airflow/example_dags/example_branch_day_of_week_operator.py
[2023-04-15T10:53:29.716+0700] {logging_mixin.py:137} INFO - [2023-04-15T10:53:29.716+0700] {dag.py:2705} INFO - Sync 1 DAGs
[2023-04-15T10:53:29.729+0700] {logging_mixin.py:137} INFO - [2023-04-15T10:53:29.729+0700] {dag.py:3452} INFO - Setting next_dagrun for example_weekday_branch_operator to 2023-04-14T00:00:00+00:00, run_after=2023-04-15T00:00:00+00:00
[2023-04-15T10:53:29.747+0700] {processor.py:175} INFO - Processing /home/ahyar/Documents/tut_folder/tut_python/python_script/tut_airflow/env_airflow/lib/python3.9/site-packages/airflow/example_dags/example_branch_day_of_week_operator.py took 0.060 seconds
[2023-04-15T10:54:14.589+0700] {processor.py:153} INFO - Started process (PID=18244) to work on /home/ahyar/Documents/tut_folder/tut_python/python_script/tut_airflow/env_airflow/lib/python3.9/site-packages/airflow/example_dags/example_branch_day_of_week_operator.py
[2023-04-15T10:54:14.591+0700] {processor.py:743} INFO - Processing file /home/ahyar/Documents/tut_folder/tut_python/python_script/tut_airflow/env_airflow/lib/python3.9/site-packages/airflow/example_dags/example_branch_day_of_week_operator.py for tasks to queue
[2023-04-15T10:54:14.592+0700] {logging_mixin.py:137} INFO - [2023-04-15T10:54:14.592+0700] {dagbag.py:532} INFO - Filling up the DagBag from /home/ahyar/Documents/tut_folder/tut_python/python_script/tut_airflow/env_airflow/lib/python3.9/site-packages/airflow/example_dags/example_branch_day_of_week_operator.py
[2023-04-15T10:54:14.626+0700] {processor.py:753} INFO - DAG(s) dict_keys(['example_weekday_branch_operator']) retrieved from /home/ahyar/Documents/tut_folder/tut_python/python_script/tut_airflow/env_airflow/lib/python3.9/site-packages/airflow/example_dags/example_branch_day_of_week_operator.py
[2023-04-15T10:54:14.655+0700] {logging_mixin.py:137} INFO - [2023-04-15T10:54:14.655+0700] {dag.py:2705} INFO - Sync 1 DAGs
[2023-04-15T10:54:14.682+0700] {logging_mixin.py:137} INFO - [2023-04-15T10:54:14.681+0700] {dag.py:3452} INFO - Setting next_dagrun for example_weekday_branch_operator to 2023-04-14T00:00:00+00:00, run_after=2023-04-15T00:00:00+00:00
[2023-04-15T10:54:14.708+0700] {processor.py:175} INFO - Processing /home/ahyar/Documents/tut_folder/tut_python/python_script/tut_airflow/env_airflow/lib/python3.9/site-packages/airflow/example_dags/example_branch_day_of_week_operator.py took 0.127 seconds
[2023-04-15T10:54:59.183+0700] {processor.py:153} INFO - Started process (PID=18317) to work on /home/ahyar/Documents/tut_folder/tut_python/python_script/tut_airflow/env_airflow/lib/python3.9/site-packages/airflow/example_dags/example_branch_day_of_week_operator.py
[2023-04-15T10:54:59.185+0700] {processor.py:743} INFO - Processing file /home/ahyar/Documents/tut_folder/tut_python/python_script/tut_airflow/env_airflow/lib/python3.9/site-packages/airflow/example_dags/example_branch_day_of_week_operator.py for tasks to queue
[2023-04-15T10:54:59.186+0700] {logging_mixin.py:137} INFO - [2023-04-15T10:54:59.186+0700] {dagbag.py:532} INFO - Filling up the DagBag from /home/ahyar/Documents/tut_folder/tut_python/python_script/tut_airflow/env_airflow/lib/python3.9/site-packages/airflow/example_dags/example_branch_day_of_week_operator.py
[2023-04-15T10:54:59.204+0700] {processor.py:753} INFO - DAG(s) dict_keys(['example_weekday_branch_operator']) retrieved from /home/ahyar/Documents/tut_folder/tut_python/python_script/tut_airflow/env_airflow/lib/python3.9/site-packages/airflow/example_dags/example_branch_day_of_week_operator.py
[2023-04-15T10:54:59.227+0700] {logging_mixin.py:137} INFO - [2023-04-15T10:54:59.227+0700] {dag.py:2705} INFO - Sync 1 DAGs
[2023-04-15T10:54:59.251+0700] {logging_mixin.py:137} INFO - [2023-04-15T10:54:59.251+0700] {dag.py:3452} INFO - Setting next_dagrun for example_weekday_branch_operator to 2023-04-14T00:00:00+00:00, run_after=2023-04-15T00:00:00+00:00
[2023-04-15T10:54:59.284+0700] {processor.py:175} INFO - Processing /home/ahyar/Documents/tut_folder/tut_python/python_script/tut_airflow/env_airflow/lib/python3.9/site-packages/airflow/example_dags/example_branch_day_of_week_operator.py took 0.105 seconds
[2023-04-15T10:55:45.594+0700] {processor.py:153} INFO - Started process (PID=18429) to work on /home/ahyar/Documents/tut_folder/tut_python/python_script/tut_airflow/env_airflow/lib/python3.9/site-packages/airflow/example_dags/example_branch_day_of_week_operator.py
[2023-04-15T10:55:45.596+0700] {processor.py:743} INFO - Processing file /home/ahyar/Documents/tut_folder/tut_python/python_script/tut_airflow/env_airflow/lib/python3.9/site-packages/airflow/example_dags/example_branch_day_of_week_operator.py for tasks to queue
[2023-04-15T10:55:45.597+0700] {logging_mixin.py:137} INFO - [2023-04-15T10:55:45.596+0700] {dagbag.py:532} INFO - Filling up the DagBag from /home/ahyar/Documents/tut_folder/tut_python/python_script/tut_airflow/env_airflow/lib/python3.9/site-packages/airflow/example_dags/example_branch_day_of_week_operator.py
[2023-04-15T10:55:45.610+0700] {processor.py:753} INFO - DAG(s) dict_keys(['example_weekday_branch_operator']) retrieved from /home/ahyar/Documents/tut_folder/tut_python/python_script/tut_airflow/env_airflow/lib/python3.9/site-packages/airflow/example_dags/example_branch_day_of_week_operator.py
[2023-04-15T10:55:45.621+0700] {logging_mixin.py:137} INFO - [2023-04-15T10:55:45.621+0700] {dag.py:2705} INFO - Sync 1 DAGs
[2023-04-15T10:55:45.633+0700] {logging_mixin.py:137} INFO - [2023-04-15T10:55:45.633+0700] {dag.py:3452} INFO - Setting next_dagrun for example_weekday_branch_operator to 2023-04-14T00:00:00+00:00, run_after=2023-04-15T00:00:00+00:00
[2023-04-15T10:55:45.647+0700] {processor.py:175} INFO - Processing /home/ahyar/Documents/tut_folder/tut_python/python_script/tut_airflow/env_airflow/lib/python3.9/site-packages/airflow/example_dags/example_branch_day_of_week_operator.py took 0.056 seconds
[2023-04-15T10:56:29.494+0700] {processor.py:153} INFO - Started process (PID=18482) to work on /home/ahyar/Documents/tut_folder/tut_python/python_script/tut_airflow/env_airflow/lib/python3.9/site-packages/airflow/example_dags/example_branch_day_of_week_operator.py
[2023-04-15T10:56:29.497+0700] {processor.py:743} INFO - Processing file /home/ahyar/Documents/tut_folder/tut_python/python_script/tut_airflow/env_airflow/lib/python3.9/site-packages/airflow/example_dags/example_branch_day_of_week_operator.py for tasks to queue
[2023-04-15T10:56:29.497+0700] {logging_mixin.py:137} INFO - [2023-04-15T10:56:29.497+0700] {dagbag.py:532} INFO - Filling up the DagBag from /home/ahyar/Documents/tut_folder/tut_python/python_script/tut_airflow/env_airflow/lib/python3.9/site-packages/airflow/example_dags/example_branch_day_of_week_operator.py
[2023-04-15T10:56:29.512+0700] {processor.py:753} INFO - DAG(s) dict_keys(['example_weekday_branch_operator']) retrieved from /home/ahyar/Documents/tut_folder/tut_python/python_script/tut_airflow/env_airflow/lib/python3.9/site-packages/airflow/example_dags/example_branch_day_of_week_operator.py
[2023-04-15T10:56:29.529+0700] {logging_mixin.py:137} INFO - [2023-04-15T10:56:29.529+0700] {dag.py:2705} INFO - Sync 1 DAGs
[2023-04-15T10:56:29.546+0700] {logging_mixin.py:137} INFO - [2023-04-15T10:56:29.546+0700] {dag.py:3452} INFO - Setting next_dagrun for example_weekday_branch_operator to 2023-04-14T00:00:00+00:00, run_after=2023-04-15T00:00:00+00:00
[2023-04-15T10:56:29.563+0700] {processor.py:175} INFO - Processing /home/ahyar/Documents/tut_folder/tut_python/python_script/tut_airflow/env_airflow/lib/python3.9/site-packages/airflow/example_dags/example_branch_day_of_week_operator.py took 0.075 seconds
[2023-04-15T10:57:10.943+0700] {processor.py:153} INFO - Started process (PID=18562) to work on /home/ahyar/Documents/tut_folder/tut_python/python_script/tut_airflow/env_airflow/lib/python3.9/site-packages/airflow/example_dags/example_branch_day_of_week_operator.py
[2023-04-15T10:57:10.945+0700] {processor.py:743} INFO - Processing file /home/ahyar/Documents/tut_folder/tut_python/python_script/tut_airflow/env_airflow/lib/python3.9/site-packages/airflow/example_dags/example_branch_day_of_week_operator.py for tasks to queue
[2023-04-15T10:57:10.947+0700] {logging_mixin.py:137} INFO - [2023-04-15T10:57:10.947+0700] {dagbag.py:532} INFO - Filling up the DagBag from /home/ahyar/Documents/tut_folder/tut_python/python_script/tut_airflow/env_airflow/lib/python3.9/site-packages/airflow/example_dags/example_branch_day_of_week_operator.py
[2023-04-15T10:57:10.974+0700] {processor.py:753} INFO - DAG(s) dict_keys(['example_weekday_branch_operator']) retrieved from /home/ahyar/Documents/tut_folder/tut_python/python_script/tut_airflow/env_airflow/lib/python3.9/site-packages/airflow/example_dags/example_branch_day_of_week_operator.py
[2023-04-15T10:57:10.997+0700] {logging_mixin.py:137} INFO - [2023-04-15T10:57:10.997+0700] {dag.py:2705} INFO - Sync 1 DAGs
[2023-04-15T10:57:11.020+0700] {logging_mixin.py:137} INFO - [2023-04-15T10:57:11.020+0700] {dag.py:3452} INFO - Setting next_dagrun for example_weekday_branch_operator to 2023-04-14T00:00:00+00:00, run_after=2023-04-15T00:00:00+00:00
[2023-04-15T10:57:11.064+0700] {processor.py:175} INFO - Processing /home/ahyar/Documents/tut_folder/tut_python/python_script/tut_airflow/env_airflow/lib/python3.9/site-packages/airflow/example_dags/example_branch_day_of_week_operator.py took 0.126 seconds
[2023-04-15T10:57:55.029+0700] {processor.py:153} INFO - Started process (PID=18631) to work on /home/ahyar/Documents/tut_folder/tut_python/python_script/tut_airflow/env_airflow/lib/python3.9/site-packages/airflow/example_dags/example_branch_day_of_week_operator.py
[2023-04-15T10:57:55.448+0700] {processor.py:743} INFO - Processing file /home/ahyar/Documents/tut_folder/tut_python/python_script/tut_airflow/env_airflow/lib/python3.9/site-packages/airflow/example_dags/example_branch_day_of_week_operator.py for tasks to queue
[2023-04-15T10:57:55.450+0700] {logging_mixin.py:137} INFO - [2023-04-15T10:57:55.449+0700] {dagbag.py:532} INFO - Filling up the DagBag from /home/ahyar/Documents/tut_folder/tut_python/python_script/tut_airflow/env_airflow/lib/python3.9/site-packages/airflow/example_dags/example_branch_day_of_week_operator.py
[2023-04-15T10:57:55.463+0700] {processor.py:753} INFO - DAG(s) dict_keys(['example_weekday_branch_operator']) retrieved from /home/ahyar/Documents/tut_folder/tut_python/python_script/tut_airflow/env_airflow/lib/python3.9/site-packages/airflow/example_dags/example_branch_day_of_week_operator.py
[2023-04-15T10:57:55.486+0700] {logging_mixin.py:137} INFO - [2023-04-15T10:57:55.486+0700] {dag.py:2705} INFO - Sync 1 DAGs
[2023-04-15T10:57:55.522+0700] {logging_mixin.py:137} INFO - [2023-04-15T10:57:55.521+0700] {dag.py:3452} INFO - Setting next_dagrun for example_weekday_branch_operator to 2023-04-14T00:00:00+00:00, run_after=2023-04-15T00:00:00+00:00
[2023-04-15T10:57:55.626+0700] {processor.py:175} INFO - Processing /home/ahyar/Documents/tut_folder/tut_python/python_script/tut_airflow/env_airflow/lib/python3.9/site-packages/airflow/example_dags/example_branch_day_of_week_operator.py took 0.600 seconds
[2023-04-15T10:58:43.038+0700] {processor.py:153} INFO - Started process (PID=18782) to work on /home/ahyar/Documents/tut_folder/tut_python/python_script/tut_airflow/env_airflow/lib/python3.9/site-packages/airflow/example_dags/example_branch_day_of_week_operator.py
[2023-04-15T10:58:43.039+0700] {processor.py:743} INFO - Processing file /home/ahyar/Documents/tut_folder/tut_python/python_script/tut_airflow/env_airflow/lib/python3.9/site-packages/airflow/example_dags/example_branch_day_of_week_operator.py for tasks to queue
[2023-04-15T10:58:43.039+0700] {logging_mixin.py:137} INFO - [2023-04-15T10:58:43.039+0700] {dagbag.py:532} INFO - Filling up the DagBag from /home/ahyar/Documents/tut_folder/tut_python/python_script/tut_airflow/env_airflow/lib/python3.9/site-packages/airflow/example_dags/example_branch_day_of_week_operator.py
[2023-04-15T10:58:43.053+0700] {processor.py:753} INFO - DAG(s) dict_keys(['example_weekday_branch_operator']) retrieved from /home/ahyar/Documents/tut_folder/tut_python/python_script/tut_airflow/env_airflow/lib/python3.9/site-packages/airflow/example_dags/example_branch_day_of_week_operator.py
[2023-04-15T10:58:43.065+0700] {logging_mixin.py:137} INFO - [2023-04-15T10:58:43.065+0700] {dag.py:2705} INFO - Sync 1 DAGs
[2023-04-15T10:58:43.077+0700] {logging_mixin.py:137} INFO - [2023-04-15T10:58:43.077+0700] {dag.py:3452} INFO - Setting next_dagrun for example_weekday_branch_operator to 2023-04-14T00:00:00+00:00, run_after=2023-04-15T00:00:00+00:00
[2023-04-15T10:58:43.093+0700] {processor.py:175} INFO - Processing /home/ahyar/Documents/tut_folder/tut_python/python_script/tut_airflow/env_airflow/lib/python3.9/site-packages/airflow/example_dags/example_branch_day_of_week_operator.py took 0.057 seconds
[2023-04-15T11:01:03.734+0700] {processor.py:153} INFO - Started process (PID=20286) to work on /home/ahyar/Documents/tut_folder/tut_python/python_script/tut_airflow/env_airflow/lib/python3.9/site-packages/airflow/example_dags/example_branch_day_of_week_operator.py
[2023-04-15T11:01:03.735+0700] {processor.py:743} INFO - Processing file /home/ahyar/Documents/tut_folder/tut_python/python_script/tut_airflow/env_airflow/lib/python3.9/site-packages/airflow/example_dags/example_branch_day_of_week_operator.py for tasks to queue
[2023-04-15T11:01:03.737+0700] {logging_mixin.py:137} INFO - [2023-04-15T11:01:03.736+0700] {dagbag.py:532} INFO - Filling up the DagBag from /home/ahyar/Documents/tut_folder/tut_python/python_script/tut_airflow/env_airflow/lib/python3.9/site-packages/airflow/example_dags/example_branch_day_of_week_operator.py
[2023-04-15T11:01:03.762+0700] {processor.py:753} INFO - DAG(s) dict_keys(['example_weekday_branch_operator']) retrieved from /home/ahyar/Documents/tut_folder/tut_python/python_script/tut_airflow/env_airflow/lib/python3.9/site-packages/airflow/example_dags/example_branch_day_of_week_operator.py
[2023-04-15T11:01:03.785+0700] {logging_mixin.py:137} INFO - [2023-04-15T11:01:03.784+0700] {dag.py:2705} INFO - Sync 1 DAGs
[2023-04-15T11:01:03.823+0700] {logging_mixin.py:137} INFO - [2023-04-15T11:01:03.822+0700] {dag.py:3452} INFO - Setting next_dagrun for example_weekday_branch_operator to 2023-04-14T00:00:00+00:00, run_after=2023-04-15T00:00:00+00:00
[2023-04-15T11:01:03.870+0700] {processor.py:175} INFO - Processing /home/ahyar/Documents/tut_folder/tut_python/python_script/tut_airflow/env_airflow/lib/python3.9/site-packages/airflow/example_dags/example_branch_day_of_week_operator.py took 0.142 seconds
[2023-04-15T11:04:31.723+0700] {processor.py:153} INFO - Started process (PID=22690) to work on /home/ahyar/Documents/tut_folder/tut_python/python_script/tut_airflow/env_airflow/lib/python3.9/site-packages/airflow/example_dags/example_branch_day_of_week_operator.py
[2023-04-15T11:04:31.723+0700] {processor.py:743} INFO - Processing file /home/ahyar/Documents/tut_folder/tut_python/python_script/tut_airflow/env_airflow/lib/python3.9/site-packages/airflow/example_dags/example_branch_day_of_week_operator.py for tasks to queue
[2023-04-15T11:04:31.724+0700] {logging_mixin.py:137} INFO - [2023-04-15T11:04:31.724+0700] {dagbag.py:532} INFO - Filling up the DagBag from /home/ahyar/Documents/tut_folder/tut_python/python_script/tut_airflow/env_airflow/lib/python3.9/site-packages/airflow/example_dags/example_branch_day_of_week_operator.py
[2023-04-15T11:04:31.736+0700] {processor.py:753} INFO - DAG(s) dict_keys(['example_weekday_branch_operator']) retrieved from /home/ahyar/Documents/tut_folder/tut_python/python_script/tut_airflow/env_airflow/lib/python3.9/site-packages/airflow/example_dags/example_branch_day_of_week_operator.py
[2023-04-15T11:04:31.749+0700] {logging_mixin.py:137} INFO - [2023-04-15T11:04:31.749+0700] {dag.py:2705} INFO - Sync 1 DAGs
[2023-04-15T11:04:31.761+0700] {logging_mixin.py:137} INFO - [2023-04-15T11:04:31.761+0700] {dag.py:3452} INFO - Setting next_dagrun for example_weekday_branch_operator to 2023-04-14T00:00:00+00:00, run_after=2023-04-15T00:00:00+00:00
[2023-04-15T11:04:31.777+0700] {processor.py:175} INFO - Processing /home/ahyar/Documents/tut_folder/tut_python/python_script/tut_airflow/env_airflow/lib/python3.9/site-packages/airflow/example_dags/example_branch_day_of_week_operator.py took 0.056 seconds
