[2023-04-15T10:46:36.310+0700] {processor.py:153} INFO - Started process (PID=16335) to work on /home/ahyar/Documents/tut_folder/tut_python/python_script/tut_airflow/env_airflow/lib/python3.9/site-packages/airflow/example_dags/example_nested_branch_dag.py
[2023-04-15T10:46:36.311+0700] {processor.py:743} INFO - Processing file /home/ahyar/Documents/tut_folder/tut_python/python_script/tut_airflow/env_airflow/lib/python3.9/site-packages/airflow/example_dags/example_nested_branch_dag.py for tasks to queue
[2023-04-15T10:46:36.311+0700] {logging_mixin.py:137} INFO - [2023-04-15T10:46:36.311+0700] {dagbag.py:532} INFO - Filling up the DagBag from /home/ahyar/Documents/tut_folder/tut_python/python_script/tut_airflow/env_airflow/lib/python3.9/site-packages/airflow/example_dags/example_nested_branch_dag.py
[2023-04-15T10:46:36.325+0700] {processor.py:753} INFO - DAG(s) dict_keys(['example_nested_branch_dag']) retrieved from /home/ahyar/Documents/tut_folder/tut_python/python_script/tut_airflow/env_airflow/lib/python3.9/site-packages/airflow/example_dags/example_nested_branch_dag.py
[2023-04-15T10:46:36.383+0700] {logging_mixin.py:137} INFO - [2023-04-15T10:46:36.383+0700] {manager.py:504} INFO - Created Permission View: can read on DAG:example_nested_branch_dag
[2023-04-15T10:46:36.392+0700] {logging_mixin.py:137} INFO - [2023-04-15T10:46:36.392+0700] {manager.py:504} INFO - Created Permission View: can edit on DAG:example_nested_branch_dag
[2023-04-15T10:46:36.400+0700] {logging_mixin.py:137} INFO - [2023-04-15T10:46:36.400+0700] {manager.py:504} INFO - Created Permission View: can delete on DAG:example_nested_branch_dag
[2023-04-15T10:46:36.400+0700] {logging_mixin.py:137} INFO - [2023-04-15T10:46:36.400+0700] {dag.py:2705} INFO - Sync 1 DAGs
[2023-04-15T10:46:36.405+0700] {logging_mixin.py:137} INFO - [2023-04-15T10:46:36.405+0700] {dag.py:2726} INFO - Creating ORM DAG for example_nested_branch_dag
[2023-04-15T10:46:36.411+0700] {logging_mixin.py:137} INFO - [2023-04-15T10:46:36.410+0700] {dag.py:3452} INFO - Setting next_dagrun for example_nested_branch_dag to 2023-04-14T00:00:00+00:00, run_after=2023-04-15T00:00:00+00:00
[2023-04-15T10:46:36.426+0700] {processor.py:175} INFO - Processing /home/ahyar/Documents/tut_folder/tut_python/python_script/tut_airflow/env_airflow/lib/python3.9/site-packages/airflow/example_dags/example_nested_branch_dag.py took 0.118 seconds
[2023-04-15T10:47:21.615+0700] {processor.py:153} INFO - Started process (PID=16574) to work on /home/ahyar/Documents/tut_folder/tut_python/python_script/tut_airflow/env_airflow/lib/python3.9/site-packages/airflow/example_dags/example_nested_branch_dag.py
[2023-04-15T10:47:21.616+0700] {processor.py:743} INFO - Processing file /home/ahyar/Documents/tut_folder/tut_python/python_script/tut_airflow/env_airflow/lib/python3.9/site-packages/airflow/example_dags/example_nested_branch_dag.py for tasks to queue
[2023-04-15T10:47:21.617+0700] {logging_mixin.py:137} INFO - [2023-04-15T10:47:21.616+0700] {dagbag.py:532} INFO - Filling up the DagBag from /home/ahyar/Documents/tut_folder/tut_python/python_script/tut_airflow/env_airflow/lib/python3.9/site-packages/airflow/example_dags/example_nested_branch_dag.py
[2023-04-15T10:47:21.631+0700] {processor.py:753} INFO - DAG(s) dict_keys(['example_nested_branch_dag']) retrieved from /home/ahyar/Documents/tut_folder/tut_python/python_script/tut_airflow/env_airflow/lib/python3.9/site-packages/airflow/example_dags/example_nested_branch_dag.py
[2023-04-15T10:47:21.642+0700] {logging_mixin.py:137} INFO - [2023-04-15T10:47:21.642+0700] {dag.py:2705} INFO - Sync 1 DAGs
[2023-04-15T10:47:21.656+0700] {logging_mixin.py:137} INFO - [2023-04-15T10:47:21.656+0700] {dag.py:3452} INFO - Setting next_dagrun for example_nested_branch_dag to 2023-04-14T00:00:00+00:00, run_after=2023-04-15T00:00:00+00:00
[2023-04-15T10:47:21.671+0700] {processor.py:175} INFO - Processing /home/ahyar/Documents/tut_folder/tut_python/python_script/tut_airflow/env_airflow/lib/python3.9/site-packages/airflow/example_dags/example_nested_branch_dag.py took 0.058 seconds
[2023-04-15T10:48:33.944+0700] {processor.py:153} INFO - Started process (PID=17035) to work on /home/ahyar/Documents/tut_folder/tut_python/python_script/tut_airflow/env_airflow/lib/python3.9/site-packages/airflow/example_dags/example_nested_branch_dag.py
[2023-04-15T10:48:33.945+0700] {processor.py:743} INFO - Processing file /home/ahyar/Documents/tut_folder/tut_python/python_script/tut_airflow/env_airflow/lib/python3.9/site-packages/airflow/example_dags/example_nested_branch_dag.py for tasks to queue
[2023-04-15T10:48:33.945+0700] {logging_mixin.py:137} INFO - [2023-04-15T10:48:33.945+0700] {dagbag.py:532} INFO - Filling up the DagBag from /home/ahyar/Documents/tut_folder/tut_python/python_script/tut_airflow/env_airflow/lib/python3.9/site-packages/airflow/example_dags/example_nested_branch_dag.py
[2023-04-15T10:48:33.963+0700] {processor.py:753} INFO - DAG(s) dict_keys(['example_nested_branch_dag']) retrieved from /home/ahyar/Documents/tut_folder/tut_python/python_script/tut_airflow/env_airflow/lib/python3.9/site-packages/airflow/example_dags/example_nested_branch_dag.py
[2023-04-15T10:48:33.972+0700] {logging_mixin.py:137} INFO - [2023-04-15T10:48:33.972+0700] {dag.py:2705} INFO - Sync 1 DAGs
[2023-04-15T10:48:33.983+0700] {logging_mixin.py:137} INFO - [2023-04-15T10:48:33.983+0700] {dag.py:3452} INFO - Setting next_dagrun for example_nested_branch_dag to 2023-04-14T00:00:00+00:00, run_after=2023-04-15T00:00:00+00:00
[2023-04-15T10:48:33.996+0700] {processor.py:175} INFO - Processing /home/ahyar/Documents/tut_folder/tut_python/python_script/tut_airflow/env_airflow/lib/python3.9/site-packages/airflow/example_dags/example_nested_branch_dag.py took 0.054 seconds
[2023-04-15T10:49:17.254+0700] {processor.py:153} INFO - Started process (PID=17428) to work on /home/ahyar/Documents/tut_folder/tut_python/python_script/tut_airflow/env_airflow/lib/python3.9/site-packages/airflow/example_dags/example_nested_branch_dag.py
[2023-04-15T10:49:17.257+0700] {processor.py:743} INFO - Processing file /home/ahyar/Documents/tut_folder/tut_python/python_script/tut_airflow/env_airflow/lib/python3.9/site-packages/airflow/example_dags/example_nested_branch_dag.py for tasks to queue
[2023-04-15T10:49:17.261+0700] {logging_mixin.py:137} INFO - [2023-04-15T10:49:17.261+0700] {dagbag.py:532} INFO - Filling up the DagBag from /home/ahyar/Documents/tut_folder/tut_python/python_script/tut_airflow/env_airflow/lib/python3.9/site-packages/airflow/example_dags/example_nested_branch_dag.py
[2023-04-15T10:49:17.292+0700] {processor.py:753} INFO - DAG(s) dict_keys(['example_nested_branch_dag']) retrieved from /home/ahyar/Documents/tut_folder/tut_python/python_script/tut_airflow/env_airflow/lib/python3.9/site-packages/airflow/example_dags/example_nested_branch_dag.py
[2023-04-15T10:49:17.324+0700] {logging_mixin.py:137} INFO - [2023-04-15T10:49:17.323+0700] {dag.py:2705} INFO - Sync 1 DAGs
[2023-04-15T10:49:17.370+0700] {logging_mixin.py:137} INFO - [2023-04-15T10:49:17.370+0700] {dag.py:3452} INFO - Setting next_dagrun for example_nested_branch_dag to 2023-04-14T00:00:00+00:00, run_after=2023-04-15T00:00:00+00:00
[2023-04-15T10:49:17.410+0700] {processor.py:175} INFO - Processing /home/ahyar/Documents/tut_folder/tut_python/python_script/tut_airflow/env_airflow/lib/python3.9/site-packages/airflow/example_dags/example_nested_branch_dag.py took 0.162 seconds
[2023-04-15T10:50:05.679+0700] {processor.py:153} INFO - Started process (PID=17630) to work on /home/ahyar/Documents/tut_folder/tut_python/python_script/tut_airflow/env_airflow/lib/python3.9/site-packages/airflow/example_dags/example_nested_branch_dag.py
[2023-04-15T10:50:05.680+0700] {processor.py:743} INFO - Processing file /home/ahyar/Documents/tut_folder/tut_python/python_script/tut_airflow/env_airflow/lib/python3.9/site-packages/airflow/example_dags/example_nested_branch_dag.py for tasks to queue
[2023-04-15T10:50:05.680+0700] {logging_mixin.py:137} INFO - [2023-04-15T10:50:05.680+0700] {dagbag.py:532} INFO - Filling up the DagBag from /home/ahyar/Documents/tut_folder/tut_python/python_script/tut_airflow/env_airflow/lib/python3.9/site-packages/airflow/example_dags/example_nested_branch_dag.py
[2023-04-15T10:50:05.708+0700] {processor.py:753} INFO - DAG(s) dict_keys(['example_nested_branch_dag']) retrieved from /home/ahyar/Documents/tut_folder/tut_python/python_script/tut_airflow/env_airflow/lib/python3.9/site-packages/airflow/example_dags/example_nested_branch_dag.py
[2023-04-15T10:50:05.725+0700] {logging_mixin.py:137} INFO - [2023-04-15T10:50:05.724+0700] {dag.py:2705} INFO - Sync 1 DAGs
[2023-04-15T10:50:05.742+0700] {logging_mixin.py:137} INFO - [2023-04-15T10:50:05.742+0700] {dag.py:3452} INFO - Setting next_dagrun for example_nested_branch_dag to 2023-04-14T00:00:00+00:00, run_after=2023-04-15T00:00:00+00:00
[2023-04-15T10:50:05.759+0700] {processor.py:175} INFO - Processing /home/ahyar/Documents/tut_folder/tut_python/python_script/tut_airflow/env_airflow/lib/python3.9/site-packages/airflow/example_dags/example_nested_branch_dag.py took 0.083 seconds
[2023-04-15T10:50:47.123+0700] {processor.py:153} INFO - Started process (PID=17754) to work on /home/ahyar/Documents/tut_folder/tut_python/python_script/tut_airflow/env_airflow/lib/python3.9/site-packages/airflow/example_dags/example_nested_branch_dag.py
[2023-04-15T10:50:47.124+0700] {processor.py:743} INFO - Processing file /home/ahyar/Documents/tut_folder/tut_python/python_script/tut_airflow/env_airflow/lib/python3.9/site-packages/airflow/example_dags/example_nested_branch_dag.py for tasks to queue
[2023-04-15T10:50:47.125+0700] {logging_mixin.py:137} INFO - [2023-04-15T10:50:47.125+0700] {dagbag.py:532} INFO - Filling up the DagBag from /home/ahyar/Documents/tut_folder/tut_python/python_script/tut_airflow/env_airflow/lib/python3.9/site-packages/airflow/example_dags/example_nested_branch_dag.py
[2023-04-15T10:50:47.143+0700] {processor.py:753} INFO - DAG(s) dict_keys(['example_nested_branch_dag']) retrieved from /home/ahyar/Documents/tut_folder/tut_python/python_script/tut_airflow/env_airflow/lib/python3.9/site-packages/airflow/example_dags/example_nested_branch_dag.py
[2023-04-15T10:50:47.155+0700] {logging_mixin.py:137} INFO - [2023-04-15T10:50:47.155+0700] {dag.py:2705} INFO - Sync 1 DAGs
[2023-04-15T10:50:47.166+0700] {logging_mixin.py:137} INFO - [2023-04-15T10:50:47.166+0700] {dag.py:3452} INFO - Setting next_dagrun for example_nested_branch_dag to 2023-04-14T00:00:00+00:00, run_after=2023-04-15T00:00:00+00:00
[2023-04-15T10:50:47.182+0700] {processor.py:175} INFO - Processing /home/ahyar/Documents/tut_folder/tut_python/python_script/tut_airflow/env_airflow/lib/python3.9/site-packages/airflow/example_dags/example_nested_branch_dag.py took 0.062 seconds
[2023-04-15T10:51:27.367+0700] {processor.py:153} INFO - Started process (PID=17839) to work on /home/ahyar/Documents/tut_folder/tut_python/python_script/tut_airflow/env_airflow/lib/python3.9/site-packages/airflow/example_dags/example_nested_branch_dag.py
[2023-04-15T10:51:27.368+0700] {processor.py:743} INFO - Processing file /home/ahyar/Documents/tut_folder/tut_python/python_script/tut_airflow/env_airflow/lib/python3.9/site-packages/airflow/example_dags/example_nested_branch_dag.py for tasks to queue
[2023-04-15T10:51:27.368+0700] {logging_mixin.py:137} INFO - [2023-04-15T10:51:27.368+0700] {dagbag.py:532} INFO - Filling up the DagBag from /home/ahyar/Documents/tut_folder/tut_python/python_script/tut_airflow/env_airflow/lib/python3.9/site-packages/airflow/example_dags/example_nested_branch_dag.py
[2023-04-15T10:51:27.386+0700] {processor.py:753} INFO - DAG(s) dict_keys(['example_nested_branch_dag']) retrieved from /home/ahyar/Documents/tut_folder/tut_python/python_script/tut_airflow/env_airflow/lib/python3.9/site-packages/airflow/example_dags/example_nested_branch_dag.py
[2023-04-15T10:51:27.398+0700] {logging_mixin.py:137} INFO - [2023-04-15T10:51:27.397+0700] {dag.py:2705} INFO - Sync 1 DAGs
[2023-04-15T10:51:27.409+0700] {logging_mixin.py:137} INFO - [2023-04-15T10:51:27.409+0700] {dag.py:3452} INFO - Setting next_dagrun for example_nested_branch_dag to 2023-04-14T00:00:00+00:00, run_after=2023-04-15T00:00:00+00:00
[2023-04-15T10:51:27.423+0700] {processor.py:175} INFO - Processing /home/ahyar/Documents/tut_folder/tut_python/python_script/tut_airflow/env_airflow/lib/python3.9/site-packages/airflow/example_dags/example_nested_branch_dag.py took 0.060 seconds
[2023-04-15T10:52:13.447+0700] {processor.py:153} INFO - Started process (PID=17911) to work on /home/ahyar/Documents/tut_folder/tut_python/python_script/tut_airflow/env_airflow/lib/python3.9/site-packages/airflow/example_dags/example_nested_branch_dag.py
[2023-04-15T10:52:13.451+0700] {processor.py:743} INFO - Processing file /home/ahyar/Documents/tut_folder/tut_python/python_script/tut_airflow/env_airflow/lib/python3.9/site-packages/airflow/example_dags/example_nested_branch_dag.py for tasks to queue
[2023-04-15T10:52:13.453+0700] {logging_mixin.py:137} INFO - [2023-04-15T10:52:13.452+0700] {dagbag.py:532} INFO - Filling up the DagBag from /home/ahyar/Documents/tut_folder/tut_python/python_script/tut_airflow/env_airflow/lib/python3.9/site-packages/airflow/example_dags/example_nested_branch_dag.py
[2023-04-15T10:52:13.515+0700] {processor.py:753} INFO - DAG(s) dict_keys(['example_nested_branch_dag']) retrieved from /home/ahyar/Documents/tut_folder/tut_python/python_script/tut_airflow/env_airflow/lib/python3.9/site-packages/airflow/example_dags/example_nested_branch_dag.py
[2023-04-15T10:52:13.539+0700] {logging_mixin.py:137} INFO - [2023-04-15T10:52:13.538+0700] {dag.py:2705} INFO - Sync 1 DAGs
[2023-04-15T10:52:13.568+0700] {logging_mixin.py:137} INFO - [2023-04-15T10:52:13.568+0700] {dag.py:3452} INFO - Setting next_dagrun for example_nested_branch_dag to 2023-04-14T00:00:00+00:00, run_after=2023-04-15T00:00:00+00:00
[2023-04-15T10:52:13.589+0700] {processor.py:175} INFO - Processing /home/ahyar/Documents/tut_folder/tut_python/python_script/tut_airflow/env_airflow/lib/python3.9/site-packages/airflow/example_dags/example_nested_branch_dag.py took 0.144 seconds
[2023-04-15T10:52:59.898+0700] {processor.py:153} INFO - Started process (PID=18083) to work on /home/ahyar/Documents/tut_folder/tut_python/python_script/tut_airflow/env_airflow/lib/python3.9/site-packages/airflow/example_dags/example_nested_branch_dag.py
[2023-04-15T10:52:59.898+0700] {processor.py:743} INFO - Processing file /home/ahyar/Documents/tut_folder/tut_python/python_script/tut_airflow/env_airflow/lib/python3.9/site-packages/airflow/example_dags/example_nested_branch_dag.py for tasks to queue
[2023-04-15T10:52:59.899+0700] {logging_mixin.py:137} INFO - [2023-04-15T10:52:59.899+0700] {dagbag.py:532} INFO - Filling up the DagBag from /home/ahyar/Documents/tut_folder/tut_python/python_script/tut_airflow/env_airflow/lib/python3.9/site-packages/airflow/example_dags/example_nested_branch_dag.py
[2023-04-15T10:52:59.934+0700] {processor.py:753} INFO - DAG(s) dict_keys(['example_nested_branch_dag']) retrieved from /home/ahyar/Documents/tut_folder/tut_python/python_script/tut_airflow/env_airflow/lib/python3.9/site-packages/airflow/example_dags/example_nested_branch_dag.py
[2023-04-15T10:52:59.966+0700] {logging_mixin.py:137} INFO - [2023-04-15T10:52:59.965+0700] {dag.py:2705} INFO - Sync 1 DAGs
[2023-04-15T10:52:59.996+0700] {logging_mixin.py:137} INFO - [2023-04-15T10:52:59.996+0700] {dag.py:3452} INFO - Setting next_dagrun for example_nested_branch_dag to 2023-04-14T00:00:00+00:00, run_after=2023-04-15T00:00:00+00:00
[2023-04-15T10:53:00.039+0700] {processor.py:175} INFO - Processing /home/ahyar/Documents/tut_folder/tut_python/python_script/tut_airflow/env_airflow/lib/python3.9/site-packages/airflow/example_dags/example_nested_branch_dag.py took 0.147 seconds
[2023-04-15T10:53:46.188+0700] {processor.py:153} INFO - Started process (PID=18179) to work on /home/ahyar/Documents/tut_folder/tut_python/python_script/tut_airflow/env_airflow/lib/python3.9/site-packages/airflow/example_dags/example_nested_branch_dag.py
[2023-04-15T10:53:46.188+0700] {processor.py:743} INFO - Processing file /home/ahyar/Documents/tut_folder/tut_python/python_script/tut_airflow/env_airflow/lib/python3.9/site-packages/airflow/example_dags/example_nested_branch_dag.py for tasks to queue
[2023-04-15T10:53:46.189+0700] {logging_mixin.py:137} INFO - [2023-04-15T10:53:46.189+0700] {dagbag.py:532} INFO - Filling up the DagBag from /home/ahyar/Documents/tut_folder/tut_python/python_script/tut_airflow/env_airflow/lib/python3.9/site-packages/airflow/example_dags/example_nested_branch_dag.py
[2023-04-15T10:53:46.206+0700] {processor.py:753} INFO - DAG(s) dict_keys(['example_nested_branch_dag']) retrieved from /home/ahyar/Documents/tut_folder/tut_python/python_script/tut_airflow/env_airflow/lib/python3.9/site-packages/airflow/example_dags/example_nested_branch_dag.py
[2023-04-15T10:53:46.216+0700] {logging_mixin.py:137} INFO - [2023-04-15T10:53:46.216+0700] {dag.py:2705} INFO - Sync 1 DAGs
[2023-04-15T10:53:46.228+0700] {logging_mixin.py:137} INFO - [2023-04-15T10:53:46.228+0700] {dag.py:3452} INFO - Setting next_dagrun for example_nested_branch_dag to 2023-04-14T00:00:00+00:00, run_after=2023-04-15T00:00:00+00:00
[2023-04-15T10:53:46.242+0700] {processor.py:175} INFO - Processing /home/ahyar/Documents/tut_folder/tut_python/python_script/tut_airflow/env_airflow/lib/python3.9/site-packages/airflow/example_dags/example_nested_branch_dag.py took 0.057 seconds
[2023-04-15T10:54:30.277+0700] {processor.py:153} INFO - Started process (PID=18263) to work on /home/ahyar/Documents/tut_folder/tut_python/python_script/tut_airflow/env_airflow/lib/python3.9/site-packages/airflow/example_dags/example_nested_branch_dag.py
[2023-04-15T10:54:30.277+0700] {processor.py:743} INFO - Processing file /home/ahyar/Documents/tut_folder/tut_python/python_script/tut_airflow/env_airflow/lib/python3.9/site-packages/airflow/example_dags/example_nested_branch_dag.py for tasks to queue
[2023-04-15T10:54:30.278+0700] {logging_mixin.py:137} INFO - [2023-04-15T10:54:30.278+0700] {dagbag.py:532} INFO - Filling up the DagBag from /home/ahyar/Documents/tut_folder/tut_python/python_script/tut_airflow/env_airflow/lib/python3.9/site-packages/airflow/example_dags/example_nested_branch_dag.py
[2023-04-15T10:54:30.292+0700] {processor.py:753} INFO - DAG(s) dict_keys(['example_nested_branch_dag']) retrieved from /home/ahyar/Documents/tut_folder/tut_python/python_script/tut_airflow/env_airflow/lib/python3.9/site-packages/airflow/example_dags/example_nested_branch_dag.py
[2023-04-15T10:54:30.303+0700] {logging_mixin.py:137} INFO - [2023-04-15T10:54:30.303+0700] {dag.py:2705} INFO - Sync 1 DAGs
[2023-04-15T10:54:30.314+0700] {logging_mixin.py:137} INFO - [2023-04-15T10:54:30.314+0700] {dag.py:3452} INFO - Setting next_dagrun for example_nested_branch_dag to 2023-04-14T00:00:00+00:00, run_after=2023-04-15T00:00:00+00:00
[2023-04-15T10:54:30.328+0700] {processor.py:175} INFO - Processing /home/ahyar/Documents/tut_folder/tut_python/python_script/tut_airflow/env_airflow/lib/python3.9/site-packages/airflow/example_dags/example_nested_branch_dag.py took 0.055 seconds
[2023-04-15T10:55:16.017+0700] {processor.py:153} INFO - Started process (PID=18335) to work on /home/ahyar/Documents/tut_folder/tut_python/python_script/tut_airflow/env_airflow/lib/python3.9/site-packages/airflow/example_dags/example_nested_branch_dag.py
[2023-04-15T10:55:16.018+0700] {processor.py:743} INFO - Processing file /home/ahyar/Documents/tut_folder/tut_python/python_script/tut_airflow/env_airflow/lib/python3.9/site-packages/airflow/example_dags/example_nested_branch_dag.py for tasks to queue
[2023-04-15T10:55:16.019+0700] {logging_mixin.py:137} INFO - [2023-04-15T10:55:16.019+0700] {dagbag.py:532} INFO - Filling up the DagBag from /home/ahyar/Documents/tut_folder/tut_python/python_script/tut_airflow/env_airflow/lib/python3.9/site-packages/airflow/example_dags/example_nested_branch_dag.py
[2023-04-15T10:55:16.042+0700] {processor.py:753} INFO - DAG(s) dict_keys(['example_nested_branch_dag']) retrieved from /home/ahyar/Documents/tut_folder/tut_python/python_script/tut_airflow/env_airflow/lib/python3.9/site-packages/airflow/example_dags/example_nested_branch_dag.py
[2023-04-15T10:55:16.058+0700] {logging_mixin.py:137} INFO - [2023-04-15T10:55:16.057+0700] {dag.py:2705} INFO - Sync 1 DAGs
[2023-04-15T10:55:16.073+0700] {logging_mixin.py:137} INFO - [2023-04-15T10:55:16.072+0700] {dag.py:3452} INFO - Setting next_dagrun for example_nested_branch_dag to 2023-04-14T00:00:00+00:00, run_after=2023-04-15T00:00:00+00:00
[2023-04-15T10:55:16.098+0700] {processor.py:175} INFO - Processing /home/ahyar/Documents/tut_folder/tut_python/python_script/tut_airflow/env_airflow/lib/python3.9/site-packages/airflow/example_dags/example_nested_branch_dag.py took 0.083 seconds
[2023-04-15T10:56:00.572+0700] {processor.py:153} INFO - Started process (PID=18447) to work on /home/ahyar/Documents/tut_folder/tut_python/python_script/tut_airflow/env_airflow/lib/python3.9/site-packages/airflow/example_dags/example_nested_branch_dag.py
[2023-04-15T10:56:00.573+0700] {processor.py:743} INFO - Processing file /home/ahyar/Documents/tut_folder/tut_python/python_script/tut_airflow/env_airflow/lib/python3.9/site-packages/airflow/example_dags/example_nested_branch_dag.py for tasks to queue
[2023-04-15T10:56:00.574+0700] {logging_mixin.py:137} INFO - [2023-04-15T10:56:00.574+0700] {dagbag.py:532} INFO - Filling up the DagBag from /home/ahyar/Documents/tut_folder/tut_python/python_script/tut_airflow/env_airflow/lib/python3.9/site-packages/airflow/example_dags/example_nested_branch_dag.py
[2023-04-15T10:56:00.593+0700] {processor.py:753} INFO - DAG(s) dict_keys(['example_nested_branch_dag']) retrieved from /home/ahyar/Documents/tut_folder/tut_python/python_script/tut_airflow/env_airflow/lib/python3.9/site-packages/airflow/example_dags/example_nested_branch_dag.py
[2023-04-15T10:56:00.603+0700] {logging_mixin.py:137} INFO - [2023-04-15T10:56:00.603+0700] {dag.py:2705} INFO - Sync 1 DAGs
[2023-04-15T10:56:00.616+0700] {logging_mixin.py:137} INFO - [2023-04-15T10:56:00.616+0700] {dag.py:3452} INFO - Setting next_dagrun for example_nested_branch_dag to 2023-04-14T00:00:00+00:00, run_after=2023-04-15T00:00:00+00:00
[2023-04-15T10:56:00.634+0700] {processor.py:175} INFO - Processing /home/ahyar/Documents/tut_folder/tut_python/python_script/tut_airflow/env_airflow/lib/python3.9/site-packages/airflow/example_dags/example_nested_branch_dag.py took 0.067 seconds
[2023-04-15T10:56:42.349+0700] {processor.py:153} INFO - Started process (PID=18515) to work on /home/ahyar/Documents/tut_folder/tut_python/python_script/tut_airflow/env_airflow/lib/python3.9/site-packages/airflow/example_dags/example_nested_branch_dag.py
[2023-04-15T10:56:42.350+0700] {processor.py:743} INFO - Processing file /home/ahyar/Documents/tut_folder/tut_python/python_script/tut_airflow/env_airflow/lib/python3.9/site-packages/airflow/example_dags/example_nested_branch_dag.py for tasks to queue
[2023-04-15T10:56:42.351+0700] {logging_mixin.py:137} INFO - [2023-04-15T10:56:42.351+0700] {dagbag.py:532} INFO - Filling up the DagBag from /home/ahyar/Documents/tut_folder/tut_python/python_script/tut_airflow/env_airflow/lib/python3.9/site-packages/airflow/example_dags/example_nested_branch_dag.py
[2023-04-15T10:56:42.392+0700] {processor.py:753} INFO - DAG(s) dict_keys(['example_nested_branch_dag']) retrieved from /home/ahyar/Documents/tut_folder/tut_python/python_script/tut_airflow/env_airflow/lib/python3.9/site-packages/airflow/example_dags/example_nested_branch_dag.py
[2023-04-15T10:56:42.405+0700] {logging_mixin.py:137} INFO - [2023-04-15T10:56:42.405+0700] {dag.py:2705} INFO - Sync 1 DAGs
[2023-04-15T10:56:42.420+0700] {logging_mixin.py:137} INFO - [2023-04-15T10:56:42.420+0700] {dag.py:3452} INFO - Setting next_dagrun for example_nested_branch_dag to 2023-04-14T00:00:00+00:00, run_after=2023-04-15T00:00:00+00:00
[2023-04-15T10:56:42.435+0700] {processor.py:175} INFO - Processing /home/ahyar/Documents/tut_folder/tut_python/python_script/tut_airflow/env_airflow/lib/python3.9/site-packages/airflow/example_dags/example_nested_branch_dag.py took 0.090 seconds
[2023-04-15T10:57:26.233+0700] {processor.py:153} INFO - Started process (PID=18596) to work on /home/ahyar/Documents/tut_folder/tut_python/python_script/tut_airflow/env_airflow/lib/python3.9/site-packages/airflow/example_dags/example_nested_branch_dag.py
[2023-04-15T10:57:26.235+0700] {processor.py:743} INFO - Processing file /home/ahyar/Documents/tut_folder/tut_python/python_script/tut_airflow/env_airflow/lib/python3.9/site-packages/airflow/example_dags/example_nested_branch_dag.py for tasks to queue
[2023-04-15T10:57:26.236+0700] {logging_mixin.py:137} INFO - [2023-04-15T10:57:26.236+0700] {dagbag.py:532} INFO - Filling up the DagBag from /home/ahyar/Documents/tut_folder/tut_python/python_script/tut_airflow/env_airflow/lib/python3.9/site-packages/airflow/example_dags/example_nested_branch_dag.py
[2023-04-15T10:57:26.277+0700] {processor.py:753} INFO - DAG(s) dict_keys(['example_nested_branch_dag']) retrieved from /home/ahyar/Documents/tut_folder/tut_python/python_script/tut_airflow/env_airflow/lib/python3.9/site-packages/airflow/example_dags/example_nested_branch_dag.py
[2023-04-15T10:57:26.295+0700] {logging_mixin.py:137} INFO - [2023-04-15T10:57:26.295+0700] {dag.py:2705} INFO - Sync 1 DAGs
[2023-04-15T10:57:26.313+0700] {logging_mixin.py:137} INFO - [2023-04-15T10:57:26.313+0700] {dag.py:3452} INFO - Setting next_dagrun for example_nested_branch_dag to 2023-04-14T00:00:00+00:00, run_after=2023-04-15T00:00:00+00:00
[2023-04-15T10:57:26.344+0700] {processor.py:175} INFO - Processing /home/ahyar/Documents/tut_folder/tut_python/python_script/tut_airflow/env_airflow/lib/python3.9/site-packages/airflow/example_dags/example_nested_branch_dag.py took 0.116 seconds
[2023-04-15T10:58:12.712+0700] {processor.py:153} INFO - Started process (PID=18652) to work on /home/ahyar/Documents/tut_folder/tut_python/python_script/tut_airflow/env_airflow/lib/python3.9/site-packages/airflow/example_dags/example_nested_branch_dag.py
[2023-04-15T10:58:12.713+0700] {processor.py:743} INFO - Processing file /home/ahyar/Documents/tut_folder/tut_python/python_script/tut_airflow/env_airflow/lib/python3.9/site-packages/airflow/example_dags/example_nested_branch_dag.py for tasks to queue
[2023-04-15T10:58:12.715+0700] {logging_mixin.py:137} INFO - [2023-04-15T10:58:12.714+0700] {dagbag.py:532} INFO - Filling up the DagBag from /home/ahyar/Documents/tut_folder/tut_python/python_script/tut_airflow/env_airflow/lib/python3.9/site-packages/airflow/example_dags/example_nested_branch_dag.py
[2023-04-15T10:58:12.742+0700] {processor.py:753} INFO - DAG(s) dict_keys(['example_nested_branch_dag']) retrieved from /home/ahyar/Documents/tut_folder/tut_python/python_script/tut_airflow/env_airflow/lib/python3.9/site-packages/airflow/example_dags/example_nested_branch_dag.py
[2023-04-15T10:58:12.772+0700] {logging_mixin.py:137} INFO - [2023-04-15T10:58:12.772+0700] {dag.py:2705} INFO - Sync 1 DAGs
[2023-04-15T10:58:12.804+0700] {logging_mixin.py:137} INFO - [2023-04-15T10:58:12.804+0700] {dag.py:3452} INFO - Setting next_dagrun for example_nested_branch_dag to 2023-04-14T00:00:00+00:00, run_after=2023-04-15T00:00:00+00:00
[2023-04-15T10:58:12.828+0700] {processor.py:175} INFO - Processing /home/ahyar/Documents/tut_folder/tut_python/python_script/tut_airflow/env_airflow/lib/python3.9/site-packages/airflow/example_dags/example_nested_branch_dag.py took 0.120 seconds
[2023-04-15T10:58:59.328+0700] {processor.py:153} INFO - Started process (PID=18865) to work on /home/ahyar/Documents/tut_folder/tut_python/python_script/tut_airflow/env_airflow/lib/python3.9/site-packages/airflow/example_dags/example_nested_branch_dag.py
[2023-04-15T10:58:59.330+0700] {processor.py:743} INFO - Processing file /home/ahyar/Documents/tut_folder/tut_python/python_script/tut_airflow/env_airflow/lib/python3.9/site-packages/airflow/example_dags/example_nested_branch_dag.py for tasks to queue
[2023-04-15T10:58:59.330+0700] {logging_mixin.py:137} INFO - [2023-04-15T10:58:59.330+0700] {dagbag.py:532} INFO - Filling up the DagBag from /home/ahyar/Documents/tut_folder/tut_python/python_script/tut_airflow/env_airflow/lib/python3.9/site-packages/airflow/example_dags/example_nested_branch_dag.py
[2023-04-15T10:58:59.350+0700] {processor.py:753} INFO - DAG(s) dict_keys(['example_nested_branch_dag']) retrieved from /home/ahyar/Documents/tut_folder/tut_python/python_script/tut_airflow/env_airflow/lib/python3.9/site-packages/airflow/example_dags/example_nested_branch_dag.py
[2023-04-15T10:58:59.365+0700] {logging_mixin.py:137} INFO - [2023-04-15T10:58:59.365+0700] {dag.py:2705} INFO - Sync 1 DAGs
[2023-04-15T10:58:59.379+0700] {logging_mixin.py:137} INFO - [2023-04-15T10:58:59.378+0700] {dag.py:3452} INFO - Setting next_dagrun for example_nested_branch_dag to 2023-04-14T00:00:00+00:00, run_after=2023-04-15T00:00:00+00:00
[2023-04-15T10:58:59.395+0700] {processor.py:175} INFO - Processing /home/ahyar/Documents/tut_folder/tut_python/python_script/tut_airflow/env_airflow/lib/python3.9/site-packages/airflow/example_dags/example_nested_branch_dag.py took 0.072 seconds
[2023-04-15T11:02:18.413+0700] {processor.py:153} INFO - Started process (PID=21067) to work on /home/ahyar/Documents/tut_folder/tut_python/python_script/tut_airflow/env_airflow/lib/python3.9/site-packages/airflow/example_dags/example_nested_branch_dag.py
[2023-04-15T11:02:18.414+0700] {processor.py:743} INFO - Processing file /home/ahyar/Documents/tut_folder/tut_python/python_script/tut_airflow/env_airflow/lib/python3.9/site-packages/airflow/example_dags/example_nested_branch_dag.py for tasks to queue
[2023-04-15T11:02:18.415+0700] {logging_mixin.py:137} INFO - [2023-04-15T11:02:18.415+0700] {dagbag.py:532} INFO - Filling up the DagBag from /home/ahyar/Documents/tut_folder/tut_python/python_script/tut_airflow/env_airflow/lib/python3.9/site-packages/airflow/example_dags/example_nested_branch_dag.py
[2023-04-15T11:02:18.447+0700] {processor.py:753} INFO - DAG(s) dict_keys(['example_nested_branch_dag']) retrieved from /home/ahyar/Documents/tut_folder/tut_python/python_script/tut_airflow/env_airflow/lib/python3.9/site-packages/airflow/example_dags/example_nested_branch_dag.py
[2023-04-15T11:02:18.471+0700] {logging_mixin.py:137} INFO - [2023-04-15T11:02:18.470+0700] {dag.py:2705} INFO - Sync 1 DAGs
[2023-04-15T11:02:18.513+0700] {logging_mixin.py:137} INFO - [2023-04-15T11:02:18.513+0700] {dag.py:3452} INFO - Setting next_dagrun for example_nested_branch_dag to 2023-04-14T00:00:00+00:00, run_after=2023-04-15T00:00:00+00:00
[2023-04-15T11:02:18.566+0700] {processor.py:175} INFO - Processing /home/ahyar/Documents/tut_folder/tut_python/python_script/tut_airflow/env_airflow/lib/python3.9/site-packages/airflow/example_dags/example_nested_branch_dag.py took 0.160 seconds
[2023-04-15T11:05:31.304+0700] {processor.py:153} INFO - Started process (PID=23302) to work on /home/ahyar/Documents/tut_folder/tut_python/python_script/tut_airflow/env_airflow/lib/python3.9/site-packages/airflow/example_dags/example_nested_branch_dag.py
[2023-04-15T11:05:31.306+0700] {processor.py:743} INFO - Processing file /home/ahyar/Documents/tut_folder/tut_python/python_script/tut_airflow/env_airflow/lib/python3.9/site-packages/airflow/example_dags/example_nested_branch_dag.py for tasks to queue
[2023-04-15T11:05:31.307+0700] {logging_mixin.py:137} INFO - [2023-04-15T11:05:31.307+0700] {dagbag.py:532} INFO - Filling up the DagBag from /home/ahyar/Documents/tut_folder/tut_python/python_script/tut_airflow/env_airflow/lib/python3.9/site-packages/airflow/example_dags/example_nested_branch_dag.py
[2023-04-15T11:05:31.333+0700] {processor.py:753} INFO - DAG(s) dict_keys(['example_nested_branch_dag']) retrieved from /home/ahyar/Documents/tut_folder/tut_python/python_script/tut_airflow/env_airflow/lib/python3.9/site-packages/airflow/example_dags/example_nested_branch_dag.py
[2023-04-15T11:05:31.346+0700] {logging_mixin.py:137} INFO - [2023-04-15T11:05:31.346+0700] {dag.py:2705} INFO - Sync 1 DAGs
[2023-04-15T11:05:31.360+0700] {logging_mixin.py:137} INFO - [2023-04-15T11:05:31.359+0700] {dag.py:3452} INFO - Setting next_dagrun for example_nested_branch_dag to 2023-04-14T00:00:00+00:00, run_after=2023-04-15T00:00:00+00:00
[2023-04-15T11:05:31.448+0700] {processor.py:175} INFO - Processing /home/ahyar/Documents/tut_folder/tut_python/python_script/tut_airflow/env_airflow/lib/python3.9/site-packages/airflow/example_dags/example_nested_branch_dag.py took 0.150 seconds
