[2023-04-15T10:46:27.056+0700] {processor.py:153} INFO - Started process (PID=16314) to work on /home/ahyar/Documents/tut_folder/tut_python/python_script/tut_airflow/env_airflow/lib/python3.9/site-packages/airflow/example_dags/example_dag_decorator.py
[2023-04-15T10:46:27.057+0700] {processor.py:743} INFO - Processing file /home/ahyar/Documents/tut_folder/tut_python/python_script/tut_airflow/env_airflow/lib/python3.9/site-packages/airflow/example_dags/example_dag_decorator.py for tasks to queue
[2023-04-15T10:46:27.057+0700] {logging_mixin.py:137} INFO - [2023-04-15T10:46:27.057+0700] {dagbag.py:532} INFO - Filling up the DagBag from /home/ahyar/Documents/tut_folder/tut_python/python_script/tut_airflow/env_airflow/lib/python3.9/site-packages/airflow/example_dags/example_dag_decorator.py
[2023-04-15T10:46:27.071+0700] {logging_mixin.py:137} INFO - [2023-04-15T10:46:27.070+0700] {taskmixin.py:211} WARNING - Dependency <Task(_PythonDecoratedOperator): prepare_email>, send_email already registered for DAG: example_dag_decorator
[2023-04-15T10:46:27.071+0700] {logging_mixin.py:137} INFO - [2023-04-15T10:46:27.071+0700] {taskmixin.py:211} WARNING - Dependency <Task(EmailOperator): send_email>, prepare_email already registered for DAG: example_dag_decorator
[2023-04-15T10:46:27.076+0700] {processor.py:753} INFO - DAG(s) dict_keys(['example_dag_decorator']) retrieved from /home/ahyar/Documents/tut_folder/tut_python/python_script/tut_airflow/env_airflow/lib/python3.9/site-packages/airflow/example_dags/example_dag_decorator.py
[2023-04-15T10:46:27.143+0700] {logging_mixin.py:137} INFO - [2023-04-15T10:46:27.143+0700] {manager.py:504} INFO - Created Permission View: can read on DAG:example_dag_decorator
[2023-04-15T10:46:27.151+0700] {logging_mixin.py:137} INFO - [2023-04-15T10:46:27.151+0700] {manager.py:504} INFO - Created Permission View: can edit on DAG:example_dag_decorator
[2023-04-15T10:46:27.159+0700] {logging_mixin.py:137} INFO - [2023-04-15T10:46:27.159+0700] {manager.py:504} INFO - Created Permission View: can delete on DAG:example_dag_decorator
[2023-04-15T10:46:27.159+0700] {logging_mixin.py:137} INFO - [2023-04-15T10:46:27.159+0700] {dag.py:2705} INFO - Sync 1 DAGs
[2023-04-15T10:46:27.164+0700] {logging_mixin.py:137} INFO - [2023-04-15T10:46:27.164+0700] {dag.py:2726} INFO - Creating ORM DAG for example_dag_decorator
[2023-04-15T10:46:27.169+0700] {logging_mixin.py:137} INFO - [2023-04-15T10:46:27.169+0700] {dag.py:3452} INFO - Setting next_dagrun for example_dag_decorator to None, run_after=None
[2023-04-15T10:46:27.184+0700] {processor.py:175} INFO - Processing /home/ahyar/Documents/tut_folder/tut_python/python_script/tut_airflow/env_airflow/lib/python3.9/site-packages/airflow/example_dags/example_dag_decorator.py took 0.132 seconds
[2023-04-15T10:47:12.869+0700] {processor.py:153} INFO - Started process (PID=16565) to work on /home/ahyar/Documents/tut_folder/tut_python/python_script/tut_airflow/env_airflow/lib/python3.9/site-packages/airflow/example_dags/example_dag_decorator.py
[2023-04-15T10:47:12.905+0700] {processor.py:743} INFO - Processing file /home/ahyar/Documents/tut_folder/tut_python/python_script/tut_airflow/env_airflow/lib/python3.9/site-packages/airflow/example_dags/example_dag_decorator.py for tasks to queue
[2023-04-15T10:47:12.906+0700] {logging_mixin.py:137} INFO - [2023-04-15T10:47:12.906+0700] {dagbag.py:532} INFO - Filling up the DagBag from /home/ahyar/Documents/tut_folder/tut_python/python_script/tut_airflow/env_airflow/lib/python3.9/site-packages/airflow/example_dags/example_dag_decorator.py
[2023-04-15T10:47:12.928+0700] {logging_mixin.py:137} INFO - [2023-04-15T10:47:12.927+0700] {taskmixin.py:211} WARNING - Dependency <Task(_PythonDecoratedOperator): prepare_email>, send_email already registered for DAG: example_dag_decorator
[2023-04-15T10:47:12.928+0700] {logging_mixin.py:137} INFO - [2023-04-15T10:47:12.928+0700] {taskmixin.py:211} WARNING - Dependency <Task(EmailOperator): send_email>, prepare_email already registered for DAG: example_dag_decorator
[2023-04-15T10:47:12.933+0700] {processor.py:753} INFO - DAG(s) dict_keys(['example_dag_decorator']) retrieved from /home/ahyar/Documents/tut_folder/tut_python/python_script/tut_airflow/env_airflow/lib/python3.9/site-packages/airflow/example_dags/example_dag_decorator.py
[2023-04-15T10:47:12.959+0700] {logging_mixin.py:137} INFO - [2023-04-15T10:47:12.959+0700] {dag.py:2705} INFO - Sync 1 DAGs
[2023-04-15T10:47:12.968+0700] {logging_mixin.py:137} INFO - [2023-04-15T10:47:12.968+0700] {dag.py:3452} INFO - Setting next_dagrun for example_dag_decorator to None, run_after=None
[2023-04-15T10:47:12.982+0700] {processor.py:175} INFO - Processing /home/ahyar/Documents/tut_folder/tut_python/python_script/tut_airflow/env_airflow/lib/python3.9/site-packages/airflow/example_dags/example_dag_decorator.py took 0.117 seconds
[2023-04-15T10:47:52.253+0700] {processor.py:153} INFO - Started process (PID=16772) to work on /home/ahyar/Documents/tut_folder/tut_python/python_script/tut_airflow/env_airflow/lib/python3.9/site-packages/airflow/example_dags/example_dag_decorator.py
[2023-04-15T10:47:52.254+0700] {processor.py:743} INFO - Processing file /home/ahyar/Documents/tut_folder/tut_python/python_script/tut_airflow/env_airflow/lib/python3.9/site-packages/airflow/example_dags/example_dag_decorator.py for tasks to queue
[2023-04-15T10:47:52.254+0700] {logging_mixin.py:137} INFO - [2023-04-15T10:47:52.254+0700] {dagbag.py:532} INFO - Filling up the DagBag from /home/ahyar/Documents/tut_folder/tut_python/python_script/tut_airflow/env_airflow/lib/python3.9/site-packages/airflow/example_dags/example_dag_decorator.py
[2023-04-15T10:47:52.265+0700] {logging_mixin.py:137} INFO - [2023-04-15T10:47:52.265+0700] {taskmixin.py:211} WARNING - Dependency <Task(_PythonDecoratedOperator): prepare_email>, send_email already registered for DAG: example_dag_decorator
[2023-04-15T10:47:52.265+0700] {logging_mixin.py:137} INFO - [2023-04-15T10:47:52.265+0700] {taskmixin.py:211} WARNING - Dependency <Task(EmailOperator): send_email>, prepare_email already registered for DAG: example_dag_decorator
[2023-04-15T10:47:52.271+0700] {processor.py:753} INFO - DAG(s) dict_keys(['example_dag_decorator']) retrieved from /home/ahyar/Documents/tut_folder/tut_python/python_script/tut_airflow/env_airflow/lib/python3.9/site-packages/airflow/example_dags/example_dag_decorator.py
[2023-04-15T10:47:52.300+0700] {logging_mixin.py:137} INFO - [2023-04-15T10:47:52.300+0700] {dag.py:2705} INFO - Sync 1 DAGs
[2023-04-15T10:47:52.311+0700] {logging_mixin.py:137} INFO - [2023-04-15T10:47:52.311+0700] {dag.py:3452} INFO - Setting next_dagrun for example_dag_decorator to None, run_after=None
[2023-04-15T10:47:52.326+0700] {processor.py:175} INFO - Processing /home/ahyar/Documents/tut_folder/tut_python/python_script/tut_airflow/env_airflow/lib/python3.9/site-packages/airflow/example_dags/example_dag_decorator.py took 0.076 seconds
[2023-04-15T10:48:24.348+0700] {processor.py:153} INFO - Started process (PID=16998) to work on /home/ahyar/Documents/tut_folder/tut_python/python_script/tut_airflow/env_airflow/lib/python3.9/site-packages/airflow/example_dags/example_dag_decorator.py
[2023-04-15T10:48:24.349+0700] {processor.py:743} INFO - Processing file /home/ahyar/Documents/tut_folder/tut_python/python_script/tut_airflow/env_airflow/lib/python3.9/site-packages/airflow/example_dags/example_dag_decorator.py for tasks to queue
[2023-04-15T10:48:24.350+0700] {logging_mixin.py:137} INFO - [2023-04-15T10:48:24.350+0700] {dagbag.py:532} INFO - Filling up the DagBag from /home/ahyar/Documents/tut_folder/tut_python/python_script/tut_airflow/env_airflow/lib/python3.9/site-packages/airflow/example_dags/example_dag_decorator.py
[2023-04-15T10:48:24.368+0700] {logging_mixin.py:137} INFO - [2023-04-15T10:48:24.368+0700] {taskmixin.py:211} WARNING - Dependency <Task(_PythonDecoratedOperator): prepare_email>, send_email already registered for DAG: example_dag_decorator
[2023-04-15T10:48:24.368+0700] {logging_mixin.py:137} INFO - [2023-04-15T10:48:24.368+0700] {taskmixin.py:211} WARNING - Dependency <Task(EmailOperator): send_email>, prepare_email already registered for DAG: example_dag_decorator
[2023-04-15T10:48:24.375+0700] {processor.py:753} INFO - DAG(s) dict_keys(['example_dag_decorator']) retrieved from /home/ahyar/Documents/tut_folder/tut_python/python_script/tut_airflow/env_airflow/lib/python3.9/site-packages/airflow/example_dags/example_dag_decorator.py
[2023-04-15T10:48:24.402+0700] {logging_mixin.py:137} INFO - [2023-04-15T10:48:24.402+0700] {dag.py:2705} INFO - Sync 1 DAGs
[2023-04-15T10:48:24.413+0700] {logging_mixin.py:137} INFO - [2023-04-15T10:48:24.413+0700] {dag.py:3452} INFO - Setting next_dagrun for example_dag_decorator to None, run_after=None
[2023-04-15T10:48:24.435+0700] {processor.py:175} INFO - Processing /home/ahyar/Documents/tut_folder/tut_python/python_script/tut_airflow/env_airflow/lib/python3.9/site-packages/airflow/example_dags/example_dag_decorator.py took 0.089 seconds
[2023-04-15T10:49:05.764+0700] {processor.py:153} INFO - Started process (PID=17347) to work on /home/ahyar/Documents/tut_folder/tut_python/python_script/tut_airflow/env_airflow/lib/python3.9/site-packages/airflow/example_dags/example_dag_decorator.py
[2023-04-15T10:49:05.765+0700] {processor.py:743} INFO - Processing file /home/ahyar/Documents/tut_folder/tut_python/python_script/tut_airflow/env_airflow/lib/python3.9/site-packages/airflow/example_dags/example_dag_decorator.py for tasks to queue
[2023-04-15T10:49:05.765+0700] {logging_mixin.py:137} INFO - [2023-04-15T10:49:05.765+0700] {dagbag.py:532} INFO - Filling up the DagBag from /home/ahyar/Documents/tut_folder/tut_python/python_script/tut_airflow/env_airflow/lib/python3.9/site-packages/airflow/example_dags/example_dag_decorator.py
[2023-04-15T10:49:05.782+0700] {logging_mixin.py:137} INFO - [2023-04-15T10:49:05.781+0700] {taskmixin.py:211} WARNING - Dependency <Task(_PythonDecoratedOperator): prepare_email>, send_email already registered for DAG: example_dag_decorator
[2023-04-15T10:49:05.782+0700] {logging_mixin.py:137} INFO - [2023-04-15T10:49:05.782+0700] {taskmixin.py:211} WARNING - Dependency <Task(EmailOperator): send_email>, prepare_email already registered for DAG: example_dag_decorator
[2023-04-15T10:49:05.789+0700] {processor.py:753} INFO - DAG(s) dict_keys(['example_dag_decorator']) retrieved from /home/ahyar/Documents/tut_folder/tut_python/python_script/tut_airflow/env_airflow/lib/python3.9/site-packages/airflow/example_dags/example_dag_decorator.py
[2023-04-15T10:49:05.826+0700] {logging_mixin.py:137} INFO - [2023-04-15T10:49:05.826+0700] {dag.py:2705} INFO - Sync 1 DAGs
[2023-04-15T10:49:05.843+0700] {logging_mixin.py:137} INFO - [2023-04-15T10:49:05.842+0700] {dag.py:3452} INFO - Setting next_dagrun for example_dag_decorator to None, run_after=None
[2023-04-15T10:49:05.876+0700] {processor.py:175} INFO - Processing /home/ahyar/Documents/tut_folder/tut_python/python_script/tut_airflow/env_airflow/lib/python3.9/site-packages/airflow/example_dags/example_dag_decorator.py took 0.115 seconds
[2023-04-15T10:49:55.443+0700] {processor.py:153} INFO - Started process (PID=17540) to work on /home/ahyar/Documents/tut_folder/tut_python/python_script/tut_airflow/env_airflow/lib/python3.9/site-packages/airflow/example_dags/example_dag_decorator.py
[2023-04-15T10:49:55.444+0700] {processor.py:743} INFO - Processing file /home/ahyar/Documents/tut_folder/tut_python/python_script/tut_airflow/env_airflow/lib/python3.9/site-packages/airflow/example_dags/example_dag_decorator.py for tasks to queue
[2023-04-15T10:49:55.445+0700] {logging_mixin.py:137} INFO - [2023-04-15T10:49:55.445+0700] {dagbag.py:532} INFO - Filling up the DagBag from /home/ahyar/Documents/tut_folder/tut_python/python_script/tut_airflow/env_airflow/lib/python3.9/site-packages/airflow/example_dags/example_dag_decorator.py
[2023-04-15T10:49:55.468+0700] {logging_mixin.py:137} INFO - [2023-04-15T10:49:55.468+0700] {taskmixin.py:211} WARNING - Dependency <Task(_PythonDecoratedOperator): prepare_email>, send_email already registered for DAG: example_dag_decorator
[2023-04-15T10:49:55.469+0700] {logging_mixin.py:137} INFO - [2023-04-15T10:49:55.469+0700] {taskmixin.py:211} WARNING - Dependency <Task(EmailOperator): send_email>, prepare_email already registered for DAG: example_dag_decorator
[2023-04-15T10:49:55.511+0700] {processor.py:753} INFO - DAG(s) dict_keys(['example_dag_decorator']) retrieved from /home/ahyar/Documents/tut_folder/tut_python/python_script/tut_airflow/env_airflow/lib/python3.9/site-packages/airflow/example_dags/example_dag_decorator.py
[2023-04-15T10:49:55.630+0700] {logging_mixin.py:137} INFO - [2023-04-15T10:49:55.629+0700] {dag.py:2705} INFO - Sync 1 DAGs
[2023-04-15T10:49:55.651+0700] {logging_mixin.py:137} INFO - [2023-04-15T10:49:55.651+0700] {dag.py:3452} INFO - Setting next_dagrun for example_dag_decorator to None, run_after=None
[2023-04-15T10:49:55.681+0700] {processor.py:175} INFO - Processing /home/ahyar/Documents/tut_folder/tut_python/python_script/tut_airflow/env_airflow/lib/python3.9/site-packages/airflow/example_dags/example_dag_decorator.py took 0.240 seconds
[2023-04-15T10:50:37.321+0700] {processor.py:153} INFO - Started process (PID=17745) to work on /home/ahyar/Documents/tut_folder/tut_python/python_script/tut_airflow/env_airflow/lib/python3.9/site-packages/airflow/example_dags/example_dag_decorator.py
[2023-04-15T10:50:37.321+0700] {processor.py:743} INFO - Processing file /home/ahyar/Documents/tut_folder/tut_python/python_script/tut_airflow/env_airflow/lib/python3.9/site-packages/airflow/example_dags/example_dag_decorator.py for tasks to queue
[2023-04-15T10:50:37.322+0700] {logging_mixin.py:137} INFO - [2023-04-15T10:50:37.322+0700] {dagbag.py:532} INFO - Filling up the DagBag from /home/ahyar/Documents/tut_folder/tut_python/python_script/tut_airflow/env_airflow/lib/python3.9/site-packages/airflow/example_dags/example_dag_decorator.py
[2023-04-15T10:50:37.332+0700] {logging_mixin.py:137} INFO - [2023-04-15T10:50:37.332+0700] {taskmixin.py:211} WARNING - Dependency <Task(_PythonDecoratedOperator): prepare_email>, send_email already registered for DAG: example_dag_decorator
[2023-04-15T10:50:37.332+0700] {logging_mixin.py:137} INFO - [2023-04-15T10:50:37.332+0700] {taskmixin.py:211} WARNING - Dependency <Task(EmailOperator): send_email>, prepare_email already registered for DAG: example_dag_decorator
[2023-04-15T10:50:37.338+0700] {processor.py:753} INFO - DAG(s) dict_keys(['example_dag_decorator']) retrieved from /home/ahyar/Documents/tut_folder/tut_python/python_script/tut_airflow/env_airflow/lib/python3.9/site-packages/airflow/example_dags/example_dag_decorator.py
[2023-04-15T10:50:37.365+0700] {logging_mixin.py:137} INFO - [2023-04-15T10:50:37.365+0700] {dag.py:2705} INFO - Sync 1 DAGs
[2023-04-15T10:50:37.374+0700] {logging_mixin.py:137} INFO - [2023-04-15T10:50:37.374+0700] {dag.py:3452} INFO - Setting next_dagrun for example_dag_decorator to None, run_after=None
[2023-04-15T10:50:37.389+0700] {processor.py:175} INFO - Processing /home/ahyar/Documents/tut_folder/tut_python/python_script/tut_airflow/env_airflow/lib/python3.9/site-packages/airflow/example_dags/example_dag_decorator.py took 0.069 seconds
[2023-04-15T10:51:19.262+0700] {processor.py:153} INFO - Started process (PID=17829) to work on /home/ahyar/Documents/tut_folder/tut_python/python_script/tut_airflow/env_airflow/lib/python3.9/site-packages/airflow/example_dags/example_dag_decorator.py
[2023-04-15T10:51:19.263+0700] {processor.py:743} INFO - Processing file /home/ahyar/Documents/tut_folder/tut_python/python_script/tut_airflow/env_airflow/lib/python3.9/site-packages/airflow/example_dags/example_dag_decorator.py for tasks to queue
[2023-04-15T10:51:19.263+0700] {logging_mixin.py:137} INFO - [2023-04-15T10:51:19.263+0700] {dagbag.py:532} INFO - Filling up the DagBag from /home/ahyar/Documents/tut_folder/tut_python/python_script/tut_airflow/env_airflow/lib/python3.9/site-packages/airflow/example_dags/example_dag_decorator.py
[2023-04-15T10:51:19.275+0700] {logging_mixin.py:137} INFO - [2023-04-15T10:51:19.275+0700] {taskmixin.py:211} WARNING - Dependency <Task(_PythonDecoratedOperator): prepare_email>, send_email already registered for DAG: example_dag_decorator
[2023-04-15T10:51:19.275+0700] {logging_mixin.py:137} INFO - [2023-04-15T10:51:19.275+0700] {taskmixin.py:211} WARNING - Dependency <Task(EmailOperator): send_email>, prepare_email already registered for DAG: example_dag_decorator
[2023-04-15T10:51:19.282+0700] {processor.py:753} INFO - DAG(s) dict_keys(['example_dag_decorator']) retrieved from /home/ahyar/Documents/tut_folder/tut_python/python_script/tut_airflow/env_airflow/lib/python3.9/site-packages/airflow/example_dags/example_dag_decorator.py
[2023-04-15T10:51:19.308+0700] {logging_mixin.py:137} INFO - [2023-04-15T10:51:19.307+0700] {dag.py:2705} INFO - Sync 1 DAGs
[2023-04-15T10:51:19.317+0700] {logging_mixin.py:137} INFO - [2023-04-15T10:51:19.317+0700] {dag.py:3452} INFO - Setting next_dagrun for example_dag_decorator to None, run_after=None
[2023-04-15T10:51:19.332+0700] {processor.py:175} INFO - Processing /home/ahyar/Documents/tut_folder/tut_python/python_script/tut_airflow/env_airflow/lib/python3.9/site-packages/airflow/example_dags/example_dag_decorator.py took 0.073 seconds
[2023-04-15T10:52:04.069+0700] {processor.py:153} INFO - Started process (PID=17901) to work on /home/ahyar/Documents/tut_folder/tut_python/python_script/tut_airflow/env_airflow/lib/python3.9/site-packages/airflow/example_dags/example_dag_decorator.py
[2023-04-15T10:52:04.071+0700] {processor.py:743} INFO - Processing file /home/ahyar/Documents/tut_folder/tut_python/python_script/tut_airflow/env_airflow/lib/python3.9/site-packages/airflow/example_dags/example_dag_decorator.py for tasks to queue
[2023-04-15T10:52:04.072+0700] {logging_mixin.py:137} INFO - [2023-04-15T10:52:04.071+0700] {dagbag.py:532} INFO - Filling up the DagBag from /home/ahyar/Documents/tut_folder/tut_python/python_script/tut_airflow/env_airflow/lib/python3.9/site-packages/airflow/example_dags/example_dag_decorator.py
[2023-04-15T10:52:04.090+0700] {logging_mixin.py:137} INFO - [2023-04-15T10:52:04.089+0700] {taskmixin.py:211} WARNING - Dependency <Task(_PythonDecoratedOperator): prepare_email>, send_email already registered for DAG: example_dag_decorator
[2023-04-15T10:52:04.090+0700] {logging_mixin.py:137} INFO - [2023-04-15T10:52:04.090+0700] {taskmixin.py:211} WARNING - Dependency <Task(EmailOperator): send_email>, prepare_email already registered for DAG: example_dag_decorator
[2023-04-15T10:52:04.098+0700] {processor.py:753} INFO - DAG(s) dict_keys(['example_dag_decorator']) retrieved from /home/ahyar/Documents/tut_folder/tut_python/python_script/tut_airflow/env_airflow/lib/python3.9/site-packages/airflow/example_dags/example_dag_decorator.py
[2023-04-15T10:52:04.145+0700] {logging_mixin.py:137} INFO - [2023-04-15T10:52:04.145+0700] {dag.py:2705} INFO - Sync 1 DAGs
[2023-04-15T10:52:04.183+0700] {logging_mixin.py:137} INFO - [2023-04-15T10:52:04.183+0700] {dag.py:3452} INFO - Setting next_dagrun for example_dag_decorator to None, run_after=None
[2023-04-15T10:52:04.208+0700] {processor.py:175} INFO - Processing /home/ahyar/Documents/tut_folder/tut_python/python_script/tut_airflow/env_airflow/lib/python3.9/site-packages/airflow/example_dags/example_dag_decorator.py took 0.142 seconds
[2023-04-15T10:52:49.258+0700] {processor.py:153} INFO - Started process (PID=18066) to work on /home/ahyar/Documents/tut_folder/tut_python/python_script/tut_airflow/env_airflow/lib/python3.9/site-packages/airflow/example_dags/example_dag_decorator.py
[2023-04-15T10:52:49.261+0700] {processor.py:743} INFO - Processing file /home/ahyar/Documents/tut_folder/tut_python/python_script/tut_airflow/env_airflow/lib/python3.9/site-packages/airflow/example_dags/example_dag_decorator.py for tasks to queue
[2023-04-15T10:52:49.262+0700] {logging_mixin.py:137} INFO - [2023-04-15T10:52:49.262+0700] {dagbag.py:532} INFO - Filling up the DagBag from /home/ahyar/Documents/tut_folder/tut_python/python_script/tut_airflow/env_airflow/lib/python3.9/site-packages/airflow/example_dags/example_dag_decorator.py
[2023-04-15T10:52:49.304+0700] {logging_mixin.py:137} INFO - [2023-04-15T10:52:49.303+0700] {taskmixin.py:211} WARNING - Dependency <Task(_PythonDecoratedOperator): prepare_email>, send_email already registered for DAG: example_dag_decorator
[2023-04-15T10:52:49.304+0700] {logging_mixin.py:137} INFO - [2023-04-15T10:52:49.304+0700] {taskmixin.py:211} WARNING - Dependency <Task(EmailOperator): send_email>, prepare_email already registered for DAG: example_dag_decorator
[2023-04-15T10:52:49.327+0700] {processor.py:753} INFO - DAG(s) dict_keys(['example_dag_decorator']) retrieved from /home/ahyar/Documents/tut_folder/tut_python/python_script/tut_airflow/env_airflow/lib/python3.9/site-packages/airflow/example_dags/example_dag_decorator.py
[2023-04-15T10:52:49.406+0700] {logging_mixin.py:137} INFO - [2023-04-15T10:52:49.406+0700] {dag.py:2705} INFO - Sync 1 DAGs
[2023-04-15T10:52:49.439+0700] {logging_mixin.py:137} INFO - [2023-04-15T10:52:49.439+0700] {dag.py:3452} INFO - Setting next_dagrun for example_dag_decorator to None, run_after=None
[2023-04-15T10:52:49.478+0700] {processor.py:175} INFO - Processing /home/ahyar/Documents/tut_folder/tut_python/python_script/tut_airflow/env_airflow/lib/python3.9/site-packages/airflow/example_dags/example_dag_decorator.py took 0.222 seconds
[2023-04-15T10:53:35.991+0700] {processor.py:153} INFO - Started process (PID=18169) to work on /home/ahyar/Documents/tut_folder/tut_python/python_script/tut_airflow/env_airflow/lib/python3.9/site-packages/airflow/example_dags/example_dag_decorator.py
[2023-04-15T10:53:35.992+0700] {processor.py:743} INFO - Processing file /home/ahyar/Documents/tut_folder/tut_python/python_script/tut_airflow/env_airflow/lib/python3.9/site-packages/airflow/example_dags/example_dag_decorator.py for tasks to queue
[2023-04-15T10:53:35.993+0700] {logging_mixin.py:137} INFO - [2023-04-15T10:53:35.993+0700] {dagbag.py:532} INFO - Filling up the DagBag from /home/ahyar/Documents/tut_folder/tut_python/python_script/tut_airflow/env_airflow/lib/python3.9/site-packages/airflow/example_dags/example_dag_decorator.py
[2023-04-15T10:53:36.004+0700] {logging_mixin.py:137} INFO - [2023-04-15T10:53:36.004+0700] {taskmixin.py:211} WARNING - Dependency <Task(_PythonDecoratedOperator): prepare_email>, send_email already registered for DAG: example_dag_decorator
[2023-04-15T10:53:36.004+0700] {logging_mixin.py:137} INFO - [2023-04-15T10:53:36.004+0700] {taskmixin.py:211} WARNING - Dependency <Task(EmailOperator): send_email>, prepare_email already registered for DAG: example_dag_decorator
[2023-04-15T10:53:36.011+0700] {processor.py:753} INFO - DAG(s) dict_keys(['example_dag_decorator']) retrieved from /home/ahyar/Documents/tut_folder/tut_python/python_script/tut_airflow/env_airflow/lib/python3.9/site-packages/airflow/example_dags/example_dag_decorator.py
[2023-04-15T10:53:36.038+0700] {logging_mixin.py:137} INFO - [2023-04-15T10:53:36.038+0700] {dag.py:2705} INFO - Sync 1 DAGs
[2023-04-15T10:53:36.048+0700] {logging_mixin.py:137} INFO - [2023-04-15T10:53:36.048+0700] {dag.py:3452} INFO - Setting next_dagrun for example_dag_decorator to None, run_after=None
[2023-04-15T10:53:36.062+0700] {processor.py:175} INFO - Processing /home/ahyar/Documents/tut_folder/tut_python/python_script/tut_airflow/env_airflow/lib/python3.9/site-packages/airflow/example_dags/example_dag_decorator.py took 0.076 seconds
[2023-04-15T10:54:20.652+0700] {processor.py:153} INFO - Started process (PID=18253) to work on /home/ahyar/Documents/tut_folder/tut_python/python_script/tut_airflow/env_airflow/lib/python3.9/site-packages/airflow/example_dags/example_dag_decorator.py
[2023-04-15T10:54:20.653+0700] {processor.py:743} INFO - Processing file /home/ahyar/Documents/tut_folder/tut_python/python_script/tut_airflow/env_airflow/lib/python3.9/site-packages/airflow/example_dags/example_dag_decorator.py for tasks to queue
[2023-04-15T10:54:20.654+0700] {logging_mixin.py:137} INFO - [2023-04-15T10:54:20.654+0700] {dagbag.py:532} INFO - Filling up the DagBag from /home/ahyar/Documents/tut_folder/tut_python/python_script/tut_airflow/env_airflow/lib/python3.9/site-packages/airflow/example_dags/example_dag_decorator.py
[2023-04-15T10:54:20.671+0700] {logging_mixin.py:137} INFO - [2023-04-15T10:54:20.671+0700] {taskmixin.py:211} WARNING - Dependency <Task(_PythonDecoratedOperator): prepare_email>, send_email already registered for DAG: example_dag_decorator
[2023-04-15T10:54:20.672+0700] {logging_mixin.py:137} INFO - [2023-04-15T10:54:20.672+0700] {taskmixin.py:211} WARNING - Dependency <Task(EmailOperator): send_email>, prepare_email already registered for DAG: example_dag_decorator
[2023-04-15T10:54:20.679+0700] {processor.py:753} INFO - DAG(s) dict_keys(['example_dag_decorator']) retrieved from /home/ahyar/Documents/tut_folder/tut_python/python_script/tut_airflow/env_airflow/lib/python3.9/site-packages/airflow/example_dags/example_dag_decorator.py
[2023-04-15T10:54:20.707+0700] {logging_mixin.py:137} INFO - [2023-04-15T10:54:20.706+0700] {dag.py:2705} INFO - Sync 1 DAGs
[2023-04-15T10:54:20.716+0700] {logging_mixin.py:137} INFO - [2023-04-15T10:54:20.716+0700] {dag.py:3452} INFO - Setting next_dagrun for example_dag_decorator to None, run_after=None
[2023-04-15T10:54:20.731+0700] {processor.py:175} INFO - Processing /home/ahyar/Documents/tut_folder/tut_python/python_script/tut_airflow/env_airflow/lib/python3.9/site-packages/airflow/example_dags/example_dag_decorator.py took 0.082 seconds
[2023-04-15T10:55:06.563+0700] {processor.py:153} INFO - Started process (PID=18326) to work on /home/ahyar/Documents/tut_folder/tut_python/python_script/tut_airflow/env_airflow/lib/python3.9/site-packages/airflow/example_dags/example_dag_decorator.py
[2023-04-15T10:55:06.564+0700] {processor.py:743} INFO - Processing file /home/ahyar/Documents/tut_folder/tut_python/python_script/tut_airflow/env_airflow/lib/python3.9/site-packages/airflow/example_dags/example_dag_decorator.py for tasks to queue
[2023-04-15T10:55:06.564+0700] {logging_mixin.py:137} INFO - [2023-04-15T10:55:06.564+0700] {dagbag.py:532} INFO - Filling up the DagBag from /home/ahyar/Documents/tut_folder/tut_python/python_script/tut_airflow/env_airflow/lib/python3.9/site-packages/airflow/example_dags/example_dag_decorator.py
[2023-04-15T10:55:06.578+0700] {logging_mixin.py:137} INFO - [2023-04-15T10:55:06.578+0700] {taskmixin.py:211} WARNING - Dependency <Task(_PythonDecoratedOperator): prepare_email>, send_email already registered for DAG: example_dag_decorator
[2023-04-15T10:55:06.578+0700] {logging_mixin.py:137} INFO - [2023-04-15T10:55:06.578+0700] {taskmixin.py:211} WARNING - Dependency <Task(EmailOperator): send_email>, prepare_email already registered for DAG: example_dag_decorator
[2023-04-15T10:55:06.591+0700] {processor.py:753} INFO - DAG(s) dict_keys(['example_dag_decorator']) retrieved from /home/ahyar/Documents/tut_folder/tut_python/python_script/tut_airflow/env_airflow/lib/python3.9/site-packages/airflow/example_dags/example_dag_decorator.py
[2023-04-15T10:55:06.642+0700] {logging_mixin.py:137} INFO - [2023-04-15T10:55:06.641+0700] {dag.py:2705} INFO - Sync 1 DAGs
[2023-04-15T10:55:06.658+0700] {logging_mixin.py:137} INFO - [2023-04-15T10:55:06.658+0700] {dag.py:3452} INFO - Setting next_dagrun for example_dag_decorator to None, run_after=None
[2023-04-15T10:55:06.676+0700] {processor.py:175} INFO - Processing /home/ahyar/Documents/tut_folder/tut_python/python_script/tut_airflow/env_airflow/lib/python3.9/site-packages/airflow/example_dags/example_dag_decorator.py took 0.115 seconds
[2023-04-15T10:55:51.566+0700] {processor.py:153} INFO - Started process (PID=18435) to work on /home/ahyar/Documents/tut_folder/tut_python/python_script/tut_airflow/env_airflow/lib/python3.9/site-packages/airflow/example_dags/example_dag_decorator.py
[2023-04-15T10:55:51.568+0700] {processor.py:743} INFO - Processing file /home/ahyar/Documents/tut_folder/tut_python/python_script/tut_airflow/env_airflow/lib/python3.9/site-packages/airflow/example_dags/example_dag_decorator.py for tasks to queue
[2023-04-15T10:55:51.569+0700] {logging_mixin.py:137} INFO - [2023-04-15T10:55:51.568+0700] {dagbag.py:532} INFO - Filling up the DagBag from /home/ahyar/Documents/tut_folder/tut_python/python_script/tut_airflow/env_airflow/lib/python3.9/site-packages/airflow/example_dags/example_dag_decorator.py
[2023-04-15T10:55:51.583+0700] {logging_mixin.py:137} INFO - [2023-04-15T10:55:51.583+0700] {taskmixin.py:211} WARNING - Dependency <Task(_PythonDecoratedOperator): prepare_email>, send_email already registered for DAG: example_dag_decorator
[2023-04-15T10:55:51.583+0700] {logging_mixin.py:137} INFO - [2023-04-15T10:55:51.583+0700] {taskmixin.py:211} WARNING - Dependency <Task(EmailOperator): send_email>, prepare_email already registered for DAG: example_dag_decorator
[2023-04-15T10:55:51.589+0700] {processor.py:753} INFO - DAG(s) dict_keys(['example_dag_decorator']) retrieved from /home/ahyar/Documents/tut_folder/tut_python/python_script/tut_airflow/env_airflow/lib/python3.9/site-packages/airflow/example_dags/example_dag_decorator.py
[2023-04-15T10:55:51.616+0700] {logging_mixin.py:137} INFO - [2023-04-15T10:55:51.615+0700] {dag.py:2705} INFO - Sync 1 DAGs
[2023-04-15T10:55:51.626+0700] {logging_mixin.py:137} INFO - [2023-04-15T10:55:51.626+0700] {dag.py:3452} INFO - Setting next_dagrun for example_dag_decorator to None, run_after=None
[2023-04-15T10:55:51.640+0700] {processor.py:175} INFO - Processing /home/ahyar/Documents/tut_folder/tut_python/python_script/tut_airflow/env_airflow/lib/python3.9/site-packages/airflow/example_dags/example_dag_decorator.py took 0.079 seconds
[2023-04-15T10:56:34.465+0700] {processor.py:153} INFO - Started process (PID=18488) to work on /home/ahyar/Documents/tut_folder/tut_python/python_script/tut_airflow/env_airflow/lib/python3.9/site-packages/airflow/example_dags/example_dag_decorator.py
[2023-04-15T10:56:34.465+0700] {processor.py:743} INFO - Processing file /home/ahyar/Documents/tut_folder/tut_python/python_script/tut_airflow/env_airflow/lib/python3.9/site-packages/airflow/example_dags/example_dag_decorator.py for tasks to queue
[2023-04-15T10:56:34.466+0700] {logging_mixin.py:137} INFO - [2023-04-15T10:56:34.465+0700] {dagbag.py:532} INFO - Filling up the DagBag from /home/ahyar/Documents/tut_folder/tut_python/python_script/tut_airflow/env_airflow/lib/python3.9/site-packages/airflow/example_dags/example_dag_decorator.py
[2023-04-15T10:56:34.476+0700] {logging_mixin.py:137} INFO - [2023-04-15T10:56:34.476+0700] {taskmixin.py:211} WARNING - Dependency <Task(_PythonDecoratedOperator): prepare_email>, send_email already registered for DAG: example_dag_decorator
[2023-04-15T10:56:34.476+0700] {logging_mixin.py:137} INFO - [2023-04-15T10:56:34.476+0700] {taskmixin.py:211} WARNING - Dependency <Task(EmailOperator): send_email>, prepare_email already registered for DAG: example_dag_decorator
[2023-04-15T10:56:34.483+0700] {processor.py:753} INFO - DAG(s) dict_keys(['example_dag_decorator']) retrieved from /home/ahyar/Documents/tut_folder/tut_python/python_script/tut_airflow/env_airflow/lib/python3.9/site-packages/airflow/example_dags/example_dag_decorator.py
[2023-04-15T10:56:34.512+0700] {logging_mixin.py:137} INFO - [2023-04-15T10:56:34.512+0700] {dag.py:2705} INFO - Sync 1 DAGs
[2023-04-15T10:56:34.522+0700] {logging_mixin.py:137} INFO - [2023-04-15T10:56:34.522+0700] {dag.py:3452} INFO - Setting next_dagrun for example_dag_decorator to None, run_after=None
[2023-04-15T10:56:34.538+0700] {processor.py:175} INFO - Processing /home/ahyar/Documents/tut_folder/tut_python/python_script/tut_airflow/env_airflow/lib/python3.9/site-packages/airflow/example_dags/example_dag_decorator.py took 0.075 seconds
[2023-04-15T10:57:17.397+0700] {processor.py:153} INFO - Started process (PID=18569) to work on /home/ahyar/Documents/tut_folder/tut_python/python_script/tut_airflow/env_airflow/lib/python3.9/site-packages/airflow/example_dags/example_dag_decorator.py
[2023-04-15T10:57:17.398+0700] {processor.py:743} INFO - Processing file /home/ahyar/Documents/tut_folder/tut_python/python_script/tut_airflow/env_airflow/lib/python3.9/site-packages/airflow/example_dags/example_dag_decorator.py for tasks to queue
[2023-04-15T10:57:17.399+0700] {logging_mixin.py:137} INFO - [2023-04-15T10:57:17.399+0700] {dagbag.py:532} INFO - Filling up the DagBag from /home/ahyar/Documents/tut_folder/tut_python/python_script/tut_airflow/env_airflow/lib/python3.9/site-packages/airflow/example_dags/example_dag_decorator.py
[2023-04-15T10:57:17.414+0700] {logging_mixin.py:137} INFO - [2023-04-15T10:57:17.414+0700] {taskmixin.py:211} WARNING - Dependency <Task(_PythonDecoratedOperator): prepare_email>, send_email already registered for DAG: example_dag_decorator
[2023-04-15T10:57:17.414+0700] {logging_mixin.py:137} INFO - [2023-04-15T10:57:17.414+0700] {taskmixin.py:211} WARNING - Dependency <Task(EmailOperator): send_email>, prepare_email already registered for DAG: example_dag_decorator
[2023-04-15T10:57:17.423+0700] {processor.py:753} INFO - DAG(s) dict_keys(['example_dag_decorator']) retrieved from /home/ahyar/Documents/tut_folder/tut_python/python_script/tut_airflow/env_airflow/lib/python3.9/site-packages/airflow/example_dags/example_dag_decorator.py
[2023-04-15T10:57:17.463+0700] {logging_mixin.py:137} INFO - [2023-04-15T10:57:17.463+0700] {dag.py:2705} INFO - Sync 1 DAGs
[2023-04-15T10:57:17.476+0700] {logging_mixin.py:137} INFO - [2023-04-15T10:57:17.476+0700] {dag.py:3452} INFO - Setting next_dagrun for example_dag_decorator to None, run_after=None
[2023-04-15T10:57:17.495+0700] {processor.py:175} INFO - Processing /home/ahyar/Documents/tut_folder/tut_python/python_script/tut_airflow/env_airflow/lib/python3.9/site-packages/airflow/example_dags/example_dag_decorator.py took 0.100 seconds
[2023-04-15T10:58:02.443+0700] {processor.py:153} INFO - Started process (PID=18641) to work on /home/ahyar/Documents/tut_folder/tut_python/python_script/tut_airflow/env_airflow/lib/python3.9/site-packages/airflow/example_dags/example_dag_decorator.py
[2023-04-15T10:58:02.444+0700] {processor.py:743} INFO - Processing file /home/ahyar/Documents/tut_folder/tut_python/python_script/tut_airflow/env_airflow/lib/python3.9/site-packages/airflow/example_dags/example_dag_decorator.py for tasks to queue
[2023-04-15T10:58:02.445+0700] {logging_mixin.py:137} INFO - [2023-04-15T10:58:02.445+0700] {dagbag.py:532} INFO - Filling up the DagBag from /home/ahyar/Documents/tut_folder/tut_python/python_script/tut_airflow/env_airflow/lib/python3.9/site-packages/airflow/example_dags/example_dag_decorator.py
[2023-04-15T10:58:02.462+0700] {logging_mixin.py:137} INFO - [2023-04-15T10:58:02.462+0700] {taskmixin.py:211} WARNING - Dependency <Task(_PythonDecoratedOperator): prepare_email>, send_email already registered for DAG: example_dag_decorator
[2023-04-15T10:58:02.463+0700] {logging_mixin.py:137} INFO - [2023-04-15T10:58:02.463+0700] {taskmixin.py:211} WARNING - Dependency <Task(EmailOperator): send_email>, prepare_email already registered for DAG: example_dag_decorator
[2023-04-15T10:58:02.473+0700] {processor.py:753} INFO - DAG(s) dict_keys(['example_dag_decorator']) retrieved from /home/ahyar/Documents/tut_folder/tut_python/python_script/tut_airflow/env_airflow/lib/python3.9/site-packages/airflow/example_dags/example_dag_decorator.py
[2023-04-15T10:58:02.526+0700] {logging_mixin.py:137} INFO - [2023-04-15T10:58:02.526+0700] {dag.py:2705} INFO - Sync 1 DAGs
[2023-04-15T10:58:02.554+0700] {logging_mixin.py:137} INFO - [2023-04-15T10:58:02.553+0700] {dag.py:3452} INFO - Setting next_dagrun for example_dag_decorator to None, run_after=None
[2023-04-15T10:58:02.614+0700] {processor.py:175} INFO - Processing /home/ahyar/Documents/tut_folder/tut_python/python_script/tut_airflow/env_airflow/lib/python3.9/site-packages/airflow/example_dags/example_dag_decorator.py took 0.177 seconds
[2023-04-15T10:58:50.532+0700] {processor.py:153} INFO - Started process (PID=18794) to work on /home/ahyar/Documents/tut_folder/tut_python/python_script/tut_airflow/env_airflow/lib/python3.9/site-packages/airflow/example_dags/example_dag_decorator.py
[2023-04-15T10:58:50.533+0700] {processor.py:743} INFO - Processing file /home/ahyar/Documents/tut_folder/tut_python/python_script/tut_airflow/env_airflow/lib/python3.9/site-packages/airflow/example_dags/example_dag_decorator.py for tasks to queue
[2023-04-15T10:58:50.535+0700] {logging_mixin.py:137} INFO - [2023-04-15T10:58:50.534+0700] {dagbag.py:532} INFO - Filling up the DagBag from /home/ahyar/Documents/tut_folder/tut_python/python_script/tut_airflow/env_airflow/lib/python3.9/site-packages/airflow/example_dags/example_dag_decorator.py
[2023-04-15T10:58:50.556+0700] {logging_mixin.py:137} INFO - [2023-04-15T10:58:50.556+0700] {taskmixin.py:211} WARNING - Dependency <Task(_PythonDecoratedOperator): prepare_email>, send_email already registered for DAG: example_dag_decorator
[2023-04-15T10:58:50.557+0700] {logging_mixin.py:137} INFO - [2023-04-15T10:58:50.557+0700] {taskmixin.py:211} WARNING - Dependency <Task(EmailOperator): send_email>, prepare_email already registered for DAG: example_dag_decorator
[2023-04-15T10:58:50.573+0700] {processor.py:753} INFO - DAG(s) dict_keys(['example_dag_decorator']) retrieved from /home/ahyar/Documents/tut_folder/tut_python/python_script/tut_airflow/env_airflow/lib/python3.9/site-packages/airflow/example_dags/example_dag_decorator.py
[2023-04-15T10:58:50.622+0700] {logging_mixin.py:137} INFO - [2023-04-15T10:58:50.621+0700] {dag.py:2705} INFO - Sync 1 DAGs
[2023-04-15T10:58:50.636+0700] {logging_mixin.py:137} INFO - [2023-04-15T10:58:50.636+0700] {dag.py:3452} INFO - Setting next_dagrun for example_dag_decorator to None, run_after=None
[2023-04-15T10:58:50.806+0700] {processor.py:175} INFO - Processing /home/ahyar/Documents/tut_folder/tut_python/python_script/tut_airflow/env_airflow/lib/python3.9/site-packages/airflow/example_dags/example_dag_decorator.py took 0.279 seconds
[2023-04-15T11:01:47.200+0700] {processor.py:153} INFO - Started process (PID=20628) to work on /home/ahyar/Documents/tut_folder/tut_python/python_script/tut_airflow/env_airflow/lib/python3.9/site-packages/airflow/example_dags/example_dag_decorator.py
[2023-04-15T11:01:47.200+0700] {processor.py:743} INFO - Processing file /home/ahyar/Documents/tut_folder/tut_python/python_script/tut_airflow/env_airflow/lib/python3.9/site-packages/airflow/example_dags/example_dag_decorator.py for tasks to queue
[2023-04-15T11:01:47.201+0700] {logging_mixin.py:137} INFO - [2023-04-15T11:01:47.201+0700] {dagbag.py:532} INFO - Filling up the DagBag from /home/ahyar/Documents/tut_folder/tut_python/python_script/tut_airflow/env_airflow/lib/python3.9/site-packages/airflow/example_dags/example_dag_decorator.py
[2023-04-15T11:01:47.220+0700] {logging_mixin.py:137} INFO - [2023-04-15T11:01:47.220+0700] {taskmixin.py:211} WARNING - Dependency <Task(_PythonDecoratedOperator): prepare_email>, send_email already registered for DAG: example_dag_decorator
[2023-04-15T11:01:47.221+0700] {logging_mixin.py:137} INFO - [2023-04-15T11:01:47.220+0700] {taskmixin.py:211} WARNING - Dependency <Task(EmailOperator): send_email>, prepare_email already registered for DAG: example_dag_decorator
[2023-04-15T11:01:47.232+0700] {processor.py:753} INFO - DAG(s) dict_keys(['example_dag_decorator']) retrieved from /home/ahyar/Documents/tut_folder/tut_python/python_script/tut_airflow/env_airflow/lib/python3.9/site-packages/airflow/example_dags/example_dag_decorator.py
[2023-04-15T11:01:47.277+0700] {logging_mixin.py:137} INFO - [2023-04-15T11:01:47.277+0700] {dag.py:2705} INFO - Sync 1 DAGs
[2023-04-15T11:01:47.487+0700] {logging_mixin.py:137} INFO - [2023-04-15T11:01:47.487+0700] {dag.py:3452} INFO - Setting next_dagrun for example_dag_decorator to None, run_after=None
[2023-04-15T11:01:47.504+0700] {processor.py:175} INFO - Processing /home/ahyar/Documents/tut_folder/tut_python/python_script/tut_airflow/env_airflow/lib/python3.9/site-packages/airflow/example_dags/example_dag_decorator.py took 0.308 seconds
[2023-04-15T11:04:54.741+0700] {processor.py:153} INFO - Started process (PID=22922) to work on /home/ahyar/Documents/tut_folder/tut_python/python_script/tut_airflow/env_airflow/lib/python3.9/site-packages/airflow/example_dags/example_dag_decorator.py
[2023-04-15T11:04:54.742+0700] {processor.py:743} INFO - Processing file /home/ahyar/Documents/tut_folder/tut_python/python_script/tut_airflow/env_airflow/lib/python3.9/site-packages/airflow/example_dags/example_dag_decorator.py for tasks to queue
[2023-04-15T11:04:54.742+0700] {logging_mixin.py:137} INFO - [2023-04-15T11:04:54.742+0700] {dagbag.py:532} INFO - Filling up the DagBag from /home/ahyar/Documents/tut_folder/tut_python/python_script/tut_airflow/env_airflow/lib/python3.9/site-packages/airflow/example_dags/example_dag_decorator.py
[2023-04-15T11:04:54.756+0700] {logging_mixin.py:137} INFO - [2023-04-15T11:04:54.756+0700] {taskmixin.py:211} WARNING - Dependency <Task(_PythonDecoratedOperator): prepare_email>, send_email already registered for DAG: example_dag_decorator
[2023-04-15T11:04:54.756+0700] {logging_mixin.py:137} INFO - [2023-04-15T11:04:54.756+0700] {taskmixin.py:211} WARNING - Dependency <Task(EmailOperator): send_email>, prepare_email already registered for DAG: example_dag_decorator
[2023-04-15T11:04:54.764+0700] {processor.py:753} INFO - DAG(s) dict_keys(['example_dag_decorator']) retrieved from /home/ahyar/Documents/tut_folder/tut_python/python_script/tut_airflow/env_airflow/lib/python3.9/site-packages/airflow/example_dags/example_dag_decorator.py
[2023-04-15T11:04:54.869+0700] {logging_mixin.py:137} INFO - [2023-04-15T11:04:54.869+0700] {dag.py:2705} INFO - Sync 1 DAGs
[2023-04-15T11:04:54.881+0700] {logging_mixin.py:137} INFO - [2023-04-15T11:04:54.880+0700] {dag.py:3452} INFO - Setting next_dagrun for example_dag_decorator to None, run_after=None
[2023-04-15T11:04:54.895+0700] {processor.py:175} INFO - Processing /home/ahyar/Documents/tut_folder/tut_python/python_script/tut_airflow/env_airflow/lib/python3.9/site-packages/airflow/example_dags/example_dag_decorator.py took 0.158 seconds
