[2023-04-15T10:46:41.566+0700] {processor.py:153} INFO - Started process (PID=16377) to work on /home/ahyar/Documents/tut_folder/tut_python/python_script/tut_airflow/env_airflow/lib/python3.9/site-packages/airflow/example_dags/example_trigger_controller_dag.py
[2023-04-15T10:46:41.567+0700] {processor.py:743} INFO - Processing file /home/ahyar/Documents/tut_folder/tut_python/python_script/tut_airflow/env_airflow/lib/python3.9/site-packages/airflow/example_dags/example_trigger_controller_dag.py for tasks to queue
[2023-04-15T10:46:41.568+0700] {logging_mixin.py:137} INFO - [2023-04-15T10:46:41.568+0700] {dagbag.py:532} INFO - Filling up the DagBag from /home/ahyar/Documents/tut_folder/tut_python/python_script/tut_airflow/env_airflow/lib/python3.9/site-packages/airflow/example_dags/example_trigger_controller_dag.py
[2023-04-15T10:46:41.579+0700] {processor.py:753} INFO - DAG(s) dict_keys(['example_trigger_controller_dag']) retrieved from /home/ahyar/Documents/tut_folder/tut_python/python_script/tut_airflow/env_airflow/lib/python3.9/site-packages/airflow/example_dags/example_trigger_controller_dag.py
[2023-04-15T10:46:41.639+0700] {logging_mixin.py:137} INFO - [2023-04-15T10:46:41.639+0700] {manager.py:504} INFO - Created Permission View: can read on DAG:example_trigger_controller_dag
[2023-04-15T10:46:41.649+0700] {logging_mixin.py:137} INFO - [2023-04-15T10:46:41.648+0700] {manager.py:504} INFO - Created Permission View: can edit on DAG:example_trigger_controller_dag
[2023-04-15T10:46:41.658+0700] {logging_mixin.py:137} INFO - [2023-04-15T10:46:41.658+0700] {manager.py:504} INFO - Created Permission View: can delete on DAG:example_trigger_controller_dag
[2023-04-15T10:46:41.658+0700] {logging_mixin.py:137} INFO - [2023-04-15T10:46:41.658+0700] {dag.py:2705} INFO - Sync 1 DAGs
[2023-04-15T10:46:41.666+0700] {logging_mixin.py:137} INFO - [2023-04-15T10:46:41.666+0700] {dag.py:2726} INFO - Creating ORM DAG for example_trigger_controller_dag
[2023-04-15T10:46:41.671+0700] {logging_mixin.py:137} INFO - [2023-04-15T10:46:41.671+0700] {dag.py:3452} INFO - Setting next_dagrun for example_trigger_controller_dag to 2021-01-01T00:00:00+00:00, run_after=2021-01-01T00:00:00+00:00
[2023-04-15T10:46:41.686+0700] {processor.py:175} INFO - Processing /home/ahyar/Documents/tut_folder/tut_python/python_script/tut_airflow/env_airflow/lib/python3.9/site-packages/airflow/example_dags/example_trigger_controller_dag.py took 0.124 seconds
[2023-04-15T10:47:25.531+0700] {processor.py:153} INFO - Started process (PID=16597) to work on /home/ahyar/Documents/tut_folder/tut_python/python_script/tut_airflow/env_airflow/lib/python3.9/site-packages/airflow/example_dags/example_trigger_controller_dag.py
[2023-04-15T10:47:25.533+0700] {processor.py:743} INFO - Processing file /home/ahyar/Documents/tut_folder/tut_python/python_script/tut_airflow/env_airflow/lib/python3.9/site-packages/airflow/example_dags/example_trigger_controller_dag.py for tasks to queue
[2023-04-15T10:47:25.534+0700] {logging_mixin.py:137} INFO - [2023-04-15T10:47:25.533+0700] {dagbag.py:532} INFO - Filling up the DagBag from /home/ahyar/Documents/tut_folder/tut_python/python_script/tut_airflow/env_airflow/lib/python3.9/site-packages/airflow/example_dags/example_trigger_controller_dag.py
[2023-04-15T10:47:25.541+0700] {processor.py:753} INFO - DAG(s) dict_keys(['example_trigger_controller_dag']) retrieved from /home/ahyar/Documents/tut_folder/tut_python/python_script/tut_airflow/env_airflow/lib/python3.9/site-packages/airflow/example_dags/example_trigger_controller_dag.py
[2023-04-15T10:47:25.551+0700] {logging_mixin.py:137} INFO - [2023-04-15T10:47:25.551+0700] {dag.py:2705} INFO - Sync 1 DAGs
[2023-04-15T10:47:25.562+0700] {logging_mixin.py:137} INFO - [2023-04-15T10:47:25.562+0700] {dag.py:3452} INFO - Setting next_dagrun for example_trigger_controller_dag to 2021-01-01T00:00:00+00:00, run_after=2021-01-01T00:00:00+00:00
[2023-04-15T10:47:25.575+0700] {processor.py:175} INFO - Processing /home/ahyar/Documents/tut_folder/tut_python/python_script/tut_airflow/env_airflow/lib/python3.9/site-packages/airflow/example_dags/example_trigger_controller_dag.py took 0.046 seconds
[2023-04-15T10:48:38.042+0700] {processor.py:153} INFO - Started process (PID=17064) to work on /home/ahyar/Documents/tut_folder/tut_python/python_script/tut_airflow/env_airflow/lib/python3.9/site-packages/airflow/example_dags/example_trigger_controller_dag.py
[2023-04-15T10:48:38.043+0700] {processor.py:743} INFO - Processing file /home/ahyar/Documents/tut_folder/tut_python/python_script/tut_airflow/env_airflow/lib/python3.9/site-packages/airflow/example_dags/example_trigger_controller_dag.py for tasks to queue
[2023-04-15T10:48:38.044+0700] {logging_mixin.py:137} INFO - [2023-04-15T10:48:38.043+0700] {dagbag.py:532} INFO - Filling up the DagBag from /home/ahyar/Documents/tut_folder/tut_python/python_script/tut_airflow/env_airflow/lib/python3.9/site-packages/airflow/example_dags/example_trigger_controller_dag.py
[2023-04-15T10:48:38.054+0700] {processor.py:753} INFO - DAG(s) dict_keys(['example_trigger_controller_dag']) retrieved from /home/ahyar/Documents/tut_folder/tut_python/python_script/tut_airflow/env_airflow/lib/python3.9/site-packages/airflow/example_dags/example_trigger_controller_dag.py
[2023-04-15T10:48:38.064+0700] {logging_mixin.py:137} INFO - [2023-04-15T10:48:38.064+0700] {dag.py:2705} INFO - Sync 1 DAGs
[2023-04-15T10:48:38.074+0700] {logging_mixin.py:137} INFO - [2023-04-15T10:48:38.074+0700] {dag.py:3452} INFO - Setting next_dagrun for example_trigger_controller_dag to 2021-01-01T00:00:00+00:00, run_after=2021-01-01T00:00:00+00:00
[2023-04-15T10:48:38.088+0700] {processor.py:175} INFO - Processing /home/ahyar/Documents/tut_folder/tut_python/python_script/tut_airflow/env_airflow/lib/python3.9/site-packages/airflow/example_dags/example_trigger_controller_dag.py took 0.048 seconds
[2023-04-15T10:49:22.431+0700] {processor.py:153} INFO - Started process (PID=17451) to work on /home/ahyar/Documents/tut_folder/tut_python/python_script/tut_airflow/env_airflow/lib/python3.9/site-packages/airflow/example_dags/example_trigger_controller_dag.py
[2023-04-15T10:49:22.433+0700] {processor.py:743} INFO - Processing file /home/ahyar/Documents/tut_folder/tut_python/python_script/tut_airflow/env_airflow/lib/python3.9/site-packages/airflow/example_dags/example_trigger_controller_dag.py for tasks to queue
[2023-04-15T10:49:22.434+0700] {logging_mixin.py:137} INFO - [2023-04-15T10:49:22.434+0700] {dagbag.py:532} INFO - Filling up the DagBag from /home/ahyar/Documents/tut_folder/tut_python/python_script/tut_airflow/env_airflow/lib/python3.9/site-packages/airflow/example_dags/example_trigger_controller_dag.py
[2023-04-15T10:49:22.463+0700] {processor.py:753} INFO - DAG(s) dict_keys(['example_trigger_controller_dag']) retrieved from /home/ahyar/Documents/tut_folder/tut_python/python_script/tut_airflow/env_airflow/lib/python3.9/site-packages/airflow/example_dags/example_trigger_controller_dag.py
[2023-04-15T10:49:22.515+0700] {logging_mixin.py:137} INFO - [2023-04-15T10:49:22.515+0700] {dag.py:2705} INFO - Sync 1 DAGs
[2023-04-15T10:49:22.588+0700] {logging_mixin.py:137} INFO - [2023-04-15T10:49:22.586+0700] {dag.py:3452} INFO - Setting next_dagrun for example_trigger_controller_dag to 2021-01-01T00:00:00+00:00, run_after=2021-01-01T00:00:00+00:00
[2023-04-15T10:49:22.651+0700] {processor.py:175} INFO - Processing /home/ahyar/Documents/tut_folder/tut_python/python_script/tut_airflow/env_airflow/lib/python3.9/site-packages/airflow/example_dags/example_trigger_controller_dag.py took 0.228 seconds
[2023-04-15T10:50:09.667+0700] {processor.py:153} INFO - Started process (PID=17651) to work on /home/ahyar/Documents/tut_folder/tut_python/python_script/tut_airflow/env_airflow/lib/python3.9/site-packages/airflow/example_dags/example_trigger_controller_dag.py
[2023-04-15T10:50:09.668+0700] {processor.py:743} INFO - Processing file /home/ahyar/Documents/tut_folder/tut_python/python_script/tut_airflow/env_airflow/lib/python3.9/site-packages/airflow/example_dags/example_trigger_controller_dag.py for tasks to queue
[2023-04-15T10:50:09.668+0700] {logging_mixin.py:137} INFO - [2023-04-15T10:50:09.668+0700] {dagbag.py:532} INFO - Filling up the DagBag from /home/ahyar/Documents/tut_folder/tut_python/python_script/tut_airflow/env_airflow/lib/python3.9/site-packages/airflow/example_dags/example_trigger_controller_dag.py
[2023-04-15T10:50:09.676+0700] {processor.py:753} INFO - DAG(s) dict_keys(['example_trigger_controller_dag']) retrieved from /home/ahyar/Documents/tut_folder/tut_python/python_script/tut_airflow/env_airflow/lib/python3.9/site-packages/airflow/example_dags/example_trigger_controller_dag.py
[2023-04-15T10:50:09.697+0700] {logging_mixin.py:137} INFO - [2023-04-15T10:50:09.697+0700] {dag.py:2705} INFO - Sync 1 DAGs
[2023-04-15T10:50:09.713+0700] {logging_mixin.py:137} INFO - [2023-04-15T10:50:09.712+0700] {dag.py:3452} INFO - Setting next_dagrun for example_trigger_controller_dag to 2021-01-01T00:00:00+00:00, run_after=2021-01-01T00:00:00+00:00
[2023-04-15T10:50:09.728+0700] {processor.py:175} INFO - Processing /home/ahyar/Documents/tut_folder/tut_python/python_script/tut_airflow/env_airflow/lib/python3.9/site-packages/airflow/example_dags/example_trigger_controller_dag.py took 0.063 seconds
[2023-04-15T10:50:51.320+0700] {processor.py:153} INFO - Started process (PID=17760) to work on /home/ahyar/Documents/tut_folder/tut_python/python_script/tut_airflow/env_airflow/lib/python3.9/site-packages/airflow/example_dags/example_trigger_controller_dag.py
[2023-04-15T10:50:51.321+0700] {processor.py:743} INFO - Processing file /home/ahyar/Documents/tut_folder/tut_python/python_script/tut_airflow/env_airflow/lib/python3.9/site-packages/airflow/example_dags/example_trigger_controller_dag.py for tasks to queue
[2023-04-15T10:50:51.321+0700] {logging_mixin.py:137} INFO - [2023-04-15T10:50:51.321+0700] {dagbag.py:532} INFO - Filling up the DagBag from /home/ahyar/Documents/tut_folder/tut_python/python_script/tut_airflow/env_airflow/lib/python3.9/site-packages/airflow/example_dags/example_trigger_controller_dag.py
[2023-04-15T10:50:51.328+0700] {processor.py:753} INFO - DAG(s) dict_keys(['example_trigger_controller_dag']) retrieved from /home/ahyar/Documents/tut_folder/tut_python/python_script/tut_airflow/env_airflow/lib/python3.9/site-packages/airflow/example_dags/example_trigger_controller_dag.py
[2023-04-15T10:50:51.339+0700] {logging_mixin.py:137} INFO - [2023-04-15T10:50:51.339+0700] {dag.py:2705} INFO - Sync 1 DAGs
[2023-04-15T10:50:51.351+0700] {logging_mixin.py:137} INFO - [2023-04-15T10:50:51.351+0700] {dag.py:3452} INFO - Setting next_dagrun for example_trigger_controller_dag to 2021-01-01T00:00:00+00:00, run_after=2021-01-01T00:00:00+00:00
[2023-04-15T10:50:51.365+0700] {processor.py:175} INFO - Processing /home/ahyar/Documents/tut_folder/tut_python/python_script/tut_airflow/env_airflow/lib/python3.9/site-packages/airflow/example_dags/example_trigger_controller_dag.py took 0.047 seconds
[2023-04-15T10:51:32.528+0700] {processor.py:153} INFO - Started process (PID=17844) to work on /home/ahyar/Documents/tut_folder/tut_python/python_script/tut_airflow/env_airflow/lib/python3.9/site-packages/airflow/example_dags/example_trigger_controller_dag.py
[2023-04-15T10:51:32.644+0700] {processor.py:743} INFO - Processing file /home/ahyar/Documents/tut_folder/tut_python/python_script/tut_airflow/env_airflow/lib/python3.9/site-packages/airflow/example_dags/example_trigger_controller_dag.py for tasks to queue
[2023-04-15T10:51:32.656+0700] {logging_mixin.py:137} INFO - [2023-04-15T10:51:32.656+0700] {dagbag.py:532} INFO - Filling up the DagBag from /home/ahyar/Documents/tut_folder/tut_python/python_script/tut_airflow/env_airflow/lib/python3.9/site-packages/airflow/example_dags/example_trigger_controller_dag.py
[2023-04-15T10:51:32.672+0700] {processor.py:753} INFO - DAG(s) dict_keys(['example_trigger_controller_dag']) retrieved from /home/ahyar/Documents/tut_folder/tut_python/python_script/tut_airflow/env_airflow/lib/python3.9/site-packages/airflow/example_dags/example_trigger_controller_dag.py
[2023-04-15T10:51:32.686+0700] {logging_mixin.py:137} INFO - [2023-04-15T10:51:32.686+0700] {dag.py:2705} INFO - Sync 1 DAGs
[2023-04-15T10:51:32.696+0700] {logging_mixin.py:137} INFO - [2023-04-15T10:51:32.696+0700] {dag.py:3452} INFO - Setting next_dagrun for example_trigger_controller_dag to 2021-01-01T00:00:00+00:00, run_after=2021-01-01T00:00:00+00:00
[2023-04-15T10:51:33.717+0700] {processor.py:175} INFO - Processing /home/ahyar/Documents/tut_folder/tut_python/python_script/tut_airflow/env_airflow/lib/python3.9/site-packages/airflow/example_dags/example_trigger_controller_dag.py took 1.193 seconds
[2023-04-15T10:52:19.282+0700] {processor.py:153} INFO - Started process (PID=17916) to work on /home/ahyar/Documents/tut_folder/tut_python/python_script/tut_airflow/env_airflow/lib/python3.9/site-packages/airflow/example_dags/example_trigger_controller_dag.py
[2023-04-15T10:52:19.286+0700] {processor.py:743} INFO - Processing file /home/ahyar/Documents/tut_folder/tut_python/python_script/tut_airflow/env_airflow/lib/python3.9/site-packages/airflow/example_dags/example_trigger_controller_dag.py for tasks to queue
[2023-04-15T10:52:19.290+0700] {logging_mixin.py:137} INFO - [2023-04-15T10:52:19.289+0700] {dagbag.py:532} INFO - Filling up the DagBag from /home/ahyar/Documents/tut_folder/tut_python/python_script/tut_airflow/env_airflow/lib/python3.9/site-packages/airflow/example_dags/example_trigger_controller_dag.py
[2023-04-15T10:52:19.332+0700] {processor.py:753} INFO - DAG(s) dict_keys(['example_trigger_controller_dag']) retrieved from /home/ahyar/Documents/tut_folder/tut_python/python_script/tut_airflow/env_airflow/lib/python3.9/site-packages/airflow/example_dags/example_trigger_controller_dag.py
[2023-04-15T10:52:19.392+0700] {logging_mixin.py:137} INFO - [2023-04-15T10:52:19.392+0700] {dag.py:2705} INFO - Sync 1 DAGs
[2023-04-15T10:52:19.460+0700] {logging_mixin.py:137} INFO - [2023-04-15T10:52:19.460+0700] {dag.py:3452} INFO - Setting next_dagrun for example_trigger_controller_dag to 2021-01-01T00:00:00+00:00, run_after=2021-01-01T00:00:00+00:00
[2023-04-15T10:52:19.541+0700] {processor.py:175} INFO - Processing /home/ahyar/Documents/tut_folder/tut_python/python_script/tut_airflow/env_airflow/lib/python3.9/site-packages/airflow/example_dags/example_trigger_controller_dag.py took 0.269 seconds
[2023-04-15T10:53:06.543+0700] {processor.py:153} INFO - Started process (PID=18092) to work on /home/ahyar/Documents/tut_folder/tut_python/python_script/tut_airflow/env_airflow/lib/python3.9/site-packages/airflow/example_dags/example_trigger_controller_dag.py
[2023-04-15T10:53:06.546+0700] {processor.py:743} INFO - Processing file /home/ahyar/Documents/tut_folder/tut_python/python_script/tut_airflow/env_airflow/lib/python3.9/site-packages/airflow/example_dags/example_trigger_controller_dag.py for tasks to queue
[2023-04-15T10:53:06.547+0700] {logging_mixin.py:137} INFO - [2023-04-15T10:53:06.546+0700] {dagbag.py:532} INFO - Filling up the DagBag from /home/ahyar/Documents/tut_folder/tut_python/python_script/tut_airflow/env_airflow/lib/python3.9/site-packages/airflow/example_dags/example_trigger_controller_dag.py
[2023-04-15T10:53:06.560+0700] {processor.py:753} INFO - DAG(s) dict_keys(['example_trigger_controller_dag']) retrieved from /home/ahyar/Documents/tut_folder/tut_python/python_script/tut_airflow/env_airflow/lib/python3.9/site-packages/airflow/example_dags/example_trigger_controller_dag.py
[2023-04-15T10:53:06.585+0700] {logging_mixin.py:137} INFO - [2023-04-15T10:53:06.585+0700] {dag.py:2705} INFO - Sync 1 DAGs
[2023-04-15T10:53:06.614+0700] {logging_mixin.py:137} INFO - [2023-04-15T10:53:06.614+0700] {dag.py:3452} INFO - Setting next_dagrun for example_trigger_controller_dag to 2021-01-01T00:00:00+00:00, run_after=2021-01-01T00:00:00+00:00
[2023-04-15T10:53:06.646+0700] {processor.py:175} INFO - Processing /home/ahyar/Documents/tut_folder/tut_python/python_script/tut_airflow/env_airflow/lib/python3.9/site-packages/airflow/example_dags/example_trigger_controller_dag.py took 0.110 seconds
[2023-04-15T10:53:52.388+0700] {processor.py:153} INFO - Started process (PID=18187) to work on /home/ahyar/Documents/tut_folder/tut_python/python_script/tut_airflow/env_airflow/lib/python3.9/site-packages/airflow/example_dags/example_trigger_controller_dag.py
[2023-04-15T10:53:52.766+0700] {processor.py:743} INFO - Processing file /home/ahyar/Documents/tut_folder/tut_python/python_script/tut_airflow/env_airflow/lib/python3.9/site-packages/airflow/example_dags/example_trigger_controller_dag.py for tasks to queue
[2023-04-15T10:53:52.767+0700] {logging_mixin.py:137} INFO - [2023-04-15T10:53:52.767+0700] {dagbag.py:532} INFO - Filling up the DagBag from /home/ahyar/Documents/tut_folder/tut_python/python_script/tut_airflow/env_airflow/lib/python3.9/site-packages/airflow/example_dags/example_trigger_controller_dag.py
[2023-04-15T10:53:52.783+0700] {processor.py:753} INFO - DAG(s) dict_keys(['example_trigger_controller_dag']) retrieved from /home/ahyar/Documents/tut_folder/tut_python/python_script/tut_airflow/env_airflow/lib/python3.9/site-packages/airflow/example_dags/example_trigger_controller_dag.py
[2023-04-15T10:53:52.795+0700] {logging_mixin.py:137} INFO - [2023-04-15T10:53:52.795+0700] {dag.py:2705} INFO - Sync 1 DAGs
[2023-04-15T10:53:52.806+0700] {logging_mixin.py:137} INFO - [2023-04-15T10:53:52.806+0700] {dag.py:3452} INFO - Setting next_dagrun for example_trigger_controller_dag to 2021-01-01T00:00:00+00:00, run_after=2021-01-01T00:00:00+00:00
[2023-04-15T10:53:52.904+0700] {processor.py:175} INFO - Processing /home/ahyar/Documents/tut_folder/tut_python/python_script/tut_airflow/env_airflow/lib/python3.9/site-packages/airflow/example_dags/example_trigger_controller_dag.py took 0.519 seconds
[2023-04-15T10:54:35.429+0700] {processor.py:153} INFO - Started process (PID=18271) to work on /home/ahyar/Documents/tut_folder/tut_python/python_script/tut_airflow/env_airflow/lib/python3.9/site-packages/airflow/example_dags/example_trigger_controller_dag.py
[2023-04-15T10:54:35.430+0700] {processor.py:743} INFO - Processing file /home/ahyar/Documents/tut_folder/tut_python/python_script/tut_airflow/env_airflow/lib/python3.9/site-packages/airflow/example_dags/example_trigger_controller_dag.py for tasks to queue
[2023-04-15T10:54:35.430+0700] {logging_mixin.py:137} INFO - [2023-04-15T10:54:35.430+0700] {dagbag.py:532} INFO - Filling up the DagBag from /home/ahyar/Documents/tut_folder/tut_python/python_script/tut_airflow/env_airflow/lib/python3.9/site-packages/airflow/example_dags/example_trigger_controller_dag.py
[2023-04-15T10:54:35.445+0700] {processor.py:753} INFO - DAG(s) dict_keys(['example_trigger_controller_dag']) retrieved from /home/ahyar/Documents/tut_folder/tut_python/python_script/tut_airflow/env_airflow/lib/python3.9/site-packages/airflow/example_dags/example_trigger_controller_dag.py
[2023-04-15T10:54:35.482+0700] {logging_mixin.py:137} INFO - [2023-04-15T10:54:35.477+0700] {dag.py:2705} INFO - Sync 1 DAGs
[2023-04-15T10:54:35.506+0700] {logging_mixin.py:137} INFO - [2023-04-15T10:54:35.506+0700] {dag.py:3452} INFO - Setting next_dagrun for example_trigger_controller_dag to 2021-01-01T00:00:00+00:00, run_after=2021-01-01T00:00:00+00:00
[2023-04-15T10:54:35.531+0700] {processor.py:175} INFO - Processing /home/ahyar/Documents/tut_folder/tut_python/python_script/tut_airflow/env_airflow/lib/python3.9/site-packages/airflow/example_dags/example_trigger_controller_dag.py took 0.104 seconds
[2023-04-15T10:55:20.800+0700] {processor.py:153} INFO - Started process (PID=18340) to work on /home/ahyar/Documents/tut_folder/tut_python/python_script/tut_airflow/env_airflow/lib/python3.9/site-packages/airflow/example_dags/example_trigger_controller_dag.py
[2023-04-15T10:55:20.803+0700] {processor.py:743} INFO - Processing file /home/ahyar/Documents/tut_folder/tut_python/python_script/tut_airflow/env_airflow/lib/python3.9/site-packages/airflow/example_dags/example_trigger_controller_dag.py for tasks to queue
[2023-04-15T10:55:20.804+0700] {logging_mixin.py:137} INFO - [2023-04-15T10:55:20.804+0700] {dagbag.py:532} INFO - Filling up the DagBag from /home/ahyar/Documents/tut_folder/tut_python/python_script/tut_airflow/env_airflow/lib/python3.9/site-packages/airflow/example_dags/example_trigger_controller_dag.py
[2023-04-15T10:55:20.822+0700] {processor.py:753} INFO - DAG(s) dict_keys(['example_trigger_controller_dag']) retrieved from /home/ahyar/Documents/tut_folder/tut_python/python_script/tut_airflow/env_airflow/lib/python3.9/site-packages/airflow/example_dags/example_trigger_controller_dag.py
[2023-04-15T10:55:20.849+0700] {logging_mixin.py:137} INFO - [2023-04-15T10:55:20.849+0700] {dag.py:2705} INFO - Sync 1 DAGs
[2023-04-15T10:55:20.871+0700] {logging_mixin.py:137} INFO - [2023-04-15T10:55:20.870+0700] {dag.py:3452} INFO - Setting next_dagrun for example_trigger_controller_dag to 2021-01-01T00:00:00+00:00, run_after=2021-01-01T00:00:00+00:00
[2023-04-15T10:55:20.914+0700] {processor.py:175} INFO - Processing /home/ahyar/Documents/tut_folder/tut_python/python_script/tut_airflow/env_airflow/lib/python3.9/site-packages/airflow/example_dags/example_trigger_controller_dag.py took 0.118 seconds
[2023-04-15T10:56:06.207+0700] {processor.py:153} INFO - Started process (PID=18452) to work on /home/ahyar/Documents/tut_folder/tut_python/python_script/tut_airflow/env_airflow/lib/python3.9/site-packages/airflow/example_dags/example_trigger_controller_dag.py
[2023-04-15T10:56:06.548+0700] {processor.py:743} INFO - Processing file /home/ahyar/Documents/tut_folder/tut_python/python_script/tut_airflow/env_airflow/lib/python3.9/site-packages/airflow/example_dags/example_trigger_controller_dag.py for tasks to queue
[2023-04-15T10:56:06.556+0700] {logging_mixin.py:137} INFO - [2023-04-15T10:56:06.555+0700] {dagbag.py:532} INFO - Filling up the DagBag from /home/ahyar/Documents/tut_folder/tut_python/python_script/tut_airflow/env_airflow/lib/python3.9/site-packages/airflow/example_dags/example_trigger_controller_dag.py
[2023-04-15T10:56:06.572+0700] {processor.py:753} INFO - DAG(s) dict_keys(['example_trigger_controller_dag']) retrieved from /home/ahyar/Documents/tut_folder/tut_python/python_script/tut_airflow/env_airflow/lib/python3.9/site-packages/airflow/example_dags/example_trigger_controller_dag.py
[2023-04-15T10:56:06.595+0700] {logging_mixin.py:137} INFO - [2023-04-15T10:56:06.595+0700] {dag.py:2705} INFO - Sync 1 DAGs
[2023-04-15T10:56:06.605+0700] {logging_mixin.py:137} INFO - [2023-04-15T10:56:06.605+0700] {dag.py:3452} INFO - Setting next_dagrun for example_trigger_controller_dag to 2021-01-01T00:00:00+00:00, run_after=2021-01-01T00:00:00+00:00
[2023-04-15T10:56:06.898+0700] {processor.py:175} INFO - Processing /home/ahyar/Documents/tut_folder/tut_python/python_script/tut_airflow/env_airflow/lib/python3.9/site-packages/airflow/example_dags/example_trigger_controller_dag.py took 0.692 seconds
[2023-04-15T10:56:47.504+0700] {processor.py:153} INFO - Started process (PID=18521) to work on /home/ahyar/Documents/tut_folder/tut_python/python_script/tut_airflow/env_airflow/lib/python3.9/site-packages/airflow/example_dags/example_trigger_controller_dag.py
[2023-04-15T10:56:47.505+0700] {processor.py:743} INFO - Processing file /home/ahyar/Documents/tut_folder/tut_python/python_script/tut_airflow/env_airflow/lib/python3.9/site-packages/airflow/example_dags/example_trigger_controller_dag.py for tasks to queue
[2023-04-15T10:56:47.505+0700] {logging_mixin.py:137} INFO - [2023-04-15T10:56:47.505+0700] {dagbag.py:532} INFO - Filling up the DagBag from /home/ahyar/Documents/tut_folder/tut_python/python_script/tut_airflow/env_airflow/lib/python3.9/site-packages/airflow/example_dags/example_trigger_controller_dag.py
[2023-04-15T10:56:47.514+0700] {processor.py:753} INFO - DAG(s) dict_keys(['example_trigger_controller_dag']) retrieved from /home/ahyar/Documents/tut_folder/tut_python/python_script/tut_airflow/env_airflow/lib/python3.9/site-packages/airflow/example_dags/example_trigger_controller_dag.py
[2023-04-15T10:56:47.526+0700] {logging_mixin.py:137} INFO - [2023-04-15T10:56:47.526+0700] {dag.py:2705} INFO - Sync 1 DAGs
[2023-04-15T10:56:47.537+0700] {logging_mixin.py:137} INFO - [2023-04-15T10:56:47.537+0700] {dag.py:3452} INFO - Setting next_dagrun for example_trigger_controller_dag to 2021-01-01T00:00:00+00:00, run_after=2021-01-01T00:00:00+00:00
[2023-04-15T10:56:47.551+0700] {processor.py:175} INFO - Processing /home/ahyar/Documents/tut_folder/tut_python/python_script/tut_airflow/env_airflow/lib/python3.9/site-packages/airflow/example_dags/example_trigger_controller_dag.py took 0.050 seconds
[2023-04-15T10:57:31.616+0700] {processor.py:153} INFO - Started process (PID=18602) to work on /home/ahyar/Documents/tut_folder/tut_python/python_script/tut_airflow/env_airflow/lib/python3.9/site-packages/airflow/example_dags/example_trigger_controller_dag.py
[2023-04-15T10:57:31.619+0700] {processor.py:743} INFO - Processing file /home/ahyar/Documents/tut_folder/tut_python/python_script/tut_airflow/env_airflow/lib/python3.9/site-packages/airflow/example_dags/example_trigger_controller_dag.py for tasks to queue
[2023-04-15T10:57:31.620+0700] {logging_mixin.py:137} INFO - [2023-04-15T10:57:31.620+0700] {dagbag.py:532} INFO - Filling up the DagBag from /home/ahyar/Documents/tut_folder/tut_python/python_script/tut_airflow/env_airflow/lib/python3.9/site-packages/airflow/example_dags/example_trigger_controller_dag.py
[2023-04-15T10:57:31.630+0700] {processor.py:753} INFO - DAG(s) dict_keys(['example_trigger_controller_dag']) retrieved from /home/ahyar/Documents/tut_folder/tut_python/python_script/tut_airflow/env_airflow/lib/python3.9/site-packages/airflow/example_dags/example_trigger_controller_dag.py
[2023-04-15T10:57:31.652+0700] {logging_mixin.py:137} INFO - [2023-04-15T10:57:31.652+0700] {dag.py:2705} INFO - Sync 1 DAGs
[2023-04-15T10:57:31.672+0700] {logging_mixin.py:137} INFO - [2023-04-15T10:57:31.672+0700] {dag.py:3452} INFO - Setting next_dagrun for example_trigger_controller_dag to 2021-01-01T00:00:00+00:00, run_after=2021-01-01T00:00:00+00:00
[2023-04-15T10:57:31.693+0700] {processor.py:175} INFO - Processing /home/ahyar/Documents/tut_folder/tut_python/python_script/tut_airflow/env_airflow/lib/python3.9/site-packages/airflow/example_dags/example_trigger_controller_dag.py took 0.081 seconds
[2023-04-15T10:58:18.329+0700] {processor.py:153} INFO - Started process (PID=18658) to work on /home/ahyar/Documents/tut_folder/tut_python/python_script/tut_airflow/env_airflow/lib/python3.9/site-packages/airflow/example_dags/example_trigger_controller_dag.py
[2023-04-15T10:58:18.763+0700] {processor.py:743} INFO - Processing file /home/ahyar/Documents/tut_folder/tut_python/python_script/tut_airflow/env_airflow/lib/python3.9/site-packages/airflow/example_dags/example_trigger_controller_dag.py for tasks to queue
[2023-04-15T10:58:18.764+0700] {logging_mixin.py:137} INFO - [2023-04-15T10:58:18.764+0700] {dagbag.py:532} INFO - Filling up the DagBag from /home/ahyar/Documents/tut_folder/tut_python/python_script/tut_airflow/env_airflow/lib/python3.9/site-packages/airflow/example_dags/example_trigger_controller_dag.py
[2023-04-15T10:58:18.781+0700] {processor.py:753} INFO - DAG(s) dict_keys(['example_trigger_controller_dag']) retrieved from /home/ahyar/Documents/tut_folder/tut_python/python_script/tut_airflow/env_airflow/lib/python3.9/site-packages/airflow/example_dags/example_trigger_controller_dag.py
[2023-04-15T10:58:18.808+0700] {logging_mixin.py:137} INFO - [2023-04-15T10:58:18.808+0700] {dag.py:2705} INFO - Sync 1 DAGs
[2023-04-15T10:58:18.851+0700] {logging_mixin.py:137} INFO - [2023-04-15T10:58:18.851+0700] {dag.py:3452} INFO - Setting next_dagrun for example_trigger_controller_dag to 2021-01-01T00:00:00+00:00, run_after=2021-01-01T00:00:00+00:00
[2023-04-15T10:58:19.341+0700] {processor.py:175} INFO - Processing /home/ahyar/Documents/tut_folder/tut_python/python_script/tut_airflow/env_airflow/lib/python3.9/site-packages/airflow/example_dags/example_trigger_controller_dag.py took 1.017 seconds
[2023-04-15T10:59:04.994+0700] {processor.py:153} INFO - Started process (PID=18870) to work on /home/ahyar/Documents/tut_folder/tut_python/python_script/tut_airflow/env_airflow/lib/python3.9/site-packages/airflow/example_dags/example_trigger_controller_dag.py
[2023-04-15T10:59:04.995+0700] {processor.py:743} INFO - Processing file /home/ahyar/Documents/tut_folder/tut_python/python_script/tut_airflow/env_airflow/lib/python3.9/site-packages/airflow/example_dags/example_trigger_controller_dag.py for tasks to queue
[2023-04-15T10:59:04.995+0700] {logging_mixin.py:137} INFO - [2023-04-15T10:59:04.995+0700] {dagbag.py:532} INFO - Filling up the DagBag from /home/ahyar/Documents/tut_folder/tut_python/python_script/tut_airflow/env_airflow/lib/python3.9/site-packages/airflow/example_dags/example_trigger_controller_dag.py
[2023-04-15T10:59:05.009+0700] {processor.py:753} INFO - DAG(s) dict_keys(['example_trigger_controller_dag']) retrieved from /home/ahyar/Documents/tut_folder/tut_python/python_script/tut_airflow/env_airflow/lib/python3.9/site-packages/airflow/example_dags/example_trigger_controller_dag.py
[2023-04-15T10:59:05.031+0700] {logging_mixin.py:137} INFO - [2023-04-15T10:59:05.031+0700] {dag.py:2705} INFO - Sync 1 DAGs
[2023-04-15T10:59:05.052+0700] {logging_mixin.py:137} INFO - [2023-04-15T10:59:05.052+0700] {dag.py:3452} INFO - Setting next_dagrun for example_trigger_controller_dag to 2021-01-01T00:00:00+00:00, run_after=2021-01-01T00:00:00+00:00
[2023-04-15T10:59:05.075+0700] {processor.py:175} INFO - Processing /home/ahyar/Documents/tut_folder/tut_python/python_script/tut_airflow/env_airflow/lib/python3.9/site-packages/airflow/example_dags/example_trigger_controller_dag.py took 0.082 seconds
[2023-04-15T11:02:42.427+0700] {processor.py:153} INFO - Started process (PID=21289) to work on /home/ahyar/Documents/tut_folder/tut_python/python_script/tut_airflow/env_airflow/lib/python3.9/site-packages/airflow/example_dags/example_trigger_controller_dag.py
[2023-04-15T11:02:42.427+0700] {processor.py:743} INFO - Processing file /home/ahyar/Documents/tut_folder/tut_python/python_script/tut_airflow/env_airflow/lib/python3.9/site-packages/airflow/example_dags/example_trigger_controller_dag.py for tasks to queue
[2023-04-15T11:02:42.428+0700] {logging_mixin.py:137} INFO - [2023-04-15T11:02:42.428+0700] {dagbag.py:532} INFO - Filling up the DagBag from /home/ahyar/Documents/tut_folder/tut_python/python_script/tut_airflow/env_airflow/lib/python3.9/site-packages/airflow/example_dags/example_trigger_controller_dag.py
[2023-04-15T11:02:42.436+0700] {processor.py:753} INFO - DAG(s) dict_keys(['example_trigger_controller_dag']) retrieved from /home/ahyar/Documents/tut_folder/tut_python/python_script/tut_airflow/env_airflow/lib/python3.9/site-packages/airflow/example_dags/example_trigger_controller_dag.py
[2023-04-15T11:02:42.449+0700] {logging_mixin.py:137} INFO - [2023-04-15T11:02:42.449+0700] {dag.py:2705} INFO - Sync 1 DAGs
[2023-04-15T11:02:42.460+0700] {logging_mixin.py:137} INFO - [2023-04-15T11:02:42.460+0700] {dag.py:3452} INFO - Setting next_dagrun for example_trigger_controller_dag to 2021-01-01T00:00:00+00:00, run_after=2021-01-01T00:00:00+00:00
[2023-04-15T11:02:42.475+0700] {processor.py:175} INFO - Processing /home/ahyar/Documents/tut_folder/tut_python/python_script/tut_airflow/env_airflow/lib/python3.9/site-packages/airflow/example_dags/example_trigger_controller_dag.py took 0.050 seconds
[2023-04-15T11:05:50.044+0700] {processor.py:153} INFO - Started process (PID=23507) to work on /home/ahyar/Documents/tut_folder/tut_python/python_script/tut_airflow/env_airflow/lib/python3.9/site-packages/airflow/example_dags/example_trigger_controller_dag.py
[2023-04-15T11:05:50.045+0700] {processor.py:743} INFO - Processing file /home/ahyar/Documents/tut_folder/tut_python/python_script/tut_airflow/env_airflow/lib/python3.9/site-packages/airflow/example_dags/example_trigger_controller_dag.py for tasks to queue
[2023-04-15T11:05:50.046+0700] {logging_mixin.py:137} INFO - [2023-04-15T11:05:50.046+0700] {dagbag.py:532} INFO - Filling up the DagBag from /home/ahyar/Documents/tut_folder/tut_python/python_script/tut_airflow/env_airflow/lib/python3.9/site-packages/airflow/example_dags/example_trigger_controller_dag.py
[2023-04-15T11:05:50.055+0700] {processor.py:753} INFO - DAG(s) dict_keys(['example_trigger_controller_dag']) retrieved from /home/ahyar/Documents/tut_folder/tut_python/python_script/tut_airflow/env_airflow/lib/python3.9/site-packages/airflow/example_dags/example_trigger_controller_dag.py
[2023-04-15T11:05:50.066+0700] {logging_mixin.py:137} INFO - [2023-04-15T11:05:50.066+0700] {dag.py:2705} INFO - Sync 1 DAGs
[2023-04-15T11:05:50.077+0700] {logging_mixin.py:137} INFO - [2023-04-15T11:05:50.077+0700] {dag.py:3452} INFO - Setting next_dagrun for example_trigger_controller_dag to 2021-01-01T00:00:00+00:00, run_after=2021-01-01T00:00:00+00:00
[2023-04-15T11:05:50.092+0700] {processor.py:175} INFO - Processing /home/ahyar/Documents/tut_folder/tut_python/python_script/tut_airflow/env_airflow/lib/python3.9/site-packages/airflow/example_dags/example_trigger_controller_dag.py took 0.053 seconds
