[2023-04-15T10:46:54.575+0700] {processor.py:153} INFO - Started process (PID=16428) to work on /home/ahyar/Documents/tut_folder/tut_python/python_script/tut_airflow/env_airflow/lib/python3.9/site-packages/airflow/example_dags/example_datasets.py
[2023-04-15T10:46:54.576+0700] {processor.py:743} INFO - Processing file /home/ahyar/Documents/tut_folder/tut_python/python_script/tut_airflow/env_airflow/lib/python3.9/site-packages/airflow/example_dags/example_datasets.py for tasks to queue
[2023-04-15T10:46:54.576+0700] {logging_mixin.py:137} INFO - [2023-04-15T10:46:54.576+0700] {dagbag.py:532} INFO - Filling up the DagBag from /home/ahyar/Documents/tut_folder/tut_python/python_script/tut_airflow/env_airflow/lib/python3.9/site-packages/airflow/example_dags/example_datasets.py
[2023-04-15T10:46:54.585+0700] {processor.py:753} INFO - DAG(s) dict_keys(['dataset_consumes_unknown_never_scheduled', 'dataset_produces_1', 'dataset_produces_2', 'dataset_consumes_1_and_2', 'dataset_consumes_1_never_scheduled', 'dataset_consumes_1']) retrieved from /home/ahyar/Documents/tut_folder/tut_python/python_script/tut_airflow/env_airflow/lib/python3.9/site-packages/airflow/example_dags/example_datasets.py
[2023-04-15T10:46:54.643+0700] {logging_mixin.py:137} INFO - [2023-04-15T10:46:54.643+0700] {manager.py:504} INFO - Created Permission View: can read on DAG:dataset_consumes_unknown_never_scheduled
[2023-04-15T10:46:54.651+0700] {logging_mixin.py:137} INFO - [2023-04-15T10:46:54.651+0700] {manager.py:504} INFO - Created Permission View: can edit on DAG:dataset_consumes_unknown_never_scheduled
[2023-04-15T10:46:54.658+0700] {logging_mixin.py:137} INFO - [2023-04-15T10:46:54.658+0700] {manager.py:504} INFO - Created Permission View: can delete on DAG:dataset_consumes_unknown_never_scheduled
[2023-04-15T10:46:54.675+0700] {logging_mixin.py:137} INFO - [2023-04-15T10:46:54.675+0700] {manager.py:504} INFO - Created Permission View: can read on DAG:dataset_produces_1
[2023-04-15T10:46:54.683+0700] {logging_mixin.py:137} INFO - [2023-04-15T10:46:54.683+0700] {manager.py:504} INFO - Created Permission View: can edit on DAG:dataset_produces_1
[2023-04-15T10:46:54.690+0700] {logging_mixin.py:137} INFO - [2023-04-15T10:46:54.690+0700] {manager.py:504} INFO - Created Permission View: can delete on DAG:dataset_produces_1
[2023-04-15T10:46:54.706+0700] {logging_mixin.py:137} INFO - [2023-04-15T10:46:54.706+0700] {manager.py:504} INFO - Created Permission View: can read on DAG:dataset_produces_2
[2023-04-15T10:46:54.716+0700] {logging_mixin.py:137} INFO - [2023-04-15T10:46:54.715+0700] {manager.py:504} INFO - Created Permission View: can edit on DAG:dataset_produces_2
[2023-04-15T10:46:54.726+0700] {logging_mixin.py:137} INFO - [2023-04-15T10:46:54.726+0700] {manager.py:504} INFO - Created Permission View: can delete on DAG:dataset_produces_2
[2023-04-15T10:46:54.749+0700] {logging_mixin.py:137} INFO - [2023-04-15T10:46:54.749+0700] {manager.py:504} INFO - Created Permission View: can read on DAG:dataset_consumes_1_and_2
[2023-04-15T10:46:54.760+0700] {logging_mixin.py:137} INFO - [2023-04-15T10:46:54.760+0700] {manager.py:504} INFO - Created Permission View: can edit on DAG:dataset_consumes_1_and_2
[2023-04-15T10:46:54.770+0700] {logging_mixin.py:137} INFO - [2023-04-15T10:46:54.770+0700] {manager.py:504} INFO - Created Permission View: can delete on DAG:dataset_consumes_1_and_2
[2023-04-15T10:46:54.791+0700] {logging_mixin.py:137} INFO - [2023-04-15T10:46:54.791+0700] {manager.py:504} INFO - Created Permission View: can read on DAG:dataset_consumes_1_never_scheduled
[2023-04-15T10:46:54.800+0700] {logging_mixin.py:137} INFO - [2023-04-15T10:46:54.800+0700] {manager.py:504} INFO - Created Permission View: can edit on DAG:dataset_consumes_1_never_scheduled
[2023-04-15T10:46:54.808+0700] {logging_mixin.py:137} INFO - [2023-04-15T10:46:54.808+0700] {manager.py:504} INFO - Created Permission View: can delete on DAG:dataset_consumes_1_never_scheduled
[2023-04-15T10:46:54.827+0700] {logging_mixin.py:137} INFO - [2023-04-15T10:46:54.826+0700] {manager.py:504} INFO - Created Permission View: can read on DAG:dataset_consumes_1
[2023-04-15T10:46:54.836+0700] {logging_mixin.py:137} INFO - [2023-04-15T10:46:54.836+0700] {manager.py:504} INFO - Created Permission View: can edit on DAG:dataset_consumes_1
[2023-04-15T10:46:54.844+0700] {logging_mixin.py:137} INFO - [2023-04-15T10:46:54.844+0700] {manager.py:504} INFO - Created Permission View: can delete on DAG:dataset_consumes_1
[2023-04-15T10:46:54.844+0700] {logging_mixin.py:137} INFO - [2023-04-15T10:46:54.844+0700] {dag.py:2705} INFO - Sync 6 DAGs
[2023-04-15T10:46:54.851+0700] {logging_mixin.py:137} INFO - [2023-04-15T10:46:54.851+0700] {dag.py:2726} INFO - Creating ORM DAG for dataset_consumes_1_and_2
[2023-04-15T10:46:54.851+0700] {logging_mixin.py:137} INFO - [2023-04-15T10:46:54.851+0700] {dag.py:2726} INFO - Creating ORM DAG for dataset_produces_2
[2023-04-15T10:46:54.852+0700] {logging_mixin.py:137} INFO - [2023-04-15T10:46:54.852+0700] {dag.py:2726} INFO - Creating ORM DAG for dataset_consumes_unknown_never_scheduled
[2023-04-15T10:46:54.852+0700] {logging_mixin.py:137} INFO - [2023-04-15T10:46:54.852+0700] {dag.py:2726} INFO - Creating ORM DAG for dataset_consumes_1_never_scheduled
[2023-04-15T10:46:54.852+0700] {logging_mixin.py:137} INFO - [2023-04-15T10:46:54.852+0700] {dag.py:2726} INFO - Creating ORM DAG for dataset_produces_1
[2023-04-15T10:46:54.852+0700] {logging_mixin.py:137} INFO - [2023-04-15T10:46:54.852+0700] {dag.py:2726} INFO - Creating ORM DAG for dataset_consumes_1
[2023-04-15T10:46:54.856+0700] {logging_mixin.py:137} INFO - [2023-04-15T10:46:54.856+0700] {dag.py:3452} INFO - Setting next_dagrun for dataset_consumes_1 to None, run_after=None
[2023-04-15T10:46:54.857+0700] {logging_mixin.py:137} INFO - [2023-04-15T10:46:54.857+0700] {dag.py:3452} INFO - Setting next_dagrun for dataset_consumes_1_and_2 to None, run_after=None
[2023-04-15T10:46:54.857+0700] {logging_mixin.py:137} INFO - [2023-04-15T10:46:54.857+0700] {dag.py:3452} INFO - Setting next_dagrun for dataset_consumes_1_never_scheduled to None, run_after=None
[2023-04-15T10:46:54.857+0700] {logging_mixin.py:137} INFO - [2023-04-15T10:46:54.857+0700] {dag.py:3452} INFO - Setting next_dagrun for dataset_consumes_unknown_never_scheduled to None, run_after=None
[2023-04-15T10:46:54.858+0700] {logging_mixin.py:137} INFO - [2023-04-15T10:46:54.858+0700] {dag.py:3452} INFO - Setting next_dagrun for dataset_produces_1 to 2023-04-14T00:00:00+00:00, run_after=2023-04-15T00:00:00+00:00
[2023-04-15T10:46:54.858+0700] {logging_mixin.py:137} INFO - [2023-04-15T10:46:54.858+0700] {dag.py:3452} INFO - Setting next_dagrun for dataset_produces_2 to None, run_after=None
[2023-04-15T10:46:54.880+0700] {processor.py:175} INFO - Processing /home/ahyar/Documents/tut_folder/tut_python/python_script/tut_airflow/env_airflow/lib/python3.9/site-packages/airflow/example_dags/example_datasets.py took 0.307 seconds
[2023-04-15T10:47:36.760+0700] {processor.py:153} INFO - Started process (PID=16615) to work on /home/ahyar/Documents/tut_folder/tut_python/python_script/tut_airflow/env_airflow/lib/python3.9/site-packages/airflow/example_dags/example_datasets.py
[2023-04-15T10:47:36.761+0700] {processor.py:743} INFO - Processing file /home/ahyar/Documents/tut_folder/tut_python/python_script/tut_airflow/env_airflow/lib/python3.9/site-packages/airflow/example_dags/example_datasets.py for tasks to queue
[2023-04-15T10:47:36.762+0700] {logging_mixin.py:137} INFO - [2023-04-15T10:47:36.762+0700] {dagbag.py:532} INFO - Filling up the DagBag from /home/ahyar/Documents/tut_folder/tut_python/python_script/tut_airflow/env_airflow/lib/python3.9/site-packages/airflow/example_dags/example_datasets.py
[2023-04-15T10:47:36.775+0700] {processor.py:753} INFO - DAG(s) dict_keys(['dataset_consumes_1_and_2', 'dataset_produces_1', 'dataset_consumes_1_never_scheduled', 'dataset_produces_2', 'dataset_consumes_unknown_never_scheduled', 'dataset_consumes_1']) retrieved from /home/ahyar/Documents/tut_folder/tut_python/python_script/tut_airflow/env_airflow/lib/python3.9/site-packages/airflow/example_dags/example_datasets.py
[2023-04-15T10:47:36.791+0700] {logging_mixin.py:137} INFO - [2023-04-15T10:47:36.790+0700] {dag.py:2705} INFO - Sync 6 DAGs
[2023-04-15T10:47:36.801+0700] {logging_mixin.py:137} INFO - [2023-04-15T10:47:36.801+0700] {dag.py:3452} INFO - Setting next_dagrun for dataset_consumes_1 to None, run_after=None
[2023-04-15T10:47:36.803+0700] {logging_mixin.py:137} INFO - [2023-04-15T10:47:36.803+0700] {dag.py:3452} INFO - Setting next_dagrun for dataset_consumes_1_and_2 to None, run_after=None
[2023-04-15T10:47:36.804+0700] {logging_mixin.py:137} INFO - [2023-04-15T10:47:36.803+0700] {dag.py:3452} INFO - Setting next_dagrun for dataset_consumes_1_never_scheduled to None, run_after=None
[2023-04-15T10:47:36.804+0700] {logging_mixin.py:137} INFO - [2023-04-15T10:47:36.804+0700] {dag.py:3452} INFO - Setting next_dagrun for dataset_consumes_unknown_never_scheduled to None, run_after=None
[2023-04-15T10:47:36.805+0700] {logging_mixin.py:137} INFO - [2023-04-15T10:47:36.805+0700] {dag.py:3452} INFO - Setting next_dagrun for dataset_produces_1 to 2023-04-14T00:00:00+00:00, run_after=2023-04-15T00:00:00+00:00
[2023-04-15T10:47:36.806+0700] {logging_mixin.py:137} INFO - [2023-04-15T10:47:36.805+0700] {dag.py:3452} INFO - Setting next_dagrun for dataset_produces_2 to None, run_after=None
[2023-04-15T10:47:36.823+0700] {processor.py:175} INFO - Processing /home/ahyar/Documents/tut_folder/tut_python/python_script/tut_airflow/env_airflow/lib/python3.9/site-packages/airflow/example_dags/example_datasets.py took 0.067 seconds
[2023-04-15T10:48:49.478+0700] {processor.py:153} INFO - Started process (PID=17168) to work on /home/ahyar/Documents/tut_folder/tut_python/python_script/tut_airflow/env_airflow/lib/python3.9/site-packages/airflow/example_dags/example_datasets.py
[2023-04-15T10:48:49.479+0700] {processor.py:743} INFO - Processing file /home/ahyar/Documents/tut_folder/tut_python/python_script/tut_airflow/env_airflow/lib/python3.9/site-packages/airflow/example_dags/example_datasets.py for tasks to queue
[2023-04-15T10:48:49.479+0700] {logging_mixin.py:137} INFO - [2023-04-15T10:48:49.479+0700] {dagbag.py:532} INFO - Filling up the DagBag from /home/ahyar/Documents/tut_folder/tut_python/python_script/tut_airflow/env_airflow/lib/python3.9/site-packages/airflow/example_dags/example_datasets.py
[2023-04-15T10:48:49.493+0700] {processor.py:753} INFO - DAG(s) dict_keys(['dataset_produces_2', 'dataset_consumes_1_and_2', 'dataset_consumes_unknown_never_scheduled', 'dataset_produces_1', 'dataset_consumes_1_never_scheduled', 'dataset_consumes_1']) retrieved from /home/ahyar/Documents/tut_folder/tut_python/python_script/tut_airflow/env_airflow/lib/python3.9/site-packages/airflow/example_dags/example_datasets.py
[2023-04-15T10:48:49.527+0700] {logging_mixin.py:137} INFO - [2023-04-15T10:48:49.527+0700] {dag.py:2705} INFO - Sync 6 DAGs
[2023-04-15T10:48:49.537+0700] {logging_mixin.py:137} INFO - [2023-04-15T10:48:49.537+0700] {dag.py:3452} INFO - Setting next_dagrun for dataset_consumes_1 to None, run_after=None
[2023-04-15T10:48:49.538+0700] {logging_mixin.py:137} INFO - [2023-04-15T10:48:49.538+0700] {dag.py:3452} INFO - Setting next_dagrun for dataset_consumes_1_and_2 to None, run_after=None
[2023-04-15T10:48:49.539+0700] {logging_mixin.py:137} INFO - [2023-04-15T10:48:49.539+0700] {dag.py:3452} INFO - Setting next_dagrun for dataset_consumes_1_never_scheduled to None, run_after=None
[2023-04-15T10:48:49.539+0700] {logging_mixin.py:137} INFO - [2023-04-15T10:48:49.539+0700] {dag.py:3452} INFO - Setting next_dagrun for dataset_consumes_unknown_never_scheduled to None, run_after=None
[2023-04-15T10:48:49.540+0700] {logging_mixin.py:137} INFO - [2023-04-15T10:48:49.540+0700] {dag.py:3452} INFO - Setting next_dagrun for dataset_produces_1 to 2023-04-14T00:00:00+00:00, run_after=2023-04-15T00:00:00+00:00
[2023-04-15T10:48:49.541+0700] {logging_mixin.py:137} INFO - [2023-04-15T10:48:49.541+0700] {dag.py:3452} INFO - Setting next_dagrun for dataset_produces_2 to None, run_after=None
[2023-04-15T10:48:49.559+0700] {processor.py:175} INFO - Processing /home/ahyar/Documents/tut_folder/tut_python/python_script/tut_airflow/env_airflow/lib/python3.9/site-packages/airflow/example_dags/example_datasets.py took 0.084 seconds
[2023-04-15T10:49:36.531+0700] {processor.py:153} INFO - Started process (PID=17468) to work on /home/ahyar/Documents/tut_folder/tut_python/python_script/tut_airflow/env_airflow/lib/python3.9/site-packages/airflow/example_dags/example_datasets.py
[2023-04-15T10:49:36.535+0700] {processor.py:743} INFO - Processing file /home/ahyar/Documents/tut_folder/tut_python/python_script/tut_airflow/env_airflow/lib/python3.9/site-packages/airflow/example_dags/example_datasets.py for tasks to queue
[2023-04-15T10:49:36.536+0700] {logging_mixin.py:137} INFO - [2023-04-15T10:49:36.536+0700] {dagbag.py:532} INFO - Filling up the DagBag from /home/ahyar/Documents/tut_folder/tut_python/python_script/tut_airflow/env_airflow/lib/python3.9/site-packages/airflow/example_dags/example_datasets.py
[2023-04-15T10:49:36.570+0700] {processor.py:753} INFO - DAG(s) dict_keys(['dataset_produces_1', 'dataset_consumes_unknown_never_scheduled', 'dataset_produces_2', 'dataset_consumes_1', 'dataset_consumes_1_never_scheduled', 'dataset_consumes_1_and_2']) retrieved from /home/ahyar/Documents/tut_folder/tut_python/python_script/tut_airflow/env_airflow/lib/python3.9/site-packages/airflow/example_dags/example_datasets.py
[2023-04-15T10:49:36.655+0700] {logging_mixin.py:137} INFO - [2023-04-15T10:49:36.655+0700] {dag.py:2705} INFO - Sync 6 DAGs
[2023-04-15T10:49:36.702+0700] {logging_mixin.py:137} INFO - [2023-04-15T10:49:36.701+0700] {dag.py:3452} INFO - Setting next_dagrun for dataset_consumes_1 to None, run_after=None
[2023-04-15T10:49:36.714+0700] {logging_mixin.py:137} INFO - [2023-04-15T10:49:36.714+0700] {dag.py:3452} INFO - Setting next_dagrun for dataset_consumes_1_and_2 to None, run_after=None
[2023-04-15T10:49:36.717+0700] {logging_mixin.py:137} INFO - [2023-04-15T10:49:36.717+0700] {dag.py:3452} INFO - Setting next_dagrun for dataset_consumes_1_never_scheduled to None, run_after=None
[2023-04-15T10:49:36.722+0700] {logging_mixin.py:137} INFO - [2023-04-15T10:49:36.722+0700] {dag.py:3452} INFO - Setting next_dagrun for dataset_consumes_unknown_never_scheduled to None, run_after=None
[2023-04-15T10:49:36.728+0700] {logging_mixin.py:137} INFO - [2023-04-15T10:49:36.728+0700] {dag.py:3452} INFO - Setting next_dagrun for dataset_produces_1 to 2023-04-14T00:00:00+00:00, run_after=2023-04-15T00:00:00+00:00
[2023-04-15T10:49:36.731+0700] {logging_mixin.py:137} INFO - [2023-04-15T10:49:36.731+0700] {dag.py:3452} INFO - Setting next_dagrun for dataset_produces_2 to None, run_after=None
[2023-04-15T10:49:36.821+0700] {processor.py:175} INFO - Processing /home/ahyar/Documents/tut_folder/tut_python/python_script/tut_airflow/env_airflow/lib/python3.9/site-packages/airflow/example_dags/example_datasets.py took 0.300 seconds
[2023-04-15T10:50:21.047+0700] {processor.py:153} INFO - Started process (PID=17720) to work on /home/ahyar/Documents/tut_folder/tut_python/python_script/tut_airflow/env_airflow/lib/python3.9/site-packages/airflow/example_dags/example_datasets.py
[2023-04-15T10:50:21.047+0700] {processor.py:743} INFO - Processing file /home/ahyar/Documents/tut_folder/tut_python/python_script/tut_airflow/env_airflow/lib/python3.9/site-packages/airflow/example_dags/example_datasets.py for tasks to queue
[2023-04-15T10:50:21.048+0700] {logging_mixin.py:137} INFO - [2023-04-15T10:50:21.048+0700] {dagbag.py:532} INFO - Filling up the DagBag from /home/ahyar/Documents/tut_folder/tut_python/python_script/tut_airflow/env_airflow/lib/python3.9/site-packages/airflow/example_dags/example_datasets.py
[2023-04-15T10:50:21.061+0700] {processor.py:753} INFO - DAG(s) dict_keys(['dataset_consumes_unknown_never_scheduled', 'dataset_produces_2', 'dataset_consumes_1_and_2', 'dataset_produces_1', 'dataset_consumes_1', 'dataset_consumes_1_never_scheduled']) retrieved from /home/ahyar/Documents/tut_folder/tut_python/python_script/tut_airflow/env_airflow/lib/python3.9/site-packages/airflow/example_dags/example_datasets.py
[2023-04-15T10:50:21.081+0700] {logging_mixin.py:137} INFO - [2023-04-15T10:50:21.081+0700] {dag.py:2705} INFO - Sync 6 DAGs
[2023-04-15T10:50:21.098+0700] {logging_mixin.py:137} INFO - [2023-04-15T10:50:21.098+0700] {dag.py:3452} INFO - Setting next_dagrun for dataset_consumes_1 to None, run_after=None
[2023-04-15T10:50:21.100+0700] {logging_mixin.py:137} INFO - [2023-04-15T10:50:21.100+0700] {dag.py:3452} INFO - Setting next_dagrun for dataset_consumes_1_and_2 to None, run_after=None
[2023-04-15T10:50:21.100+0700] {logging_mixin.py:137} INFO - [2023-04-15T10:50:21.100+0700] {dag.py:3452} INFO - Setting next_dagrun for dataset_consumes_1_never_scheduled to None, run_after=None
[2023-04-15T10:50:21.101+0700] {logging_mixin.py:137} INFO - [2023-04-15T10:50:21.101+0700] {dag.py:3452} INFO - Setting next_dagrun for dataset_consumes_unknown_never_scheduled to None, run_after=None
[2023-04-15T10:50:21.102+0700] {logging_mixin.py:137} INFO - [2023-04-15T10:50:21.102+0700] {dag.py:3452} INFO - Setting next_dagrun for dataset_produces_1 to 2023-04-14T00:00:00+00:00, run_after=2023-04-15T00:00:00+00:00
[2023-04-15T10:50:21.103+0700] {logging_mixin.py:137} INFO - [2023-04-15T10:50:21.103+0700] {dag.py:3452} INFO - Setting next_dagrun for dataset_produces_2 to None, run_after=None
[2023-04-15T10:50:21.133+0700] {processor.py:175} INFO - Processing /home/ahyar/Documents/tut_folder/tut_python/python_script/tut_airflow/env_airflow/lib/python3.9/site-packages/airflow/example_dags/example_datasets.py took 0.088 seconds
[2023-04-15T10:51:03.094+0700] {processor.py:153} INFO - Started process (PID=17777) to work on /home/ahyar/Documents/tut_folder/tut_python/python_script/tut_airflow/env_airflow/lib/python3.9/site-packages/airflow/example_dags/example_datasets.py
[2023-04-15T10:51:03.096+0700] {processor.py:743} INFO - Processing file /home/ahyar/Documents/tut_folder/tut_python/python_script/tut_airflow/env_airflow/lib/python3.9/site-packages/airflow/example_dags/example_datasets.py for tasks to queue
[2023-04-15T10:51:03.096+0700] {logging_mixin.py:137} INFO - [2023-04-15T10:51:03.096+0700] {dagbag.py:532} INFO - Filling up the DagBag from /home/ahyar/Documents/tut_folder/tut_python/python_script/tut_airflow/env_airflow/lib/python3.9/site-packages/airflow/example_dags/example_datasets.py
[2023-04-15T10:51:03.109+0700] {processor.py:753} INFO - DAG(s) dict_keys(['dataset_produces_1', 'dataset_consumes_1', 'dataset_consumes_unknown_never_scheduled', 'dataset_consumes_1_and_2', 'dataset_produces_2', 'dataset_consumes_1_never_scheduled']) retrieved from /home/ahyar/Documents/tut_folder/tut_python/python_script/tut_airflow/env_airflow/lib/python3.9/site-packages/airflow/example_dags/example_datasets.py
[2023-04-15T10:51:03.126+0700] {logging_mixin.py:137} INFO - [2023-04-15T10:51:03.126+0700] {dag.py:2705} INFO - Sync 6 DAGs
[2023-04-15T10:51:03.137+0700] {logging_mixin.py:137} INFO - [2023-04-15T10:51:03.137+0700] {dag.py:3452} INFO - Setting next_dagrun for dataset_consumes_1 to None, run_after=None
[2023-04-15T10:51:03.139+0700] {logging_mixin.py:137} INFO - [2023-04-15T10:51:03.139+0700] {dag.py:3452} INFO - Setting next_dagrun for dataset_consumes_1_and_2 to None, run_after=None
[2023-04-15T10:51:03.139+0700] {logging_mixin.py:137} INFO - [2023-04-15T10:51:03.139+0700] {dag.py:3452} INFO - Setting next_dagrun for dataset_consumes_1_never_scheduled to None, run_after=None
[2023-04-15T10:51:03.140+0700] {logging_mixin.py:137} INFO - [2023-04-15T10:51:03.140+0700] {dag.py:3452} INFO - Setting next_dagrun for dataset_consumes_unknown_never_scheduled to None, run_after=None
[2023-04-15T10:51:03.141+0700] {logging_mixin.py:137} INFO - [2023-04-15T10:51:03.141+0700] {dag.py:3452} INFO - Setting next_dagrun for dataset_produces_1 to 2023-04-14T00:00:00+00:00, run_after=2023-04-15T00:00:00+00:00
[2023-04-15T10:51:03.141+0700] {logging_mixin.py:137} INFO - [2023-04-15T10:51:03.141+0700] {dag.py:3452} INFO - Setting next_dagrun for dataset_produces_2 to None, run_after=None
[2023-04-15T10:51:03.160+0700] {processor.py:175} INFO - Processing /home/ahyar/Documents/tut_folder/tut_python/python_script/tut_airflow/env_airflow/lib/python3.9/site-packages/airflow/example_dags/example_datasets.py took 0.071 seconds
[2023-04-15T10:51:46.349+0700] {processor.py:153} INFO - Started process (PID=17865) to work on /home/ahyar/Documents/tut_folder/tut_python/python_script/tut_airflow/env_airflow/lib/python3.9/site-packages/airflow/example_dags/example_datasets.py
[2023-04-15T10:51:46.351+0700] {processor.py:743} INFO - Processing file /home/ahyar/Documents/tut_folder/tut_python/python_script/tut_airflow/env_airflow/lib/python3.9/site-packages/airflow/example_dags/example_datasets.py for tasks to queue
[2023-04-15T10:51:46.352+0700] {logging_mixin.py:137} INFO - [2023-04-15T10:51:46.352+0700] {dagbag.py:532} INFO - Filling up the DagBag from /home/ahyar/Documents/tut_folder/tut_python/python_script/tut_airflow/env_airflow/lib/python3.9/site-packages/airflow/example_dags/example_datasets.py
[2023-04-15T10:51:46.381+0700] {processor.py:753} INFO - DAG(s) dict_keys(['dataset_produces_1', 'dataset_consumes_unknown_never_scheduled', 'dataset_consumes_1_and_2', 'dataset_consumes_1_never_scheduled', 'dataset_produces_2', 'dataset_consumes_1']) retrieved from /home/ahyar/Documents/tut_folder/tut_python/python_script/tut_airflow/env_airflow/lib/python3.9/site-packages/airflow/example_dags/example_datasets.py
[2023-04-15T10:51:46.483+0700] {logging_mixin.py:137} INFO - [2023-04-15T10:51:46.483+0700] {dag.py:2705} INFO - Sync 6 DAGs
[2023-04-15T10:51:46.509+0700] {logging_mixin.py:137} INFO - [2023-04-15T10:51:46.509+0700] {dag.py:3452} INFO - Setting next_dagrun for dataset_consumes_1 to None, run_after=None
[2023-04-15T10:51:46.515+0700] {logging_mixin.py:137} INFO - [2023-04-15T10:51:46.514+0700] {dag.py:3452} INFO - Setting next_dagrun for dataset_consumes_1_and_2 to None, run_after=None
[2023-04-15T10:51:46.518+0700] {logging_mixin.py:137} INFO - [2023-04-15T10:51:46.518+0700] {dag.py:3452} INFO - Setting next_dagrun for dataset_consumes_1_never_scheduled to None, run_after=None
[2023-04-15T10:51:46.522+0700] {logging_mixin.py:137} INFO - [2023-04-15T10:51:46.522+0700] {dag.py:3452} INFO - Setting next_dagrun for dataset_consumes_unknown_never_scheduled to None, run_after=None
[2023-04-15T10:51:46.526+0700] {logging_mixin.py:137} INFO - [2023-04-15T10:51:46.525+0700] {dag.py:3452} INFO - Setting next_dagrun for dataset_produces_1 to 2023-04-14T00:00:00+00:00, run_after=2023-04-15T00:00:00+00:00
[2023-04-15T10:51:46.530+0700] {logging_mixin.py:137} INFO - [2023-04-15T10:51:46.530+0700] {dag.py:3452} INFO - Setting next_dagrun for dataset_produces_2 to None, run_after=None
[2023-04-15T10:51:46.575+0700] {processor.py:175} INFO - Processing /home/ahyar/Documents/tut_folder/tut_python/python_script/tut_airflow/env_airflow/lib/python3.9/site-packages/airflow/example_dags/example_datasets.py took 0.229 seconds
[2023-04-15T10:52:32.269+0700] {processor.py:153} INFO - Started process (PID=18012) to work on /home/ahyar/Documents/tut_folder/tut_python/python_script/tut_airflow/env_airflow/lib/python3.9/site-packages/airflow/example_dags/example_datasets.py
[2023-04-15T10:52:32.272+0700] {processor.py:743} INFO - Processing file /home/ahyar/Documents/tut_folder/tut_python/python_script/tut_airflow/env_airflow/lib/python3.9/site-packages/airflow/example_dags/example_datasets.py for tasks to queue
[2023-04-15T10:52:32.274+0700] {logging_mixin.py:137} INFO - [2023-04-15T10:52:32.273+0700] {dagbag.py:532} INFO - Filling up the DagBag from /home/ahyar/Documents/tut_folder/tut_python/python_script/tut_airflow/env_airflow/lib/python3.9/site-packages/airflow/example_dags/example_datasets.py
[2023-04-15T10:52:32.302+0700] {processor.py:753} INFO - DAG(s) dict_keys(['dataset_produces_2', 'dataset_produces_1', 'dataset_consumes_1_and_2', 'dataset_consumes_unknown_never_scheduled', 'dataset_consumes_1_never_scheduled', 'dataset_consumes_1']) retrieved from /home/ahyar/Documents/tut_folder/tut_python/python_script/tut_airflow/env_airflow/lib/python3.9/site-packages/airflow/example_dags/example_datasets.py
[2023-04-15T10:52:32.354+0700] {logging_mixin.py:137} INFO - [2023-04-15T10:52:32.353+0700] {dag.py:2705} INFO - Sync 6 DAGs
[2023-04-15T10:52:32.403+0700] {logging_mixin.py:137} INFO - [2023-04-15T10:52:32.402+0700] {dag.py:3452} INFO - Setting next_dagrun for dataset_consumes_1 to None, run_after=None
[2023-04-15T10:52:32.409+0700] {logging_mixin.py:137} INFO - [2023-04-15T10:52:32.408+0700] {dag.py:3452} INFO - Setting next_dagrun for dataset_consumes_1_and_2 to None, run_after=None
[2023-04-15T10:52:32.411+0700] {logging_mixin.py:137} INFO - [2023-04-15T10:52:32.410+0700] {dag.py:3452} INFO - Setting next_dagrun for dataset_consumes_1_never_scheduled to None, run_after=None
[2023-04-15T10:52:32.411+0700] {logging_mixin.py:137} INFO - [2023-04-15T10:52:32.411+0700] {dag.py:3452} INFO - Setting next_dagrun for dataset_consumes_unknown_never_scheduled to None, run_after=None
[2023-04-15T10:52:32.414+0700] {logging_mixin.py:137} INFO - [2023-04-15T10:52:32.414+0700] {dag.py:3452} INFO - Setting next_dagrun for dataset_produces_1 to 2023-04-14T00:00:00+00:00, run_after=2023-04-15T00:00:00+00:00
[2023-04-15T10:52:32.416+0700] {logging_mixin.py:137} INFO - [2023-04-15T10:52:32.415+0700] {dag.py:3452} INFO - Setting next_dagrun for dataset_produces_2 to None, run_after=None
[2023-04-15T10:52:32.521+0700] {processor.py:175} INFO - Processing /home/ahyar/Documents/tut_folder/tut_python/python_script/tut_airflow/env_airflow/lib/python3.9/site-packages/airflow/example_dags/example_datasets.py took 0.258 seconds
[2023-04-15T10:53:20.368+0700] {processor.py:153} INFO - Started process (PID=18111) to work on /home/ahyar/Documents/tut_folder/tut_python/python_script/tut_airflow/env_airflow/lib/python3.9/site-packages/airflow/example_dags/example_datasets.py
[2023-04-15T10:53:20.371+0700] {processor.py:743} INFO - Processing file /home/ahyar/Documents/tut_folder/tut_python/python_script/tut_airflow/env_airflow/lib/python3.9/site-packages/airflow/example_dags/example_datasets.py for tasks to queue
[2023-04-15T10:53:20.372+0700] {logging_mixin.py:137} INFO - [2023-04-15T10:53:20.372+0700] {dagbag.py:532} INFO - Filling up the DagBag from /home/ahyar/Documents/tut_folder/tut_python/python_script/tut_airflow/env_airflow/lib/python3.9/site-packages/airflow/example_dags/example_datasets.py
[2023-04-15T10:53:20.397+0700] {processor.py:753} INFO - DAG(s) dict_keys(['dataset_consumes_1_and_2', 'dataset_produces_1', 'dataset_consumes_1_never_scheduled', 'dataset_consumes_unknown_never_scheduled', 'dataset_consumes_1', 'dataset_produces_2']) retrieved from /home/ahyar/Documents/tut_folder/tut_python/python_script/tut_airflow/env_airflow/lib/python3.9/site-packages/airflow/example_dags/example_datasets.py
[2023-04-15T10:53:20.431+0700] {logging_mixin.py:137} INFO - [2023-04-15T10:53:20.431+0700] {dag.py:2705} INFO - Sync 6 DAGs
[2023-04-15T10:53:20.454+0700] {logging_mixin.py:137} INFO - [2023-04-15T10:53:20.453+0700] {dag.py:3452} INFO - Setting next_dagrun for dataset_consumes_1 to None, run_after=None
[2023-04-15T10:53:20.457+0700] {logging_mixin.py:137} INFO - [2023-04-15T10:53:20.457+0700] {dag.py:3452} INFO - Setting next_dagrun for dataset_consumes_1_and_2 to None, run_after=None
[2023-04-15T10:53:20.459+0700] {logging_mixin.py:137} INFO - [2023-04-15T10:53:20.459+0700] {dag.py:3452} INFO - Setting next_dagrun for dataset_consumes_1_never_scheduled to None, run_after=None
[2023-04-15T10:53:20.461+0700] {logging_mixin.py:137} INFO - [2023-04-15T10:53:20.460+0700] {dag.py:3452} INFO - Setting next_dagrun for dataset_consumes_unknown_never_scheduled to None, run_after=None
[2023-04-15T10:53:20.463+0700] {logging_mixin.py:137} INFO - [2023-04-15T10:53:20.463+0700] {dag.py:3452} INFO - Setting next_dagrun for dataset_produces_1 to 2023-04-14T00:00:00+00:00, run_after=2023-04-15T00:00:00+00:00
[2023-04-15T10:53:20.464+0700] {logging_mixin.py:137} INFO - [2023-04-15T10:53:20.464+0700] {dag.py:3452} INFO - Setting next_dagrun for dataset_produces_2 to None, run_after=None
[2023-04-15T10:53:20.488+0700] {processor.py:175} INFO - Processing /home/ahyar/Documents/tut_folder/tut_python/python_script/tut_airflow/env_airflow/lib/python3.9/site-packages/airflow/example_dags/example_datasets.py took 0.129 seconds
[2023-04-15T10:54:05.436+0700] {processor.py:153} INFO - Started process (PID=18206) to work on /home/ahyar/Documents/tut_folder/tut_python/python_script/tut_airflow/env_airflow/lib/python3.9/site-packages/airflow/example_dags/example_datasets.py
[2023-04-15T10:54:05.438+0700] {processor.py:743} INFO - Processing file /home/ahyar/Documents/tut_folder/tut_python/python_script/tut_airflow/env_airflow/lib/python3.9/site-packages/airflow/example_dags/example_datasets.py for tasks to queue
[2023-04-15T10:54:05.440+0700] {logging_mixin.py:137} INFO - [2023-04-15T10:54:05.440+0700] {dagbag.py:532} INFO - Filling up the DagBag from /home/ahyar/Documents/tut_folder/tut_python/python_script/tut_airflow/env_airflow/lib/python3.9/site-packages/airflow/example_dags/example_datasets.py
[2023-04-15T10:54:05.457+0700] {processor.py:753} INFO - DAG(s) dict_keys(['dataset_produces_2', 'dataset_consumes_1', 'dataset_produces_1', 'dataset_consumes_unknown_never_scheduled', 'dataset_consumes_1_and_2', 'dataset_consumes_1_never_scheduled']) retrieved from /home/ahyar/Documents/tut_folder/tut_python/python_script/tut_airflow/env_airflow/lib/python3.9/site-packages/airflow/example_dags/example_datasets.py
[2023-04-15T10:54:05.491+0700] {logging_mixin.py:137} INFO - [2023-04-15T10:54:05.491+0700] {dag.py:2705} INFO - Sync 6 DAGs
[2023-04-15T10:54:05.510+0700] {logging_mixin.py:137} INFO - [2023-04-15T10:54:05.510+0700] {dag.py:3452} INFO - Setting next_dagrun for dataset_consumes_1 to None, run_after=None
[2023-04-15T10:54:05.513+0700] {logging_mixin.py:137} INFO - [2023-04-15T10:54:05.513+0700] {dag.py:3452} INFO - Setting next_dagrun for dataset_consumes_1_and_2 to None, run_after=None
[2023-04-15T10:54:05.514+0700] {logging_mixin.py:137} INFO - [2023-04-15T10:54:05.514+0700] {dag.py:3452} INFO - Setting next_dagrun for dataset_consumes_1_never_scheduled to None, run_after=None
[2023-04-15T10:54:05.515+0700] {logging_mixin.py:137} INFO - [2023-04-15T10:54:05.514+0700] {dag.py:3452} INFO - Setting next_dagrun for dataset_consumes_unknown_never_scheduled to None, run_after=None
[2023-04-15T10:54:05.517+0700] {logging_mixin.py:137} INFO - [2023-04-15T10:54:05.517+0700] {dag.py:3452} INFO - Setting next_dagrun for dataset_produces_1 to 2023-04-14T00:00:00+00:00, run_after=2023-04-15T00:00:00+00:00
[2023-04-15T10:54:05.519+0700] {logging_mixin.py:137} INFO - [2023-04-15T10:54:05.518+0700] {dag.py:3452} INFO - Setting next_dagrun for dataset_produces_2 to None, run_after=None
[2023-04-15T10:54:05.562+0700] {processor.py:175} INFO - Processing /home/ahyar/Documents/tut_folder/tut_python/python_script/tut_airflow/env_airflow/lib/python3.9/site-packages/airflow/example_dags/example_datasets.py took 0.130 seconds
[2023-04-15T10:54:48.899+0700] {processor.py:153} INFO - Started process (PID=18301) to work on /home/ahyar/Documents/tut_folder/tut_python/python_script/tut_airflow/env_airflow/lib/python3.9/site-packages/airflow/example_dags/example_datasets.py
[2023-04-15T10:54:48.900+0700] {processor.py:743} INFO - Processing file /home/ahyar/Documents/tut_folder/tut_python/python_script/tut_airflow/env_airflow/lib/python3.9/site-packages/airflow/example_dags/example_datasets.py for tasks to queue
[2023-04-15T10:54:48.901+0700] {logging_mixin.py:137} INFO - [2023-04-15T10:54:48.901+0700] {dagbag.py:532} INFO - Filling up the DagBag from /home/ahyar/Documents/tut_folder/tut_python/python_script/tut_airflow/env_airflow/lib/python3.9/site-packages/airflow/example_dags/example_datasets.py
[2023-04-15T10:54:48.921+0700] {processor.py:753} INFO - DAG(s) dict_keys(['dataset_produces_1', 'dataset_consumes_1_never_scheduled', 'dataset_consumes_1_and_2', 'dataset_consumes_1', 'dataset_consumes_unknown_never_scheduled', 'dataset_produces_2']) retrieved from /home/ahyar/Documents/tut_folder/tut_python/python_script/tut_airflow/env_airflow/lib/python3.9/site-packages/airflow/example_dags/example_datasets.py
[2023-04-15T10:54:48.955+0700] {logging_mixin.py:137} INFO - [2023-04-15T10:54:48.955+0700] {dag.py:2705} INFO - Sync 6 DAGs
[2023-04-15T10:54:48.987+0700] {logging_mixin.py:137} INFO - [2023-04-15T10:54:48.986+0700] {dag.py:3452} INFO - Setting next_dagrun for dataset_consumes_1 to None, run_after=None
[2023-04-15T10:54:48.992+0700] {logging_mixin.py:137} INFO - [2023-04-15T10:54:48.991+0700] {dag.py:3452} INFO - Setting next_dagrun for dataset_consumes_1_and_2 to None, run_after=None
[2023-04-15T10:54:48.994+0700] {logging_mixin.py:137} INFO - [2023-04-15T10:54:48.994+0700] {dag.py:3452} INFO - Setting next_dagrun for dataset_consumes_1_never_scheduled to None, run_after=None
[2023-04-15T10:54:48.996+0700] {logging_mixin.py:137} INFO - [2023-04-15T10:54:48.995+0700] {dag.py:3452} INFO - Setting next_dagrun for dataset_consumes_unknown_never_scheduled to None, run_after=None
[2023-04-15T10:54:48.999+0700] {logging_mixin.py:137} INFO - [2023-04-15T10:54:48.999+0700] {dag.py:3452} INFO - Setting next_dagrun for dataset_produces_1 to 2023-04-14T00:00:00+00:00, run_after=2023-04-15T00:00:00+00:00
[2023-04-15T10:54:49.000+0700] {logging_mixin.py:137} INFO - [2023-04-15T10:54:49.000+0700] {dag.py:3452} INFO - Setting next_dagrun for dataset_produces_2 to None, run_after=None
[2023-04-15T10:54:49.059+0700] {processor.py:175} INFO - Processing /home/ahyar/Documents/tut_folder/tut_python/python_script/tut_airflow/env_airflow/lib/python3.9/site-packages/airflow/example_dags/example_datasets.py took 0.162 seconds
[2023-04-15T10:55:33.864+0700] {processor.py:153} INFO - Started process (PID=18356) to work on /home/ahyar/Documents/tut_folder/tut_python/python_script/tut_airflow/env_airflow/lib/python3.9/site-packages/airflow/example_dags/example_datasets.py
[2023-04-15T10:55:34.270+0700] {processor.py:743} INFO - Processing file /home/ahyar/Documents/tut_folder/tut_python/python_script/tut_airflow/env_airflow/lib/python3.9/site-packages/airflow/example_dags/example_datasets.py for tasks to queue
[2023-04-15T10:55:34.272+0700] {logging_mixin.py:137} INFO - [2023-04-15T10:55:34.272+0700] {dagbag.py:532} INFO - Filling up the DagBag from /home/ahyar/Documents/tut_folder/tut_python/python_script/tut_airflow/env_airflow/lib/python3.9/site-packages/airflow/example_dags/example_datasets.py
[2023-04-15T10:55:34.307+0700] {processor.py:753} INFO - DAG(s) dict_keys(['dataset_consumes_1_never_scheduled', 'dataset_consumes_1_and_2', 'dataset_produces_1', 'dataset_produces_2', 'dataset_consumes_unknown_never_scheduled', 'dataset_consumes_1']) retrieved from /home/ahyar/Documents/tut_folder/tut_python/python_script/tut_airflow/env_airflow/lib/python3.9/site-packages/airflow/example_dags/example_datasets.py
[2023-04-15T10:55:34.357+0700] {logging_mixin.py:137} INFO - [2023-04-15T10:55:34.356+0700] {dag.py:2705} INFO - Sync 6 DAGs
[2023-04-15T10:55:34.396+0700] {logging_mixin.py:137} INFO - [2023-04-15T10:55:34.395+0700] {dag.py:3452} INFO - Setting next_dagrun for dataset_consumes_1 to None, run_after=None
[2023-04-15T10:55:34.403+0700] {logging_mixin.py:137} INFO - [2023-04-15T10:55:34.403+0700] {dag.py:3452} INFO - Setting next_dagrun for dataset_consumes_1_and_2 to None, run_after=None
[2023-04-15T10:55:34.405+0700] {logging_mixin.py:137} INFO - [2023-04-15T10:55:34.405+0700] {dag.py:3452} INFO - Setting next_dagrun for dataset_consumes_1_never_scheduled to None, run_after=None
[2023-04-15T10:55:34.406+0700] {logging_mixin.py:137} INFO - [2023-04-15T10:55:34.405+0700] {dag.py:3452} INFO - Setting next_dagrun for dataset_consumes_unknown_never_scheduled to None, run_after=None
[2023-04-15T10:55:34.412+0700] {logging_mixin.py:137} INFO - [2023-04-15T10:55:34.412+0700] {dag.py:3452} INFO - Setting next_dagrun for dataset_produces_1 to 2023-04-14T00:00:00+00:00, run_after=2023-04-15T00:00:00+00:00
[2023-04-15T10:55:34.415+0700] {logging_mixin.py:137} INFO - [2023-04-15T10:55:34.414+0700] {dag.py:3452} INFO - Setting next_dagrun for dataset_produces_2 to None, run_after=None
[2023-04-15T10:55:34.478+0700] {processor.py:175} INFO - Processing /home/ahyar/Documents/tut_folder/tut_python/python_script/tut_airflow/env_airflow/lib/python3.9/site-packages/airflow/example_dags/example_datasets.py took 0.617 seconds
[2023-04-15T10:56:19.366+0700] {processor.py:153} INFO - Started process (PID=18465) to work on /home/ahyar/Documents/tut_folder/tut_python/python_script/tut_airflow/env_airflow/lib/python3.9/site-packages/airflow/example_dags/example_datasets.py
[2023-04-15T10:56:19.367+0700] {processor.py:743} INFO - Processing file /home/ahyar/Documents/tut_folder/tut_python/python_script/tut_airflow/env_airflow/lib/python3.9/site-packages/airflow/example_dags/example_datasets.py for tasks to queue
[2023-04-15T10:56:19.367+0700] {logging_mixin.py:137} INFO - [2023-04-15T10:56:19.367+0700] {dagbag.py:532} INFO - Filling up the DagBag from /home/ahyar/Documents/tut_folder/tut_python/python_script/tut_airflow/env_airflow/lib/python3.9/site-packages/airflow/example_dags/example_datasets.py
[2023-04-15T10:56:19.379+0700] {processor.py:753} INFO - DAG(s) dict_keys(['dataset_consumes_1_and_2', 'dataset_consumes_1', 'dataset_consumes_unknown_never_scheduled', 'dataset_produces_2', 'dataset_produces_1', 'dataset_consumes_1_never_scheduled']) retrieved from /home/ahyar/Documents/tut_folder/tut_python/python_script/tut_airflow/env_airflow/lib/python3.9/site-packages/airflow/example_dags/example_datasets.py
[2023-04-15T10:56:19.397+0700] {logging_mixin.py:137} INFO - [2023-04-15T10:56:19.397+0700] {dag.py:2705} INFO - Sync 6 DAGs
[2023-04-15T10:56:19.410+0700] {logging_mixin.py:137} INFO - [2023-04-15T10:56:19.410+0700] {dag.py:3452} INFO - Setting next_dagrun for dataset_consumes_1 to None, run_after=None
[2023-04-15T10:56:19.412+0700] {logging_mixin.py:137} INFO - [2023-04-15T10:56:19.411+0700] {dag.py:3452} INFO - Setting next_dagrun for dataset_consumes_1_and_2 to None, run_after=None
[2023-04-15T10:56:19.412+0700] {logging_mixin.py:137} INFO - [2023-04-15T10:56:19.412+0700] {dag.py:3452} INFO - Setting next_dagrun for dataset_consumes_1_never_scheduled to None, run_after=None
[2023-04-15T10:56:19.412+0700] {logging_mixin.py:137} INFO - [2023-04-15T10:56:19.412+0700] {dag.py:3452} INFO - Setting next_dagrun for dataset_consumes_unknown_never_scheduled to None, run_after=None
[2023-04-15T10:56:19.414+0700] {logging_mixin.py:137} INFO - [2023-04-15T10:56:19.414+0700] {dag.py:3452} INFO - Setting next_dagrun for dataset_produces_1 to 2023-04-14T00:00:00+00:00, run_after=2023-04-15T00:00:00+00:00
[2023-04-15T10:56:19.414+0700] {logging_mixin.py:137} INFO - [2023-04-15T10:56:19.414+0700] {dag.py:3452} INFO - Setting next_dagrun for dataset_produces_2 to None, run_after=None
[2023-04-15T10:56:19.436+0700] {processor.py:175} INFO - Processing /home/ahyar/Documents/tut_folder/tut_python/python_script/tut_airflow/env_airflow/lib/python3.9/site-packages/airflow/example_dags/example_datasets.py took 0.071 seconds
[2023-04-15T10:56:59.393+0700] {processor.py:153} INFO - Started process (PID=18535) to work on /home/ahyar/Documents/tut_folder/tut_python/python_script/tut_airflow/env_airflow/lib/python3.9/site-packages/airflow/example_dags/example_datasets.py
[2023-04-15T10:56:59.394+0700] {processor.py:743} INFO - Processing file /home/ahyar/Documents/tut_folder/tut_python/python_script/tut_airflow/env_airflow/lib/python3.9/site-packages/airflow/example_dags/example_datasets.py for tasks to queue
[2023-04-15T10:56:59.395+0700] {logging_mixin.py:137} INFO - [2023-04-15T10:56:59.395+0700] {dagbag.py:532} INFO - Filling up the DagBag from /home/ahyar/Documents/tut_folder/tut_python/python_script/tut_airflow/env_airflow/lib/python3.9/site-packages/airflow/example_dags/example_datasets.py
[2023-04-15T10:56:59.423+0700] {processor.py:753} INFO - DAG(s) dict_keys(['dataset_consumes_1', 'dataset_produces_1', 'dataset_consumes_1_and_2', 'dataset_consumes_unknown_never_scheduled', 'dataset_consumes_1_never_scheduled', 'dataset_produces_2']) retrieved from /home/ahyar/Documents/tut_folder/tut_python/python_script/tut_airflow/env_airflow/lib/python3.9/site-packages/airflow/example_dags/example_datasets.py
[2023-04-15T10:56:59.448+0700] {logging_mixin.py:137} INFO - [2023-04-15T10:56:59.448+0700] {dag.py:2705} INFO - Sync 6 DAGs
[2023-04-15T10:56:59.460+0700] {logging_mixin.py:137} INFO - [2023-04-15T10:56:59.460+0700] {dag.py:3452} INFO - Setting next_dagrun for dataset_consumes_1 to None, run_after=None
[2023-04-15T10:56:59.464+0700] {logging_mixin.py:137} INFO - [2023-04-15T10:56:59.464+0700] {dag.py:3452} INFO - Setting next_dagrun for dataset_consumes_1_and_2 to None, run_after=None
[2023-04-15T10:56:59.464+0700] {logging_mixin.py:137} INFO - [2023-04-15T10:56:59.464+0700] {dag.py:3452} INFO - Setting next_dagrun for dataset_consumes_1_never_scheduled to None, run_after=None
[2023-04-15T10:56:59.465+0700] {logging_mixin.py:137} INFO - [2023-04-15T10:56:59.465+0700] {dag.py:3452} INFO - Setting next_dagrun for dataset_consumes_unknown_never_scheduled to None, run_after=None
[2023-04-15T10:56:59.466+0700] {logging_mixin.py:137} INFO - [2023-04-15T10:56:59.466+0700] {dag.py:3452} INFO - Setting next_dagrun for dataset_produces_1 to 2023-04-14T00:00:00+00:00, run_after=2023-04-15T00:00:00+00:00
[2023-04-15T10:56:59.467+0700] {logging_mixin.py:137} INFO - [2023-04-15T10:56:59.466+0700] {dag.py:3452} INFO - Setting next_dagrun for dataset_produces_2 to None, run_after=None
[2023-04-15T10:56:59.489+0700] {processor.py:175} INFO - Processing /home/ahyar/Documents/tut_folder/tut_python/python_script/tut_airflow/env_airflow/lib/python3.9/site-packages/airflow/example_dags/example_datasets.py took 0.101 seconds
[2023-04-15T10:57:44.315+0700] {processor.py:153} INFO - Started process (PID=18616) to work on /home/ahyar/Documents/tut_folder/tut_python/python_script/tut_airflow/env_airflow/lib/python3.9/site-packages/airflow/example_dags/example_datasets.py
[2023-04-15T10:57:44.316+0700] {processor.py:743} INFO - Processing file /home/ahyar/Documents/tut_folder/tut_python/python_script/tut_airflow/env_airflow/lib/python3.9/site-packages/airflow/example_dags/example_datasets.py for tasks to queue
[2023-04-15T10:57:44.317+0700] {logging_mixin.py:137} INFO - [2023-04-15T10:57:44.317+0700] {dagbag.py:532} INFO - Filling up the DagBag from /home/ahyar/Documents/tut_folder/tut_python/python_script/tut_airflow/env_airflow/lib/python3.9/site-packages/airflow/example_dags/example_datasets.py
[2023-04-15T10:57:44.338+0700] {processor.py:753} INFO - DAG(s) dict_keys(['dataset_produces_1', 'dataset_produces_2', 'dataset_consumes_1_never_scheduled', 'dataset_consumes_unknown_never_scheduled', 'dataset_consumes_1_and_2', 'dataset_consumes_1']) retrieved from /home/ahyar/Documents/tut_folder/tut_python/python_script/tut_airflow/env_airflow/lib/python3.9/site-packages/airflow/example_dags/example_datasets.py
[2023-04-15T10:57:44.372+0700] {logging_mixin.py:137} INFO - [2023-04-15T10:57:44.372+0700] {dag.py:2705} INFO - Sync 6 DAGs
[2023-04-15T10:57:44.394+0700] {logging_mixin.py:137} INFO - [2023-04-15T10:57:44.393+0700] {dag.py:3452} INFO - Setting next_dagrun for dataset_consumes_1 to None, run_after=None
[2023-04-15T10:57:44.395+0700] {logging_mixin.py:137} INFO - [2023-04-15T10:57:44.395+0700] {dag.py:3452} INFO - Setting next_dagrun for dataset_consumes_1_and_2 to None, run_after=None
[2023-04-15T10:57:44.396+0700] {logging_mixin.py:137} INFO - [2023-04-15T10:57:44.396+0700] {dag.py:3452} INFO - Setting next_dagrun for dataset_consumes_1_never_scheduled to None, run_after=None
[2023-04-15T10:57:44.396+0700] {logging_mixin.py:137} INFO - [2023-04-15T10:57:44.396+0700] {dag.py:3452} INFO - Setting next_dagrun for dataset_consumes_unknown_never_scheduled to None, run_after=None
[2023-04-15T10:57:44.398+0700] {logging_mixin.py:137} INFO - [2023-04-15T10:57:44.398+0700] {dag.py:3452} INFO - Setting next_dagrun for dataset_produces_1 to 2023-04-14T00:00:00+00:00, run_after=2023-04-15T00:00:00+00:00
[2023-04-15T10:57:44.399+0700] {logging_mixin.py:137} INFO - [2023-04-15T10:57:44.399+0700] {dag.py:3452} INFO - Setting next_dagrun for dataset_produces_2 to None, run_after=None
[2023-04-15T10:57:44.429+0700] {processor.py:175} INFO - Processing /home/ahyar/Documents/tut_folder/tut_python/python_script/tut_airflow/env_airflow/lib/python3.9/site-packages/airflow/example_dags/example_datasets.py took 0.116 seconds
[2023-04-15T10:58:32.128+0700] {processor.py:153} INFO - Started process (PID=18704) to work on /home/ahyar/Documents/tut_folder/tut_python/python_script/tut_airflow/env_airflow/lib/python3.9/site-packages/airflow/example_dags/example_datasets.py
[2023-04-15T10:58:32.130+0700] {processor.py:743} INFO - Processing file /home/ahyar/Documents/tut_folder/tut_python/python_script/tut_airflow/env_airflow/lib/python3.9/site-packages/airflow/example_dags/example_datasets.py for tasks to queue
[2023-04-15T10:58:32.134+0700] {logging_mixin.py:137} INFO - [2023-04-15T10:58:32.132+0700] {dagbag.py:532} INFO - Filling up the DagBag from /home/ahyar/Documents/tut_folder/tut_python/python_script/tut_airflow/env_airflow/lib/python3.9/site-packages/airflow/example_dags/example_datasets.py
[2023-04-15T10:58:32.160+0700] {processor.py:753} INFO - DAG(s) dict_keys(['dataset_consumes_1', 'dataset_produces_2', 'dataset_consumes_1_and_2', 'dataset_consumes_unknown_never_scheduled', 'dataset_produces_1', 'dataset_consumes_1_never_scheduled']) retrieved from /home/ahyar/Documents/tut_folder/tut_python/python_script/tut_airflow/env_airflow/lib/python3.9/site-packages/airflow/example_dags/example_datasets.py
[2023-04-15T10:58:32.205+0700] {logging_mixin.py:137} INFO - [2023-04-15T10:58:32.205+0700] {dag.py:2705} INFO - Sync 6 DAGs
[2023-04-15T10:58:32.226+0700] {logging_mixin.py:137} INFO - [2023-04-15T10:58:32.225+0700] {dag.py:3452} INFO - Setting next_dagrun for dataset_consumes_1 to None, run_after=None
[2023-04-15T10:58:32.230+0700] {logging_mixin.py:137} INFO - [2023-04-15T10:58:32.230+0700] {dag.py:3452} INFO - Setting next_dagrun for dataset_consumes_1_and_2 to None, run_after=None
[2023-04-15T10:58:32.231+0700] {logging_mixin.py:137} INFO - [2023-04-15T10:58:32.231+0700] {dag.py:3452} INFO - Setting next_dagrun for dataset_consumes_1_never_scheduled to None, run_after=None
[2023-04-15T10:58:32.232+0700] {logging_mixin.py:137} INFO - [2023-04-15T10:58:32.232+0700] {dag.py:3452} INFO - Setting next_dagrun for dataset_consumes_unknown_never_scheduled to None, run_after=None
[2023-04-15T10:58:32.235+0700] {logging_mixin.py:137} INFO - [2023-04-15T10:58:32.234+0700] {dag.py:3452} INFO - Setting next_dagrun for dataset_produces_1 to 2023-04-14T00:00:00+00:00, run_after=2023-04-15T00:00:00+00:00
[2023-04-15T10:58:32.236+0700] {logging_mixin.py:137} INFO - [2023-04-15T10:58:32.236+0700] {dag.py:3452} INFO - Setting next_dagrun for dataset_produces_2 to None, run_after=None
[2023-04-15T10:58:32.272+0700] {processor.py:175} INFO - Processing /home/ahyar/Documents/tut_folder/tut_python/python_script/tut_airflow/env_airflow/lib/python3.9/site-packages/airflow/example_dags/example_datasets.py took 0.147 seconds
[2023-04-15T11:00:02.961+0700] {processor.py:153} INFO - Started process (PID=19632) to work on /home/ahyar/Documents/tut_folder/tut_python/python_script/tut_airflow/env_airflow/lib/python3.9/site-packages/airflow/example_dags/example_datasets.py
[2023-04-15T11:00:02.962+0700] {processor.py:743} INFO - Processing file /home/ahyar/Documents/tut_folder/tut_python/python_script/tut_airflow/env_airflow/lib/python3.9/site-packages/airflow/example_dags/example_datasets.py for tasks to queue
[2023-04-15T11:00:02.962+0700] {logging_mixin.py:137} INFO - [2023-04-15T11:00:02.962+0700] {dagbag.py:532} INFO - Filling up the DagBag from /home/ahyar/Documents/tut_folder/tut_python/python_script/tut_airflow/env_airflow/lib/python3.9/site-packages/airflow/example_dags/example_datasets.py
[2023-04-15T11:00:02.991+0700] {processor.py:753} INFO - DAG(s) dict_keys(['dataset_consumes_1_never_scheduled', 'dataset_produces_1', 'dataset_consumes_unknown_never_scheduled', 'dataset_consumes_1', 'dataset_produces_2', 'dataset_consumes_1_and_2']) retrieved from /home/ahyar/Documents/tut_folder/tut_python/python_script/tut_airflow/env_airflow/lib/python3.9/site-packages/airflow/example_dags/example_datasets.py
[2023-04-15T11:00:03.028+0700] {logging_mixin.py:137} INFO - [2023-04-15T11:00:03.027+0700] {dag.py:2705} INFO - Sync 6 DAGs
[2023-04-15T11:00:03.041+0700] {logging_mixin.py:137} INFO - [2023-04-15T11:00:03.041+0700] {dag.py:3452} INFO - Setting next_dagrun for dataset_consumes_1 to None, run_after=None
[2023-04-15T11:00:03.043+0700] {logging_mixin.py:137} INFO - [2023-04-15T11:00:03.043+0700] {dag.py:3452} INFO - Setting next_dagrun for dataset_consumes_1_and_2 to None, run_after=None
[2023-04-15T11:00:03.044+0700] {logging_mixin.py:137} INFO - [2023-04-15T11:00:03.044+0700] {dag.py:3452} INFO - Setting next_dagrun for dataset_consumes_1_never_scheduled to None, run_after=None
[2023-04-15T11:00:03.044+0700] {logging_mixin.py:137} INFO - [2023-04-15T11:00:03.044+0700] {dag.py:3452} INFO - Setting next_dagrun for dataset_consumes_unknown_never_scheduled to None, run_after=None
[2023-04-15T11:00:03.045+0700] {logging_mixin.py:137} INFO - [2023-04-15T11:00:03.045+0700] {dag.py:3452} INFO - Setting next_dagrun for dataset_produces_1 to 2023-04-14T00:00:00+00:00, run_after=2023-04-15T00:00:00+00:00
[2023-04-15T11:00:03.046+0700] {logging_mixin.py:137} INFO - [2023-04-15T11:00:03.046+0700] {dag.py:3452} INFO - Setting next_dagrun for dataset_produces_2 to None, run_after=None
[2023-04-15T11:00:03.077+0700] {processor.py:175} INFO - Processing /home/ahyar/Documents/tut_folder/tut_python/python_script/tut_airflow/env_airflow/lib/python3.9/site-packages/airflow/example_dags/example_datasets.py took 0.118 seconds
[2023-04-15T11:03:54.253+0700] {processor.py:153} INFO - Started process (PID=22285) to work on /home/ahyar/Documents/tut_folder/tut_python/python_script/tut_airflow/env_airflow/lib/python3.9/site-packages/airflow/example_dags/example_datasets.py
[2023-04-15T11:03:54.254+0700] {processor.py:743} INFO - Processing file /home/ahyar/Documents/tut_folder/tut_python/python_script/tut_airflow/env_airflow/lib/python3.9/site-packages/airflow/example_dags/example_datasets.py for tasks to queue
[2023-04-15T11:03:54.255+0700] {logging_mixin.py:137} INFO - [2023-04-15T11:03:54.254+0700] {dagbag.py:532} INFO - Filling up the DagBag from /home/ahyar/Documents/tut_folder/tut_python/python_script/tut_airflow/env_airflow/lib/python3.9/site-packages/airflow/example_dags/example_datasets.py
[2023-04-15T11:03:54.266+0700] {processor.py:753} INFO - DAG(s) dict_keys(['dataset_produces_2', 'dataset_consumes_1_never_scheduled', 'dataset_consumes_1', 'dataset_consumes_unknown_never_scheduled', 'dataset_consumes_1_and_2', 'dataset_produces_1']) retrieved from /home/ahyar/Documents/tut_folder/tut_python/python_script/tut_airflow/env_airflow/lib/python3.9/site-packages/airflow/example_dags/example_datasets.py
[2023-04-15T11:03:54.290+0700] {logging_mixin.py:137} INFO - [2023-04-15T11:03:54.289+0700] {dag.py:2705} INFO - Sync 6 DAGs
[2023-04-15T11:03:54.307+0700] {logging_mixin.py:137} INFO - [2023-04-15T11:03:54.306+0700] {dag.py:3452} INFO - Setting next_dagrun for dataset_consumes_1 to None, run_after=None
[2023-04-15T11:03:54.310+0700] {logging_mixin.py:137} INFO - [2023-04-15T11:03:54.310+0700] {dag.py:3452} INFO - Setting next_dagrun for dataset_consumes_1_and_2 to None, run_after=None
[2023-04-15T11:03:54.311+0700] {logging_mixin.py:137} INFO - [2023-04-15T11:03:54.311+0700] {dag.py:3452} INFO - Setting next_dagrun for dataset_consumes_1_never_scheduled to None, run_after=None
[2023-04-15T11:03:54.312+0700] {logging_mixin.py:137} INFO - [2023-04-15T11:03:54.312+0700] {dag.py:3452} INFO - Setting next_dagrun for dataset_consumes_unknown_never_scheduled to None, run_after=None
[2023-04-15T11:03:54.314+0700] {logging_mixin.py:137} INFO - [2023-04-15T11:03:54.314+0700] {dag.py:3452} INFO - Setting next_dagrun for dataset_produces_1 to 2023-04-14T00:00:00+00:00, run_after=2023-04-15T00:00:00+00:00
[2023-04-15T11:03:54.315+0700] {logging_mixin.py:137} INFO - [2023-04-15T11:03:54.315+0700] {dag.py:3452} INFO - Setting next_dagrun for dataset_produces_2 to None, run_after=None
[2023-04-15T11:03:54.469+0700] {processor.py:175} INFO - Processing /home/ahyar/Documents/tut_folder/tut_python/python_script/tut_airflow/env_airflow/lib/python3.9/site-packages/airflow/example_dags/example_datasets.py took 0.217 seconds
