[2023-04-15T10:46:49.307+0700] {processor.py:153} INFO - Started process (PID=16423) to work on /home/ahyar/Documents/tut_folder/tut_python/python_script/tut_airflow/env_airflow/lib/python3.9/site-packages/airflow/example_dags/example_external_task_marker_dag.py
[2023-04-15T10:46:49.308+0700] {processor.py:743} INFO - Processing file /home/ahyar/Documents/tut_folder/tut_python/python_script/tut_airflow/env_airflow/lib/python3.9/site-packages/airflow/example_dags/example_external_task_marker_dag.py for tasks to queue
[2023-04-15T10:46:49.309+0700] {logging_mixin.py:137} INFO - [2023-04-15T10:46:49.308+0700] {dagbag.py:532} INFO - Filling up the DagBag from /home/ahyar/Documents/tut_folder/tut_python/python_script/tut_airflow/env_airflow/lib/python3.9/site-packages/airflow/example_dags/example_external_task_marker_dag.py
[2023-04-15T10:46:49.323+0700] {processor.py:753} INFO - DAG(s) dict_keys(['example_external_task_marker_parent', 'example_external_task_marker_child']) retrieved from /home/ahyar/Documents/tut_folder/tut_python/python_script/tut_airflow/env_airflow/lib/python3.9/site-packages/airflow/example_dags/example_external_task_marker_dag.py
[2023-04-15T10:46:49.381+0700] {logging_mixin.py:137} INFO - [2023-04-15T10:46:49.381+0700] {manager.py:504} INFO - Created Permission View: can read on DAG:example_external_task_marker_parent
[2023-04-15T10:46:49.390+0700] {logging_mixin.py:137} INFO - [2023-04-15T10:46:49.390+0700] {manager.py:504} INFO - Created Permission View: can edit on DAG:example_external_task_marker_parent
[2023-04-15T10:46:49.399+0700] {logging_mixin.py:137} INFO - [2023-04-15T10:46:49.399+0700] {manager.py:504} INFO - Created Permission View: can delete on DAG:example_external_task_marker_parent
[2023-04-15T10:46:49.422+0700] {logging_mixin.py:137} INFO - [2023-04-15T10:46:49.422+0700] {manager.py:504} INFO - Created Permission View: can read on DAG:example_external_task_marker_child
[2023-04-15T10:46:49.432+0700] {logging_mixin.py:137} INFO - [2023-04-15T10:46:49.431+0700] {manager.py:504} INFO - Created Permission View: can edit on DAG:example_external_task_marker_child
[2023-04-15T10:46:49.441+0700] {logging_mixin.py:137} INFO - [2023-04-15T10:46:49.441+0700] {manager.py:504} INFO - Created Permission View: can delete on DAG:example_external_task_marker_child
[2023-04-15T10:46:49.441+0700] {logging_mixin.py:137} INFO - [2023-04-15T10:46:49.441+0700] {dag.py:2705} INFO - Sync 2 DAGs
[2023-04-15T10:46:49.449+0700] {logging_mixin.py:137} INFO - [2023-04-15T10:46:49.449+0700] {dag.py:2726} INFO - Creating ORM DAG for example_external_task_marker_child
[2023-04-15T10:46:49.449+0700] {logging_mixin.py:137} INFO - [2023-04-15T10:46:49.449+0700] {dag.py:2726} INFO - Creating ORM DAG for example_external_task_marker_parent
[2023-04-15T10:46:49.454+0700] {logging_mixin.py:137} INFO - [2023-04-15T10:46:49.453+0700] {dag.py:3452} INFO - Setting next_dagrun for example_external_task_marker_child to None, run_after=None
[2023-04-15T10:46:49.454+0700] {logging_mixin.py:137} INFO - [2023-04-15T10:46:49.454+0700] {dag.py:3452} INFO - Setting next_dagrun for example_external_task_marker_parent to None, run_after=None
[2023-04-15T10:46:49.469+0700] {processor.py:175} INFO - Processing /home/ahyar/Documents/tut_folder/tut_python/python_script/tut_airflow/env_airflow/lib/python3.9/site-packages/airflow/example_dags/example_external_task_marker_dag.py took 0.164 seconds
[2023-04-15T10:47:32.004+0700] {processor.py:153} INFO - Started process (PID=16606) to work on /home/ahyar/Documents/tut_folder/tut_python/python_script/tut_airflow/env_airflow/lib/python3.9/site-packages/airflow/example_dags/example_external_task_marker_dag.py
[2023-04-15T10:47:32.005+0700] {processor.py:743} INFO - Processing file /home/ahyar/Documents/tut_folder/tut_python/python_script/tut_airflow/env_airflow/lib/python3.9/site-packages/airflow/example_dags/example_external_task_marker_dag.py for tasks to queue
[2023-04-15T10:47:32.006+0700] {logging_mixin.py:137} INFO - [2023-04-15T10:47:32.006+0700] {dagbag.py:532} INFO - Filling up the DagBag from /home/ahyar/Documents/tut_folder/tut_python/python_script/tut_airflow/env_airflow/lib/python3.9/site-packages/airflow/example_dags/example_external_task_marker_dag.py
[2023-04-15T10:47:32.016+0700] {processor.py:753} INFO - DAG(s) dict_keys(['example_external_task_marker_child', 'example_external_task_marker_parent']) retrieved from /home/ahyar/Documents/tut_folder/tut_python/python_script/tut_airflow/env_airflow/lib/python3.9/site-packages/airflow/example_dags/example_external_task_marker_dag.py
[2023-04-15T10:47:32.026+0700] {logging_mixin.py:137} INFO - [2023-04-15T10:47:32.026+0700] {dag.py:2705} INFO - Sync 2 DAGs
[2023-04-15T10:47:32.036+0700] {logging_mixin.py:137} INFO - [2023-04-15T10:47:32.036+0700] {dag.py:3452} INFO - Setting next_dagrun for example_external_task_marker_child to None, run_after=None
[2023-04-15T10:47:32.038+0700] {logging_mixin.py:137} INFO - [2023-04-15T10:47:32.037+0700] {dag.py:3452} INFO - Setting next_dagrun for example_external_task_marker_parent to None, run_after=None
[2023-04-15T10:47:32.052+0700] {processor.py:175} INFO - Processing /home/ahyar/Documents/tut_folder/tut_python/python_script/tut_airflow/env_airflow/lib/python3.9/site-packages/airflow/example_dags/example_external_task_marker_dag.py took 0.052 seconds
[2023-04-15T10:48:44.212+0700] {processor.py:153} INFO - Started process (PID=17093) to work on /home/ahyar/Documents/tut_folder/tut_python/python_script/tut_airflow/env_airflow/lib/python3.9/site-packages/airflow/example_dags/example_external_task_marker_dag.py
[2023-04-15T10:48:44.213+0700] {processor.py:743} INFO - Processing file /home/ahyar/Documents/tut_folder/tut_python/python_script/tut_airflow/env_airflow/lib/python3.9/site-packages/airflow/example_dags/example_external_task_marker_dag.py for tasks to queue
[2023-04-15T10:48:44.214+0700] {logging_mixin.py:137} INFO - [2023-04-15T10:48:44.214+0700] {dagbag.py:532} INFO - Filling up the DagBag from /home/ahyar/Documents/tut_folder/tut_python/python_script/tut_airflow/env_airflow/lib/python3.9/site-packages/airflow/example_dags/example_external_task_marker_dag.py
[2023-04-15T10:48:44.237+0700] {processor.py:753} INFO - DAG(s) dict_keys(['example_external_task_marker_parent', 'example_external_task_marker_child']) retrieved from /home/ahyar/Documents/tut_folder/tut_python/python_script/tut_airflow/env_airflow/lib/python3.9/site-packages/airflow/example_dags/example_external_task_marker_dag.py
[2023-04-15T10:48:44.264+0700] {logging_mixin.py:137} INFO - [2023-04-15T10:48:44.264+0700] {dag.py:2705} INFO - Sync 2 DAGs
[2023-04-15T10:48:44.289+0700] {logging_mixin.py:137} INFO - [2023-04-15T10:48:44.289+0700] {dag.py:3452} INFO - Setting next_dagrun for example_external_task_marker_child to None, run_after=None
[2023-04-15T10:48:44.291+0700] {logging_mixin.py:137} INFO - [2023-04-15T10:48:44.290+0700] {dag.py:3452} INFO - Setting next_dagrun for example_external_task_marker_parent to None, run_after=None
[2023-04-15T10:48:44.314+0700] {processor.py:175} INFO - Processing /home/ahyar/Documents/tut_folder/tut_python/python_script/tut_airflow/env_airflow/lib/python3.9/site-packages/airflow/example_dags/example_external_task_marker_dag.py took 0.106 seconds
[2023-04-15T10:49:31.569+0700] {processor.py:153} INFO - Started process (PID=17462) to work on /home/ahyar/Documents/tut_folder/tut_python/python_script/tut_airflow/env_airflow/lib/python3.9/site-packages/airflow/example_dags/example_external_task_marker_dag.py
[2023-04-15T10:49:31.573+0700] {processor.py:743} INFO - Processing file /home/ahyar/Documents/tut_folder/tut_python/python_script/tut_airflow/env_airflow/lib/python3.9/site-packages/airflow/example_dags/example_external_task_marker_dag.py for tasks to queue
[2023-04-15T10:49:31.574+0700] {logging_mixin.py:137} INFO - [2023-04-15T10:49:31.574+0700] {dagbag.py:532} INFO - Filling up the DagBag from /home/ahyar/Documents/tut_folder/tut_python/python_script/tut_airflow/env_airflow/lib/python3.9/site-packages/airflow/example_dags/example_external_task_marker_dag.py
[2023-04-15T10:49:31.602+0700] {processor.py:753} INFO - DAG(s) dict_keys(['example_external_task_marker_parent', 'example_external_task_marker_child']) retrieved from /home/ahyar/Documents/tut_folder/tut_python/python_script/tut_airflow/env_airflow/lib/python3.9/site-packages/airflow/example_dags/example_external_task_marker_dag.py
[2023-04-15T10:49:31.642+0700] {logging_mixin.py:137} INFO - [2023-04-15T10:49:31.642+0700] {dag.py:2705} INFO - Sync 2 DAGs
[2023-04-15T10:49:31.684+0700] {logging_mixin.py:137} INFO - [2023-04-15T10:49:31.684+0700] {dag.py:3452} INFO - Setting next_dagrun for example_external_task_marker_child to None, run_after=None
[2023-04-15T10:49:31.689+0700] {logging_mixin.py:137} INFO - [2023-04-15T10:49:31.688+0700] {dag.py:3452} INFO - Setting next_dagrun for example_external_task_marker_parent to None, run_after=None
[2023-04-15T10:49:31.729+0700] {processor.py:175} INFO - Processing /home/ahyar/Documents/tut_folder/tut_python/python_script/tut_airflow/env_airflow/lib/python3.9/site-packages/airflow/example_dags/example_external_task_marker_dag.py took 0.167 seconds
[2023-04-15T10:50:17.041+0700] {processor.py:153} INFO - Started process (PID=17685) to work on /home/ahyar/Documents/tut_folder/tut_python/python_script/tut_airflow/env_airflow/lib/python3.9/site-packages/airflow/example_dags/example_external_task_marker_dag.py
[2023-04-15T10:50:17.042+0700] {processor.py:743} INFO - Processing file /home/ahyar/Documents/tut_folder/tut_python/python_script/tut_airflow/env_airflow/lib/python3.9/site-packages/airflow/example_dags/example_external_task_marker_dag.py for tasks to queue
[2023-04-15T10:50:17.042+0700] {logging_mixin.py:137} INFO - [2023-04-15T10:50:17.042+0700] {dagbag.py:532} INFO - Filling up the DagBag from /home/ahyar/Documents/tut_folder/tut_python/python_script/tut_airflow/env_airflow/lib/python3.9/site-packages/airflow/example_dags/example_external_task_marker_dag.py
[2023-04-15T10:50:17.053+0700] {processor.py:753} INFO - DAG(s) dict_keys(['example_external_task_marker_child', 'example_external_task_marker_parent']) retrieved from /home/ahyar/Documents/tut_folder/tut_python/python_script/tut_airflow/env_airflow/lib/python3.9/site-packages/airflow/example_dags/example_external_task_marker_dag.py
[2023-04-15T10:50:17.068+0700] {logging_mixin.py:137} INFO - [2023-04-15T10:50:17.068+0700] {dag.py:2705} INFO - Sync 2 DAGs
[2023-04-15T10:50:17.082+0700] {logging_mixin.py:137} INFO - [2023-04-15T10:50:17.082+0700] {dag.py:3452} INFO - Setting next_dagrun for example_external_task_marker_child to None, run_after=None
[2023-04-15T10:50:17.085+0700] {logging_mixin.py:137} INFO - [2023-04-15T10:50:17.085+0700] {dag.py:3452} INFO - Setting next_dagrun for example_external_task_marker_parent to None, run_after=None
[2023-04-15T10:50:17.107+0700] {processor.py:175} INFO - Processing /home/ahyar/Documents/tut_folder/tut_python/python_script/tut_airflow/env_airflow/lib/python3.9/site-packages/airflow/example_dags/example_external_task_marker_dag.py took 0.068 seconds
[2023-04-15T10:50:58.558+0700] {processor.py:153} INFO - Started process (PID=17770) to work on /home/ahyar/Documents/tut_folder/tut_python/python_script/tut_airflow/env_airflow/lib/python3.9/site-packages/airflow/example_dags/example_external_task_marker_dag.py
[2023-04-15T10:50:58.559+0700] {processor.py:743} INFO - Processing file /home/ahyar/Documents/tut_folder/tut_python/python_script/tut_airflow/env_airflow/lib/python3.9/site-packages/airflow/example_dags/example_external_task_marker_dag.py for tasks to queue
[2023-04-15T10:50:58.560+0700] {logging_mixin.py:137} INFO - [2023-04-15T10:50:58.560+0700] {dagbag.py:532} INFO - Filling up the DagBag from /home/ahyar/Documents/tut_folder/tut_python/python_script/tut_airflow/env_airflow/lib/python3.9/site-packages/airflow/example_dags/example_external_task_marker_dag.py
[2023-04-15T10:50:58.576+0700] {processor.py:753} INFO - DAG(s) dict_keys(['example_external_task_marker_child', 'example_external_task_marker_parent']) retrieved from /home/ahyar/Documents/tut_folder/tut_python/python_script/tut_airflow/env_airflow/lib/python3.9/site-packages/airflow/example_dags/example_external_task_marker_dag.py
[2023-04-15T10:50:58.588+0700] {logging_mixin.py:137} INFO - [2023-04-15T10:50:58.588+0700] {dag.py:2705} INFO - Sync 2 DAGs
[2023-04-15T10:50:58.599+0700] {logging_mixin.py:137} INFO - [2023-04-15T10:50:58.598+0700] {dag.py:3452} INFO - Setting next_dagrun for example_external_task_marker_child to None, run_after=None
[2023-04-15T10:50:58.600+0700] {logging_mixin.py:137} INFO - [2023-04-15T10:50:58.600+0700] {dag.py:3452} INFO - Setting next_dagrun for example_external_task_marker_parent to None, run_after=None
[2023-04-15T10:50:58.613+0700] {processor.py:175} INFO - Processing /home/ahyar/Documents/tut_folder/tut_python/python_script/tut_airflow/env_airflow/lib/python3.9/site-packages/airflow/example_dags/example_external_task_marker_dag.py took 0.059 seconds
[2023-04-15T10:51:41.142+0700] {processor.py:153} INFO - Started process (PID=17851) to work on /home/ahyar/Documents/tut_folder/tut_python/python_script/tut_airflow/env_airflow/lib/python3.9/site-packages/airflow/example_dags/example_external_task_marker_dag.py
[2023-04-15T10:51:41.143+0700] {processor.py:743} INFO - Processing file /home/ahyar/Documents/tut_folder/tut_python/python_script/tut_airflow/env_airflow/lib/python3.9/site-packages/airflow/example_dags/example_external_task_marker_dag.py for tasks to queue
[2023-04-15T10:51:41.143+0700] {logging_mixin.py:137} INFO - [2023-04-15T10:51:41.143+0700] {dagbag.py:532} INFO - Filling up the DagBag from /home/ahyar/Documents/tut_folder/tut_python/python_script/tut_airflow/env_airflow/lib/python3.9/site-packages/airflow/example_dags/example_external_task_marker_dag.py
[2023-04-15T10:51:41.159+0700] {processor.py:753} INFO - DAG(s) dict_keys(['example_external_task_marker_child', 'example_external_task_marker_parent']) retrieved from /home/ahyar/Documents/tut_folder/tut_python/python_script/tut_airflow/env_airflow/lib/python3.9/site-packages/airflow/example_dags/example_external_task_marker_dag.py
[2023-04-15T10:51:41.173+0700] {logging_mixin.py:137} INFO - [2023-04-15T10:51:41.173+0700] {dag.py:2705} INFO - Sync 2 DAGs
[2023-04-15T10:51:41.183+0700] {logging_mixin.py:137} INFO - [2023-04-15T10:51:41.183+0700] {dag.py:3452} INFO - Setting next_dagrun for example_external_task_marker_child to None, run_after=None
[2023-04-15T10:51:41.185+0700] {logging_mixin.py:137} INFO - [2023-04-15T10:51:41.185+0700] {dag.py:3452} INFO - Setting next_dagrun for example_external_task_marker_parent to None, run_after=None
[2023-04-15T10:51:41.198+0700] {processor.py:175} INFO - Processing /home/ahyar/Documents/tut_folder/tut_python/python_script/tut_airflow/env_airflow/lib/python3.9/site-packages/airflow/example_dags/example_external_task_marker_dag.py took 0.060 seconds
[2023-04-15T10:52:25.693+0700] {processor.py:153} INFO - Started process (PID=17949) to work on /home/ahyar/Documents/tut_folder/tut_python/python_script/tut_airflow/env_airflow/lib/python3.9/site-packages/airflow/example_dags/example_external_task_marker_dag.py
[2023-04-15T10:52:25.694+0700] {processor.py:743} INFO - Processing file /home/ahyar/Documents/tut_folder/tut_python/python_script/tut_airflow/env_airflow/lib/python3.9/site-packages/airflow/example_dags/example_external_task_marker_dag.py for tasks to queue
[2023-04-15T10:52:25.695+0700] {logging_mixin.py:137} INFO - [2023-04-15T10:52:25.695+0700] {dagbag.py:532} INFO - Filling up the DagBag from /home/ahyar/Documents/tut_folder/tut_python/python_script/tut_airflow/env_airflow/lib/python3.9/site-packages/airflow/example_dags/example_external_task_marker_dag.py
[2023-04-15T10:52:25.715+0700] {processor.py:753} INFO - DAG(s) dict_keys(['example_external_task_marker_parent', 'example_external_task_marker_child']) retrieved from /home/ahyar/Documents/tut_folder/tut_python/python_script/tut_airflow/env_airflow/lib/python3.9/site-packages/airflow/example_dags/example_external_task_marker_dag.py
[2023-04-15T10:52:25.744+0700] {logging_mixin.py:137} INFO - [2023-04-15T10:52:25.744+0700] {dag.py:2705} INFO - Sync 2 DAGs
[2023-04-15T10:52:25.781+0700] {logging_mixin.py:137} INFO - [2023-04-15T10:52:25.780+0700] {dag.py:3452} INFO - Setting next_dagrun for example_external_task_marker_child to None, run_after=None
[2023-04-15T10:52:25.793+0700] {logging_mixin.py:137} INFO - [2023-04-15T10:52:25.792+0700] {dag.py:3452} INFO - Setting next_dagrun for example_external_task_marker_parent to None, run_after=None
[2023-04-15T10:52:25.847+0700] {processor.py:175} INFO - Processing /home/ahyar/Documents/tut_folder/tut_python/python_script/tut_airflow/env_airflow/lib/python3.9/site-packages/airflow/example_dags/example_external_task_marker_dag.py took 0.159 seconds
[2023-04-15T10:53:14.189+0700] {processor.py:153} INFO - Started process (PID=18104) to work on /home/ahyar/Documents/tut_folder/tut_python/python_script/tut_airflow/env_airflow/lib/python3.9/site-packages/airflow/example_dags/example_external_task_marker_dag.py
[2023-04-15T10:53:14.202+0700] {processor.py:743} INFO - Processing file /home/ahyar/Documents/tut_folder/tut_python/python_script/tut_airflow/env_airflow/lib/python3.9/site-packages/airflow/example_dags/example_external_task_marker_dag.py for tasks to queue
[2023-04-15T10:53:14.203+0700] {logging_mixin.py:137} INFO - [2023-04-15T10:53:14.203+0700] {dagbag.py:532} INFO - Filling up the DagBag from /home/ahyar/Documents/tut_folder/tut_python/python_script/tut_airflow/env_airflow/lib/python3.9/site-packages/airflow/example_dags/example_external_task_marker_dag.py
[2023-04-15T10:53:14.233+0700] {processor.py:753} INFO - DAG(s) dict_keys(['example_external_task_marker_child', 'example_external_task_marker_parent']) retrieved from /home/ahyar/Documents/tut_folder/tut_python/python_script/tut_airflow/env_airflow/lib/python3.9/site-packages/airflow/example_dags/example_external_task_marker_dag.py
[2023-04-15T10:53:14.271+0700] {logging_mixin.py:137} INFO - [2023-04-15T10:53:14.271+0700] {dag.py:2705} INFO - Sync 2 DAGs
[2023-04-15T10:53:14.307+0700] {logging_mixin.py:137} INFO - [2023-04-15T10:53:14.306+0700] {dag.py:3452} INFO - Setting next_dagrun for example_external_task_marker_child to None, run_after=None
[2023-04-15T10:53:14.311+0700] {logging_mixin.py:137} INFO - [2023-04-15T10:53:14.311+0700] {dag.py:3452} INFO - Setting next_dagrun for example_external_task_marker_parent to None, run_after=None
[2023-04-15T10:53:14.360+0700] {processor.py:175} INFO - Processing /home/ahyar/Documents/tut_folder/tut_python/python_script/tut_airflow/env_airflow/lib/python3.9/site-packages/airflow/example_dags/example_external_task_marker_dag.py took 0.179 seconds
[2023-04-15T10:54:00.281+0700] {processor.py:153} INFO - Started process (PID=18194) to work on /home/ahyar/Documents/tut_folder/tut_python/python_script/tut_airflow/env_airflow/lib/python3.9/site-packages/airflow/example_dags/example_external_task_marker_dag.py
[2023-04-15T10:54:00.281+0700] {processor.py:743} INFO - Processing file /home/ahyar/Documents/tut_folder/tut_python/python_script/tut_airflow/env_airflow/lib/python3.9/site-packages/airflow/example_dags/example_external_task_marker_dag.py for tasks to queue
[2023-04-15T10:54:00.282+0700] {logging_mixin.py:137} INFO - [2023-04-15T10:54:00.282+0700] {dagbag.py:532} INFO - Filling up the DagBag from /home/ahyar/Documents/tut_folder/tut_python/python_script/tut_airflow/env_airflow/lib/python3.9/site-packages/airflow/example_dags/example_external_task_marker_dag.py
[2023-04-15T10:54:00.290+0700] {processor.py:753} INFO - DAG(s) dict_keys(['example_external_task_marker_child', 'example_external_task_marker_parent']) retrieved from /home/ahyar/Documents/tut_folder/tut_python/python_script/tut_airflow/env_airflow/lib/python3.9/site-packages/airflow/example_dags/example_external_task_marker_dag.py
[2023-04-15T10:54:00.301+0700] {logging_mixin.py:137} INFO - [2023-04-15T10:54:00.301+0700] {dag.py:2705} INFO - Sync 2 DAGs
[2023-04-15T10:54:00.312+0700] {logging_mixin.py:137} INFO - [2023-04-15T10:54:00.312+0700] {dag.py:3452} INFO - Setting next_dagrun for example_external_task_marker_child to None, run_after=None
[2023-04-15T10:54:00.313+0700] {logging_mixin.py:137} INFO - [2023-04-15T10:54:00.313+0700] {dag.py:3452} INFO - Setting next_dagrun for example_external_task_marker_parent to None, run_after=None
[2023-04-15T10:54:00.327+0700] {processor.py:175} INFO - Processing /home/ahyar/Documents/tut_folder/tut_python/python_script/tut_airflow/env_airflow/lib/python3.9/site-packages/airflow/example_dags/example_external_task_marker_dag.py took 0.049 seconds
[2023-04-15T10:54:43.159+0700] {processor.py:153} INFO - Started process (PID=18287) to work on /home/ahyar/Documents/tut_folder/tut_python/python_script/tut_airflow/env_airflow/lib/python3.9/site-packages/airflow/example_dags/example_external_task_marker_dag.py
[2023-04-15T10:54:43.162+0700] {processor.py:743} INFO - Processing file /home/ahyar/Documents/tut_folder/tut_python/python_script/tut_airflow/env_airflow/lib/python3.9/site-packages/airflow/example_dags/example_external_task_marker_dag.py for tasks to queue
[2023-04-15T10:54:43.163+0700] {logging_mixin.py:137} INFO - [2023-04-15T10:54:43.163+0700] {dagbag.py:532} INFO - Filling up the DagBag from /home/ahyar/Documents/tut_folder/tut_python/python_script/tut_airflow/env_airflow/lib/python3.9/site-packages/airflow/example_dags/example_external_task_marker_dag.py
[2023-04-15T10:54:43.181+0700] {processor.py:753} INFO - DAG(s) dict_keys(['example_external_task_marker_child', 'example_external_task_marker_parent']) retrieved from /home/ahyar/Documents/tut_folder/tut_python/python_script/tut_airflow/env_airflow/lib/python3.9/site-packages/airflow/example_dags/example_external_task_marker_dag.py
[2023-04-15T10:54:43.218+0700] {logging_mixin.py:137} INFO - [2023-04-15T10:54:43.217+0700] {dag.py:2705} INFO - Sync 2 DAGs
[2023-04-15T10:54:43.260+0700] {logging_mixin.py:137} INFO - [2023-04-15T10:54:43.259+0700] {dag.py:3452} INFO - Setting next_dagrun for example_external_task_marker_child to None, run_after=None
[2023-04-15T10:54:43.264+0700] {logging_mixin.py:137} INFO - [2023-04-15T10:54:43.264+0700] {dag.py:3452} INFO - Setting next_dagrun for example_external_task_marker_parent to None, run_after=None
[2023-04-15T10:54:43.302+0700] {processor.py:175} INFO - Processing /home/ahyar/Documents/tut_folder/tut_python/python_script/tut_airflow/env_airflow/lib/python3.9/site-packages/airflow/example_dags/example_external_task_marker_dag.py took 0.148 seconds
[2023-04-15T10:55:27.407+0700] {processor.py:153} INFO - Started process (PID=18351) to work on /home/ahyar/Documents/tut_folder/tut_python/python_script/tut_airflow/env_airflow/lib/python3.9/site-packages/airflow/example_dags/example_external_task_marker_dag.py
[2023-04-15T10:55:27.407+0700] {processor.py:743} INFO - Processing file /home/ahyar/Documents/tut_folder/tut_python/python_script/tut_airflow/env_airflow/lib/python3.9/site-packages/airflow/example_dags/example_external_task_marker_dag.py for tasks to queue
[2023-04-15T10:55:27.408+0700] {logging_mixin.py:137} INFO - [2023-04-15T10:55:27.408+0700] {dagbag.py:532} INFO - Filling up the DagBag from /home/ahyar/Documents/tut_folder/tut_python/python_script/tut_airflow/env_airflow/lib/python3.9/site-packages/airflow/example_dags/example_external_task_marker_dag.py
[2023-04-15T10:55:27.417+0700] {processor.py:753} INFO - DAG(s) dict_keys(['example_external_task_marker_parent', 'example_external_task_marker_child']) retrieved from /home/ahyar/Documents/tut_folder/tut_python/python_script/tut_airflow/env_airflow/lib/python3.9/site-packages/airflow/example_dags/example_external_task_marker_dag.py
[2023-04-15T10:55:27.436+0700] {logging_mixin.py:137} INFO - [2023-04-15T10:55:27.436+0700] {dag.py:2705} INFO - Sync 2 DAGs
[2023-04-15T10:55:27.447+0700] {logging_mixin.py:137} INFO - [2023-04-15T10:55:27.447+0700] {dag.py:3452} INFO - Setting next_dagrun for example_external_task_marker_child to None, run_after=None
[2023-04-15T10:55:27.450+0700] {logging_mixin.py:137} INFO - [2023-04-15T10:55:27.450+0700] {dag.py:3452} INFO - Setting next_dagrun for example_external_task_marker_parent to None, run_after=None
[2023-04-15T10:55:27.472+0700] {processor.py:175} INFO - Processing /home/ahyar/Documents/tut_folder/tut_python/python_script/tut_airflow/env_airflow/lib/python3.9/site-packages/airflow/example_dags/example_external_task_marker_dag.py took 0.068 seconds
[2023-04-15T10:56:14.078+0700] {processor.py:153} INFO - Started process (PID=18460) to work on /home/ahyar/Documents/tut_folder/tut_python/python_script/tut_airflow/env_airflow/lib/python3.9/site-packages/airflow/example_dags/example_external_task_marker_dag.py
[2023-04-15T10:56:14.079+0700] {processor.py:743} INFO - Processing file /home/ahyar/Documents/tut_folder/tut_python/python_script/tut_airflow/env_airflow/lib/python3.9/site-packages/airflow/example_dags/example_external_task_marker_dag.py for tasks to queue
[2023-04-15T10:56:14.080+0700] {logging_mixin.py:137} INFO - [2023-04-15T10:56:14.080+0700] {dagbag.py:532} INFO - Filling up the DagBag from /home/ahyar/Documents/tut_folder/tut_python/python_script/tut_airflow/env_airflow/lib/python3.9/site-packages/airflow/example_dags/example_external_task_marker_dag.py
[2023-04-15T10:56:14.090+0700] {processor.py:753} INFO - DAG(s) dict_keys(['example_external_task_marker_child', 'example_external_task_marker_parent']) retrieved from /home/ahyar/Documents/tut_folder/tut_python/python_script/tut_airflow/env_airflow/lib/python3.9/site-packages/airflow/example_dags/example_external_task_marker_dag.py
[2023-04-15T10:56:14.108+0700] {logging_mixin.py:137} INFO - [2023-04-15T10:56:14.107+0700] {dag.py:2705} INFO - Sync 2 DAGs
[2023-04-15T10:56:14.124+0700] {logging_mixin.py:137} INFO - [2023-04-15T10:56:14.124+0700] {dag.py:3452} INFO - Setting next_dagrun for example_external_task_marker_child to None, run_after=None
[2023-04-15T10:56:14.128+0700] {logging_mixin.py:137} INFO - [2023-04-15T10:56:14.127+0700] {dag.py:3452} INFO - Setting next_dagrun for example_external_task_marker_parent to None, run_after=None
[2023-04-15T10:56:14.146+0700] {processor.py:175} INFO - Processing /home/ahyar/Documents/tut_folder/tut_python/python_script/tut_airflow/env_airflow/lib/python3.9/site-packages/airflow/example_dags/example_external_task_marker_dag.py took 0.070 seconds
[2023-04-15T10:56:54.737+0700] {processor.py:153} INFO - Started process (PID=18528) to work on /home/ahyar/Documents/tut_folder/tut_python/python_script/tut_airflow/env_airflow/lib/python3.9/site-packages/airflow/example_dags/example_external_task_marker_dag.py
[2023-04-15T10:56:54.738+0700] {processor.py:743} INFO - Processing file /home/ahyar/Documents/tut_folder/tut_python/python_script/tut_airflow/env_airflow/lib/python3.9/site-packages/airflow/example_dags/example_external_task_marker_dag.py for tasks to queue
[2023-04-15T10:56:54.738+0700] {logging_mixin.py:137} INFO - [2023-04-15T10:56:54.738+0700] {dagbag.py:532} INFO - Filling up the DagBag from /home/ahyar/Documents/tut_folder/tut_python/python_script/tut_airflow/env_airflow/lib/python3.9/site-packages/airflow/example_dags/example_external_task_marker_dag.py
[2023-04-15T10:56:54.748+0700] {processor.py:753} INFO - DAG(s) dict_keys(['example_external_task_marker_parent', 'example_external_task_marker_child']) retrieved from /home/ahyar/Documents/tut_folder/tut_python/python_script/tut_airflow/env_airflow/lib/python3.9/site-packages/airflow/example_dags/example_external_task_marker_dag.py
[2023-04-15T10:56:54.761+0700] {logging_mixin.py:137} INFO - [2023-04-15T10:56:54.761+0700] {dag.py:2705} INFO - Sync 2 DAGs
[2023-04-15T10:56:54.772+0700] {logging_mixin.py:137} INFO - [2023-04-15T10:56:54.772+0700] {dag.py:3452} INFO - Setting next_dagrun for example_external_task_marker_child to None, run_after=None
[2023-04-15T10:56:54.775+0700] {logging_mixin.py:137} INFO - [2023-04-15T10:56:54.775+0700] {dag.py:3452} INFO - Setting next_dagrun for example_external_task_marker_parent to None, run_after=None
[2023-04-15T10:56:54.794+0700] {processor.py:175} INFO - Processing /home/ahyar/Documents/tut_folder/tut_python/python_script/tut_airflow/env_airflow/lib/python3.9/site-packages/airflow/example_dags/example_external_task_marker_dag.py took 0.058 seconds
[2023-04-15T10:57:39.297+0700] {processor.py:153} INFO - Started process (PID=18609) to work on /home/ahyar/Documents/tut_folder/tut_python/python_script/tut_airflow/env_airflow/lib/python3.9/site-packages/airflow/example_dags/example_external_task_marker_dag.py
[2023-04-15T10:57:39.299+0700] {processor.py:743} INFO - Processing file /home/ahyar/Documents/tut_folder/tut_python/python_script/tut_airflow/env_airflow/lib/python3.9/site-packages/airflow/example_dags/example_external_task_marker_dag.py for tasks to queue
[2023-04-15T10:57:39.300+0700] {logging_mixin.py:137} INFO - [2023-04-15T10:57:39.300+0700] {dagbag.py:532} INFO - Filling up the DagBag from /home/ahyar/Documents/tut_folder/tut_python/python_script/tut_airflow/env_airflow/lib/python3.9/site-packages/airflow/example_dags/example_external_task_marker_dag.py
[2023-04-15T10:57:39.329+0700] {processor.py:753} INFO - DAG(s) dict_keys(['example_external_task_marker_child', 'example_external_task_marker_parent']) retrieved from /home/ahyar/Documents/tut_folder/tut_python/python_script/tut_airflow/env_airflow/lib/python3.9/site-packages/airflow/example_dags/example_external_task_marker_dag.py
[2023-04-15T10:57:39.350+0700] {logging_mixin.py:137} INFO - [2023-04-15T10:57:39.350+0700] {dag.py:2705} INFO - Sync 2 DAGs
[2023-04-15T10:57:39.365+0700] {logging_mixin.py:137} INFO - [2023-04-15T10:57:39.365+0700] {dag.py:3452} INFO - Setting next_dagrun for example_external_task_marker_child to None, run_after=None
[2023-04-15T10:57:39.367+0700] {logging_mixin.py:137} INFO - [2023-04-15T10:57:39.367+0700] {dag.py:3452} INFO - Setting next_dagrun for example_external_task_marker_parent to None, run_after=None
[2023-04-15T10:57:39.384+0700] {processor.py:175} INFO - Processing /home/ahyar/Documents/tut_folder/tut_python/python_script/tut_airflow/env_airflow/lib/python3.9/site-packages/airflow/example_dags/example_external_task_marker_dag.py took 0.096 seconds
[2023-04-15T10:58:26.898+0700] {processor.py:153} INFO - Started process (PID=18699) to work on /home/ahyar/Documents/tut_folder/tut_python/python_script/tut_airflow/env_airflow/lib/python3.9/site-packages/airflow/example_dags/example_external_task_marker_dag.py
[2023-04-15T10:58:26.900+0700] {processor.py:743} INFO - Processing file /home/ahyar/Documents/tut_folder/tut_python/python_script/tut_airflow/env_airflow/lib/python3.9/site-packages/airflow/example_dags/example_external_task_marker_dag.py for tasks to queue
[2023-04-15T10:58:26.901+0700] {logging_mixin.py:137} INFO - [2023-04-15T10:58:26.900+0700] {dagbag.py:532} INFO - Filling up the DagBag from /home/ahyar/Documents/tut_folder/tut_python/python_script/tut_airflow/env_airflow/lib/python3.9/site-packages/airflow/example_dags/example_external_task_marker_dag.py
[2023-04-15T10:58:26.918+0700] {processor.py:753} INFO - DAG(s) dict_keys(['example_external_task_marker_parent', 'example_external_task_marker_child']) retrieved from /home/ahyar/Documents/tut_folder/tut_python/python_script/tut_airflow/env_airflow/lib/python3.9/site-packages/airflow/example_dags/example_external_task_marker_dag.py
[2023-04-15T10:58:26.935+0700] {logging_mixin.py:137} INFO - [2023-04-15T10:58:26.935+0700] {dag.py:2705} INFO - Sync 2 DAGs
[2023-04-15T10:58:26.950+0700] {logging_mixin.py:137} INFO - [2023-04-15T10:58:26.950+0700] {dag.py:3452} INFO - Setting next_dagrun for example_external_task_marker_child to None, run_after=None
[2023-04-15T10:58:26.952+0700] {logging_mixin.py:137} INFO - [2023-04-15T10:58:26.952+0700] {dag.py:3452} INFO - Setting next_dagrun for example_external_task_marker_parent to None, run_after=None
[2023-04-15T10:58:26.968+0700] {processor.py:175} INFO - Processing /home/ahyar/Documents/tut_folder/tut_python/python_script/tut_airflow/env_airflow/lib/python3.9/site-packages/airflow/example_dags/example_external_task_marker_dag.py took 0.074 seconds
[2023-04-15T10:59:33.605+0700] {processor.py:153} INFO - Started process (PID=19222) to work on /home/ahyar/Documents/tut_folder/tut_python/python_script/tut_airflow/env_airflow/lib/python3.9/site-packages/airflow/example_dags/example_external_task_marker_dag.py
[2023-04-15T10:59:33.607+0700] {processor.py:743} INFO - Processing file /home/ahyar/Documents/tut_folder/tut_python/python_script/tut_airflow/env_airflow/lib/python3.9/site-packages/airflow/example_dags/example_external_task_marker_dag.py for tasks to queue
[2023-04-15T10:59:33.609+0700] {logging_mixin.py:137} INFO - [2023-04-15T10:59:33.609+0700] {dagbag.py:532} INFO - Filling up the DagBag from /home/ahyar/Documents/tut_folder/tut_python/python_script/tut_airflow/env_airflow/lib/python3.9/site-packages/airflow/example_dags/example_external_task_marker_dag.py
[2023-04-15T10:59:33.650+0700] {processor.py:753} INFO - DAG(s) dict_keys(['example_external_task_marker_parent', 'example_external_task_marker_child']) retrieved from /home/ahyar/Documents/tut_folder/tut_python/python_script/tut_airflow/env_airflow/lib/python3.9/site-packages/airflow/example_dags/example_external_task_marker_dag.py
[2023-04-15T10:59:33.722+0700] {logging_mixin.py:137} INFO - [2023-04-15T10:59:33.721+0700] {dag.py:2705} INFO - Sync 2 DAGs
[2023-04-15T10:59:33.760+0700] {logging_mixin.py:137} INFO - [2023-04-15T10:59:33.759+0700] {dag.py:3452} INFO - Setting next_dagrun for example_external_task_marker_child to None, run_after=None
[2023-04-15T10:59:33.772+0700] {logging_mixin.py:137} INFO - [2023-04-15T10:59:33.772+0700] {dag.py:3452} INFO - Setting next_dagrun for example_external_task_marker_parent to None, run_after=None
[2023-04-15T10:59:33.825+0700] {processor.py:175} INFO - Processing /home/ahyar/Documents/tut_folder/tut_python/python_script/tut_airflow/env_airflow/lib/python3.9/site-packages/airflow/example_dags/example_external_task_marker_dag.py took 0.228 seconds
[2023-04-15T11:03:18.573+0700] {processor.py:153} INFO - Started process (PID=21817) to work on /home/ahyar/Documents/tut_folder/tut_python/python_script/tut_airflow/env_airflow/lib/python3.9/site-packages/airflow/example_dags/example_external_task_marker_dag.py
[2023-04-15T11:03:18.574+0700] {processor.py:743} INFO - Processing file /home/ahyar/Documents/tut_folder/tut_python/python_script/tut_airflow/env_airflow/lib/python3.9/site-packages/airflow/example_dags/example_external_task_marker_dag.py for tasks to queue
[2023-04-15T11:03:18.574+0700] {logging_mixin.py:137} INFO - [2023-04-15T11:03:18.574+0700] {dagbag.py:532} INFO - Filling up the DagBag from /home/ahyar/Documents/tut_folder/tut_python/python_script/tut_airflow/env_airflow/lib/python3.9/site-packages/airflow/example_dags/example_external_task_marker_dag.py
[2023-04-15T11:03:18.600+0700] {processor.py:753} INFO - DAG(s) dict_keys(['example_external_task_marker_parent', 'example_external_task_marker_child']) retrieved from /home/ahyar/Documents/tut_folder/tut_python/python_script/tut_airflow/env_airflow/lib/python3.9/site-packages/airflow/example_dags/example_external_task_marker_dag.py
[2023-04-15T11:03:18.631+0700] {logging_mixin.py:137} INFO - [2023-04-15T11:03:18.631+0700] {dag.py:2705} INFO - Sync 2 DAGs
[2023-04-15T11:03:18.649+0700] {logging_mixin.py:137} INFO - [2023-04-15T11:03:18.649+0700] {dag.py:3452} INFO - Setting next_dagrun for example_external_task_marker_child to None, run_after=None
[2023-04-15T11:03:18.650+0700] {logging_mixin.py:137} INFO - [2023-04-15T11:03:18.650+0700] {dag.py:3452} INFO - Setting next_dagrun for example_external_task_marker_parent to None, run_after=None
[2023-04-15T11:03:18.676+0700] {processor.py:175} INFO - Processing /home/ahyar/Documents/tut_folder/tut_python/python_script/tut_airflow/env_airflow/lib/python3.9/site-packages/airflow/example_dags/example_external_task_marker_dag.py took 0.105 seconds
