[2023-04-15T10:46:45.088+0700] {processor.py:153} INFO - Started process (PID=16412) to work on /home/ahyar/Documents/tut_folder/tut_python/python_script/tut_airflow/env_airflow/lib/python3.9/site-packages/airflow/example_dags/example_short_circuit_operator.py
[2023-04-15T10:46:45.088+0700] {processor.py:743} INFO - Processing file /home/ahyar/Documents/tut_folder/tut_python/python_script/tut_airflow/env_airflow/lib/python3.9/site-packages/airflow/example_dags/example_short_circuit_operator.py for tasks to queue
[2023-04-15T10:46:45.089+0700] {logging_mixin.py:137} INFO - [2023-04-15T10:46:45.089+0700] {dagbag.py:532} INFO - Filling up the DagBag from /home/ahyar/Documents/tut_folder/tut_python/python_script/tut_airflow/env_airflow/lib/python3.9/site-packages/airflow/example_dags/example_short_circuit_operator.py
[2023-04-15T10:46:45.099+0700] {processor.py:753} INFO - DAG(s) dict_keys(['example_short_circuit_operator']) retrieved from /home/ahyar/Documents/tut_folder/tut_python/python_script/tut_airflow/env_airflow/lib/python3.9/site-packages/airflow/example_dags/example_short_circuit_operator.py
[2023-04-15T10:46:45.160+0700] {logging_mixin.py:137} INFO - [2023-04-15T10:46:45.160+0700] {manager.py:504} INFO - Created Permission View: can read on DAG:example_short_circuit_operator
[2023-04-15T10:46:45.168+0700] {logging_mixin.py:137} INFO - [2023-04-15T10:46:45.168+0700] {manager.py:504} INFO - Created Permission View: can edit on DAG:example_short_circuit_operator
[2023-04-15T10:46:45.177+0700] {logging_mixin.py:137} INFO - [2023-04-15T10:46:45.176+0700] {manager.py:504} INFO - Created Permission View: can delete on DAG:example_short_circuit_operator
[2023-04-15T10:46:45.177+0700] {logging_mixin.py:137} INFO - [2023-04-15T10:46:45.177+0700] {dag.py:2705} INFO - Sync 1 DAGs
[2023-04-15T10:46:45.182+0700] {logging_mixin.py:137} INFO - [2023-04-15T10:46:45.182+0700] {dag.py:2726} INFO - Creating ORM DAG for example_short_circuit_operator
[2023-04-15T10:46:45.188+0700] {logging_mixin.py:137} INFO - [2023-04-15T10:46:45.187+0700] {dag.py:3452} INFO - Setting next_dagrun for example_short_circuit_operator to 2023-04-14T03:46:45.187780+00:00, run_after=2023-04-15T03:46:45.187780+00:00
[2023-04-15T10:46:45.203+0700] {processor.py:175} INFO - Processing /home/ahyar/Documents/tut_folder/tut_python/python_script/tut_airflow/env_airflow/lib/python3.9/site-packages/airflow/example_dags/example_short_circuit_operator.py took 0.117 seconds
[2023-04-15T10:47:28.397+0700] {processor.py:153} INFO - Started process (PID=16600) to work on /home/ahyar/Documents/tut_folder/tut_python/python_script/tut_airflow/env_airflow/lib/python3.9/site-packages/airflow/example_dags/example_short_circuit_operator.py
[2023-04-15T10:47:28.398+0700] {processor.py:743} INFO - Processing file /home/ahyar/Documents/tut_folder/tut_python/python_script/tut_airflow/env_airflow/lib/python3.9/site-packages/airflow/example_dags/example_short_circuit_operator.py for tasks to queue
[2023-04-15T10:47:28.398+0700] {logging_mixin.py:137} INFO - [2023-04-15T10:47:28.398+0700] {dagbag.py:532} INFO - Filling up the DagBag from /home/ahyar/Documents/tut_folder/tut_python/python_script/tut_airflow/env_airflow/lib/python3.9/site-packages/airflow/example_dags/example_short_circuit_operator.py
[2023-04-15T10:47:28.408+0700] {processor.py:753} INFO - DAG(s) dict_keys(['example_short_circuit_operator']) retrieved from /home/ahyar/Documents/tut_folder/tut_python/python_script/tut_airflow/env_airflow/lib/python3.9/site-packages/airflow/example_dags/example_short_circuit_operator.py
[2023-04-15T10:47:28.420+0700] {logging_mixin.py:137} INFO - [2023-04-15T10:47:28.420+0700] {dag.py:2705} INFO - Sync 1 DAGs
[2023-04-15T10:47:28.433+0700] {logging_mixin.py:137} INFO - [2023-04-15T10:47:28.433+0700] {dag.py:3452} INFO - Setting next_dagrun for example_short_circuit_operator to 2023-04-14T03:47:28.433086+00:00, run_after=2023-04-15T03:47:28.433086+00:00
[2023-04-15T10:47:28.449+0700] {processor.py:175} INFO - Processing /home/ahyar/Documents/tut_folder/tut_python/python_script/tut_airflow/env_airflow/lib/python3.9/site-packages/airflow/example_dags/example_short_circuit_operator.py took 0.053 seconds
[2023-04-15T10:48:39.667+0700] {processor.py:153} INFO - Started process (PID=17067) to work on /home/ahyar/Documents/tut_folder/tut_python/python_script/tut_airflow/env_airflow/lib/python3.9/site-packages/airflow/example_dags/example_short_circuit_operator.py
[2023-04-15T10:48:39.667+0700] {processor.py:743} INFO - Processing file /home/ahyar/Documents/tut_folder/tut_python/python_script/tut_airflow/env_airflow/lib/python3.9/site-packages/airflow/example_dags/example_short_circuit_operator.py for tasks to queue
[2023-04-15T10:48:39.668+0700] {logging_mixin.py:137} INFO - [2023-04-15T10:48:39.668+0700] {dagbag.py:532} INFO - Filling up the DagBag from /home/ahyar/Documents/tut_folder/tut_python/python_script/tut_airflow/env_airflow/lib/python3.9/site-packages/airflow/example_dags/example_short_circuit_operator.py
[2023-04-15T10:48:39.681+0700] {processor.py:753} INFO - DAG(s) dict_keys(['example_short_circuit_operator']) retrieved from /home/ahyar/Documents/tut_folder/tut_python/python_script/tut_airflow/env_airflow/lib/python3.9/site-packages/airflow/example_dags/example_short_circuit_operator.py
[2023-04-15T10:48:39.691+0700] {logging_mixin.py:137} INFO - [2023-04-15T10:48:39.691+0700] {dag.py:2705} INFO - Sync 1 DAGs
[2023-04-15T10:48:39.701+0700] {logging_mixin.py:137} INFO - [2023-04-15T10:48:39.701+0700] {dag.py:3452} INFO - Setting next_dagrun for example_short_circuit_operator to 2023-04-14T03:48:39.701090+00:00, run_after=2023-04-15T03:48:39.701090+00:00
[2023-04-15T10:48:39.714+0700] {processor.py:175} INFO - Processing /home/ahyar/Documents/tut_folder/tut_python/python_script/tut_airflow/env_airflow/lib/python3.9/site-packages/airflow/example_dags/example_short_circuit_operator.py took 0.049 seconds
[2023-04-15T10:49:26.333+0700] {processor.py:153} INFO - Started process (PID=17457) to work on /home/ahyar/Documents/tut_folder/tut_python/python_script/tut_airflow/env_airflow/lib/python3.9/site-packages/airflow/example_dags/example_short_circuit_operator.py
[2023-04-15T10:49:26.337+0700] {processor.py:743} INFO - Processing file /home/ahyar/Documents/tut_folder/tut_python/python_script/tut_airflow/env_airflow/lib/python3.9/site-packages/airflow/example_dags/example_short_circuit_operator.py for tasks to queue
[2023-04-15T10:49:26.338+0700] {logging_mixin.py:137} INFO - [2023-04-15T10:49:26.338+0700] {dagbag.py:532} INFO - Filling up the DagBag from /home/ahyar/Documents/tut_folder/tut_python/python_script/tut_airflow/env_airflow/lib/python3.9/site-packages/airflow/example_dags/example_short_circuit_operator.py
[2023-04-15T10:49:26.386+0700] {processor.py:753} INFO - DAG(s) dict_keys(['example_short_circuit_operator']) retrieved from /home/ahyar/Documents/tut_folder/tut_python/python_script/tut_airflow/env_airflow/lib/python3.9/site-packages/airflow/example_dags/example_short_circuit_operator.py
[2023-04-15T10:49:26.417+0700] {logging_mixin.py:137} INFO - [2023-04-15T10:49:26.416+0700] {dag.py:2705} INFO - Sync 1 DAGs
[2023-04-15T10:49:26.467+0700] {logging_mixin.py:137} INFO - [2023-04-15T10:49:26.466+0700] {dag.py:3452} INFO - Setting next_dagrun for example_short_circuit_operator to 2023-04-14T03:49:26.465870+00:00, run_after=2023-04-15T03:49:26.465870+00:00
[2023-04-15T10:49:26.546+0700] {processor.py:175} INFO - Processing /home/ahyar/Documents/tut_folder/tut_python/python_script/tut_airflow/env_airflow/lib/python3.9/site-packages/airflow/example_dags/example_short_circuit_operator.py took 0.217 seconds
[2023-04-15T10:50:12.360+0700] {processor.py:153} INFO - Started process (PID=17654) to work on /home/ahyar/Documents/tut_folder/tut_python/python_script/tut_airflow/env_airflow/lib/python3.9/site-packages/airflow/example_dags/example_short_circuit_operator.py
[2023-04-15T10:50:12.362+0700] {processor.py:743} INFO - Processing file /home/ahyar/Documents/tut_folder/tut_python/python_script/tut_airflow/env_airflow/lib/python3.9/site-packages/airflow/example_dags/example_short_circuit_operator.py for tasks to queue
[2023-04-15T10:50:12.362+0700] {logging_mixin.py:137} INFO - [2023-04-15T10:50:12.362+0700] {dagbag.py:532} INFO - Filling up the DagBag from /home/ahyar/Documents/tut_folder/tut_python/python_script/tut_airflow/env_airflow/lib/python3.9/site-packages/airflow/example_dags/example_short_circuit_operator.py
[2023-04-15T10:50:12.376+0700] {processor.py:753} INFO - DAG(s) dict_keys(['example_short_circuit_operator']) retrieved from /home/ahyar/Documents/tut_folder/tut_python/python_script/tut_airflow/env_airflow/lib/python3.9/site-packages/airflow/example_dags/example_short_circuit_operator.py
[2023-04-15T10:50:12.387+0700] {logging_mixin.py:137} INFO - [2023-04-15T10:50:12.387+0700] {dag.py:2705} INFO - Sync 1 DAGs
[2023-04-15T10:50:12.398+0700] {logging_mixin.py:137} INFO - [2023-04-15T10:50:12.398+0700] {dag.py:3452} INFO - Setting next_dagrun for example_short_circuit_operator to 2023-04-14T03:50:12.398085+00:00, run_after=2023-04-15T03:50:12.398085+00:00
[2023-04-15T10:50:12.411+0700] {processor.py:175} INFO - Processing /home/ahyar/Documents/tut_folder/tut_python/python_script/tut_airflow/env_airflow/lib/python3.9/site-packages/airflow/example_dags/example_short_circuit_operator.py took 0.055 seconds
[2023-04-15T10:50:54.094+0700] {processor.py:153} INFO - Started process (PID=17766) to work on /home/ahyar/Documents/tut_folder/tut_python/python_script/tut_airflow/env_airflow/lib/python3.9/site-packages/airflow/example_dags/example_short_circuit_operator.py
[2023-04-15T10:50:54.095+0700] {processor.py:743} INFO - Processing file /home/ahyar/Documents/tut_folder/tut_python/python_script/tut_airflow/env_airflow/lib/python3.9/site-packages/airflow/example_dags/example_short_circuit_operator.py for tasks to queue
[2023-04-15T10:50:54.096+0700] {logging_mixin.py:137} INFO - [2023-04-15T10:50:54.096+0700] {dagbag.py:532} INFO - Filling up the DagBag from /home/ahyar/Documents/tut_folder/tut_python/python_script/tut_airflow/env_airflow/lib/python3.9/site-packages/airflow/example_dags/example_short_circuit_operator.py
[2023-04-15T10:50:54.108+0700] {processor.py:753} INFO - DAG(s) dict_keys(['example_short_circuit_operator']) retrieved from /home/ahyar/Documents/tut_folder/tut_python/python_script/tut_airflow/env_airflow/lib/python3.9/site-packages/airflow/example_dags/example_short_circuit_operator.py
[2023-04-15T10:50:54.121+0700] {logging_mixin.py:137} INFO - [2023-04-15T10:50:54.121+0700] {dag.py:2705} INFO - Sync 1 DAGs
[2023-04-15T10:50:54.134+0700] {logging_mixin.py:137} INFO - [2023-04-15T10:50:54.134+0700] {dag.py:3452} INFO - Setting next_dagrun for example_short_circuit_operator to 2023-04-14T03:50:54.134040+00:00, run_after=2023-04-15T03:50:54.134040+00:00
[2023-04-15T10:50:54.149+0700] {processor.py:175} INFO - Processing /home/ahyar/Documents/tut_folder/tut_python/python_script/tut_airflow/env_airflow/lib/python3.9/site-packages/airflow/example_dags/example_short_circuit_operator.py took 0.059 seconds
[2023-04-15T10:51:36.950+0700] {processor.py:153} INFO - Started process (PID=17847) to work on /home/ahyar/Documents/tut_folder/tut_python/python_script/tut_airflow/env_airflow/lib/python3.9/site-packages/airflow/example_dags/example_short_circuit_operator.py
[2023-04-15T10:51:36.952+0700] {processor.py:743} INFO - Processing file /home/ahyar/Documents/tut_folder/tut_python/python_script/tut_airflow/env_airflow/lib/python3.9/site-packages/airflow/example_dags/example_short_circuit_operator.py for tasks to queue
[2023-04-15T10:51:36.952+0700] {logging_mixin.py:137} INFO - [2023-04-15T10:51:36.952+0700] {dagbag.py:532} INFO - Filling up the DagBag from /home/ahyar/Documents/tut_folder/tut_python/python_script/tut_airflow/env_airflow/lib/python3.9/site-packages/airflow/example_dags/example_short_circuit_operator.py
[2023-04-15T10:51:36.965+0700] {processor.py:753} INFO - DAG(s) dict_keys(['example_short_circuit_operator']) retrieved from /home/ahyar/Documents/tut_folder/tut_python/python_script/tut_airflow/env_airflow/lib/python3.9/site-packages/airflow/example_dags/example_short_circuit_operator.py
[2023-04-15T10:51:36.977+0700] {logging_mixin.py:137} INFO - [2023-04-15T10:51:36.977+0700] {dag.py:2705} INFO - Sync 1 DAGs
[2023-04-15T10:51:36.988+0700] {logging_mixin.py:137} INFO - [2023-04-15T10:51:36.988+0700] {dag.py:3452} INFO - Setting next_dagrun for example_short_circuit_operator to 2023-04-14T03:51:36.987906+00:00, run_after=2023-04-15T03:51:36.987906+00:00
[2023-04-15T10:51:37.003+0700] {processor.py:175} INFO - Processing /home/ahyar/Documents/tut_folder/tut_python/python_script/tut_airflow/env_airflow/lib/python3.9/site-packages/airflow/example_dags/example_short_circuit_operator.py took 0.056 seconds
[2023-04-15T10:52:21.697+0700] {processor.py:153} INFO - Started process (PID=17920) to work on /home/ahyar/Documents/tut_folder/tut_python/python_script/tut_airflow/env_airflow/lib/python3.9/site-packages/airflow/example_dags/example_short_circuit_operator.py
[2023-04-15T10:52:21.700+0700] {processor.py:743} INFO - Processing file /home/ahyar/Documents/tut_folder/tut_python/python_script/tut_airflow/env_airflow/lib/python3.9/site-packages/airflow/example_dags/example_short_circuit_operator.py for tasks to queue
[2023-04-15T10:52:21.702+0700] {logging_mixin.py:137} INFO - [2023-04-15T10:52:21.701+0700] {dagbag.py:532} INFO - Filling up the DagBag from /home/ahyar/Documents/tut_folder/tut_python/python_script/tut_airflow/env_airflow/lib/python3.9/site-packages/airflow/example_dags/example_short_circuit_operator.py
[2023-04-15T10:52:21.729+0700] {processor.py:753} INFO - DAG(s) dict_keys(['example_short_circuit_operator']) retrieved from /home/ahyar/Documents/tut_folder/tut_python/python_script/tut_airflow/env_airflow/lib/python3.9/site-packages/airflow/example_dags/example_short_circuit_operator.py
[2023-04-15T10:52:21.760+0700] {logging_mixin.py:137} INFO - [2023-04-15T10:52:21.760+0700] {dag.py:2705} INFO - Sync 1 DAGs
[2023-04-15T10:52:21.779+0700] {logging_mixin.py:137} INFO - [2023-04-15T10:52:21.779+0700] {dag.py:3452} INFO - Setting next_dagrun for example_short_circuit_operator to 2023-04-14T03:52:21.779188+00:00, run_after=2023-04-15T03:52:21.779188+00:00
[2023-04-15T10:52:21.809+0700] {processor.py:175} INFO - Processing /home/ahyar/Documents/tut_folder/tut_python/python_script/tut_airflow/env_airflow/lib/python3.9/site-packages/airflow/example_dags/example_short_circuit_operator.py took 0.119 seconds
[2023-04-15T10:53:09.699+0700] {processor.py:153} INFO - Started process (PID=18095) to work on /home/ahyar/Documents/tut_folder/tut_python/python_script/tut_airflow/env_airflow/lib/python3.9/site-packages/airflow/example_dags/example_short_circuit_operator.py
[2023-04-15T10:53:09.701+0700] {processor.py:743} INFO - Processing file /home/ahyar/Documents/tut_folder/tut_python/python_script/tut_airflow/env_airflow/lib/python3.9/site-packages/airflow/example_dags/example_short_circuit_operator.py for tasks to queue
[2023-04-15T10:53:09.703+0700] {logging_mixin.py:137} INFO - [2023-04-15T10:53:09.702+0700] {dagbag.py:532} INFO - Filling up the DagBag from /home/ahyar/Documents/tut_folder/tut_python/python_script/tut_airflow/env_airflow/lib/python3.9/site-packages/airflow/example_dags/example_short_circuit_operator.py
[2023-04-15T10:53:09.738+0700] {processor.py:753} INFO - DAG(s) dict_keys(['example_short_circuit_operator']) retrieved from /home/ahyar/Documents/tut_folder/tut_python/python_script/tut_airflow/env_airflow/lib/python3.9/site-packages/airflow/example_dags/example_short_circuit_operator.py
[2023-04-15T10:53:09.769+0700] {logging_mixin.py:137} INFO - [2023-04-15T10:53:09.768+0700] {dag.py:2705} INFO - Sync 1 DAGs
[2023-04-15T10:53:09.789+0700] {logging_mixin.py:137} INFO - [2023-04-15T10:53:09.789+0700] {dag.py:3452} INFO - Setting next_dagrun for example_short_circuit_operator to 2023-04-14T03:53:09.789584+00:00, run_after=2023-04-15T03:53:09.789584+00:00
[2023-04-15T10:53:09.815+0700] {processor.py:175} INFO - Processing /home/ahyar/Documents/tut_folder/tut_python/python_script/tut_airflow/env_airflow/lib/python3.9/site-packages/airflow/example_dags/example_short_circuit_operator.py took 0.122 seconds
[2023-04-15T10:53:56.270+0700] {processor.py:153} INFO - Started process (PID=18190) to work on /home/ahyar/Documents/tut_folder/tut_python/python_script/tut_airflow/env_airflow/lib/python3.9/site-packages/airflow/example_dags/example_short_circuit_operator.py
[2023-04-15T10:53:56.271+0700] {processor.py:743} INFO - Processing file /home/ahyar/Documents/tut_folder/tut_python/python_script/tut_airflow/env_airflow/lib/python3.9/site-packages/airflow/example_dags/example_short_circuit_operator.py for tasks to queue
[2023-04-15T10:53:56.272+0700] {logging_mixin.py:137} INFO - [2023-04-15T10:53:56.272+0700] {dagbag.py:532} INFO - Filling up the DagBag from /home/ahyar/Documents/tut_folder/tut_python/python_script/tut_airflow/env_airflow/lib/python3.9/site-packages/airflow/example_dags/example_short_circuit_operator.py
[2023-04-15T10:53:56.282+0700] {processor.py:753} INFO - DAG(s) dict_keys(['example_short_circuit_operator']) retrieved from /home/ahyar/Documents/tut_folder/tut_python/python_script/tut_airflow/env_airflow/lib/python3.9/site-packages/airflow/example_dags/example_short_circuit_operator.py
[2023-04-15T10:53:56.296+0700] {logging_mixin.py:137} INFO - [2023-04-15T10:53:56.296+0700] {dag.py:2705} INFO - Sync 1 DAGs
[2023-04-15T10:53:56.315+0700] {logging_mixin.py:137} INFO - [2023-04-15T10:53:56.314+0700] {dag.py:3452} INFO - Setting next_dagrun for example_short_circuit_operator to 2023-04-14T03:53:56.314776+00:00, run_after=2023-04-15T03:53:56.314776+00:00
[2023-04-15T10:53:56.333+0700] {processor.py:175} INFO - Processing /home/ahyar/Documents/tut_folder/tut_python/python_script/tut_airflow/env_airflow/lib/python3.9/site-packages/airflow/example_dags/example_short_circuit_operator.py took 0.065 seconds
[2023-04-15T10:54:38.671+0700] {processor.py:153} INFO - Started process (PID=18282) to work on /home/ahyar/Documents/tut_folder/tut_python/python_script/tut_airflow/env_airflow/lib/python3.9/site-packages/airflow/example_dags/example_short_circuit_operator.py
[2023-04-15T10:54:38.673+0700] {processor.py:743} INFO - Processing file /home/ahyar/Documents/tut_folder/tut_python/python_script/tut_airflow/env_airflow/lib/python3.9/site-packages/airflow/example_dags/example_short_circuit_operator.py for tasks to queue
[2023-04-15T10:54:38.674+0700] {logging_mixin.py:137} INFO - [2023-04-15T10:54:38.673+0700] {dagbag.py:532} INFO - Filling up the DagBag from /home/ahyar/Documents/tut_folder/tut_python/python_script/tut_airflow/env_airflow/lib/python3.9/site-packages/airflow/example_dags/example_short_circuit_operator.py
[2023-04-15T10:54:38.703+0700] {processor.py:753} INFO - DAG(s) dict_keys(['example_short_circuit_operator']) retrieved from /home/ahyar/Documents/tut_folder/tut_python/python_script/tut_airflow/env_airflow/lib/python3.9/site-packages/airflow/example_dags/example_short_circuit_operator.py
[2023-04-15T10:54:38.754+0700] {logging_mixin.py:137} INFO - [2023-04-15T10:54:38.752+0700] {dag.py:2705} INFO - Sync 1 DAGs
[2023-04-15T10:54:38.800+0700] {logging_mixin.py:137} INFO - [2023-04-15T10:54:38.800+0700] {dag.py:3452} INFO - Setting next_dagrun for example_short_circuit_operator to 2023-04-14T03:54:38.799416+00:00, run_after=2023-04-15T03:54:38.799416+00:00
[2023-04-15T10:54:38.846+0700] {processor.py:175} INFO - Processing /home/ahyar/Documents/tut_folder/tut_python/python_script/tut_airflow/env_airflow/lib/python3.9/site-packages/airflow/example_dags/example_short_circuit_operator.py took 0.178 seconds
[2023-04-15T10:55:23.408+0700] {processor.py:153} INFO - Started process (PID=18344) to work on /home/ahyar/Documents/tut_folder/tut_python/python_script/tut_airflow/env_airflow/lib/python3.9/site-packages/airflow/example_dags/example_short_circuit_operator.py
[2023-04-15T10:55:23.409+0700] {processor.py:743} INFO - Processing file /home/ahyar/Documents/tut_folder/tut_python/python_script/tut_airflow/env_airflow/lib/python3.9/site-packages/airflow/example_dags/example_short_circuit_operator.py for tasks to queue
[2023-04-15T10:55:23.409+0700] {logging_mixin.py:137} INFO - [2023-04-15T10:55:23.409+0700] {dagbag.py:532} INFO - Filling up the DagBag from /home/ahyar/Documents/tut_folder/tut_python/python_script/tut_airflow/env_airflow/lib/python3.9/site-packages/airflow/example_dags/example_short_circuit_operator.py
[2023-04-15T10:55:23.420+0700] {processor.py:753} INFO - DAG(s) dict_keys(['example_short_circuit_operator']) retrieved from /home/ahyar/Documents/tut_folder/tut_python/python_script/tut_airflow/env_airflow/lib/python3.9/site-packages/airflow/example_dags/example_short_circuit_operator.py
[2023-04-15T10:55:23.440+0700] {logging_mixin.py:137} INFO - [2023-04-15T10:55:23.439+0700] {dag.py:2705} INFO - Sync 1 DAGs
[2023-04-15T10:55:23.457+0700] {logging_mixin.py:137} INFO - [2023-04-15T10:55:23.456+0700] {dag.py:3452} INFO - Setting next_dagrun for example_short_circuit_operator to 2023-04-14T03:55:23.456744+00:00, run_after=2023-04-15T03:55:23.456744+00:00
[2023-04-15T10:55:23.478+0700] {processor.py:175} INFO - Processing /home/ahyar/Documents/tut_folder/tut_python/python_script/tut_airflow/env_airflow/lib/python3.9/site-packages/airflow/example_dags/example_short_circuit_operator.py took 0.071 seconds
[2023-04-15T10:56:10.229+0700] {processor.py:153} INFO - Started process (PID=18456) to work on /home/ahyar/Documents/tut_folder/tut_python/python_script/tut_airflow/env_airflow/lib/python3.9/site-packages/airflow/example_dags/example_short_circuit_operator.py
[2023-04-15T10:56:10.230+0700] {processor.py:743} INFO - Processing file /home/ahyar/Documents/tut_folder/tut_python/python_script/tut_airflow/env_airflow/lib/python3.9/site-packages/airflow/example_dags/example_short_circuit_operator.py for tasks to queue
[2023-04-15T10:56:10.232+0700] {logging_mixin.py:137} INFO - [2023-04-15T10:56:10.232+0700] {dagbag.py:532} INFO - Filling up the DagBag from /home/ahyar/Documents/tut_folder/tut_python/python_script/tut_airflow/env_airflow/lib/python3.9/site-packages/airflow/example_dags/example_short_circuit_operator.py
[2023-04-15T10:56:10.243+0700] {processor.py:753} INFO - DAG(s) dict_keys(['example_short_circuit_operator']) retrieved from /home/ahyar/Documents/tut_folder/tut_python/python_script/tut_airflow/env_airflow/lib/python3.9/site-packages/airflow/example_dags/example_short_circuit_operator.py
[2023-04-15T10:56:10.254+0700] {logging_mixin.py:137} INFO - [2023-04-15T10:56:10.254+0700] {dag.py:2705} INFO - Sync 1 DAGs
[2023-04-15T10:56:10.264+0700] {logging_mixin.py:137} INFO - [2023-04-15T10:56:10.264+0700] {dag.py:3452} INFO - Setting next_dagrun for example_short_circuit_operator to 2023-04-14T03:56:10.264631+00:00, run_after=2023-04-15T03:56:10.264631+00:00
[2023-04-15T10:56:10.278+0700] {processor.py:175} INFO - Processing /home/ahyar/Documents/tut_folder/tut_python/python_script/tut_airflow/env_airflow/lib/python3.9/site-packages/airflow/example_dags/example_short_circuit_operator.py took 0.054 seconds
[2023-04-15T10:56:50.359+0700] {processor.py:153} INFO - Started process (PID=18524) to work on /home/ahyar/Documents/tut_folder/tut_python/python_script/tut_airflow/env_airflow/lib/python3.9/site-packages/airflow/example_dags/example_short_circuit_operator.py
[2023-04-15T10:56:50.360+0700] {processor.py:743} INFO - Processing file /home/ahyar/Documents/tut_folder/tut_python/python_script/tut_airflow/env_airflow/lib/python3.9/site-packages/airflow/example_dags/example_short_circuit_operator.py for tasks to queue
[2023-04-15T10:56:50.361+0700] {logging_mixin.py:137} INFO - [2023-04-15T10:56:50.360+0700] {dagbag.py:532} INFO - Filling up the DagBag from /home/ahyar/Documents/tut_folder/tut_python/python_script/tut_airflow/env_airflow/lib/python3.9/site-packages/airflow/example_dags/example_short_circuit_operator.py
[2023-04-15T10:56:50.372+0700] {processor.py:753} INFO - DAG(s) dict_keys(['example_short_circuit_operator']) retrieved from /home/ahyar/Documents/tut_folder/tut_python/python_script/tut_airflow/env_airflow/lib/python3.9/site-packages/airflow/example_dags/example_short_circuit_operator.py
[2023-04-15T10:56:50.385+0700] {logging_mixin.py:137} INFO - [2023-04-15T10:56:50.385+0700] {dag.py:2705} INFO - Sync 1 DAGs
[2023-04-15T10:56:50.397+0700] {logging_mixin.py:137} INFO - [2023-04-15T10:56:50.397+0700] {dag.py:3452} INFO - Setting next_dagrun for example_short_circuit_operator to 2023-04-14T03:56:50.396993+00:00, run_after=2023-04-15T03:56:50.396993+00:00
[2023-04-15T10:56:50.416+0700] {processor.py:175} INFO - Processing /home/ahyar/Documents/tut_folder/tut_python/python_script/tut_airflow/env_airflow/lib/python3.9/site-packages/airflow/example_dags/example_short_circuit_operator.py took 0.059 seconds
[2023-04-15T10:57:34.253+0700] {processor.py:153} INFO - Started process (PID=18605) to work on /home/ahyar/Documents/tut_folder/tut_python/python_script/tut_airflow/env_airflow/lib/python3.9/site-packages/airflow/example_dags/example_short_circuit_operator.py
[2023-04-15T10:57:34.255+0700] {processor.py:743} INFO - Processing file /home/ahyar/Documents/tut_folder/tut_python/python_script/tut_airflow/env_airflow/lib/python3.9/site-packages/airflow/example_dags/example_short_circuit_operator.py for tasks to queue
[2023-04-15T10:57:34.256+0700] {logging_mixin.py:137} INFO - [2023-04-15T10:57:34.256+0700] {dagbag.py:532} INFO - Filling up the DagBag from /home/ahyar/Documents/tut_folder/tut_python/python_script/tut_airflow/env_airflow/lib/python3.9/site-packages/airflow/example_dags/example_short_circuit_operator.py
[2023-04-15T10:57:34.279+0700] {processor.py:753} INFO - DAG(s) dict_keys(['example_short_circuit_operator']) retrieved from /home/ahyar/Documents/tut_folder/tut_python/python_script/tut_airflow/env_airflow/lib/python3.9/site-packages/airflow/example_dags/example_short_circuit_operator.py
[2023-04-15T10:57:34.313+0700] {logging_mixin.py:137} INFO - [2023-04-15T10:57:34.312+0700] {dag.py:2705} INFO - Sync 1 DAGs
[2023-04-15T10:57:34.356+0700] {logging_mixin.py:137} INFO - [2023-04-15T10:57:34.355+0700] {dag.py:3452} INFO - Setting next_dagrun for example_short_circuit_operator to 2023-04-14T03:57:34.355216+00:00, run_after=2023-04-15T03:57:34.355216+00:00
[2023-04-15T10:57:34.403+0700] {processor.py:175} INFO - Processing /home/ahyar/Documents/tut_folder/tut_python/python_script/tut_airflow/env_airflow/lib/python3.9/site-packages/airflow/example_dags/example_short_circuit_operator.py took 0.155 seconds
[2023-04-15T10:58:22.971+0700] {processor.py:153} INFO - Started process (PID=18691) to work on /home/ahyar/Documents/tut_folder/tut_python/python_script/tut_airflow/env_airflow/lib/python3.9/site-packages/airflow/example_dags/example_short_circuit_operator.py
[2023-04-15T10:58:22.973+0700] {processor.py:743} INFO - Processing file /home/ahyar/Documents/tut_folder/tut_python/python_script/tut_airflow/env_airflow/lib/python3.9/site-packages/airflow/example_dags/example_short_circuit_operator.py for tasks to queue
[2023-04-15T10:58:22.974+0700] {logging_mixin.py:137} INFO - [2023-04-15T10:58:22.974+0700] {dagbag.py:532} INFO - Filling up the DagBag from /home/ahyar/Documents/tut_folder/tut_python/python_script/tut_airflow/env_airflow/lib/python3.9/site-packages/airflow/example_dags/example_short_circuit_operator.py
[2023-04-15T10:58:23.006+0700] {processor.py:753} INFO - DAG(s) dict_keys(['example_short_circuit_operator']) retrieved from /home/ahyar/Documents/tut_folder/tut_python/python_script/tut_airflow/env_airflow/lib/python3.9/site-packages/airflow/example_dags/example_short_circuit_operator.py
[2023-04-15T10:58:23.037+0700] {logging_mixin.py:137} INFO - [2023-04-15T10:58:23.037+0700] {dag.py:2705} INFO - Sync 1 DAGs
[2023-04-15T10:58:23.055+0700] {logging_mixin.py:137} INFO - [2023-04-15T10:58:23.055+0700] {dag.py:3452} INFO - Setting next_dagrun for example_short_circuit_operator to 2023-04-14T03:58:23.055443+00:00, run_after=2023-04-15T03:58:23.055443+00:00
[2023-04-15T10:58:23.079+0700] {processor.py:175} INFO - Processing /home/ahyar/Documents/tut_folder/tut_python/python_script/tut_airflow/env_airflow/lib/python3.9/site-packages/airflow/example_dags/example_short_circuit_operator.py took 0.113 seconds
[2023-04-15T10:59:08.165+0700] {processor.py:153} INFO - Started process (PID=18873) to work on /home/ahyar/Documents/tut_folder/tut_python/python_script/tut_airflow/env_airflow/lib/python3.9/site-packages/airflow/example_dags/example_short_circuit_operator.py
[2023-04-15T10:59:08.167+0700] {processor.py:743} INFO - Processing file /home/ahyar/Documents/tut_folder/tut_python/python_script/tut_airflow/env_airflow/lib/python3.9/site-packages/airflow/example_dags/example_short_circuit_operator.py for tasks to queue
[2023-04-15T10:59:08.168+0700] {logging_mixin.py:137} INFO - [2023-04-15T10:59:08.168+0700] {dagbag.py:532} INFO - Filling up the DagBag from /home/ahyar/Documents/tut_folder/tut_python/python_script/tut_airflow/env_airflow/lib/python3.9/site-packages/airflow/example_dags/example_short_circuit_operator.py
[2023-04-15T10:59:08.184+0700] {processor.py:753} INFO - DAG(s) dict_keys(['example_short_circuit_operator']) retrieved from /home/ahyar/Documents/tut_folder/tut_python/python_script/tut_airflow/env_airflow/lib/python3.9/site-packages/airflow/example_dags/example_short_circuit_operator.py
[2023-04-15T10:59:08.198+0700] {logging_mixin.py:137} INFO - [2023-04-15T10:59:08.198+0700] {dag.py:2705} INFO - Sync 1 DAGs
[2023-04-15T10:59:08.211+0700] {logging_mixin.py:137} INFO - [2023-04-15T10:59:08.211+0700] {dag.py:3452} INFO - Setting next_dagrun for example_short_circuit_operator to 2023-04-14T03:59:08.211430+00:00, run_after=2023-04-15T03:59:08.211430+00:00
[2023-04-15T10:59:08.228+0700] {processor.py:175} INFO - Processing /home/ahyar/Documents/tut_folder/tut_python/python_script/tut_airflow/env_airflow/lib/python3.9/site-packages/airflow/example_dags/example_short_circuit_operator.py took 0.068 seconds
[2023-04-15T11:02:57.134+0700] {processor.py:153} INFO - Started process (PID=21503) to work on /home/ahyar/Documents/tut_folder/tut_python/python_script/tut_airflow/env_airflow/lib/python3.9/site-packages/airflow/example_dags/example_short_circuit_operator.py
[2023-04-15T11:02:57.135+0700] {processor.py:743} INFO - Processing file /home/ahyar/Documents/tut_folder/tut_python/python_script/tut_airflow/env_airflow/lib/python3.9/site-packages/airflow/example_dags/example_short_circuit_operator.py for tasks to queue
[2023-04-15T11:02:57.135+0700] {logging_mixin.py:137} INFO - [2023-04-15T11:02:57.135+0700] {dagbag.py:532} INFO - Filling up the DagBag from /home/ahyar/Documents/tut_folder/tut_python/python_script/tut_airflow/env_airflow/lib/python3.9/site-packages/airflow/example_dags/example_short_circuit_operator.py
[2023-04-15T11:02:57.148+0700] {processor.py:753} INFO - DAG(s) dict_keys(['example_short_circuit_operator']) retrieved from /home/ahyar/Documents/tut_folder/tut_python/python_script/tut_airflow/env_airflow/lib/python3.9/site-packages/airflow/example_dags/example_short_circuit_operator.py
[2023-04-15T11:02:57.161+0700] {logging_mixin.py:137} INFO - [2023-04-15T11:02:57.161+0700] {dag.py:2705} INFO - Sync 1 DAGs
[2023-04-15T11:02:57.174+0700] {logging_mixin.py:137} INFO - [2023-04-15T11:02:57.174+0700] {dag.py:3452} INFO - Setting next_dagrun for example_short_circuit_operator to 2023-04-14T04:02:57.174491+00:00, run_after=2023-04-15T04:02:57.174491+00:00
[2023-04-15T11:02:57.191+0700] {processor.py:175} INFO - Processing /home/ahyar/Documents/tut_folder/tut_python/python_script/tut_airflow/env_airflow/lib/python3.9/site-packages/airflow/example_dags/example_short_circuit_operator.py took 0.059 seconds
