[2023-04-15T10:46:29.532+0700] {processor.py:153} INFO - Started process (PID=16316) to work on /home/ahyar/Documents/tut_folder/tut_python/python_script/tut_airflow/env_airflow/lib/python3.9/site-packages/airflow/example_dags/example_latest_only.py
[2023-04-15T10:46:29.533+0700] {processor.py:743} INFO - Processing file /home/ahyar/Documents/tut_folder/tut_python/python_script/tut_airflow/env_airflow/lib/python3.9/site-packages/airflow/example_dags/example_latest_only.py for tasks to queue
[2023-04-15T10:46:29.534+0700] {logging_mixin.py:137} INFO - [2023-04-15T10:46:29.533+0700] {dagbag.py:532} INFO - Filling up the DagBag from /home/ahyar/Documents/tut_folder/tut_python/python_script/tut_airflow/env_airflow/lib/python3.9/site-packages/airflow/example_dags/example_latest_only.py
[2023-04-15T10:46:29.545+0700] {processor.py:753} INFO - DAG(s) dict_keys(['latest_only']) retrieved from /home/ahyar/Documents/tut_folder/tut_python/python_script/tut_airflow/env_airflow/lib/python3.9/site-packages/airflow/example_dags/example_latest_only.py
[2023-04-15T10:46:29.602+0700] {logging_mixin.py:137} INFO - [2023-04-15T10:46:29.602+0700] {manager.py:504} INFO - Created Permission View: can read on DAG:latest_only
[2023-04-15T10:46:29.611+0700] {logging_mixin.py:137} INFO - [2023-04-15T10:46:29.611+0700] {manager.py:504} INFO - Created Permission View: can edit on DAG:latest_only
[2023-04-15T10:46:29.619+0700] {logging_mixin.py:137} INFO - [2023-04-15T10:46:29.619+0700] {manager.py:504} INFO - Created Permission View: can delete on DAG:latest_only
[2023-04-15T10:46:29.619+0700] {logging_mixin.py:137} INFO - [2023-04-15T10:46:29.619+0700] {dag.py:2705} INFO - Sync 1 DAGs
[2023-04-15T10:46:29.626+0700] {logging_mixin.py:137} INFO - [2023-04-15T10:46:29.626+0700] {dag.py:2726} INFO - Creating ORM DAG for latest_only
[2023-04-15T10:46:29.632+0700] {logging_mixin.py:137} INFO - [2023-04-15T10:46:29.632+0700] {dag.py:3452} INFO - Setting next_dagrun for latest_only to 2023-04-14T23:46:29.632242+00:00, run_after=2023-04-15T03:46:29.632242+00:00
[2023-04-15T10:46:29.650+0700] {processor.py:175} INFO - Processing /home/ahyar/Documents/tut_folder/tut_python/python_script/tut_airflow/env_airflow/lib/python3.9/site-packages/airflow/example_dags/example_latest_only.py took 0.122 seconds
[2023-04-15T10:47:15.451+0700] {processor.py:153} INFO - Started process (PID=16567) to work on /home/ahyar/Documents/tut_folder/tut_python/python_script/tut_airflow/env_airflow/lib/python3.9/site-packages/airflow/example_dags/example_latest_only.py
[2023-04-15T10:47:15.576+0700] {processor.py:743} INFO - Processing file /home/ahyar/Documents/tut_folder/tut_python/python_script/tut_airflow/env_airflow/lib/python3.9/site-packages/airflow/example_dags/example_latest_only.py for tasks to queue
[2023-04-15T10:47:15.577+0700] {logging_mixin.py:137} INFO - [2023-04-15T10:47:15.577+0700] {dagbag.py:532} INFO - Filling up the DagBag from /home/ahyar/Documents/tut_folder/tut_python/python_script/tut_airflow/env_airflow/lib/python3.9/site-packages/airflow/example_dags/example_latest_only.py
[2023-04-15T10:47:15.588+0700] {processor.py:753} INFO - DAG(s) dict_keys(['latest_only']) retrieved from /home/ahyar/Documents/tut_folder/tut_python/python_script/tut_airflow/env_airflow/lib/python3.9/site-packages/airflow/example_dags/example_latest_only.py
[2023-04-15T10:47:15.599+0700] {logging_mixin.py:137} INFO - [2023-04-15T10:47:15.598+0700] {dag.py:2705} INFO - Sync 1 DAGs
[2023-04-15T10:47:15.611+0700] {logging_mixin.py:137} INFO - [2023-04-15T10:47:15.611+0700] {dag.py:3452} INFO - Setting next_dagrun for latest_only to 2023-04-14T23:47:15.611096+00:00, run_after=2023-04-15T03:47:15.611096+00:00
[2023-04-15T10:47:15.626+0700] {processor.py:175} INFO - Processing /home/ahyar/Documents/tut_folder/tut_python/python_script/tut_airflow/env_airflow/lib/python3.9/site-packages/airflow/example_dags/example_latest_only.py took 0.178 seconds
[2023-04-15T10:47:54.140+0700] {processor.py:153} INFO - Started process (PID=16789) to work on /home/ahyar/Documents/tut_folder/tut_python/python_script/tut_airflow/env_airflow/lib/python3.9/site-packages/airflow/example_dags/example_latest_only.py
[2023-04-15T10:47:54.142+0700] {processor.py:743} INFO - Processing file /home/ahyar/Documents/tut_folder/tut_python/python_script/tut_airflow/env_airflow/lib/python3.9/site-packages/airflow/example_dags/example_latest_only.py for tasks to queue
[2023-04-15T10:47:54.142+0700] {logging_mixin.py:137} INFO - [2023-04-15T10:47:54.142+0700] {dagbag.py:532} INFO - Filling up the DagBag from /home/ahyar/Documents/tut_folder/tut_python/python_script/tut_airflow/env_airflow/lib/python3.9/site-packages/airflow/example_dags/example_latest_only.py
[2023-04-15T10:47:54.149+0700] {processor.py:753} INFO - DAG(s) dict_keys(['latest_only']) retrieved from /home/ahyar/Documents/tut_folder/tut_python/python_script/tut_airflow/env_airflow/lib/python3.9/site-packages/airflow/example_dags/example_latest_only.py
[2023-04-15T10:47:54.159+0700] {logging_mixin.py:137} INFO - [2023-04-15T10:47:54.159+0700] {dag.py:2705} INFO - Sync 1 DAGs
[2023-04-15T10:47:54.170+0700] {logging_mixin.py:137} INFO - [2023-04-15T10:47:54.170+0700] {dag.py:3452} INFO - Setting next_dagrun for latest_only to 2023-04-14T23:47:54.170064+00:00, run_after=2023-04-15T03:47:54.170064+00:00
[2023-04-15T10:47:54.184+0700] {processor.py:175} INFO - Processing /home/ahyar/Documents/tut_folder/tut_python/python_script/tut_airflow/env_airflow/lib/python3.9/site-packages/airflow/example_dags/example_latest_only.py took 0.047 seconds
[2023-04-15T10:48:26.706+0700] {processor.py:153} INFO - Started process (PID=17000) to work on /home/ahyar/Documents/tut_folder/tut_python/python_script/tut_airflow/env_airflow/lib/python3.9/site-packages/airflow/example_dags/example_latest_only.py
[2023-04-15T10:48:26.707+0700] {processor.py:743} INFO - Processing file /home/ahyar/Documents/tut_folder/tut_python/python_script/tut_airflow/env_airflow/lib/python3.9/site-packages/airflow/example_dags/example_latest_only.py for tasks to queue
[2023-04-15T10:48:26.708+0700] {logging_mixin.py:137} INFO - [2023-04-15T10:48:26.708+0700] {dagbag.py:532} INFO - Filling up the DagBag from /home/ahyar/Documents/tut_folder/tut_python/python_script/tut_airflow/env_airflow/lib/python3.9/site-packages/airflow/example_dags/example_latest_only.py
[2023-04-15T10:48:26.717+0700] {processor.py:753} INFO - DAG(s) dict_keys(['latest_only']) retrieved from /home/ahyar/Documents/tut_folder/tut_python/python_script/tut_airflow/env_airflow/lib/python3.9/site-packages/airflow/example_dags/example_latest_only.py
[2023-04-15T10:48:26.726+0700] {logging_mixin.py:137} INFO - [2023-04-15T10:48:26.726+0700] {dag.py:2705} INFO - Sync 1 DAGs
[2023-04-15T10:48:26.739+0700] {logging_mixin.py:137} INFO - [2023-04-15T10:48:26.739+0700] {dag.py:3452} INFO - Setting next_dagrun for latest_only to 2023-04-14T23:48:26.739473+00:00, run_after=2023-04-15T03:48:26.739473+00:00
[2023-04-15T10:48:26.763+0700] {processor.py:175} INFO - Processing /home/ahyar/Documents/tut_folder/tut_python/python_script/tut_airflow/env_airflow/lib/python3.9/site-packages/airflow/example_dags/example_latest_only.py took 0.058 seconds
[2023-04-15T10:49:08.168+0700] {processor.py:153} INFO - Started process (PID=17369) to work on /home/ahyar/Documents/tut_folder/tut_python/python_script/tut_airflow/env_airflow/lib/python3.9/site-packages/airflow/example_dags/example_latest_only.py
[2023-04-15T10:49:08.169+0700] {processor.py:743} INFO - Processing file /home/ahyar/Documents/tut_folder/tut_python/python_script/tut_airflow/env_airflow/lib/python3.9/site-packages/airflow/example_dags/example_latest_only.py for tasks to queue
[2023-04-15T10:49:08.170+0700] {logging_mixin.py:137} INFO - [2023-04-15T10:49:08.170+0700] {dagbag.py:532} INFO - Filling up the DagBag from /home/ahyar/Documents/tut_folder/tut_python/python_script/tut_airflow/env_airflow/lib/python3.9/site-packages/airflow/example_dags/example_latest_only.py
[2023-04-15T10:49:08.200+0700] {processor.py:753} INFO - DAG(s) dict_keys(['latest_only']) retrieved from /home/ahyar/Documents/tut_folder/tut_python/python_script/tut_airflow/env_airflow/lib/python3.9/site-packages/airflow/example_dags/example_latest_only.py
[2023-04-15T10:49:08.261+0700] {logging_mixin.py:137} INFO - [2023-04-15T10:49:08.261+0700] {dag.py:2705} INFO - Sync 1 DAGs
[2023-04-15T10:49:08.303+0700] {logging_mixin.py:137} INFO - [2023-04-15T10:49:08.302+0700] {dag.py:3452} INFO - Setting next_dagrun for latest_only to 2023-04-14T23:49:08.302453+00:00, run_after=2023-04-15T03:49:08.302453+00:00
[2023-04-15T10:49:08.347+0700] {processor.py:175} INFO - Processing /home/ahyar/Documents/tut_folder/tut_python/python_script/tut_airflow/env_airflow/lib/python3.9/site-packages/airflow/example_dags/example_latest_only.py took 0.184 seconds
[2023-04-15T10:49:58.027+0700] {processor.py:153} INFO - Started process (PID=17573) to work on /home/ahyar/Documents/tut_folder/tut_python/python_script/tut_airflow/env_airflow/lib/python3.9/site-packages/airflow/example_dags/example_latest_only.py
[2023-04-15T10:49:58.028+0700] {processor.py:743} INFO - Processing file /home/ahyar/Documents/tut_folder/tut_python/python_script/tut_airflow/env_airflow/lib/python3.9/site-packages/airflow/example_dags/example_latest_only.py for tasks to queue
[2023-04-15T10:49:58.028+0700] {logging_mixin.py:137} INFO - [2023-04-15T10:49:58.028+0700] {dagbag.py:532} INFO - Filling up the DagBag from /home/ahyar/Documents/tut_folder/tut_python/python_script/tut_airflow/env_airflow/lib/python3.9/site-packages/airflow/example_dags/example_latest_only.py
[2023-04-15T10:49:58.067+0700] {processor.py:753} INFO - DAG(s) dict_keys(['latest_only']) retrieved from /home/ahyar/Documents/tut_folder/tut_python/python_script/tut_airflow/env_airflow/lib/python3.9/site-packages/airflow/example_dags/example_latest_only.py
[2023-04-15T10:49:58.086+0700] {logging_mixin.py:137} INFO - [2023-04-15T10:49:58.086+0700] {dag.py:2705} INFO - Sync 1 DAGs
[2023-04-15T10:49:58.109+0700] {logging_mixin.py:137} INFO - [2023-04-15T10:49:58.109+0700] {dag.py:3452} INFO - Setting next_dagrun for latest_only to 2023-04-14T23:49:58.109021+00:00, run_after=2023-04-15T03:49:58.109021+00:00
[2023-04-15T10:49:58.174+0700] {processor.py:175} INFO - Processing /home/ahyar/Documents/tut_folder/tut_python/python_script/tut_airflow/env_airflow/lib/python3.9/site-packages/airflow/example_dags/example_latest_only.py took 0.153 seconds
[2023-04-15T10:50:39.685+0700] {processor.py:153} INFO - Started process (PID=17747) to work on /home/ahyar/Documents/tut_folder/tut_python/python_script/tut_airflow/env_airflow/lib/python3.9/site-packages/airflow/example_dags/example_latest_only.py
[2023-04-15T10:50:39.686+0700] {processor.py:743} INFO - Processing file /home/ahyar/Documents/tut_folder/tut_python/python_script/tut_airflow/env_airflow/lib/python3.9/site-packages/airflow/example_dags/example_latest_only.py for tasks to queue
[2023-04-15T10:50:39.687+0700] {logging_mixin.py:137} INFO - [2023-04-15T10:50:39.687+0700] {dagbag.py:532} INFO - Filling up the DagBag from /home/ahyar/Documents/tut_folder/tut_python/python_script/tut_airflow/env_airflow/lib/python3.9/site-packages/airflow/example_dags/example_latest_only.py
[2023-04-15T10:50:39.698+0700] {processor.py:753} INFO - DAG(s) dict_keys(['latest_only']) retrieved from /home/ahyar/Documents/tut_folder/tut_python/python_script/tut_airflow/env_airflow/lib/python3.9/site-packages/airflow/example_dags/example_latest_only.py
[2023-04-15T10:50:39.716+0700] {logging_mixin.py:137} INFO - [2023-04-15T10:50:39.715+0700] {dag.py:2705} INFO - Sync 1 DAGs
[2023-04-15T10:50:39.735+0700] {logging_mixin.py:137} INFO - [2023-04-15T10:50:39.735+0700] {dag.py:3452} INFO - Setting next_dagrun for latest_only to 2023-04-14T23:50:39.735332+00:00, run_after=2023-04-15T03:50:39.735332+00:00
[2023-04-15T10:50:39.758+0700] {processor.py:175} INFO - Processing /home/ahyar/Documents/tut_folder/tut_python/python_script/tut_airflow/env_airflow/lib/python3.9/site-packages/airflow/example_dags/example_latest_only.py took 0.076 seconds
[2023-04-15T10:51:20.930+0700] {processor.py:153} INFO - Started process (PID=17831) to work on /home/ahyar/Documents/tut_folder/tut_python/python_script/tut_airflow/env_airflow/lib/python3.9/site-packages/airflow/example_dags/example_latest_only.py
[2023-04-15T10:51:20.930+0700] {processor.py:743} INFO - Processing file /home/ahyar/Documents/tut_folder/tut_python/python_script/tut_airflow/env_airflow/lib/python3.9/site-packages/airflow/example_dags/example_latest_only.py for tasks to queue
[2023-04-15T10:51:20.931+0700] {logging_mixin.py:137} INFO - [2023-04-15T10:51:20.931+0700] {dagbag.py:532} INFO - Filling up the DagBag from /home/ahyar/Documents/tut_folder/tut_python/python_script/tut_airflow/env_airflow/lib/python3.9/site-packages/airflow/example_dags/example_latest_only.py
[2023-04-15T10:51:20.946+0700] {processor.py:753} INFO - DAG(s) dict_keys(['latest_only']) retrieved from /home/ahyar/Documents/tut_folder/tut_python/python_script/tut_airflow/env_airflow/lib/python3.9/site-packages/airflow/example_dags/example_latest_only.py
[2023-04-15T10:51:20.964+0700] {logging_mixin.py:137} INFO - [2023-04-15T10:51:20.964+0700] {dag.py:2705} INFO - Sync 1 DAGs
[2023-04-15T10:51:20.992+0700] {logging_mixin.py:137} INFO - [2023-04-15T10:51:20.992+0700] {dag.py:3452} INFO - Setting next_dagrun for latest_only to 2023-04-14T23:51:20.992100+00:00, run_after=2023-04-15T03:51:20.992100+00:00
[2023-04-15T10:51:21.016+0700] {processor.py:175} INFO - Processing /home/ahyar/Documents/tut_folder/tut_python/python_script/tut_airflow/env_airflow/lib/python3.9/site-packages/airflow/example_dags/example_latest_only.py took 0.088 seconds
[2023-04-15T10:52:05.773+0700] {processor.py:153} INFO - Started process (PID=17903) to work on /home/ahyar/Documents/tut_folder/tut_python/python_script/tut_airflow/env_airflow/lib/python3.9/site-packages/airflow/example_dags/example_latest_only.py
[2023-04-15T10:52:05.774+0700] {processor.py:743} INFO - Processing file /home/ahyar/Documents/tut_folder/tut_python/python_script/tut_airflow/env_airflow/lib/python3.9/site-packages/airflow/example_dags/example_latest_only.py for tasks to queue
[2023-04-15T10:52:05.775+0700] {logging_mixin.py:137} INFO - [2023-04-15T10:52:05.775+0700] {dagbag.py:532} INFO - Filling up the DagBag from /home/ahyar/Documents/tut_folder/tut_python/python_script/tut_airflow/env_airflow/lib/python3.9/site-packages/airflow/example_dags/example_latest_only.py
[2023-04-15T10:52:05.800+0700] {processor.py:753} INFO - DAG(s) dict_keys(['latest_only']) retrieved from /home/ahyar/Documents/tut_folder/tut_python/python_script/tut_airflow/env_airflow/lib/python3.9/site-packages/airflow/example_dags/example_latest_only.py
[2023-04-15T10:52:05.833+0700] {logging_mixin.py:137} INFO - [2023-04-15T10:52:05.832+0700] {dag.py:2705} INFO - Sync 1 DAGs
[2023-04-15T10:52:05.856+0700] {logging_mixin.py:137} INFO - [2023-04-15T10:52:05.855+0700] {dag.py:3452} INFO - Setting next_dagrun for latest_only to 2023-04-14T23:52:05.855769+00:00, run_after=2023-04-15T03:52:05.855769+00:00
[2023-04-15T10:52:05.888+0700] {processor.py:175} INFO - Processing /home/ahyar/Documents/tut_folder/tut_python/python_script/tut_airflow/env_airflow/lib/python3.9/site-packages/airflow/example_dags/example_latest_only.py took 0.121 seconds
[2023-04-15T10:52:51.996+0700] {processor.py:153} INFO - Started process (PID=18070) to work on /home/ahyar/Documents/tut_folder/tut_python/python_script/tut_airflow/env_airflow/lib/python3.9/site-packages/airflow/example_dags/example_latest_only.py
[2023-04-15T10:52:51.997+0700] {processor.py:743} INFO - Processing file /home/ahyar/Documents/tut_folder/tut_python/python_script/tut_airflow/env_airflow/lib/python3.9/site-packages/airflow/example_dags/example_latest_only.py for tasks to queue
[2023-04-15T10:52:51.998+0700] {logging_mixin.py:137} INFO - [2023-04-15T10:52:51.998+0700] {dagbag.py:532} INFO - Filling up the DagBag from /home/ahyar/Documents/tut_folder/tut_python/python_script/tut_airflow/env_airflow/lib/python3.9/site-packages/airflow/example_dags/example_latest_only.py
[2023-04-15T10:52:52.030+0700] {processor.py:753} INFO - DAG(s) dict_keys(['latest_only']) retrieved from /home/ahyar/Documents/tut_folder/tut_python/python_script/tut_airflow/env_airflow/lib/python3.9/site-packages/airflow/example_dags/example_latest_only.py
[2023-04-15T10:52:52.074+0700] {logging_mixin.py:137} INFO - [2023-04-15T10:52:52.074+0700] {dag.py:2705} INFO - Sync 1 DAGs
[2023-04-15T10:52:52.118+0700] {logging_mixin.py:137} INFO - [2023-04-15T10:52:52.118+0700] {dag.py:3452} INFO - Setting next_dagrun for latest_only to 2023-04-14T23:52:52.117943+00:00, run_after=2023-04-15T03:52:52.117943+00:00
[2023-04-15T10:52:52.186+0700] {processor.py:175} INFO - Processing /home/ahyar/Documents/tut_folder/tut_python/python_script/tut_airflow/env_airflow/lib/python3.9/site-packages/airflow/example_dags/example_latest_only.py took 0.197 seconds
[2023-04-15T10:53:38.343+0700] {processor.py:153} INFO - Started process (PID=18171) to work on /home/ahyar/Documents/tut_folder/tut_python/python_script/tut_airflow/env_airflow/lib/python3.9/site-packages/airflow/example_dags/example_latest_only.py
[2023-04-15T10:53:38.344+0700] {processor.py:743} INFO - Processing file /home/ahyar/Documents/tut_folder/tut_python/python_script/tut_airflow/env_airflow/lib/python3.9/site-packages/airflow/example_dags/example_latest_only.py for tasks to queue
[2023-04-15T10:53:38.345+0700] {logging_mixin.py:137} INFO - [2023-04-15T10:53:38.345+0700] {dagbag.py:532} INFO - Filling up the DagBag from /home/ahyar/Documents/tut_folder/tut_python/python_script/tut_airflow/env_airflow/lib/python3.9/site-packages/airflow/example_dags/example_latest_only.py
[2023-04-15T10:53:38.363+0700] {processor.py:753} INFO - DAG(s) dict_keys(['latest_only']) retrieved from /home/ahyar/Documents/tut_folder/tut_python/python_script/tut_airflow/env_airflow/lib/python3.9/site-packages/airflow/example_dags/example_latest_only.py
[2023-04-15T10:53:38.379+0700] {logging_mixin.py:137} INFO - [2023-04-15T10:53:38.379+0700] {dag.py:2705} INFO - Sync 1 DAGs
[2023-04-15T10:53:38.395+0700] {logging_mixin.py:137} INFO - [2023-04-15T10:53:38.395+0700] {dag.py:3452} INFO - Setting next_dagrun for latest_only to 2023-04-14T23:53:38.395650+00:00, run_after=2023-04-15T03:53:38.395650+00:00
[2023-04-15T10:53:38.411+0700] {processor.py:175} INFO - Processing /home/ahyar/Documents/tut_folder/tut_python/python_script/tut_airflow/env_airflow/lib/python3.9/site-packages/airflow/example_dags/example_latest_only.py took 0.071 seconds
[2023-04-15T10:54:23.032+0700] {processor.py:153} INFO - Started process (PID=18256) to work on /home/ahyar/Documents/tut_folder/tut_python/python_script/tut_airflow/env_airflow/lib/python3.9/site-packages/airflow/example_dags/example_latest_only.py
[2023-04-15T10:54:23.033+0700] {processor.py:743} INFO - Processing file /home/ahyar/Documents/tut_folder/tut_python/python_script/tut_airflow/env_airflow/lib/python3.9/site-packages/airflow/example_dags/example_latest_only.py for tasks to queue
[2023-04-15T10:54:23.034+0700] {logging_mixin.py:137} INFO - [2023-04-15T10:54:23.034+0700] {dagbag.py:532} INFO - Filling up the DagBag from /home/ahyar/Documents/tut_folder/tut_python/python_script/tut_airflow/env_airflow/lib/python3.9/site-packages/airflow/example_dags/example_latest_only.py
[2023-04-15T10:54:23.045+0700] {processor.py:753} INFO - DAG(s) dict_keys(['latest_only']) retrieved from /home/ahyar/Documents/tut_folder/tut_python/python_script/tut_airflow/env_airflow/lib/python3.9/site-packages/airflow/example_dags/example_latest_only.py
[2023-04-15T10:54:23.055+0700] {logging_mixin.py:137} INFO - [2023-04-15T10:54:23.055+0700] {dag.py:2705} INFO - Sync 1 DAGs
[2023-04-15T10:54:23.066+0700] {logging_mixin.py:137} INFO - [2023-04-15T10:54:23.066+0700] {dag.py:3452} INFO - Setting next_dagrun for latest_only to 2023-04-14T23:54:23.065979+00:00, run_after=2023-04-15T03:54:23.065979+00:00
[2023-04-15T10:54:23.079+0700] {processor.py:175} INFO - Processing /home/ahyar/Documents/tut_folder/tut_python/python_script/tut_airflow/env_airflow/lib/python3.9/site-packages/airflow/example_dags/example_latest_only.py took 0.052 seconds
[2023-04-15T10:55:09.057+0700] {processor.py:153} INFO - Started process (PID=18328) to work on /home/ahyar/Documents/tut_folder/tut_python/python_script/tut_airflow/env_airflow/lib/python3.9/site-packages/airflow/example_dags/example_latest_only.py
[2023-04-15T10:55:09.058+0700] {processor.py:743} INFO - Processing file /home/ahyar/Documents/tut_folder/tut_python/python_script/tut_airflow/env_airflow/lib/python3.9/site-packages/airflow/example_dags/example_latest_only.py for tasks to queue
[2023-04-15T10:55:09.058+0700] {logging_mixin.py:137} INFO - [2023-04-15T10:55:09.058+0700] {dagbag.py:532} INFO - Filling up the DagBag from /home/ahyar/Documents/tut_folder/tut_python/python_script/tut_airflow/env_airflow/lib/python3.9/site-packages/airflow/example_dags/example_latest_only.py
[2023-04-15T10:55:09.076+0700] {processor.py:753} INFO - DAG(s) dict_keys(['latest_only']) retrieved from /home/ahyar/Documents/tut_folder/tut_python/python_script/tut_airflow/env_airflow/lib/python3.9/site-packages/airflow/example_dags/example_latest_only.py
[2023-04-15T10:55:09.116+0700] {logging_mixin.py:137} INFO - [2023-04-15T10:55:09.114+0700] {dag.py:2705} INFO - Sync 1 DAGs
[2023-04-15T10:55:09.144+0700] {logging_mixin.py:137} INFO - [2023-04-15T10:55:09.143+0700] {dag.py:3452} INFO - Setting next_dagrun for latest_only to 2023-04-14T23:55:09.143734+00:00, run_after=2023-04-15T03:55:09.143734+00:00
[2023-04-15T10:55:09.172+0700] {processor.py:175} INFO - Processing /home/ahyar/Documents/tut_folder/tut_python/python_script/tut_airflow/env_airflow/lib/python3.9/site-packages/airflow/example_dags/example_latest_only.py took 0.117 seconds
[2023-04-15T10:55:53.605+0700] {processor.py:153} INFO - Started process (PID=18440) to work on /home/ahyar/Documents/tut_folder/tut_python/python_script/tut_airflow/env_airflow/lib/python3.9/site-packages/airflow/example_dags/example_latest_only.py
[2023-04-15T10:55:53.606+0700] {processor.py:743} INFO - Processing file /home/ahyar/Documents/tut_folder/tut_python/python_script/tut_airflow/env_airflow/lib/python3.9/site-packages/airflow/example_dags/example_latest_only.py for tasks to queue
[2023-04-15T10:55:53.607+0700] {logging_mixin.py:137} INFO - [2023-04-15T10:55:53.606+0700] {dagbag.py:532} INFO - Filling up the DagBag from /home/ahyar/Documents/tut_folder/tut_python/python_script/tut_airflow/env_airflow/lib/python3.9/site-packages/airflow/example_dags/example_latest_only.py
[2023-04-15T10:55:53.618+0700] {processor.py:753} INFO - DAG(s) dict_keys(['latest_only']) retrieved from /home/ahyar/Documents/tut_folder/tut_python/python_script/tut_airflow/env_airflow/lib/python3.9/site-packages/airflow/example_dags/example_latest_only.py
[2023-04-15T10:55:53.629+0700] {logging_mixin.py:137} INFO - [2023-04-15T10:55:53.629+0700] {dag.py:2705} INFO - Sync 1 DAGs
[2023-04-15T10:55:53.639+0700] {logging_mixin.py:137} INFO - [2023-04-15T10:55:53.639+0700] {dag.py:3452} INFO - Setting next_dagrun for latest_only to 2023-04-14T23:55:53.639480+00:00, run_after=2023-04-15T03:55:53.639480+00:00
[2023-04-15T10:55:53.653+0700] {processor.py:175} INFO - Processing /home/ahyar/Documents/tut_folder/tut_python/python_script/tut_airflow/env_airflow/lib/python3.9/site-packages/airflow/example_dags/example_latest_only.py took 0.053 seconds
[2023-04-15T10:56:36.080+0700] {processor.py:153} INFO - Started process (PID=18490) to work on /home/ahyar/Documents/tut_folder/tut_python/python_script/tut_airflow/env_airflow/lib/python3.9/site-packages/airflow/example_dags/example_latest_only.py
[2023-04-15T10:56:36.082+0700] {processor.py:743} INFO - Processing file /home/ahyar/Documents/tut_folder/tut_python/python_script/tut_airflow/env_airflow/lib/python3.9/site-packages/airflow/example_dags/example_latest_only.py for tasks to queue
[2023-04-15T10:56:36.083+0700] {logging_mixin.py:137} INFO - [2023-04-15T10:56:36.082+0700] {dagbag.py:532} INFO - Filling up the DagBag from /home/ahyar/Documents/tut_folder/tut_python/python_script/tut_airflow/env_airflow/lib/python3.9/site-packages/airflow/example_dags/example_latest_only.py
[2023-04-15T10:56:36.094+0700] {processor.py:753} INFO - DAG(s) dict_keys(['latest_only']) retrieved from /home/ahyar/Documents/tut_folder/tut_python/python_script/tut_airflow/env_airflow/lib/python3.9/site-packages/airflow/example_dags/example_latest_only.py
[2023-04-15T10:56:36.105+0700] {logging_mixin.py:137} INFO - [2023-04-15T10:56:36.105+0700] {dag.py:2705} INFO - Sync 1 DAGs
[2023-04-15T10:56:36.115+0700] {logging_mixin.py:137} INFO - [2023-04-15T10:56:36.115+0700] {dag.py:3452} INFO - Setting next_dagrun for latest_only to 2023-04-14T23:56:36.115604+00:00, run_after=2023-04-15T03:56:36.115604+00:00
[2023-04-15T10:56:36.130+0700] {processor.py:175} INFO - Processing /home/ahyar/Documents/tut_folder/tut_python/python_script/tut_airflow/env_airflow/lib/python3.9/site-packages/airflow/example_dags/example_latest_only.py took 0.054 seconds
[2023-04-15T10:57:19.898+0700] {processor.py:153} INFO - Started process (PID=18571) to work on /home/ahyar/Documents/tut_folder/tut_python/python_script/tut_airflow/env_airflow/lib/python3.9/site-packages/airflow/example_dags/example_latest_only.py
[2023-04-15T10:57:19.899+0700] {processor.py:743} INFO - Processing file /home/ahyar/Documents/tut_folder/tut_python/python_script/tut_airflow/env_airflow/lib/python3.9/site-packages/airflow/example_dags/example_latest_only.py for tasks to queue
[2023-04-15T10:57:19.899+0700] {logging_mixin.py:137} INFO - [2023-04-15T10:57:19.899+0700] {dagbag.py:532} INFO - Filling up the DagBag from /home/ahyar/Documents/tut_folder/tut_python/python_script/tut_airflow/env_airflow/lib/python3.9/site-packages/airflow/example_dags/example_latest_only.py
[2023-04-15T10:57:19.919+0700] {processor.py:753} INFO - DAG(s) dict_keys(['latest_only']) retrieved from /home/ahyar/Documents/tut_folder/tut_python/python_script/tut_airflow/env_airflow/lib/python3.9/site-packages/airflow/example_dags/example_latest_only.py
[2023-04-15T10:57:19.939+0700] {logging_mixin.py:137} INFO - [2023-04-15T10:57:19.938+0700] {dag.py:2705} INFO - Sync 1 DAGs
[2023-04-15T10:57:19.960+0700] {logging_mixin.py:137} INFO - [2023-04-15T10:57:19.960+0700] {dag.py:3452} INFO - Setting next_dagrun for latest_only to 2023-04-14T23:57:19.960023+00:00, run_after=2023-04-15T03:57:19.960023+00:00
[2023-04-15T10:57:19.982+0700] {processor.py:175} INFO - Processing /home/ahyar/Documents/tut_folder/tut_python/python_script/tut_airflow/env_airflow/lib/python3.9/site-packages/airflow/example_dags/example_latest_only.py took 0.090 seconds
[2023-04-15T10:58:04.626+0700] {processor.py:153} INFO - Started process (PID=18643) to work on /home/ahyar/Documents/tut_folder/tut_python/python_script/tut_airflow/env_airflow/lib/python3.9/site-packages/airflow/example_dags/example_latest_only.py
[2023-04-15T10:58:04.627+0700] {processor.py:743} INFO - Processing file /home/ahyar/Documents/tut_folder/tut_python/python_script/tut_airflow/env_airflow/lib/python3.9/site-packages/airflow/example_dags/example_latest_only.py for tasks to queue
[2023-04-15T10:58:04.628+0700] {logging_mixin.py:137} INFO - [2023-04-15T10:58:04.628+0700] {dagbag.py:532} INFO - Filling up the DagBag from /home/ahyar/Documents/tut_folder/tut_python/python_script/tut_airflow/env_airflow/lib/python3.9/site-packages/airflow/example_dags/example_latest_only.py
[2023-04-15T10:58:04.643+0700] {processor.py:753} INFO - DAG(s) dict_keys(['latest_only']) retrieved from /home/ahyar/Documents/tut_folder/tut_python/python_script/tut_airflow/env_airflow/lib/python3.9/site-packages/airflow/example_dags/example_latest_only.py
[2023-04-15T10:58:04.658+0700] {logging_mixin.py:137} INFO - [2023-04-15T10:58:04.658+0700] {dag.py:2705} INFO - Sync 1 DAGs
[2023-04-15T10:58:04.675+0700] {logging_mixin.py:137} INFO - [2023-04-15T10:58:04.675+0700] {dag.py:3452} INFO - Setting next_dagrun for latest_only to 2023-04-14T23:58:04.674881+00:00, run_after=2023-04-15T03:58:04.674881+00:00
[2023-04-15T10:58:04.690+0700] {processor.py:175} INFO - Processing /home/ahyar/Documents/tut_folder/tut_python/python_script/tut_airflow/env_airflow/lib/python3.9/site-packages/airflow/example_dags/example_latest_only.py took 0.070 seconds
[2023-04-15T10:58:52.341+0700] {processor.py:153} INFO - Started process (PID=18797) to work on /home/ahyar/Documents/tut_folder/tut_python/python_script/tut_airflow/env_airflow/lib/python3.9/site-packages/airflow/example_dags/example_latest_only.py
[2023-04-15T10:58:52.343+0700] {processor.py:743} INFO - Processing file /home/ahyar/Documents/tut_folder/tut_python/python_script/tut_airflow/env_airflow/lib/python3.9/site-packages/airflow/example_dags/example_latest_only.py for tasks to queue
[2023-04-15T10:58:52.347+0700] {logging_mixin.py:137} INFO - [2023-04-15T10:58:52.346+0700] {dagbag.py:532} INFO - Filling up the DagBag from /home/ahyar/Documents/tut_folder/tut_python/python_script/tut_airflow/env_airflow/lib/python3.9/site-packages/airflow/example_dags/example_latest_only.py
[2023-04-15T10:58:52.398+0700] {processor.py:753} INFO - DAG(s) dict_keys(['latest_only']) retrieved from /home/ahyar/Documents/tut_folder/tut_python/python_script/tut_airflow/env_airflow/lib/python3.9/site-packages/airflow/example_dags/example_latest_only.py
[2023-04-15T10:58:52.417+0700] {logging_mixin.py:137} INFO - [2023-04-15T10:58:52.416+0700] {dag.py:2705} INFO - Sync 1 DAGs
[2023-04-15T10:58:52.439+0700] {logging_mixin.py:137} INFO - [2023-04-15T10:58:52.439+0700] {dag.py:3452} INFO - Setting next_dagrun for latest_only to 2023-04-14T23:58:52.439070+00:00, run_after=2023-04-15T03:58:52.439070+00:00
[2023-04-15T10:58:52.475+0700] {processor.py:175} INFO - Processing /home/ahyar/Documents/tut_folder/tut_python/python_script/tut_airflow/env_airflow/lib/python3.9/site-packages/airflow/example_dags/example_latest_only.py took 0.137 seconds
[2023-04-15T11:01:52.195+0700] {processor.py:153} INFO - Started process (PID=20701) to work on /home/ahyar/Documents/tut_folder/tut_python/python_script/tut_airflow/env_airflow/lib/python3.9/site-packages/airflow/example_dags/example_latest_only.py
[2023-04-15T11:01:52.196+0700] {processor.py:743} INFO - Processing file /home/ahyar/Documents/tut_folder/tut_python/python_script/tut_airflow/env_airflow/lib/python3.9/site-packages/airflow/example_dags/example_latest_only.py for tasks to queue
[2023-04-15T11:01:52.197+0700] {logging_mixin.py:137} INFO - [2023-04-15T11:01:52.197+0700] {dagbag.py:532} INFO - Filling up the DagBag from /home/ahyar/Documents/tut_folder/tut_python/python_script/tut_airflow/env_airflow/lib/python3.9/site-packages/airflow/example_dags/example_latest_only.py
[2023-04-15T11:01:52.208+0700] {processor.py:753} INFO - DAG(s) dict_keys(['latest_only']) retrieved from /home/ahyar/Documents/tut_folder/tut_python/python_script/tut_airflow/env_airflow/lib/python3.9/site-packages/airflow/example_dags/example_latest_only.py
[2023-04-15T11:01:52.218+0700] {logging_mixin.py:137} INFO - [2023-04-15T11:01:52.218+0700] {dag.py:2705} INFO - Sync 1 DAGs
[2023-04-15T11:01:52.229+0700] {logging_mixin.py:137} INFO - [2023-04-15T11:01:52.229+0700] {dag.py:3452} INFO - Setting next_dagrun for latest_only to 2023-04-15T00:01:52.229471+00:00, run_after=2023-04-15T04:01:52.229471+00:00
[2023-04-15T11:01:52.243+0700] {processor.py:175} INFO - Processing /home/ahyar/Documents/tut_folder/tut_python/python_script/tut_airflow/env_airflow/lib/python3.9/site-packages/airflow/example_dags/example_latest_only.py took 0.052 seconds
[2023-04-15T11:05:06.928+0700] {processor.py:153} INFO - Started process (PID=23034) to work on /home/ahyar/Documents/tut_folder/tut_python/python_script/tut_airflow/env_airflow/lib/python3.9/site-packages/airflow/example_dags/example_latest_only.py
[2023-04-15T11:05:06.929+0700] {processor.py:743} INFO - Processing file /home/ahyar/Documents/tut_folder/tut_python/python_script/tut_airflow/env_airflow/lib/python3.9/site-packages/airflow/example_dags/example_latest_only.py for tasks to queue
[2023-04-15T11:05:06.930+0700] {logging_mixin.py:137} INFO - [2023-04-15T11:05:06.930+0700] {dagbag.py:532} INFO - Filling up the DagBag from /home/ahyar/Documents/tut_folder/tut_python/python_script/tut_airflow/env_airflow/lib/python3.9/site-packages/airflow/example_dags/example_latest_only.py
[2023-04-15T11:05:06.942+0700] {processor.py:753} INFO - DAG(s) dict_keys(['latest_only']) retrieved from /home/ahyar/Documents/tut_folder/tut_python/python_script/tut_airflow/env_airflow/lib/python3.9/site-packages/airflow/example_dags/example_latest_only.py
[2023-04-15T11:05:06.957+0700] {logging_mixin.py:137} INFO - [2023-04-15T11:05:06.957+0700] {dag.py:2705} INFO - Sync 1 DAGs
[2023-04-15T11:05:06.974+0700] {logging_mixin.py:137} INFO - [2023-04-15T11:05:06.974+0700] {dag.py:3452} INFO - Setting next_dagrun for latest_only to 2023-04-15T00:05:06.974366+00:00, run_after=2023-04-15T04:05:06.974366+00:00
[2023-04-15T11:05:06.993+0700] {processor.py:175} INFO - Processing /home/ahyar/Documents/tut_folder/tut_python/python_script/tut_airflow/env_airflow/lib/python3.9/site-packages/airflow/example_dags/example_latest_only.py took 0.067 seconds
