[2023-04-15T10:46:52.074+0700] {processor.py:153} INFO - Started process (PID=16426) to work on /home/ahyar/Documents/tut_folder/tut_python/python_script/tut_airflow/env_airflow/lib/python3.9/site-packages/airflow/example_dags/example_subdag_operator.py
[2023-04-15T10:46:52.075+0700] {processor.py:743} INFO - Processing file /home/ahyar/Documents/tut_folder/tut_python/python_script/tut_airflow/env_airflow/lib/python3.9/site-packages/airflow/example_dags/example_subdag_operator.py for tasks to queue
[2023-04-15T10:46:52.076+0700] {logging_mixin.py:137} INFO - [2023-04-15T10:46:52.076+0700] {dagbag.py:532} INFO - Filling up the DagBag from /home/ahyar/Documents/tut_folder/tut_python/python_script/tut_airflow/env_airflow/lib/python3.9/site-packages/airflow/example_dags/example_subdag_operator.py
[2023-04-15T10:46:52.095+0700] {processor.py:753} INFO - DAG(s) dict_keys(['example_subdag_operator.section-1', 'example_subdag_operator.section-2', 'example_subdag_operator']) retrieved from /home/ahyar/Documents/tut_folder/tut_python/python_script/tut_airflow/env_airflow/lib/python3.9/site-packages/airflow/example_dags/example_subdag_operator.py
[2023-04-15T10:46:52.152+0700] {logging_mixin.py:137} INFO - [2023-04-15T10:46:52.152+0700] {manager.py:504} INFO - Created Permission View: can read on DAG:example_subdag_operator
[2023-04-15T10:46:52.160+0700] {logging_mixin.py:137} INFO - [2023-04-15T10:46:52.160+0700] {manager.py:504} INFO - Created Permission View: can edit on DAG:example_subdag_operator
[2023-04-15T10:46:52.168+0700] {logging_mixin.py:137} INFO - [2023-04-15T10:46:52.168+0700] {manager.py:504} INFO - Created Permission View: can delete on DAG:example_subdag_operator
[2023-04-15T10:46:52.168+0700] {logging_mixin.py:137} INFO - [2023-04-15T10:46:52.168+0700] {dag.py:2705} INFO - Sync 3 DAGs
[2023-04-15T10:46:52.174+0700] {logging_mixin.py:137} INFO - [2023-04-15T10:46:52.174+0700] {dag.py:2726} INFO - Creating ORM DAG for example_subdag_operator.section-1
[2023-04-15T10:46:52.174+0700] {logging_mixin.py:137} INFO - [2023-04-15T10:46:52.174+0700] {dag.py:2726} INFO - Creating ORM DAG for example_subdag_operator
[2023-04-15T10:46:52.174+0700] {logging_mixin.py:137} INFO - [2023-04-15T10:46:52.174+0700] {dag.py:2726} INFO - Creating ORM DAG for example_subdag_operator.section-2
[2023-04-15T10:46:52.179+0700] {logging_mixin.py:137} INFO - [2023-04-15T10:46:52.179+0700] {dag.py:3452} INFO - Setting next_dagrun for example_subdag_operator to 2022-01-01T00:00:00+00:00, run_after=2022-01-01T00:00:00+00:00
[2023-04-15T10:46:52.179+0700] {logging_mixin.py:137} INFO - [2023-04-15T10:46:52.179+0700] {dag.py:3452} INFO - Setting next_dagrun for example_subdag_operator.section-1 to None, run_after=None
[2023-04-15T10:46:52.179+0700] {logging_mixin.py:137} INFO - [2023-04-15T10:46:52.179+0700] {dag.py:3452} INFO - Setting next_dagrun for example_subdag_operator.section-2 to None, run_after=None
[2023-04-15T10:46:52.182+0700] {logging_mixin.py:137} INFO - [2023-04-15T10:46:52.182+0700] {dag.py:2705} INFO - Sync 2 DAGs
[2023-04-15T10:46:52.185+0700] {logging_mixin.py:137} INFO - [2023-04-15T10:46:52.185+0700] {dag.py:3452} INFO - Setting next_dagrun for example_subdag_operator.section-1 to None, run_after=None
[2023-04-15T10:46:52.186+0700] {logging_mixin.py:137} INFO - [2023-04-15T10:46:52.186+0700] {dag.py:3452} INFO - Setting next_dagrun for example_subdag_operator.section-2 to None, run_after=None
[2023-04-15T10:46:52.200+0700] {processor.py:175} INFO - Processing /home/ahyar/Documents/tut_folder/tut_python/python_script/tut_airflow/env_airflow/lib/python3.9/site-packages/airflow/example_dags/example_subdag_operator.py took 0.130 seconds
[2023-04-15T10:47:34.686+0700] {processor.py:153} INFO - Started process (PID=16612) to work on /home/ahyar/Documents/tut_folder/tut_python/python_script/tut_airflow/env_airflow/lib/python3.9/site-packages/airflow/example_dags/example_subdag_operator.py
[2023-04-15T10:47:34.687+0700] {processor.py:743} INFO - Processing file /home/ahyar/Documents/tut_folder/tut_python/python_script/tut_airflow/env_airflow/lib/python3.9/site-packages/airflow/example_dags/example_subdag_operator.py for tasks to queue
[2023-04-15T10:47:34.687+0700] {logging_mixin.py:137} INFO - [2023-04-15T10:47:34.687+0700] {dagbag.py:532} INFO - Filling up the DagBag from /home/ahyar/Documents/tut_folder/tut_python/python_script/tut_airflow/env_airflow/lib/python3.9/site-packages/airflow/example_dags/example_subdag_operator.py
[2023-04-15T10:47:34.700+0700] {processor.py:753} INFO - DAG(s) dict_keys(['example_subdag_operator.section-1', 'example_subdag_operator.section-2', 'example_subdag_operator']) retrieved from /home/ahyar/Documents/tut_folder/tut_python/python_script/tut_airflow/env_airflow/lib/python3.9/site-packages/airflow/example_dags/example_subdag_operator.py
[2023-04-15T10:47:34.715+0700] {logging_mixin.py:137} INFO - [2023-04-15T10:47:34.715+0700] {dag.py:2705} INFO - Sync 3 DAGs
[2023-04-15T10:47:34.732+0700] {logging_mixin.py:137} INFO - [2023-04-15T10:47:34.731+0700] {dag.py:3452} INFO - Setting next_dagrun for example_subdag_operator to 2022-01-01T00:00:00+00:00, run_after=2022-01-01T00:00:00+00:00
[2023-04-15T10:47:34.735+0700] {logging_mixin.py:137} INFO - [2023-04-15T10:47:34.735+0700] {dag.py:3452} INFO - Setting next_dagrun for example_subdag_operator.section-1 to None, run_after=None
[2023-04-15T10:47:34.736+0700] {logging_mixin.py:137} INFO - [2023-04-15T10:47:34.736+0700] {dag.py:3452} INFO - Setting next_dagrun for example_subdag_operator.section-2 to None, run_after=None
[2023-04-15T10:47:34.742+0700] {logging_mixin.py:137} INFO - [2023-04-15T10:47:34.742+0700] {dag.py:2705} INFO - Sync 2 DAGs
[2023-04-15T10:47:34.745+0700] {logging_mixin.py:137} INFO - [2023-04-15T10:47:34.745+0700] {dag.py:3452} INFO - Setting next_dagrun for example_subdag_operator.section-1 to None, run_after=None
[2023-04-15T10:47:34.745+0700] {logging_mixin.py:137} INFO - [2023-04-15T10:47:34.745+0700] {dag.py:3452} INFO - Setting next_dagrun for example_subdag_operator.section-2 to None, run_after=None
[2023-04-15T10:47:34.756+0700] {processor.py:175} INFO - Processing /home/ahyar/Documents/tut_folder/tut_python/python_script/tut_airflow/env_airflow/lib/python3.9/site-packages/airflow/example_dags/example_subdag_operator.py took 0.071 seconds
[2023-04-15T10:48:47.103+0700] {processor.py:153} INFO - Started process (PID=17128) to work on /home/ahyar/Documents/tut_folder/tut_python/python_script/tut_airflow/env_airflow/lib/python3.9/site-packages/airflow/example_dags/example_subdag_operator.py
[2023-04-15T10:48:47.104+0700] {processor.py:743} INFO - Processing file /home/ahyar/Documents/tut_folder/tut_python/python_script/tut_airflow/env_airflow/lib/python3.9/site-packages/airflow/example_dags/example_subdag_operator.py for tasks to queue
[2023-04-15T10:48:47.104+0700] {logging_mixin.py:137} INFO - [2023-04-15T10:48:47.104+0700] {dagbag.py:532} INFO - Filling up the DagBag from /home/ahyar/Documents/tut_folder/tut_python/python_script/tut_airflow/env_airflow/lib/python3.9/site-packages/airflow/example_dags/example_subdag_operator.py
[2023-04-15T10:48:47.133+0700] {processor.py:753} INFO - DAG(s) dict_keys(['example_subdag_operator.section-1', 'example_subdag_operator.section-2', 'example_subdag_operator']) retrieved from /home/ahyar/Documents/tut_folder/tut_python/python_script/tut_airflow/env_airflow/lib/python3.9/site-packages/airflow/example_dags/example_subdag_operator.py
[2023-04-15T10:48:47.153+0700] {logging_mixin.py:137} INFO - [2023-04-15T10:48:47.153+0700] {dag.py:2705} INFO - Sync 3 DAGs
[2023-04-15T10:48:47.166+0700] {logging_mixin.py:137} INFO - [2023-04-15T10:48:47.166+0700] {dag.py:3452} INFO - Setting next_dagrun for example_subdag_operator to 2022-01-01T00:00:00+00:00, run_after=2022-01-01T00:00:00+00:00
[2023-04-15T10:48:47.168+0700] {logging_mixin.py:137} INFO - [2023-04-15T10:48:47.168+0700] {dag.py:3452} INFO - Setting next_dagrun for example_subdag_operator.section-1 to None, run_after=None
[2023-04-15T10:48:47.169+0700] {logging_mixin.py:137} INFO - [2023-04-15T10:48:47.169+0700] {dag.py:3452} INFO - Setting next_dagrun for example_subdag_operator.section-2 to None, run_after=None
[2023-04-15T10:48:47.174+0700] {logging_mixin.py:137} INFO - [2023-04-15T10:48:47.174+0700] {dag.py:2705} INFO - Sync 2 DAGs
[2023-04-15T10:48:47.180+0700] {logging_mixin.py:137} INFO - [2023-04-15T10:48:47.179+0700] {dag.py:3452} INFO - Setting next_dagrun for example_subdag_operator.section-1 to None, run_after=None
[2023-04-15T10:48:47.180+0700] {logging_mixin.py:137} INFO - [2023-04-15T10:48:47.180+0700] {dag.py:3452} INFO - Setting next_dagrun for example_subdag_operator.section-2 to None, run_after=None
[2023-04-15T10:48:47.201+0700] {processor.py:175} INFO - Processing /home/ahyar/Documents/tut_folder/tut_python/python_script/tut_airflow/env_airflow/lib/python3.9/site-packages/airflow/example_dags/example_subdag_operator.py took 0.100 seconds
[2023-04-15T10:49:34.549+0700] {processor.py:153} INFO - Started process (PID=17466) to work on /home/ahyar/Documents/tut_folder/tut_python/python_script/tut_airflow/env_airflow/lib/python3.9/site-packages/airflow/example_dags/example_subdag_operator.py
[2023-04-15T10:49:34.552+0700] {processor.py:743} INFO - Processing file /home/ahyar/Documents/tut_folder/tut_python/python_script/tut_airflow/env_airflow/lib/python3.9/site-packages/airflow/example_dags/example_subdag_operator.py for tasks to queue
[2023-04-15T10:49:34.553+0700] {logging_mixin.py:137} INFO - [2023-04-15T10:49:34.553+0700] {dagbag.py:532} INFO - Filling up the DagBag from /home/ahyar/Documents/tut_folder/tut_python/python_script/tut_airflow/env_airflow/lib/python3.9/site-packages/airflow/example_dags/example_subdag_operator.py
[2023-04-15T10:49:34.624+0700] {processor.py:753} INFO - DAG(s) dict_keys(['example_subdag_operator.section-1', 'example_subdag_operator.section-2', 'example_subdag_operator']) retrieved from /home/ahyar/Documents/tut_folder/tut_python/python_script/tut_airflow/env_airflow/lib/python3.9/site-packages/airflow/example_dags/example_subdag_operator.py
[2023-04-15T10:49:34.667+0700] {logging_mixin.py:137} INFO - [2023-04-15T10:49:34.667+0700] {dag.py:2705} INFO - Sync 3 DAGs
[2023-04-15T10:49:34.724+0700] {logging_mixin.py:137} INFO - [2023-04-15T10:49:34.723+0700] {dag.py:3452} INFO - Setting next_dagrun for example_subdag_operator to 2022-01-01T00:00:00+00:00, run_after=2022-01-01T00:00:00+00:00
[2023-04-15T10:49:34.741+0700] {logging_mixin.py:137} INFO - [2023-04-15T10:49:34.740+0700] {dag.py:3452} INFO - Setting next_dagrun for example_subdag_operator.section-1 to None, run_after=None
[2023-04-15T10:49:34.742+0700] {logging_mixin.py:137} INFO - [2023-04-15T10:49:34.742+0700] {dag.py:3452} INFO - Setting next_dagrun for example_subdag_operator.section-2 to None, run_after=None
[2023-04-15T10:49:34.765+0700] {logging_mixin.py:137} INFO - [2023-04-15T10:49:34.764+0700] {dag.py:2705} INFO - Sync 2 DAGs
[2023-04-15T10:49:34.782+0700] {logging_mixin.py:137} INFO - [2023-04-15T10:49:34.782+0700] {dag.py:3452} INFO - Setting next_dagrun for example_subdag_operator.section-1 to None, run_after=None
[2023-04-15T10:49:34.783+0700] {logging_mixin.py:137} INFO - [2023-04-15T10:49:34.783+0700] {dag.py:3452} INFO - Setting next_dagrun for example_subdag_operator.section-2 to None, run_after=None
[2023-04-15T10:49:34.821+0700] {processor.py:175} INFO - Processing /home/ahyar/Documents/tut_folder/tut_python/python_script/tut_airflow/env_airflow/lib/python3.9/site-packages/airflow/example_dags/example_subdag_operator.py took 0.276 seconds
[2023-04-15T10:50:19.651+0700] {processor.py:153} INFO - Started process (PID=17716) to work on /home/ahyar/Documents/tut_folder/tut_python/python_script/tut_airflow/env_airflow/lib/python3.9/site-packages/airflow/example_dags/example_subdag_operator.py
[2023-04-15T10:50:19.651+0700] {processor.py:743} INFO - Processing file /home/ahyar/Documents/tut_folder/tut_python/python_script/tut_airflow/env_airflow/lib/python3.9/site-packages/airflow/example_dags/example_subdag_operator.py for tasks to queue
[2023-04-15T10:50:19.652+0700] {logging_mixin.py:137} INFO - [2023-04-15T10:50:19.652+0700] {dagbag.py:532} INFO - Filling up the DagBag from /home/ahyar/Documents/tut_folder/tut_python/python_script/tut_airflow/env_airflow/lib/python3.9/site-packages/airflow/example_dags/example_subdag_operator.py
[2023-04-15T10:50:19.675+0700] {processor.py:753} INFO - DAG(s) dict_keys(['example_subdag_operator.section-1', 'example_subdag_operator.section-2', 'example_subdag_operator']) retrieved from /home/ahyar/Documents/tut_folder/tut_python/python_script/tut_airflow/env_airflow/lib/python3.9/site-packages/airflow/example_dags/example_subdag_operator.py
[2023-04-15T10:50:19.692+0700] {logging_mixin.py:137} INFO - [2023-04-15T10:50:19.692+0700] {dag.py:2705} INFO - Sync 3 DAGs
[2023-04-15T10:50:19.707+0700] {logging_mixin.py:137} INFO - [2023-04-15T10:50:19.707+0700] {dag.py:3452} INFO - Setting next_dagrun for example_subdag_operator to 2022-01-01T00:00:00+00:00, run_after=2022-01-01T00:00:00+00:00
[2023-04-15T10:50:19.711+0700] {logging_mixin.py:137} INFO - [2023-04-15T10:50:19.710+0700] {dag.py:3452} INFO - Setting next_dagrun for example_subdag_operator.section-1 to None, run_after=None
[2023-04-15T10:50:19.714+0700] {logging_mixin.py:137} INFO - [2023-04-15T10:50:19.713+0700] {dag.py:3452} INFO - Setting next_dagrun for example_subdag_operator.section-2 to None, run_after=None
[2023-04-15T10:50:19.718+0700] {logging_mixin.py:137} INFO - [2023-04-15T10:50:19.718+0700] {dag.py:2705} INFO - Sync 2 DAGs
[2023-04-15T10:50:19.722+0700] {logging_mixin.py:137} INFO - [2023-04-15T10:50:19.722+0700] {dag.py:3452} INFO - Setting next_dagrun for example_subdag_operator.section-1 to None, run_after=None
[2023-04-15T10:50:19.722+0700] {logging_mixin.py:137} INFO - [2023-04-15T10:50:19.722+0700] {dag.py:3452} INFO - Setting next_dagrun for example_subdag_operator.section-2 to None, run_after=None
[2023-04-15T10:50:19.735+0700] {processor.py:175} INFO - Processing /home/ahyar/Documents/tut_folder/tut_python/python_script/tut_airflow/env_airflow/lib/python3.9/site-packages/airflow/example_dags/example_subdag_operator.py took 0.086 seconds
[2023-04-15T10:51:01.426+0700] {processor.py:153} INFO - Started process (PID=17774) to work on /home/ahyar/Documents/tut_folder/tut_python/python_script/tut_airflow/env_airflow/lib/python3.9/site-packages/airflow/example_dags/example_subdag_operator.py
[2023-04-15T10:51:01.428+0700] {processor.py:743} INFO - Processing file /home/ahyar/Documents/tut_folder/tut_python/python_script/tut_airflow/env_airflow/lib/python3.9/site-packages/airflow/example_dags/example_subdag_operator.py for tasks to queue
[2023-04-15T10:51:01.428+0700] {logging_mixin.py:137} INFO - [2023-04-15T10:51:01.428+0700] {dagbag.py:532} INFO - Filling up the DagBag from /home/ahyar/Documents/tut_folder/tut_python/python_script/tut_airflow/env_airflow/lib/python3.9/site-packages/airflow/example_dags/example_subdag_operator.py
[2023-04-15T10:51:01.447+0700] {processor.py:753} INFO - DAG(s) dict_keys(['example_subdag_operator.section-1', 'example_subdag_operator.section-2', 'example_subdag_operator']) retrieved from /home/ahyar/Documents/tut_folder/tut_python/python_script/tut_airflow/env_airflow/lib/python3.9/site-packages/airflow/example_dags/example_subdag_operator.py
[2023-04-15T10:51:01.457+0700] {logging_mixin.py:137} INFO - [2023-04-15T10:51:01.456+0700] {dag.py:2705} INFO - Sync 3 DAGs
[2023-04-15T10:51:01.467+0700] {logging_mixin.py:137} INFO - [2023-04-15T10:51:01.467+0700] {dag.py:3452} INFO - Setting next_dagrun for example_subdag_operator to 2022-01-01T00:00:00+00:00, run_after=2022-01-01T00:00:00+00:00
[2023-04-15T10:51:01.469+0700] {logging_mixin.py:137} INFO - [2023-04-15T10:51:01.469+0700] {dag.py:3452} INFO - Setting next_dagrun for example_subdag_operator.section-1 to None, run_after=None
[2023-04-15T10:51:01.470+0700] {logging_mixin.py:137} INFO - [2023-04-15T10:51:01.469+0700] {dag.py:3452} INFO - Setting next_dagrun for example_subdag_operator.section-2 to None, run_after=None
[2023-04-15T10:51:01.473+0700] {logging_mixin.py:137} INFO - [2023-04-15T10:51:01.472+0700] {dag.py:2705} INFO - Sync 2 DAGs
[2023-04-15T10:51:01.475+0700] {logging_mixin.py:137} INFO - [2023-04-15T10:51:01.475+0700] {dag.py:3452} INFO - Setting next_dagrun for example_subdag_operator.section-1 to None, run_after=None
[2023-04-15T10:51:01.475+0700] {logging_mixin.py:137} INFO - [2023-04-15T10:51:01.475+0700] {dag.py:3452} INFO - Setting next_dagrun for example_subdag_operator.section-2 to None, run_after=None
[2023-04-15T10:51:01.485+0700] {processor.py:175} INFO - Processing /home/ahyar/Documents/tut_folder/tut_python/python_script/tut_airflow/env_airflow/lib/python3.9/site-packages/airflow/example_dags/example_subdag_operator.py took 0.063 seconds
[2023-04-15T10:51:43.861+0700] {processor.py:153} INFO - Started process (PID=17855) to work on /home/ahyar/Documents/tut_folder/tut_python/python_script/tut_airflow/env_airflow/lib/python3.9/site-packages/airflow/example_dags/example_subdag_operator.py
[2023-04-15T10:51:43.862+0700] {processor.py:743} INFO - Processing file /home/ahyar/Documents/tut_folder/tut_python/python_script/tut_airflow/env_airflow/lib/python3.9/site-packages/airflow/example_dags/example_subdag_operator.py for tasks to queue
[2023-04-15T10:51:43.862+0700] {logging_mixin.py:137} INFO - [2023-04-15T10:51:43.862+0700] {dagbag.py:532} INFO - Filling up the DagBag from /home/ahyar/Documents/tut_folder/tut_python/python_script/tut_airflow/env_airflow/lib/python3.9/site-packages/airflow/example_dags/example_subdag_operator.py
[2023-04-15T10:51:43.892+0700] {processor.py:753} INFO - DAG(s) dict_keys(['example_subdag_operator.section-1', 'example_subdag_operator.section-2', 'example_subdag_operator']) retrieved from /home/ahyar/Documents/tut_folder/tut_python/python_script/tut_airflow/env_airflow/lib/python3.9/site-packages/airflow/example_dags/example_subdag_operator.py
[2023-04-15T10:51:43.915+0700] {logging_mixin.py:137} INFO - [2023-04-15T10:51:43.915+0700] {dag.py:2705} INFO - Sync 3 DAGs
[2023-04-15T10:51:43.937+0700] {logging_mixin.py:137} INFO - [2023-04-15T10:51:43.937+0700] {dag.py:3452} INFO - Setting next_dagrun for example_subdag_operator to 2022-01-01T00:00:00+00:00, run_after=2022-01-01T00:00:00+00:00
[2023-04-15T10:51:43.942+0700] {logging_mixin.py:137} INFO - [2023-04-15T10:51:43.942+0700] {dag.py:3452} INFO - Setting next_dagrun for example_subdag_operator.section-1 to None, run_after=None
[2023-04-15T10:51:43.943+0700] {logging_mixin.py:137} INFO - [2023-04-15T10:51:43.943+0700] {dag.py:3452} INFO - Setting next_dagrun for example_subdag_operator.section-2 to None, run_after=None
[2023-04-15T10:51:43.952+0700] {logging_mixin.py:137} INFO - [2023-04-15T10:51:43.951+0700] {dag.py:2705} INFO - Sync 2 DAGs
[2023-04-15T10:51:43.958+0700] {logging_mixin.py:137} INFO - [2023-04-15T10:51:43.958+0700] {dag.py:3452} INFO - Setting next_dagrun for example_subdag_operator.section-1 to None, run_after=None
[2023-04-15T10:51:43.959+0700] {logging_mixin.py:137} INFO - [2023-04-15T10:51:43.959+0700] {dag.py:3452} INFO - Setting next_dagrun for example_subdag_operator.section-2 to None, run_after=None
[2023-04-15T10:51:43.977+0700] {processor.py:175} INFO - Processing /home/ahyar/Documents/tut_folder/tut_python/python_script/tut_airflow/env_airflow/lib/python3.9/site-packages/airflow/example_dags/example_subdag_operator.py took 0.119 seconds
[2023-04-15T10:52:29.479+0700] {processor.py:153} INFO - Started process (PID=17954) to work on /home/ahyar/Documents/tut_folder/tut_python/python_script/tut_airflow/env_airflow/lib/python3.9/site-packages/airflow/example_dags/example_subdag_operator.py
[2023-04-15T10:52:29.480+0700] {processor.py:743} INFO - Processing file /home/ahyar/Documents/tut_folder/tut_python/python_script/tut_airflow/env_airflow/lib/python3.9/site-packages/airflow/example_dags/example_subdag_operator.py for tasks to queue
[2023-04-15T10:52:29.482+0700] {logging_mixin.py:137} INFO - [2023-04-15T10:52:29.481+0700] {dagbag.py:532} INFO - Filling up the DagBag from /home/ahyar/Documents/tut_folder/tut_python/python_script/tut_airflow/env_airflow/lib/python3.9/site-packages/airflow/example_dags/example_subdag_operator.py
[2023-04-15T10:52:29.545+0700] {processor.py:753} INFO - DAG(s) dict_keys(['example_subdag_operator.section-1', 'example_subdag_operator.section-2', 'example_subdag_operator']) retrieved from /home/ahyar/Documents/tut_folder/tut_python/python_script/tut_airflow/env_airflow/lib/python3.9/site-packages/airflow/example_dags/example_subdag_operator.py
[2023-04-15T10:52:29.599+0700] {logging_mixin.py:137} INFO - [2023-04-15T10:52:29.598+0700] {dag.py:2705} INFO - Sync 3 DAGs
[2023-04-15T10:52:29.671+0700] {logging_mixin.py:137} INFO - [2023-04-15T10:52:29.671+0700] {dag.py:3452} INFO - Setting next_dagrun for example_subdag_operator to 2022-01-01T00:00:00+00:00, run_after=2022-01-01T00:00:00+00:00
[2023-04-15T10:52:29.676+0700] {logging_mixin.py:137} INFO - [2023-04-15T10:52:29.676+0700] {dag.py:3452} INFO - Setting next_dagrun for example_subdag_operator.section-1 to None, run_after=None
[2023-04-15T10:52:29.678+0700] {logging_mixin.py:137} INFO - [2023-04-15T10:52:29.678+0700] {dag.py:3452} INFO - Setting next_dagrun for example_subdag_operator.section-2 to None, run_after=None
[2023-04-15T10:52:29.738+0700] {logging_mixin.py:137} INFO - [2023-04-15T10:52:29.738+0700] {dag.py:2705} INFO - Sync 2 DAGs
[2023-04-15T10:52:29.767+0700] {logging_mixin.py:137} INFO - [2023-04-15T10:52:29.766+0700] {dag.py:3452} INFO - Setting next_dagrun for example_subdag_operator.section-1 to None, run_after=None
[2023-04-15T10:52:29.769+0700] {logging_mixin.py:137} INFO - [2023-04-15T10:52:29.768+0700] {dag.py:3452} INFO - Setting next_dagrun for example_subdag_operator.section-2 to None, run_after=None
[2023-04-15T10:52:29.797+0700] {processor.py:175} INFO - Processing /home/ahyar/Documents/tut_folder/tut_python/python_script/tut_airflow/env_airflow/lib/python3.9/site-packages/airflow/example_dags/example_subdag_operator.py took 0.322 seconds
[2023-04-15T10:53:17.952+0700] {processor.py:153} INFO - Started process (PID=18108) to work on /home/ahyar/Documents/tut_folder/tut_python/python_script/tut_airflow/env_airflow/lib/python3.9/site-packages/airflow/example_dags/example_subdag_operator.py
[2023-04-15T10:53:17.960+0700] {processor.py:743} INFO - Processing file /home/ahyar/Documents/tut_folder/tut_python/python_script/tut_airflow/env_airflow/lib/python3.9/site-packages/airflow/example_dags/example_subdag_operator.py for tasks to queue
[2023-04-15T10:53:17.962+0700] {logging_mixin.py:137} INFO - [2023-04-15T10:53:17.962+0700] {dagbag.py:532} INFO - Filling up the DagBag from /home/ahyar/Documents/tut_folder/tut_python/python_script/tut_airflow/env_airflow/lib/python3.9/site-packages/airflow/example_dags/example_subdag_operator.py
[2023-04-15T10:53:18.000+0700] {processor.py:753} INFO - DAG(s) dict_keys(['example_subdag_operator.section-1', 'example_subdag_operator.section-2', 'example_subdag_operator']) retrieved from /home/ahyar/Documents/tut_folder/tut_python/python_script/tut_airflow/env_airflow/lib/python3.9/site-packages/airflow/example_dags/example_subdag_operator.py
[2023-04-15T10:53:18.028+0700] {logging_mixin.py:137} INFO - [2023-04-15T10:53:18.027+0700] {dag.py:2705} INFO - Sync 3 DAGs
[2023-04-15T10:53:18.047+0700] {logging_mixin.py:137} INFO - [2023-04-15T10:53:18.047+0700] {dag.py:3452} INFO - Setting next_dagrun for example_subdag_operator to 2022-01-01T00:00:00+00:00, run_after=2022-01-01T00:00:00+00:00
[2023-04-15T10:53:18.050+0700] {logging_mixin.py:137} INFO - [2023-04-15T10:53:18.050+0700] {dag.py:3452} INFO - Setting next_dagrun for example_subdag_operator.section-1 to None, run_after=None
[2023-04-15T10:53:18.052+0700] {logging_mixin.py:137} INFO - [2023-04-15T10:53:18.051+0700] {dag.py:3452} INFO - Setting next_dagrun for example_subdag_operator.section-2 to None, run_after=None
[2023-04-15T10:53:18.060+0700] {logging_mixin.py:137} INFO - [2023-04-15T10:53:18.060+0700] {dag.py:2705} INFO - Sync 2 DAGs
[2023-04-15T10:53:18.066+0700] {logging_mixin.py:137} INFO - [2023-04-15T10:53:18.066+0700] {dag.py:3452} INFO - Setting next_dagrun for example_subdag_operator.section-1 to None, run_after=None
[2023-04-15T10:53:18.066+0700] {logging_mixin.py:137} INFO - [2023-04-15T10:53:18.066+0700] {dag.py:3452} INFO - Setting next_dagrun for example_subdag_operator.section-2 to None, run_after=None
[2023-04-15T10:53:18.089+0700] {processor.py:175} INFO - Processing /home/ahyar/Documents/tut_folder/tut_python/python_script/tut_airflow/env_airflow/lib/python3.9/site-packages/airflow/example_dags/example_subdag_operator.py took 0.140 seconds
[2023-04-15T10:54:03.695+0700] {processor.py:153} INFO - Started process (PID=18201) to work on /home/ahyar/Documents/tut_folder/tut_python/python_script/tut_airflow/env_airflow/lib/python3.9/site-packages/airflow/example_dags/example_subdag_operator.py
[2023-04-15T10:54:03.696+0700] {processor.py:743} INFO - Processing file /home/ahyar/Documents/tut_folder/tut_python/python_script/tut_airflow/env_airflow/lib/python3.9/site-packages/airflow/example_dags/example_subdag_operator.py for tasks to queue
[2023-04-15T10:54:03.696+0700] {logging_mixin.py:137} INFO - [2023-04-15T10:54:03.696+0700] {dagbag.py:532} INFO - Filling up the DagBag from /home/ahyar/Documents/tut_folder/tut_python/python_script/tut_airflow/env_airflow/lib/python3.9/site-packages/airflow/example_dags/example_subdag_operator.py
[2023-04-15T10:54:03.715+0700] {processor.py:753} INFO - DAG(s) dict_keys(['example_subdag_operator.section-1', 'example_subdag_operator.section-2', 'example_subdag_operator']) retrieved from /home/ahyar/Documents/tut_folder/tut_python/python_script/tut_airflow/env_airflow/lib/python3.9/site-packages/airflow/example_dags/example_subdag_operator.py
[2023-04-15T10:54:03.728+0700] {logging_mixin.py:137} INFO - [2023-04-15T10:54:03.728+0700] {dag.py:2705} INFO - Sync 3 DAGs
[2023-04-15T10:54:03.743+0700] {logging_mixin.py:137} INFO - [2023-04-15T10:54:03.742+0700] {dag.py:3452} INFO - Setting next_dagrun for example_subdag_operator to 2022-01-01T00:00:00+00:00, run_after=2022-01-01T00:00:00+00:00
[2023-04-15T10:54:03.744+0700] {logging_mixin.py:137} INFO - [2023-04-15T10:54:03.744+0700] {dag.py:3452} INFO - Setting next_dagrun for example_subdag_operator.section-1 to None, run_after=None
[2023-04-15T10:54:03.745+0700] {logging_mixin.py:137} INFO - [2023-04-15T10:54:03.745+0700] {dag.py:3452} INFO - Setting next_dagrun for example_subdag_operator.section-2 to None, run_after=None
[2023-04-15T10:54:03.748+0700] {logging_mixin.py:137} INFO - [2023-04-15T10:54:03.748+0700] {dag.py:2705} INFO - Sync 2 DAGs
[2023-04-15T10:54:03.750+0700] {logging_mixin.py:137} INFO - [2023-04-15T10:54:03.750+0700] {dag.py:3452} INFO - Setting next_dagrun for example_subdag_operator.section-1 to None, run_after=None
[2023-04-15T10:54:03.750+0700] {logging_mixin.py:137} INFO - [2023-04-15T10:54:03.750+0700] {dag.py:3452} INFO - Setting next_dagrun for example_subdag_operator.section-2 to None, run_after=None
[2023-04-15T10:54:03.763+0700] {processor.py:175} INFO - Processing /home/ahyar/Documents/tut_folder/tut_python/python_script/tut_airflow/env_airflow/lib/python3.9/site-packages/airflow/example_dags/example_subdag_operator.py took 0.070 seconds
[2023-04-15T10:54:47.019+0700] {processor.py:153} INFO - Started process (PID=18299) to work on /home/ahyar/Documents/tut_folder/tut_python/python_script/tut_airflow/env_airflow/lib/python3.9/site-packages/airflow/example_dags/example_subdag_operator.py
[2023-04-15T10:54:47.025+0700] {processor.py:743} INFO - Processing file /home/ahyar/Documents/tut_folder/tut_python/python_script/tut_airflow/env_airflow/lib/python3.9/site-packages/airflow/example_dags/example_subdag_operator.py for tasks to queue
[2023-04-15T10:54:47.026+0700] {logging_mixin.py:137} INFO - [2023-04-15T10:54:47.026+0700] {dagbag.py:532} INFO - Filling up the DagBag from /home/ahyar/Documents/tut_folder/tut_python/python_script/tut_airflow/env_airflow/lib/python3.9/site-packages/airflow/example_dags/example_subdag_operator.py
[2023-04-15T10:54:47.077+0700] {processor.py:753} INFO - DAG(s) dict_keys(['example_subdag_operator.section-1', 'example_subdag_operator.section-2', 'example_subdag_operator']) retrieved from /home/ahyar/Documents/tut_folder/tut_python/python_script/tut_airflow/env_airflow/lib/python3.9/site-packages/airflow/example_dags/example_subdag_operator.py
[2023-04-15T10:54:47.104+0700] {logging_mixin.py:137} INFO - [2023-04-15T10:54:47.104+0700] {dag.py:2705} INFO - Sync 3 DAGs
[2023-04-15T10:54:47.151+0700] {logging_mixin.py:137} INFO - [2023-04-15T10:54:47.151+0700] {dag.py:3452} INFO - Setting next_dagrun for example_subdag_operator to 2022-01-01T00:00:00+00:00, run_after=2022-01-01T00:00:00+00:00
[2023-04-15T10:54:47.159+0700] {logging_mixin.py:137} INFO - [2023-04-15T10:54:47.159+0700] {dag.py:3452} INFO - Setting next_dagrun for example_subdag_operator.section-1 to None, run_after=None
[2023-04-15T10:54:47.161+0700] {logging_mixin.py:137} INFO - [2023-04-15T10:54:47.160+0700] {dag.py:3452} INFO - Setting next_dagrun for example_subdag_operator.section-2 to None, run_after=None
[2023-04-15T10:54:47.173+0700] {logging_mixin.py:137} INFO - [2023-04-15T10:54:47.172+0700] {dag.py:2705} INFO - Sync 2 DAGs
[2023-04-15T10:54:47.183+0700] {logging_mixin.py:137} INFO - [2023-04-15T10:54:47.182+0700] {dag.py:3452} INFO - Setting next_dagrun for example_subdag_operator.section-1 to None, run_after=None
[2023-04-15T10:54:47.183+0700] {logging_mixin.py:137} INFO - [2023-04-15T10:54:47.183+0700] {dag.py:3452} INFO - Setting next_dagrun for example_subdag_operator.section-2 to None, run_after=None
[2023-04-15T10:54:47.209+0700] {processor.py:175} INFO - Processing /home/ahyar/Documents/tut_folder/tut_python/python_script/tut_airflow/env_airflow/lib/python3.9/site-packages/airflow/example_dags/example_subdag_operator.py took 0.195 seconds
[2023-04-15T10:55:31.360+0700] {processor.py:153} INFO - Started process (PID=18354) to work on /home/ahyar/Documents/tut_folder/tut_python/python_script/tut_airflow/env_airflow/lib/python3.9/site-packages/airflow/example_dags/example_subdag_operator.py
[2023-04-15T10:55:31.367+0700] {processor.py:743} INFO - Processing file /home/ahyar/Documents/tut_folder/tut_python/python_script/tut_airflow/env_airflow/lib/python3.9/site-packages/airflow/example_dags/example_subdag_operator.py for tasks to queue
[2023-04-15T10:55:31.369+0700] {logging_mixin.py:137} INFO - [2023-04-15T10:55:31.369+0700] {dagbag.py:532} INFO - Filling up the DagBag from /home/ahyar/Documents/tut_folder/tut_python/python_script/tut_airflow/env_airflow/lib/python3.9/site-packages/airflow/example_dags/example_subdag_operator.py
[2023-04-15T10:55:31.414+0700] {processor.py:753} INFO - DAG(s) dict_keys(['example_subdag_operator.section-1', 'example_subdag_operator.section-2', 'example_subdag_operator']) retrieved from /home/ahyar/Documents/tut_folder/tut_python/python_script/tut_airflow/env_airflow/lib/python3.9/site-packages/airflow/example_dags/example_subdag_operator.py
[2023-04-15T10:55:31.449+0700] {logging_mixin.py:137} INFO - [2023-04-15T10:55:31.448+0700] {dag.py:2705} INFO - Sync 3 DAGs
[2023-04-15T10:55:31.483+0700] {logging_mixin.py:137} INFO - [2023-04-15T10:55:31.483+0700] {dag.py:3452} INFO - Setting next_dagrun for example_subdag_operator to 2022-01-01T00:00:00+00:00, run_after=2022-01-01T00:00:00+00:00
[2023-04-15T10:55:31.492+0700] {logging_mixin.py:137} INFO - [2023-04-15T10:55:31.491+0700] {dag.py:3452} INFO - Setting next_dagrun for example_subdag_operator.section-1 to None, run_after=None
[2023-04-15T10:55:31.495+0700] {logging_mixin.py:137} INFO - [2023-04-15T10:55:31.495+0700] {dag.py:3452} INFO - Setting next_dagrun for example_subdag_operator.section-2 to None, run_after=None
[2023-04-15T10:55:31.507+0700] {logging_mixin.py:137} INFO - [2023-04-15T10:55:31.506+0700] {dag.py:2705} INFO - Sync 2 DAGs
[2023-04-15T10:55:31.514+0700] {logging_mixin.py:137} INFO - [2023-04-15T10:55:31.514+0700] {dag.py:3452} INFO - Setting next_dagrun for example_subdag_operator.section-1 to None, run_after=None
[2023-04-15T10:55:31.514+0700] {logging_mixin.py:137} INFO - [2023-04-15T10:55:31.514+0700] {dag.py:3452} INFO - Setting next_dagrun for example_subdag_operator.section-2 to None, run_after=None
[2023-04-15T10:55:31.558+0700] {processor.py:175} INFO - Processing /home/ahyar/Documents/tut_folder/tut_python/python_script/tut_airflow/env_airflow/lib/python3.9/site-packages/airflow/example_dags/example_subdag_operator.py took 0.203 seconds
[2023-04-15T10:56:16.514+0700] {processor.py:153} INFO - Started process (PID=18463) to work on /home/ahyar/Documents/tut_folder/tut_python/python_script/tut_airflow/env_airflow/lib/python3.9/site-packages/airflow/example_dags/example_subdag_operator.py
[2023-04-15T10:56:16.863+0700] {processor.py:743} INFO - Processing file /home/ahyar/Documents/tut_folder/tut_python/python_script/tut_airflow/env_airflow/lib/python3.9/site-packages/airflow/example_dags/example_subdag_operator.py for tasks to queue
[2023-04-15T10:56:16.865+0700] {logging_mixin.py:137} INFO - [2023-04-15T10:56:16.864+0700] {dagbag.py:532} INFO - Filling up the DagBag from /home/ahyar/Documents/tut_folder/tut_python/python_script/tut_airflow/env_airflow/lib/python3.9/site-packages/airflow/example_dags/example_subdag_operator.py
[2023-04-15T10:56:16.900+0700] {processor.py:753} INFO - DAG(s) dict_keys(['example_subdag_operator.section-1', 'example_subdag_operator.section-2', 'example_subdag_operator']) retrieved from /home/ahyar/Documents/tut_folder/tut_python/python_script/tut_airflow/env_airflow/lib/python3.9/site-packages/airflow/example_dags/example_subdag_operator.py
[2023-04-15T10:56:16.915+0700] {logging_mixin.py:137} INFO - [2023-04-15T10:56:16.915+0700] {dag.py:2705} INFO - Sync 3 DAGs
[2023-04-15T10:56:16.926+0700] {logging_mixin.py:137} INFO - [2023-04-15T10:56:16.926+0700] {dag.py:3452} INFO - Setting next_dagrun for example_subdag_operator to 2022-01-01T00:00:00+00:00, run_after=2022-01-01T00:00:00+00:00
[2023-04-15T10:56:16.929+0700] {logging_mixin.py:137} INFO - [2023-04-15T10:56:16.928+0700] {dag.py:3452} INFO - Setting next_dagrun for example_subdag_operator.section-1 to None, run_after=None
[2023-04-15T10:56:16.929+0700] {logging_mixin.py:137} INFO - [2023-04-15T10:56:16.929+0700] {dag.py:3452} INFO - Setting next_dagrun for example_subdag_operator.section-2 to None, run_after=None
[2023-04-15T10:56:16.934+0700] {logging_mixin.py:137} INFO - [2023-04-15T10:56:16.933+0700] {dag.py:2705} INFO - Sync 2 DAGs
[2023-04-15T10:56:16.936+0700] {logging_mixin.py:137} INFO - [2023-04-15T10:56:16.936+0700] {dag.py:3452} INFO - Setting next_dagrun for example_subdag_operator.section-1 to None, run_after=None
[2023-04-15T10:56:16.936+0700] {logging_mixin.py:137} INFO - [2023-04-15T10:56:16.936+0700] {dag.py:3452} INFO - Setting next_dagrun for example_subdag_operator.section-2 to None, run_after=None
[2023-04-15T10:56:17.041+0700] {processor.py:175} INFO - Processing /home/ahyar/Documents/tut_folder/tut_python/python_script/tut_airflow/env_airflow/lib/python3.9/site-packages/airflow/example_dags/example_subdag_operator.py took 0.529 seconds
[2023-04-15T10:56:57.103+0700] {processor.py:153} INFO - Started process (PID=18532) to work on /home/ahyar/Documents/tut_folder/tut_python/python_script/tut_airflow/env_airflow/lib/python3.9/site-packages/airflow/example_dags/example_subdag_operator.py
[2023-04-15T10:56:57.104+0700] {processor.py:743} INFO - Processing file /home/ahyar/Documents/tut_folder/tut_python/python_script/tut_airflow/env_airflow/lib/python3.9/site-packages/airflow/example_dags/example_subdag_operator.py for tasks to queue
[2023-04-15T10:56:57.104+0700] {logging_mixin.py:137} INFO - [2023-04-15T10:56:57.104+0700] {dagbag.py:532} INFO - Filling up the DagBag from /home/ahyar/Documents/tut_folder/tut_python/python_script/tut_airflow/env_airflow/lib/python3.9/site-packages/airflow/example_dags/example_subdag_operator.py
[2023-04-15T10:56:57.122+0700] {processor.py:753} INFO - DAG(s) dict_keys(['example_subdag_operator.section-1', 'example_subdag_operator.section-2', 'example_subdag_operator']) retrieved from /home/ahyar/Documents/tut_folder/tut_python/python_script/tut_airflow/env_airflow/lib/python3.9/site-packages/airflow/example_dags/example_subdag_operator.py
[2023-04-15T10:56:57.133+0700] {logging_mixin.py:137} INFO - [2023-04-15T10:56:57.133+0700] {dag.py:2705} INFO - Sync 3 DAGs
[2023-04-15T10:56:57.144+0700] {logging_mixin.py:137} INFO - [2023-04-15T10:56:57.144+0700] {dag.py:3452} INFO - Setting next_dagrun for example_subdag_operator to 2022-01-01T00:00:00+00:00, run_after=2022-01-01T00:00:00+00:00
[2023-04-15T10:56:57.145+0700] {logging_mixin.py:137} INFO - [2023-04-15T10:56:57.145+0700] {dag.py:3452} INFO - Setting next_dagrun for example_subdag_operator.section-1 to None, run_after=None
[2023-04-15T10:56:57.146+0700] {logging_mixin.py:137} INFO - [2023-04-15T10:56:57.146+0700] {dag.py:3452} INFO - Setting next_dagrun for example_subdag_operator.section-2 to None, run_after=None
[2023-04-15T10:56:57.150+0700] {logging_mixin.py:137} INFO - [2023-04-15T10:56:57.149+0700] {dag.py:2705} INFO - Sync 2 DAGs
[2023-04-15T10:56:57.153+0700] {logging_mixin.py:137} INFO - [2023-04-15T10:56:57.153+0700] {dag.py:3452} INFO - Setting next_dagrun for example_subdag_operator.section-1 to None, run_after=None
[2023-04-15T10:56:57.153+0700] {logging_mixin.py:137} INFO - [2023-04-15T10:56:57.153+0700] {dag.py:3452} INFO - Setting next_dagrun for example_subdag_operator.section-2 to None, run_after=None
[2023-04-15T10:56:57.164+0700] {processor.py:175} INFO - Processing /home/ahyar/Documents/tut_folder/tut_python/python_script/tut_airflow/env_airflow/lib/python3.9/site-packages/airflow/example_dags/example_subdag_operator.py took 0.062 seconds
[2023-04-15T10:57:42.029+0700] {processor.py:153} INFO - Started process (PID=18613) to work on /home/ahyar/Documents/tut_folder/tut_python/python_script/tut_airflow/env_airflow/lib/python3.9/site-packages/airflow/example_dags/example_subdag_operator.py
[2023-04-15T10:57:42.030+0700] {processor.py:743} INFO - Processing file /home/ahyar/Documents/tut_folder/tut_python/python_script/tut_airflow/env_airflow/lib/python3.9/site-packages/airflow/example_dags/example_subdag_operator.py for tasks to queue
[2023-04-15T10:57:42.030+0700] {logging_mixin.py:137} INFO - [2023-04-15T10:57:42.030+0700] {dagbag.py:532} INFO - Filling up the DagBag from /home/ahyar/Documents/tut_folder/tut_python/python_script/tut_airflow/env_airflow/lib/python3.9/site-packages/airflow/example_dags/example_subdag_operator.py
[2023-04-15T10:57:42.050+0700] {processor.py:753} INFO - DAG(s) dict_keys(['example_subdag_operator.section-1', 'example_subdag_operator.section-2', 'example_subdag_operator']) retrieved from /home/ahyar/Documents/tut_folder/tut_python/python_script/tut_airflow/env_airflow/lib/python3.9/site-packages/airflow/example_dags/example_subdag_operator.py
[2023-04-15T10:57:42.062+0700] {logging_mixin.py:137} INFO - [2023-04-15T10:57:42.062+0700] {dag.py:2705} INFO - Sync 3 DAGs
[2023-04-15T10:57:42.077+0700] {logging_mixin.py:137} INFO - [2023-04-15T10:57:42.077+0700] {dag.py:3452} INFO - Setting next_dagrun for example_subdag_operator to 2022-01-01T00:00:00+00:00, run_after=2022-01-01T00:00:00+00:00
[2023-04-15T10:57:42.079+0700] {logging_mixin.py:137} INFO - [2023-04-15T10:57:42.079+0700] {dag.py:3452} INFO - Setting next_dagrun for example_subdag_operator.section-1 to None, run_after=None
[2023-04-15T10:57:42.079+0700] {logging_mixin.py:137} INFO - [2023-04-15T10:57:42.079+0700] {dag.py:3452} INFO - Setting next_dagrun for example_subdag_operator.section-2 to None, run_after=None
[2023-04-15T10:57:42.082+0700] {logging_mixin.py:137} INFO - [2023-04-15T10:57:42.082+0700] {dag.py:2705} INFO - Sync 2 DAGs
[2023-04-15T10:57:42.086+0700] {logging_mixin.py:137} INFO - [2023-04-15T10:57:42.086+0700] {dag.py:3452} INFO - Setting next_dagrun for example_subdag_operator.section-1 to None, run_after=None
[2023-04-15T10:57:42.086+0700] {logging_mixin.py:137} INFO - [2023-04-15T10:57:42.086+0700] {dag.py:3452} INFO - Setting next_dagrun for example_subdag_operator.section-2 to None, run_after=None
[2023-04-15T10:57:42.113+0700] {processor.py:175} INFO - Processing /home/ahyar/Documents/tut_folder/tut_python/python_script/tut_airflow/env_airflow/lib/python3.9/site-packages/airflow/example_dags/example_subdag_operator.py took 0.086 seconds
[2023-04-15T10:58:29.620+0700] {processor.py:153} INFO - Started process (PID=18702) to work on /home/ahyar/Documents/tut_folder/tut_python/python_script/tut_airflow/env_airflow/lib/python3.9/site-packages/airflow/example_dags/example_subdag_operator.py
[2023-04-15T10:58:29.621+0700] {processor.py:743} INFO - Processing file /home/ahyar/Documents/tut_folder/tut_python/python_script/tut_airflow/env_airflow/lib/python3.9/site-packages/airflow/example_dags/example_subdag_operator.py for tasks to queue
[2023-04-15T10:58:29.622+0700] {logging_mixin.py:137} INFO - [2023-04-15T10:58:29.621+0700] {dagbag.py:532} INFO - Filling up the DagBag from /home/ahyar/Documents/tut_folder/tut_python/python_script/tut_airflow/env_airflow/lib/python3.9/site-packages/airflow/example_dags/example_subdag_operator.py
[2023-04-15T10:58:29.673+0700] {processor.py:753} INFO - DAG(s) dict_keys(['example_subdag_operator.section-1', 'example_subdag_operator.section-2', 'example_subdag_operator']) retrieved from /home/ahyar/Documents/tut_folder/tut_python/python_script/tut_airflow/env_airflow/lib/python3.9/site-packages/airflow/example_dags/example_subdag_operator.py
[2023-04-15T10:58:29.705+0700] {logging_mixin.py:137} INFO - [2023-04-15T10:58:29.705+0700] {dag.py:2705} INFO - Sync 3 DAGs
[2023-04-15T10:58:29.729+0700] {logging_mixin.py:137} INFO - [2023-04-15T10:58:29.728+0700] {dag.py:3452} INFO - Setting next_dagrun for example_subdag_operator to 2022-01-01T00:00:00+00:00, run_after=2022-01-01T00:00:00+00:00
[2023-04-15T10:58:29.736+0700] {logging_mixin.py:137} INFO - [2023-04-15T10:58:29.735+0700] {dag.py:3452} INFO - Setting next_dagrun for example_subdag_operator.section-1 to None, run_after=None
[2023-04-15T10:58:29.739+0700] {logging_mixin.py:137} INFO - [2023-04-15T10:58:29.739+0700] {dag.py:3452} INFO - Setting next_dagrun for example_subdag_operator.section-2 to None, run_after=None
[2023-04-15T10:58:29.747+0700] {logging_mixin.py:137} INFO - [2023-04-15T10:58:29.747+0700] {dag.py:2705} INFO - Sync 2 DAGs
[2023-04-15T10:58:29.753+0700] {logging_mixin.py:137} INFO - [2023-04-15T10:58:29.753+0700] {dag.py:3452} INFO - Setting next_dagrun for example_subdag_operator.section-1 to None, run_after=None
[2023-04-15T10:58:29.754+0700] {logging_mixin.py:137} INFO - [2023-04-15T10:58:29.754+0700] {dag.py:3452} INFO - Setting next_dagrun for example_subdag_operator.section-2 to None, run_after=None
[2023-04-15T10:58:29.776+0700] {processor.py:175} INFO - Processing /home/ahyar/Documents/tut_folder/tut_python/python_script/tut_airflow/env_airflow/lib/python3.9/site-packages/airflow/example_dags/example_subdag_operator.py took 0.158 seconds
[2023-04-15T10:59:51.146+0700] {processor.py:153} INFO - Started process (PID=19444) to work on /home/ahyar/Documents/tut_folder/tut_python/python_script/tut_airflow/env_airflow/lib/python3.9/site-packages/airflow/example_dags/example_subdag_operator.py
[2023-04-15T10:59:51.147+0700] {processor.py:743} INFO - Processing file /home/ahyar/Documents/tut_folder/tut_python/python_script/tut_airflow/env_airflow/lib/python3.9/site-packages/airflow/example_dags/example_subdag_operator.py for tasks to queue
[2023-04-15T10:59:51.148+0700] {logging_mixin.py:137} INFO - [2023-04-15T10:59:51.148+0700] {dagbag.py:532} INFO - Filling up the DagBag from /home/ahyar/Documents/tut_folder/tut_python/python_script/tut_airflow/env_airflow/lib/python3.9/site-packages/airflow/example_dags/example_subdag_operator.py
[2023-04-15T10:59:51.183+0700] {processor.py:753} INFO - DAG(s) dict_keys(['example_subdag_operator.section-1', 'example_subdag_operator.section-2', 'example_subdag_operator']) retrieved from /home/ahyar/Documents/tut_folder/tut_python/python_script/tut_airflow/env_airflow/lib/python3.9/site-packages/airflow/example_dags/example_subdag_operator.py
[2023-04-15T10:59:51.199+0700] {logging_mixin.py:137} INFO - [2023-04-15T10:59:51.199+0700] {dag.py:2705} INFO - Sync 3 DAGs
[2023-04-15T10:59:51.212+0700] {logging_mixin.py:137} INFO - [2023-04-15T10:59:51.212+0700] {dag.py:3452} INFO - Setting next_dagrun for example_subdag_operator to 2022-01-01T00:00:00+00:00, run_after=2022-01-01T00:00:00+00:00
[2023-04-15T10:59:51.215+0700] {logging_mixin.py:137} INFO - [2023-04-15T10:59:51.215+0700] {dag.py:3452} INFO - Setting next_dagrun for example_subdag_operator.section-1 to None, run_after=None
[2023-04-15T10:59:51.216+0700] {logging_mixin.py:137} INFO - [2023-04-15T10:59:51.216+0700] {dag.py:3452} INFO - Setting next_dagrun for example_subdag_operator.section-2 to None, run_after=None
[2023-04-15T10:59:51.220+0700] {logging_mixin.py:137} INFO - [2023-04-15T10:59:51.220+0700] {dag.py:2705} INFO - Sync 2 DAGs
[2023-04-15T10:59:51.223+0700] {logging_mixin.py:137} INFO - [2023-04-15T10:59:51.223+0700] {dag.py:3452} INFO - Setting next_dagrun for example_subdag_operator.section-1 to None, run_after=None
[2023-04-15T10:59:51.223+0700] {logging_mixin.py:137} INFO - [2023-04-15T10:59:51.223+0700] {dag.py:3452} INFO - Setting next_dagrun for example_subdag_operator.section-2 to None, run_after=None
[2023-04-15T10:59:51.235+0700] {processor.py:175} INFO - Processing /home/ahyar/Documents/tut_folder/tut_python/python_script/tut_airflow/env_airflow/lib/python3.9/site-packages/airflow/example_dags/example_subdag_operator.py took 0.095 seconds
[2023-04-15T11:03:35.280+0700] {processor.py:153} INFO - Started process (PID=22016) to work on /home/ahyar/Documents/tut_folder/tut_python/python_script/tut_airflow/env_airflow/lib/python3.9/site-packages/airflow/example_dags/example_subdag_operator.py
[2023-04-15T11:03:35.281+0700] {processor.py:743} INFO - Processing file /home/ahyar/Documents/tut_folder/tut_python/python_script/tut_airflow/env_airflow/lib/python3.9/site-packages/airflow/example_dags/example_subdag_operator.py for tasks to queue
[2023-04-15T11:03:35.282+0700] {logging_mixin.py:137} INFO - [2023-04-15T11:03:35.281+0700] {dagbag.py:532} INFO - Filling up the DagBag from /home/ahyar/Documents/tut_folder/tut_python/python_script/tut_airflow/env_airflow/lib/python3.9/site-packages/airflow/example_dags/example_subdag_operator.py
[2023-04-15T11:03:35.299+0700] {processor.py:753} INFO - DAG(s) dict_keys(['example_subdag_operator.section-1', 'example_subdag_operator.section-2', 'example_subdag_operator']) retrieved from /home/ahyar/Documents/tut_folder/tut_python/python_script/tut_airflow/env_airflow/lib/python3.9/site-packages/airflow/example_dags/example_subdag_operator.py
[2023-04-15T11:03:35.317+0700] {logging_mixin.py:137} INFO - [2023-04-15T11:03:35.317+0700] {dag.py:2705} INFO - Sync 3 DAGs
[2023-04-15T11:03:35.332+0700] {logging_mixin.py:137} INFO - [2023-04-15T11:03:35.332+0700] {dag.py:3452} INFO - Setting next_dagrun for example_subdag_operator to 2022-01-01T00:00:00+00:00, run_after=2022-01-01T00:00:00+00:00
[2023-04-15T11:03:35.334+0700] {logging_mixin.py:137} INFO - [2023-04-15T11:03:35.334+0700] {dag.py:3452} INFO - Setting next_dagrun for example_subdag_operator.section-1 to None, run_after=None
[2023-04-15T11:03:35.334+0700] {logging_mixin.py:137} INFO - [2023-04-15T11:03:35.334+0700] {dag.py:3452} INFO - Setting next_dagrun for example_subdag_operator.section-2 to None, run_after=None
[2023-04-15T11:03:35.341+0700] {logging_mixin.py:137} INFO - [2023-04-15T11:03:35.340+0700] {dag.py:2705} INFO - Sync 2 DAGs
[2023-04-15T11:03:35.345+0700] {logging_mixin.py:137} INFO - [2023-04-15T11:03:35.344+0700] {dag.py:3452} INFO - Setting next_dagrun for example_subdag_operator.section-1 to None, run_after=None
[2023-04-15T11:03:35.345+0700] {logging_mixin.py:137} INFO - [2023-04-15T11:03:35.345+0700] {dag.py:3452} INFO - Setting next_dagrun for example_subdag_operator.section-2 to None, run_after=None
[2023-04-15T11:03:35.360+0700] {processor.py:175} INFO - Processing /home/ahyar/Documents/tut_folder/tut_python/python_script/tut_airflow/env_airflow/lib/python3.9/site-packages/airflow/example_dags/example_subdag_operator.py took 0.083 seconds
