[2023-04-15T10:46:30.780+0700] {processor.py:153} INFO - Started process (PID=16317) to work on /home/ahyar/Documents/tut_folder/tut_python/python_script/tut_airflow/env_airflow/lib/python3.9/site-packages/airflow/example_dags/example_task_group.py
[2023-04-15T10:46:30.781+0700] {processor.py:743} INFO - Processing file /home/ahyar/Documents/tut_folder/tut_python/python_script/tut_airflow/env_airflow/lib/python3.9/site-packages/airflow/example_dags/example_task_group.py for tasks to queue
[2023-04-15T10:46:30.782+0700] {logging_mixin.py:137} INFO - [2023-04-15T10:46:30.782+0700] {dagbag.py:532} INFO - Filling up the DagBag from /home/ahyar/Documents/tut_folder/tut_python/python_script/tut_airflow/env_airflow/lib/python3.9/site-packages/airflow/example_dags/example_task_group.py
[2023-04-15T10:46:30.797+0700] {processor.py:753} INFO - DAG(s) dict_keys(['example_task_group']) retrieved from /home/ahyar/Documents/tut_folder/tut_python/python_script/tut_airflow/env_airflow/lib/python3.9/site-packages/airflow/example_dags/example_task_group.py
[2023-04-15T10:46:30.859+0700] {logging_mixin.py:137} INFO - [2023-04-15T10:46:30.859+0700] {manager.py:504} INFO - Created Permission View: can read on DAG:example_task_group
[2023-04-15T10:46:30.868+0700] {logging_mixin.py:137} INFO - [2023-04-15T10:46:30.868+0700] {manager.py:504} INFO - Created Permission View: can edit on DAG:example_task_group
[2023-04-15T10:46:30.875+0700] {logging_mixin.py:137} INFO - [2023-04-15T10:46:30.875+0700] {manager.py:504} INFO - Created Permission View: can delete on DAG:example_task_group
[2023-04-15T10:46:30.875+0700] {logging_mixin.py:137} INFO - [2023-04-15T10:46:30.875+0700] {dag.py:2705} INFO - Sync 1 DAGs
[2023-04-15T10:46:30.880+0700] {logging_mixin.py:137} INFO - [2023-04-15T10:46:30.880+0700] {dag.py:2726} INFO - Creating ORM DAG for example_task_group
[2023-04-15T10:46:30.885+0700] {logging_mixin.py:137} INFO - [2023-04-15T10:46:30.885+0700] {dag.py:3452} INFO - Setting next_dagrun for example_task_group to 2023-04-14T03:46:30.885150+00:00, run_after=2023-04-15T03:46:30.885150+00:00
[2023-04-15T10:46:30.900+0700] {processor.py:175} INFO - Processing /home/ahyar/Documents/tut_folder/tut_python/python_script/tut_airflow/env_airflow/lib/python3.9/site-packages/airflow/example_dags/example_task_group.py took 0.124 seconds
[2023-04-15T10:47:16.679+0700] {processor.py:153} INFO - Started process (PID=16568) to work on /home/ahyar/Documents/tut_folder/tut_python/python_script/tut_airflow/env_airflow/lib/python3.9/site-packages/airflow/example_dags/example_task_group.py
[2023-04-15T10:47:16.760+0700] {processor.py:743} INFO - Processing file /home/ahyar/Documents/tut_folder/tut_python/python_script/tut_airflow/env_airflow/lib/python3.9/site-packages/airflow/example_dags/example_task_group.py for tasks to queue
[2023-04-15T10:47:16.760+0700] {logging_mixin.py:137} INFO - [2023-04-15T10:47:16.760+0700] {dagbag.py:532} INFO - Filling up the DagBag from /home/ahyar/Documents/tut_folder/tut_python/python_script/tut_airflow/env_airflow/lib/python3.9/site-packages/airflow/example_dags/example_task_group.py
[2023-04-15T10:47:16.770+0700] {processor.py:753} INFO - DAG(s) dict_keys(['example_task_group']) retrieved from /home/ahyar/Documents/tut_folder/tut_python/python_script/tut_airflow/env_airflow/lib/python3.9/site-packages/airflow/example_dags/example_task_group.py
[2023-04-15T10:47:16.781+0700] {logging_mixin.py:137} INFO - [2023-04-15T10:47:16.781+0700] {dag.py:2705} INFO - Sync 1 DAGs
[2023-04-15T10:47:16.792+0700] {logging_mixin.py:137} INFO - [2023-04-15T10:47:16.792+0700] {dag.py:3452} INFO - Setting next_dagrun for example_task_group to 2023-04-14T03:47:16.792440+00:00, run_after=2023-04-15T03:47:16.792440+00:00
[2023-04-15T10:47:16.807+0700] {processor.py:175} INFO - Processing /home/ahyar/Documents/tut_folder/tut_python/python_script/tut_airflow/env_airflow/lib/python3.9/site-packages/airflow/example_dags/example_task_group.py took 0.129 seconds
[2023-04-15T10:47:55.288+0700] {processor.py:153} INFO - Started process (PID=16805) to work on /home/ahyar/Documents/tut_folder/tut_python/python_script/tut_airflow/env_airflow/lib/python3.9/site-packages/airflow/example_dags/example_task_group.py
[2023-04-15T10:47:55.288+0700] {processor.py:743} INFO - Processing file /home/ahyar/Documents/tut_folder/tut_python/python_script/tut_airflow/env_airflow/lib/python3.9/site-packages/airflow/example_dags/example_task_group.py for tasks to queue
[2023-04-15T10:47:55.289+0700] {logging_mixin.py:137} INFO - [2023-04-15T10:47:55.289+0700] {dagbag.py:532} INFO - Filling up the DagBag from /home/ahyar/Documents/tut_folder/tut_python/python_script/tut_airflow/env_airflow/lib/python3.9/site-packages/airflow/example_dags/example_task_group.py
[2023-04-15T10:47:55.301+0700] {processor.py:753} INFO - DAG(s) dict_keys(['example_task_group']) retrieved from /home/ahyar/Documents/tut_folder/tut_python/python_script/tut_airflow/env_airflow/lib/python3.9/site-packages/airflow/example_dags/example_task_group.py
[2023-04-15T10:47:55.311+0700] {logging_mixin.py:137} INFO - [2023-04-15T10:47:55.311+0700] {dag.py:2705} INFO - Sync 1 DAGs
[2023-04-15T10:47:55.323+0700] {logging_mixin.py:137} INFO - [2023-04-15T10:47:55.322+0700] {dag.py:3452} INFO - Setting next_dagrun for example_task_group to 2023-04-14T03:47:55.322801+00:00, run_after=2023-04-15T03:47:55.322801+00:00
[2023-04-15T10:47:55.337+0700] {processor.py:175} INFO - Processing /home/ahyar/Documents/tut_folder/tut_python/python_script/tut_airflow/env_airflow/lib/python3.9/site-packages/airflow/example_dags/example_task_group.py took 0.051 seconds
[2023-04-15T10:48:27.845+0700] {processor.py:153} INFO - Started process (PID=17012) to work on /home/ahyar/Documents/tut_folder/tut_python/python_script/tut_airflow/env_airflow/lib/python3.9/site-packages/airflow/example_dags/example_task_group.py
[2023-04-15T10:48:27.846+0700] {processor.py:743} INFO - Processing file /home/ahyar/Documents/tut_folder/tut_python/python_script/tut_airflow/env_airflow/lib/python3.9/site-packages/airflow/example_dags/example_task_group.py for tasks to queue
[2023-04-15T10:48:27.847+0700] {logging_mixin.py:137} INFO - [2023-04-15T10:48:27.847+0700] {dagbag.py:532} INFO - Filling up the DagBag from /home/ahyar/Documents/tut_folder/tut_python/python_script/tut_airflow/env_airflow/lib/python3.9/site-packages/airflow/example_dags/example_task_group.py
[2023-04-15T10:48:27.859+0700] {processor.py:753} INFO - DAG(s) dict_keys(['example_task_group']) retrieved from /home/ahyar/Documents/tut_folder/tut_python/python_script/tut_airflow/env_airflow/lib/python3.9/site-packages/airflow/example_dags/example_task_group.py
[2023-04-15T10:48:27.869+0700] {logging_mixin.py:137} INFO - [2023-04-15T10:48:27.868+0700] {dag.py:2705} INFO - Sync 1 DAGs
[2023-04-15T10:48:27.879+0700] {logging_mixin.py:137} INFO - [2023-04-15T10:48:27.878+0700] {dag.py:3452} INFO - Setting next_dagrun for example_task_group to 2023-04-14T03:48:27.878786+00:00, run_after=2023-04-15T03:48:27.878786+00:00
[2023-04-15T10:48:27.892+0700] {processor.py:175} INFO - Processing /home/ahyar/Documents/tut_folder/tut_python/python_script/tut_airflow/env_airflow/lib/python3.9/site-packages/airflow/example_dags/example_task_group.py took 0.050 seconds
[2023-04-15T10:49:09.544+0700] {processor.py:153} INFO - Started process (PID=17377) to work on /home/ahyar/Documents/tut_folder/tut_python/python_script/tut_airflow/env_airflow/lib/python3.9/site-packages/airflow/example_dags/example_task_group.py
[2023-04-15T10:49:09.546+0700] {processor.py:743} INFO - Processing file /home/ahyar/Documents/tut_folder/tut_python/python_script/tut_airflow/env_airflow/lib/python3.9/site-packages/airflow/example_dags/example_task_group.py for tasks to queue
[2023-04-15T10:49:09.548+0700] {logging_mixin.py:137} INFO - [2023-04-15T10:49:09.548+0700] {dagbag.py:532} INFO - Filling up the DagBag from /home/ahyar/Documents/tut_folder/tut_python/python_script/tut_airflow/env_airflow/lib/python3.9/site-packages/airflow/example_dags/example_task_group.py
[2023-04-15T10:49:09.622+0700] {processor.py:753} INFO - DAG(s) dict_keys(['example_task_group']) retrieved from /home/ahyar/Documents/tut_folder/tut_python/python_script/tut_airflow/env_airflow/lib/python3.9/site-packages/airflow/example_dags/example_task_group.py
[2023-04-15T10:49:09.714+0700] {logging_mixin.py:137} INFO - [2023-04-15T10:49:09.714+0700] {dag.py:2705} INFO - Sync 1 DAGs
[2023-04-15T10:49:09.797+0700] {logging_mixin.py:137} INFO - [2023-04-15T10:49:09.794+0700] {dag.py:3452} INFO - Setting next_dagrun for example_task_group to 2023-04-14T03:49:09.792151+00:00, run_after=2023-04-15T03:49:09.792151+00:00
[2023-04-15T10:49:09.849+0700] {processor.py:175} INFO - Processing /home/ahyar/Documents/tut_folder/tut_python/python_script/tut_airflow/env_airflow/lib/python3.9/site-packages/airflow/example_dags/example_task_group.py took 0.402 seconds
[2023-04-15T10:49:59.268+0700] {processor.py:153} INFO - Started process (PID=17577) to work on /home/ahyar/Documents/tut_folder/tut_python/python_script/tut_airflow/env_airflow/lib/python3.9/site-packages/airflow/example_dags/example_task_group.py
[2023-04-15T10:49:59.269+0700] {processor.py:743} INFO - Processing file /home/ahyar/Documents/tut_folder/tut_python/python_script/tut_airflow/env_airflow/lib/python3.9/site-packages/airflow/example_dags/example_task_group.py for tasks to queue
[2023-04-15T10:49:59.270+0700] {logging_mixin.py:137} INFO - [2023-04-15T10:49:59.269+0700] {dagbag.py:532} INFO - Filling up the DagBag from /home/ahyar/Documents/tut_folder/tut_python/python_script/tut_airflow/env_airflow/lib/python3.9/site-packages/airflow/example_dags/example_task_group.py
[2023-04-15T10:49:59.289+0700] {processor.py:753} INFO - DAG(s) dict_keys(['example_task_group']) retrieved from /home/ahyar/Documents/tut_folder/tut_python/python_script/tut_airflow/env_airflow/lib/python3.9/site-packages/airflow/example_dags/example_task_group.py
[2023-04-15T10:49:59.306+0700] {logging_mixin.py:137} INFO - [2023-04-15T10:49:59.305+0700] {dag.py:2705} INFO - Sync 1 DAGs
[2023-04-15T10:49:59.335+0700] {logging_mixin.py:137} INFO - [2023-04-15T10:49:59.335+0700] {dag.py:3452} INFO - Setting next_dagrun for example_task_group to 2023-04-14T03:49:59.335465+00:00, run_after=2023-04-15T03:49:59.335465+00:00
[2023-04-15T10:49:59.365+0700] {processor.py:175} INFO - Processing /home/ahyar/Documents/tut_folder/tut_python/python_script/tut_airflow/env_airflow/lib/python3.9/site-packages/airflow/example_dags/example_task_group.py took 0.100 seconds
[2023-04-15T10:50:40.826+0700] {processor.py:153} INFO - Started process (PID=17748) to work on /home/ahyar/Documents/tut_folder/tut_python/python_script/tut_airflow/env_airflow/lib/python3.9/site-packages/airflow/example_dags/example_task_group.py
[2023-04-15T10:50:40.827+0700] {processor.py:743} INFO - Processing file /home/ahyar/Documents/tut_folder/tut_python/python_script/tut_airflow/env_airflow/lib/python3.9/site-packages/airflow/example_dags/example_task_group.py for tasks to queue
[2023-04-15T10:50:40.828+0700] {logging_mixin.py:137} INFO - [2023-04-15T10:50:40.828+0700] {dagbag.py:532} INFO - Filling up the DagBag from /home/ahyar/Documents/tut_folder/tut_python/python_script/tut_airflow/env_airflow/lib/python3.9/site-packages/airflow/example_dags/example_task_group.py
[2023-04-15T10:50:40.840+0700] {processor.py:753} INFO - DAG(s) dict_keys(['example_task_group']) retrieved from /home/ahyar/Documents/tut_folder/tut_python/python_script/tut_airflow/env_airflow/lib/python3.9/site-packages/airflow/example_dags/example_task_group.py
[2023-04-15T10:50:40.851+0700] {logging_mixin.py:137} INFO - [2023-04-15T10:50:40.851+0700] {dag.py:2705} INFO - Sync 1 DAGs
[2023-04-15T10:50:40.862+0700] {logging_mixin.py:137} INFO - [2023-04-15T10:50:40.862+0700] {dag.py:3452} INFO - Setting next_dagrun for example_task_group to 2023-04-14T03:50:40.861887+00:00, run_after=2023-04-15T03:50:40.861887+00:00
[2023-04-15T10:50:40.876+0700] {processor.py:175} INFO - Processing /home/ahyar/Documents/tut_folder/tut_python/python_script/tut_airflow/env_airflow/lib/python3.9/site-packages/airflow/example_dags/example_task_group.py took 0.055 seconds
[2023-04-15T10:51:21.811+0700] {processor.py:153} INFO - Started process (PID=17833) to work on /home/ahyar/Documents/tut_folder/tut_python/python_script/tut_airflow/env_airflow/lib/python3.9/site-packages/airflow/example_dags/example_task_group.py
[2023-04-15T10:51:21.812+0700] {processor.py:743} INFO - Processing file /home/ahyar/Documents/tut_folder/tut_python/python_script/tut_airflow/env_airflow/lib/python3.9/site-packages/airflow/example_dags/example_task_group.py for tasks to queue
[2023-04-15T10:51:21.813+0700] {logging_mixin.py:137} INFO - [2023-04-15T10:51:21.813+0700] {dagbag.py:532} INFO - Filling up the DagBag from /home/ahyar/Documents/tut_folder/tut_python/python_script/tut_airflow/env_airflow/lib/python3.9/site-packages/airflow/example_dags/example_task_group.py
[2023-04-15T10:51:21.826+0700] {processor.py:753} INFO - DAG(s) dict_keys(['example_task_group']) retrieved from /home/ahyar/Documents/tut_folder/tut_python/python_script/tut_airflow/env_airflow/lib/python3.9/site-packages/airflow/example_dags/example_task_group.py
[2023-04-15T10:51:21.845+0700] {logging_mixin.py:137} INFO - [2023-04-15T10:51:21.844+0700] {dag.py:2705} INFO - Sync 1 DAGs
[2023-04-15T10:51:21.861+0700] {logging_mixin.py:137} INFO - [2023-04-15T10:51:21.861+0700] {dag.py:3452} INFO - Setting next_dagrun for example_task_group to 2023-04-14T03:51:21.861487+00:00, run_after=2023-04-15T03:51:21.861487+00:00
[2023-04-15T10:51:21.881+0700] {processor.py:175} INFO - Processing /home/ahyar/Documents/tut_folder/tut_python/python_script/tut_airflow/env_airflow/lib/python3.9/site-packages/airflow/example_dags/example_task_group.py took 0.071 seconds
[2023-04-15T10:52:07.024+0700] {processor.py:153} INFO - Started process (PID=17904) to work on /home/ahyar/Documents/tut_folder/tut_python/python_script/tut_airflow/env_airflow/lib/python3.9/site-packages/airflow/example_dags/example_task_group.py
[2023-04-15T10:52:07.026+0700] {processor.py:743} INFO - Processing file /home/ahyar/Documents/tut_folder/tut_python/python_script/tut_airflow/env_airflow/lib/python3.9/site-packages/airflow/example_dags/example_task_group.py for tasks to queue
[2023-04-15T10:52:07.027+0700] {logging_mixin.py:137} INFO - [2023-04-15T10:52:07.026+0700] {dagbag.py:532} INFO - Filling up the DagBag from /home/ahyar/Documents/tut_folder/tut_python/python_script/tut_airflow/env_airflow/lib/python3.9/site-packages/airflow/example_dags/example_task_group.py
[2023-04-15T10:52:07.054+0700] {processor.py:753} INFO - DAG(s) dict_keys(['example_task_group']) retrieved from /home/ahyar/Documents/tut_folder/tut_python/python_script/tut_airflow/env_airflow/lib/python3.9/site-packages/airflow/example_dags/example_task_group.py
[2023-04-15T10:52:07.086+0700] {logging_mixin.py:137} INFO - [2023-04-15T10:52:07.086+0700] {dag.py:2705} INFO - Sync 1 DAGs
[2023-04-15T10:52:07.113+0700] {logging_mixin.py:137} INFO - [2023-04-15T10:52:07.113+0700] {dag.py:3452} INFO - Setting next_dagrun for example_task_group to 2023-04-14T03:52:07.112417+00:00, run_after=2023-04-15T03:52:07.112417+00:00
[2023-04-15T10:52:07.152+0700] {processor.py:175} INFO - Processing /home/ahyar/Documents/tut_folder/tut_python/python_script/tut_airflow/env_airflow/lib/python3.9/site-packages/airflow/example_dags/example_task_group.py took 0.132 seconds
[2023-04-15T10:52:53.291+0700] {processor.py:153} INFO - Started process (PID=18071) to work on /home/ahyar/Documents/tut_folder/tut_python/python_script/tut_airflow/env_airflow/lib/python3.9/site-packages/airflow/example_dags/example_task_group.py
[2023-04-15T10:52:53.292+0700] {processor.py:743} INFO - Processing file /home/ahyar/Documents/tut_folder/tut_python/python_script/tut_airflow/env_airflow/lib/python3.9/site-packages/airflow/example_dags/example_task_group.py for tasks to queue
[2023-04-15T10:52:53.293+0700] {logging_mixin.py:137} INFO - [2023-04-15T10:52:53.293+0700] {dagbag.py:532} INFO - Filling up the DagBag from /home/ahyar/Documents/tut_folder/tut_python/python_script/tut_airflow/env_airflow/lib/python3.9/site-packages/airflow/example_dags/example_task_group.py
[2023-04-15T10:52:53.314+0700] {processor.py:753} INFO - DAG(s) dict_keys(['example_task_group']) retrieved from /home/ahyar/Documents/tut_folder/tut_python/python_script/tut_airflow/env_airflow/lib/python3.9/site-packages/airflow/example_dags/example_task_group.py
[2023-04-15T10:52:53.342+0700] {logging_mixin.py:137} INFO - [2023-04-15T10:52:53.342+0700] {dag.py:2705} INFO - Sync 1 DAGs
[2023-04-15T10:52:53.373+0700] {logging_mixin.py:137} INFO - [2023-04-15T10:52:53.373+0700] {dag.py:3452} INFO - Setting next_dagrun for example_task_group to 2023-04-14T03:52:53.372964+00:00, run_after=2023-04-15T03:52:53.372964+00:00
[2023-04-15T10:52:53.407+0700] {processor.py:175} INFO - Processing /home/ahyar/Documents/tut_folder/tut_python/python_script/tut_airflow/env_airflow/lib/python3.9/site-packages/airflow/example_dags/example_task_group.py took 0.120 seconds
[2023-04-15T10:53:38.823+0700] {processor.py:153} INFO - Started process (PID=18172) to work on /home/ahyar/Documents/tut_folder/tut_python/python_script/tut_airflow/env_airflow/lib/python3.9/site-packages/airflow/example_dags/example_task_group.py
[2023-04-15T10:53:38.827+0700] {processor.py:743} INFO - Processing file /home/ahyar/Documents/tut_folder/tut_python/python_script/tut_airflow/env_airflow/lib/python3.9/site-packages/airflow/example_dags/example_task_group.py for tasks to queue
[2023-04-15T10:53:38.828+0700] {logging_mixin.py:137} INFO - [2023-04-15T10:53:38.828+0700] {dagbag.py:532} INFO - Filling up the DagBag from /home/ahyar/Documents/tut_folder/tut_python/python_script/tut_airflow/env_airflow/lib/python3.9/site-packages/airflow/example_dags/example_task_group.py
[2023-04-15T10:53:38.839+0700] {processor.py:753} INFO - DAG(s) dict_keys(['example_task_group']) retrieved from /home/ahyar/Documents/tut_folder/tut_python/python_script/tut_airflow/env_airflow/lib/python3.9/site-packages/airflow/example_dags/example_task_group.py
[2023-04-15T10:53:38.862+0700] {logging_mixin.py:137} INFO - [2023-04-15T10:53:38.862+0700] {dag.py:2705} INFO - Sync 1 DAGs
[2023-04-15T10:53:38.881+0700] {logging_mixin.py:137} INFO - [2023-04-15T10:53:38.881+0700] {dag.py:3452} INFO - Setting next_dagrun for example_task_group to 2023-04-14T03:53:38.880930+00:00, run_after=2023-04-15T03:53:38.880930+00:00
[2023-04-15T10:53:38.897+0700] {processor.py:175} INFO - Processing /home/ahyar/Documents/tut_folder/tut_python/python_script/tut_airflow/env_airflow/lib/python3.9/site-packages/airflow/example_dags/example_task_group.py took 0.076 seconds
[2023-04-15T10:54:24.173+0700] {processor.py:153} INFO - Started process (PID=18257) to work on /home/ahyar/Documents/tut_folder/tut_python/python_script/tut_airflow/env_airflow/lib/python3.9/site-packages/airflow/example_dags/example_task_group.py
[2023-04-15T10:54:24.175+0700] {processor.py:743} INFO - Processing file /home/ahyar/Documents/tut_folder/tut_python/python_script/tut_airflow/env_airflow/lib/python3.9/site-packages/airflow/example_dags/example_task_group.py for tasks to queue
[2023-04-15T10:54:24.175+0700] {logging_mixin.py:137} INFO - [2023-04-15T10:54:24.175+0700] {dagbag.py:532} INFO - Filling up the DagBag from /home/ahyar/Documents/tut_folder/tut_python/python_script/tut_airflow/env_airflow/lib/python3.9/site-packages/airflow/example_dags/example_task_group.py
[2023-04-15T10:54:24.188+0700] {processor.py:753} INFO - DAG(s) dict_keys(['example_task_group']) retrieved from /home/ahyar/Documents/tut_folder/tut_python/python_script/tut_airflow/env_airflow/lib/python3.9/site-packages/airflow/example_dags/example_task_group.py
[2023-04-15T10:54:24.198+0700] {logging_mixin.py:137} INFO - [2023-04-15T10:54:24.198+0700] {dag.py:2705} INFO - Sync 1 DAGs
[2023-04-15T10:54:24.209+0700] {logging_mixin.py:137} INFO - [2023-04-15T10:54:24.209+0700] {dag.py:3452} INFO - Setting next_dagrun for example_task_group to 2023-04-14T03:54:24.209593+00:00, run_after=2023-04-15T03:54:24.209593+00:00
[2023-04-15T10:54:24.223+0700] {processor.py:175} INFO - Processing /home/ahyar/Documents/tut_folder/tut_python/python_script/tut_airflow/env_airflow/lib/python3.9/site-packages/airflow/example_dags/example_task_group.py took 0.054 seconds
[2023-04-15T10:55:09.434+0700] {processor.py:153} INFO - Started process (PID=18329) to work on /home/ahyar/Documents/tut_folder/tut_python/python_script/tut_airflow/env_airflow/lib/python3.9/site-packages/airflow/example_dags/example_task_group.py
[2023-04-15T10:55:09.436+0700] {processor.py:743} INFO - Processing file /home/ahyar/Documents/tut_folder/tut_python/python_script/tut_airflow/env_airflow/lib/python3.9/site-packages/airflow/example_dags/example_task_group.py for tasks to queue
[2023-04-15T10:55:09.438+0700] {logging_mixin.py:137} INFO - [2023-04-15T10:55:09.437+0700] {dagbag.py:532} INFO - Filling up the DagBag from /home/ahyar/Documents/tut_folder/tut_python/python_script/tut_airflow/env_airflow/lib/python3.9/site-packages/airflow/example_dags/example_task_group.py
[2023-04-15T10:55:09.458+0700] {processor.py:753} INFO - DAG(s) dict_keys(['example_task_group']) retrieved from /home/ahyar/Documents/tut_folder/tut_python/python_script/tut_airflow/env_airflow/lib/python3.9/site-packages/airflow/example_dags/example_task_group.py
[2023-04-15T10:55:09.483+0700] {logging_mixin.py:137} INFO - [2023-04-15T10:55:09.482+0700] {dag.py:2705} INFO - Sync 1 DAGs
[2023-04-15T10:55:09.512+0700] {logging_mixin.py:137} INFO - [2023-04-15T10:55:09.512+0700] {dag.py:3452} INFO - Setting next_dagrun for example_task_group to 2023-04-14T03:55:09.511857+00:00, run_after=2023-04-15T03:55:09.511857+00:00
[2023-04-15T10:55:09.549+0700] {processor.py:175} INFO - Processing /home/ahyar/Documents/tut_folder/tut_python/python_script/tut_airflow/env_airflow/lib/python3.9/site-packages/airflow/example_dags/example_task_group.py took 0.120 seconds
[2023-04-15T10:55:54.747+0700] {processor.py:153} INFO - Started process (PID=18441) to work on /home/ahyar/Documents/tut_folder/tut_python/python_script/tut_airflow/env_airflow/lib/python3.9/site-packages/airflow/example_dags/example_task_group.py
[2023-04-15T10:55:54.748+0700] {processor.py:743} INFO - Processing file /home/ahyar/Documents/tut_folder/tut_python/python_script/tut_airflow/env_airflow/lib/python3.9/site-packages/airflow/example_dags/example_task_group.py for tasks to queue
[2023-04-15T10:55:54.748+0700] {logging_mixin.py:137} INFO - [2023-04-15T10:55:54.748+0700] {dagbag.py:532} INFO - Filling up the DagBag from /home/ahyar/Documents/tut_folder/tut_python/python_script/tut_airflow/env_airflow/lib/python3.9/site-packages/airflow/example_dags/example_task_group.py
[2023-04-15T10:55:54.764+0700] {processor.py:753} INFO - DAG(s) dict_keys(['example_task_group']) retrieved from /home/ahyar/Documents/tut_folder/tut_python/python_script/tut_airflow/env_airflow/lib/python3.9/site-packages/airflow/example_dags/example_task_group.py
[2023-04-15T10:55:54.781+0700] {logging_mixin.py:137} INFO - [2023-04-15T10:55:54.780+0700] {dag.py:2705} INFO - Sync 1 DAGs
[2023-04-15T10:55:54.793+0700] {logging_mixin.py:137} INFO - [2023-04-15T10:55:54.793+0700] {dag.py:3452} INFO - Setting next_dagrun for example_task_group to 2023-04-14T03:55:54.793201+00:00, run_after=2023-04-15T03:55:54.793201+00:00
[2023-04-15T10:55:54.813+0700] {processor.py:175} INFO - Processing /home/ahyar/Documents/tut_folder/tut_python/python_script/tut_airflow/env_airflow/lib/python3.9/site-packages/airflow/example_dags/example_task_group.py took 0.069 seconds
[2023-04-15T10:56:37.218+0700] {processor.py:153} INFO - Started process (PID=18499) to work on /home/ahyar/Documents/tut_folder/tut_python/python_script/tut_airflow/env_airflow/lib/python3.9/site-packages/airflow/example_dags/example_task_group.py
[2023-04-15T10:56:37.218+0700] {processor.py:743} INFO - Processing file /home/ahyar/Documents/tut_folder/tut_python/python_script/tut_airflow/env_airflow/lib/python3.9/site-packages/airflow/example_dags/example_task_group.py for tasks to queue
[2023-04-15T10:56:37.219+0700] {logging_mixin.py:137} INFO - [2023-04-15T10:56:37.219+0700] {dagbag.py:532} INFO - Filling up the DagBag from /home/ahyar/Documents/tut_folder/tut_python/python_script/tut_airflow/env_airflow/lib/python3.9/site-packages/airflow/example_dags/example_task_group.py
[2023-04-15T10:56:37.236+0700] {processor.py:753} INFO - DAG(s) dict_keys(['example_task_group']) retrieved from /home/ahyar/Documents/tut_folder/tut_python/python_script/tut_airflow/env_airflow/lib/python3.9/site-packages/airflow/example_dags/example_task_group.py
[2023-04-15T10:56:37.254+0700] {logging_mixin.py:137} INFO - [2023-04-15T10:56:37.254+0700] {dag.py:2705} INFO - Sync 1 DAGs
[2023-04-15T10:56:37.273+0700] {logging_mixin.py:137} INFO - [2023-04-15T10:56:37.273+0700] {dag.py:3452} INFO - Setting next_dagrun for example_task_group to 2023-04-14T03:56:37.272928+00:00, run_after=2023-04-15T03:56:37.272928+00:00
[2023-04-15T10:56:37.303+0700] {processor.py:175} INFO - Processing /home/ahyar/Documents/tut_folder/tut_python/python_script/tut_airflow/env_airflow/lib/python3.9/site-packages/airflow/example_dags/example_task_group.py took 0.087 seconds
[2023-04-15T10:57:21.038+0700] {processor.py:153} INFO - Started process (PID=18572) to work on /home/ahyar/Documents/tut_folder/tut_python/python_script/tut_airflow/env_airflow/lib/python3.9/site-packages/airflow/example_dags/example_task_group.py
[2023-04-15T10:57:21.040+0700] {processor.py:743} INFO - Processing file /home/ahyar/Documents/tut_folder/tut_python/python_script/tut_airflow/env_airflow/lib/python3.9/site-packages/airflow/example_dags/example_task_group.py for tasks to queue
[2023-04-15T10:57:21.042+0700] {logging_mixin.py:137} INFO - [2023-04-15T10:57:21.041+0700] {dagbag.py:532} INFO - Filling up the DagBag from /home/ahyar/Documents/tut_folder/tut_python/python_script/tut_airflow/env_airflow/lib/python3.9/site-packages/airflow/example_dags/example_task_group.py
[2023-04-15T10:57:21.072+0700] {processor.py:753} INFO - DAG(s) dict_keys(['example_task_group']) retrieved from /home/ahyar/Documents/tut_folder/tut_python/python_script/tut_airflow/env_airflow/lib/python3.9/site-packages/airflow/example_dags/example_task_group.py
[2023-04-15T10:57:21.101+0700] {logging_mixin.py:137} INFO - [2023-04-15T10:57:21.101+0700] {dag.py:2705} INFO - Sync 1 DAGs
[2023-04-15T10:57:21.117+0700] {logging_mixin.py:137} INFO - [2023-04-15T10:57:21.117+0700] {dag.py:3452} INFO - Setting next_dagrun for example_task_group to 2023-04-14T03:57:21.117151+00:00, run_after=2023-04-15T03:57:21.117151+00:00
[2023-04-15T10:57:21.138+0700] {processor.py:175} INFO - Processing /home/ahyar/Documents/tut_folder/tut_python/python_script/tut_airflow/env_airflow/lib/python3.9/site-packages/airflow/example_dags/example_task_group.py took 0.105 seconds
[2023-04-15T10:58:05.745+0700] {processor.py:153} INFO - Started process (PID=18644) to work on /home/ahyar/Documents/tut_folder/tut_python/python_script/tut_airflow/env_airflow/lib/python3.9/site-packages/airflow/example_dags/example_task_group.py
[2023-04-15T10:58:06.165+0700] {processor.py:743} INFO - Processing file /home/ahyar/Documents/tut_folder/tut_python/python_script/tut_airflow/env_airflow/lib/python3.9/site-packages/airflow/example_dags/example_task_group.py for tasks to queue
[2023-04-15T10:58:06.166+0700] {logging_mixin.py:137} INFO - [2023-04-15T10:58:06.166+0700] {dagbag.py:532} INFO - Filling up the DagBag from /home/ahyar/Documents/tut_folder/tut_python/python_script/tut_airflow/env_airflow/lib/python3.9/site-packages/airflow/example_dags/example_task_group.py
[2023-04-15T10:58:06.179+0700] {processor.py:753} INFO - DAG(s) dict_keys(['example_task_group']) retrieved from /home/ahyar/Documents/tut_folder/tut_python/python_script/tut_airflow/env_airflow/lib/python3.9/site-packages/airflow/example_dags/example_task_group.py
[2023-04-15T10:58:06.200+0700] {logging_mixin.py:137} INFO - [2023-04-15T10:58:06.200+0700] {dag.py:2705} INFO - Sync 1 DAGs
[2023-04-15T10:58:06.218+0700] {logging_mixin.py:137} INFO - [2023-04-15T10:58:06.218+0700] {dag.py:3452} INFO - Setting next_dagrun for example_task_group to 2023-04-14T03:58:06.217933+00:00, run_after=2023-04-15T03:58:06.217933+00:00
[2023-04-15T10:58:06.267+0700] {processor.py:175} INFO - Processing /home/ahyar/Documents/tut_folder/tut_python/python_script/tut_airflow/env_airflow/lib/python3.9/site-packages/airflow/example_dags/example_task_group.py took 0.524 seconds
[2023-04-15T10:58:53.598+0700] {processor.py:153} INFO - Started process (PID=18813) to work on /home/ahyar/Documents/tut_folder/tut_python/python_script/tut_airflow/env_airflow/lib/python3.9/site-packages/airflow/example_dags/example_task_group.py
[2023-04-15T10:58:53.599+0700] {processor.py:743} INFO - Processing file /home/ahyar/Documents/tut_folder/tut_python/python_script/tut_airflow/env_airflow/lib/python3.9/site-packages/airflow/example_dags/example_task_group.py for tasks to queue
[2023-04-15T10:58:53.600+0700] {logging_mixin.py:137} INFO - [2023-04-15T10:58:53.600+0700] {dagbag.py:532} INFO - Filling up the DagBag from /home/ahyar/Documents/tut_folder/tut_python/python_script/tut_airflow/env_airflow/lib/python3.9/site-packages/airflow/example_dags/example_task_group.py
[2023-04-15T10:58:53.622+0700] {processor.py:753} INFO - DAG(s) dict_keys(['example_task_group']) retrieved from /home/ahyar/Documents/tut_folder/tut_python/python_script/tut_airflow/env_airflow/lib/python3.9/site-packages/airflow/example_dags/example_task_group.py
[2023-04-15T10:58:53.642+0700] {logging_mixin.py:137} INFO - [2023-04-15T10:58:53.642+0700] {dag.py:2705} INFO - Sync 1 DAGs
[2023-04-15T10:58:53.664+0700] {logging_mixin.py:137} INFO - [2023-04-15T10:58:53.664+0700] {dag.py:3452} INFO - Setting next_dagrun for example_task_group to 2023-04-14T03:58:53.663848+00:00, run_after=2023-04-15T03:58:53.663848+00:00
[2023-04-15T10:58:53.686+0700] {processor.py:175} INFO - Processing /home/ahyar/Documents/tut_folder/tut_python/python_script/tut_airflow/env_airflow/lib/python3.9/site-packages/airflow/example_dags/example_task_group.py took 0.096 seconds
[2023-04-15T11:01:53.967+0700] {processor.py:153} INFO - Started process (PID=20721) to work on /home/ahyar/Documents/tut_folder/tut_python/python_script/tut_airflow/env_airflow/lib/python3.9/site-packages/airflow/example_dags/example_task_group.py
[2023-04-15T11:01:53.968+0700] {processor.py:743} INFO - Processing file /home/ahyar/Documents/tut_folder/tut_python/python_script/tut_airflow/env_airflow/lib/python3.9/site-packages/airflow/example_dags/example_task_group.py for tasks to queue
[2023-04-15T11:01:53.969+0700] {logging_mixin.py:137} INFO - [2023-04-15T11:01:53.968+0700] {dagbag.py:532} INFO - Filling up the DagBag from /home/ahyar/Documents/tut_folder/tut_python/python_script/tut_airflow/env_airflow/lib/python3.9/site-packages/airflow/example_dags/example_task_group.py
[2023-04-15T11:01:53.980+0700] {processor.py:753} INFO - DAG(s) dict_keys(['example_task_group']) retrieved from /home/ahyar/Documents/tut_folder/tut_python/python_script/tut_airflow/env_airflow/lib/python3.9/site-packages/airflow/example_dags/example_task_group.py
[2023-04-15T11:01:53.991+0700] {logging_mixin.py:137} INFO - [2023-04-15T11:01:53.991+0700] {dag.py:2705} INFO - Sync 1 DAGs
[2023-04-15T11:01:54.003+0700] {logging_mixin.py:137} INFO - [2023-04-15T11:01:54.003+0700] {dag.py:3452} INFO - Setting next_dagrun for example_task_group to 2023-04-14T04:01:54.003225+00:00, run_after=2023-04-15T04:01:54.003225+00:00
[2023-04-15T11:01:54.018+0700] {processor.py:175} INFO - Processing /home/ahyar/Documents/tut_folder/tut_python/python_script/tut_airflow/env_airflow/lib/python3.9/site-packages/airflow/example_dags/example_task_group.py took 0.052 seconds
[2023-04-15T11:05:10.882+0700] {processor.py:153} INFO - Started process (PID=23061) to work on /home/ahyar/Documents/tut_folder/tut_python/python_script/tut_airflow/env_airflow/lib/python3.9/site-packages/airflow/example_dags/example_task_group.py
[2023-04-15T11:05:10.884+0700] {processor.py:743} INFO - Processing file /home/ahyar/Documents/tut_folder/tut_python/python_script/tut_airflow/env_airflow/lib/python3.9/site-packages/airflow/example_dags/example_task_group.py for tasks to queue
[2023-04-15T11:05:10.885+0700] {logging_mixin.py:137} INFO - [2023-04-15T11:05:10.885+0700] {dagbag.py:532} INFO - Filling up the DagBag from /home/ahyar/Documents/tut_folder/tut_python/python_script/tut_airflow/env_airflow/lib/python3.9/site-packages/airflow/example_dags/example_task_group.py
[2023-04-15T11:05:10.896+0700] {processor.py:753} INFO - DAG(s) dict_keys(['example_task_group']) retrieved from /home/ahyar/Documents/tut_folder/tut_python/python_script/tut_airflow/env_airflow/lib/python3.9/site-packages/airflow/example_dags/example_task_group.py
[2023-04-15T11:05:10.911+0700] {logging_mixin.py:137} INFO - [2023-04-15T11:05:10.911+0700] {dag.py:2705} INFO - Sync 1 DAGs
[2023-04-15T11:05:10.936+0700] {logging_mixin.py:137} INFO - [2023-04-15T11:05:10.936+0700] {dag.py:3452} INFO - Setting next_dagrun for example_task_group to 2023-04-14T04:05:10.936337+00:00, run_after=2023-04-15T04:05:10.936337+00:00
[2023-04-15T11:05:10.974+0700] {processor.py:175} INFO - Processing /home/ahyar/Documents/tut_folder/tut_python/python_script/tut_airflow/env_airflow/lib/python3.9/site-packages/airflow/example_dags/example_task_group.py took 0.095 seconds
