[2023-04-15T10:46:32.308+0700] {processor.py:153} INFO - Started process (PID=16319) to work on /home/ahyar/Documents/tut_folder/tut_python/python_script/tut_airflow/env_airflow/lib/python3.9/site-packages/airflow/example_dags/example_sensors.py
[2023-04-15T10:46:32.308+0700] {processor.py:743} INFO - Processing file /home/ahyar/Documents/tut_folder/tut_python/python_script/tut_airflow/env_airflow/lib/python3.9/site-packages/airflow/example_dags/example_sensors.py for tasks to queue
[2023-04-15T10:46:32.309+0700] {logging_mixin.py:137} INFO - [2023-04-15T10:46:32.309+0700] {dagbag.py:532} INFO - Filling up the DagBag from /home/ahyar/Documents/tut_folder/tut_python/python_script/tut_airflow/env_airflow/lib/python3.9/site-packages/airflow/example_dags/example_sensors.py
[2023-04-15T10:46:32.320+0700] {processor.py:753} INFO - DAG(s) dict_keys(['example_sensors']) retrieved from /home/ahyar/Documents/tut_folder/tut_python/python_script/tut_airflow/env_airflow/lib/python3.9/site-packages/airflow/example_dags/example_sensors.py
[2023-04-15T10:46:32.380+0700] {logging_mixin.py:137} INFO - [2023-04-15T10:46:32.380+0700] {manager.py:504} INFO - Created Permission View: can read on DAG:example_sensors
[2023-04-15T10:46:32.389+0700] {logging_mixin.py:137} INFO - [2023-04-15T10:46:32.388+0700] {manager.py:504} INFO - Created Permission View: can edit on DAG:example_sensors
[2023-04-15T10:46:32.396+0700] {logging_mixin.py:137} INFO - [2023-04-15T10:46:32.395+0700] {manager.py:504} INFO - Created Permission View: can delete on DAG:example_sensors
[2023-04-15T10:46:32.396+0700] {logging_mixin.py:137} INFO - [2023-04-15T10:46:32.396+0700] {dag.py:2705} INFO - Sync 1 DAGs
[2023-04-15T10:46:32.401+0700] {logging_mixin.py:137} INFO - [2023-04-15T10:46:32.401+0700] {dag.py:2726} INFO - Creating ORM DAG for example_sensors
[2023-04-15T10:46:32.405+0700] {logging_mixin.py:137} INFO - [2023-04-15T10:46:32.405+0700] {dag.py:3452} INFO - Setting next_dagrun for example_sensors to None, run_after=None
[2023-04-15T10:46:32.422+0700] {processor.py:175} INFO - Processing /home/ahyar/Documents/tut_folder/tut_python/python_script/tut_airflow/env_airflow/lib/python3.9/site-packages/airflow/example_dags/example_sensors.py took 0.117 seconds
[2023-04-15T10:47:18.124+0700] {processor.py:153} INFO - Started process (PID=16570) to work on /home/ahyar/Documents/tut_folder/tut_python/python_script/tut_airflow/env_airflow/lib/python3.9/site-packages/airflow/example_dags/example_sensors.py
[2023-04-15T10:47:18.125+0700] {processor.py:743} INFO - Processing file /home/ahyar/Documents/tut_folder/tut_python/python_script/tut_airflow/env_airflow/lib/python3.9/site-packages/airflow/example_dags/example_sensors.py for tasks to queue
[2023-04-15T10:47:18.126+0700] {logging_mixin.py:137} INFO - [2023-04-15T10:47:18.126+0700] {dagbag.py:532} INFO - Filling up the DagBag from /home/ahyar/Documents/tut_folder/tut_python/python_script/tut_airflow/env_airflow/lib/python3.9/site-packages/airflow/example_dags/example_sensors.py
[2023-04-15T10:47:18.140+0700] {processor.py:753} INFO - DAG(s) dict_keys(['example_sensors']) retrieved from /home/ahyar/Documents/tut_folder/tut_python/python_script/tut_airflow/env_airflow/lib/python3.9/site-packages/airflow/example_dags/example_sensors.py
[2023-04-15T10:47:18.152+0700] {logging_mixin.py:137} INFO - [2023-04-15T10:47:18.152+0700] {dag.py:2705} INFO - Sync 1 DAGs
[2023-04-15T10:47:18.162+0700] {logging_mixin.py:137} INFO - [2023-04-15T10:47:18.162+0700] {dag.py:3452} INFO - Setting next_dagrun for example_sensors to None, run_after=None
[2023-04-15T10:47:18.176+0700] {processor.py:175} INFO - Processing /home/ahyar/Documents/tut_folder/tut_python/python_script/tut_airflow/env_airflow/lib/python3.9/site-packages/airflow/example_dags/example_sensors.py took 0.055 seconds
[2023-04-15T10:47:57.571+0700] {processor.py:153} INFO - Started process (PID=16807) to work on /home/ahyar/Documents/tut_folder/tut_python/python_script/tut_airflow/env_airflow/lib/python3.9/site-packages/airflow/example_dags/example_sensors.py
[2023-04-15T10:47:57.572+0700] {processor.py:743} INFO - Processing file /home/ahyar/Documents/tut_folder/tut_python/python_script/tut_airflow/env_airflow/lib/python3.9/site-packages/airflow/example_dags/example_sensors.py for tasks to queue
[2023-04-15T10:47:57.572+0700] {logging_mixin.py:137} INFO - [2023-04-15T10:47:57.572+0700] {dagbag.py:532} INFO - Filling up the DagBag from /home/ahyar/Documents/tut_folder/tut_python/python_script/tut_airflow/env_airflow/lib/python3.9/site-packages/airflow/example_dags/example_sensors.py
[2023-04-15T10:47:57.585+0700] {processor.py:753} INFO - DAG(s) dict_keys(['example_sensors']) retrieved from /home/ahyar/Documents/tut_folder/tut_python/python_script/tut_airflow/env_airflow/lib/python3.9/site-packages/airflow/example_dags/example_sensors.py
[2023-04-15T10:47:57.597+0700] {logging_mixin.py:137} INFO - [2023-04-15T10:47:57.597+0700] {dag.py:2705} INFO - Sync 1 DAGs
[2023-04-15T10:47:57.607+0700] {logging_mixin.py:137} INFO - [2023-04-15T10:47:57.607+0700] {dag.py:3452} INFO - Setting next_dagrun for example_sensors to None, run_after=None
[2023-04-15T10:47:57.621+0700] {processor.py:175} INFO - Processing /home/ahyar/Documents/tut_folder/tut_python/python_script/tut_airflow/env_airflow/lib/python3.9/site-packages/airflow/example_dags/example_sensors.py took 0.052 seconds
[2023-04-15T10:48:29.356+0700] {processor.py:153} INFO - Started process (PID=17018) to work on /home/ahyar/Documents/tut_folder/tut_python/python_script/tut_airflow/env_airflow/lib/python3.9/site-packages/airflow/example_dags/example_sensors.py
[2023-04-15T10:48:29.357+0700] {processor.py:743} INFO - Processing file /home/ahyar/Documents/tut_folder/tut_python/python_script/tut_airflow/env_airflow/lib/python3.9/site-packages/airflow/example_dags/example_sensors.py for tasks to queue
[2023-04-15T10:48:29.358+0700] {logging_mixin.py:137} INFO - [2023-04-15T10:48:29.357+0700] {dagbag.py:532} INFO - Filling up the DagBag from /home/ahyar/Documents/tut_folder/tut_python/python_script/tut_airflow/env_airflow/lib/python3.9/site-packages/airflow/example_dags/example_sensors.py
[2023-04-15T10:48:29.371+0700] {processor.py:753} INFO - DAG(s) dict_keys(['example_sensors']) retrieved from /home/ahyar/Documents/tut_folder/tut_python/python_script/tut_airflow/env_airflow/lib/python3.9/site-packages/airflow/example_dags/example_sensors.py
[2023-04-15T10:48:29.382+0700] {logging_mixin.py:137} INFO - [2023-04-15T10:48:29.382+0700] {dag.py:2705} INFO - Sync 1 DAGs
[2023-04-15T10:48:29.392+0700] {logging_mixin.py:137} INFO - [2023-04-15T10:48:29.392+0700] {dag.py:3452} INFO - Setting next_dagrun for example_sensors to None, run_after=None
[2023-04-15T10:48:29.406+0700] {processor.py:175} INFO - Processing /home/ahyar/Documents/tut_folder/tut_python/python_script/tut_airflow/env_airflow/lib/python3.9/site-packages/airflow/example_dags/example_sensors.py took 0.054 seconds
[2023-04-15T10:49:12.175+0700] {processor.py:153} INFO - Started process (PID=17404) to work on /home/ahyar/Documents/tut_folder/tut_python/python_script/tut_airflow/env_airflow/lib/python3.9/site-packages/airflow/example_dags/example_sensors.py
[2023-04-15T10:49:12.176+0700] {processor.py:743} INFO - Processing file /home/ahyar/Documents/tut_folder/tut_python/python_script/tut_airflow/env_airflow/lib/python3.9/site-packages/airflow/example_dags/example_sensors.py for tasks to queue
[2023-04-15T10:49:12.177+0700] {logging_mixin.py:137} INFO - [2023-04-15T10:49:12.177+0700] {dagbag.py:532} INFO - Filling up the DagBag from /home/ahyar/Documents/tut_folder/tut_python/python_script/tut_airflow/env_airflow/lib/python3.9/site-packages/airflow/example_dags/example_sensors.py
[2023-04-15T10:49:12.213+0700] {processor.py:753} INFO - DAG(s) dict_keys(['example_sensors']) retrieved from /home/ahyar/Documents/tut_folder/tut_python/python_script/tut_airflow/env_airflow/lib/python3.9/site-packages/airflow/example_dags/example_sensors.py
[2023-04-15T10:49:12.250+0700] {logging_mixin.py:137} INFO - [2023-04-15T10:49:12.250+0700] {dag.py:2705} INFO - Sync 1 DAGs
[2023-04-15T10:49:12.289+0700] {logging_mixin.py:137} INFO - [2023-04-15T10:49:12.289+0700] {dag.py:3452} INFO - Setting next_dagrun for example_sensors to None, run_after=None
[2023-04-15T10:49:12.340+0700] {processor.py:175} INFO - Processing /home/ahyar/Documents/tut_folder/tut_python/python_script/tut_airflow/env_airflow/lib/python3.9/site-packages/airflow/example_dags/example_sensors.py took 0.172 seconds
[2023-04-15T10:50:01.657+0700] {processor.py:153} INFO - Started process (PID=17609) to work on /home/ahyar/Documents/tut_folder/tut_python/python_script/tut_airflow/env_airflow/lib/python3.9/site-packages/airflow/example_dags/example_sensors.py
[2023-04-15T10:50:01.658+0700] {processor.py:743} INFO - Processing file /home/ahyar/Documents/tut_folder/tut_python/python_script/tut_airflow/env_airflow/lib/python3.9/site-packages/airflow/example_dags/example_sensors.py for tasks to queue
[2023-04-15T10:50:01.659+0700] {logging_mixin.py:137} INFO - [2023-04-15T10:50:01.659+0700] {dagbag.py:532} INFO - Filling up the DagBag from /home/ahyar/Documents/tut_folder/tut_python/python_script/tut_airflow/env_airflow/lib/python3.9/site-packages/airflow/example_dags/example_sensors.py
[2023-04-15T10:50:01.681+0700] {processor.py:753} INFO - DAG(s) dict_keys(['example_sensors']) retrieved from /home/ahyar/Documents/tut_folder/tut_python/python_script/tut_airflow/env_airflow/lib/python3.9/site-packages/airflow/example_dags/example_sensors.py
[2023-04-15T10:50:01.696+0700] {logging_mixin.py:137} INFO - [2023-04-15T10:50:01.695+0700] {dag.py:2705} INFO - Sync 1 DAGs
[2023-04-15T10:50:01.706+0700] {logging_mixin.py:137} INFO - [2023-04-15T10:50:01.706+0700] {dag.py:3452} INFO - Setting next_dagrun for example_sensors to None, run_after=None
[2023-04-15T10:50:01.720+0700] {processor.py:175} INFO - Processing /home/ahyar/Documents/tut_folder/tut_python/python_script/tut_airflow/env_airflow/lib/python3.9/site-packages/airflow/example_dags/example_sensors.py took 0.067 seconds
[2023-04-15T10:50:42.817+0700] {processor.py:153} INFO - Started process (PID=17750) to work on /home/ahyar/Documents/tut_folder/tut_python/python_script/tut_airflow/env_airflow/lib/python3.9/site-packages/airflow/example_dags/example_sensors.py
[2023-04-15T10:50:42.819+0700] {processor.py:743} INFO - Processing file /home/ahyar/Documents/tut_folder/tut_python/python_script/tut_airflow/env_airflow/lib/python3.9/site-packages/airflow/example_dags/example_sensors.py for tasks to queue
[2023-04-15T10:50:42.820+0700] {logging_mixin.py:137} INFO - [2023-04-15T10:50:42.820+0700] {dagbag.py:532} INFO - Filling up the DagBag from /home/ahyar/Documents/tut_folder/tut_python/python_script/tut_airflow/env_airflow/lib/python3.9/site-packages/airflow/example_dags/example_sensors.py
[2023-04-15T10:50:42.839+0700] {processor.py:753} INFO - DAG(s) dict_keys(['example_sensors']) retrieved from /home/ahyar/Documents/tut_folder/tut_python/python_script/tut_airflow/env_airflow/lib/python3.9/site-packages/airflow/example_dags/example_sensors.py
[2023-04-15T10:50:42.858+0700] {logging_mixin.py:137} INFO - [2023-04-15T10:50:42.858+0700] {dag.py:2705} INFO - Sync 1 DAGs
[2023-04-15T10:50:42.875+0700] {logging_mixin.py:137} INFO - [2023-04-15T10:50:42.874+0700] {dag.py:3452} INFO - Setting next_dagrun for example_sensors to None, run_after=None
[2023-04-15T10:50:42.894+0700] {processor.py:175} INFO - Processing /home/ahyar/Documents/tut_folder/tut_python/python_script/tut_airflow/env_airflow/lib/python3.9/site-packages/airflow/example_dags/example_sensors.py took 0.081 seconds
[2023-04-15T10:51:23.369+0700] {processor.py:153} INFO - Started process (PID=17835) to work on /home/ahyar/Documents/tut_folder/tut_python/python_script/tut_airflow/env_airflow/lib/python3.9/site-packages/airflow/example_dags/example_sensors.py
[2023-04-15T10:51:23.370+0700] {processor.py:743} INFO - Processing file /home/ahyar/Documents/tut_folder/tut_python/python_script/tut_airflow/env_airflow/lib/python3.9/site-packages/airflow/example_dags/example_sensors.py for tasks to queue
[2023-04-15T10:51:23.370+0700] {logging_mixin.py:137} INFO - [2023-04-15T10:51:23.370+0700] {dagbag.py:532} INFO - Filling up the DagBag from /home/ahyar/Documents/tut_folder/tut_python/python_script/tut_airflow/env_airflow/lib/python3.9/site-packages/airflow/example_dags/example_sensors.py
[2023-04-15T10:51:23.383+0700] {processor.py:753} INFO - DAG(s) dict_keys(['example_sensors']) retrieved from /home/ahyar/Documents/tut_folder/tut_python/python_script/tut_airflow/env_airflow/lib/python3.9/site-packages/airflow/example_dags/example_sensors.py
[2023-04-15T10:51:23.395+0700] {logging_mixin.py:137} INFO - [2023-04-15T10:51:23.395+0700] {dag.py:2705} INFO - Sync 1 DAGs
[2023-04-15T10:51:23.407+0700] {logging_mixin.py:137} INFO - [2023-04-15T10:51:23.406+0700] {dag.py:3452} INFO - Setting next_dagrun for example_sensors to None, run_after=None
[2023-04-15T10:51:23.421+0700] {processor.py:175} INFO - Processing /home/ahyar/Documents/tut_folder/tut_python/python_script/tut_airflow/env_airflow/lib/python3.9/site-packages/airflow/example_dags/example_sensors.py took 0.055 seconds
[2023-04-15T10:52:08.636+0700] {processor.py:153} INFO - Started process (PID=17906) to work on /home/ahyar/Documents/tut_folder/tut_python/python_script/tut_airflow/env_airflow/lib/python3.9/site-packages/airflow/example_dags/example_sensors.py
[2023-04-15T10:52:08.638+0700] {processor.py:743} INFO - Processing file /home/ahyar/Documents/tut_folder/tut_python/python_script/tut_airflow/env_airflow/lib/python3.9/site-packages/airflow/example_dags/example_sensors.py for tasks to queue
[2023-04-15T10:52:08.638+0700] {logging_mixin.py:137} INFO - [2023-04-15T10:52:08.638+0700] {dagbag.py:532} INFO - Filling up the DagBag from /home/ahyar/Documents/tut_folder/tut_python/python_script/tut_airflow/env_airflow/lib/python3.9/site-packages/airflow/example_dags/example_sensors.py
[2023-04-15T10:52:08.673+0700] {processor.py:753} INFO - DAG(s) dict_keys(['example_sensors']) retrieved from /home/ahyar/Documents/tut_folder/tut_python/python_script/tut_airflow/env_airflow/lib/python3.9/site-packages/airflow/example_dags/example_sensors.py
[2023-04-15T10:52:08.713+0700] {logging_mixin.py:137} INFO - [2023-04-15T10:52:08.712+0700] {dag.py:2705} INFO - Sync 1 DAGs
[2023-04-15T10:52:08.755+0700] {logging_mixin.py:137} INFO - [2023-04-15T10:52:08.755+0700] {dag.py:3452} INFO - Setting next_dagrun for example_sensors to None, run_after=None
[2023-04-15T10:52:08.799+0700] {processor.py:175} INFO - Processing /home/ahyar/Documents/tut_folder/tut_python/python_script/tut_airflow/env_airflow/lib/python3.9/site-packages/airflow/example_dags/example_sensors.py took 0.168 seconds
[2023-04-15T10:52:55.803+0700] {processor.py:153} INFO - Started process (PID=18078) to work on /home/ahyar/Documents/tut_folder/tut_python/python_script/tut_airflow/env_airflow/lib/python3.9/site-packages/airflow/example_dags/example_sensors.py
[2023-04-15T10:52:55.805+0700] {processor.py:743} INFO - Processing file /home/ahyar/Documents/tut_folder/tut_python/python_script/tut_airflow/env_airflow/lib/python3.9/site-packages/airflow/example_dags/example_sensors.py for tasks to queue
[2023-04-15T10:52:55.807+0700] {logging_mixin.py:137} INFO - [2023-04-15T10:52:55.807+0700] {dagbag.py:532} INFO - Filling up the DagBag from /home/ahyar/Documents/tut_folder/tut_python/python_script/tut_airflow/env_airflow/lib/python3.9/site-packages/airflow/example_dags/example_sensors.py
[2023-04-15T10:52:55.836+0700] {processor.py:753} INFO - DAG(s) dict_keys(['example_sensors']) retrieved from /home/ahyar/Documents/tut_folder/tut_python/python_script/tut_airflow/env_airflow/lib/python3.9/site-packages/airflow/example_dags/example_sensors.py
[2023-04-15T10:52:55.896+0700] {logging_mixin.py:137} INFO - [2023-04-15T10:52:55.896+0700] {dag.py:2705} INFO - Sync 1 DAGs
[2023-04-15T10:52:55.927+0700] {logging_mixin.py:137} INFO - [2023-04-15T10:52:55.926+0700] {dag.py:3452} INFO - Setting next_dagrun for example_sensors to None, run_after=None
[2023-04-15T10:52:55.980+0700] {processor.py:175} INFO - Processing /home/ahyar/Documents/tut_folder/tut_python/python_script/tut_airflow/env_airflow/lib/python3.9/site-packages/airflow/example_dags/example_sensors.py took 0.183 seconds
[2023-04-15T10:53:41.116+0700] {processor.py:153} INFO - Started process (PID=18174) to work on /home/ahyar/Documents/tut_folder/tut_python/python_script/tut_airflow/env_airflow/lib/python3.9/site-packages/airflow/example_dags/example_sensors.py
[2023-04-15T10:53:41.514+0700] {processor.py:743} INFO - Processing file /home/ahyar/Documents/tut_folder/tut_python/python_script/tut_airflow/env_airflow/lib/python3.9/site-packages/airflow/example_dags/example_sensors.py for tasks to queue
[2023-04-15T10:53:41.515+0700] {logging_mixin.py:137} INFO - [2023-04-15T10:53:41.514+0700] {dagbag.py:532} INFO - Filling up the DagBag from /home/ahyar/Documents/tut_folder/tut_python/python_script/tut_airflow/env_airflow/lib/python3.9/site-packages/airflow/example_dags/example_sensors.py
[2023-04-15T10:53:41.531+0700] {processor.py:753} INFO - DAG(s) dict_keys(['example_sensors']) retrieved from /home/ahyar/Documents/tut_folder/tut_python/python_script/tut_airflow/env_airflow/lib/python3.9/site-packages/airflow/example_dags/example_sensors.py
[2023-04-15T10:53:41.543+0700] {logging_mixin.py:137} INFO - [2023-04-15T10:53:41.543+0700] {dag.py:2705} INFO - Sync 1 DAGs
[2023-04-15T10:53:41.554+0700] {logging_mixin.py:137} INFO - [2023-04-15T10:53:41.554+0700] {dag.py:3452} INFO - Setting next_dagrun for example_sensors to None, run_after=None
[2023-04-15T10:53:41.627+0700] {processor.py:175} INFO - Processing /home/ahyar/Documents/tut_folder/tut_python/python_script/tut_airflow/env_airflow/lib/python3.9/site-packages/airflow/example_dags/example_sensors.py took 0.514 seconds
[2023-04-15T10:54:26.275+0700] {processor.py:153} INFO - Started process (PID=18259) to work on /home/ahyar/Documents/tut_folder/tut_python/python_script/tut_airflow/env_airflow/lib/python3.9/site-packages/airflow/example_dags/example_sensors.py
[2023-04-15T10:54:26.277+0700] {processor.py:743} INFO - Processing file /home/ahyar/Documents/tut_folder/tut_python/python_script/tut_airflow/env_airflow/lib/python3.9/site-packages/airflow/example_dags/example_sensors.py for tasks to queue
[2023-04-15T10:54:26.278+0700] {logging_mixin.py:137} INFO - [2023-04-15T10:54:26.278+0700] {dagbag.py:532} INFO - Filling up the DagBag from /home/ahyar/Documents/tut_folder/tut_python/python_script/tut_airflow/env_airflow/lib/python3.9/site-packages/airflow/example_dags/example_sensors.py
[2023-04-15T10:54:26.311+0700] {processor.py:753} INFO - DAG(s) dict_keys(['example_sensors']) retrieved from /home/ahyar/Documents/tut_folder/tut_python/python_script/tut_airflow/env_airflow/lib/python3.9/site-packages/airflow/example_dags/example_sensors.py
[2023-04-15T10:54:26.329+0700] {logging_mixin.py:137} INFO - [2023-04-15T10:54:26.329+0700] {dag.py:2705} INFO - Sync 1 DAGs
[2023-04-15T10:54:26.346+0700] {logging_mixin.py:137} INFO - [2023-04-15T10:54:26.346+0700] {dag.py:3452} INFO - Setting next_dagrun for example_sensors to None, run_after=None
[2023-04-15T10:54:26.376+0700] {processor.py:175} INFO - Processing /home/ahyar/Documents/tut_folder/tut_python/python_script/tut_airflow/env_airflow/lib/python3.9/site-packages/airflow/example_dags/example_sensors.py took 0.105 seconds
[2023-04-15T10:55:11.002+0700] {processor.py:153} INFO - Started process (PID=18331) to work on /home/ahyar/Documents/tut_folder/tut_python/python_script/tut_airflow/env_airflow/lib/python3.9/site-packages/airflow/example_dags/example_sensors.py
[2023-04-15T10:55:11.004+0700] {processor.py:743} INFO - Processing file /home/ahyar/Documents/tut_folder/tut_python/python_script/tut_airflow/env_airflow/lib/python3.9/site-packages/airflow/example_dags/example_sensors.py for tasks to queue
[2023-04-15T10:55:11.007+0700] {logging_mixin.py:137} INFO - [2023-04-15T10:55:11.007+0700] {dagbag.py:532} INFO - Filling up the DagBag from /home/ahyar/Documents/tut_folder/tut_python/python_script/tut_airflow/env_airflow/lib/python3.9/site-packages/airflow/example_dags/example_sensors.py
[2023-04-15T10:55:11.030+0700] {processor.py:753} INFO - DAG(s) dict_keys(['example_sensors']) retrieved from /home/ahyar/Documents/tut_folder/tut_python/python_script/tut_airflow/env_airflow/lib/python3.9/site-packages/airflow/example_dags/example_sensors.py
[2023-04-15T10:55:11.051+0700] {logging_mixin.py:137} INFO - [2023-04-15T10:55:11.050+0700] {dag.py:2705} INFO - Sync 1 DAGs
[2023-04-15T10:55:11.075+0700] {logging_mixin.py:137} INFO - [2023-04-15T10:55:11.075+0700] {dag.py:3452} INFO - Setting next_dagrun for example_sensors to None, run_after=None
[2023-04-15T10:55:11.105+0700] {processor.py:175} INFO - Processing /home/ahyar/Documents/tut_folder/tut_python/python_script/tut_airflow/env_airflow/lib/python3.9/site-packages/airflow/example_dags/example_sensors.py took 0.109 seconds
[2023-04-15T10:55:56.661+0700] {processor.py:153} INFO - Started process (PID=18443) to work on /home/ahyar/Documents/tut_folder/tut_python/python_script/tut_airflow/env_airflow/lib/python3.9/site-packages/airflow/example_dags/example_sensors.py
[2023-04-15T10:55:56.662+0700] {processor.py:743} INFO - Processing file /home/ahyar/Documents/tut_folder/tut_python/python_script/tut_airflow/env_airflow/lib/python3.9/site-packages/airflow/example_dags/example_sensors.py for tasks to queue
[2023-04-15T10:55:56.662+0700] {logging_mixin.py:137} INFO - [2023-04-15T10:55:56.662+0700] {dagbag.py:532} INFO - Filling up the DagBag from /home/ahyar/Documents/tut_folder/tut_python/python_script/tut_airflow/env_airflow/lib/python3.9/site-packages/airflow/example_dags/example_sensors.py
[2023-04-15T10:55:56.675+0700] {processor.py:753} INFO - DAG(s) dict_keys(['example_sensors']) retrieved from /home/ahyar/Documents/tut_folder/tut_python/python_script/tut_airflow/env_airflow/lib/python3.9/site-packages/airflow/example_dags/example_sensors.py
[2023-04-15T10:55:56.688+0700] {logging_mixin.py:137} INFO - [2023-04-15T10:55:56.688+0700] {dag.py:2705} INFO - Sync 1 DAGs
[2023-04-15T10:55:56.700+0700] {logging_mixin.py:137} INFO - [2023-04-15T10:55:56.700+0700] {dag.py:3452} INFO - Setting next_dagrun for example_sensors to None, run_after=None
[2023-04-15T10:55:56.715+0700] {processor.py:175} INFO - Processing /home/ahyar/Documents/tut_folder/tut_python/python_script/tut_airflow/env_airflow/lib/python3.9/site-packages/airflow/example_dags/example_sensors.py took 0.055 seconds
[2023-04-15T10:56:39.713+0700] {processor.py:153} INFO - Started process (PID=18511) to work on /home/ahyar/Documents/tut_folder/tut_python/python_script/tut_airflow/env_airflow/lib/python3.9/site-packages/airflow/example_dags/example_sensors.py
[2023-04-15T10:56:39.714+0700] {processor.py:743} INFO - Processing file /home/ahyar/Documents/tut_folder/tut_python/python_script/tut_airflow/env_airflow/lib/python3.9/site-packages/airflow/example_dags/example_sensors.py for tasks to queue
[2023-04-15T10:56:39.715+0700] {logging_mixin.py:137} INFO - [2023-04-15T10:56:39.715+0700] {dagbag.py:532} INFO - Filling up the DagBag from /home/ahyar/Documents/tut_folder/tut_python/python_script/tut_airflow/env_airflow/lib/python3.9/site-packages/airflow/example_dags/example_sensors.py
[2023-04-15T10:56:39.760+0700] {processor.py:753} INFO - DAG(s) dict_keys(['example_sensors']) retrieved from /home/ahyar/Documents/tut_folder/tut_python/python_script/tut_airflow/env_airflow/lib/python3.9/site-packages/airflow/example_dags/example_sensors.py
[2023-04-15T10:56:39.784+0700] {logging_mixin.py:137} INFO - [2023-04-15T10:56:39.784+0700] {dag.py:2705} INFO - Sync 1 DAGs
[2023-04-15T10:56:39.801+0700] {logging_mixin.py:137} INFO - [2023-04-15T10:56:39.801+0700] {dag.py:3452} INFO - Setting next_dagrun for example_sensors to None, run_after=None
[2023-04-15T10:56:39.819+0700] {processor.py:175} INFO - Processing /home/ahyar/Documents/tut_folder/tut_python/python_script/tut_airflow/env_airflow/lib/python3.9/site-packages/airflow/example_dags/example_sensors.py took 0.114 seconds
[2023-04-15T10:57:21.799+0700] {processor.py:153} INFO - Started process (PID=18575) to work on /home/ahyar/Documents/tut_folder/tut_python/python_script/tut_airflow/env_airflow/lib/python3.9/site-packages/airflow/example_dags/example_sensors.py
[2023-04-15T10:57:21.800+0700] {processor.py:743} INFO - Processing file /home/ahyar/Documents/tut_folder/tut_python/python_script/tut_airflow/env_airflow/lib/python3.9/site-packages/airflow/example_dags/example_sensors.py for tasks to queue
[2023-04-15T10:57:21.801+0700] {logging_mixin.py:137} INFO - [2023-04-15T10:57:21.801+0700] {dagbag.py:532} INFO - Filling up the DagBag from /home/ahyar/Documents/tut_folder/tut_python/python_script/tut_airflow/env_airflow/lib/python3.9/site-packages/airflow/example_dags/example_sensors.py
[2023-04-15T10:57:21.813+0700] {processor.py:753} INFO - DAG(s) dict_keys(['example_sensors']) retrieved from /home/ahyar/Documents/tut_folder/tut_python/python_script/tut_airflow/env_airflow/lib/python3.9/site-packages/airflow/example_dags/example_sensors.py
[2023-04-15T10:57:21.831+0700] {logging_mixin.py:137} INFO - [2023-04-15T10:57:21.830+0700] {dag.py:2705} INFO - Sync 1 DAGs
[2023-04-15T10:57:21.845+0700] {logging_mixin.py:137} INFO - [2023-04-15T10:57:21.845+0700] {dag.py:3452} INFO - Setting next_dagrun for example_sensors to None, run_after=None
[2023-04-15T10:57:21.864+0700] {processor.py:175} INFO - Processing /home/ahyar/Documents/tut_folder/tut_python/python_script/tut_airflow/env_airflow/lib/python3.9/site-packages/airflow/example_dags/example_sensors.py took 0.068 seconds
[2023-04-15T10:58:08.620+0700] {processor.py:153} INFO - Started process (PID=18646) to work on /home/ahyar/Documents/tut_folder/tut_python/python_script/tut_airflow/env_airflow/lib/python3.9/site-packages/airflow/example_dags/example_sensors.py
[2023-04-15T10:58:08.621+0700] {processor.py:743} INFO - Processing file /home/ahyar/Documents/tut_folder/tut_python/python_script/tut_airflow/env_airflow/lib/python3.9/site-packages/airflow/example_dags/example_sensors.py for tasks to queue
[2023-04-15T10:58:08.622+0700] {logging_mixin.py:137} INFO - [2023-04-15T10:58:08.622+0700] {dagbag.py:532} INFO - Filling up the DagBag from /home/ahyar/Documents/tut_folder/tut_python/python_script/tut_airflow/env_airflow/lib/python3.9/site-packages/airflow/example_dags/example_sensors.py
[2023-04-15T10:58:08.643+0700] {processor.py:753} INFO - DAG(s) dict_keys(['example_sensors']) retrieved from /home/ahyar/Documents/tut_folder/tut_python/python_script/tut_airflow/env_airflow/lib/python3.9/site-packages/airflow/example_dags/example_sensors.py
[2023-04-15T10:58:08.660+0700] {logging_mixin.py:137} INFO - [2023-04-15T10:58:08.660+0700] {dag.py:2705} INFO - Sync 1 DAGs
[2023-04-15T10:58:08.673+0700] {logging_mixin.py:137} INFO - [2023-04-15T10:58:08.673+0700] {dag.py:3452} INFO - Setting next_dagrun for example_sensors to None, run_after=None
[2023-04-15T10:58:08.689+0700] {processor.py:175} INFO - Processing /home/ahyar/Documents/tut_folder/tut_python/python_script/tut_airflow/env_airflow/lib/python3.9/site-packages/airflow/example_dags/example_sensors.py took 0.074 seconds
[2023-04-15T10:58:56.120+0700] {processor.py:153} INFO - Started process (PID=18831) to work on /home/ahyar/Documents/tut_folder/tut_python/python_script/tut_airflow/env_airflow/lib/python3.9/site-packages/airflow/example_dags/example_sensors.py
[2023-04-15T10:58:56.121+0700] {processor.py:743} INFO - Processing file /home/ahyar/Documents/tut_folder/tut_python/python_script/tut_airflow/env_airflow/lib/python3.9/site-packages/airflow/example_dags/example_sensors.py for tasks to queue
[2023-04-15T10:58:56.122+0700] {logging_mixin.py:137} INFO - [2023-04-15T10:58:56.121+0700] {dagbag.py:532} INFO - Filling up the DagBag from /home/ahyar/Documents/tut_folder/tut_python/python_script/tut_airflow/env_airflow/lib/python3.9/site-packages/airflow/example_dags/example_sensors.py
[2023-04-15T10:58:56.137+0700] {processor.py:753} INFO - DAG(s) dict_keys(['example_sensors']) retrieved from /home/ahyar/Documents/tut_folder/tut_python/python_script/tut_airflow/env_airflow/lib/python3.9/site-packages/airflow/example_dags/example_sensors.py
[2023-04-15T10:58:56.154+0700] {logging_mixin.py:137} INFO - [2023-04-15T10:58:56.154+0700] {dag.py:2705} INFO - Sync 1 DAGs
[2023-04-15T10:58:56.168+0700] {logging_mixin.py:137} INFO - [2023-04-15T10:58:56.168+0700] {dag.py:3452} INFO - Setting next_dagrun for example_sensors to None, run_after=None
[2023-04-15T10:58:56.186+0700] {processor.py:175} INFO - Processing /home/ahyar/Documents/tut_folder/tut_python/python_script/tut_airflow/env_airflow/lib/python3.9/site-packages/airflow/example_dags/example_sensors.py took 0.068 seconds
[2023-04-15T11:02:06.191+0700] {processor.py:153} INFO - Started process (PID=20878) to work on /home/ahyar/Documents/tut_folder/tut_python/python_script/tut_airflow/env_airflow/lib/python3.9/site-packages/airflow/example_dags/example_sensors.py
[2023-04-15T11:02:06.191+0700] {processor.py:743} INFO - Processing file /home/ahyar/Documents/tut_folder/tut_python/python_script/tut_airflow/env_airflow/lib/python3.9/site-packages/airflow/example_dags/example_sensors.py for tasks to queue
[2023-04-15T11:02:06.192+0700] {logging_mixin.py:137} INFO - [2023-04-15T11:02:06.191+0700] {dagbag.py:532} INFO - Filling up the DagBag from /home/ahyar/Documents/tut_folder/tut_python/python_script/tut_airflow/env_airflow/lib/python3.9/site-packages/airflow/example_dags/example_sensors.py
[2023-04-15T11:02:06.204+0700] {processor.py:753} INFO - DAG(s) dict_keys(['example_sensors']) retrieved from /home/ahyar/Documents/tut_folder/tut_python/python_script/tut_airflow/env_airflow/lib/python3.9/site-packages/airflow/example_dags/example_sensors.py
[2023-04-15T11:02:06.217+0700] {logging_mixin.py:137} INFO - [2023-04-15T11:02:06.217+0700] {dag.py:2705} INFO - Sync 1 DAGs
[2023-04-15T11:02:06.228+0700] {logging_mixin.py:137} INFO - [2023-04-15T11:02:06.228+0700] {dag.py:3452} INFO - Setting next_dagrun for example_sensors to None, run_after=None
[2023-04-15T11:02:06.243+0700] {processor.py:175} INFO - Processing /home/ahyar/Documents/tut_folder/tut_python/python_script/tut_airflow/env_airflow/lib/python3.9/site-packages/airflow/example_dags/example_sensors.py took 0.054 seconds
[2023-04-15T11:05:14.318+0700] {processor.py:153} INFO - Started process (PID=23096) to work on /home/ahyar/Documents/tut_folder/tut_python/python_script/tut_airflow/env_airflow/lib/python3.9/site-packages/airflow/example_dags/example_sensors.py
[2023-04-15T11:05:14.318+0700] {processor.py:743} INFO - Processing file /home/ahyar/Documents/tut_folder/tut_python/python_script/tut_airflow/env_airflow/lib/python3.9/site-packages/airflow/example_dags/example_sensors.py for tasks to queue
[2023-04-15T11:05:14.319+0700] {logging_mixin.py:137} INFO - [2023-04-15T11:05:14.319+0700] {dagbag.py:532} INFO - Filling up the DagBag from /home/ahyar/Documents/tut_folder/tut_python/python_script/tut_airflow/env_airflow/lib/python3.9/site-packages/airflow/example_dags/example_sensors.py
[2023-04-15T11:05:14.336+0700] {processor.py:753} INFO - DAG(s) dict_keys(['example_sensors']) retrieved from /home/ahyar/Documents/tut_folder/tut_python/python_script/tut_airflow/env_airflow/lib/python3.9/site-packages/airflow/example_dags/example_sensors.py
[2023-04-15T11:05:14.355+0700] {logging_mixin.py:137} INFO - [2023-04-15T11:05:14.355+0700] {dag.py:2705} INFO - Sync 1 DAGs
[2023-04-15T11:05:14.374+0700] {logging_mixin.py:137} INFO - [2023-04-15T11:05:14.374+0700] {dag.py:3452} INFO - Setting next_dagrun for example_sensors to None, run_after=None
[2023-04-15T11:05:14.505+0700] {processor.py:175} INFO - Processing /home/ahyar/Documents/tut_folder/tut_python/python_script/tut_airflow/env_airflow/lib/python3.9/site-packages/airflow/example_dags/example_sensors.py took 0.190 seconds
