[2023-04-15T10:46:56.022+0700] {processor.py:153} INFO - Started process (PID=16436) to work on /home/ahyar/Documents/tut_folder/tut_python/python_script/tut_airflow/env_airflow/lib/python3.9/site-packages/airflow/example_dags/example_latest_only_with_trigger.py
[2023-04-15T10:46:56.024+0700] {processor.py:743} INFO - Processing file /home/ahyar/Documents/tut_folder/tut_python/python_script/tut_airflow/env_airflow/lib/python3.9/site-packages/airflow/example_dags/example_latest_only_with_trigger.py for tasks to queue
[2023-04-15T10:46:56.026+0700] {logging_mixin.py:137} INFO - [2023-04-15T10:46:56.025+0700] {dagbag.py:532} INFO - Filling up the DagBag from /home/ahyar/Documents/tut_folder/tut_python/python_script/tut_airflow/env_airflow/lib/python3.9/site-packages/airflow/example_dags/example_latest_only_with_trigger.py
[2023-04-15T10:46:56.045+0700] {processor.py:753} INFO - DAG(s) dict_keys(['latest_only_with_trigger']) retrieved from /home/ahyar/Documents/tut_folder/tut_python/python_script/tut_airflow/env_airflow/lib/python3.9/site-packages/airflow/example_dags/example_latest_only_with_trigger.py
[2023-04-15T10:46:56.158+0700] {logging_mixin.py:137} INFO - [2023-04-15T10:46:56.157+0700] {manager.py:504} INFO - Created Permission View: can read on DAG:latest_only_with_trigger
[2023-04-15T10:46:56.175+0700] {logging_mixin.py:137} INFO - [2023-04-15T10:46:56.175+0700] {manager.py:504} INFO - Created Permission View: can edit on DAG:latest_only_with_trigger
[2023-04-15T10:46:56.185+0700] {logging_mixin.py:137} INFO - [2023-04-15T10:46:56.185+0700] {manager.py:504} INFO - Created Permission View: can delete on DAG:latest_only_with_trigger
[2023-04-15T10:46:56.185+0700] {logging_mixin.py:137} INFO - [2023-04-15T10:46:56.185+0700] {dag.py:2705} INFO - Sync 1 DAGs
[2023-04-15T10:46:56.195+0700] {logging_mixin.py:137} INFO - [2023-04-15T10:46:56.195+0700] {dag.py:2726} INFO - Creating ORM DAG for latest_only_with_trigger
[2023-04-15T10:46:56.203+0700] {logging_mixin.py:137} INFO - [2023-04-15T10:46:56.203+0700] {dag.py:3452} INFO - Setting next_dagrun for latest_only_with_trigger to 2023-04-14T23:46:56.202417+00:00, run_after=2023-04-15T03:46:56.202417+00:00
[2023-04-15T10:46:56.227+0700] {processor.py:175} INFO - Processing /home/ahyar/Documents/tut_folder/tut_python/python_script/tut_airflow/env_airflow/lib/python3.9/site-packages/airflow/example_dags/example_latest_only_with_trigger.py took 0.208 seconds
[2023-04-15T10:47:37.898+0700] {processor.py:153} INFO - Started process (PID=16616) to work on /home/ahyar/Documents/tut_folder/tut_python/python_script/tut_airflow/env_airflow/lib/python3.9/site-packages/airflow/example_dags/example_latest_only_with_trigger.py
[2023-04-15T10:47:37.900+0700] {processor.py:743} INFO - Processing file /home/ahyar/Documents/tut_folder/tut_python/python_script/tut_airflow/env_airflow/lib/python3.9/site-packages/airflow/example_dags/example_latest_only_with_trigger.py for tasks to queue
[2023-04-15T10:47:37.901+0700] {logging_mixin.py:137} INFO - [2023-04-15T10:47:37.900+0700] {dagbag.py:532} INFO - Filling up the DagBag from /home/ahyar/Documents/tut_folder/tut_python/python_script/tut_airflow/env_airflow/lib/python3.9/site-packages/airflow/example_dags/example_latest_only_with_trigger.py
[2023-04-15T10:47:37.912+0700] {processor.py:753} INFO - DAG(s) dict_keys(['latest_only_with_trigger']) retrieved from /home/ahyar/Documents/tut_folder/tut_python/python_script/tut_airflow/env_airflow/lib/python3.9/site-packages/airflow/example_dags/example_latest_only_with_trigger.py
[2023-04-15T10:47:37.921+0700] {logging_mixin.py:137} INFO - [2023-04-15T10:47:37.921+0700] {dag.py:2705} INFO - Sync 1 DAGs
[2023-04-15T10:47:37.931+0700] {logging_mixin.py:137} INFO - [2023-04-15T10:47:37.931+0700] {dag.py:3452} INFO - Setting next_dagrun for latest_only_with_trigger to 2023-04-14T23:47:37.931344+00:00, run_after=2023-04-15T03:47:37.931344+00:00
[2023-04-15T10:47:37.946+0700] {processor.py:175} INFO - Processing /home/ahyar/Documents/tut_folder/tut_python/python_script/tut_airflow/env_airflow/lib/python3.9/site-packages/airflow/example_dags/example_latest_only_with_trigger.py took 0.051 seconds
[2023-04-15T10:48:49.671+0700] {processor.py:153} INFO - Started process (PID=17169) to work on /home/ahyar/Documents/tut_folder/tut_python/python_script/tut_airflow/env_airflow/lib/python3.9/site-packages/airflow/example_dags/example_latest_only_with_trigger.py
[2023-04-15T10:48:49.672+0700] {processor.py:743} INFO - Processing file /home/ahyar/Documents/tut_folder/tut_python/python_script/tut_airflow/env_airflow/lib/python3.9/site-packages/airflow/example_dags/example_latest_only_with_trigger.py for tasks to queue
[2023-04-15T10:48:49.674+0700] {logging_mixin.py:137} INFO - [2023-04-15T10:48:49.674+0700] {dagbag.py:532} INFO - Filling up the DagBag from /home/ahyar/Documents/tut_folder/tut_python/python_script/tut_airflow/env_airflow/lib/python3.9/site-packages/airflow/example_dags/example_latest_only_with_trigger.py
[2023-04-15T10:48:49.686+0700] {processor.py:753} INFO - DAG(s) dict_keys(['latest_only_with_trigger']) retrieved from /home/ahyar/Documents/tut_folder/tut_python/python_script/tut_airflow/env_airflow/lib/python3.9/site-packages/airflow/example_dags/example_latest_only_with_trigger.py
[2023-04-15T10:48:49.695+0700] {logging_mixin.py:137} INFO - [2023-04-15T10:48:49.695+0700] {dag.py:2705} INFO - Sync 1 DAGs
[2023-04-15T10:48:49.705+0700] {logging_mixin.py:137} INFO - [2023-04-15T10:48:49.705+0700] {dag.py:3452} INFO - Setting next_dagrun for latest_only_with_trigger to 2023-04-14T23:48:49.705611+00:00, run_after=2023-04-15T03:48:49.705611+00:00
[2023-04-15T10:48:49.720+0700] {processor.py:175} INFO - Processing /home/ahyar/Documents/tut_folder/tut_python/python_script/tut_airflow/env_airflow/lib/python3.9/site-packages/airflow/example_dags/example_latest_only_with_trigger.py took 0.052 seconds
[2023-04-15T10:49:38.028+0700] {processor.py:153} INFO - Started process (PID=17470) to work on /home/ahyar/Documents/tut_folder/tut_python/python_script/tut_airflow/env_airflow/lib/python3.9/site-packages/airflow/example_dags/example_latest_only_with_trigger.py
[2023-04-15T10:49:38.030+0700] {processor.py:743} INFO - Processing file /home/ahyar/Documents/tut_folder/tut_python/python_script/tut_airflow/env_airflow/lib/python3.9/site-packages/airflow/example_dags/example_latest_only_with_trigger.py for tasks to queue
[2023-04-15T10:49:38.031+0700] {logging_mixin.py:137} INFO - [2023-04-15T10:49:38.031+0700] {dagbag.py:532} INFO - Filling up the DagBag from /home/ahyar/Documents/tut_folder/tut_python/python_script/tut_airflow/env_airflow/lib/python3.9/site-packages/airflow/example_dags/example_latest_only_with_trigger.py
[2023-04-15T10:49:38.067+0700] {processor.py:753} INFO - DAG(s) dict_keys(['latest_only_with_trigger']) retrieved from /home/ahyar/Documents/tut_folder/tut_python/python_script/tut_airflow/env_airflow/lib/python3.9/site-packages/airflow/example_dags/example_latest_only_with_trigger.py
[2023-04-15T10:49:38.113+0700] {logging_mixin.py:137} INFO - [2023-04-15T10:49:38.113+0700] {dag.py:2705} INFO - Sync 1 DAGs
[2023-04-15T10:49:38.158+0700] {logging_mixin.py:137} INFO - [2023-04-15T10:49:38.157+0700] {dag.py:3452} INFO - Setting next_dagrun for latest_only_with_trigger to 2023-04-14T23:49:38.156474+00:00, run_after=2023-04-15T03:49:38.156474+00:00
[2023-04-15T10:49:38.249+0700] {processor.py:175} INFO - Processing /home/ahyar/Documents/tut_folder/tut_python/python_script/tut_airflow/env_airflow/lib/python3.9/site-packages/airflow/example_dags/example_latest_only_with_trigger.py took 0.229 seconds
[2023-04-15T10:50:22.194+0700] {processor.py:153} INFO - Started process (PID=17724) to work on /home/ahyar/Documents/tut_folder/tut_python/python_script/tut_airflow/env_airflow/lib/python3.9/site-packages/airflow/example_dags/example_latest_only_with_trigger.py
[2023-04-15T10:50:22.196+0700] {processor.py:743} INFO - Processing file /home/ahyar/Documents/tut_folder/tut_python/python_script/tut_airflow/env_airflow/lib/python3.9/site-packages/airflow/example_dags/example_latest_only_with_trigger.py for tasks to queue
[2023-04-15T10:50:22.197+0700] {logging_mixin.py:137} INFO - [2023-04-15T10:50:22.196+0700] {dagbag.py:532} INFO - Filling up the DagBag from /home/ahyar/Documents/tut_folder/tut_python/python_script/tut_airflow/env_airflow/lib/python3.9/site-packages/airflow/example_dags/example_latest_only_with_trigger.py
[2023-04-15T10:50:22.217+0700] {processor.py:753} INFO - DAG(s) dict_keys(['latest_only_with_trigger']) retrieved from /home/ahyar/Documents/tut_folder/tut_python/python_script/tut_airflow/env_airflow/lib/python3.9/site-packages/airflow/example_dags/example_latest_only_with_trigger.py
[2023-04-15T10:50:22.227+0700] {logging_mixin.py:137} INFO - [2023-04-15T10:50:22.227+0700] {dag.py:2705} INFO - Sync 1 DAGs
[2023-04-15T10:50:22.238+0700] {logging_mixin.py:137} INFO - [2023-04-15T10:50:22.238+0700] {dag.py:3452} INFO - Setting next_dagrun for latest_only_with_trigger to 2023-04-14T23:50:22.238708+00:00, run_after=2023-04-15T03:50:22.238708+00:00
[2023-04-15T10:50:22.252+0700] {processor.py:175} INFO - Processing /home/ahyar/Documents/tut_folder/tut_python/python_script/tut_airflow/env_airflow/lib/python3.9/site-packages/airflow/example_dags/example_latest_only_with_trigger.py took 0.062 seconds
[2023-04-15T10:51:04.228+0700] {processor.py:153} INFO - Started process (PID=17778) to work on /home/ahyar/Documents/tut_folder/tut_python/python_script/tut_airflow/env_airflow/lib/python3.9/site-packages/airflow/example_dags/example_latest_only_with_trigger.py
[2023-04-15T10:51:04.229+0700] {processor.py:743} INFO - Processing file /home/ahyar/Documents/tut_folder/tut_python/python_script/tut_airflow/env_airflow/lib/python3.9/site-packages/airflow/example_dags/example_latest_only_with_trigger.py for tasks to queue
[2023-04-15T10:51:04.230+0700] {logging_mixin.py:137} INFO - [2023-04-15T10:51:04.230+0700] {dagbag.py:532} INFO - Filling up the DagBag from /home/ahyar/Documents/tut_folder/tut_python/python_script/tut_airflow/env_airflow/lib/python3.9/site-packages/airflow/example_dags/example_latest_only_with_trigger.py
[2023-04-15T10:51:04.240+0700] {processor.py:753} INFO - DAG(s) dict_keys(['latest_only_with_trigger']) retrieved from /home/ahyar/Documents/tut_folder/tut_python/python_script/tut_airflow/env_airflow/lib/python3.9/site-packages/airflow/example_dags/example_latest_only_with_trigger.py
[2023-04-15T10:51:04.251+0700] {logging_mixin.py:137} INFO - [2023-04-15T10:51:04.251+0700] {dag.py:2705} INFO - Sync 1 DAGs
[2023-04-15T10:51:04.262+0700] {logging_mixin.py:137} INFO - [2023-04-15T10:51:04.261+0700] {dag.py:3452} INFO - Setting next_dagrun for latest_only_with_trigger to 2023-04-14T23:51:04.261829+00:00, run_after=2023-04-15T03:51:04.261829+00:00
[2023-04-15T10:51:04.277+0700] {processor.py:175} INFO - Processing /home/ahyar/Documents/tut_folder/tut_python/python_script/tut_airflow/env_airflow/lib/python3.9/site-packages/airflow/example_dags/example_latest_only_with_trigger.py took 0.052 seconds
[2023-04-15T10:51:47.703+0700] {processor.py:153} INFO - Started process (PID=17866) to work on /home/ahyar/Documents/tut_folder/tut_python/python_script/tut_airflow/env_airflow/lib/python3.9/site-packages/airflow/example_dags/example_latest_only_with_trigger.py
[2023-04-15T10:51:47.706+0700] {processor.py:743} INFO - Processing file /home/ahyar/Documents/tut_folder/tut_python/python_script/tut_airflow/env_airflow/lib/python3.9/site-packages/airflow/example_dags/example_latest_only_with_trigger.py for tasks to queue
[2023-04-15T10:51:47.706+0700] {logging_mixin.py:137} INFO - [2023-04-15T10:51:47.706+0700] {dagbag.py:532} INFO - Filling up the DagBag from /home/ahyar/Documents/tut_folder/tut_python/python_script/tut_airflow/env_airflow/lib/python3.9/site-packages/airflow/example_dags/example_latest_only_with_trigger.py
[2023-04-15T10:51:47.723+0700] {processor.py:753} INFO - DAG(s) dict_keys(['latest_only_with_trigger']) retrieved from /home/ahyar/Documents/tut_folder/tut_python/python_script/tut_airflow/env_airflow/lib/python3.9/site-packages/airflow/example_dags/example_latest_only_with_trigger.py
[2023-04-15T10:51:47.746+0700] {logging_mixin.py:137} INFO - [2023-04-15T10:51:47.745+0700] {dag.py:2705} INFO - Sync 1 DAGs
[2023-04-15T10:51:47.771+0700] {logging_mixin.py:137} INFO - [2023-04-15T10:51:47.770+0700] {dag.py:3452} INFO - Setting next_dagrun for latest_only_with_trigger to 2023-04-14T23:51:47.770434+00:00, run_after=2023-04-15T03:51:47.770434+00:00
[2023-04-15T10:51:47.802+0700] {processor.py:175} INFO - Processing /home/ahyar/Documents/tut_folder/tut_python/python_script/tut_airflow/env_airflow/lib/python3.9/site-packages/airflow/example_dags/example_latest_only_with_trigger.py took 0.105 seconds
[2023-04-15T10:52:33.642+0700] {processor.py:153} INFO - Started process (PID=18014) to work on /home/ahyar/Documents/tut_folder/tut_python/python_script/tut_airflow/env_airflow/lib/python3.9/site-packages/airflow/example_dags/example_latest_only_with_trigger.py
[2023-04-15T10:52:33.643+0700] {processor.py:743} INFO - Processing file /home/ahyar/Documents/tut_folder/tut_python/python_script/tut_airflow/env_airflow/lib/python3.9/site-packages/airflow/example_dags/example_latest_only_with_trigger.py for tasks to queue
[2023-04-15T10:52:33.644+0700] {logging_mixin.py:137} INFO - [2023-04-15T10:52:33.643+0700] {dagbag.py:532} INFO - Filling up the DagBag from /home/ahyar/Documents/tut_folder/tut_python/python_script/tut_airflow/env_airflow/lib/python3.9/site-packages/airflow/example_dags/example_latest_only_with_trigger.py
[2023-04-15T10:52:33.677+0700] {processor.py:753} INFO - DAG(s) dict_keys(['latest_only_with_trigger']) retrieved from /home/ahyar/Documents/tut_folder/tut_python/python_script/tut_airflow/env_airflow/lib/python3.9/site-packages/airflow/example_dags/example_latest_only_with_trigger.py
[2023-04-15T10:52:33.709+0700] {logging_mixin.py:137} INFO - [2023-04-15T10:52:33.709+0700] {dag.py:2705} INFO - Sync 1 DAGs
[2023-04-15T10:52:33.741+0700] {logging_mixin.py:137} INFO - [2023-04-15T10:52:33.740+0700] {dag.py:3452} INFO - Setting next_dagrun for latest_only_with_trigger to 2023-04-14T23:52:33.740453+00:00, run_after=2023-04-15T03:52:33.740453+00:00
[2023-04-15T10:52:33.790+0700] {processor.py:175} INFO - Processing /home/ahyar/Documents/tut_folder/tut_python/python_script/tut_airflow/env_airflow/lib/python3.9/site-packages/airflow/example_dags/example_latest_only_with_trigger.py took 0.152 seconds
[2023-04-15T10:53:21.649+0700] {processor.py:153} INFO - Started process (PID=18143) to work on /home/ahyar/Documents/tut_folder/tut_python/python_script/tut_airflow/env_airflow/lib/python3.9/site-packages/airflow/example_dags/example_latest_only_with_trigger.py
[2023-04-15T10:53:21.650+0700] {processor.py:743} INFO - Processing file /home/ahyar/Documents/tut_folder/tut_python/python_script/tut_airflow/env_airflow/lib/python3.9/site-packages/airflow/example_dags/example_latest_only_with_trigger.py for tasks to queue
[2023-04-15T10:53:21.650+0700] {logging_mixin.py:137} INFO - [2023-04-15T10:53:21.650+0700] {dagbag.py:532} INFO - Filling up the DagBag from /home/ahyar/Documents/tut_folder/tut_python/python_script/tut_airflow/env_airflow/lib/python3.9/site-packages/airflow/example_dags/example_latest_only_with_trigger.py
[2023-04-15T10:53:21.658+0700] {processor.py:753} INFO - DAG(s) dict_keys(['latest_only_with_trigger']) retrieved from /home/ahyar/Documents/tut_folder/tut_python/python_script/tut_airflow/env_airflow/lib/python3.9/site-packages/airflow/example_dags/example_latest_only_with_trigger.py
[2023-04-15T10:53:21.672+0700] {logging_mixin.py:137} INFO - [2023-04-15T10:53:21.672+0700] {dag.py:2705} INFO - Sync 1 DAGs
[2023-04-15T10:53:21.683+0700] {logging_mixin.py:137} INFO - [2023-04-15T10:53:21.683+0700] {dag.py:3452} INFO - Setting next_dagrun for latest_only_with_trigger to 2023-04-14T23:53:21.683132+00:00, run_after=2023-04-15T03:53:21.683132+00:00
[2023-04-15T10:53:21.707+0700] {processor.py:175} INFO - Processing /home/ahyar/Documents/tut_folder/tut_python/python_script/tut_airflow/env_airflow/lib/python3.9/site-packages/airflow/example_dags/example_latest_only_with_trigger.py took 0.060 seconds
[2023-04-15T10:54:06.679+0700] {processor.py:153} INFO - Started process (PID=18217) to work on /home/ahyar/Documents/tut_folder/tut_python/python_script/tut_airflow/env_airflow/lib/python3.9/site-packages/airflow/example_dags/example_latest_only_with_trigger.py
[2023-04-15T10:54:06.680+0700] {processor.py:743} INFO - Processing file /home/ahyar/Documents/tut_folder/tut_python/python_script/tut_airflow/env_airflow/lib/python3.9/site-packages/airflow/example_dags/example_latest_only_with_trigger.py for tasks to queue
[2023-04-15T10:54:06.680+0700] {logging_mixin.py:137} INFO - [2023-04-15T10:54:06.680+0700] {dagbag.py:532} INFO - Filling up the DagBag from /home/ahyar/Documents/tut_folder/tut_python/python_script/tut_airflow/env_airflow/lib/python3.9/site-packages/airflow/example_dags/example_latest_only_with_trigger.py
[2023-04-15T10:54:06.689+0700] {processor.py:753} INFO - DAG(s) dict_keys(['latest_only_with_trigger']) retrieved from /home/ahyar/Documents/tut_folder/tut_python/python_script/tut_airflow/env_airflow/lib/python3.9/site-packages/airflow/example_dags/example_latest_only_with_trigger.py
[2023-04-15T10:54:06.701+0700] {logging_mixin.py:137} INFO - [2023-04-15T10:54:06.701+0700] {dag.py:2705} INFO - Sync 1 DAGs
[2023-04-15T10:54:06.713+0700] {logging_mixin.py:137} INFO - [2023-04-15T10:54:06.713+0700] {dag.py:3452} INFO - Setting next_dagrun for latest_only_with_trigger to 2023-04-14T23:54:06.713535+00:00, run_after=2023-04-15T03:54:06.713535+00:00
[2023-04-15T10:54:06.729+0700] {processor.py:175} INFO - Processing /home/ahyar/Documents/tut_folder/tut_python/python_script/tut_airflow/env_airflow/lib/python3.9/site-packages/airflow/example_dags/example_latest_only_with_trigger.py took 0.053 seconds
[2023-04-15T10:54:50.190+0700] {processor.py:153} INFO - Started process (PID=18302) to work on /home/ahyar/Documents/tut_folder/tut_python/python_script/tut_airflow/env_airflow/lib/python3.9/site-packages/airflow/example_dags/example_latest_only_with_trigger.py
[2023-04-15T10:54:50.191+0700] {processor.py:743} INFO - Processing file /home/ahyar/Documents/tut_folder/tut_python/python_script/tut_airflow/env_airflow/lib/python3.9/site-packages/airflow/example_dags/example_latest_only_with_trigger.py for tasks to queue
[2023-04-15T10:54:50.192+0700] {logging_mixin.py:137} INFO - [2023-04-15T10:54:50.192+0700] {dagbag.py:532} INFO - Filling up the DagBag from /home/ahyar/Documents/tut_folder/tut_python/python_script/tut_airflow/env_airflow/lib/python3.9/site-packages/airflow/example_dags/example_latest_only_with_trigger.py
[2023-04-15T10:54:50.217+0700] {processor.py:753} INFO - DAG(s) dict_keys(['latest_only_with_trigger']) retrieved from /home/ahyar/Documents/tut_folder/tut_python/python_script/tut_airflow/env_airflow/lib/python3.9/site-packages/airflow/example_dags/example_latest_only_with_trigger.py
[2023-04-15T10:54:50.252+0700] {logging_mixin.py:137} INFO - [2023-04-15T10:54:50.252+0700] {dag.py:2705} INFO - Sync 1 DAGs
[2023-04-15T10:54:50.285+0700] {logging_mixin.py:137} INFO - [2023-04-15T10:54:50.285+0700] {dag.py:3452} INFO - Setting next_dagrun for latest_only_with_trigger to 2023-04-14T23:54:50.284643+00:00, run_after=2023-04-15T03:54:50.284643+00:00
[2023-04-15T10:54:50.334+0700] {processor.py:175} INFO - Processing /home/ahyar/Documents/tut_folder/tut_python/python_script/tut_airflow/env_airflow/lib/python3.9/site-packages/airflow/example_dags/example_latest_only_with_trigger.py took 0.148 seconds
[2023-04-15T10:55:35.615+0700] {processor.py:153} INFO - Started process (PID=18357) to work on /home/ahyar/Documents/tut_folder/tut_python/python_script/tut_airflow/env_airflow/lib/python3.9/site-packages/airflow/example_dags/example_latest_only_with_trigger.py
[2023-04-15T10:55:35.617+0700] {processor.py:743} INFO - Processing file /home/ahyar/Documents/tut_folder/tut_python/python_script/tut_airflow/env_airflow/lib/python3.9/site-packages/airflow/example_dags/example_latest_only_with_trigger.py for tasks to queue
[2023-04-15T10:55:35.618+0700] {logging_mixin.py:137} INFO - [2023-04-15T10:55:35.618+0700] {dagbag.py:532} INFO - Filling up the DagBag from /home/ahyar/Documents/tut_folder/tut_python/python_script/tut_airflow/env_airflow/lib/python3.9/site-packages/airflow/example_dags/example_latest_only_with_trigger.py
[2023-04-15T10:55:35.637+0700] {processor.py:753} INFO - DAG(s) dict_keys(['latest_only_with_trigger']) retrieved from /home/ahyar/Documents/tut_folder/tut_python/python_script/tut_airflow/env_airflow/lib/python3.9/site-packages/airflow/example_dags/example_latest_only_with_trigger.py
[2023-04-15T10:55:35.659+0700] {logging_mixin.py:137} INFO - [2023-04-15T10:55:35.659+0700] {dag.py:2705} INFO - Sync 1 DAGs
[2023-04-15T10:55:35.686+0700] {logging_mixin.py:137} INFO - [2023-04-15T10:55:35.686+0700] {dag.py:3452} INFO - Setting next_dagrun for latest_only_with_trigger to 2023-04-14T23:55:35.686429+00:00, run_after=2023-04-15T03:55:35.686429+00:00
[2023-04-15T10:55:35.721+0700] {processor.py:175} INFO - Processing /home/ahyar/Documents/tut_folder/tut_python/python_script/tut_airflow/env_airflow/lib/python3.9/site-packages/airflow/example_dags/example_latest_only_with_trigger.py took 0.110 seconds
[2023-04-15T10:56:20.511+0700] {processor.py:153} INFO - Started process (PID=18466) to work on /home/ahyar/Documents/tut_folder/tut_python/python_script/tut_airflow/env_airflow/lib/python3.9/site-packages/airflow/example_dags/example_latest_only_with_trigger.py
[2023-04-15T10:56:20.512+0700] {processor.py:743} INFO - Processing file /home/ahyar/Documents/tut_folder/tut_python/python_script/tut_airflow/env_airflow/lib/python3.9/site-packages/airflow/example_dags/example_latest_only_with_trigger.py for tasks to queue
[2023-04-15T10:56:20.512+0700] {logging_mixin.py:137} INFO - [2023-04-15T10:56:20.512+0700] {dagbag.py:532} INFO - Filling up the DagBag from /home/ahyar/Documents/tut_folder/tut_python/python_script/tut_airflow/env_airflow/lib/python3.9/site-packages/airflow/example_dags/example_latest_only_with_trigger.py
[2023-04-15T10:56:20.521+0700] {processor.py:753} INFO - DAG(s) dict_keys(['latest_only_with_trigger']) retrieved from /home/ahyar/Documents/tut_folder/tut_python/python_script/tut_airflow/env_airflow/lib/python3.9/site-packages/airflow/example_dags/example_latest_only_with_trigger.py
[2023-04-15T10:56:20.533+0700] {logging_mixin.py:137} INFO - [2023-04-15T10:56:20.532+0700] {dag.py:2705} INFO - Sync 1 DAGs
[2023-04-15T10:56:20.545+0700] {logging_mixin.py:137} INFO - [2023-04-15T10:56:20.544+0700] {dag.py:3452} INFO - Setting next_dagrun for latest_only_with_trigger to 2023-04-14T23:56:20.544755+00:00, run_after=2023-04-15T03:56:20.544755+00:00
[2023-04-15T10:56:20.560+0700] {processor.py:175} INFO - Processing /home/ahyar/Documents/tut_folder/tut_python/python_script/tut_airflow/env_airflow/lib/python3.9/site-packages/airflow/example_dags/example_latest_only_with_trigger.py took 0.051 seconds
[2023-04-15T10:57:00.635+0700] {processor.py:153} INFO - Started process (PID=18539) to work on /home/ahyar/Documents/tut_folder/tut_python/python_script/tut_airflow/env_airflow/lib/python3.9/site-packages/airflow/example_dags/example_latest_only_with_trigger.py
[2023-04-15T10:57:00.636+0700] {processor.py:743} INFO - Processing file /home/ahyar/Documents/tut_folder/tut_python/python_script/tut_airflow/env_airflow/lib/python3.9/site-packages/airflow/example_dags/example_latest_only_with_trigger.py for tasks to queue
[2023-04-15T10:57:00.637+0700] {logging_mixin.py:137} INFO - [2023-04-15T10:57:00.637+0700] {dagbag.py:532} INFO - Filling up the DagBag from /home/ahyar/Documents/tut_folder/tut_python/python_script/tut_airflow/env_airflow/lib/python3.9/site-packages/airflow/example_dags/example_latest_only_with_trigger.py
[2023-04-15T10:57:00.649+0700] {processor.py:753} INFO - DAG(s) dict_keys(['latest_only_with_trigger']) retrieved from /home/ahyar/Documents/tut_folder/tut_python/python_script/tut_airflow/env_airflow/lib/python3.9/site-packages/airflow/example_dags/example_latest_only_with_trigger.py
[2023-04-15T10:57:00.665+0700] {logging_mixin.py:137} INFO - [2023-04-15T10:57:00.665+0700] {dag.py:2705} INFO - Sync 1 DAGs
[2023-04-15T10:57:00.682+0700] {logging_mixin.py:137} INFO - [2023-04-15T10:57:00.682+0700] {dag.py:3452} INFO - Setting next_dagrun for latest_only_with_trigger to 2023-04-14T23:57:00.682000+00:00, run_after=2023-04-15T03:57:00.682000+00:00
[2023-04-15T10:57:00.706+0700] {processor.py:175} INFO - Processing /home/ahyar/Documents/tut_folder/tut_python/python_script/tut_airflow/env_airflow/lib/python3.9/site-packages/airflow/example_dags/example_latest_only_with_trigger.py took 0.073 seconds
[2023-04-15T10:57:45.576+0700] {processor.py:153} INFO - Started process (PID=18617) to work on /home/ahyar/Documents/tut_folder/tut_python/python_script/tut_airflow/env_airflow/lib/python3.9/site-packages/airflow/example_dags/example_latest_only_with_trigger.py
[2023-04-15T10:57:45.577+0700] {processor.py:743} INFO - Processing file /home/ahyar/Documents/tut_folder/tut_python/python_script/tut_airflow/env_airflow/lib/python3.9/site-packages/airflow/example_dags/example_latest_only_with_trigger.py for tasks to queue
[2023-04-15T10:57:45.577+0700] {logging_mixin.py:137} INFO - [2023-04-15T10:57:45.577+0700] {dagbag.py:532} INFO - Filling up the DagBag from /home/ahyar/Documents/tut_folder/tut_python/python_script/tut_airflow/env_airflow/lib/python3.9/site-packages/airflow/example_dags/example_latest_only_with_trigger.py
[2023-04-15T10:57:45.590+0700] {processor.py:753} INFO - DAG(s) dict_keys(['latest_only_with_trigger']) retrieved from /home/ahyar/Documents/tut_folder/tut_python/python_script/tut_airflow/env_airflow/lib/python3.9/site-packages/airflow/example_dags/example_latest_only_with_trigger.py
[2023-04-15T10:57:45.603+0700] {logging_mixin.py:137} INFO - [2023-04-15T10:57:45.603+0700] {dag.py:2705} INFO - Sync 1 DAGs
[2023-04-15T10:57:45.616+0700] {logging_mixin.py:137} INFO - [2023-04-15T10:57:45.616+0700] {dag.py:3452} INFO - Setting next_dagrun for latest_only_with_trigger to 2023-04-14T23:57:45.615958+00:00, run_after=2023-04-15T03:57:45.615958+00:00
[2023-04-15T10:57:45.638+0700] {processor.py:175} INFO - Processing /home/ahyar/Documents/tut_folder/tut_python/python_script/tut_airflow/env_airflow/lib/python3.9/site-packages/airflow/example_dags/example_latest_only_with_trigger.py took 0.064 seconds
[2023-04-15T10:58:33.242+0700] {processor.py:153} INFO - Started process (PID=18706) to work on /home/ahyar/Documents/tut_folder/tut_python/python_script/tut_airflow/env_airflow/lib/python3.9/site-packages/airflow/example_dags/example_latest_only_with_trigger.py
[2023-04-15T10:58:33.243+0700] {processor.py:743} INFO - Processing file /home/ahyar/Documents/tut_folder/tut_python/python_script/tut_airflow/env_airflow/lib/python3.9/site-packages/airflow/example_dags/example_latest_only_with_trigger.py for tasks to queue
[2023-04-15T10:58:33.245+0700] {logging_mixin.py:137} INFO - [2023-04-15T10:58:33.244+0700] {dagbag.py:532} INFO - Filling up the DagBag from /home/ahyar/Documents/tut_folder/tut_python/python_script/tut_airflow/env_airflow/lib/python3.9/site-packages/airflow/example_dags/example_latest_only_with_trigger.py
[2023-04-15T10:58:33.260+0700] {processor.py:753} INFO - DAG(s) dict_keys(['latest_only_with_trigger']) retrieved from /home/ahyar/Documents/tut_folder/tut_python/python_script/tut_airflow/env_airflow/lib/python3.9/site-packages/airflow/example_dags/example_latest_only_with_trigger.py
[2023-04-15T10:58:33.285+0700] {logging_mixin.py:137} INFO - [2023-04-15T10:58:33.285+0700] {dag.py:2705} INFO - Sync 1 DAGs
[2023-04-15T10:58:33.306+0700] {logging_mixin.py:137} INFO - [2023-04-15T10:58:33.306+0700] {dag.py:3452} INFO - Setting next_dagrun for latest_only_with_trigger to 2023-04-14T23:58:33.305848+00:00, run_after=2023-04-15T03:58:33.305848+00:00
[2023-04-15T10:58:33.338+0700] {processor.py:175} INFO - Processing /home/ahyar/Documents/tut_folder/tut_python/python_script/tut_airflow/env_airflow/lib/python3.9/site-packages/airflow/example_dags/example_latest_only_with_trigger.py took 0.099 seconds
[2023-04-15T11:00:10.626+0700] {processor.py:153} INFO - Started process (PID=19708) to work on /home/ahyar/Documents/tut_folder/tut_python/python_script/tut_airflow/env_airflow/lib/python3.9/site-packages/airflow/example_dags/example_latest_only_with_trigger.py
[2023-04-15T11:00:10.628+0700] {processor.py:743} INFO - Processing file /home/ahyar/Documents/tut_folder/tut_python/python_script/tut_airflow/env_airflow/lib/python3.9/site-packages/airflow/example_dags/example_latest_only_with_trigger.py for tasks to queue
[2023-04-15T11:00:10.629+0700] {logging_mixin.py:137} INFO - [2023-04-15T11:00:10.628+0700] {dagbag.py:532} INFO - Filling up the DagBag from /home/ahyar/Documents/tut_folder/tut_python/python_script/tut_airflow/env_airflow/lib/python3.9/site-packages/airflow/example_dags/example_latest_only_with_trigger.py
[2023-04-15T11:00:10.649+0700] {processor.py:753} INFO - DAG(s) dict_keys(['latest_only_with_trigger']) retrieved from /home/ahyar/Documents/tut_folder/tut_python/python_script/tut_airflow/env_airflow/lib/python3.9/site-packages/airflow/example_dags/example_latest_only_with_trigger.py
[2023-04-15T11:00:10.668+0700] {logging_mixin.py:137} INFO - [2023-04-15T11:00:10.668+0700] {dag.py:2705} INFO - Sync 1 DAGs
[2023-04-15T11:00:10.687+0700] {logging_mixin.py:137} INFO - [2023-04-15T11:00:10.686+0700] {dag.py:3452} INFO - Setting next_dagrun for latest_only_with_trigger to 2023-04-15T00:00:10.686764+00:00, run_after=2023-04-15T04:00:10.686764+00:00
[2023-04-15T11:00:10.714+0700] {processor.py:175} INFO - Processing /home/ahyar/Documents/tut_folder/tut_python/python_script/tut_airflow/env_airflow/lib/python3.9/site-packages/airflow/example_dags/example_latest_only_with_trigger.py took 0.094 seconds
[2023-04-15T11:03:55.666+0700] {processor.py:153} INFO - Started process (PID=22287) to work on /home/ahyar/Documents/tut_folder/tut_python/python_script/tut_airflow/env_airflow/lib/python3.9/site-packages/airflow/example_dags/example_latest_only_with_trigger.py
[2023-04-15T11:03:55.667+0700] {processor.py:743} INFO - Processing file /home/ahyar/Documents/tut_folder/tut_python/python_script/tut_airflow/env_airflow/lib/python3.9/site-packages/airflow/example_dags/example_latest_only_with_trigger.py for tasks to queue
[2023-04-15T11:03:55.668+0700] {logging_mixin.py:137} INFO - [2023-04-15T11:03:55.668+0700] {dagbag.py:532} INFO - Filling up the DagBag from /home/ahyar/Documents/tut_folder/tut_python/python_script/tut_airflow/env_airflow/lib/python3.9/site-packages/airflow/example_dags/example_latest_only_with_trigger.py
[2023-04-15T11:03:55.692+0700] {processor.py:753} INFO - DAG(s) dict_keys(['latest_only_with_trigger']) retrieved from /home/ahyar/Documents/tut_folder/tut_python/python_script/tut_airflow/env_airflow/lib/python3.9/site-packages/airflow/example_dags/example_latest_only_with_trigger.py
[2023-04-15T11:03:55.720+0700] {logging_mixin.py:137} INFO - [2023-04-15T11:03:55.720+0700] {dag.py:2705} INFO - Sync 1 DAGs
[2023-04-15T11:03:55.748+0700] {logging_mixin.py:137} INFO - [2023-04-15T11:03:55.747+0700] {dag.py:3452} INFO - Setting next_dagrun for latest_only_with_trigger to 2023-04-15T00:03:55.747521+00:00, run_after=2023-04-15T04:03:55.747521+00:00
[2023-04-15T11:03:55.805+0700] {processor.py:175} INFO - Processing /home/ahyar/Documents/tut_folder/tut_python/python_script/tut_airflow/env_airflow/lib/python3.9/site-packages/airflow/example_dags/example_latest_only_with_trigger.py took 0.143 seconds
