[2023-04-15T10:47:02.511+0700] {processor.py:153} INFO - Started process (PID=16521) to work on /home/ahyar/Documents/tut_folder/tut_python/python_script/tut_airflow/env_airflow/lib/python3.9/site-packages/airflow/example_dags/example_branch_labels.py
[2023-04-15T10:47:02.511+0700] {processor.py:743} INFO - Processing file /home/ahyar/Documents/tut_folder/tut_python/python_script/tut_airflow/env_airflow/lib/python3.9/site-packages/airflow/example_dags/example_branch_labels.py for tasks to queue
[2023-04-15T10:47:02.512+0700] {logging_mixin.py:137} INFO - [2023-04-15T10:47:02.512+0700] {dagbag.py:532} INFO - Filling up the DagBag from /home/ahyar/Documents/tut_folder/tut_python/python_script/tut_airflow/env_airflow/lib/python3.9/site-packages/airflow/example_dags/example_branch_labels.py
[2023-04-15T10:47:02.539+0700] {processor.py:753} INFO - DAG(s) dict_keys(['example_branch_labels']) retrieved from /home/ahyar/Documents/tut_folder/tut_python/python_script/tut_airflow/env_airflow/lib/python3.9/site-packages/airflow/example_dags/example_branch_labels.py
[2023-04-15T10:47:02.673+0700] {logging_mixin.py:137} INFO - [2023-04-15T10:47:02.673+0700] {manager.py:504} INFO - Created Permission View: can read on DAG:example_branch_labels
[2023-04-15T10:47:02.687+0700] {logging_mixin.py:137} INFO - [2023-04-15T10:47:02.687+0700] {manager.py:504} INFO - Created Permission View: can edit on DAG:example_branch_labels
[2023-04-15T10:47:02.699+0700] {logging_mixin.py:137} INFO - [2023-04-15T10:47:02.699+0700] {manager.py:504} INFO - Created Permission View: can delete on DAG:example_branch_labels
[2023-04-15T10:47:02.700+0700] {logging_mixin.py:137} INFO - [2023-04-15T10:47:02.699+0700] {dag.py:2705} INFO - Sync 1 DAGs
[2023-04-15T10:47:02.710+0700] {logging_mixin.py:137} INFO - [2023-04-15T10:47:02.709+0700] {dag.py:2726} INFO - Creating ORM DAG for example_branch_labels
[2023-04-15T10:47:02.738+0700] {logging_mixin.py:137} INFO - [2023-04-15T10:47:02.737+0700] {dag.py:3452} INFO - Setting next_dagrun for example_branch_labels to 2023-04-14T00:00:00+00:00, run_after=2023-04-15T00:00:00+00:00
[2023-04-15T10:47:02.790+0700] {processor.py:175} INFO - Processing /home/ahyar/Documents/tut_folder/tut_python/python_script/tut_airflow/env_airflow/lib/python3.9/site-packages/airflow/example_dags/example_branch_labels.py took 0.282 seconds
[2023-04-15T10:47:43.846+0700] {processor.py:153} INFO - Started process (PID=16652) to work on /home/ahyar/Documents/tut_folder/tut_python/python_script/tut_airflow/env_airflow/lib/python3.9/site-packages/airflow/example_dags/example_branch_labels.py
[2023-04-15T10:47:43.847+0700] {processor.py:743} INFO - Processing file /home/ahyar/Documents/tut_folder/tut_python/python_script/tut_airflow/env_airflow/lib/python3.9/site-packages/airflow/example_dags/example_branch_labels.py for tasks to queue
[2023-04-15T10:47:43.848+0700] {logging_mixin.py:137} INFO - [2023-04-15T10:47:43.847+0700] {dagbag.py:532} INFO - Filling up the DagBag from /home/ahyar/Documents/tut_folder/tut_python/python_script/tut_airflow/env_airflow/lib/python3.9/site-packages/airflow/example_dags/example_branch_labels.py
[2023-04-15T10:47:43.856+0700] {processor.py:753} INFO - DAG(s) dict_keys(['example_branch_labels']) retrieved from /home/ahyar/Documents/tut_folder/tut_python/python_script/tut_airflow/env_airflow/lib/python3.9/site-packages/airflow/example_dags/example_branch_labels.py
[2023-04-15T10:47:43.866+0700] {logging_mixin.py:137} INFO - [2023-04-15T10:47:43.866+0700] {dag.py:2705} INFO - Sync 1 DAGs
[2023-04-15T10:47:43.877+0700] {logging_mixin.py:137} INFO - [2023-04-15T10:47:43.877+0700] {dag.py:3452} INFO - Setting next_dagrun for example_branch_labels to 2023-04-14T00:00:00+00:00, run_after=2023-04-15T00:00:00+00:00
[2023-04-15T10:47:43.892+0700] {processor.py:175} INFO - Processing /home/ahyar/Documents/tut_folder/tut_python/python_script/tut_airflow/env_airflow/lib/python3.9/site-packages/airflow/example_dags/example_branch_labels.py took 0.047 seconds
[2023-04-15T10:48:55.119+0700] {processor.py:153} INFO - Started process (PID=17251) to work on /home/ahyar/Documents/tut_folder/tut_python/python_script/tut_airflow/env_airflow/lib/python3.9/site-packages/airflow/example_dags/example_branch_labels.py
[2023-04-15T10:48:55.121+0700] {processor.py:743} INFO - Processing file /home/ahyar/Documents/tut_folder/tut_python/python_script/tut_airflow/env_airflow/lib/python3.9/site-packages/airflow/example_dags/example_branch_labels.py for tasks to queue
[2023-04-15T10:48:55.121+0700] {logging_mixin.py:137} INFO - [2023-04-15T10:48:55.121+0700] {dagbag.py:532} INFO - Filling up the DagBag from /home/ahyar/Documents/tut_folder/tut_python/python_script/tut_airflow/env_airflow/lib/python3.9/site-packages/airflow/example_dags/example_branch_labels.py
[2023-04-15T10:48:55.135+0700] {processor.py:753} INFO - DAG(s) dict_keys(['example_branch_labels']) retrieved from /home/ahyar/Documents/tut_folder/tut_python/python_script/tut_airflow/env_airflow/lib/python3.9/site-packages/airflow/example_dags/example_branch_labels.py
[2023-04-15T10:48:55.149+0700] {logging_mixin.py:137} INFO - [2023-04-15T10:48:55.149+0700] {dag.py:2705} INFO - Sync 1 DAGs
[2023-04-15T10:48:55.165+0700] {logging_mixin.py:137} INFO - [2023-04-15T10:48:55.165+0700] {dag.py:3452} INFO - Setting next_dagrun for example_branch_labels to 2023-04-14T00:00:00+00:00, run_after=2023-04-15T00:00:00+00:00
[2023-04-15T10:48:55.182+0700] {processor.py:175} INFO - Processing /home/ahyar/Documents/tut_folder/tut_python/python_script/tut_airflow/env_airflow/lib/python3.9/site-packages/airflow/example_dags/example_branch_labels.py took 0.065 seconds
[2023-04-15T10:49:46.327+0700] {processor.py:153} INFO - Started process (PID=17481) to work on /home/ahyar/Documents/tut_folder/tut_python/python_script/tut_airflow/env_airflow/lib/python3.9/site-packages/airflow/example_dags/example_branch_labels.py
[2023-04-15T10:49:46.328+0700] {processor.py:743} INFO - Processing file /home/ahyar/Documents/tut_folder/tut_python/python_script/tut_airflow/env_airflow/lib/python3.9/site-packages/airflow/example_dags/example_branch_labels.py for tasks to queue
[2023-04-15T10:49:46.329+0700] {logging_mixin.py:137} INFO - [2023-04-15T10:49:46.329+0700] {dagbag.py:532} INFO - Filling up the DagBag from /home/ahyar/Documents/tut_folder/tut_python/python_script/tut_airflow/env_airflow/lib/python3.9/site-packages/airflow/example_dags/example_branch_labels.py
[2023-04-15T10:49:46.346+0700] {processor.py:753} INFO - DAG(s) dict_keys(['example_branch_labels']) retrieved from /home/ahyar/Documents/tut_folder/tut_python/python_script/tut_airflow/env_airflow/lib/python3.9/site-packages/airflow/example_dags/example_branch_labels.py
[2023-04-15T10:49:46.369+0700] {logging_mixin.py:137} INFO - [2023-04-15T10:49:46.369+0700] {dag.py:2705} INFO - Sync 1 DAGs
[2023-04-15T10:49:46.389+0700] {logging_mixin.py:137} INFO - [2023-04-15T10:49:46.389+0700] {dag.py:3452} INFO - Setting next_dagrun for example_branch_labels to 2023-04-14T00:00:00+00:00, run_after=2023-04-15T00:00:00+00:00
[2023-04-15T10:49:46.424+0700] {processor.py:175} INFO - Processing /home/ahyar/Documents/tut_folder/tut_python/python_script/tut_airflow/env_airflow/lib/python3.9/site-packages/airflow/example_dags/example_branch_labels.py took 0.098 seconds
[2023-04-15T10:50:29.654+0700] {processor.py:153} INFO - Started process (PID=17734) to work on /home/ahyar/Documents/tut_folder/tut_python/python_script/tut_airflow/env_airflow/lib/python3.9/site-packages/airflow/example_dags/example_branch_labels.py
[2023-04-15T10:50:29.656+0700] {processor.py:743} INFO - Processing file /home/ahyar/Documents/tut_folder/tut_python/python_script/tut_airflow/env_airflow/lib/python3.9/site-packages/airflow/example_dags/example_branch_labels.py for tasks to queue
[2023-04-15T10:50:29.657+0700] {logging_mixin.py:137} INFO - [2023-04-15T10:50:29.656+0700] {dagbag.py:532} INFO - Filling up the DagBag from /home/ahyar/Documents/tut_folder/tut_python/python_script/tut_airflow/env_airflow/lib/python3.9/site-packages/airflow/example_dags/example_branch_labels.py
[2023-04-15T10:50:29.668+0700] {processor.py:753} INFO - DAG(s) dict_keys(['example_branch_labels']) retrieved from /home/ahyar/Documents/tut_folder/tut_python/python_script/tut_airflow/env_airflow/lib/python3.9/site-packages/airflow/example_dags/example_branch_labels.py
[2023-04-15T10:50:29.679+0700] {logging_mixin.py:137} INFO - [2023-04-15T10:50:29.679+0700] {dag.py:2705} INFO - Sync 1 DAGs
[2023-04-15T10:50:29.691+0700] {logging_mixin.py:137} INFO - [2023-04-15T10:50:29.691+0700] {dag.py:3452} INFO - Setting next_dagrun for example_branch_labels to 2023-04-14T00:00:00+00:00, run_after=2023-04-15T00:00:00+00:00
[2023-04-15T10:50:29.705+0700] {processor.py:175} INFO - Processing /home/ahyar/Documents/tut_folder/tut_python/python_script/tut_airflow/env_airflow/lib/python3.9/site-packages/airflow/example_dags/example_branch_labels.py took 0.055 seconds
[2023-04-15T10:51:11.224+0700] {processor.py:153} INFO - Started process (PID=17818) to work on /home/ahyar/Documents/tut_folder/tut_python/python_script/tut_airflow/env_airflow/lib/python3.9/site-packages/airflow/example_dags/example_branch_labels.py
[2023-04-15T10:51:11.225+0700] {processor.py:743} INFO - Processing file /home/ahyar/Documents/tut_folder/tut_python/python_script/tut_airflow/env_airflow/lib/python3.9/site-packages/airflow/example_dags/example_branch_labels.py for tasks to queue
[2023-04-15T10:51:11.227+0700] {logging_mixin.py:137} INFO - [2023-04-15T10:51:11.227+0700] {dagbag.py:532} INFO - Filling up the DagBag from /home/ahyar/Documents/tut_folder/tut_python/python_script/tut_airflow/env_airflow/lib/python3.9/site-packages/airflow/example_dags/example_branch_labels.py
[2023-04-15T10:51:11.240+0700] {processor.py:753} INFO - DAG(s) dict_keys(['example_branch_labels']) retrieved from /home/ahyar/Documents/tut_folder/tut_python/python_script/tut_airflow/env_airflow/lib/python3.9/site-packages/airflow/example_dags/example_branch_labels.py
[2023-04-15T10:51:11.257+0700] {logging_mixin.py:137} INFO - [2023-04-15T10:51:11.257+0700] {dag.py:2705} INFO - Sync 1 DAGs
[2023-04-15T10:51:11.269+0700] {logging_mixin.py:137} INFO - [2023-04-15T10:51:11.269+0700] {dag.py:3452} INFO - Setting next_dagrun for example_branch_labels to 2023-04-14T00:00:00+00:00, run_after=2023-04-15T00:00:00+00:00
[2023-04-15T10:51:11.283+0700] {processor.py:175} INFO - Processing /home/ahyar/Documents/tut_folder/tut_python/python_script/tut_airflow/env_airflow/lib/python3.9/site-packages/airflow/example_dags/example_branch_labels.py took 0.061 seconds
[2023-04-15T10:51:54.115+0700] {processor.py:153} INFO - Started process (PID=17883) to work on /home/ahyar/Documents/tut_folder/tut_python/python_script/tut_airflow/env_airflow/lib/python3.9/site-packages/airflow/example_dags/example_branch_labels.py
[2023-04-15T10:51:54.115+0700] {processor.py:743} INFO - Processing file /home/ahyar/Documents/tut_folder/tut_python/python_script/tut_airflow/env_airflow/lib/python3.9/site-packages/airflow/example_dags/example_branch_labels.py for tasks to queue
[2023-04-15T10:51:54.116+0700] {logging_mixin.py:137} INFO - [2023-04-15T10:51:54.116+0700] {dagbag.py:532} INFO - Filling up the DagBag from /home/ahyar/Documents/tut_folder/tut_python/python_script/tut_airflow/env_airflow/lib/python3.9/site-packages/airflow/example_dags/example_branch_labels.py
[2023-04-15T10:51:54.132+0700] {processor.py:753} INFO - DAG(s) dict_keys(['example_branch_labels']) retrieved from /home/ahyar/Documents/tut_folder/tut_python/python_script/tut_airflow/env_airflow/lib/python3.9/site-packages/airflow/example_dags/example_branch_labels.py
[2023-04-15T10:51:54.161+0700] {logging_mixin.py:137} INFO - [2023-04-15T10:51:54.161+0700] {dag.py:2705} INFO - Sync 1 DAGs
[2023-04-15T10:51:54.189+0700] {logging_mixin.py:137} INFO - [2023-04-15T10:51:54.189+0700] {dag.py:3452} INFO - Setting next_dagrun for example_branch_labels to 2023-04-14T00:00:00+00:00, run_after=2023-04-15T00:00:00+00:00
[2023-04-15T10:51:54.220+0700] {processor.py:175} INFO - Processing /home/ahyar/Documents/tut_folder/tut_python/python_script/tut_airflow/env_airflow/lib/python3.9/site-packages/airflow/example_dags/example_branch_labels.py took 0.111 seconds
[2023-04-15T10:52:39.289+0700] {processor.py:153} INFO - Started process (PID=18053) to work on /home/ahyar/Documents/tut_folder/tut_python/python_script/tut_airflow/env_airflow/lib/python3.9/site-packages/airflow/example_dags/example_branch_labels.py
[2023-04-15T10:52:39.290+0700] {processor.py:743} INFO - Processing file /home/ahyar/Documents/tut_folder/tut_python/python_script/tut_airflow/env_airflow/lib/python3.9/site-packages/airflow/example_dags/example_branch_labels.py for tasks to queue
[2023-04-15T10:52:39.291+0700] {logging_mixin.py:137} INFO - [2023-04-15T10:52:39.291+0700] {dagbag.py:532} INFO - Filling up the DagBag from /home/ahyar/Documents/tut_folder/tut_python/python_script/tut_airflow/env_airflow/lib/python3.9/site-packages/airflow/example_dags/example_branch_labels.py
[2023-04-15T10:52:39.317+0700] {processor.py:753} INFO - DAG(s) dict_keys(['example_branch_labels']) retrieved from /home/ahyar/Documents/tut_folder/tut_python/python_script/tut_airflow/env_airflow/lib/python3.9/site-packages/airflow/example_dags/example_branch_labels.py
[2023-04-15T10:52:39.347+0700] {logging_mixin.py:137} INFO - [2023-04-15T10:52:39.347+0700] {dag.py:2705} INFO - Sync 1 DAGs
[2023-04-15T10:52:39.386+0700] {logging_mixin.py:137} INFO - [2023-04-15T10:52:39.385+0700] {dag.py:3452} INFO - Setting next_dagrun for example_branch_labels to 2023-04-14T00:00:00+00:00, run_after=2023-04-15T00:00:00+00:00
[2023-04-15T10:52:39.426+0700] {processor.py:175} INFO - Processing /home/ahyar/Documents/tut_folder/tut_python/python_script/tut_airflow/env_airflow/lib/python3.9/site-packages/airflow/example_dags/example_branch_labels.py took 0.140 seconds
[2023-04-15T10:53:26.949+0700] {processor.py:153} INFO - Started process (PID=18157) to work on /home/ahyar/Documents/tut_folder/tut_python/python_script/tut_airflow/env_airflow/lib/python3.9/site-packages/airflow/example_dags/example_branch_labels.py
[2023-04-15T10:53:26.950+0700] {processor.py:743} INFO - Processing file /home/ahyar/Documents/tut_folder/tut_python/python_script/tut_airflow/env_airflow/lib/python3.9/site-packages/airflow/example_dags/example_branch_labels.py for tasks to queue
[2023-04-15T10:53:26.951+0700] {logging_mixin.py:137} INFO - [2023-04-15T10:53:26.951+0700] {dagbag.py:532} INFO - Filling up the DagBag from /home/ahyar/Documents/tut_folder/tut_python/python_script/tut_airflow/env_airflow/lib/python3.9/site-packages/airflow/example_dags/example_branch_labels.py
[2023-04-15T10:53:26.961+0700] {processor.py:753} INFO - DAG(s) dict_keys(['example_branch_labels']) retrieved from /home/ahyar/Documents/tut_folder/tut_python/python_script/tut_airflow/env_airflow/lib/python3.9/site-packages/airflow/example_dags/example_branch_labels.py
[2023-04-15T10:53:26.973+0700] {logging_mixin.py:137} INFO - [2023-04-15T10:53:26.973+0700] {dag.py:2705} INFO - Sync 1 DAGs
[2023-04-15T10:53:26.990+0700] {logging_mixin.py:137} INFO - [2023-04-15T10:53:26.990+0700] {dag.py:3452} INFO - Setting next_dagrun for example_branch_labels to 2023-04-14T00:00:00+00:00, run_after=2023-04-15T00:00:00+00:00
[2023-04-15T10:53:27.008+0700] {processor.py:175} INFO - Processing /home/ahyar/Documents/tut_folder/tut_python/python_script/tut_airflow/env_airflow/lib/python3.9/site-packages/airflow/example_dags/example_branch_labels.py took 0.063 seconds
[2023-04-15T10:54:11.720+0700] {processor.py:153} INFO - Started process (PID=18228) to work on /home/ahyar/Documents/tut_folder/tut_python/python_script/tut_airflow/env_airflow/lib/python3.9/site-packages/airflow/example_dags/example_branch_labels.py
[2023-04-15T10:54:11.721+0700] {processor.py:743} INFO - Processing file /home/ahyar/Documents/tut_folder/tut_python/python_script/tut_airflow/env_airflow/lib/python3.9/site-packages/airflow/example_dags/example_branch_labels.py for tasks to queue
[2023-04-15T10:54:11.722+0700] {logging_mixin.py:137} INFO - [2023-04-15T10:54:11.722+0700] {dagbag.py:532} INFO - Filling up the DagBag from /home/ahyar/Documents/tut_folder/tut_python/python_script/tut_airflow/env_airflow/lib/python3.9/site-packages/airflow/example_dags/example_branch_labels.py
[2023-04-15T10:54:11.739+0700] {processor.py:753} INFO - DAG(s) dict_keys(['example_branch_labels']) retrieved from /home/ahyar/Documents/tut_folder/tut_python/python_script/tut_airflow/env_airflow/lib/python3.9/site-packages/airflow/example_dags/example_branch_labels.py
[2023-04-15T10:54:11.763+0700] {logging_mixin.py:137} INFO - [2023-04-15T10:54:11.762+0700] {dag.py:2705} INFO - Sync 1 DAGs
[2023-04-15T10:54:11.786+0700] {logging_mixin.py:137} INFO - [2023-04-15T10:54:11.785+0700] {dag.py:3452} INFO - Setting next_dagrun for example_branch_labels to 2023-04-14T00:00:00+00:00, run_after=2023-04-15T00:00:00+00:00
[2023-04-15T10:54:11.819+0700] {processor.py:175} INFO - Processing /home/ahyar/Documents/tut_folder/tut_python/python_script/tut_airflow/env_airflow/lib/python3.9/site-packages/airflow/example_dags/example_branch_labels.py took 0.103 seconds
[2023-04-15T10:54:56.194+0700] {processor.py:153} INFO - Started process (PID=18314) to work on /home/ahyar/Documents/tut_folder/tut_python/python_script/tut_airflow/env_airflow/lib/python3.9/site-packages/airflow/example_dags/example_branch_labels.py
[2023-04-15T10:54:56.195+0700] {processor.py:743} INFO - Processing file /home/ahyar/Documents/tut_folder/tut_python/python_script/tut_airflow/env_airflow/lib/python3.9/site-packages/airflow/example_dags/example_branch_labels.py for tasks to queue
[2023-04-15T10:54:56.197+0700] {logging_mixin.py:137} INFO - [2023-04-15T10:54:56.197+0700] {dagbag.py:532} INFO - Filling up the DagBag from /home/ahyar/Documents/tut_folder/tut_python/python_script/tut_airflow/env_airflow/lib/python3.9/site-packages/airflow/example_dags/example_branch_labels.py
[2023-04-15T10:54:56.225+0700] {processor.py:753} INFO - DAG(s) dict_keys(['example_branch_labels']) retrieved from /home/ahyar/Documents/tut_folder/tut_python/python_script/tut_airflow/env_airflow/lib/python3.9/site-packages/airflow/example_dags/example_branch_labels.py
[2023-04-15T10:54:56.261+0700] {logging_mixin.py:137} INFO - [2023-04-15T10:54:56.261+0700] {dag.py:2705} INFO - Sync 1 DAGs
[2023-04-15T10:54:56.299+0700] {logging_mixin.py:137} INFO - [2023-04-15T10:54:56.298+0700] {dag.py:3452} INFO - Setting next_dagrun for example_branch_labels to 2023-04-14T00:00:00+00:00, run_after=2023-04-15T00:00:00+00:00
[2023-04-15T10:54:56.343+0700] {processor.py:175} INFO - Processing /home/ahyar/Documents/tut_folder/tut_python/python_script/tut_airflow/env_airflow/lib/python3.9/site-packages/airflow/example_dags/example_branch_labels.py took 0.154 seconds
[2023-04-15T10:55:42.547+0700] {processor.py:153} INFO - Started process (PID=18426) to work on /home/ahyar/Documents/tut_folder/tut_python/python_script/tut_airflow/env_airflow/lib/python3.9/site-packages/airflow/example_dags/example_branch_labels.py
[2023-04-15T10:55:42.548+0700] {processor.py:743} INFO - Processing file /home/ahyar/Documents/tut_folder/tut_python/python_script/tut_airflow/env_airflow/lib/python3.9/site-packages/airflow/example_dags/example_branch_labels.py for tasks to queue
[2023-04-15T10:55:42.548+0700] {logging_mixin.py:137} INFO - [2023-04-15T10:55:42.548+0700] {dagbag.py:532} INFO - Filling up the DagBag from /home/ahyar/Documents/tut_folder/tut_python/python_script/tut_airflow/env_airflow/lib/python3.9/site-packages/airflow/example_dags/example_branch_labels.py
[2023-04-15T10:55:42.561+0700] {processor.py:753} INFO - DAG(s) dict_keys(['example_branch_labels']) retrieved from /home/ahyar/Documents/tut_folder/tut_python/python_script/tut_airflow/env_airflow/lib/python3.9/site-packages/airflow/example_dags/example_branch_labels.py
[2023-04-15T10:55:42.578+0700] {logging_mixin.py:137} INFO - [2023-04-15T10:55:42.578+0700] {dag.py:2705} INFO - Sync 1 DAGs
[2023-04-15T10:55:42.597+0700] {logging_mixin.py:137} INFO - [2023-04-15T10:55:42.597+0700] {dag.py:3452} INFO - Setting next_dagrun for example_branch_labels to 2023-04-14T00:00:00+00:00, run_after=2023-04-15T00:00:00+00:00
[2023-04-15T10:55:42.618+0700] {processor.py:175} INFO - Processing /home/ahyar/Documents/tut_folder/tut_python/python_script/tut_airflow/env_airflow/lib/python3.9/site-packages/airflow/example_dags/example_branch_labels.py took 0.073 seconds
[2023-04-15T10:56:25.671+0700] {processor.py:153} INFO - Started process (PID=18479) to work on /home/ahyar/Documents/tut_folder/tut_python/python_script/tut_airflow/env_airflow/lib/python3.9/site-packages/airflow/example_dags/example_branch_labels.py
[2023-04-15T10:56:25.672+0700] {processor.py:743} INFO - Processing file /home/ahyar/Documents/tut_folder/tut_python/python_script/tut_airflow/env_airflow/lib/python3.9/site-packages/airflow/example_dags/example_branch_labels.py for tasks to queue
[2023-04-15T10:56:25.673+0700] {logging_mixin.py:137} INFO - [2023-04-15T10:56:25.673+0700] {dagbag.py:532} INFO - Filling up the DagBag from /home/ahyar/Documents/tut_folder/tut_python/python_script/tut_airflow/env_airflow/lib/python3.9/site-packages/airflow/example_dags/example_branch_labels.py
[2023-04-15T10:56:25.681+0700] {processor.py:753} INFO - DAG(s) dict_keys(['example_branch_labels']) retrieved from /home/ahyar/Documents/tut_folder/tut_python/python_script/tut_airflow/env_airflow/lib/python3.9/site-packages/airflow/example_dags/example_branch_labels.py
[2023-04-15T10:56:25.694+0700] {logging_mixin.py:137} INFO - [2023-04-15T10:56:25.694+0700] {dag.py:2705} INFO - Sync 1 DAGs
[2023-04-15T10:56:25.707+0700] {logging_mixin.py:137} INFO - [2023-04-15T10:56:25.707+0700] {dag.py:3452} INFO - Setting next_dagrun for example_branch_labels to 2023-04-14T00:00:00+00:00, run_after=2023-04-15T00:00:00+00:00
[2023-04-15T10:56:25.723+0700] {processor.py:175} INFO - Processing /home/ahyar/Documents/tut_folder/tut_python/python_script/tut_airflow/env_airflow/lib/python3.9/site-packages/airflow/example_dags/example_branch_labels.py took 0.055 seconds
[2023-04-15T10:57:06.947+0700] {processor.py:153} INFO - Started process (PID=18559) to work on /home/ahyar/Documents/tut_folder/tut_python/python_script/tut_airflow/env_airflow/lib/python3.9/site-packages/airflow/example_dags/example_branch_labels.py
[2023-04-15T10:57:06.949+0700] {processor.py:743} INFO - Processing file /home/ahyar/Documents/tut_folder/tut_python/python_script/tut_airflow/env_airflow/lib/python3.9/site-packages/airflow/example_dags/example_branch_labels.py for tasks to queue
[2023-04-15T10:57:06.953+0700] {logging_mixin.py:137} INFO - [2023-04-15T10:57:06.952+0700] {dagbag.py:532} INFO - Filling up the DagBag from /home/ahyar/Documents/tut_folder/tut_python/python_script/tut_airflow/env_airflow/lib/python3.9/site-packages/airflow/example_dags/example_branch_labels.py
[2023-04-15T10:57:07.012+0700] {processor.py:753} INFO - DAG(s) dict_keys(['example_branch_labels']) retrieved from /home/ahyar/Documents/tut_folder/tut_python/python_script/tut_airflow/env_airflow/lib/python3.9/site-packages/airflow/example_dags/example_branch_labels.py
[2023-04-15T10:57:07.055+0700] {logging_mixin.py:137} INFO - [2023-04-15T10:57:07.054+0700] {dag.py:2705} INFO - Sync 1 DAGs
[2023-04-15T10:57:07.100+0700] {logging_mixin.py:137} INFO - [2023-04-15T10:57:07.099+0700] {dag.py:3452} INFO - Setting next_dagrun for example_branch_labels to 2023-04-14T00:00:00+00:00, run_after=2023-04-15T00:00:00+00:00
[2023-04-15T10:57:07.143+0700] {processor.py:175} INFO - Processing /home/ahyar/Documents/tut_folder/tut_python/python_script/tut_airflow/env_airflow/lib/python3.9/site-packages/airflow/example_dags/example_branch_labels.py took 0.201 seconds
[2023-04-15T10:57:52.180+0700] {processor.py:153} INFO - Started process (PID=18628) to work on /home/ahyar/Documents/tut_folder/tut_python/python_script/tut_airflow/env_airflow/lib/python3.9/site-packages/airflow/example_dags/example_branch_labels.py
[2023-04-15T10:57:52.181+0700] {processor.py:743} INFO - Processing file /home/ahyar/Documents/tut_folder/tut_python/python_script/tut_airflow/env_airflow/lib/python3.9/site-packages/airflow/example_dags/example_branch_labels.py for tasks to queue
[2023-04-15T10:57:52.182+0700] {logging_mixin.py:137} INFO - [2023-04-15T10:57:52.182+0700] {dagbag.py:532} INFO - Filling up the DagBag from /home/ahyar/Documents/tut_folder/tut_python/python_script/tut_airflow/env_airflow/lib/python3.9/site-packages/airflow/example_dags/example_branch_labels.py
[2023-04-15T10:57:52.204+0700] {processor.py:753} INFO - DAG(s) dict_keys(['example_branch_labels']) retrieved from /home/ahyar/Documents/tut_folder/tut_python/python_script/tut_airflow/env_airflow/lib/python3.9/site-packages/airflow/example_dags/example_branch_labels.py
[2023-04-15T10:57:52.235+0700] {logging_mixin.py:137} INFO - [2023-04-15T10:57:52.235+0700] {dag.py:2705} INFO - Sync 1 DAGs
[2023-04-15T10:57:52.271+0700] {logging_mixin.py:137} INFO - [2023-04-15T10:57:52.270+0700] {dag.py:3452} INFO - Setting next_dagrun for example_branch_labels to 2023-04-14T00:00:00+00:00, run_after=2023-04-15T00:00:00+00:00
[2023-04-15T10:57:52.289+0700] {processor.py:175} INFO - Processing /home/ahyar/Documents/tut_folder/tut_python/python_script/tut_airflow/env_airflow/lib/python3.9/site-packages/airflow/example_dags/example_branch_labels.py took 0.114 seconds
[2023-04-15T10:58:40.095+0700] {processor.py:153} INFO - Started process (PID=18764) to work on /home/ahyar/Documents/tut_folder/tut_python/python_script/tut_airflow/env_airflow/lib/python3.9/site-packages/airflow/example_dags/example_branch_labels.py
[2023-04-15T10:58:40.096+0700] {processor.py:743} INFO - Processing file /home/ahyar/Documents/tut_folder/tut_python/python_script/tut_airflow/env_airflow/lib/python3.9/site-packages/airflow/example_dags/example_branch_labels.py for tasks to queue
[2023-04-15T10:58:40.097+0700] {logging_mixin.py:137} INFO - [2023-04-15T10:58:40.097+0700] {dagbag.py:532} INFO - Filling up the DagBag from /home/ahyar/Documents/tut_folder/tut_python/python_script/tut_airflow/env_airflow/lib/python3.9/site-packages/airflow/example_dags/example_branch_labels.py
[2023-04-15T10:58:40.114+0700] {processor.py:753} INFO - DAG(s) dict_keys(['example_branch_labels']) retrieved from /home/ahyar/Documents/tut_folder/tut_python/python_script/tut_airflow/env_airflow/lib/python3.9/site-packages/airflow/example_dags/example_branch_labels.py
[2023-04-15T10:58:40.131+0700] {logging_mixin.py:137} INFO - [2023-04-15T10:58:40.131+0700] {dag.py:2705} INFO - Sync 1 DAGs
[2023-04-15T10:58:40.147+0700] {logging_mixin.py:137} INFO - [2023-04-15T10:58:40.147+0700] {dag.py:3452} INFO - Setting next_dagrun for example_branch_labels to 2023-04-14T00:00:00+00:00, run_after=2023-04-15T00:00:00+00:00
[2023-04-15T10:58:40.164+0700] {processor.py:175} INFO - Processing /home/ahyar/Documents/tut_folder/tut_python/python_script/tut_airflow/env_airflow/lib/python3.9/site-packages/airflow/example_dags/example_branch_labels.py took 0.075 seconds
[2023-04-15T11:00:48.591+0700] {processor.py:153} INFO - Started process (PID=20115) to work on /home/ahyar/Documents/tut_folder/tut_python/python_script/tut_airflow/env_airflow/lib/python3.9/site-packages/airflow/example_dags/example_branch_labels.py
[2023-04-15T11:00:48.595+0700] {processor.py:743} INFO - Processing file /home/ahyar/Documents/tut_folder/tut_python/python_script/tut_airflow/env_airflow/lib/python3.9/site-packages/airflow/example_dags/example_branch_labels.py for tasks to queue
[2023-04-15T11:00:48.596+0700] {logging_mixin.py:137} INFO - [2023-04-15T11:00:48.596+0700] {dagbag.py:532} INFO - Filling up the DagBag from /home/ahyar/Documents/tut_folder/tut_python/python_script/tut_airflow/env_airflow/lib/python3.9/site-packages/airflow/example_dags/example_branch_labels.py
[2023-04-15T11:00:48.621+0700] {processor.py:753} INFO - DAG(s) dict_keys(['example_branch_labels']) retrieved from /home/ahyar/Documents/tut_folder/tut_python/python_script/tut_airflow/env_airflow/lib/python3.9/site-packages/airflow/example_dags/example_branch_labels.py
[2023-04-15T11:00:48.655+0700] {logging_mixin.py:137} INFO - [2023-04-15T11:00:48.654+0700] {dag.py:2705} INFO - Sync 1 DAGs
[2023-04-15T11:00:48.692+0700] {logging_mixin.py:137} INFO - [2023-04-15T11:00:48.692+0700] {dag.py:3452} INFO - Setting next_dagrun for example_branch_labels to 2023-04-14T00:00:00+00:00, run_after=2023-04-15T00:00:00+00:00
[2023-04-15T11:00:48.743+0700] {processor.py:175} INFO - Processing /home/ahyar/Documents/tut_folder/tut_python/python_script/tut_airflow/env_airflow/lib/python3.9/site-packages/airflow/example_dags/example_branch_labels.py took 0.159 seconds
[2023-04-15T11:04:16.290+0700] {processor.py:153} INFO - Started process (PID=22554) to work on /home/ahyar/Documents/tut_folder/tut_python/python_script/tut_airflow/env_airflow/lib/python3.9/site-packages/airflow/example_dags/example_branch_labels.py
[2023-04-15T11:04:16.291+0700] {processor.py:743} INFO - Processing file /home/ahyar/Documents/tut_folder/tut_python/python_script/tut_airflow/env_airflow/lib/python3.9/site-packages/airflow/example_dags/example_branch_labels.py for tasks to queue
[2023-04-15T11:04:16.291+0700] {logging_mixin.py:137} INFO - [2023-04-15T11:04:16.291+0700] {dagbag.py:532} INFO - Filling up the DagBag from /home/ahyar/Documents/tut_folder/tut_python/python_script/tut_airflow/env_airflow/lib/python3.9/site-packages/airflow/example_dags/example_branch_labels.py
[2023-04-15T11:04:16.301+0700] {processor.py:753} INFO - DAG(s) dict_keys(['example_branch_labels']) retrieved from /home/ahyar/Documents/tut_folder/tut_python/python_script/tut_airflow/env_airflow/lib/python3.9/site-packages/airflow/example_dags/example_branch_labels.py
[2023-04-15T11:04:16.315+0700] {logging_mixin.py:137} INFO - [2023-04-15T11:04:16.315+0700] {dag.py:2705} INFO - Sync 1 DAGs
[2023-04-15T11:04:16.327+0700] {logging_mixin.py:137} INFO - [2023-04-15T11:04:16.326+0700] {dag.py:3452} INFO - Setting next_dagrun for example_branch_labels to 2023-04-14T00:00:00+00:00, run_after=2023-04-15T00:00:00+00:00
[2023-04-15T11:04:16.340+0700] {processor.py:175} INFO - Processing /home/ahyar/Documents/tut_folder/tut_python/python_script/tut_airflow/env_airflow/lib/python3.9/site-packages/airflow/example_dags/example_branch_labels.py took 0.052 seconds
