[2023-04-15T10:47:00.758+0700] {processor.py:153} INFO - Started process (PID=16493) to work on /home/ahyar/Documents/tut_folder/tut_python/python_script/tut_airflow/env_airflow/lib/python3.9/site-packages/airflow/example_dags/example_branch_datetime_operator.py
[2023-04-15T10:47:00.758+0700] {processor.py:743} INFO - Processing file /home/ahyar/Documents/tut_folder/tut_python/python_script/tut_airflow/env_airflow/lib/python3.9/site-packages/airflow/example_dags/example_branch_datetime_operator.py for tasks to queue
[2023-04-15T10:47:00.759+0700] {logging_mixin.py:137} INFO - [2023-04-15T10:47:00.758+0700] {dagbag.py:532} INFO - Filling up the DagBag from /home/ahyar/Documents/tut_folder/tut_python/python_script/tut_airflow/env_airflow/lib/python3.9/site-packages/airflow/example_dags/example_branch_datetime_operator.py
[2023-04-15T10:47:00.770+0700] {processor.py:753} INFO - DAG(s) dict_keys(['example_branch_datetime_operator', 'example_branch_datetime_operator_2', 'example_branch_datetime_operator_3']) retrieved from /home/ahyar/Documents/tut_folder/tut_python/python_script/tut_airflow/env_airflow/lib/python3.9/site-packages/airflow/example_dags/example_branch_datetime_operator.py
[2023-04-15T10:47:00.830+0700] {logging_mixin.py:137} INFO - [2023-04-15T10:47:00.829+0700] {manager.py:504} INFO - Created Permission View: can read on DAG:example_branch_datetime_operator
[2023-04-15T10:47:00.839+0700] {logging_mixin.py:137} INFO - [2023-04-15T10:47:00.838+0700] {manager.py:504} INFO - Created Permission View: can edit on DAG:example_branch_datetime_operator
[2023-04-15T10:47:00.848+0700] {logging_mixin.py:137} INFO - [2023-04-15T10:47:00.848+0700] {manager.py:504} INFO - Created Permission View: can delete on DAG:example_branch_datetime_operator
[2023-04-15T10:47:00.867+0700] {logging_mixin.py:137} INFO - [2023-04-15T10:47:00.867+0700] {manager.py:504} INFO - Created Permission View: can read on DAG:example_branch_datetime_operator_2
[2023-04-15T10:47:00.877+0700] {logging_mixin.py:137} INFO - [2023-04-15T10:47:00.877+0700] {manager.py:504} INFO - Created Permission View: can edit on DAG:example_branch_datetime_operator_2
[2023-04-15T10:47:00.887+0700] {logging_mixin.py:137} INFO - [2023-04-15T10:47:00.887+0700] {manager.py:504} INFO - Created Permission View: can delete on DAG:example_branch_datetime_operator_2
[2023-04-15T10:47:00.914+0700] {logging_mixin.py:137} INFO - [2023-04-15T10:47:00.914+0700] {manager.py:504} INFO - Created Permission View: can read on DAG:example_branch_datetime_operator_3
[2023-04-15T10:47:00.924+0700] {logging_mixin.py:137} INFO - [2023-04-15T10:47:00.924+0700] {manager.py:504} INFO - Created Permission View: can edit on DAG:example_branch_datetime_operator_3
[2023-04-15T10:47:00.932+0700] {logging_mixin.py:137} INFO - [2023-04-15T10:47:00.932+0700] {manager.py:504} INFO - Created Permission View: can delete on DAG:example_branch_datetime_operator_3
[2023-04-15T10:47:00.932+0700] {logging_mixin.py:137} INFO - [2023-04-15T10:47:00.932+0700] {dag.py:2705} INFO - Sync 3 DAGs
[2023-04-15T10:47:00.939+0700] {logging_mixin.py:137} INFO - [2023-04-15T10:47:00.939+0700] {dag.py:2726} INFO - Creating ORM DAG for example_branch_datetime_operator_2
[2023-04-15T10:47:00.939+0700] {logging_mixin.py:137} INFO - [2023-04-15T10:47:00.939+0700] {dag.py:2726} INFO - Creating ORM DAG for example_branch_datetime_operator
[2023-04-15T10:47:00.939+0700] {logging_mixin.py:137} INFO - [2023-04-15T10:47:00.939+0700] {dag.py:2726} INFO - Creating ORM DAG for example_branch_datetime_operator_3
[2023-04-15T10:47:00.944+0700] {logging_mixin.py:137} INFO - [2023-04-15T10:47:00.944+0700] {dag.py:3452} INFO - Setting next_dagrun for example_branch_datetime_operator to 2023-04-14T00:00:00+00:00, run_after=2023-04-15T00:00:00+00:00
[2023-04-15T10:47:00.945+0700] {logging_mixin.py:137} INFO - [2023-04-15T10:47:00.945+0700] {dag.py:3452} INFO - Setting next_dagrun for example_branch_datetime_operator_2 to 2023-04-14T00:00:00+00:00, run_after=2023-04-15T00:00:00+00:00
[2023-04-15T10:47:00.946+0700] {logging_mixin.py:137} INFO - [2023-04-15T10:47:00.946+0700] {dag.py:3452} INFO - Setting next_dagrun for example_branch_datetime_operator_3 to 2023-04-14T00:00:00+00:00, run_after=2023-04-15T00:00:00+00:00
[2023-04-15T10:47:00.962+0700] {processor.py:175} INFO - Processing /home/ahyar/Documents/tut_folder/tut_python/python_script/tut_airflow/env_airflow/lib/python3.9/site-packages/airflow/example_dags/example_branch_datetime_operator.py took 0.207 seconds
[2023-04-15T10:47:42.125+0700] {processor.py:153} INFO - Started process (PID=16649) to work on /home/ahyar/Documents/tut_folder/tut_python/python_script/tut_airflow/env_airflow/lib/python3.9/site-packages/airflow/example_dags/example_branch_datetime_operator.py
[2023-04-15T10:47:42.126+0700] {processor.py:743} INFO - Processing file /home/ahyar/Documents/tut_folder/tut_python/python_script/tut_airflow/env_airflow/lib/python3.9/site-packages/airflow/example_dags/example_branch_datetime_operator.py for tasks to queue
[2023-04-15T10:47:42.127+0700] {logging_mixin.py:137} INFO - [2023-04-15T10:47:42.127+0700] {dagbag.py:532} INFO - Filling up the DagBag from /home/ahyar/Documents/tut_folder/tut_python/python_script/tut_airflow/env_airflow/lib/python3.9/site-packages/airflow/example_dags/example_branch_datetime_operator.py
[2023-04-15T10:47:42.147+0700] {processor.py:753} INFO - DAG(s) dict_keys(['example_branch_datetime_operator', 'example_branch_datetime_operator_3', 'example_branch_datetime_operator_2']) retrieved from /home/ahyar/Documents/tut_folder/tut_python/python_script/tut_airflow/env_airflow/lib/python3.9/site-packages/airflow/example_dags/example_branch_datetime_operator.py
[2023-04-15T10:47:42.164+0700] {logging_mixin.py:137} INFO - [2023-04-15T10:47:42.164+0700] {dag.py:2705} INFO - Sync 3 DAGs
[2023-04-15T10:47:42.183+0700] {logging_mixin.py:137} INFO - [2023-04-15T10:47:42.183+0700] {dag.py:3452} INFO - Setting next_dagrun for example_branch_datetime_operator to 2023-04-14T00:00:00+00:00, run_after=2023-04-15T00:00:00+00:00
[2023-04-15T10:47:42.186+0700] {logging_mixin.py:137} INFO - [2023-04-15T10:47:42.185+0700] {dag.py:3452} INFO - Setting next_dagrun for example_branch_datetime_operator_2 to 2023-04-14T00:00:00+00:00, run_after=2023-04-15T00:00:00+00:00
[2023-04-15T10:47:42.187+0700] {logging_mixin.py:137} INFO - [2023-04-15T10:47:42.187+0700] {dag.py:3452} INFO - Setting next_dagrun for example_branch_datetime_operator_3 to 2023-04-14T00:00:00+00:00, run_after=2023-04-15T00:00:00+00:00
[2023-04-15T10:47:42.203+0700] {processor.py:175} INFO - Processing /home/ahyar/Documents/tut_folder/tut_python/python_script/tut_airflow/env_airflow/lib/python3.9/site-packages/airflow/example_dags/example_branch_datetime_operator.py took 0.082 seconds
[2023-04-15T10:48:53.592+0700] {processor.py:153} INFO - Started process (PID=17200) to work on /home/ahyar/Documents/tut_folder/tut_python/python_script/tut_airflow/env_airflow/lib/python3.9/site-packages/airflow/example_dags/example_branch_datetime_operator.py
[2023-04-15T10:48:53.594+0700] {processor.py:743} INFO - Processing file /home/ahyar/Documents/tut_folder/tut_python/python_script/tut_airflow/env_airflow/lib/python3.9/site-packages/airflow/example_dags/example_branch_datetime_operator.py for tasks to queue
[2023-04-15T10:48:53.595+0700] {logging_mixin.py:137} INFO - [2023-04-15T10:48:53.595+0700] {dagbag.py:532} INFO - Filling up the DagBag from /home/ahyar/Documents/tut_folder/tut_python/python_script/tut_airflow/env_airflow/lib/python3.9/site-packages/airflow/example_dags/example_branch_datetime_operator.py
[2023-04-15T10:48:53.610+0700] {processor.py:753} INFO - DAG(s) dict_keys(['example_branch_datetime_operator_2', 'example_branch_datetime_operator_3', 'example_branch_datetime_operator']) retrieved from /home/ahyar/Documents/tut_folder/tut_python/python_script/tut_airflow/env_airflow/lib/python3.9/site-packages/airflow/example_dags/example_branch_datetime_operator.py
[2023-04-15T10:48:53.629+0700] {logging_mixin.py:137} INFO - [2023-04-15T10:48:53.629+0700] {dag.py:2705} INFO - Sync 3 DAGs
[2023-04-15T10:48:53.645+0700] {logging_mixin.py:137} INFO - [2023-04-15T10:48:53.645+0700] {dag.py:3452} INFO - Setting next_dagrun for example_branch_datetime_operator to 2023-04-14T00:00:00+00:00, run_after=2023-04-15T00:00:00+00:00
[2023-04-15T10:48:53.647+0700] {logging_mixin.py:137} INFO - [2023-04-15T10:48:53.647+0700] {dag.py:3452} INFO - Setting next_dagrun for example_branch_datetime_operator_2 to 2023-04-14T00:00:00+00:00, run_after=2023-04-15T00:00:00+00:00
[2023-04-15T10:48:53.649+0700] {logging_mixin.py:137} INFO - [2023-04-15T10:48:53.648+0700] {dag.py:3452} INFO - Setting next_dagrun for example_branch_datetime_operator_3 to 2023-04-14T00:00:00+00:00, run_after=2023-04-15T00:00:00+00:00
[2023-04-15T10:48:53.667+0700] {processor.py:175} INFO - Processing /home/ahyar/Documents/tut_folder/tut_python/python_script/tut_airflow/env_airflow/lib/python3.9/site-packages/airflow/example_dags/example_branch_datetime_operator.py took 0.077 seconds
[2023-04-15T10:49:43.744+0700] {processor.py:153} INFO - Started process (PID=17479) to work on /home/ahyar/Documents/tut_folder/tut_python/python_script/tut_airflow/env_airflow/lib/python3.9/site-packages/airflow/example_dags/example_branch_datetime_operator.py
[2023-04-15T10:49:43.745+0700] {processor.py:743} INFO - Processing file /home/ahyar/Documents/tut_folder/tut_python/python_script/tut_airflow/env_airflow/lib/python3.9/site-packages/airflow/example_dags/example_branch_datetime_operator.py for tasks to queue
[2023-04-15T10:49:43.745+0700] {logging_mixin.py:137} INFO - [2023-04-15T10:49:43.745+0700] {dagbag.py:532} INFO - Filling up the DagBag from /home/ahyar/Documents/tut_folder/tut_python/python_script/tut_airflow/env_airflow/lib/python3.9/site-packages/airflow/example_dags/example_branch_datetime_operator.py
[2023-04-15T10:49:43.793+0700] {processor.py:753} INFO - DAG(s) dict_keys(['example_branch_datetime_operator_3', 'example_branch_datetime_operator_2', 'example_branch_datetime_operator']) retrieved from /home/ahyar/Documents/tut_folder/tut_python/python_script/tut_airflow/env_airflow/lib/python3.9/site-packages/airflow/example_dags/example_branch_datetime_operator.py
[2023-04-15T10:49:43.825+0700] {logging_mixin.py:137} INFO - [2023-04-15T10:49:43.824+0700] {dag.py:2705} INFO - Sync 3 DAGs
[2023-04-15T10:49:43.856+0700] {logging_mixin.py:137} INFO - [2023-04-15T10:49:43.856+0700] {dag.py:3452} INFO - Setting next_dagrun for example_branch_datetime_operator to 2023-04-14T00:00:00+00:00, run_after=2023-04-15T00:00:00+00:00
[2023-04-15T10:49:43.860+0700] {logging_mixin.py:137} INFO - [2023-04-15T10:49:43.860+0700] {dag.py:3452} INFO - Setting next_dagrun for example_branch_datetime_operator_2 to 2023-04-14T00:00:00+00:00, run_after=2023-04-15T00:00:00+00:00
[2023-04-15T10:49:43.862+0700] {logging_mixin.py:137} INFO - [2023-04-15T10:49:43.862+0700] {dag.py:3452} INFO - Setting next_dagrun for example_branch_datetime_operator_3 to 2023-04-14T00:00:00+00:00, run_after=2023-04-15T00:00:00+00:00
[2023-04-15T10:49:43.888+0700] {processor.py:175} INFO - Processing /home/ahyar/Documents/tut_folder/tut_python/python_script/tut_airflow/env_airflow/lib/python3.9/site-packages/airflow/example_dags/example_branch_datetime_operator.py took 0.159 seconds
[2023-04-15T10:50:27.376+0700] {processor.py:153} INFO - Started process (PID=17731) to work on /home/ahyar/Documents/tut_folder/tut_python/python_script/tut_airflow/env_airflow/lib/python3.9/site-packages/airflow/example_dags/example_branch_datetime_operator.py
[2023-04-15T10:50:27.378+0700] {processor.py:743} INFO - Processing file /home/ahyar/Documents/tut_folder/tut_python/python_script/tut_airflow/env_airflow/lib/python3.9/site-packages/airflow/example_dags/example_branch_datetime_operator.py for tasks to queue
[2023-04-15T10:50:27.378+0700] {logging_mixin.py:137} INFO - [2023-04-15T10:50:27.378+0700] {dagbag.py:532} INFO - Filling up the DagBag from /home/ahyar/Documents/tut_folder/tut_python/python_script/tut_airflow/env_airflow/lib/python3.9/site-packages/airflow/example_dags/example_branch_datetime_operator.py
[2023-04-15T10:50:27.393+0700] {processor.py:753} INFO - DAG(s) dict_keys(['example_branch_datetime_operator_2', 'example_branch_datetime_operator', 'example_branch_datetime_operator_3']) retrieved from /home/ahyar/Documents/tut_folder/tut_python/python_script/tut_airflow/env_airflow/lib/python3.9/site-packages/airflow/example_dags/example_branch_datetime_operator.py
[2023-04-15T10:50:27.406+0700] {logging_mixin.py:137} INFO - [2023-04-15T10:50:27.406+0700] {dag.py:2705} INFO - Sync 3 DAGs
[2023-04-15T10:50:27.418+0700] {logging_mixin.py:137} INFO - [2023-04-15T10:50:27.418+0700] {dag.py:3452} INFO - Setting next_dagrun for example_branch_datetime_operator to 2023-04-14T00:00:00+00:00, run_after=2023-04-15T00:00:00+00:00
[2023-04-15T10:50:27.420+0700] {logging_mixin.py:137} INFO - [2023-04-15T10:50:27.420+0700] {dag.py:3452} INFO - Setting next_dagrun for example_branch_datetime_operator_2 to 2023-04-14T00:00:00+00:00, run_after=2023-04-15T00:00:00+00:00
[2023-04-15T10:50:27.422+0700] {logging_mixin.py:137} INFO - [2023-04-15T10:50:27.422+0700] {dag.py:3452} INFO - Setting next_dagrun for example_branch_datetime_operator_3 to 2023-04-14T00:00:00+00:00, run_after=2023-04-15T00:00:00+00:00
[2023-04-15T10:50:27.434+0700] {processor.py:175} INFO - Processing /home/ahyar/Documents/tut_folder/tut_python/python_script/tut_airflow/env_airflow/lib/python3.9/site-packages/airflow/example_dags/example_branch_datetime_operator.py took 0.063 seconds
[2023-04-15T10:51:08.960+0700] {processor.py:153} INFO - Started process (PID=17791) to work on /home/ahyar/Documents/tut_folder/tut_python/python_script/tut_airflow/env_airflow/lib/python3.9/site-packages/airflow/example_dags/example_branch_datetime_operator.py
[2023-04-15T10:51:08.961+0700] {processor.py:743} INFO - Processing file /home/ahyar/Documents/tut_folder/tut_python/python_script/tut_airflow/env_airflow/lib/python3.9/site-packages/airflow/example_dags/example_branch_datetime_operator.py for tasks to queue
[2023-04-15T10:51:08.962+0700] {logging_mixin.py:137} INFO - [2023-04-15T10:51:08.962+0700] {dagbag.py:532} INFO - Filling up the DagBag from /home/ahyar/Documents/tut_folder/tut_python/python_script/tut_airflow/env_airflow/lib/python3.9/site-packages/airflow/example_dags/example_branch_datetime_operator.py
[2023-04-15T10:51:08.976+0700] {processor.py:753} INFO - DAG(s) dict_keys(['example_branch_datetime_operator_3', 'example_branch_datetime_operator_2', 'example_branch_datetime_operator']) retrieved from /home/ahyar/Documents/tut_folder/tut_python/python_script/tut_airflow/env_airflow/lib/python3.9/site-packages/airflow/example_dags/example_branch_datetime_operator.py
[2023-04-15T10:51:08.999+0700] {logging_mixin.py:137} INFO - [2023-04-15T10:51:08.999+0700] {dag.py:2705} INFO - Sync 3 DAGs
[2023-04-15T10:51:09.017+0700] {logging_mixin.py:137} INFO - [2023-04-15T10:51:09.017+0700] {dag.py:3452} INFO - Setting next_dagrun for example_branch_datetime_operator to 2023-04-14T00:00:00+00:00, run_after=2023-04-15T00:00:00+00:00
[2023-04-15T10:51:09.021+0700] {logging_mixin.py:137} INFO - [2023-04-15T10:51:09.021+0700] {dag.py:3452} INFO - Setting next_dagrun for example_branch_datetime_operator_2 to 2023-04-14T00:00:00+00:00, run_after=2023-04-15T00:00:00+00:00
[2023-04-15T10:51:09.022+0700] {logging_mixin.py:137} INFO - [2023-04-15T10:51:09.022+0700] {dag.py:3452} INFO - Setting next_dagrun for example_branch_datetime_operator_3 to 2023-04-14T00:00:00+00:00, run_after=2023-04-15T00:00:00+00:00
[2023-04-15T10:51:09.039+0700] {processor.py:175} INFO - Processing /home/ahyar/Documents/tut_folder/tut_python/python_script/tut_airflow/env_airflow/lib/python3.9/site-packages/airflow/example_dags/example_branch_datetime_operator.py took 0.082 seconds
[2023-04-15T10:51:52.104+0700] {processor.py:153} INFO - Started process (PID=17881) to work on /home/ahyar/Documents/tut_folder/tut_python/python_script/tut_airflow/env_airflow/lib/python3.9/site-packages/airflow/example_dags/example_branch_datetime_operator.py
[2023-04-15T10:51:52.104+0700] {processor.py:743} INFO - Processing file /home/ahyar/Documents/tut_folder/tut_python/python_script/tut_airflow/env_airflow/lib/python3.9/site-packages/airflow/example_dags/example_branch_datetime_operator.py for tasks to queue
[2023-04-15T10:51:52.105+0700] {logging_mixin.py:137} INFO - [2023-04-15T10:51:52.105+0700] {dagbag.py:532} INFO - Filling up the DagBag from /home/ahyar/Documents/tut_folder/tut_python/python_script/tut_airflow/env_airflow/lib/python3.9/site-packages/airflow/example_dags/example_branch_datetime_operator.py
[2023-04-15T10:51:52.143+0700] {processor.py:753} INFO - DAG(s) dict_keys(['example_branch_datetime_operator', 'example_branch_datetime_operator_2', 'example_branch_datetime_operator_3']) retrieved from /home/ahyar/Documents/tut_folder/tut_python/python_script/tut_airflow/env_airflow/lib/python3.9/site-packages/airflow/example_dags/example_branch_datetime_operator.py
[2023-04-15T10:51:52.190+0700] {logging_mixin.py:137} INFO - [2023-04-15T10:51:52.188+0700] {dag.py:2705} INFO - Sync 3 DAGs
[2023-04-15T10:51:52.223+0700] {logging_mixin.py:137} INFO - [2023-04-15T10:51:52.222+0700] {dag.py:3452} INFO - Setting next_dagrun for example_branch_datetime_operator to 2023-04-14T00:00:00+00:00, run_after=2023-04-15T00:00:00+00:00
[2023-04-15T10:51:52.231+0700] {logging_mixin.py:137} INFO - [2023-04-15T10:51:52.231+0700] {dag.py:3452} INFO - Setting next_dagrun for example_branch_datetime_operator_2 to 2023-04-14T00:00:00+00:00, run_after=2023-04-15T00:00:00+00:00
[2023-04-15T10:51:52.234+0700] {logging_mixin.py:137} INFO - [2023-04-15T10:51:52.234+0700] {dag.py:3452} INFO - Setting next_dagrun for example_branch_datetime_operator_3 to 2023-04-14T00:00:00+00:00, run_after=2023-04-15T00:00:00+00:00
[2023-04-15T10:51:52.264+0700] {processor.py:175} INFO - Processing /home/ahyar/Documents/tut_folder/tut_python/python_script/tut_airflow/env_airflow/lib/python3.9/site-packages/airflow/example_dags/example_branch_datetime_operator.py took 0.171 seconds
[2023-04-15T10:52:37.431+0700] {processor.py:153} INFO - Started process (PID=18051) to work on /home/ahyar/Documents/tut_folder/tut_python/python_script/tut_airflow/env_airflow/lib/python3.9/site-packages/airflow/example_dags/example_branch_datetime_operator.py
[2023-04-15T10:52:37.433+0700] {processor.py:743} INFO - Processing file /home/ahyar/Documents/tut_folder/tut_python/python_script/tut_airflow/env_airflow/lib/python3.9/site-packages/airflow/example_dags/example_branch_datetime_operator.py for tasks to queue
[2023-04-15T10:52:37.435+0700] {logging_mixin.py:137} INFO - [2023-04-15T10:52:37.434+0700] {dagbag.py:532} INFO - Filling up the DagBag from /home/ahyar/Documents/tut_folder/tut_python/python_script/tut_airflow/env_airflow/lib/python3.9/site-packages/airflow/example_dags/example_branch_datetime_operator.py
[2023-04-15T10:52:37.459+0700] {processor.py:753} INFO - DAG(s) dict_keys(['example_branch_datetime_operator', 'example_branch_datetime_operator_2', 'example_branch_datetime_operator_3']) retrieved from /home/ahyar/Documents/tut_folder/tut_python/python_script/tut_airflow/env_airflow/lib/python3.9/site-packages/airflow/example_dags/example_branch_datetime_operator.py
[2023-04-15T10:52:37.511+0700] {logging_mixin.py:137} INFO - [2023-04-15T10:52:37.510+0700] {dag.py:2705} INFO - Sync 3 DAGs
[2023-04-15T10:52:37.548+0700] {logging_mixin.py:137} INFO - [2023-04-15T10:52:37.548+0700] {dag.py:3452} INFO - Setting next_dagrun for example_branch_datetime_operator to 2023-04-14T00:00:00+00:00, run_after=2023-04-15T00:00:00+00:00
[2023-04-15T10:52:37.554+0700] {logging_mixin.py:137} INFO - [2023-04-15T10:52:37.554+0700] {dag.py:3452} INFO - Setting next_dagrun for example_branch_datetime_operator_2 to 2023-04-14T00:00:00+00:00, run_after=2023-04-15T00:00:00+00:00
[2023-04-15T10:52:37.559+0700] {logging_mixin.py:137} INFO - [2023-04-15T10:52:37.558+0700] {dag.py:3452} INFO - Setting next_dagrun for example_branch_datetime_operator_3 to 2023-04-14T00:00:00+00:00, run_after=2023-04-15T00:00:00+00:00
[2023-04-15T10:52:37.584+0700] {processor.py:175} INFO - Processing /home/ahyar/Documents/tut_folder/tut_python/python_script/tut_airflow/env_airflow/lib/python3.9/site-packages/airflow/example_dags/example_branch_datetime_operator.py took 0.159 seconds
[2023-04-15T10:53:24.837+0700] {processor.py:153} INFO - Started process (PID=18153) to work on /home/ahyar/Documents/tut_folder/tut_python/python_script/tut_airflow/env_airflow/lib/python3.9/site-packages/airflow/example_dags/example_branch_datetime_operator.py
[2023-04-15T10:53:24.840+0700] {processor.py:743} INFO - Processing file /home/ahyar/Documents/tut_folder/tut_python/python_script/tut_airflow/env_airflow/lib/python3.9/site-packages/airflow/example_dags/example_branch_datetime_operator.py for tasks to queue
[2023-04-15T10:53:24.843+0700] {logging_mixin.py:137} INFO - [2023-04-15T10:53:24.842+0700] {dagbag.py:532} INFO - Filling up the DagBag from /home/ahyar/Documents/tut_folder/tut_python/python_script/tut_airflow/env_airflow/lib/python3.9/site-packages/airflow/example_dags/example_branch_datetime_operator.py
[2023-04-15T10:53:24.889+0700] {processor.py:753} INFO - DAG(s) dict_keys(['example_branch_datetime_operator_2', 'example_branch_datetime_operator', 'example_branch_datetime_operator_3']) retrieved from /home/ahyar/Documents/tut_folder/tut_python/python_script/tut_airflow/env_airflow/lib/python3.9/site-packages/airflow/example_dags/example_branch_datetime_operator.py
[2023-04-15T10:53:24.996+0700] {logging_mixin.py:137} INFO - [2023-04-15T10:53:24.996+0700] {dag.py:2705} INFO - Sync 3 DAGs
[2023-04-15T10:53:25.049+0700] {logging_mixin.py:137} INFO - [2023-04-15T10:53:25.049+0700] {dag.py:3452} INFO - Setting next_dagrun for example_branch_datetime_operator to 2023-04-14T00:00:00+00:00, run_after=2023-04-15T00:00:00+00:00
[2023-04-15T10:53:25.064+0700] {logging_mixin.py:137} INFO - [2023-04-15T10:53:25.064+0700] {dag.py:3452} INFO - Setting next_dagrun for example_branch_datetime_operator_2 to 2023-04-14T00:00:00+00:00, run_after=2023-04-15T00:00:00+00:00
[2023-04-15T10:53:25.067+0700] {logging_mixin.py:137} INFO - [2023-04-15T10:53:25.067+0700] {dag.py:3452} INFO - Setting next_dagrun for example_branch_datetime_operator_3 to 2023-04-14T00:00:00+00:00, run_after=2023-04-15T00:00:00+00:00
[2023-04-15T10:53:25.099+0700] {processor.py:175} INFO - Processing /home/ahyar/Documents/tut_folder/tut_python/python_script/tut_airflow/env_airflow/lib/python3.9/site-packages/airflow/example_dags/example_branch_datetime_operator.py took 0.266 seconds
[2023-04-15T10:54:09.442+0700] {processor.py:153} INFO - Started process (PID=18224) to work on /home/ahyar/Documents/tut_folder/tut_python/python_script/tut_airflow/env_airflow/lib/python3.9/site-packages/airflow/example_dags/example_branch_datetime_operator.py
[2023-04-15T10:54:09.444+0700] {processor.py:743} INFO - Processing file /home/ahyar/Documents/tut_folder/tut_python/python_script/tut_airflow/env_airflow/lib/python3.9/site-packages/airflow/example_dags/example_branch_datetime_operator.py for tasks to queue
[2023-04-15T10:54:09.444+0700] {logging_mixin.py:137} INFO - [2023-04-15T10:54:09.444+0700] {dagbag.py:532} INFO - Filling up the DagBag from /home/ahyar/Documents/tut_folder/tut_python/python_script/tut_airflow/env_airflow/lib/python3.9/site-packages/airflow/example_dags/example_branch_datetime_operator.py
[2023-04-15T10:54:09.456+0700] {processor.py:753} INFO - DAG(s) dict_keys(['example_branch_datetime_operator', 'example_branch_datetime_operator_3', 'example_branch_datetime_operator_2']) retrieved from /home/ahyar/Documents/tut_folder/tut_python/python_script/tut_airflow/env_airflow/lib/python3.9/site-packages/airflow/example_dags/example_branch_datetime_operator.py
[2023-04-15T10:54:09.469+0700] {logging_mixin.py:137} INFO - [2023-04-15T10:54:09.469+0700] {dag.py:2705} INFO - Sync 3 DAGs
[2023-04-15T10:54:09.481+0700] {logging_mixin.py:137} INFO - [2023-04-15T10:54:09.481+0700] {dag.py:3452} INFO - Setting next_dagrun for example_branch_datetime_operator to 2023-04-14T00:00:00+00:00, run_after=2023-04-15T00:00:00+00:00
[2023-04-15T10:54:09.486+0700] {logging_mixin.py:137} INFO - [2023-04-15T10:54:09.486+0700] {dag.py:3452} INFO - Setting next_dagrun for example_branch_datetime_operator_2 to 2023-04-14T00:00:00+00:00, run_after=2023-04-15T00:00:00+00:00
[2023-04-15T10:54:09.488+0700] {logging_mixin.py:137} INFO - [2023-04-15T10:54:09.487+0700] {dag.py:3452} INFO - Setting next_dagrun for example_branch_datetime_operator_3 to 2023-04-14T00:00:00+00:00, run_after=2023-04-15T00:00:00+00:00
[2023-04-15T10:54:09.501+0700] {processor.py:175} INFO - Processing /home/ahyar/Documents/tut_folder/tut_python/python_script/tut_airflow/env_airflow/lib/python3.9/site-packages/airflow/example_dags/example_branch_datetime_operator.py took 0.063 seconds
[2023-04-15T10:54:54.583+0700] {processor.py:153} INFO - Started process (PID=18312) to work on /home/ahyar/Documents/tut_folder/tut_python/python_script/tut_airflow/env_airflow/lib/python3.9/site-packages/airflow/example_dags/example_branch_datetime_operator.py
[2023-04-15T10:54:54.584+0700] {processor.py:743} INFO - Processing file /home/ahyar/Documents/tut_folder/tut_python/python_script/tut_airflow/env_airflow/lib/python3.9/site-packages/airflow/example_dags/example_branch_datetime_operator.py for tasks to queue
[2023-04-15T10:54:54.585+0700] {logging_mixin.py:137} INFO - [2023-04-15T10:54:54.585+0700] {dagbag.py:532} INFO - Filling up the DagBag from /home/ahyar/Documents/tut_folder/tut_python/python_script/tut_airflow/env_airflow/lib/python3.9/site-packages/airflow/example_dags/example_branch_datetime_operator.py
[2023-04-15T10:54:54.597+0700] {processor.py:753} INFO - DAG(s) dict_keys(['example_branch_datetime_operator_2', 'example_branch_datetime_operator', 'example_branch_datetime_operator_3']) retrieved from /home/ahyar/Documents/tut_folder/tut_python/python_script/tut_airflow/env_airflow/lib/python3.9/site-packages/airflow/example_dags/example_branch_datetime_operator.py
[2023-04-15T10:54:54.618+0700] {logging_mixin.py:137} INFO - [2023-04-15T10:54:54.618+0700] {dag.py:2705} INFO - Sync 3 DAGs
[2023-04-15T10:54:54.637+0700] {logging_mixin.py:137} INFO - [2023-04-15T10:54:54.637+0700] {dag.py:3452} INFO - Setting next_dagrun for example_branch_datetime_operator to 2023-04-14T00:00:00+00:00, run_after=2023-04-15T00:00:00+00:00
[2023-04-15T10:54:54.640+0700] {logging_mixin.py:137} INFO - [2023-04-15T10:54:54.640+0700] {dag.py:3452} INFO - Setting next_dagrun for example_branch_datetime_operator_2 to 2023-04-14T00:00:00+00:00, run_after=2023-04-15T00:00:00+00:00
[2023-04-15T10:54:54.644+0700] {logging_mixin.py:137} INFO - [2023-04-15T10:54:54.643+0700] {dag.py:3452} INFO - Setting next_dagrun for example_branch_datetime_operator_3 to 2023-04-14T00:00:00+00:00, run_after=2023-04-15T00:00:00+00:00
[2023-04-15T10:54:54.671+0700] {processor.py:175} INFO - Processing /home/ahyar/Documents/tut_folder/tut_python/python_script/tut_airflow/env_airflow/lib/python3.9/site-packages/airflow/example_dags/example_branch_datetime_operator.py took 0.090 seconds
[2023-04-15T10:55:40.277+0700] {processor.py:153} INFO - Started process (PID=18396) to work on /home/ahyar/Documents/tut_folder/tut_python/python_script/tut_airflow/env_airflow/lib/python3.9/site-packages/airflow/example_dags/example_branch_datetime_operator.py
[2023-04-15T10:55:40.279+0700] {processor.py:743} INFO - Processing file /home/ahyar/Documents/tut_folder/tut_python/python_script/tut_airflow/env_airflow/lib/python3.9/site-packages/airflow/example_dags/example_branch_datetime_operator.py for tasks to queue
[2023-04-15T10:55:40.280+0700] {logging_mixin.py:137} INFO - [2023-04-15T10:55:40.280+0700] {dagbag.py:532} INFO - Filling up the DagBag from /home/ahyar/Documents/tut_folder/tut_python/python_script/tut_airflow/env_airflow/lib/python3.9/site-packages/airflow/example_dags/example_branch_datetime_operator.py
[2023-04-15T10:55:40.292+0700] {processor.py:753} INFO - DAG(s) dict_keys(['example_branch_datetime_operator', 'example_branch_datetime_operator_2', 'example_branch_datetime_operator_3']) retrieved from /home/ahyar/Documents/tut_folder/tut_python/python_script/tut_airflow/env_airflow/lib/python3.9/site-packages/airflow/example_dags/example_branch_datetime_operator.py
[2023-04-15T10:55:40.306+0700] {logging_mixin.py:137} INFO - [2023-04-15T10:55:40.306+0700] {dag.py:2705} INFO - Sync 3 DAGs
[2023-04-15T10:55:40.318+0700] {logging_mixin.py:137} INFO - [2023-04-15T10:55:40.318+0700] {dag.py:3452} INFO - Setting next_dagrun for example_branch_datetime_operator to 2023-04-14T00:00:00+00:00, run_after=2023-04-15T00:00:00+00:00
[2023-04-15T10:55:40.320+0700] {logging_mixin.py:137} INFO - [2023-04-15T10:55:40.320+0700] {dag.py:3452} INFO - Setting next_dagrun for example_branch_datetime_operator_2 to 2023-04-14T00:00:00+00:00, run_after=2023-04-15T00:00:00+00:00
[2023-04-15T10:55:40.323+0700] {logging_mixin.py:137} INFO - [2023-04-15T10:55:40.323+0700] {dag.py:3452} INFO - Setting next_dagrun for example_branch_datetime_operator_3 to 2023-04-14T00:00:00+00:00, run_after=2023-04-15T00:00:00+00:00
[2023-04-15T10:55:40.337+0700] {processor.py:175} INFO - Processing /home/ahyar/Documents/tut_folder/tut_python/python_script/tut_airflow/env_airflow/lib/python3.9/site-packages/airflow/example_dags/example_branch_datetime_operator.py took 0.066 seconds
[2023-04-15T10:56:23.551+0700] {processor.py:153} INFO - Started process (PID=18477) to work on /home/ahyar/Documents/tut_folder/tut_python/python_script/tut_airflow/env_airflow/lib/python3.9/site-packages/airflow/example_dags/example_branch_datetime_operator.py
[2023-04-15T10:56:23.552+0700] {processor.py:743} INFO - Processing file /home/ahyar/Documents/tut_folder/tut_python/python_script/tut_airflow/env_airflow/lib/python3.9/site-packages/airflow/example_dags/example_branch_datetime_operator.py for tasks to queue
[2023-04-15T10:56:23.553+0700] {logging_mixin.py:137} INFO - [2023-04-15T10:56:23.553+0700] {dagbag.py:532} INFO - Filling up the DagBag from /home/ahyar/Documents/tut_folder/tut_python/python_script/tut_airflow/env_airflow/lib/python3.9/site-packages/airflow/example_dags/example_branch_datetime_operator.py
[2023-04-15T10:56:23.569+0700] {processor.py:753} INFO - DAG(s) dict_keys(['example_branch_datetime_operator_2', 'example_branch_datetime_operator_3', 'example_branch_datetime_operator']) retrieved from /home/ahyar/Documents/tut_folder/tut_python/python_script/tut_airflow/env_airflow/lib/python3.9/site-packages/airflow/example_dags/example_branch_datetime_operator.py
[2023-04-15T10:56:23.584+0700] {logging_mixin.py:137} INFO - [2023-04-15T10:56:23.583+0700] {dag.py:2705} INFO - Sync 3 DAGs
[2023-04-15T10:56:23.595+0700] {logging_mixin.py:137} INFO - [2023-04-15T10:56:23.594+0700] {dag.py:3452} INFO - Setting next_dagrun for example_branch_datetime_operator to 2023-04-14T00:00:00+00:00, run_after=2023-04-15T00:00:00+00:00
[2023-04-15T10:56:23.597+0700] {logging_mixin.py:137} INFO - [2023-04-15T10:56:23.597+0700] {dag.py:3452} INFO - Setting next_dagrun for example_branch_datetime_operator_2 to 2023-04-14T00:00:00+00:00, run_after=2023-04-15T00:00:00+00:00
[2023-04-15T10:56:23.598+0700] {logging_mixin.py:137} INFO - [2023-04-15T10:56:23.598+0700] {dag.py:3452} INFO - Setting next_dagrun for example_branch_datetime_operator_3 to 2023-04-14T00:00:00+00:00, run_after=2023-04-15T00:00:00+00:00
[2023-04-15T10:56:23.610+0700] {processor.py:175} INFO - Processing /home/ahyar/Documents/tut_folder/tut_python/python_script/tut_airflow/env_airflow/lib/python3.9/site-packages/airflow/example_dags/example_branch_datetime_operator.py took 0.063 seconds
[2023-04-15T10:57:05.418+0700] {processor.py:153} INFO - Started process (PID=18550) to work on /home/ahyar/Documents/tut_folder/tut_python/python_script/tut_airflow/env_airflow/lib/python3.9/site-packages/airflow/example_dags/example_branch_datetime_operator.py
[2023-04-15T10:57:05.420+0700] {processor.py:743} INFO - Processing file /home/ahyar/Documents/tut_folder/tut_python/python_script/tut_airflow/env_airflow/lib/python3.9/site-packages/airflow/example_dags/example_branch_datetime_operator.py for tasks to queue
[2023-04-15T10:57:05.421+0700] {logging_mixin.py:137} INFO - [2023-04-15T10:57:05.420+0700] {dagbag.py:532} INFO - Filling up the DagBag from /home/ahyar/Documents/tut_folder/tut_python/python_script/tut_airflow/env_airflow/lib/python3.9/site-packages/airflow/example_dags/example_branch_datetime_operator.py
[2023-04-15T10:57:05.436+0700] {processor.py:753} INFO - DAG(s) dict_keys(['example_branch_datetime_operator_3', 'example_branch_datetime_operator', 'example_branch_datetime_operator_2']) retrieved from /home/ahyar/Documents/tut_folder/tut_python/python_script/tut_airflow/env_airflow/lib/python3.9/site-packages/airflow/example_dags/example_branch_datetime_operator.py
[2023-04-15T10:57:05.449+0700] {logging_mixin.py:137} INFO - [2023-04-15T10:57:05.449+0700] {dag.py:2705} INFO - Sync 3 DAGs
[2023-04-15T10:57:05.460+0700] {logging_mixin.py:137} INFO - [2023-04-15T10:57:05.460+0700] {dag.py:3452} INFO - Setting next_dagrun for example_branch_datetime_operator to 2023-04-14T00:00:00+00:00, run_after=2023-04-15T00:00:00+00:00
[2023-04-15T10:57:05.463+0700] {logging_mixin.py:137} INFO - [2023-04-15T10:57:05.463+0700] {dag.py:3452} INFO - Setting next_dagrun for example_branch_datetime_operator_2 to 2023-04-14T00:00:00+00:00, run_after=2023-04-15T00:00:00+00:00
[2023-04-15T10:57:05.464+0700] {logging_mixin.py:137} INFO - [2023-04-15T10:57:05.464+0700] {dag.py:3452} INFO - Setting next_dagrun for example_branch_datetime_operator_3 to 2023-04-14T00:00:00+00:00, run_after=2023-04-15T00:00:00+00:00
[2023-04-15T10:57:05.478+0700] {processor.py:175} INFO - Processing /home/ahyar/Documents/tut_folder/tut_python/python_script/tut_airflow/env_airflow/lib/python3.9/site-packages/airflow/example_dags/example_branch_datetime_operator.py took 0.064 seconds
[2023-04-15T10:57:49.869+0700] {processor.py:153} INFO - Started process (PID=18626) to work on /home/ahyar/Documents/tut_folder/tut_python/python_script/tut_airflow/env_airflow/lib/python3.9/site-packages/airflow/example_dags/example_branch_datetime_operator.py
[2023-04-15T10:57:49.871+0700] {processor.py:743} INFO - Processing file /home/ahyar/Documents/tut_folder/tut_python/python_script/tut_airflow/env_airflow/lib/python3.9/site-packages/airflow/example_dags/example_branch_datetime_operator.py for tasks to queue
[2023-04-15T10:57:49.871+0700] {logging_mixin.py:137} INFO - [2023-04-15T10:57:49.871+0700] {dagbag.py:532} INFO - Filling up the DagBag from /home/ahyar/Documents/tut_folder/tut_python/python_script/tut_airflow/env_airflow/lib/python3.9/site-packages/airflow/example_dags/example_branch_datetime_operator.py
[2023-04-15T10:57:49.890+0700] {processor.py:753} INFO - DAG(s) dict_keys(['example_branch_datetime_operator', 'example_branch_datetime_operator_2', 'example_branch_datetime_operator_3']) retrieved from /home/ahyar/Documents/tut_folder/tut_python/python_script/tut_airflow/env_airflow/lib/python3.9/site-packages/airflow/example_dags/example_branch_datetime_operator.py
[2023-04-15T10:57:49.918+0700] {logging_mixin.py:137} INFO - [2023-04-15T10:57:49.917+0700] {dag.py:2705} INFO - Sync 3 DAGs
[2023-04-15T10:57:49.940+0700] {logging_mixin.py:137} INFO - [2023-04-15T10:57:49.940+0700] {dag.py:3452} INFO - Setting next_dagrun for example_branch_datetime_operator to 2023-04-14T00:00:00+00:00, run_after=2023-04-15T00:00:00+00:00
[2023-04-15T10:57:49.943+0700] {logging_mixin.py:137} INFO - [2023-04-15T10:57:49.943+0700] {dag.py:3452} INFO - Setting next_dagrun for example_branch_datetime_operator_2 to 2023-04-14T00:00:00+00:00, run_after=2023-04-15T00:00:00+00:00
[2023-04-15T10:57:49.945+0700] {logging_mixin.py:137} INFO - [2023-04-15T10:57:49.945+0700] {dag.py:3452} INFO - Setting next_dagrun for example_branch_datetime_operator_3 to 2023-04-14T00:00:00+00:00, run_after=2023-04-15T00:00:00+00:00
[2023-04-15T10:57:49.971+0700] {processor.py:175} INFO - Processing /home/ahyar/Documents/tut_folder/tut_python/python_script/tut_airflow/env_airflow/lib/python3.9/site-packages/airflow/example_dags/example_branch_datetime_operator.py took 0.106 seconds
[2023-04-15T10:58:37.802+0700] {processor.py:153} INFO - Started process (PID=18747) to work on /home/ahyar/Documents/tut_folder/tut_python/python_script/tut_airflow/env_airflow/lib/python3.9/site-packages/airflow/example_dags/example_branch_datetime_operator.py
[2023-04-15T10:58:37.804+0700] {processor.py:743} INFO - Processing file /home/ahyar/Documents/tut_folder/tut_python/python_script/tut_airflow/env_airflow/lib/python3.9/site-packages/airflow/example_dags/example_branch_datetime_operator.py for tasks to queue
[2023-04-15T10:58:37.804+0700] {logging_mixin.py:137} INFO - [2023-04-15T10:58:37.804+0700] {dagbag.py:532} INFO - Filling up the DagBag from /home/ahyar/Documents/tut_folder/tut_python/python_script/tut_airflow/env_airflow/lib/python3.9/site-packages/airflow/example_dags/example_branch_datetime_operator.py
[2023-04-15T10:58:37.821+0700] {processor.py:753} INFO - DAG(s) dict_keys(['example_branch_datetime_operator_2', 'example_branch_datetime_operator', 'example_branch_datetime_operator_3']) retrieved from /home/ahyar/Documents/tut_folder/tut_python/python_script/tut_airflow/env_airflow/lib/python3.9/site-packages/airflow/example_dags/example_branch_datetime_operator.py
[2023-04-15T10:58:37.844+0700] {logging_mixin.py:137} INFO - [2023-04-15T10:58:37.844+0700] {dag.py:2705} INFO - Sync 3 DAGs
[2023-04-15T10:58:37.867+0700] {logging_mixin.py:137} INFO - [2023-04-15T10:58:37.866+0700] {dag.py:3452} INFO - Setting next_dagrun for example_branch_datetime_operator to 2023-04-14T00:00:00+00:00, run_after=2023-04-15T00:00:00+00:00
[2023-04-15T10:58:37.870+0700] {logging_mixin.py:137} INFO - [2023-04-15T10:58:37.870+0700] {dag.py:3452} INFO - Setting next_dagrun for example_branch_datetime_operator_2 to 2023-04-14T00:00:00+00:00, run_after=2023-04-15T00:00:00+00:00
[2023-04-15T10:58:37.873+0700] {logging_mixin.py:137} INFO - [2023-04-15T10:58:37.873+0700] {dag.py:3452} INFO - Setting next_dagrun for example_branch_datetime_operator_3 to 2023-04-14T00:00:00+00:00, run_after=2023-04-15T00:00:00+00:00
[2023-04-15T10:58:37.897+0700] {processor.py:175} INFO - Processing /home/ahyar/Documents/tut_folder/tut_python/python_script/tut_airflow/env_airflow/lib/python3.9/site-packages/airflow/example_dags/example_branch_datetime_operator.py took 0.096 seconds
[2023-04-15T11:00:32.604+0700] {processor.py:153} INFO - Started process (PID=19982) to work on /home/ahyar/Documents/tut_folder/tut_python/python_script/tut_airflow/env_airflow/lib/python3.9/site-packages/airflow/example_dags/example_branch_datetime_operator.py
[2023-04-15T11:00:32.605+0700] {processor.py:743} INFO - Processing file /home/ahyar/Documents/tut_folder/tut_python/python_script/tut_airflow/env_airflow/lib/python3.9/site-packages/airflow/example_dags/example_branch_datetime_operator.py for tasks to queue
[2023-04-15T11:00:32.605+0700] {logging_mixin.py:137} INFO - [2023-04-15T11:00:32.605+0700] {dagbag.py:532} INFO - Filling up the DagBag from /home/ahyar/Documents/tut_folder/tut_python/python_script/tut_airflow/env_airflow/lib/python3.9/site-packages/airflow/example_dags/example_branch_datetime_operator.py
[2023-04-15T11:00:32.620+0700] {processor.py:753} INFO - DAG(s) dict_keys(['example_branch_datetime_operator', 'example_branch_datetime_operator_2', 'example_branch_datetime_operator_3']) retrieved from /home/ahyar/Documents/tut_folder/tut_python/python_script/tut_airflow/env_airflow/lib/python3.9/site-packages/airflow/example_dags/example_branch_datetime_operator.py
[2023-04-15T11:00:32.641+0700] {logging_mixin.py:137} INFO - [2023-04-15T11:00:32.641+0700] {dag.py:2705} INFO - Sync 3 DAGs
[2023-04-15T11:00:32.662+0700] {logging_mixin.py:137} INFO - [2023-04-15T11:00:32.662+0700] {dag.py:3452} INFO - Setting next_dagrun for example_branch_datetime_operator to 2023-04-14T00:00:00+00:00, run_after=2023-04-15T00:00:00+00:00
[2023-04-15T11:00:32.668+0700] {logging_mixin.py:137} INFO - [2023-04-15T11:00:32.668+0700] {dag.py:3452} INFO - Setting next_dagrun for example_branch_datetime_operator_2 to 2023-04-14T00:00:00+00:00, run_after=2023-04-15T00:00:00+00:00
[2023-04-15T11:00:32.670+0700] {logging_mixin.py:137} INFO - [2023-04-15T11:00:32.670+0700] {dag.py:3452} INFO - Setting next_dagrun for example_branch_datetime_operator_3 to 2023-04-14T00:00:00+00:00, run_after=2023-04-15T00:00:00+00:00
[2023-04-15T11:00:32.688+0700] {processor.py:175} INFO - Processing /home/ahyar/Documents/tut_folder/tut_python/python_script/tut_airflow/env_airflow/lib/python3.9/site-packages/airflow/example_dags/example_branch_datetime_operator.py took 0.088 seconds
[2023-04-15T11:04:13.773+0700] {processor.py:153} INFO - Started process (PID=22546) to work on /home/ahyar/Documents/tut_folder/tut_python/python_script/tut_airflow/env_airflow/lib/python3.9/site-packages/airflow/example_dags/example_branch_datetime_operator.py
[2023-04-15T11:04:13.774+0700] {processor.py:743} INFO - Processing file /home/ahyar/Documents/tut_folder/tut_python/python_script/tut_airflow/env_airflow/lib/python3.9/site-packages/airflow/example_dags/example_branch_datetime_operator.py for tasks to queue
[2023-04-15T11:04:13.775+0700] {logging_mixin.py:137} INFO - [2023-04-15T11:04:13.775+0700] {dagbag.py:532} INFO - Filling up the DagBag from /home/ahyar/Documents/tut_folder/tut_python/python_script/tut_airflow/env_airflow/lib/python3.9/site-packages/airflow/example_dags/example_branch_datetime_operator.py
[2023-04-15T11:04:13.787+0700] {processor.py:753} INFO - DAG(s) dict_keys(['example_branch_datetime_operator_2', 'example_branch_datetime_operator_3', 'example_branch_datetime_operator']) retrieved from /home/ahyar/Documents/tut_folder/tut_python/python_script/tut_airflow/env_airflow/lib/python3.9/site-packages/airflow/example_dags/example_branch_datetime_operator.py
[2023-04-15T11:04:13.805+0700] {logging_mixin.py:137} INFO - [2023-04-15T11:04:13.805+0700] {dag.py:2705} INFO - Sync 3 DAGs
[2023-04-15T11:04:13.817+0700] {logging_mixin.py:137} INFO - [2023-04-15T11:04:13.817+0700] {dag.py:3452} INFO - Setting next_dagrun for example_branch_datetime_operator to 2023-04-14T00:00:00+00:00, run_after=2023-04-15T00:00:00+00:00
[2023-04-15T11:04:13.820+0700] {logging_mixin.py:137} INFO - [2023-04-15T11:04:13.820+0700] {dag.py:3452} INFO - Setting next_dagrun for example_branch_datetime_operator_2 to 2023-04-14T00:00:00+00:00, run_after=2023-04-15T00:00:00+00:00
[2023-04-15T11:04:13.821+0700] {logging_mixin.py:137} INFO - [2023-04-15T11:04:13.821+0700] {dag.py:3452} INFO - Setting next_dagrun for example_branch_datetime_operator_3 to 2023-04-14T00:00:00+00:00, run_after=2023-04-15T00:00:00+00:00
[2023-04-15T11:04:13.834+0700] {processor.py:175} INFO - Processing /home/ahyar/Documents/tut_folder/tut_python/python_script/tut_airflow/env_airflow/lib/python3.9/site-packages/airflow/example_dags/example_branch_datetime_operator.py took 0.063 seconds
