[2023-04-15T10:46:31.052+0700] {processor.py:153} INFO - Started process (PID=16318) to work on /home/ahyar/Documents/tut_folder/tut_python/python_script/tut_airflow/env_airflow/lib/python3.9/site-packages/airflow/example_dags/example_short_circuit_decorator.py
[2023-04-15T10:46:31.053+0700] {processor.py:743} INFO - Processing file /home/ahyar/Documents/tut_folder/tut_python/python_script/tut_airflow/env_airflow/lib/python3.9/site-packages/airflow/example_dags/example_short_circuit_decorator.py for tasks to queue
[2023-04-15T10:46:31.053+0700] {logging_mixin.py:137} INFO - [2023-04-15T10:46:31.053+0700] {dagbag.py:532} INFO - Filling up the DagBag from /home/ahyar/Documents/tut_folder/tut_python/python_script/tut_airflow/env_airflow/lib/python3.9/site-packages/airflow/example_dags/example_short_circuit_decorator.py
[2023-04-15T10:46:31.069+0700] {processor.py:753} INFO - DAG(s) dict_keys(['example_short_circuit_decorator']) retrieved from /home/ahyar/Documents/tut_folder/tut_python/python_script/tut_airflow/env_airflow/lib/python3.9/site-packages/airflow/example_dags/example_short_circuit_decorator.py
[2023-04-15T10:46:31.128+0700] {logging_mixin.py:137} INFO - [2023-04-15T10:46:31.128+0700] {manager.py:504} INFO - Created Permission View: can read on DAG:example_short_circuit_decorator
[2023-04-15T10:46:31.138+0700] {logging_mixin.py:137} INFO - [2023-04-15T10:46:31.137+0700] {manager.py:504} INFO - Created Permission View: can edit on DAG:example_short_circuit_decorator
[2023-04-15T10:46:31.146+0700] {logging_mixin.py:137} INFO - [2023-04-15T10:46:31.146+0700] {manager.py:504} INFO - Created Permission View: can delete on DAG:example_short_circuit_decorator
[2023-04-15T10:46:31.146+0700] {logging_mixin.py:137} INFO - [2023-04-15T10:46:31.146+0700] {dag.py:2705} INFO - Sync 1 DAGs
[2023-04-15T10:46:31.152+0700] {logging_mixin.py:137} INFO - [2023-04-15T10:46:31.152+0700] {dag.py:2726} INFO - Creating ORM DAG for example_short_circuit_decorator
[2023-04-15T10:46:31.157+0700] {logging_mixin.py:137} INFO - [2023-04-15T10:46:31.157+0700] {dag.py:3452} INFO - Setting next_dagrun for example_short_circuit_decorator to 2023-04-14T03:46:31.157594+00:00, run_after=2023-04-15T03:46:31.157594+00:00
[2023-04-15T10:46:31.172+0700] {processor.py:175} INFO - Processing /home/ahyar/Documents/tut_folder/tut_python/python_script/tut_airflow/env_airflow/lib/python3.9/site-packages/airflow/example_dags/example_short_circuit_decorator.py took 0.123 seconds
[2023-04-15T10:47:17.923+0700] {processor.py:153} INFO - Started process (PID=16569) to work on /home/ahyar/Documents/tut_folder/tut_python/python_script/tut_airflow/env_airflow/lib/python3.9/site-packages/airflow/example_dags/example_short_circuit_decorator.py
[2023-04-15T10:47:17.948+0700] {processor.py:743} INFO - Processing file /home/ahyar/Documents/tut_folder/tut_python/python_script/tut_airflow/env_airflow/lib/python3.9/site-packages/airflow/example_dags/example_short_circuit_decorator.py for tasks to queue
[2023-04-15T10:47:17.949+0700] {logging_mixin.py:137} INFO - [2023-04-15T10:47:17.949+0700] {dagbag.py:532} INFO - Filling up the DagBag from /home/ahyar/Documents/tut_folder/tut_python/python_script/tut_airflow/env_airflow/lib/python3.9/site-packages/airflow/example_dags/example_short_circuit_decorator.py
[2023-04-15T10:47:17.968+0700] {processor.py:753} INFO - DAG(s) dict_keys(['example_short_circuit_decorator']) retrieved from /home/ahyar/Documents/tut_folder/tut_python/python_script/tut_airflow/env_airflow/lib/python3.9/site-packages/airflow/example_dags/example_short_circuit_decorator.py
[2023-04-15T10:47:17.979+0700] {logging_mixin.py:137} INFO - [2023-04-15T10:47:17.978+0700] {dag.py:2705} INFO - Sync 1 DAGs
[2023-04-15T10:47:17.990+0700] {logging_mixin.py:137} INFO - [2023-04-15T10:47:17.990+0700] {dag.py:3452} INFO - Setting next_dagrun for example_short_circuit_decorator to 2023-04-14T03:47:17.989877+00:00, run_after=2023-04-15T03:47:17.989877+00:00
[2023-04-15T10:47:18.005+0700] {processor.py:175} INFO - Processing /home/ahyar/Documents/tut_folder/tut_python/python_script/tut_airflow/env_airflow/lib/python3.9/site-packages/airflow/example_dags/example_short_circuit_decorator.py took 0.085 seconds
[2023-04-15T10:47:56.434+0700] {processor.py:153} INFO - Started process (PID=16806) to work on /home/ahyar/Documents/tut_folder/tut_python/python_script/tut_airflow/env_airflow/lib/python3.9/site-packages/airflow/example_dags/example_short_circuit_decorator.py
[2023-04-15T10:47:56.435+0700] {processor.py:743} INFO - Processing file /home/ahyar/Documents/tut_folder/tut_python/python_script/tut_airflow/env_airflow/lib/python3.9/site-packages/airflow/example_dags/example_short_circuit_decorator.py for tasks to queue
[2023-04-15T10:47:56.436+0700] {logging_mixin.py:137} INFO - [2023-04-15T10:47:56.436+0700] {dagbag.py:532} INFO - Filling up the DagBag from /home/ahyar/Documents/tut_folder/tut_python/python_script/tut_airflow/env_airflow/lib/python3.9/site-packages/airflow/example_dags/example_short_circuit_decorator.py
[2023-04-15T10:47:56.459+0700] {processor.py:753} INFO - DAG(s) dict_keys(['example_short_circuit_decorator']) retrieved from /home/ahyar/Documents/tut_folder/tut_python/python_script/tut_airflow/env_airflow/lib/python3.9/site-packages/airflow/example_dags/example_short_circuit_decorator.py
[2023-04-15T10:47:56.475+0700] {logging_mixin.py:137} INFO - [2023-04-15T10:47:56.474+0700] {dag.py:2705} INFO - Sync 1 DAGs
[2023-04-15T10:47:56.492+0700] {logging_mixin.py:137} INFO - [2023-04-15T10:47:56.492+0700] {dag.py:3452} INFO - Setting next_dagrun for example_short_circuit_decorator to 2023-04-14T03:47:56.492082+00:00, run_after=2023-04-15T03:47:56.492082+00:00
[2023-04-15T10:47:56.508+0700] {processor.py:175} INFO - Processing /home/ahyar/Documents/tut_folder/tut_python/python_script/tut_airflow/env_airflow/lib/python3.9/site-packages/airflow/example_dags/example_short_circuit_decorator.py took 0.078 seconds
[2023-04-15T10:48:28.987+0700] {processor.py:153} INFO - Started process (PID=17017) to work on /home/ahyar/Documents/tut_folder/tut_python/python_script/tut_airflow/env_airflow/lib/python3.9/site-packages/airflow/example_dags/example_short_circuit_decorator.py
[2023-04-15T10:48:28.989+0700] {processor.py:743} INFO - Processing file /home/ahyar/Documents/tut_folder/tut_python/python_script/tut_airflow/env_airflow/lib/python3.9/site-packages/airflow/example_dags/example_short_circuit_decorator.py for tasks to queue
[2023-04-15T10:48:28.989+0700] {logging_mixin.py:137} INFO - [2023-04-15T10:48:28.989+0700] {dagbag.py:532} INFO - Filling up the DagBag from /home/ahyar/Documents/tut_folder/tut_python/python_script/tut_airflow/env_airflow/lib/python3.9/site-packages/airflow/example_dags/example_short_circuit_decorator.py
[2023-04-15T10:48:29.008+0700] {processor.py:753} INFO - DAG(s) dict_keys(['example_short_circuit_decorator']) retrieved from /home/ahyar/Documents/tut_folder/tut_python/python_script/tut_airflow/env_airflow/lib/python3.9/site-packages/airflow/example_dags/example_short_circuit_decorator.py
[2023-04-15T10:48:29.018+0700] {logging_mixin.py:137} INFO - [2023-04-15T10:48:29.018+0700] {dag.py:2705} INFO - Sync 1 DAGs
[2023-04-15T10:48:29.028+0700] {logging_mixin.py:137} INFO - [2023-04-15T10:48:29.028+0700] {dag.py:3452} INFO - Setting next_dagrun for example_short_circuit_decorator to 2023-04-14T03:48:29.028138+00:00, run_after=2023-04-15T03:48:29.028138+00:00
[2023-04-15T10:48:29.042+0700] {processor.py:175} INFO - Processing /home/ahyar/Documents/tut_folder/tut_python/python_script/tut_airflow/env_airflow/lib/python3.9/site-packages/airflow/example_dags/example_short_circuit_decorator.py took 0.059 seconds
[2023-04-15T10:49:11.027+0700] {processor.py:153} INFO - Started process (PID=17402) to work on /home/ahyar/Documents/tut_folder/tut_python/python_script/tut_airflow/env_airflow/lib/python3.9/site-packages/airflow/example_dags/example_short_circuit_decorator.py
[2023-04-15T10:49:11.028+0700] {processor.py:743} INFO - Processing file /home/ahyar/Documents/tut_folder/tut_python/python_script/tut_airflow/env_airflow/lib/python3.9/site-packages/airflow/example_dags/example_short_circuit_decorator.py for tasks to queue
[2023-04-15T10:49:11.029+0700] {logging_mixin.py:137} INFO - [2023-04-15T10:49:11.029+0700] {dagbag.py:532} INFO - Filling up the DagBag from /home/ahyar/Documents/tut_folder/tut_python/python_script/tut_airflow/env_airflow/lib/python3.9/site-packages/airflow/example_dags/example_short_circuit_decorator.py
[2023-04-15T10:49:11.081+0700] {processor.py:753} INFO - DAG(s) dict_keys(['example_short_circuit_decorator']) retrieved from /home/ahyar/Documents/tut_folder/tut_python/python_script/tut_airflow/env_airflow/lib/python3.9/site-packages/airflow/example_dags/example_short_circuit_decorator.py
[2023-04-15T10:49:11.117+0700] {logging_mixin.py:137} INFO - [2023-04-15T10:49:11.116+0700] {dag.py:2705} INFO - Sync 1 DAGs
[2023-04-15T10:49:11.157+0700] {logging_mixin.py:137} INFO - [2023-04-15T10:49:11.156+0700] {dag.py:3452} INFO - Setting next_dagrun for example_short_circuit_decorator to 2023-04-14T03:49:11.156445+00:00, run_after=2023-04-15T03:49:11.156445+00:00
[2023-04-15T10:49:11.206+0700] {processor.py:175} INFO - Processing /home/ahyar/Documents/tut_folder/tut_python/python_script/tut_airflow/env_airflow/lib/python3.9/site-packages/airflow/example_dags/example_short_circuit_decorator.py took 0.185 seconds
[2023-04-15T10:50:00.515+0700] {processor.py:153} INFO - Started process (PID=17593) to work on /home/ahyar/Documents/tut_folder/tut_python/python_script/tut_airflow/env_airflow/lib/python3.9/site-packages/airflow/example_dags/example_short_circuit_decorator.py
[2023-04-15T10:50:00.516+0700] {processor.py:743} INFO - Processing file /home/ahyar/Documents/tut_folder/tut_python/python_script/tut_airflow/env_airflow/lib/python3.9/site-packages/airflow/example_dags/example_short_circuit_decorator.py for tasks to queue
[2023-04-15T10:50:00.516+0700] {logging_mixin.py:137} INFO - [2023-04-15T10:50:00.516+0700] {dagbag.py:532} INFO - Filling up the DagBag from /home/ahyar/Documents/tut_folder/tut_python/python_script/tut_airflow/env_airflow/lib/python3.9/site-packages/airflow/example_dags/example_short_circuit_decorator.py
[2023-04-15T10:50:00.536+0700] {processor.py:753} INFO - DAG(s) dict_keys(['example_short_circuit_decorator']) retrieved from /home/ahyar/Documents/tut_folder/tut_python/python_script/tut_airflow/env_airflow/lib/python3.9/site-packages/airflow/example_dags/example_short_circuit_decorator.py
[2023-04-15T10:50:00.553+0700] {logging_mixin.py:137} INFO - [2023-04-15T10:50:00.553+0700] {dag.py:2705} INFO - Sync 1 DAGs
[2023-04-15T10:50:00.569+0700] {logging_mixin.py:137} INFO - [2023-04-15T10:50:00.569+0700] {dag.py:3452} INFO - Setting next_dagrun for example_short_circuit_decorator to 2023-04-14T03:50:00.569098+00:00, run_after=2023-04-15T03:50:00.569098+00:00
[2023-04-15T10:50:00.592+0700] {processor.py:175} INFO - Processing /home/ahyar/Documents/tut_folder/tut_python/python_script/tut_airflow/env_airflow/lib/python3.9/site-packages/airflow/example_dags/example_short_circuit_decorator.py took 0.078 seconds
[2023-04-15T10:50:41.982+0700] {processor.py:153} INFO - Started process (PID=17749) to work on /home/ahyar/Documents/tut_folder/tut_python/python_script/tut_airflow/env_airflow/lib/python3.9/site-packages/airflow/example_dags/example_short_circuit_decorator.py
[2023-04-15T10:50:41.983+0700] {processor.py:743} INFO - Processing file /home/ahyar/Documents/tut_folder/tut_python/python_script/tut_airflow/env_airflow/lib/python3.9/site-packages/airflow/example_dags/example_short_circuit_decorator.py for tasks to queue
[2023-04-15T10:50:41.984+0700] {logging_mixin.py:137} INFO - [2023-04-15T10:50:41.984+0700] {dagbag.py:532} INFO - Filling up the DagBag from /home/ahyar/Documents/tut_folder/tut_python/python_script/tut_airflow/env_airflow/lib/python3.9/site-packages/airflow/example_dags/example_short_circuit_decorator.py
[2023-04-15T10:50:42.002+0700] {processor.py:753} INFO - DAG(s) dict_keys(['example_short_circuit_decorator']) retrieved from /home/ahyar/Documents/tut_folder/tut_python/python_script/tut_airflow/env_airflow/lib/python3.9/site-packages/airflow/example_dags/example_short_circuit_decorator.py
[2023-04-15T10:50:42.014+0700] {logging_mixin.py:137} INFO - [2023-04-15T10:50:42.014+0700] {dag.py:2705} INFO - Sync 1 DAGs
[2023-04-15T10:50:42.024+0700] {logging_mixin.py:137} INFO - [2023-04-15T10:50:42.024+0700] {dag.py:3452} INFO - Setting next_dagrun for example_short_circuit_decorator to 2023-04-14T03:50:42.024289+00:00, run_after=2023-04-15T03:50:42.024289+00:00
[2023-04-15T10:50:42.038+0700] {processor.py:175} INFO - Processing /home/ahyar/Documents/tut_folder/tut_python/python_script/tut_airflow/env_airflow/lib/python3.9/site-packages/airflow/example_dags/example_short_circuit_decorator.py took 0.060 seconds
[2023-04-15T10:51:22.132+0700] {processor.py:153} INFO - Started process (PID=17834) to work on /home/ahyar/Documents/tut_folder/tut_python/python_script/tut_airflow/env_airflow/lib/python3.9/site-packages/airflow/example_dags/example_short_circuit_decorator.py
[2023-04-15T10:51:22.134+0700] {processor.py:743} INFO - Processing file /home/ahyar/Documents/tut_folder/tut_python/python_script/tut_airflow/env_airflow/lib/python3.9/site-packages/airflow/example_dags/example_short_circuit_decorator.py for tasks to queue
[2023-04-15T10:51:22.136+0700] {logging_mixin.py:137} INFO - [2023-04-15T10:51:22.135+0700] {dagbag.py:532} INFO - Filling up the DagBag from /home/ahyar/Documents/tut_folder/tut_python/python_script/tut_airflow/env_airflow/lib/python3.9/site-packages/airflow/example_dags/example_short_circuit_decorator.py
[2023-04-15T10:51:22.166+0700] {processor.py:753} INFO - DAG(s) dict_keys(['example_short_circuit_decorator']) retrieved from /home/ahyar/Documents/tut_folder/tut_python/python_script/tut_airflow/env_airflow/lib/python3.9/site-packages/airflow/example_dags/example_short_circuit_decorator.py
[2023-04-15T10:51:22.194+0700] {logging_mixin.py:137} INFO - [2023-04-15T10:51:22.194+0700] {dag.py:2705} INFO - Sync 1 DAGs
[2023-04-15T10:51:22.215+0700] {logging_mixin.py:137} INFO - [2023-04-15T10:51:22.215+0700] {dag.py:3452} INFO - Setting next_dagrun for example_short_circuit_decorator to 2023-04-14T03:51:22.215292+00:00, run_after=2023-04-15T03:51:22.215292+00:00
[2023-04-15T10:51:22.246+0700] {processor.py:175} INFO - Processing /home/ahyar/Documents/tut_folder/tut_python/python_script/tut_airflow/env_airflow/lib/python3.9/site-packages/airflow/example_dags/example_short_circuit_decorator.py took 0.118 seconds
[2023-04-15T10:52:07.365+0700] {processor.py:153} INFO - Started process (PID=17905) to work on /home/ahyar/Documents/tut_folder/tut_python/python_script/tut_airflow/env_airflow/lib/python3.9/site-packages/airflow/example_dags/example_short_circuit_decorator.py
[2023-04-15T10:52:07.368+0700] {processor.py:743} INFO - Processing file /home/ahyar/Documents/tut_folder/tut_python/python_script/tut_airflow/env_airflow/lib/python3.9/site-packages/airflow/example_dags/example_short_circuit_decorator.py for tasks to queue
[2023-04-15T10:52:07.371+0700] {logging_mixin.py:137} INFO - [2023-04-15T10:52:07.370+0700] {dagbag.py:532} INFO - Filling up the DagBag from /home/ahyar/Documents/tut_folder/tut_python/python_script/tut_airflow/env_airflow/lib/python3.9/site-packages/airflow/example_dags/example_short_circuit_decorator.py
[2023-04-15T10:52:07.413+0700] {processor.py:753} INFO - DAG(s) dict_keys(['example_short_circuit_decorator']) retrieved from /home/ahyar/Documents/tut_folder/tut_python/python_script/tut_airflow/env_airflow/lib/python3.9/site-packages/airflow/example_dags/example_short_circuit_decorator.py
[2023-04-15T10:52:07.438+0700] {logging_mixin.py:137} INFO - [2023-04-15T10:52:07.438+0700] {dag.py:2705} INFO - Sync 1 DAGs
[2023-04-15T10:52:07.462+0700] {logging_mixin.py:137} INFO - [2023-04-15T10:52:07.462+0700] {dag.py:3452} INFO - Setting next_dagrun for example_short_circuit_decorator to 2023-04-14T03:52:07.461750+00:00, run_after=2023-04-15T03:52:07.461750+00:00
[2023-04-15T10:52:07.502+0700] {processor.py:175} INFO - Processing /home/ahyar/Documents/tut_folder/tut_python/python_script/tut_airflow/env_airflow/lib/python3.9/site-packages/airflow/example_dags/example_short_circuit_decorator.py took 0.141 seconds
[2023-04-15T10:52:54.544+0700] {processor.py:153} INFO - Started process (PID=18077) to work on /home/ahyar/Documents/tut_folder/tut_python/python_script/tut_airflow/env_airflow/lib/python3.9/site-packages/airflow/example_dags/example_short_circuit_decorator.py
[2023-04-15T10:52:54.546+0700] {processor.py:743} INFO - Processing file /home/ahyar/Documents/tut_folder/tut_python/python_script/tut_airflow/env_airflow/lib/python3.9/site-packages/airflow/example_dags/example_short_circuit_decorator.py for tasks to queue
[2023-04-15T10:52:54.548+0700] {logging_mixin.py:137} INFO - [2023-04-15T10:52:54.547+0700] {dagbag.py:532} INFO - Filling up the DagBag from /home/ahyar/Documents/tut_folder/tut_python/python_script/tut_airflow/env_airflow/lib/python3.9/site-packages/airflow/example_dags/example_short_circuit_decorator.py
[2023-04-15T10:52:54.581+0700] {processor.py:753} INFO - DAG(s) dict_keys(['example_short_circuit_decorator']) retrieved from /home/ahyar/Documents/tut_folder/tut_python/python_script/tut_airflow/env_airflow/lib/python3.9/site-packages/airflow/example_dags/example_short_circuit_decorator.py
[2023-04-15T10:52:54.611+0700] {logging_mixin.py:137} INFO - [2023-04-15T10:52:54.611+0700] {dag.py:2705} INFO - Sync 1 DAGs
[2023-04-15T10:52:54.648+0700] {logging_mixin.py:137} INFO - [2023-04-15T10:52:54.647+0700] {dag.py:3452} INFO - Setting next_dagrun for example_short_circuit_decorator to 2023-04-14T03:52:54.646337+00:00, run_after=2023-04-15T03:52:54.646337+00:00
[2023-04-15T10:52:54.697+0700] {processor.py:175} INFO - Processing /home/ahyar/Documents/tut_folder/tut_python/python_script/tut_airflow/env_airflow/lib/python3.9/site-packages/airflow/example_dags/example_short_circuit_decorator.py took 0.159 seconds
[2023-04-15T10:53:39.983+0700] {processor.py:153} INFO - Started process (PID=18173) to work on /home/ahyar/Documents/tut_folder/tut_python/python_script/tut_airflow/env_airflow/lib/python3.9/site-packages/airflow/example_dags/example_short_circuit_decorator.py
[2023-04-15T10:53:39.984+0700] {processor.py:743} INFO - Processing file /home/ahyar/Documents/tut_folder/tut_python/python_script/tut_airflow/env_airflow/lib/python3.9/site-packages/airflow/example_dags/example_short_circuit_decorator.py for tasks to queue
[2023-04-15T10:53:39.985+0700] {logging_mixin.py:137} INFO - [2023-04-15T10:53:39.985+0700] {dagbag.py:532} INFO - Filling up the DagBag from /home/ahyar/Documents/tut_folder/tut_python/python_script/tut_airflow/env_airflow/lib/python3.9/site-packages/airflow/example_dags/example_short_circuit_decorator.py
[2023-04-15T10:53:40.004+0700] {processor.py:753} INFO - DAG(s) dict_keys(['example_short_circuit_decorator']) retrieved from /home/ahyar/Documents/tut_folder/tut_python/python_script/tut_airflow/env_airflow/lib/python3.9/site-packages/airflow/example_dags/example_short_circuit_decorator.py
[2023-04-15T10:53:40.015+0700] {logging_mixin.py:137} INFO - [2023-04-15T10:53:40.014+0700] {dag.py:2705} INFO - Sync 1 DAGs
[2023-04-15T10:53:40.025+0700] {logging_mixin.py:137} INFO - [2023-04-15T10:53:40.025+0700] {dag.py:3452} INFO - Setting next_dagrun for example_short_circuit_decorator to 2023-04-14T03:53:40.025720+00:00, run_after=2023-04-15T03:53:40.025720+00:00
[2023-04-15T10:53:40.039+0700] {processor.py:175} INFO - Processing /home/ahyar/Documents/tut_folder/tut_python/python_script/tut_airflow/env_airflow/lib/python3.9/site-packages/airflow/example_dags/example_short_circuit_decorator.py took 0.060 seconds
[2023-04-15T10:54:25.024+0700] {processor.py:153} INFO - Started process (PID=18258) to work on /home/ahyar/Documents/tut_folder/tut_python/python_script/tut_airflow/env_airflow/lib/python3.9/site-packages/airflow/example_dags/example_short_circuit_decorator.py
[2023-04-15T10:54:25.026+0700] {processor.py:743} INFO - Processing file /home/ahyar/Documents/tut_folder/tut_python/python_script/tut_airflow/env_airflow/lib/python3.9/site-packages/airflow/example_dags/example_short_circuit_decorator.py for tasks to queue
[2023-04-15T10:54:25.026+0700] {logging_mixin.py:137} INFO - [2023-04-15T10:54:25.026+0700] {dagbag.py:532} INFO - Filling up the DagBag from /home/ahyar/Documents/tut_folder/tut_python/python_script/tut_airflow/env_airflow/lib/python3.9/site-packages/airflow/example_dags/example_short_circuit_decorator.py
[2023-04-15T10:54:25.053+0700] {processor.py:753} INFO - DAG(s) dict_keys(['example_short_circuit_decorator']) retrieved from /home/ahyar/Documents/tut_folder/tut_python/python_script/tut_airflow/env_airflow/lib/python3.9/site-packages/airflow/example_dags/example_short_circuit_decorator.py
[2023-04-15T10:54:25.076+0700] {logging_mixin.py:137} INFO - [2023-04-15T10:54:25.076+0700] {dag.py:2705} INFO - Sync 1 DAGs
[2023-04-15T10:54:25.095+0700] {logging_mixin.py:137} INFO - [2023-04-15T10:54:25.095+0700] {dag.py:3452} INFO - Setting next_dagrun for example_short_circuit_decorator to 2023-04-14T03:54:25.095550+00:00, run_after=2023-04-15T03:54:25.095550+00:00
[2023-04-15T10:54:25.120+0700] {processor.py:175} INFO - Processing /home/ahyar/Documents/tut_folder/tut_python/python_script/tut_airflow/env_airflow/lib/python3.9/site-packages/airflow/example_dags/example_short_circuit_decorator.py took 0.102 seconds
[2023-04-15T10:55:09.747+0700] {processor.py:153} INFO - Started process (PID=18330) to work on /home/ahyar/Documents/tut_folder/tut_python/python_script/tut_airflow/env_airflow/lib/python3.9/site-packages/airflow/example_dags/example_short_circuit_decorator.py
[2023-04-15T10:55:09.749+0700] {processor.py:743} INFO - Processing file /home/ahyar/Documents/tut_folder/tut_python/python_script/tut_airflow/env_airflow/lib/python3.9/site-packages/airflow/example_dags/example_short_circuit_decorator.py for tasks to queue
[2023-04-15T10:55:09.752+0700] {logging_mixin.py:137} INFO - [2023-04-15T10:55:09.751+0700] {dagbag.py:532} INFO - Filling up the DagBag from /home/ahyar/Documents/tut_folder/tut_python/python_script/tut_airflow/env_airflow/lib/python3.9/site-packages/airflow/example_dags/example_short_circuit_decorator.py
[2023-04-15T10:55:09.782+0700] {processor.py:753} INFO - DAG(s) dict_keys(['example_short_circuit_decorator']) retrieved from /home/ahyar/Documents/tut_folder/tut_python/python_script/tut_airflow/env_airflow/lib/python3.9/site-packages/airflow/example_dags/example_short_circuit_decorator.py
[2023-04-15T10:55:09.813+0700] {logging_mixin.py:137} INFO - [2023-04-15T10:55:09.812+0700] {dag.py:2705} INFO - Sync 1 DAGs
[2023-04-15T10:55:09.863+0700] {logging_mixin.py:137} INFO - [2023-04-15T10:55:09.863+0700] {dag.py:3452} INFO - Setting next_dagrun for example_short_circuit_decorator to 2023-04-14T03:55:09.862755+00:00, run_after=2023-04-15T03:55:09.862755+00:00
[2023-04-15T10:55:09.895+0700] {processor.py:175} INFO - Processing /home/ahyar/Documents/tut_folder/tut_python/python_script/tut_airflow/env_airflow/lib/python3.9/site-packages/airflow/example_dags/example_short_circuit_decorator.py took 0.154 seconds
[2023-04-15T10:55:55.412+0700] {processor.py:153} INFO - Started process (PID=18442) to work on /home/ahyar/Documents/tut_folder/tut_python/python_script/tut_airflow/env_airflow/lib/python3.9/site-packages/airflow/example_dags/example_short_circuit_decorator.py
[2023-04-15T10:55:55.413+0700] {processor.py:743} INFO - Processing file /home/ahyar/Documents/tut_folder/tut_python/python_script/tut_airflow/env_airflow/lib/python3.9/site-packages/airflow/example_dags/example_short_circuit_decorator.py for tasks to queue
[2023-04-15T10:55:55.414+0700] {logging_mixin.py:137} INFO - [2023-04-15T10:55:55.414+0700] {dagbag.py:532} INFO - Filling up the DagBag from /home/ahyar/Documents/tut_folder/tut_python/python_script/tut_airflow/env_airflow/lib/python3.9/site-packages/airflow/example_dags/example_short_circuit_decorator.py
[2023-04-15T10:55:55.436+0700] {processor.py:753} INFO - DAG(s) dict_keys(['example_short_circuit_decorator']) retrieved from /home/ahyar/Documents/tut_folder/tut_python/python_script/tut_airflow/env_airflow/lib/python3.9/site-packages/airflow/example_dags/example_short_circuit_decorator.py
[2023-04-15T10:55:55.453+0700] {logging_mixin.py:137} INFO - [2023-04-15T10:55:55.453+0700] {dag.py:2705} INFO - Sync 1 DAGs
[2023-04-15T10:55:55.471+0700] {logging_mixin.py:137} INFO - [2023-04-15T10:55:55.471+0700] {dag.py:3452} INFO - Setting next_dagrun for example_short_circuit_decorator to 2023-04-14T03:55:55.471284+00:00, run_after=2023-04-15T03:55:55.471284+00:00
[2023-04-15T10:55:55.506+0700] {processor.py:175} INFO - Processing /home/ahyar/Documents/tut_folder/tut_python/python_script/tut_airflow/env_airflow/lib/python3.9/site-packages/airflow/example_dags/example_short_circuit_decorator.py took 0.097 seconds
[2023-04-15T10:56:38.383+0700] {processor.py:153} INFO - Started process (PID=18510) to work on /home/ahyar/Documents/tut_folder/tut_python/python_script/tut_airflow/env_airflow/lib/python3.9/site-packages/airflow/example_dags/example_short_circuit_decorator.py
[2023-04-15T10:56:38.384+0700] {processor.py:743} INFO - Processing file /home/ahyar/Documents/tut_folder/tut_python/python_script/tut_airflow/env_airflow/lib/python3.9/site-packages/airflow/example_dags/example_short_circuit_decorator.py for tasks to queue
[2023-04-15T10:56:38.385+0700] {logging_mixin.py:137} INFO - [2023-04-15T10:56:38.385+0700] {dagbag.py:532} INFO - Filling up the DagBag from /home/ahyar/Documents/tut_folder/tut_python/python_script/tut_airflow/env_airflow/lib/python3.9/site-packages/airflow/example_dags/example_short_circuit_decorator.py
[2023-04-15T10:56:38.443+0700] {processor.py:753} INFO - DAG(s) dict_keys(['example_short_circuit_decorator']) retrieved from /home/ahyar/Documents/tut_folder/tut_python/python_script/tut_airflow/env_airflow/lib/python3.9/site-packages/airflow/example_dags/example_short_circuit_decorator.py
[2023-04-15T10:56:38.485+0700] {logging_mixin.py:137} INFO - [2023-04-15T10:56:38.485+0700] {dag.py:2705} INFO - Sync 1 DAGs
[2023-04-15T10:56:38.588+0700] {logging_mixin.py:137} INFO - [2023-04-15T10:56:38.588+0700] {dag.py:3452} INFO - Setting next_dagrun for example_short_circuit_decorator to 2023-04-14T03:56:38.585680+00:00, run_after=2023-04-15T03:56:38.585680+00:00
[2023-04-15T10:56:38.637+0700] {processor.py:175} INFO - Processing /home/ahyar/Documents/tut_folder/tut_python/python_script/tut_airflow/env_airflow/lib/python3.9/site-packages/airflow/example_dags/example_short_circuit_decorator.py took 0.266 seconds
[2023-04-15T10:57:21.404+0700] {processor.py:153} INFO - Started process (PID=18573) to work on /home/ahyar/Documents/tut_folder/tut_python/python_script/tut_airflow/env_airflow/lib/python3.9/site-packages/airflow/example_dags/example_short_circuit_decorator.py
[2023-04-15T10:57:21.406+0700] {processor.py:743} INFO - Processing file /home/ahyar/Documents/tut_folder/tut_python/python_script/tut_airflow/env_airflow/lib/python3.9/site-packages/airflow/example_dags/example_short_circuit_decorator.py for tasks to queue
[2023-04-15T10:57:21.407+0700] {logging_mixin.py:137} INFO - [2023-04-15T10:57:21.406+0700] {dagbag.py:532} INFO - Filling up the DagBag from /home/ahyar/Documents/tut_folder/tut_python/python_script/tut_airflow/env_airflow/lib/python3.9/site-packages/airflow/example_dags/example_short_circuit_decorator.py
[2023-04-15T10:57:21.429+0700] {processor.py:753} INFO - DAG(s) dict_keys(['example_short_circuit_decorator']) retrieved from /home/ahyar/Documents/tut_folder/tut_python/python_script/tut_airflow/env_airflow/lib/python3.9/site-packages/airflow/example_dags/example_short_circuit_decorator.py
[2023-04-15T10:57:21.443+0700] {logging_mixin.py:137} INFO - [2023-04-15T10:57:21.442+0700] {dag.py:2705} INFO - Sync 1 DAGs
[2023-04-15T10:57:21.458+0700] {logging_mixin.py:137} INFO - [2023-04-15T10:57:21.458+0700] {dag.py:3452} INFO - Setting next_dagrun for example_short_circuit_decorator to 2023-04-14T03:57:21.457740+00:00, run_after=2023-04-15T03:57:21.457740+00:00
[2023-04-15T10:57:21.477+0700] {processor.py:175} INFO - Processing /home/ahyar/Documents/tut_folder/tut_python/python_script/tut_airflow/env_airflow/lib/python3.9/site-packages/airflow/example_dags/example_short_circuit_decorator.py took 0.077 seconds
[2023-04-15T10:58:07.392+0700] {processor.py:153} INFO - Started process (PID=18645) to work on /home/ahyar/Documents/tut_folder/tut_python/python_script/tut_airflow/env_airflow/lib/python3.9/site-packages/airflow/example_dags/example_short_circuit_decorator.py
[2023-04-15T10:58:07.394+0700] {processor.py:743} INFO - Processing file /home/ahyar/Documents/tut_folder/tut_python/python_script/tut_airflow/env_airflow/lib/python3.9/site-packages/airflow/example_dags/example_short_circuit_decorator.py for tasks to queue
[2023-04-15T10:58:07.395+0700] {logging_mixin.py:137} INFO - [2023-04-15T10:58:07.395+0700] {dagbag.py:532} INFO - Filling up the DagBag from /home/ahyar/Documents/tut_folder/tut_python/python_script/tut_airflow/env_airflow/lib/python3.9/site-packages/airflow/example_dags/example_short_circuit_decorator.py
[2023-04-15T10:58:07.433+0700] {processor.py:753} INFO - DAG(s) dict_keys(['example_short_circuit_decorator']) retrieved from /home/ahyar/Documents/tut_folder/tut_python/python_script/tut_airflow/env_airflow/lib/python3.9/site-packages/airflow/example_dags/example_short_circuit_decorator.py
[2023-04-15T10:58:07.460+0700] {logging_mixin.py:137} INFO - [2023-04-15T10:58:07.460+0700] {dag.py:2705} INFO - Sync 1 DAGs
[2023-04-15T10:58:07.484+0700] {logging_mixin.py:137} INFO - [2023-04-15T10:58:07.484+0700] {dag.py:3452} INFO - Setting next_dagrun for example_short_circuit_decorator to 2023-04-14T03:58:07.483677+00:00, run_after=2023-04-15T03:58:07.483677+00:00
[2023-04-15T10:58:07.509+0700] {processor.py:175} INFO - Processing /home/ahyar/Documents/tut_folder/tut_python/python_script/tut_airflow/env_airflow/lib/python3.9/site-packages/airflow/example_dags/example_short_circuit_decorator.py took 0.120 seconds
[2023-04-15T10:58:54.860+0700] {processor.py:153} INFO - Started process (PID=18830) to work on /home/ahyar/Documents/tut_folder/tut_python/python_script/tut_airflow/env_airflow/lib/python3.9/site-packages/airflow/example_dags/example_short_circuit_decorator.py
[2023-04-15T10:58:54.862+0700] {processor.py:743} INFO - Processing file /home/ahyar/Documents/tut_folder/tut_python/python_script/tut_airflow/env_airflow/lib/python3.9/site-packages/airflow/example_dags/example_short_circuit_decorator.py for tasks to queue
[2023-04-15T10:58:54.863+0700] {logging_mixin.py:137} INFO - [2023-04-15T10:58:54.863+0700] {dagbag.py:532} INFO - Filling up the DagBag from /home/ahyar/Documents/tut_folder/tut_python/python_script/tut_airflow/env_airflow/lib/python3.9/site-packages/airflow/example_dags/example_short_circuit_decorator.py
[2023-04-15T10:58:54.912+0700] {processor.py:753} INFO - DAG(s) dict_keys(['example_short_circuit_decorator']) retrieved from /home/ahyar/Documents/tut_folder/tut_python/python_script/tut_airflow/env_airflow/lib/python3.9/site-packages/airflow/example_dags/example_short_circuit_decorator.py
[2023-04-15T10:58:54.931+0700] {logging_mixin.py:137} INFO - [2023-04-15T10:58:54.931+0700] {dag.py:2705} INFO - Sync 1 DAGs
[2023-04-15T10:58:54.953+0700] {logging_mixin.py:137} INFO - [2023-04-15T10:58:54.953+0700] {dag.py:3452} INFO - Setting next_dagrun for example_short_circuit_decorator to 2023-04-14T03:58:54.953468+00:00, run_after=2023-04-15T03:58:54.953468+00:00
[2023-04-15T10:58:54.972+0700] {processor.py:175} INFO - Processing /home/ahyar/Documents/tut_folder/tut_python/python_script/tut_airflow/env_airflow/lib/python3.9/site-packages/airflow/example_dags/example_short_circuit_decorator.py took 0.117 seconds
[2023-04-15T11:02:00.647+0700] {processor.py:153} INFO - Started process (PID=20832) to work on /home/ahyar/Documents/tut_folder/tut_python/python_script/tut_airflow/env_airflow/lib/python3.9/site-packages/airflow/example_dags/example_short_circuit_decorator.py
[2023-04-15T11:02:00.647+0700] {processor.py:743} INFO - Processing file /home/ahyar/Documents/tut_folder/tut_python/python_script/tut_airflow/env_airflow/lib/python3.9/site-packages/airflow/example_dags/example_short_circuit_decorator.py for tasks to queue
[2023-04-15T11:02:00.648+0700] {logging_mixin.py:137} INFO - [2023-04-15T11:02:00.648+0700] {dagbag.py:532} INFO - Filling up the DagBag from /home/ahyar/Documents/tut_folder/tut_python/python_script/tut_airflow/env_airflow/lib/python3.9/site-packages/airflow/example_dags/example_short_circuit_decorator.py
[2023-04-15T11:02:00.665+0700] {processor.py:753} INFO - DAG(s) dict_keys(['example_short_circuit_decorator']) retrieved from /home/ahyar/Documents/tut_folder/tut_python/python_script/tut_airflow/env_airflow/lib/python3.9/site-packages/airflow/example_dags/example_short_circuit_decorator.py
[2023-04-15T11:02:00.677+0700] {logging_mixin.py:137} INFO - [2023-04-15T11:02:00.677+0700] {dag.py:2705} INFO - Sync 1 DAGs
[2023-04-15T11:02:00.688+0700] {logging_mixin.py:137} INFO - [2023-04-15T11:02:00.688+0700] {dag.py:3452} INFO - Setting next_dagrun for example_short_circuit_decorator to 2023-04-14T04:02:00.687882+00:00, run_after=2023-04-15T04:02:00.687882+00:00
[2023-04-15T11:02:00.702+0700] {processor.py:175} INFO - Processing /home/ahyar/Documents/tut_folder/tut_python/python_script/tut_airflow/env_airflow/lib/python3.9/site-packages/airflow/example_dags/example_short_circuit_decorator.py took 0.057 seconds
[2023-04-15T11:05:11.937+0700] {processor.py:153} INFO - Started process (PID=23076) to work on /home/ahyar/Documents/tut_folder/tut_python/python_script/tut_airflow/env_airflow/lib/python3.9/site-packages/airflow/example_dags/example_short_circuit_decorator.py
[2023-04-15T11:05:11.939+0700] {processor.py:743} INFO - Processing file /home/ahyar/Documents/tut_folder/tut_python/python_script/tut_airflow/env_airflow/lib/python3.9/site-packages/airflow/example_dags/example_short_circuit_decorator.py for tasks to queue
[2023-04-15T11:05:11.939+0700] {logging_mixin.py:137} INFO - [2023-04-15T11:05:11.939+0700] {dagbag.py:532} INFO - Filling up the DagBag from /home/ahyar/Documents/tut_folder/tut_python/python_script/tut_airflow/env_airflow/lib/python3.9/site-packages/airflow/example_dags/example_short_circuit_decorator.py
[2023-04-15T11:05:11.956+0700] {processor.py:753} INFO - DAG(s) dict_keys(['example_short_circuit_decorator']) retrieved from /home/ahyar/Documents/tut_folder/tut_python/python_script/tut_airflow/env_airflow/lib/python3.9/site-packages/airflow/example_dags/example_short_circuit_decorator.py
[2023-04-15T11:05:11.969+0700] {logging_mixin.py:137} INFO - [2023-04-15T11:05:11.969+0700] {dag.py:2705} INFO - Sync 1 DAGs
[2023-04-15T11:05:11.982+0700] {logging_mixin.py:137} INFO - [2023-04-15T11:05:11.982+0700] {dag.py:3452} INFO - Setting next_dagrun for example_short_circuit_decorator to 2023-04-14T04:05:11.982146+00:00, run_after=2023-04-15T04:05:11.982146+00:00
[2023-04-15T11:05:12.085+0700] {processor.py:175} INFO - Processing /home/ahyar/Documents/tut_folder/tut_python/python_script/tut_airflow/env_airflow/lib/python3.9/site-packages/airflow/example_dags/example_short_circuit_decorator.py took 0.151 seconds
