[2023-04-15T10:46:34.786+0700] {processor.py:153} INFO - Started process (PID=16333) to work on /home/ahyar/Documents/tut_folder/tut_python/python_script/tut_airflow/env_airflow/lib/python3.9/site-packages/airflow/example_dags/example_time_delta_sensor_async.py
[2023-04-15T10:46:34.787+0700] {processor.py:743} INFO - Processing file /home/ahyar/Documents/tut_folder/tut_python/python_script/tut_airflow/env_airflow/lib/python3.9/site-packages/airflow/example_dags/example_time_delta_sensor_async.py for tasks to queue
[2023-04-15T10:46:34.788+0700] {logging_mixin.py:137} INFO - [2023-04-15T10:46:34.788+0700] {dagbag.py:532} INFO - Filling up the DagBag from /home/ahyar/Documents/tut_folder/tut_python/python_script/tut_airflow/env_airflow/lib/python3.9/site-packages/airflow/example_dags/example_time_delta_sensor_async.py
[2023-04-15T10:46:34.802+0700] {processor.py:753} INFO - DAG(s) dict_keys(['example_time_delta_sensor_async']) retrieved from /home/ahyar/Documents/tut_folder/tut_python/python_script/tut_airflow/env_airflow/lib/python3.9/site-packages/airflow/example_dags/example_time_delta_sensor_async.py
[2023-04-15T10:46:34.900+0700] {logging_mixin.py:137} INFO - [2023-04-15T10:46:34.899+0700] {manager.py:504} INFO - Created Permission View: can read on DAG:example_time_delta_sensor_async
[2023-04-15T10:46:34.912+0700] {logging_mixin.py:137} INFO - [2023-04-15T10:46:34.912+0700] {manager.py:504} INFO - Created Permission View: can edit on DAG:example_time_delta_sensor_async
[2023-04-15T10:46:34.921+0700] {logging_mixin.py:137} INFO - [2023-04-15T10:46:34.920+0700] {manager.py:504} INFO - Created Permission View: can delete on DAG:example_time_delta_sensor_async
[2023-04-15T10:46:34.921+0700] {logging_mixin.py:137} INFO - [2023-04-15T10:46:34.921+0700] {dag.py:2705} INFO - Sync 1 DAGs
[2023-04-15T10:46:34.927+0700] {logging_mixin.py:137} INFO - [2023-04-15T10:46:34.927+0700] {dag.py:2726} INFO - Creating ORM DAG for example_time_delta_sensor_async
[2023-04-15T10:46:34.932+0700] {logging_mixin.py:137} INFO - [2023-04-15T10:46:34.932+0700] {dag.py:3452} INFO - Setting next_dagrun for example_time_delta_sensor_async to None, run_after=None
[2023-04-15T10:46:34.948+0700] {processor.py:175} INFO - Processing /home/ahyar/Documents/tut_folder/tut_python/python_script/tut_airflow/env_airflow/lib/python3.9/site-packages/airflow/example_dags/example_time_delta_sensor_async.py took 0.164 seconds
[2023-04-15T10:47:20.597+0700] {processor.py:153} INFO - Started process (PID=16572) to work on /home/ahyar/Documents/tut_folder/tut_python/python_script/tut_airflow/env_airflow/lib/python3.9/site-packages/airflow/example_dags/example_time_delta_sensor_async.py
[2023-04-15T10:47:20.597+0700] {processor.py:743} INFO - Processing file /home/ahyar/Documents/tut_folder/tut_python/python_script/tut_airflow/env_airflow/lib/python3.9/site-packages/airflow/example_dags/example_time_delta_sensor_async.py for tasks to queue
[2023-04-15T10:47:20.598+0700] {logging_mixin.py:137} INFO - [2023-04-15T10:47:20.598+0700] {dagbag.py:532} INFO - Filling up the DagBag from /home/ahyar/Documents/tut_folder/tut_python/python_script/tut_airflow/env_airflow/lib/python3.9/site-packages/airflow/example_dags/example_time_delta_sensor_async.py
[2023-04-15T10:47:20.606+0700] {processor.py:753} INFO - DAG(s) dict_keys(['example_time_delta_sensor_async']) retrieved from /home/ahyar/Documents/tut_folder/tut_python/python_script/tut_airflow/env_airflow/lib/python3.9/site-packages/airflow/example_dags/example_time_delta_sensor_async.py
[2023-04-15T10:47:20.616+0700] {logging_mixin.py:137} INFO - [2023-04-15T10:47:20.616+0700] {dag.py:2705} INFO - Sync 1 DAGs
[2023-04-15T10:47:20.626+0700] {logging_mixin.py:137} INFO - [2023-04-15T10:47:20.626+0700] {dag.py:3452} INFO - Setting next_dagrun for example_time_delta_sensor_async to None, run_after=None
[2023-04-15T10:47:20.641+0700] {processor.py:175} INFO - Processing /home/ahyar/Documents/tut_folder/tut_python/python_script/tut_airflow/env_airflow/lib/python3.9/site-packages/airflow/example_dags/example_time_delta_sensor_async.py took 0.046 seconds
[2023-04-15T10:48:31.666+0700] {processor.py:153} INFO - Started process (PID=17020) to work on /home/ahyar/Documents/tut_folder/tut_python/python_script/tut_airflow/env_airflow/lib/python3.9/site-packages/airflow/example_dags/example_time_delta_sensor_async.py
[2023-04-15T10:48:31.667+0700] {processor.py:743} INFO - Processing file /home/ahyar/Documents/tut_folder/tut_python/python_script/tut_airflow/env_airflow/lib/python3.9/site-packages/airflow/example_dags/example_time_delta_sensor_async.py for tasks to queue
[2023-04-15T10:48:31.667+0700] {logging_mixin.py:137} INFO - [2023-04-15T10:48:31.667+0700] {dagbag.py:532} INFO - Filling up the DagBag from /home/ahyar/Documents/tut_folder/tut_python/python_script/tut_airflow/env_airflow/lib/python3.9/site-packages/airflow/example_dags/example_time_delta_sensor_async.py
[2023-04-15T10:48:31.676+0700] {processor.py:753} INFO - DAG(s) dict_keys(['example_time_delta_sensor_async']) retrieved from /home/ahyar/Documents/tut_folder/tut_python/python_script/tut_airflow/env_airflow/lib/python3.9/site-packages/airflow/example_dags/example_time_delta_sensor_async.py
[2023-04-15T10:48:31.691+0700] {logging_mixin.py:137} INFO - [2023-04-15T10:48:31.691+0700] {dag.py:2705} INFO - Sync 1 DAGs
[2023-04-15T10:48:31.704+0700] {logging_mixin.py:137} INFO - [2023-04-15T10:48:31.704+0700] {dag.py:3452} INFO - Setting next_dagrun for example_time_delta_sensor_async to None, run_after=None
[2023-04-15T10:48:31.729+0700] {processor.py:175} INFO - Processing /home/ahyar/Documents/tut_folder/tut_python/python_script/tut_airflow/env_airflow/lib/python3.9/site-packages/airflow/example_dags/example_time_delta_sensor_async.py took 0.065 seconds
[2023-04-15T10:49:14.737+0700] {processor.py:153} INFO - Started process (PID=17424) to work on /home/ahyar/Documents/tut_folder/tut_python/python_script/tut_airflow/env_airflow/lib/python3.9/site-packages/airflow/example_dags/example_time_delta_sensor_async.py
[2023-04-15T10:49:14.744+0700] {processor.py:743} INFO - Processing file /home/ahyar/Documents/tut_folder/tut_python/python_script/tut_airflow/env_airflow/lib/python3.9/site-packages/airflow/example_dags/example_time_delta_sensor_async.py for tasks to queue
[2023-04-15T10:49:14.744+0700] {logging_mixin.py:137} INFO - [2023-04-15T10:49:14.744+0700] {dagbag.py:532} INFO - Filling up the DagBag from /home/ahyar/Documents/tut_folder/tut_python/python_script/tut_airflow/env_airflow/lib/python3.9/site-packages/airflow/example_dags/example_time_delta_sensor_async.py
[2023-04-15T10:49:14.761+0700] {processor.py:753} INFO - DAG(s) dict_keys(['example_time_delta_sensor_async']) retrieved from /home/ahyar/Documents/tut_folder/tut_python/python_script/tut_airflow/env_airflow/lib/python3.9/site-packages/airflow/example_dags/example_time_delta_sensor_async.py
[2023-04-15T10:49:14.793+0700] {logging_mixin.py:137} INFO - [2023-04-15T10:49:14.792+0700] {dag.py:2705} INFO - Sync 1 DAGs
[2023-04-15T10:49:14.825+0700] {logging_mixin.py:137} INFO - [2023-04-15T10:49:14.825+0700] {dag.py:3452} INFO - Setting next_dagrun for example_time_delta_sensor_async to None, run_after=None
[2023-04-15T10:49:14.883+0700] {processor.py:175} INFO - Processing /home/ahyar/Documents/tut_folder/tut_python/python_script/tut_airflow/env_airflow/lib/python3.9/site-packages/airflow/example_dags/example_time_delta_sensor_async.py took 0.151 seconds
[2023-04-15T10:50:03.353+0700] {processor.py:153} INFO - Started process (PID=17613) to work on /home/ahyar/Documents/tut_folder/tut_python/python_script/tut_airflow/env_airflow/lib/python3.9/site-packages/airflow/example_dags/example_time_delta_sensor_async.py
[2023-04-15T10:50:03.354+0700] {processor.py:743} INFO - Processing file /home/ahyar/Documents/tut_folder/tut_python/python_script/tut_airflow/env_airflow/lib/python3.9/site-packages/airflow/example_dags/example_time_delta_sensor_async.py for tasks to queue
[2023-04-15T10:50:03.354+0700] {logging_mixin.py:137} INFO - [2023-04-15T10:50:03.354+0700] {dagbag.py:532} INFO - Filling up the DagBag from /home/ahyar/Documents/tut_folder/tut_python/python_script/tut_airflow/env_airflow/lib/python3.9/site-packages/airflow/example_dags/example_time_delta_sensor_async.py
[2023-04-15T10:50:03.362+0700] {processor.py:753} INFO - DAG(s) dict_keys(['example_time_delta_sensor_async']) retrieved from /home/ahyar/Documents/tut_folder/tut_python/python_script/tut_airflow/env_airflow/lib/python3.9/site-packages/airflow/example_dags/example_time_delta_sensor_async.py
[2023-04-15T10:50:03.373+0700] {logging_mixin.py:137} INFO - [2023-04-15T10:50:03.372+0700] {dag.py:2705} INFO - Sync 1 DAGs
[2023-04-15T10:50:03.387+0700] {logging_mixin.py:137} INFO - [2023-04-15T10:50:03.387+0700] {dag.py:3452} INFO - Setting next_dagrun for example_time_delta_sensor_async to None, run_after=None
[2023-04-15T10:50:03.421+0700] {processor.py:175} INFO - Processing /home/ahyar/Documents/tut_folder/tut_python/python_script/tut_airflow/env_airflow/lib/python3.9/site-packages/airflow/example_dags/example_time_delta_sensor_async.py took 0.070 seconds
[2023-04-15T10:50:45.099+0700] {processor.py:153} INFO - Started process (PID=17752) to work on /home/ahyar/Documents/tut_folder/tut_python/python_script/tut_airflow/env_airflow/lib/python3.9/site-packages/airflow/example_dags/example_time_delta_sensor_async.py
[2023-04-15T10:50:45.100+0700] {processor.py:743} INFO - Processing file /home/ahyar/Documents/tut_folder/tut_python/python_script/tut_airflow/env_airflow/lib/python3.9/site-packages/airflow/example_dags/example_time_delta_sensor_async.py for tasks to queue
[2023-04-15T10:50:45.101+0700] {logging_mixin.py:137} INFO - [2023-04-15T10:50:45.100+0700] {dagbag.py:532} INFO - Filling up the DagBag from /home/ahyar/Documents/tut_folder/tut_python/python_script/tut_airflow/env_airflow/lib/python3.9/site-packages/airflow/example_dags/example_time_delta_sensor_async.py
[2023-04-15T10:50:45.109+0700] {processor.py:753} INFO - DAG(s) dict_keys(['example_time_delta_sensor_async']) retrieved from /home/ahyar/Documents/tut_folder/tut_python/python_script/tut_airflow/env_airflow/lib/python3.9/site-packages/airflow/example_dags/example_time_delta_sensor_async.py
[2023-04-15T10:50:45.120+0700] {logging_mixin.py:137} INFO - [2023-04-15T10:50:45.120+0700] {dag.py:2705} INFO - Sync 1 DAGs
[2023-04-15T10:50:45.134+0700] {logging_mixin.py:137} INFO - [2023-04-15T10:50:45.133+0700] {dag.py:3452} INFO - Setting next_dagrun for example_time_delta_sensor_async to None, run_after=None
[2023-04-15T10:50:45.155+0700] {processor.py:175} INFO - Processing /home/ahyar/Documents/tut_folder/tut_python/python_script/tut_airflow/env_airflow/lib/python3.9/site-packages/airflow/example_dags/example_time_delta_sensor_async.py took 0.061 seconds
[2023-04-15T10:51:25.650+0700] {processor.py:153} INFO - Started process (PID=17837) to work on /home/ahyar/Documents/tut_folder/tut_python/python_script/tut_airflow/env_airflow/lib/python3.9/site-packages/airflow/example_dags/example_time_delta_sensor_async.py
[2023-04-15T10:51:25.654+0700] {processor.py:743} INFO - Processing file /home/ahyar/Documents/tut_folder/tut_python/python_script/tut_airflow/env_airflow/lib/python3.9/site-packages/airflow/example_dags/example_time_delta_sensor_async.py for tasks to queue
[2023-04-15T10:51:25.655+0700] {logging_mixin.py:137} INFO - [2023-04-15T10:51:25.654+0700] {dagbag.py:532} INFO - Filling up the DagBag from /home/ahyar/Documents/tut_folder/tut_python/python_script/tut_airflow/env_airflow/lib/python3.9/site-packages/airflow/example_dags/example_time_delta_sensor_async.py
[2023-04-15T10:51:25.662+0700] {processor.py:753} INFO - DAG(s) dict_keys(['example_time_delta_sensor_async']) retrieved from /home/ahyar/Documents/tut_folder/tut_python/python_script/tut_airflow/env_airflow/lib/python3.9/site-packages/airflow/example_dags/example_time_delta_sensor_async.py
[2023-04-15T10:51:25.685+0700] {logging_mixin.py:137} INFO - [2023-04-15T10:51:25.684+0700] {dag.py:2705} INFO - Sync 1 DAGs
[2023-04-15T10:51:25.707+0700] {logging_mixin.py:137} INFO - [2023-04-15T10:51:25.707+0700] {dag.py:3452} INFO - Setting next_dagrun for example_time_delta_sensor_async to None, run_after=None
[2023-04-15T10:51:25.725+0700] {processor.py:175} INFO - Processing /home/ahyar/Documents/tut_folder/tut_python/python_script/tut_airflow/env_airflow/lib/python3.9/site-packages/airflow/example_dags/example_time_delta_sensor_async.py took 0.080 seconds
[2023-04-15T10:52:11.043+0700] {processor.py:153} INFO - Started process (PID=17909) to work on /home/ahyar/Documents/tut_folder/tut_python/python_script/tut_airflow/env_airflow/lib/python3.9/site-packages/airflow/example_dags/example_time_delta_sensor_async.py
[2023-04-15T10:52:11.045+0700] {processor.py:743} INFO - Processing file /home/ahyar/Documents/tut_folder/tut_python/python_script/tut_airflow/env_airflow/lib/python3.9/site-packages/airflow/example_dags/example_time_delta_sensor_async.py for tasks to queue
[2023-04-15T10:52:11.047+0700] {logging_mixin.py:137} INFO - [2023-04-15T10:52:11.047+0700] {dagbag.py:532} INFO - Filling up the DagBag from /home/ahyar/Documents/tut_folder/tut_python/python_script/tut_airflow/env_airflow/lib/python3.9/site-packages/airflow/example_dags/example_time_delta_sensor_async.py
[2023-04-15T10:52:11.064+0700] {processor.py:753} INFO - DAG(s) dict_keys(['example_time_delta_sensor_async']) retrieved from /home/ahyar/Documents/tut_folder/tut_python/python_script/tut_airflow/env_airflow/lib/python3.9/site-packages/airflow/example_dags/example_time_delta_sensor_async.py
[2023-04-15T10:52:11.089+0700] {logging_mixin.py:137} INFO - [2023-04-15T10:52:11.088+0700] {dag.py:2705} INFO - Sync 1 DAGs
[2023-04-15T10:52:11.112+0700] {logging_mixin.py:137} INFO - [2023-04-15T10:52:11.112+0700] {dag.py:3452} INFO - Setting next_dagrun for example_time_delta_sensor_async to None, run_after=None
[2023-04-15T10:52:11.152+0700] {processor.py:175} INFO - Processing /home/ahyar/Documents/tut_folder/tut_python/python_script/tut_airflow/env_airflow/lib/python3.9/site-packages/airflow/example_dags/example_time_delta_sensor_async.py took 0.113 seconds
[2023-04-15T10:52:57.369+0700] {processor.py:153} INFO - Started process (PID=18080) to work on /home/ahyar/Documents/tut_folder/tut_python/python_script/tut_airflow/env_airflow/lib/python3.9/site-packages/airflow/example_dags/example_time_delta_sensor_async.py
[2023-04-15T10:52:57.371+0700] {processor.py:743} INFO - Processing file /home/ahyar/Documents/tut_folder/tut_python/python_script/tut_airflow/env_airflow/lib/python3.9/site-packages/airflow/example_dags/example_time_delta_sensor_async.py for tasks to queue
[2023-04-15T10:52:57.372+0700] {logging_mixin.py:137} INFO - [2023-04-15T10:52:57.372+0700] {dagbag.py:532} INFO - Filling up the DagBag from /home/ahyar/Documents/tut_folder/tut_python/python_script/tut_airflow/env_airflow/lib/python3.9/site-packages/airflow/example_dags/example_time_delta_sensor_async.py
[2023-04-15T10:52:57.395+0700] {processor.py:753} INFO - DAG(s) dict_keys(['example_time_delta_sensor_async']) retrieved from /home/ahyar/Documents/tut_folder/tut_python/python_script/tut_airflow/env_airflow/lib/python3.9/site-packages/airflow/example_dags/example_time_delta_sensor_async.py
[2023-04-15T10:52:57.431+0700] {logging_mixin.py:137} INFO - [2023-04-15T10:52:57.430+0700] {dag.py:2705} INFO - Sync 1 DAGs
[2023-04-15T10:52:57.460+0700] {logging_mixin.py:137} INFO - [2023-04-15T10:52:57.459+0700] {dag.py:3452} INFO - Setting next_dagrun for example_time_delta_sensor_async to None, run_after=None
[2023-04-15T10:52:57.493+0700] {processor.py:175} INFO - Processing /home/ahyar/Documents/tut_folder/tut_python/python_script/tut_airflow/env_airflow/lib/python3.9/site-packages/airflow/example_dags/example_time_delta_sensor_async.py took 0.127 seconds
[2023-04-15T10:53:43.897+0700] {processor.py:153} INFO - Started process (PID=18176) to work on /home/ahyar/Documents/tut_folder/tut_python/python_script/tut_airflow/env_airflow/lib/python3.9/site-packages/airflow/example_dags/example_time_delta_sensor_async.py
[2023-04-15T10:53:43.897+0700] {processor.py:743} INFO - Processing file /home/ahyar/Documents/tut_folder/tut_python/python_script/tut_airflow/env_airflow/lib/python3.9/site-packages/airflow/example_dags/example_time_delta_sensor_async.py for tasks to queue
[2023-04-15T10:53:43.898+0700] {logging_mixin.py:137} INFO - [2023-04-15T10:53:43.898+0700] {dagbag.py:532} INFO - Filling up the DagBag from /home/ahyar/Documents/tut_folder/tut_python/python_script/tut_airflow/env_airflow/lib/python3.9/site-packages/airflow/example_dags/example_time_delta_sensor_async.py
[2023-04-15T10:53:43.911+0700] {processor.py:753} INFO - DAG(s) dict_keys(['example_time_delta_sensor_async']) retrieved from /home/ahyar/Documents/tut_folder/tut_python/python_script/tut_airflow/env_airflow/lib/python3.9/site-packages/airflow/example_dags/example_time_delta_sensor_async.py
[2023-04-15T10:53:43.924+0700] {logging_mixin.py:137} INFO - [2023-04-15T10:53:43.924+0700] {dag.py:2705} INFO - Sync 1 DAGs
[2023-04-15T10:53:43.937+0700] {logging_mixin.py:137} INFO - [2023-04-15T10:53:43.936+0700] {dag.py:3452} INFO - Setting next_dagrun for example_time_delta_sensor_async to None, run_after=None
[2023-04-15T10:53:43.953+0700] {processor.py:175} INFO - Processing /home/ahyar/Documents/tut_folder/tut_python/python_script/tut_airflow/env_airflow/lib/python3.9/site-packages/airflow/example_dags/example_time_delta_sensor_async.py took 0.057 seconds
[2023-04-15T10:54:28.513+0700] {processor.py:153} INFO - Started process (PID=18261) to work on /home/ahyar/Documents/tut_folder/tut_python/python_script/tut_airflow/env_airflow/lib/python3.9/site-packages/airflow/example_dags/example_time_delta_sensor_async.py
[2023-04-15T10:54:28.514+0700] {processor.py:743} INFO - Processing file /home/ahyar/Documents/tut_folder/tut_python/python_script/tut_airflow/env_airflow/lib/python3.9/site-packages/airflow/example_dags/example_time_delta_sensor_async.py for tasks to queue
[2023-04-15T10:54:28.514+0700] {logging_mixin.py:137} INFO - [2023-04-15T10:54:28.514+0700] {dagbag.py:532} INFO - Filling up the DagBag from /home/ahyar/Documents/tut_folder/tut_python/python_script/tut_airflow/env_airflow/lib/python3.9/site-packages/airflow/example_dags/example_time_delta_sensor_async.py
[2023-04-15T10:54:28.528+0700] {processor.py:753} INFO - DAG(s) dict_keys(['example_time_delta_sensor_async']) retrieved from /home/ahyar/Documents/tut_folder/tut_python/python_script/tut_airflow/env_airflow/lib/python3.9/site-packages/airflow/example_dags/example_time_delta_sensor_async.py
[2023-04-15T10:54:28.547+0700] {logging_mixin.py:137} INFO - [2023-04-15T10:54:28.546+0700] {dag.py:2705} INFO - Sync 1 DAGs
[2023-04-15T10:54:28.564+0700] {logging_mixin.py:137} INFO - [2023-04-15T10:54:28.564+0700] {dag.py:3452} INFO - Setting next_dagrun for example_time_delta_sensor_async to None, run_after=None
[2023-04-15T10:54:28.581+0700] {processor.py:175} INFO - Processing /home/ahyar/Documents/tut_folder/tut_python/python_script/tut_airflow/env_airflow/lib/python3.9/site-packages/airflow/example_dags/example_time_delta_sensor_async.py took 0.071 seconds
[2023-04-15T10:55:13.094+0700] {processor.py:153} INFO - Started process (PID=18333) to work on /home/ahyar/Documents/tut_folder/tut_python/python_script/tut_airflow/env_airflow/lib/python3.9/site-packages/airflow/example_dags/example_time_delta_sensor_async.py
[2023-04-15T10:55:13.096+0700] {processor.py:743} INFO - Processing file /home/ahyar/Documents/tut_folder/tut_python/python_script/tut_airflow/env_airflow/lib/python3.9/site-packages/airflow/example_dags/example_time_delta_sensor_async.py for tasks to queue
[2023-04-15T10:55:13.097+0700] {logging_mixin.py:137} INFO - [2023-04-15T10:55:13.096+0700] {dagbag.py:532} INFO - Filling up the DagBag from /home/ahyar/Documents/tut_folder/tut_python/python_script/tut_airflow/env_airflow/lib/python3.9/site-packages/airflow/example_dags/example_time_delta_sensor_async.py
[2023-04-15T10:55:13.124+0700] {processor.py:753} INFO - DAG(s) dict_keys(['example_time_delta_sensor_async']) retrieved from /home/ahyar/Documents/tut_folder/tut_python/python_script/tut_airflow/env_airflow/lib/python3.9/site-packages/airflow/example_dags/example_time_delta_sensor_async.py
[2023-04-15T10:55:13.172+0700] {logging_mixin.py:137} INFO - [2023-04-15T10:55:13.171+0700] {dag.py:2705} INFO - Sync 1 DAGs
[2023-04-15T10:55:13.205+0700] {logging_mixin.py:137} INFO - [2023-04-15T10:55:13.205+0700] {dag.py:3452} INFO - Setting next_dagrun for example_time_delta_sensor_async to None, run_after=None
[2023-04-15T10:55:13.245+0700] {processor.py:175} INFO - Processing /home/ahyar/Documents/tut_folder/tut_python/python_script/tut_airflow/env_airflow/lib/python3.9/site-packages/airflow/example_dags/example_time_delta_sensor_async.py took 0.154 seconds
[2023-04-15T10:55:58.755+0700] {processor.py:153} INFO - Started process (PID=18445) to work on /home/ahyar/Documents/tut_folder/tut_python/python_script/tut_airflow/env_airflow/lib/python3.9/site-packages/airflow/example_dags/example_time_delta_sensor_async.py
[2023-04-15T10:55:58.756+0700] {processor.py:743} INFO - Processing file /home/ahyar/Documents/tut_folder/tut_python/python_script/tut_airflow/env_airflow/lib/python3.9/site-packages/airflow/example_dags/example_time_delta_sensor_async.py for tasks to queue
[2023-04-15T10:55:58.757+0700] {logging_mixin.py:137} INFO - [2023-04-15T10:55:58.757+0700] {dagbag.py:532} INFO - Filling up the DagBag from /home/ahyar/Documents/tut_folder/tut_python/python_script/tut_airflow/env_airflow/lib/python3.9/site-packages/airflow/example_dags/example_time_delta_sensor_async.py
[2023-04-15T10:55:58.769+0700] {processor.py:753} INFO - DAG(s) dict_keys(['example_time_delta_sensor_async']) retrieved from /home/ahyar/Documents/tut_folder/tut_python/python_script/tut_airflow/env_airflow/lib/python3.9/site-packages/airflow/example_dags/example_time_delta_sensor_async.py
[2023-04-15T10:55:58.779+0700] {logging_mixin.py:137} INFO - [2023-04-15T10:55:58.778+0700] {dag.py:2705} INFO - Sync 1 DAGs
[2023-04-15T10:55:58.789+0700] {logging_mixin.py:137} INFO - [2023-04-15T10:55:58.788+0700] {dag.py:3452} INFO - Setting next_dagrun for example_time_delta_sensor_async to None, run_after=None
[2023-04-15T10:55:58.809+0700] {processor.py:175} INFO - Processing /home/ahyar/Documents/tut_folder/tut_python/python_script/tut_airflow/env_airflow/lib/python3.9/site-packages/airflow/example_dags/example_time_delta_sensor_async.py took 0.058 seconds
[2023-04-15T10:56:40.820+0700] {processor.py:153} INFO - Started process (PID=18513) to work on /home/ahyar/Documents/tut_folder/tut_python/python_script/tut_airflow/env_airflow/lib/python3.9/site-packages/airflow/example_dags/example_time_delta_sensor_async.py
[2023-04-15T10:56:40.821+0700] {processor.py:743} INFO - Processing file /home/ahyar/Documents/tut_folder/tut_python/python_script/tut_airflow/env_airflow/lib/python3.9/site-packages/airflow/example_dags/example_time_delta_sensor_async.py for tasks to queue
[2023-04-15T10:56:40.822+0700] {logging_mixin.py:137} INFO - [2023-04-15T10:56:40.822+0700] {dagbag.py:532} INFO - Filling up the DagBag from /home/ahyar/Documents/tut_folder/tut_python/python_script/tut_airflow/env_airflow/lib/python3.9/site-packages/airflow/example_dags/example_time_delta_sensor_async.py
[2023-04-15T10:56:40.835+0700] {processor.py:753} INFO - DAG(s) dict_keys(['example_time_delta_sensor_async']) retrieved from /home/ahyar/Documents/tut_folder/tut_python/python_script/tut_airflow/env_airflow/lib/python3.9/site-packages/airflow/example_dags/example_time_delta_sensor_async.py
[2023-04-15T10:56:40.850+0700] {logging_mixin.py:137} INFO - [2023-04-15T10:56:40.850+0700] {dag.py:2705} INFO - Sync 1 DAGs
[2023-04-15T10:56:40.868+0700] {logging_mixin.py:137} INFO - [2023-04-15T10:56:40.868+0700] {dag.py:3452} INFO - Setting next_dagrun for example_time_delta_sensor_async to None, run_after=None
[2023-04-15T10:56:40.884+0700] {processor.py:175} INFO - Processing /home/ahyar/Documents/tut_folder/tut_python/python_script/tut_airflow/env_airflow/lib/python3.9/site-packages/airflow/example_dags/example_time_delta_sensor_async.py took 0.067 seconds
[2023-04-15T10:57:24.205+0700] {processor.py:153} INFO - Started process (PID=18594) to work on /home/ahyar/Documents/tut_folder/tut_python/python_script/tut_airflow/env_airflow/lib/python3.9/site-packages/airflow/example_dags/example_time_delta_sensor_async.py
[2023-04-15T10:57:24.555+0700] {processor.py:743} INFO - Processing file /home/ahyar/Documents/tut_folder/tut_python/python_script/tut_airflow/env_airflow/lib/python3.9/site-packages/airflow/example_dags/example_time_delta_sensor_async.py for tasks to queue
[2023-04-15T10:57:24.557+0700] {logging_mixin.py:137} INFO - [2023-04-15T10:57:24.556+0700] {dagbag.py:532} INFO - Filling up the DagBag from /home/ahyar/Documents/tut_folder/tut_python/python_script/tut_airflow/env_airflow/lib/python3.9/site-packages/airflow/example_dags/example_time_delta_sensor_async.py
[2023-04-15T10:57:24.582+0700] {processor.py:753} INFO - DAG(s) dict_keys(['example_time_delta_sensor_async']) retrieved from /home/ahyar/Documents/tut_folder/tut_python/python_script/tut_airflow/env_airflow/lib/python3.9/site-packages/airflow/example_dags/example_time_delta_sensor_async.py
[2023-04-15T10:57:24.598+0700] {logging_mixin.py:137} INFO - [2023-04-15T10:57:24.597+0700] {dag.py:2705} INFO - Sync 1 DAGs
[2023-04-15T10:57:24.610+0700] {logging_mixin.py:137} INFO - [2023-04-15T10:57:24.610+0700] {dag.py:3452} INFO - Setting next_dagrun for example_time_delta_sensor_async to None, run_after=None
[2023-04-15T10:57:24.676+0700] {processor.py:175} INFO - Processing /home/ahyar/Documents/tut_folder/tut_python/python_script/tut_airflow/env_airflow/lib/python3.9/site-packages/airflow/example_dags/example_time_delta_sensor_async.py took 0.476 seconds
[2023-04-15T10:58:10.910+0700] {processor.py:153} INFO - Started process (PID=18650) to work on /home/ahyar/Documents/tut_folder/tut_python/python_script/tut_airflow/env_airflow/lib/python3.9/site-packages/airflow/example_dags/example_time_delta_sensor_async.py
[2023-04-15T10:58:10.911+0700] {processor.py:743} INFO - Processing file /home/ahyar/Documents/tut_folder/tut_python/python_script/tut_airflow/env_airflow/lib/python3.9/site-packages/airflow/example_dags/example_time_delta_sensor_async.py for tasks to queue
[2023-04-15T10:58:10.912+0700] {logging_mixin.py:137} INFO - [2023-04-15T10:58:10.912+0700] {dagbag.py:532} INFO - Filling up the DagBag from /home/ahyar/Documents/tut_folder/tut_python/python_script/tut_airflow/env_airflow/lib/python3.9/site-packages/airflow/example_dags/example_time_delta_sensor_async.py
[2023-04-15T10:58:10.928+0700] {processor.py:753} INFO - DAG(s) dict_keys(['example_time_delta_sensor_async']) retrieved from /home/ahyar/Documents/tut_folder/tut_python/python_script/tut_airflow/env_airflow/lib/python3.9/site-packages/airflow/example_dags/example_time_delta_sensor_async.py
[2023-04-15T10:58:10.947+0700] {logging_mixin.py:137} INFO - [2023-04-15T10:58:10.947+0700] {dag.py:2705} INFO - Sync 1 DAGs
[2023-04-15T10:58:10.970+0700] {logging_mixin.py:137} INFO - [2023-04-15T10:58:10.970+0700] {dag.py:3452} INFO - Setting next_dagrun for example_time_delta_sensor_async to None, run_after=None
[2023-04-15T10:58:11.008+0700] {processor.py:175} INFO - Processing /home/ahyar/Documents/tut_folder/tut_python/python_script/tut_airflow/env_airflow/lib/python3.9/site-packages/airflow/example_dags/example_time_delta_sensor_async.py took 0.101 seconds
[2023-04-15T10:58:57.048+0700] {processor.py:153} INFO - Started process (PID=18833) to work on /home/ahyar/Documents/tut_folder/tut_python/python_script/tut_airflow/env_airflow/lib/python3.9/site-packages/airflow/example_dags/example_time_delta_sensor_async.py
[2023-04-15T10:58:57.050+0700] {processor.py:743} INFO - Processing file /home/ahyar/Documents/tut_folder/tut_python/python_script/tut_airflow/env_airflow/lib/python3.9/site-packages/airflow/example_dags/example_time_delta_sensor_async.py for tasks to queue
[2023-04-15T10:58:57.051+0700] {logging_mixin.py:137} INFO - [2023-04-15T10:58:57.051+0700] {dagbag.py:532} INFO - Filling up the DagBag from /home/ahyar/Documents/tut_folder/tut_python/python_script/tut_airflow/env_airflow/lib/python3.9/site-packages/airflow/example_dags/example_time_delta_sensor_async.py
[2023-04-15T10:58:57.060+0700] {processor.py:753} INFO - DAG(s) dict_keys(['example_time_delta_sensor_async']) retrieved from /home/ahyar/Documents/tut_folder/tut_python/python_script/tut_airflow/env_airflow/lib/python3.9/site-packages/airflow/example_dags/example_time_delta_sensor_async.py
[2023-04-15T10:58:57.073+0700] {logging_mixin.py:137} INFO - [2023-04-15T10:58:57.073+0700] {dag.py:2705} INFO - Sync 1 DAGs
[2023-04-15T10:58:57.086+0700] {logging_mixin.py:137} INFO - [2023-04-15T10:58:57.086+0700] {dag.py:3452} INFO - Setting next_dagrun for example_time_delta_sensor_async to None, run_after=None
[2023-04-15T10:58:57.105+0700] {processor.py:175} INFO - Processing /home/ahyar/Documents/tut_folder/tut_python/python_script/tut_airflow/env_airflow/lib/python3.9/site-packages/airflow/example_dags/example_time_delta_sensor_async.py took 0.061 seconds
[2023-04-15T11:02:10.650+0700] {processor.py:153} INFO - Started process (PID=20953) to work on /home/ahyar/Documents/tut_folder/tut_python/python_script/tut_airflow/env_airflow/lib/python3.9/site-packages/airflow/example_dags/example_time_delta_sensor_async.py
[2023-04-15T11:02:10.651+0700] {processor.py:743} INFO - Processing file /home/ahyar/Documents/tut_folder/tut_python/python_script/tut_airflow/env_airflow/lib/python3.9/site-packages/airflow/example_dags/example_time_delta_sensor_async.py for tasks to queue
[2023-04-15T11:02:10.652+0700] {logging_mixin.py:137} INFO - [2023-04-15T11:02:10.652+0700] {dagbag.py:532} INFO - Filling up the DagBag from /home/ahyar/Documents/tut_folder/tut_python/python_script/tut_airflow/env_airflow/lib/python3.9/site-packages/airflow/example_dags/example_time_delta_sensor_async.py
[2023-04-15T11:02:10.661+0700] {processor.py:753} INFO - DAG(s) dict_keys(['example_time_delta_sensor_async']) retrieved from /home/ahyar/Documents/tut_folder/tut_python/python_script/tut_airflow/env_airflow/lib/python3.9/site-packages/airflow/example_dags/example_time_delta_sensor_async.py
[2023-04-15T11:02:10.672+0700] {logging_mixin.py:137} INFO - [2023-04-15T11:02:10.672+0700] {dag.py:2705} INFO - Sync 1 DAGs
[2023-04-15T11:02:10.683+0700] {logging_mixin.py:137} INFO - [2023-04-15T11:02:10.683+0700] {dag.py:3452} INFO - Setting next_dagrun for example_time_delta_sensor_async to None, run_after=None
[2023-04-15T11:02:10.698+0700] {processor.py:175} INFO - Processing /home/ahyar/Documents/tut_folder/tut_python/python_script/tut_airflow/env_airflow/lib/python3.9/site-packages/airflow/example_dags/example_time_delta_sensor_async.py took 0.052 seconds
[2023-04-15T11:05:26.407+0700] {processor.py:153} INFO - Started process (PID=23228) to work on /home/ahyar/Documents/tut_folder/tut_python/python_script/tut_airflow/env_airflow/lib/python3.9/site-packages/airflow/example_dags/example_time_delta_sensor_async.py
[2023-04-15T11:05:26.408+0700] {processor.py:743} INFO - Processing file /home/ahyar/Documents/tut_folder/tut_python/python_script/tut_airflow/env_airflow/lib/python3.9/site-packages/airflow/example_dags/example_time_delta_sensor_async.py for tasks to queue
[2023-04-15T11:05:26.408+0700] {logging_mixin.py:137} INFO - [2023-04-15T11:05:26.408+0700] {dagbag.py:532} INFO - Filling up the DagBag from /home/ahyar/Documents/tut_folder/tut_python/python_script/tut_airflow/env_airflow/lib/python3.9/site-packages/airflow/example_dags/example_time_delta_sensor_async.py
[2023-04-15T11:05:26.416+0700] {processor.py:753} INFO - DAG(s) dict_keys(['example_time_delta_sensor_async']) retrieved from /home/ahyar/Documents/tut_folder/tut_python/python_script/tut_airflow/env_airflow/lib/python3.9/site-packages/airflow/example_dags/example_time_delta_sensor_async.py
[2023-04-15T11:05:26.428+0700] {logging_mixin.py:137} INFO - [2023-04-15T11:05:26.428+0700] {dag.py:2705} INFO - Sync 1 DAGs
[2023-04-15T11:05:26.439+0700] {logging_mixin.py:137} INFO - [2023-04-15T11:05:26.439+0700] {dag.py:3452} INFO - Setting next_dagrun for example_time_delta_sensor_async to None, run_after=None
[2023-04-15T11:05:26.455+0700] {processor.py:175} INFO - Processing /home/ahyar/Documents/tut_folder/tut_python/python_script/tut_airflow/env_airflow/lib/python3.9/site-packages/airflow/example_dags/example_time_delta_sensor_async.py took 0.050 seconds
