[2023-04-15T10:46:37.559+0700] {processor.py:153} INFO - Started process (PID=16347) to work on /home/ahyar/Documents/tut_folder/tut_python/python_script/tut_airflow/env_airflow/lib/python3.9/site-packages/airflow/example_dags/tutorial_dag.py
[2023-04-15T10:46:37.559+0700] {processor.py:743} INFO - Processing file /home/ahyar/Documents/tut_folder/tut_python/python_script/tut_airflow/env_airflow/lib/python3.9/site-packages/airflow/example_dags/tutorial_dag.py for tasks to queue
[2023-04-15T10:46:37.560+0700] {logging_mixin.py:137} INFO - [2023-04-15T10:46:37.560+0700] {dagbag.py:532} INFO - Filling up the DagBag from /home/ahyar/Documents/tut_folder/tut_python/python_script/tut_airflow/env_airflow/lib/python3.9/site-packages/airflow/example_dags/tutorial_dag.py
[2023-04-15T10:46:37.568+0700] {processor.py:753} INFO - DAG(s) dict_keys(['tutorial_dag']) retrieved from /home/ahyar/Documents/tut_folder/tut_python/python_script/tut_airflow/env_airflow/lib/python3.9/site-packages/airflow/example_dags/tutorial_dag.py
[2023-04-15T10:46:37.639+0700] {logging_mixin.py:137} INFO - [2023-04-15T10:46:37.639+0700] {manager.py:504} INFO - Created Permission View: can read on DAG:tutorial_dag
[2023-04-15T10:46:37.647+0700] {logging_mixin.py:137} INFO - [2023-04-15T10:46:37.647+0700] {manager.py:504} INFO - Created Permission View: can edit on DAG:tutorial_dag
[2023-04-15T10:46:37.655+0700] {logging_mixin.py:137} INFO - [2023-04-15T10:46:37.655+0700] {manager.py:504} INFO - Created Permission View: can delete on DAG:tutorial_dag
[2023-04-15T10:46:37.655+0700] {logging_mixin.py:137} INFO - [2023-04-15T10:46:37.655+0700] {dag.py:2705} INFO - Sync 1 DAGs
[2023-04-15T10:46:37.661+0700] {logging_mixin.py:137} INFO - [2023-04-15T10:46:37.660+0700] {dag.py:2726} INFO - Creating ORM DAG for tutorial_dag
[2023-04-15T10:46:37.665+0700] {logging_mixin.py:137} INFO - [2023-04-15T10:46:37.665+0700] {dag.py:3452} INFO - Setting next_dagrun for tutorial_dag to None, run_after=None
[2023-04-15T10:46:37.681+0700] {processor.py:175} INFO - Processing /home/ahyar/Documents/tut_folder/tut_python/python_script/tut_airflow/env_airflow/lib/python3.9/site-packages/airflow/example_dags/tutorial_dag.py took 0.123 seconds
[2023-04-15T10:47:21.859+0700] {processor.py:153} INFO - Started process (PID=16575) to work on /home/ahyar/Documents/tut_folder/tut_python/python_script/tut_airflow/env_airflow/lib/python3.9/site-packages/airflow/example_dags/tutorial_dag.py
[2023-04-15T10:47:21.860+0700] {processor.py:743} INFO - Processing file /home/ahyar/Documents/tut_folder/tut_python/python_script/tut_airflow/env_airflow/lib/python3.9/site-packages/airflow/example_dags/tutorial_dag.py for tasks to queue
[2023-04-15T10:47:21.860+0700] {logging_mixin.py:137} INFO - [2023-04-15T10:47:21.860+0700] {dagbag.py:532} INFO - Filling up the DagBag from /home/ahyar/Documents/tut_folder/tut_python/python_script/tut_airflow/env_airflow/lib/python3.9/site-packages/airflow/example_dags/tutorial_dag.py
[2023-04-15T10:47:21.868+0700] {processor.py:753} INFO - DAG(s) dict_keys(['tutorial_dag']) retrieved from /home/ahyar/Documents/tut_folder/tut_python/python_script/tut_airflow/env_airflow/lib/python3.9/site-packages/airflow/example_dags/tutorial_dag.py
[2023-04-15T10:47:21.879+0700] {logging_mixin.py:137} INFO - [2023-04-15T10:47:21.879+0700] {dag.py:2705} INFO - Sync 1 DAGs
[2023-04-15T10:47:21.891+0700] {logging_mixin.py:137} INFO - [2023-04-15T10:47:21.891+0700] {dag.py:3452} INFO - Setting next_dagrun for tutorial_dag to None, run_after=None
[2023-04-15T10:47:21.906+0700] {processor.py:175} INFO - Processing /home/ahyar/Documents/tut_folder/tut_python/python_script/tut_airflow/env_airflow/lib/python3.9/site-packages/airflow/example_dags/tutorial_dag.py took 0.048 seconds
[2023-04-15T10:48:34.357+0700] {processor.py:153} INFO - Started process (PID=17036) to work on /home/ahyar/Documents/tut_folder/tut_python/python_script/tut_airflow/env_airflow/lib/python3.9/site-packages/airflow/example_dags/tutorial_dag.py
[2023-04-15T10:48:34.359+0700] {processor.py:743} INFO - Processing file /home/ahyar/Documents/tut_folder/tut_python/python_script/tut_airflow/env_airflow/lib/python3.9/site-packages/airflow/example_dags/tutorial_dag.py for tasks to queue
[2023-04-15T10:48:34.360+0700] {logging_mixin.py:137} INFO - [2023-04-15T10:48:34.360+0700] {dagbag.py:532} INFO - Filling up the DagBag from /home/ahyar/Documents/tut_folder/tut_python/python_script/tut_airflow/env_airflow/lib/python3.9/site-packages/airflow/example_dags/tutorial_dag.py
[2023-04-15T10:48:34.373+0700] {processor.py:753} INFO - DAG(s) dict_keys(['tutorial_dag']) retrieved from /home/ahyar/Documents/tut_folder/tut_python/python_script/tut_airflow/env_airflow/lib/python3.9/site-packages/airflow/example_dags/tutorial_dag.py
[2023-04-15T10:48:34.382+0700] {logging_mixin.py:137} INFO - [2023-04-15T10:48:34.382+0700] {dag.py:2705} INFO - Sync 1 DAGs
[2023-04-15T10:48:34.392+0700] {logging_mixin.py:137} INFO - [2023-04-15T10:48:34.392+0700] {dag.py:3452} INFO - Setting next_dagrun for tutorial_dag to None, run_after=None
[2023-04-15T10:48:34.405+0700] {processor.py:175} INFO - Processing /home/ahyar/Documents/tut_folder/tut_python/python_script/tut_airflow/env_airflow/lib/python3.9/site-packages/airflow/example_dags/tutorial_dag.py took 0.052 seconds
[2023-04-15T10:49:18.565+0700] {processor.py:153} INFO - Started process (PID=17434) to work on /home/ahyar/Documents/tut_folder/tut_python/python_script/tut_airflow/env_airflow/lib/python3.9/site-packages/airflow/example_dags/tutorial_dag.py
[2023-04-15T10:49:18.568+0700] {processor.py:743} INFO - Processing file /home/ahyar/Documents/tut_folder/tut_python/python_script/tut_airflow/env_airflow/lib/python3.9/site-packages/airflow/example_dags/tutorial_dag.py for tasks to queue
[2023-04-15T10:49:18.569+0700] {logging_mixin.py:137} INFO - [2023-04-15T10:49:18.569+0700] {dagbag.py:532} INFO - Filling up the DagBag from /home/ahyar/Documents/tut_folder/tut_python/python_script/tut_airflow/env_airflow/lib/python3.9/site-packages/airflow/example_dags/tutorial_dag.py
[2023-04-15T10:49:18.610+0700] {processor.py:753} INFO - DAG(s) dict_keys(['tutorial_dag']) retrieved from /home/ahyar/Documents/tut_folder/tut_python/python_script/tut_airflow/env_airflow/lib/python3.9/site-packages/airflow/example_dags/tutorial_dag.py
[2023-04-15T10:49:18.649+0700] {logging_mixin.py:137} INFO - [2023-04-15T10:49:18.649+0700] {dag.py:2705} INFO - Sync 1 DAGs
[2023-04-15T10:49:18.698+0700] {logging_mixin.py:137} INFO - [2023-04-15T10:49:18.697+0700] {dag.py:3452} INFO - Setting next_dagrun for tutorial_dag to None, run_after=None
[2023-04-15T10:49:18.755+0700] {processor.py:175} INFO - Processing /home/ahyar/Documents/tut_folder/tut_python/python_script/tut_airflow/env_airflow/lib/python3.9/site-packages/airflow/example_dags/tutorial_dag.py took 0.195 seconds
[2023-04-15T10:50:05.976+0700] {processor.py:153} INFO - Started process (PID=17631) to work on /home/ahyar/Documents/tut_folder/tut_python/python_script/tut_airflow/env_airflow/lib/python3.9/site-packages/airflow/example_dags/tutorial_dag.py
[2023-04-15T10:50:05.977+0700] {processor.py:743} INFO - Processing file /home/ahyar/Documents/tut_folder/tut_python/python_script/tut_airflow/env_airflow/lib/python3.9/site-packages/airflow/example_dags/tutorial_dag.py for tasks to queue
[2023-04-15T10:50:05.977+0700] {logging_mixin.py:137} INFO - [2023-04-15T10:50:05.977+0700] {dagbag.py:532} INFO - Filling up the DagBag from /home/ahyar/Documents/tut_folder/tut_python/python_script/tut_airflow/env_airflow/lib/python3.9/site-packages/airflow/example_dags/tutorial_dag.py
[2023-04-15T10:50:05.986+0700] {processor.py:753} INFO - DAG(s) dict_keys(['tutorial_dag']) retrieved from /home/ahyar/Documents/tut_folder/tut_python/python_script/tut_airflow/env_airflow/lib/python3.9/site-packages/airflow/example_dags/tutorial_dag.py
[2023-04-15T10:50:05.997+0700] {logging_mixin.py:137} INFO - [2023-04-15T10:50:05.997+0700] {dag.py:2705} INFO - Sync 1 DAGs
[2023-04-15T10:50:06.009+0700] {logging_mixin.py:137} INFO - [2023-04-15T10:50:06.009+0700] {dag.py:3452} INFO - Setting next_dagrun for tutorial_dag to None, run_after=None
[2023-04-15T10:50:06.024+0700] {processor.py:175} INFO - Processing /home/ahyar/Documents/tut_folder/tut_python/python_script/tut_airflow/env_airflow/lib/python3.9/site-packages/airflow/example_dags/tutorial_dag.py took 0.050 seconds
[2023-04-15T10:50:48.258+0700] {processor.py:153} INFO - Started process (PID=17755) to work on /home/ahyar/Documents/tut_folder/tut_python/python_script/tut_airflow/env_airflow/lib/python3.9/site-packages/airflow/example_dags/tutorial_dag.py
[2023-04-15T10:50:48.260+0700] {processor.py:743} INFO - Processing file /home/ahyar/Documents/tut_folder/tut_python/python_script/tut_airflow/env_airflow/lib/python3.9/site-packages/airflow/example_dags/tutorial_dag.py for tasks to queue
[2023-04-15T10:50:48.260+0700] {logging_mixin.py:137} INFO - [2023-04-15T10:50:48.260+0700] {dagbag.py:532} INFO - Filling up the DagBag from /home/ahyar/Documents/tut_folder/tut_python/python_script/tut_airflow/env_airflow/lib/python3.9/site-packages/airflow/example_dags/tutorial_dag.py
[2023-04-15T10:50:48.272+0700] {processor.py:753} INFO - DAG(s) dict_keys(['tutorial_dag']) retrieved from /home/ahyar/Documents/tut_folder/tut_python/python_script/tut_airflow/env_airflow/lib/python3.9/site-packages/airflow/example_dags/tutorial_dag.py
[2023-04-15T10:50:48.282+0700] {logging_mixin.py:137} INFO - [2023-04-15T10:50:48.282+0700] {dag.py:2705} INFO - Sync 1 DAGs
[2023-04-15T10:50:48.293+0700] {logging_mixin.py:137} INFO - [2023-04-15T10:50:48.293+0700] {dag.py:3452} INFO - Setting next_dagrun for tutorial_dag to None, run_after=None
[2023-04-15T10:50:48.306+0700] {processor.py:175} INFO - Processing /home/ahyar/Documents/tut_folder/tut_python/python_script/tut_airflow/env_airflow/lib/python3.9/site-packages/airflow/example_dags/tutorial_dag.py took 0.052 seconds
[2023-04-15T10:51:28.516+0700] {processor.py:153} INFO - Started process (PID=17840) to work on /home/ahyar/Documents/tut_folder/tut_python/python_script/tut_airflow/env_airflow/lib/python3.9/site-packages/airflow/example_dags/tutorial_dag.py
[2023-04-15T10:51:28.516+0700] {processor.py:743} INFO - Processing file /home/ahyar/Documents/tut_folder/tut_python/python_script/tut_airflow/env_airflow/lib/python3.9/site-packages/airflow/example_dags/tutorial_dag.py for tasks to queue
[2023-04-15T10:51:28.517+0700] {logging_mixin.py:137} INFO - [2023-04-15T10:51:28.517+0700] {dagbag.py:532} INFO - Filling up the DagBag from /home/ahyar/Documents/tut_folder/tut_python/python_script/tut_airflow/env_airflow/lib/python3.9/site-packages/airflow/example_dags/tutorial_dag.py
[2023-04-15T10:51:28.526+0700] {processor.py:753} INFO - DAG(s) dict_keys(['tutorial_dag']) retrieved from /home/ahyar/Documents/tut_folder/tut_python/python_script/tut_airflow/env_airflow/lib/python3.9/site-packages/airflow/example_dags/tutorial_dag.py
[2023-04-15T10:51:28.536+0700] {logging_mixin.py:137} INFO - [2023-04-15T10:51:28.536+0700] {dag.py:2705} INFO - Sync 1 DAGs
[2023-04-15T10:51:28.546+0700] {logging_mixin.py:137} INFO - [2023-04-15T10:51:28.546+0700] {dag.py:3452} INFO - Setting next_dagrun for tutorial_dag to None, run_after=None
[2023-04-15T10:51:28.560+0700] {processor.py:175} INFO - Processing /home/ahyar/Documents/tut_folder/tut_python/python_script/tut_airflow/env_airflow/lib/python3.9/site-packages/airflow/example_dags/tutorial_dag.py took 0.046 seconds
[2023-04-15T10:52:14.713+0700] {processor.py:153} INFO - Started process (PID=17912) to work on /home/ahyar/Documents/tut_folder/tut_python/python_script/tut_airflow/env_airflow/lib/python3.9/site-packages/airflow/example_dags/tutorial_dag.py
[2023-04-15T10:52:14.716+0700] {processor.py:743} INFO - Processing file /home/ahyar/Documents/tut_folder/tut_python/python_script/tut_airflow/env_airflow/lib/python3.9/site-packages/airflow/example_dags/tutorial_dag.py for tasks to queue
[2023-04-15T10:52:14.717+0700] {logging_mixin.py:137} INFO - [2023-04-15T10:52:14.717+0700] {dagbag.py:532} INFO - Filling up the DagBag from /home/ahyar/Documents/tut_folder/tut_python/python_script/tut_airflow/env_airflow/lib/python3.9/site-packages/airflow/example_dags/tutorial_dag.py
[2023-04-15T10:52:14.741+0700] {processor.py:753} INFO - DAG(s) dict_keys(['tutorial_dag']) retrieved from /home/ahyar/Documents/tut_folder/tut_python/python_script/tut_airflow/env_airflow/lib/python3.9/site-packages/airflow/example_dags/tutorial_dag.py
[2023-04-15T10:52:14.769+0700] {logging_mixin.py:137} INFO - [2023-04-15T10:52:14.769+0700] {dag.py:2705} INFO - Sync 1 DAGs
[2023-04-15T10:52:14.787+0700] {logging_mixin.py:137} INFO - [2023-04-15T10:52:14.787+0700] {dag.py:3452} INFO - Setting next_dagrun for tutorial_dag to None, run_after=None
[2023-04-15T10:52:14.812+0700] {processor.py:175} INFO - Processing /home/ahyar/Documents/tut_folder/tut_python/python_script/tut_airflow/env_airflow/lib/python3.9/site-packages/airflow/example_dags/tutorial_dag.py took 0.106 seconds
[2023-04-15T10:53:01.161+0700] {processor.py:153} INFO - Started process (PID=18085) to work on /home/ahyar/Documents/tut_folder/tut_python/python_script/tut_airflow/env_airflow/lib/python3.9/site-packages/airflow/example_dags/tutorial_dag.py
[2023-04-15T10:53:01.162+0700] {processor.py:743} INFO - Processing file /home/ahyar/Documents/tut_folder/tut_python/python_script/tut_airflow/env_airflow/lib/python3.9/site-packages/airflow/example_dags/tutorial_dag.py for tasks to queue
[2023-04-15T10:53:01.163+0700] {logging_mixin.py:137} INFO - [2023-04-15T10:53:01.163+0700] {dagbag.py:532} INFO - Filling up the DagBag from /home/ahyar/Documents/tut_folder/tut_python/python_script/tut_airflow/env_airflow/lib/python3.9/site-packages/airflow/example_dags/tutorial_dag.py
[2023-04-15T10:53:01.185+0700] {processor.py:753} INFO - DAG(s) dict_keys(['tutorial_dag']) retrieved from /home/ahyar/Documents/tut_folder/tut_python/python_script/tut_airflow/env_airflow/lib/python3.9/site-packages/airflow/example_dags/tutorial_dag.py
[2023-04-15T10:53:01.226+0700] {logging_mixin.py:137} INFO - [2023-04-15T10:53:01.226+0700] {dag.py:2705} INFO - Sync 1 DAGs
[2023-04-15T10:53:01.267+0700] {logging_mixin.py:137} INFO - [2023-04-15T10:53:01.266+0700] {dag.py:3452} INFO - Setting next_dagrun for tutorial_dag to None, run_after=None
[2023-04-15T10:53:01.316+0700] {processor.py:175} INFO - Processing /home/ahyar/Documents/tut_folder/tut_python/python_script/tut_airflow/env_airflow/lib/python3.9/site-packages/airflow/example_dags/tutorial_dag.py took 0.161 seconds
[2023-04-15T10:53:47.328+0700] {processor.py:153} INFO - Started process (PID=18180) to work on /home/ahyar/Documents/tut_folder/tut_python/python_script/tut_airflow/env_airflow/lib/python3.9/site-packages/airflow/example_dags/tutorial_dag.py
[2023-04-15T10:53:47.687+0700] {processor.py:743} INFO - Processing file /home/ahyar/Documents/tut_folder/tut_python/python_script/tut_airflow/env_airflow/lib/python3.9/site-packages/airflow/example_dags/tutorial_dag.py for tasks to queue
[2023-04-15T10:53:47.688+0700] {logging_mixin.py:137} INFO - [2023-04-15T10:53:47.687+0700] {dagbag.py:532} INFO - Filling up the DagBag from /home/ahyar/Documents/tut_folder/tut_python/python_script/tut_airflow/env_airflow/lib/python3.9/site-packages/airflow/example_dags/tutorial_dag.py
[2023-04-15T10:53:47.708+0700] {processor.py:753} INFO - DAG(s) dict_keys(['tutorial_dag']) retrieved from /home/ahyar/Documents/tut_folder/tut_python/python_script/tut_airflow/env_airflow/lib/python3.9/site-packages/airflow/example_dags/tutorial_dag.py
[2023-04-15T10:53:47.726+0700] {logging_mixin.py:137} INFO - [2023-04-15T10:53:47.726+0700] {dag.py:2705} INFO - Sync 1 DAGs
[2023-04-15T10:53:47.742+0700] {logging_mixin.py:137} INFO - [2023-04-15T10:53:47.742+0700] {dag.py:3452} INFO - Setting next_dagrun for tutorial_dag to None, run_after=None
[2023-04-15T10:53:47.826+0700] {processor.py:175} INFO - Processing /home/ahyar/Documents/tut_folder/tut_python/python_script/tut_airflow/env_airflow/lib/python3.9/site-packages/airflow/example_dags/tutorial_dag.py took 0.500 seconds
[2023-04-15T10:54:31.430+0700] {processor.py:153} INFO - Started process (PID=18264) to work on /home/ahyar/Documents/tut_folder/tut_python/python_script/tut_airflow/env_airflow/lib/python3.9/site-packages/airflow/example_dags/tutorial_dag.py
[2023-04-15T10:54:31.431+0700] {processor.py:743} INFO - Processing file /home/ahyar/Documents/tut_folder/tut_python/python_script/tut_airflow/env_airflow/lib/python3.9/site-packages/airflow/example_dags/tutorial_dag.py for tasks to queue
[2023-04-15T10:54:31.432+0700] {logging_mixin.py:137} INFO - [2023-04-15T10:54:31.432+0700] {dagbag.py:532} INFO - Filling up the DagBag from /home/ahyar/Documents/tut_folder/tut_python/python_script/tut_airflow/env_airflow/lib/python3.9/site-packages/airflow/example_dags/tutorial_dag.py
[2023-04-15T10:54:31.442+0700] {processor.py:753} INFO - DAG(s) dict_keys(['tutorial_dag']) retrieved from /home/ahyar/Documents/tut_folder/tut_python/python_script/tut_airflow/env_airflow/lib/python3.9/site-packages/airflow/example_dags/tutorial_dag.py
[2023-04-15T10:54:31.456+0700] {logging_mixin.py:137} INFO - [2023-04-15T10:54:31.456+0700] {dag.py:2705} INFO - Sync 1 DAGs
[2023-04-15T10:54:31.472+0700] {logging_mixin.py:137} INFO - [2023-04-15T10:54:31.472+0700] {dag.py:3452} INFO - Setting next_dagrun for tutorial_dag to None, run_after=None
[2023-04-15T10:54:31.487+0700] {processor.py:175} INFO - Processing /home/ahyar/Documents/tut_folder/tut_python/python_script/tut_airflow/env_airflow/lib/python3.9/site-packages/airflow/example_dags/tutorial_dag.py took 0.060 seconds
[2023-04-15T10:55:17.091+0700] {processor.py:153} INFO - Started process (PID=18336) to work on /home/ahyar/Documents/tut_folder/tut_python/python_script/tut_airflow/env_airflow/lib/python3.9/site-packages/airflow/example_dags/tutorial_dag.py
[2023-04-15T10:55:17.093+0700] {processor.py:743} INFO - Processing file /home/ahyar/Documents/tut_folder/tut_python/python_script/tut_airflow/env_airflow/lib/python3.9/site-packages/airflow/example_dags/tutorial_dag.py for tasks to queue
[2023-04-15T10:55:17.094+0700] {logging_mixin.py:137} INFO - [2023-04-15T10:55:17.094+0700] {dagbag.py:532} INFO - Filling up the DagBag from /home/ahyar/Documents/tut_folder/tut_python/python_script/tut_airflow/env_airflow/lib/python3.9/site-packages/airflow/example_dags/tutorial_dag.py
[2023-04-15T10:55:17.106+0700] {processor.py:753} INFO - DAG(s) dict_keys(['tutorial_dag']) retrieved from /home/ahyar/Documents/tut_folder/tut_python/python_script/tut_airflow/env_airflow/lib/python3.9/site-packages/airflow/example_dags/tutorial_dag.py
[2023-04-15T10:55:17.121+0700] {logging_mixin.py:137} INFO - [2023-04-15T10:55:17.121+0700] {dag.py:2705} INFO - Sync 1 DAGs
[2023-04-15T10:55:17.136+0700] {logging_mixin.py:137} INFO - [2023-04-15T10:55:17.136+0700] {dag.py:3452} INFO - Setting next_dagrun for tutorial_dag to None, run_after=None
[2023-04-15T10:55:17.155+0700] {processor.py:175} INFO - Processing /home/ahyar/Documents/tut_folder/tut_python/python_script/tut_airflow/env_airflow/lib/python3.9/site-packages/airflow/example_dags/tutorial_dag.py took 0.067 seconds
[2023-04-15T10:56:01.703+0700] {processor.py:153} INFO - Started process (PID=18448) to work on /home/ahyar/Documents/tut_folder/tut_python/python_script/tut_airflow/env_airflow/lib/python3.9/site-packages/airflow/example_dags/tutorial_dag.py
[2023-04-15T10:56:01.704+0700] {processor.py:743} INFO - Processing file /home/ahyar/Documents/tut_folder/tut_python/python_script/tut_airflow/env_airflow/lib/python3.9/site-packages/airflow/example_dags/tutorial_dag.py for tasks to queue
[2023-04-15T10:56:01.705+0700] {logging_mixin.py:137} INFO - [2023-04-15T10:56:01.704+0700] {dagbag.py:532} INFO - Filling up the DagBag from /home/ahyar/Documents/tut_folder/tut_python/python_script/tut_airflow/env_airflow/lib/python3.9/site-packages/airflow/example_dags/tutorial_dag.py
[2023-04-15T10:56:01.713+0700] {processor.py:753} INFO - DAG(s) dict_keys(['tutorial_dag']) retrieved from /home/ahyar/Documents/tut_folder/tut_python/python_script/tut_airflow/env_airflow/lib/python3.9/site-packages/airflow/example_dags/tutorial_dag.py
[2023-04-15T10:56:01.725+0700] {logging_mixin.py:137} INFO - [2023-04-15T10:56:01.725+0700] {dag.py:2705} INFO - Sync 1 DAGs
[2023-04-15T10:56:01.736+0700] {logging_mixin.py:137} INFO - [2023-04-15T10:56:01.736+0700] {dag.py:3452} INFO - Setting next_dagrun for tutorial_dag to None, run_after=None
[2023-04-15T10:56:01.753+0700] {processor.py:175} INFO - Processing /home/ahyar/Documents/tut_folder/tut_python/python_script/tut_airflow/env_airflow/lib/python3.9/site-packages/airflow/example_dags/tutorial_dag.py took 0.053 seconds
[2023-04-15T10:56:43.470+0700] {processor.py:153} INFO - Started process (PID=18517) to work on /home/ahyar/Documents/tut_folder/tut_python/python_script/tut_airflow/env_airflow/lib/python3.9/site-packages/airflow/example_dags/tutorial_dag.py
[2023-04-15T10:56:43.471+0700] {processor.py:743} INFO - Processing file /home/ahyar/Documents/tut_folder/tut_python/python_script/tut_airflow/env_airflow/lib/python3.9/site-packages/airflow/example_dags/tutorial_dag.py for tasks to queue
[2023-04-15T10:56:43.471+0700] {logging_mixin.py:137} INFO - [2023-04-15T10:56:43.471+0700] {dagbag.py:532} INFO - Filling up the DagBag from /home/ahyar/Documents/tut_folder/tut_python/python_script/tut_airflow/env_airflow/lib/python3.9/site-packages/airflow/example_dags/tutorial_dag.py
[2023-04-15T10:56:43.480+0700] {processor.py:753} INFO - DAG(s) dict_keys(['tutorial_dag']) retrieved from /home/ahyar/Documents/tut_folder/tut_python/python_script/tut_airflow/env_airflow/lib/python3.9/site-packages/airflow/example_dags/tutorial_dag.py
[2023-04-15T10:56:43.492+0700] {logging_mixin.py:137} INFO - [2023-04-15T10:56:43.492+0700] {dag.py:2705} INFO - Sync 1 DAGs
[2023-04-15T10:56:43.505+0700] {logging_mixin.py:137} INFO - [2023-04-15T10:56:43.505+0700] {dag.py:3452} INFO - Setting next_dagrun for tutorial_dag to None, run_after=None
[2023-04-15T10:56:43.523+0700] {processor.py:175} INFO - Processing /home/ahyar/Documents/tut_folder/tut_python/python_script/tut_airflow/env_airflow/lib/python3.9/site-packages/airflow/example_dags/tutorial_dag.py took 0.055 seconds
[2023-04-15T10:57:26.548+0700] {processor.py:153} INFO - Started process (PID=18597) to work on /home/ahyar/Documents/tut_folder/tut_python/python_script/tut_airflow/env_airflow/lib/python3.9/site-packages/airflow/example_dags/tutorial_dag.py
[2023-04-15T10:57:26.550+0700] {processor.py:743} INFO - Processing file /home/ahyar/Documents/tut_folder/tut_python/python_script/tut_airflow/env_airflow/lib/python3.9/site-packages/airflow/example_dags/tutorial_dag.py for tasks to queue
[2023-04-15T10:57:26.551+0700] {logging_mixin.py:137} INFO - [2023-04-15T10:57:26.551+0700] {dagbag.py:532} INFO - Filling up the DagBag from /home/ahyar/Documents/tut_folder/tut_python/python_script/tut_airflow/env_airflow/lib/python3.9/site-packages/airflow/example_dags/tutorial_dag.py
[2023-04-15T10:57:26.571+0700] {processor.py:753} INFO - DAG(s) dict_keys(['tutorial_dag']) retrieved from /home/ahyar/Documents/tut_folder/tut_python/python_script/tut_airflow/env_airflow/lib/python3.9/site-packages/airflow/example_dags/tutorial_dag.py
[2023-04-15T10:57:26.592+0700] {logging_mixin.py:137} INFO - [2023-04-15T10:57:26.592+0700] {dag.py:2705} INFO - Sync 1 DAGs
[2023-04-15T10:57:26.612+0700] {logging_mixin.py:137} INFO - [2023-04-15T10:57:26.612+0700] {dag.py:3452} INFO - Setting next_dagrun for tutorial_dag to None, run_after=None
[2023-04-15T10:57:26.640+0700] {processor.py:175} INFO - Processing /home/ahyar/Documents/tut_folder/tut_python/python_script/tut_airflow/env_airflow/lib/python3.9/site-packages/airflow/example_dags/tutorial_dag.py took 0.095 seconds
[2023-04-15T10:58:13.770+0700] {processor.py:153} INFO - Started process (PID=18654) to work on /home/ahyar/Documents/tut_folder/tut_python/python_script/tut_airflow/env_airflow/lib/python3.9/site-packages/airflow/example_dags/tutorial_dag.py
[2023-04-15T10:58:13.771+0700] {processor.py:743} INFO - Processing file /home/ahyar/Documents/tut_folder/tut_python/python_script/tut_airflow/env_airflow/lib/python3.9/site-packages/airflow/example_dags/tutorial_dag.py for tasks to queue
[2023-04-15T10:58:13.772+0700] {logging_mixin.py:137} INFO - [2023-04-15T10:58:13.772+0700] {dagbag.py:532} INFO - Filling up the DagBag from /home/ahyar/Documents/tut_folder/tut_python/python_script/tut_airflow/env_airflow/lib/python3.9/site-packages/airflow/example_dags/tutorial_dag.py
[2023-04-15T10:58:13.788+0700] {processor.py:753} INFO - DAG(s) dict_keys(['tutorial_dag']) retrieved from /home/ahyar/Documents/tut_folder/tut_python/python_script/tut_airflow/env_airflow/lib/python3.9/site-packages/airflow/example_dags/tutorial_dag.py
[2023-04-15T10:58:13.804+0700] {logging_mixin.py:137} INFO - [2023-04-15T10:58:13.803+0700] {dag.py:2705} INFO - Sync 1 DAGs
[2023-04-15T10:58:13.821+0700] {logging_mixin.py:137} INFO - [2023-04-15T10:58:13.821+0700] {dag.py:3452} INFO - Setting next_dagrun for tutorial_dag to None, run_after=None
[2023-04-15T10:58:13.845+0700] {processor.py:175} INFO - Processing /home/ahyar/Documents/tut_folder/tut_python/python_script/tut_airflow/env_airflow/lib/python3.9/site-packages/airflow/example_dags/tutorial_dag.py took 0.080 seconds
[2023-04-15T10:59:00.461+0700] {processor.py:153} INFO - Started process (PID=18866) to work on /home/ahyar/Documents/tut_folder/tut_python/python_script/tut_airflow/env_airflow/lib/python3.9/site-packages/airflow/example_dags/tutorial_dag.py
[2023-04-15T10:59:00.462+0700] {processor.py:743} INFO - Processing file /home/ahyar/Documents/tut_folder/tut_python/python_script/tut_airflow/env_airflow/lib/python3.9/site-packages/airflow/example_dags/tutorial_dag.py for tasks to queue
[2023-04-15T10:59:00.462+0700] {logging_mixin.py:137} INFO - [2023-04-15T10:59:00.462+0700] {dagbag.py:532} INFO - Filling up the DagBag from /home/ahyar/Documents/tut_folder/tut_python/python_script/tut_airflow/env_airflow/lib/python3.9/site-packages/airflow/example_dags/tutorial_dag.py
[2023-04-15T10:59:00.484+0700] {processor.py:753} INFO - DAG(s) dict_keys(['tutorial_dag']) retrieved from /home/ahyar/Documents/tut_folder/tut_python/python_script/tut_airflow/env_airflow/lib/python3.9/site-packages/airflow/example_dags/tutorial_dag.py
[2023-04-15T10:59:00.513+0700] {logging_mixin.py:137} INFO - [2023-04-15T10:59:00.513+0700] {dag.py:2705} INFO - Sync 1 DAGs
[2023-04-15T10:59:00.531+0700] {logging_mixin.py:137} INFO - [2023-04-15T10:59:00.531+0700] {dag.py:3452} INFO - Setting next_dagrun for tutorial_dag to None, run_after=None
[2023-04-15T10:59:00.554+0700] {processor.py:175} INFO - Processing /home/ahyar/Documents/tut_folder/tut_python/python_script/tut_airflow/env_airflow/lib/python3.9/site-packages/airflow/example_dags/tutorial_dag.py took 0.097 seconds
[2023-04-15T11:02:27.817+0700] {processor.py:153} INFO - Started process (PID=21162) to work on /home/ahyar/Documents/tut_folder/tut_python/python_script/tut_airflow/env_airflow/lib/python3.9/site-packages/airflow/example_dags/tutorial_dag.py
[2023-04-15T11:02:27.819+0700] {processor.py:743} INFO - Processing file /home/ahyar/Documents/tut_folder/tut_python/python_script/tut_airflow/env_airflow/lib/python3.9/site-packages/airflow/example_dags/tutorial_dag.py for tasks to queue
[2023-04-15T11:02:27.820+0700] {logging_mixin.py:137} INFO - [2023-04-15T11:02:27.820+0700] {dagbag.py:532} INFO - Filling up the DagBag from /home/ahyar/Documents/tut_folder/tut_python/python_script/tut_airflow/env_airflow/lib/python3.9/site-packages/airflow/example_dags/tutorial_dag.py
[2023-04-15T11:02:27.833+0700] {processor.py:753} INFO - DAG(s) dict_keys(['tutorial_dag']) retrieved from /home/ahyar/Documents/tut_folder/tut_python/python_script/tut_airflow/env_airflow/lib/python3.9/site-packages/airflow/example_dags/tutorial_dag.py
[2023-04-15T11:02:27.849+0700] {logging_mixin.py:137} INFO - [2023-04-15T11:02:27.849+0700] {dag.py:2705} INFO - Sync 1 DAGs
[2023-04-15T11:02:27.866+0700] {logging_mixin.py:137} INFO - [2023-04-15T11:02:27.866+0700] {dag.py:3452} INFO - Setting next_dagrun for tutorial_dag to None, run_after=None
[2023-04-15T11:02:27.888+0700] {processor.py:175} INFO - Processing /home/ahyar/Documents/tut_folder/tut_python/python_script/tut_airflow/env_airflow/lib/python3.9/site-packages/airflow/example_dags/tutorial_dag.py took 0.075 seconds
[2023-04-15T11:05:33.824+0700] {processor.py:153} INFO - Started process (PID=23340) to work on /home/ahyar/Documents/tut_folder/tut_python/python_script/tut_airflow/env_airflow/lib/python3.9/site-packages/airflow/example_dags/tutorial_dag.py
[2023-04-15T11:05:33.824+0700] {processor.py:743} INFO - Processing file /home/ahyar/Documents/tut_folder/tut_python/python_script/tut_airflow/env_airflow/lib/python3.9/site-packages/airflow/example_dags/tutorial_dag.py for tasks to queue
[2023-04-15T11:05:33.825+0700] {logging_mixin.py:137} INFO - [2023-04-15T11:05:33.825+0700] {dagbag.py:532} INFO - Filling up the DagBag from /home/ahyar/Documents/tut_folder/tut_python/python_script/tut_airflow/env_airflow/lib/python3.9/site-packages/airflow/example_dags/tutorial_dag.py
[2023-04-15T11:05:33.836+0700] {processor.py:753} INFO - DAG(s) dict_keys(['tutorial_dag']) retrieved from /home/ahyar/Documents/tut_folder/tut_python/python_script/tut_airflow/env_airflow/lib/python3.9/site-packages/airflow/example_dags/tutorial_dag.py
[2023-04-15T11:05:33.848+0700] {logging_mixin.py:137} INFO - [2023-04-15T11:05:33.848+0700] {dag.py:2705} INFO - Sync 1 DAGs
[2023-04-15T11:05:33.859+0700] {logging_mixin.py:137} INFO - [2023-04-15T11:05:33.859+0700] {dag.py:3452} INFO - Setting next_dagrun for tutorial_dag to None, run_after=None
[2023-04-15T11:05:33.874+0700] {processor.py:175} INFO - Processing /home/ahyar/Documents/tut_folder/tut_python/python_script/tut_airflow/env_airflow/lib/python3.9/site-packages/airflow/example_dags/tutorial_dag.py took 0.052 seconds
