[2023-04-15T10:46:41.024+0700] {processor.py:153} INFO - Started process (PID=16376) to work on /home/ahyar/Documents/tut_folder/tut_python/python_script/tut_airflow/env_airflow/lib/python3.9/site-packages/airflow/example_dags/tutorial.py
[2023-04-15T10:46:41.025+0700] {processor.py:743} INFO - Processing file /home/ahyar/Documents/tut_folder/tut_python/python_script/tut_airflow/env_airflow/lib/python3.9/site-packages/airflow/example_dags/tutorial.py for tasks to queue
[2023-04-15T10:46:41.025+0700] {logging_mixin.py:137} INFO - [2023-04-15T10:46:41.025+0700] {dagbag.py:532} INFO - Filling up the DagBag from /home/ahyar/Documents/tut_folder/tut_python/python_script/tut_airflow/env_airflow/lib/python3.9/site-packages/airflow/example_dags/tutorial.py
[2023-04-15T10:46:41.038+0700] {processor.py:753} INFO - DAG(s) dict_keys(['tutorial']) retrieved from /home/ahyar/Documents/tut_folder/tut_python/python_script/tut_airflow/env_airflow/lib/python3.9/site-packages/airflow/example_dags/tutorial.py
[2023-04-15T10:46:41.115+0700] {logging_mixin.py:137} INFO - [2023-04-15T10:46:41.115+0700] {manager.py:504} INFO - Created Permission View: can read on DAG:tutorial
[2023-04-15T10:46:41.125+0700] {logging_mixin.py:137} INFO - [2023-04-15T10:46:41.125+0700] {manager.py:504} INFO - Created Permission View: can edit on DAG:tutorial
[2023-04-15T10:46:41.134+0700] {logging_mixin.py:137} INFO - [2023-04-15T10:46:41.134+0700] {manager.py:504} INFO - Created Permission View: can delete on DAG:tutorial
[2023-04-15T10:46:41.134+0700] {logging_mixin.py:137} INFO - [2023-04-15T10:46:41.134+0700] {dag.py:2705} INFO - Sync 1 DAGs
[2023-04-15T10:46:41.141+0700] {logging_mixin.py:137} INFO - [2023-04-15T10:46:41.140+0700] {dag.py:2726} INFO - Creating ORM DAG for tutorial
[2023-04-15T10:46:41.147+0700] {logging_mixin.py:137} INFO - [2023-04-15T10:46:41.147+0700] {dag.py:3452} INFO - Setting next_dagrun for tutorial to 2023-04-14T03:46:41.146861+00:00, run_after=2023-04-15T03:46:41.146861+00:00
[2023-04-15T10:46:41.164+0700] {processor.py:175} INFO - Processing /home/ahyar/Documents/tut_folder/tut_python/python_script/tut_airflow/env_airflow/lib/python3.9/site-packages/airflow/example_dags/tutorial.py took 0.143 seconds
[2023-04-15T10:47:24.409+0700] {processor.py:153} INFO - Started process (PID=16596) to work on /home/ahyar/Documents/tut_folder/tut_python/python_script/tut_airflow/env_airflow/lib/python3.9/site-packages/airflow/example_dags/tutorial.py
[2023-04-15T10:47:24.411+0700] {processor.py:743} INFO - Processing file /home/ahyar/Documents/tut_folder/tut_python/python_script/tut_airflow/env_airflow/lib/python3.9/site-packages/airflow/example_dags/tutorial.py for tasks to queue
[2023-04-15T10:47:24.412+0700] {logging_mixin.py:137} INFO - [2023-04-15T10:47:24.412+0700] {dagbag.py:532} INFO - Filling up the DagBag from /home/ahyar/Documents/tut_folder/tut_python/python_script/tut_airflow/env_airflow/lib/python3.9/site-packages/airflow/example_dags/tutorial.py
[2023-04-15T10:47:24.421+0700] {processor.py:753} INFO - DAG(s) dict_keys(['tutorial']) retrieved from /home/ahyar/Documents/tut_folder/tut_python/python_script/tut_airflow/env_airflow/lib/python3.9/site-packages/airflow/example_dags/tutorial.py
[2023-04-15T10:47:24.431+0700] {logging_mixin.py:137} INFO - [2023-04-15T10:47:24.431+0700] {dag.py:2705} INFO - Sync 1 DAGs
[2023-04-15T10:47:24.441+0700] {logging_mixin.py:137} INFO - [2023-04-15T10:47:24.441+0700] {dag.py:3452} INFO - Setting next_dagrun for tutorial to 2023-04-14T03:47:24.441685+00:00, run_after=2023-04-15T03:47:24.441685+00:00
[2023-04-15T10:47:24.457+0700] {processor.py:175} INFO - Processing /home/ahyar/Documents/tut_folder/tut_python/python_script/tut_airflow/env_airflow/lib/python3.9/site-packages/airflow/example_dags/tutorial.py took 0.052 seconds
[2023-04-15T10:48:36.813+0700] {processor.py:153} INFO - Started process (PID=17051) to work on /home/ahyar/Documents/tut_folder/tut_python/python_script/tut_airflow/env_airflow/lib/python3.9/site-packages/airflow/example_dags/tutorial.py
[2023-04-15T10:48:36.919+0700] {processor.py:743} INFO - Processing file /home/ahyar/Documents/tut_folder/tut_python/python_script/tut_airflow/env_airflow/lib/python3.9/site-packages/airflow/example_dags/tutorial.py for tasks to queue
[2023-04-15T10:48:36.920+0700] {logging_mixin.py:137} INFO - [2023-04-15T10:48:36.919+0700] {dagbag.py:532} INFO - Filling up the DagBag from /home/ahyar/Documents/tut_folder/tut_python/python_script/tut_airflow/env_airflow/lib/python3.9/site-packages/airflow/example_dags/tutorial.py
[2023-04-15T10:48:36.938+0700] {processor.py:753} INFO - DAG(s) dict_keys(['tutorial']) retrieved from /home/ahyar/Documents/tut_folder/tut_python/python_script/tut_airflow/env_airflow/lib/python3.9/site-packages/airflow/example_dags/tutorial.py
[2023-04-15T10:48:36.948+0700] {logging_mixin.py:137} INFO - [2023-04-15T10:48:36.948+0700] {dag.py:2705} INFO - Sync 1 DAGs
[2023-04-15T10:48:36.959+0700] {logging_mixin.py:137} INFO - [2023-04-15T10:48:36.959+0700] {dag.py:3452} INFO - Setting next_dagrun for tutorial to 2023-04-14T03:48:36.959189+00:00, run_after=2023-04-15T03:48:36.959189+00:00
[2023-04-15T10:48:36.977+0700] {processor.py:175} INFO - Processing /home/ahyar/Documents/tut_folder/tut_python/python_script/tut_airflow/env_airflow/lib/python3.9/site-packages/airflow/example_dags/tutorial.py took 0.167 seconds
[2023-04-15T10:49:21.157+0700] {processor.py:153} INFO - Started process (PID=17448) to work on /home/ahyar/Documents/tut_folder/tut_python/python_script/tut_airflow/env_airflow/lib/python3.9/site-packages/airflow/example_dags/tutorial.py
[2023-04-15T10:49:21.158+0700] {processor.py:743} INFO - Processing file /home/ahyar/Documents/tut_folder/tut_python/python_script/tut_airflow/env_airflow/lib/python3.9/site-packages/airflow/example_dags/tutorial.py for tasks to queue
[2023-04-15T10:49:21.160+0700] {logging_mixin.py:137} INFO - [2023-04-15T10:49:21.159+0700] {dagbag.py:532} INFO - Filling up the DagBag from /home/ahyar/Documents/tut_folder/tut_python/python_script/tut_airflow/env_airflow/lib/python3.9/site-packages/airflow/example_dags/tutorial.py
[2023-04-15T10:49:21.179+0700] {processor.py:753} INFO - DAG(s) dict_keys(['tutorial']) retrieved from /home/ahyar/Documents/tut_folder/tut_python/python_script/tut_airflow/env_airflow/lib/python3.9/site-packages/airflow/example_dags/tutorial.py
[2023-04-15T10:49:21.217+0700] {logging_mixin.py:137} INFO - [2023-04-15T10:49:21.217+0700] {dag.py:2705} INFO - Sync 1 DAGs
[2023-04-15T10:49:21.260+0700] {logging_mixin.py:137} INFO - [2023-04-15T10:49:21.260+0700] {dag.py:3452} INFO - Setting next_dagrun for tutorial to 2023-04-14T03:49:21.259966+00:00, run_after=2023-04-15T03:49:21.259966+00:00
[2023-04-15T10:49:21.319+0700] {processor.py:175} INFO - Processing /home/ahyar/Documents/tut_folder/tut_python/python_script/tut_airflow/env_airflow/lib/python3.9/site-packages/airflow/example_dags/tutorial.py took 0.164 seconds
[2023-04-15T10:50:09.370+0700] {processor.py:153} INFO - Started process (PID=17650) to work on /home/ahyar/Documents/tut_folder/tut_python/python_script/tut_airflow/env_airflow/lib/python3.9/site-packages/airflow/example_dags/tutorial.py
[2023-04-15T10:50:09.371+0700] {processor.py:743} INFO - Processing file /home/ahyar/Documents/tut_folder/tut_python/python_script/tut_airflow/env_airflow/lib/python3.9/site-packages/airflow/example_dags/tutorial.py for tasks to queue
[2023-04-15T10:50:09.371+0700] {logging_mixin.py:137} INFO - [2023-04-15T10:50:09.371+0700] {dagbag.py:532} INFO - Filling up the DagBag from /home/ahyar/Documents/tut_folder/tut_python/python_script/tut_airflow/env_airflow/lib/python3.9/site-packages/airflow/example_dags/tutorial.py
[2023-04-15T10:50:09.382+0700] {processor.py:753} INFO - DAG(s) dict_keys(['tutorial']) retrieved from /home/ahyar/Documents/tut_folder/tut_python/python_script/tut_airflow/env_airflow/lib/python3.9/site-packages/airflow/example_dags/tutorial.py
[2023-04-15T10:50:09.398+0700] {logging_mixin.py:137} INFO - [2023-04-15T10:50:09.398+0700] {dag.py:2705} INFO - Sync 1 DAGs
[2023-04-15T10:50:09.414+0700] {logging_mixin.py:137} INFO - [2023-04-15T10:50:09.414+0700] {dag.py:3452} INFO - Setting next_dagrun for tutorial to 2023-04-14T03:50:09.414098+00:00, run_after=2023-04-15T03:50:09.414098+00:00
[2023-04-15T10:50:09.432+0700] {processor.py:175} INFO - Processing /home/ahyar/Documents/tut_folder/tut_python/python_script/tut_airflow/env_airflow/lib/python3.9/site-packages/airflow/example_dags/tutorial.py took 0.064 seconds
[2023-04-15T10:50:51.128+0700] {processor.py:153} INFO - Started process (PID=17759) to work on /home/ahyar/Documents/tut_folder/tut_python/python_script/tut_airflow/env_airflow/lib/python3.9/site-packages/airflow/example_dags/tutorial.py
[2023-04-15T10:50:51.129+0700] {processor.py:743} INFO - Processing file /home/ahyar/Documents/tut_folder/tut_python/python_script/tut_airflow/env_airflow/lib/python3.9/site-packages/airflow/example_dags/tutorial.py for tasks to queue
[2023-04-15T10:50:51.130+0700] {logging_mixin.py:137} INFO - [2023-04-15T10:50:51.130+0700] {dagbag.py:532} INFO - Filling up the DagBag from /home/ahyar/Documents/tut_folder/tut_python/python_script/tut_airflow/env_airflow/lib/python3.9/site-packages/airflow/example_dags/tutorial.py
[2023-04-15T10:50:51.142+0700] {processor.py:753} INFO - DAG(s) dict_keys(['tutorial']) retrieved from /home/ahyar/Documents/tut_folder/tut_python/python_script/tut_airflow/env_airflow/lib/python3.9/site-packages/airflow/example_dags/tutorial.py
[2023-04-15T10:50:51.152+0700] {logging_mixin.py:137} INFO - [2023-04-15T10:50:51.152+0700] {dag.py:2705} INFO - Sync 1 DAGs
[2023-04-15T10:50:51.163+0700] {logging_mixin.py:137} INFO - [2023-04-15T10:50:51.163+0700] {dag.py:3452} INFO - Setting next_dagrun for tutorial to 2023-04-14T03:50:51.162991+00:00, run_after=2023-04-15T03:50:51.162991+00:00
[2023-04-15T10:50:51.176+0700] {processor.py:175} INFO - Processing /home/ahyar/Documents/tut_folder/tut_python/python_script/tut_airflow/env_airflow/lib/python3.9/site-packages/airflow/example_dags/tutorial.py took 0.053 seconds
[2023-04-15T10:51:31.932+0700] {processor.py:153} INFO - Started process (PID=17843) to work on /home/ahyar/Documents/tut_folder/tut_python/python_script/tut_airflow/env_airflow/lib/python3.9/site-packages/airflow/example_dags/tutorial.py
[2023-04-15T10:51:31.934+0700] {processor.py:743} INFO - Processing file /home/ahyar/Documents/tut_folder/tut_python/python_script/tut_airflow/env_airflow/lib/python3.9/site-packages/airflow/example_dags/tutorial.py for tasks to queue
[2023-04-15T10:51:31.935+0700] {logging_mixin.py:137} INFO - [2023-04-15T10:51:31.935+0700] {dagbag.py:532} INFO - Filling up the DagBag from /home/ahyar/Documents/tut_folder/tut_python/python_script/tut_airflow/env_airflow/lib/python3.9/site-packages/airflow/example_dags/tutorial.py
[2023-04-15T10:51:31.968+0700] {processor.py:753} INFO - DAG(s) dict_keys(['tutorial']) retrieved from /home/ahyar/Documents/tut_folder/tut_python/python_script/tut_airflow/env_airflow/lib/python3.9/site-packages/airflow/example_dags/tutorial.py
[2023-04-15T10:51:31.999+0700] {logging_mixin.py:137} INFO - [2023-04-15T10:51:31.999+0700] {dag.py:2705} INFO - Sync 1 DAGs
[2023-04-15T10:51:32.026+0700] {logging_mixin.py:137} INFO - [2023-04-15T10:51:32.026+0700] {dag.py:3452} INFO - Setting next_dagrun for tutorial to 2023-04-14T03:51:32.026243+00:00, run_after=2023-04-15T03:51:32.026243+00:00
[2023-04-15T10:51:32.063+0700] {processor.py:175} INFO - Processing /home/ahyar/Documents/tut_folder/tut_python/python_script/tut_airflow/env_airflow/lib/python3.9/site-packages/airflow/example_dags/tutorial.py took 0.133 seconds
[2023-04-15T10:52:17.866+0700] {processor.py:153} INFO - Started process (PID=17915) to work on /home/ahyar/Documents/tut_folder/tut_python/python_script/tut_airflow/env_airflow/lib/python3.9/site-packages/airflow/example_dags/tutorial.py
[2023-04-15T10:52:17.872+0700] {processor.py:743} INFO - Processing file /home/ahyar/Documents/tut_folder/tut_python/python_script/tut_airflow/env_airflow/lib/python3.9/site-packages/airflow/example_dags/tutorial.py for tasks to queue
[2023-04-15T10:52:17.874+0700] {logging_mixin.py:137} INFO - [2023-04-15T10:52:17.873+0700] {dagbag.py:532} INFO - Filling up the DagBag from /home/ahyar/Documents/tut_folder/tut_python/python_script/tut_airflow/env_airflow/lib/python3.9/site-packages/airflow/example_dags/tutorial.py
[2023-04-15T10:52:17.928+0700] {processor.py:753} INFO - DAG(s) dict_keys(['tutorial']) retrieved from /home/ahyar/Documents/tut_folder/tut_python/python_script/tut_airflow/env_airflow/lib/python3.9/site-packages/airflow/example_dags/tutorial.py
[2023-04-15T10:52:17.999+0700] {logging_mixin.py:137} INFO - [2023-04-15T10:52:17.998+0700] {dag.py:2705} INFO - Sync 1 DAGs
[2023-04-15T10:52:18.072+0700] {logging_mixin.py:137} INFO - [2023-04-15T10:52:18.071+0700] {dag.py:3452} INFO - Setting next_dagrun for tutorial to 2023-04-14T03:52:18.070974+00:00, run_after=2023-04-15T03:52:18.070974+00:00
[2023-04-15T10:52:18.113+0700] {processor.py:175} INFO - Processing /home/ahyar/Documents/tut_folder/tut_python/python_script/tut_airflow/env_airflow/lib/python3.9/site-packages/airflow/example_dags/tutorial.py took 0.257 seconds
[2023-04-15T10:53:04.961+0700] {processor.py:153} INFO - Started process (PID=18089) to work on /home/ahyar/Documents/tut_folder/tut_python/python_script/tut_airflow/env_airflow/lib/python3.9/site-packages/airflow/example_dags/tutorial.py
[2023-04-15T10:53:05.248+0700] {processor.py:743} INFO - Processing file /home/ahyar/Documents/tut_folder/tut_python/python_script/tut_airflow/env_airflow/lib/python3.9/site-packages/airflow/example_dags/tutorial.py for tasks to queue
[2023-04-15T10:53:05.249+0700] {logging_mixin.py:137} INFO - [2023-04-15T10:53:05.249+0700] {dagbag.py:532} INFO - Filling up the DagBag from /home/ahyar/Documents/tut_folder/tut_python/python_script/tut_airflow/env_airflow/lib/python3.9/site-packages/airflow/example_dags/tutorial.py
[2023-04-15T10:53:05.272+0700] {processor.py:753} INFO - DAG(s) dict_keys(['tutorial']) retrieved from /home/ahyar/Documents/tut_folder/tut_python/python_script/tut_airflow/env_airflow/lib/python3.9/site-packages/airflow/example_dags/tutorial.py
[2023-04-15T10:53:05.307+0700] {logging_mixin.py:137} INFO - [2023-04-15T10:53:05.307+0700] {dag.py:2705} INFO - Sync 1 DAGs
[2023-04-15T10:53:05.333+0700] {logging_mixin.py:137} INFO - [2023-04-15T10:53:05.333+0700] {dag.py:3452} INFO - Setting next_dagrun for tutorial to 2023-04-14T03:53:05.333041+00:00, run_after=2023-04-15T03:53:05.333041+00:00
[2023-04-15T10:53:05.509+0700] {processor.py:175} INFO - Processing /home/ahyar/Documents/tut_folder/tut_python/python_script/tut_airflow/env_airflow/lib/python3.9/site-packages/airflow/example_dags/tutorial.py took 0.551 seconds
[2023-04-15T10:53:51.247+0700] {processor.py:153} INFO - Started process (PID=18186) to work on /home/ahyar/Documents/tut_folder/tut_python/python_script/tut_airflow/env_airflow/lib/python3.9/site-packages/airflow/example_dags/tutorial.py
[2023-04-15T10:53:51.248+0700] {processor.py:743} INFO - Processing file /home/ahyar/Documents/tut_folder/tut_python/python_script/tut_airflow/env_airflow/lib/python3.9/site-packages/airflow/example_dags/tutorial.py for tasks to queue
[2023-04-15T10:53:51.249+0700] {logging_mixin.py:137} INFO - [2023-04-15T10:53:51.248+0700] {dagbag.py:532} INFO - Filling up the DagBag from /home/ahyar/Documents/tut_folder/tut_python/python_script/tut_airflow/env_airflow/lib/python3.9/site-packages/airflow/example_dags/tutorial.py
[2023-04-15T10:53:51.258+0700] {processor.py:753} INFO - DAG(s) dict_keys(['tutorial']) retrieved from /home/ahyar/Documents/tut_folder/tut_python/python_script/tut_airflow/env_airflow/lib/python3.9/site-packages/airflow/example_dags/tutorial.py
[2023-04-15T10:53:51.272+0700] {logging_mixin.py:137} INFO - [2023-04-15T10:53:51.272+0700] {dag.py:2705} INFO - Sync 1 DAGs
[2023-04-15T10:53:51.288+0700] {logging_mixin.py:137} INFO - [2023-04-15T10:53:51.288+0700] {dag.py:3452} INFO - Setting next_dagrun for tutorial to 2023-04-14T03:53:51.288211+00:00, run_after=2023-04-15T03:53:51.288211+00:00
[2023-04-15T10:53:51.307+0700] {processor.py:175} INFO - Processing /home/ahyar/Documents/tut_folder/tut_python/python_script/tut_airflow/env_airflow/lib/python3.9/site-packages/airflow/example_dags/tutorial.py took 0.062 seconds
[2023-04-15T10:54:34.850+0700] {processor.py:153} INFO - Started process (PID=18270) to work on /home/ahyar/Documents/tut_folder/tut_python/python_script/tut_airflow/env_airflow/lib/python3.9/site-packages/airflow/example_dags/tutorial.py
[2023-04-15T10:54:34.852+0700] {processor.py:743} INFO - Processing file /home/ahyar/Documents/tut_folder/tut_python/python_script/tut_airflow/env_airflow/lib/python3.9/site-packages/airflow/example_dags/tutorial.py for tasks to queue
[2023-04-15T10:54:34.852+0700] {logging_mixin.py:137} INFO - [2023-04-15T10:54:34.852+0700] {dagbag.py:532} INFO - Filling up the DagBag from /home/ahyar/Documents/tut_folder/tut_python/python_script/tut_airflow/env_airflow/lib/python3.9/site-packages/airflow/example_dags/tutorial.py
[2023-04-15T10:54:34.864+0700] {processor.py:753} INFO - DAG(s) dict_keys(['tutorial']) retrieved from /home/ahyar/Documents/tut_folder/tut_python/python_script/tut_airflow/env_airflow/lib/python3.9/site-packages/airflow/example_dags/tutorial.py
[2023-04-15T10:54:34.874+0700] {logging_mixin.py:137} INFO - [2023-04-15T10:54:34.874+0700] {dag.py:2705} INFO - Sync 1 DAGs
[2023-04-15T10:54:34.885+0700] {logging_mixin.py:137} INFO - [2023-04-15T10:54:34.885+0700] {dag.py:3452} INFO - Setting next_dagrun for tutorial to 2023-04-14T03:54:34.884950+00:00, run_after=2023-04-15T03:54:34.884950+00:00
[2023-04-15T10:54:34.898+0700] {processor.py:175} INFO - Processing /home/ahyar/Documents/tut_folder/tut_python/python_script/tut_airflow/env_airflow/lib/python3.9/site-packages/airflow/example_dags/tutorial.py took 0.052 seconds
[2023-04-15T10:55:19.682+0700] {processor.py:153} INFO - Started process (PID=18339) to work on /home/ahyar/Documents/tut_folder/tut_python/python_script/tut_airflow/env_airflow/lib/python3.9/site-packages/airflow/example_dags/tutorial.py
[2023-04-15T10:55:19.687+0700] {processor.py:743} INFO - Processing file /home/ahyar/Documents/tut_folder/tut_python/python_script/tut_airflow/env_airflow/lib/python3.9/site-packages/airflow/example_dags/tutorial.py for tasks to queue
[2023-04-15T10:55:19.687+0700] {logging_mixin.py:137} INFO - [2023-04-15T10:55:19.687+0700] {dagbag.py:532} INFO - Filling up the DagBag from /home/ahyar/Documents/tut_folder/tut_python/python_script/tut_airflow/env_airflow/lib/python3.9/site-packages/airflow/example_dags/tutorial.py
[2023-04-15T10:55:19.716+0700] {processor.py:753} INFO - DAG(s) dict_keys(['tutorial']) retrieved from /home/ahyar/Documents/tut_folder/tut_python/python_script/tut_airflow/env_airflow/lib/python3.9/site-packages/airflow/example_dags/tutorial.py
[2023-04-15T10:55:19.750+0700] {logging_mixin.py:137} INFO - [2023-04-15T10:55:19.750+0700] {dag.py:2705} INFO - Sync 1 DAGs
[2023-04-15T10:55:19.789+0700] {logging_mixin.py:137} INFO - [2023-04-15T10:55:19.789+0700] {dag.py:3452} INFO - Setting next_dagrun for tutorial to 2023-04-14T03:55:19.788852+00:00, run_after=2023-04-15T03:55:19.788852+00:00
[2023-04-15T10:55:19.834+0700] {processor.py:175} INFO - Processing /home/ahyar/Documents/tut_folder/tut_python/python_script/tut_airflow/env_airflow/lib/python3.9/site-packages/airflow/example_dags/tutorial.py took 0.155 seconds
[2023-04-15T10:56:05.066+0700] {processor.py:153} INFO - Started process (PID=18451) to work on /home/ahyar/Documents/tut_folder/tut_python/python_script/tut_airflow/env_airflow/lib/python3.9/site-packages/airflow/example_dags/tutorial.py
[2023-04-15T10:56:05.068+0700] {processor.py:743} INFO - Processing file /home/ahyar/Documents/tut_folder/tut_python/python_script/tut_airflow/env_airflow/lib/python3.9/site-packages/airflow/example_dags/tutorial.py for tasks to queue
[2023-04-15T10:56:05.069+0700] {logging_mixin.py:137} INFO - [2023-04-15T10:56:05.068+0700] {dagbag.py:532} INFO - Filling up the DagBag from /home/ahyar/Documents/tut_folder/tut_python/python_script/tut_airflow/env_airflow/lib/python3.9/site-packages/airflow/example_dags/tutorial.py
[2023-04-15T10:56:05.081+0700] {processor.py:753} INFO - DAG(s) dict_keys(['tutorial']) retrieved from /home/ahyar/Documents/tut_folder/tut_python/python_script/tut_airflow/env_airflow/lib/python3.9/site-packages/airflow/example_dags/tutorial.py
[2023-04-15T10:56:05.091+0700] {logging_mixin.py:137} INFO - [2023-04-15T10:56:05.090+0700] {dag.py:2705} INFO - Sync 1 DAGs
[2023-04-15T10:56:05.101+0700] {logging_mixin.py:137} INFO - [2023-04-15T10:56:05.101+0700] {dag.py:3452} INFO - Setting next_dagrun for tutorial to 2023-04-14T03:56:05.101023+00:00, run_after=2023-04-15T03:56:05.101023+00:00
[2023-04-15T10:56:05.115+0700] {processor.py:175} INFO - Processing /home/ahyar/Documents/tut_folder/tut_python/python_script/tut_airflow/env_airflow/lib/python3.9/site-packages/airflow/example_dags/tutorial.py took 0.052 seconds
[2023-04-15T10:56:46.367+0700] {processor.py:153} INFO - Started process (PID=18520) to work on /home/ahyar/Documents/tut_folder/tut_python/python_script/tut_airflow/env_airflow/lib/python3.9/site-packages/airflow/example_dags/tutorial.py
[2023-04-15T10:56:46.369+0700] {processor.py:743} INFO - Processing file /home/ahyar/Documents/tut_folder/tut_python/python_script/tut_airflow/env_airflow/lib/python3.9/site-packages/airflow/example_dags/tutorial.py for tasks to queue
[2023-04-15T10:56:46.369+0700] {logging_mixin.py:137} INFO - [2023-04-15T10:56:46.369+0700] {dagbag.py:532} INFO - Filling up the DagBag from /home/ahyar/Documents/tut_folder/tut_python/python_script/tut_airflow/env_airflow/lib/python3.9/site-packages/airflow/example_dags/tutorial.py
[2023-04-15T10:56:46.378+0700] {processor.py:753} INFO - DAG(s) dict_keys(['tutorial']) retrieved from /home/ahyar/Documents/tut_folder/tut_python/python_script/tut_airflow/env_airflow/lib/python3.9/site-packages/airflow/example_dags/tutorial.py
[2023-04-15T10:56:46.389+0700] {logging_mixin.py:137} INFO - [2023-04-15T10:56:46.389+0700] {dag.py:2705} INFO - Sync 1 DAGs
[2023-04-15T10:56:46.400+0700] {logging_mixin.py:137} INFO - [2023-04-15T10:56:46.400+0700] {dag.py:3452} INFO - Setting next_dagrun for tutorial to 2023-04-14T03:56:46.400046+00:00, run_after=2023-04-15T03:56:46.400046+00:00
[2023-04-15T10:56:46.415+0700] {processor.py:175} INFO - Processing /home/ahyar/Documents/tut_folder/tut_python/python_script/tut_airflow/env_airflow/lib/python3.9/site-packages/airflow/example_dags/tutorial.py took 0.051 seconds
[2023-04-15T10:57:30.485+0700] {processor.py:153} INFO - Started process (PID=18600) to work on /home/ahyar/Documents/tut_folder/tut_python/python_script/tut_airflow/env_airflow/lib/python3.9/site-packages/airflow/example_dags/tutorial.py
[2023-04-15T10:57:30.486+0700] {processor.py:743} INFO - Processing file /home/ahyar/Documents/tut_folder/tut_python/python_script/tut_airflow/env_airflow/lib/python3.9/site-packages/airflow/example_dags/tutorial.py for tasks to queue
[2023-04-15T10:57:30.486+0700] {logging_mixin.py:137} INFO - [2023-04-15T10:57:30.486+0700] {dagbag.py:532} INFO - Filling up the DagBag from /home/ahyar/Documents/tut_folder/tut_python/python_script/tut_airflow/env_airflow/lib/python3.9/site-packages/airflow/example_dags/tutorial.py
[2023-04-15T10:57:30.495+0700] {processor.py:753} INFO - DAG(s) dict_keys(['tutorial']) retrieved from /home/ahyar/Documents/tut_folder/tut_python/python_script/tut_airflow/env_airflow/lib/python3.9/site-packages/airflow/example_dags/tutorial.py
[2023-04-15T10:57:30.510+0700] {logging_mixin.py:137} INFO - [2023-04-15T10:57:30.510+0700] {dag.py:2705} INFO - Sync 1 DAGs
[2023-04-15T10:57:30.525+0700] {logging_mixin.py:137} INFO - [2023-04-15T10:57:30.525+0700] {dag.py:3452} INFO - Setting next_dagrun for tutorial to 2023-04-14T03:57:30.525427+00:00, run_after=2023-04-15T03:57:30.525427+00:00
[2023-04-15T10:57:30.544+0700] {processor.py:175} INFO - Processing /home/ahyar/Documents/tut_folder/tut_python/python_script/tut_airflow/env_airflow/lib/python3.9/site-packages/airflow/example_dags/tutorial.py took 0.061 seconds
[2023-04-15T10:58:17.204+0700] {processor.py:153} INFO - Started process (PID=18657) to work on /home/ahyar/Documents/tut_folder/tut_python/python_script/tut_airflow/env_airflow/lib/python3.9/site-packages/airflow/example_dags/tutorial.py
[2023-04-15T10:58:17.207+0700] {processor.py:743} INFO - Processing file /home/ahyar/Documents/tut_folder/tut_python/python_script/tut_airflow/env_airflow/lib/python3.9/site-packages/airflow/example_dags/tutorial.py for tasks to queue
[2023-04-15T10:58:17.208+0700] {logging_mixin.py:137} INFO - [2023-04-15T10:58:17.208+0700] {dagbag.py:532} INFO - Filling up the DagBag from /home/ahyar/Documents/tut_folder/tut_python/python_script/tut_airflow/env_airflow/lib/python3.9/site-packages/airflow/example_dags/tutorial.py
[2023-04-15T10:58:17.227+0700] {processor.py:753} INFO - DAG(s) dict_keys(['tutorial']) retrieved from /home/ahyar/Documents/tut_folder/tut_python/python_script/tut_airflow/env_airflow/lib/python3.9/site-packages/airflow/example_dags/tutorial.py
[2023-04-15T10:58:17.245+0700] {logging_mixin.py:137} INFO - [2023-04-15T10:58:17.244+0700] {dag.py:2705} INFO - Sync 1 DAGs
[2023-04-15T10:58:17.260+0700] {logging_mixin.py:137} INFO - [2023-04-15T10:58:17.259+0700] {dag.py:3452} INFO - Setting next_dagrun for tutorial to 2023-04-14T03:58:17.259770+00:00, run_after=2023-04-15T03:58:17.259770+00:00
[2023-04-15T10:58:17.279+0700] {processor.py:175} INFO - Processing /home/ahyar/Documents/tut_folder/tut_python/python_script/tut_airflow/env_airflow/lib/python3.9/site-packages/airflow/example_dags/tutorial.py took 0.078 seconds
[2023-04-15T10:59:03.859+0700] {processor.py:153} INFO - Started process (PID=18869) to work on /home/ahyar/Documents/tut_folder/tut_python/python_script/tut_airflow/env_airflow/lib/python3.9/site-packages/airflow/example_dags/tutorial.py
[2023-04-15T10:59:03.861+0700] {processor.py:743} INFO - Processing file /home/ahyar/Documents/tut_folder/tut_python/python_script/tut_airflow/env_airflow/lib/python3.9/site-packages/airflow/example_dags/tutorial.py for tasks to queue
[2023-04-15T10:59:03.861+0700] {logging_mixin.py:137} INFO - [2023-04-15T10:59:03.861+0700] {dagbag.py:532} INFO - Filling up the DagBag from /home/ahyar/Documents/tut_folder/tut_python/python_script/tut_airflow/env_airflow/lib/python3.9/site-packages/airflow/example_dags/tutorial.py
[2023-04-15T10:59:03.884+0700] {processor.py:753} INFO - DAG(s) dict_keys(['tutorial']) retrieved from /home/ahyar/Documents/tut_folder/tut_python/python_script/tut_airflow/env_airflow/lib/python3.9/site-packages/airflow/example_dags/tutorial.py
[2023-04-15T10:59:03.904+0700] {logging_mixin.py:137} INFO - [2023-04-15T10:59:03.904+0700] {dag.py:2705} INFO - Sync 1 DAGs
[2023-04-15T10:59:03.918+0700] {logging_mixin.py:137} INFO - [2023-04-15T10:59:03.918+0700] {dag.py:3452} INFO - Setting next_dagrun for tutorial to 2023-04-14T03:59:03.918046+00:00, run_after=2023-04-15T03:59:03.918046+00:00
[2023-04-15T10:59:03.934+0700] {processor.py:175} INFO - Processing /home/ahyar/Documents/tut_folder/tut_python/python_script/tut_airflow/env_airflow/lib/python3.9/site-packages/airflow/example_dags/tutorial.py took 0.079 seconds
[2023-04-15T11:02:36.769+0700] {processor.py:153} INFO - Started process (PID=21227) to work on /home/ahyar/Documents/tut_folder/tut_python/python_script/tut_airflow/env_airflow/lib/python3.9/site-packages/airflow/example_dags/tutorial.py
[2023-04-15T11:02:36.770+0700] {processor.py:743} INFO - Processing file /home/ahyar/Documents/tut_folder/tut_python/python_script/tut_airflow/env_airflow/lib/python3.9/site-packages/airflow/example_dags/tutorial.py for tasks to queue
[2023-04-15T11:02:36.771+0700] {logging_mixin.py:137} INFO - [2023-04-15T11:02:36.771+0700] {dagbag.py:532} INFO - Filling up the DagBag from /home/ahyar/Documents/tut_folder/tut_python/python_script/tut_airflow/env_airflow/lib/python3.9/site-packages/airflow/example_dags/tutorial.py
[2023-04-15T11:02:36.782+0700] {processor.py:753} INFO - DAG(s) dict_keys(['tutorial']) retrieved from /home/ahyar/Documents/tut_folder/tut_python/python_script/tut_airflow/env_airflow/lib/python3.9/site-packages/airflow/example_dags/tutorial.py
[2023-04-15T11:02:36.798+0700] {logging_mixin.py:137} INFO - [2023-04-15T11:02:36.798+0700] {dag.py:2705} INFO - Sync 1 DAGs
[2023-04-15T11:02:36.814+0700] {logging_mixin.py:137} INFO - [2023-04-15T11:02:36.814+0700] {dag.py:3452} INFO - Setting next_dagrun for tutorial to 2023-04-14T04:02:36.813942+00:00, run_after=2023-04-15T04:02:36.813942+00:00
[2023-04-15T11:02:36.838+0700] {processor.py:175} INFO - Processing /home/ahyar/Documents/tut_folder/tut_python/python_script/tut_airflow/env_airflow/lib/python3.9/site-packages/airflow/example_dags/tutorial.py took 0.071 seconds
[2023-04-15T11:05:49.383+0700] {processor.py:153} INFO - Started process (PID=23506) to work on /home/ahyar/Documents/tut_folder/tut_python/python_script/tut_airflow/env_airflow/lib/python3.9/site-packages/airflow/example_dags/tutorial.py
[2023-04-15T11:05:49.384+0700] {processor.py:743} INFO - Processing file /home/ahyar/Documents/tut_folder/tut_python/python_script/tut_airflow/env_airflow/lib/python3.9/site-packages/airflow/example_dags/tutorial.py for tasks to queue
[2023-04-15T11:05:49.385+0700] {logging_mixin.py:137} INFO - [2023-04-15T11:05:49.385+0700] {dagbag.py:532} INFO - Filling up the DagBag from /home/ahyar/Documents/tut_folder/tut_python/python_script/tut_airflow/env_airflow/lib/python3.9/site-packages/airflow/example_dags/tutorial.py
[2023-04-15T11:05:49.396+0700] {processor.py:753} INFO - DAG(s) dict_keys(['tutorial']) retrieved from /home/ahyar/Documents/tut_folder/tut_python/python_script/tut_airflow/env_airflow/lib/python3.9/site-packages/airflow/example_dags/tutorial.py
[2023-04-15T11:05:49.411+0700] {logging_mixin.py:137} INFO - [2023-04-15T11:05:49.411+0700] {dag.py:2705} INFO - Sync 1 DAGs
[2023-04-15T11:05:49.422+0700] {logging_mixin.py:137} INFO - [2023-04-15T11:05:49.422+0700] {dag.py:3452} INFO - Setting next_dagrun for tutorial to 2023-04-14T04:05:49.421965+00:00, run_after=2023-04-15T04:05:49.421965+00:00
[2023-04-15T11:05:49.519+0700] {processor.py:175} INFO - Processing /home/ahyar/Documents/tut_folder/tut_python/python_script/tut_airflow/env_airflow/lib/python3.9/site-packages/airflow/example_dags/tutorial.py took 0.140 seconds
