[2023-04-15T10:46:35.996+0700] {processor.py:153} INFO - Started process (PID=16334) to work on /home/ahyar/Documents/tut_folder/tut_python/python_script/tut_airflow/env_airflow/lib/python3.9/site-packages/airflow/example_dags/tutorial_taskflow_api.py
[2023-04-15T10:46:35.997+0700] {processor.py:743} INFO - Processing file /home/ahyar/Documents/tut_folder/tut_python/python_script/tut_airflow/env_airflow/lib/python3.9/site-packages/airflow/example_dags/tutorial_taskflow_api.py for tasks to queue
[2023-04-15T10:46:35.997+0700] {logging_mixin.py:137} INFO - [2023-04-15T10:46:35.997+0700] {dagbag.py:532} INFO - Filling up the DagBag from /home/ahyar/Documents/tut_folder/tut_python/python_script/tut_airflow/env_airflow/lib/python3.9/site-packages/airflow/example_dags/tutorial_taskflow_api.py
[2023-04-15T10:46:36.011+0700] {processor.py:753} INFO - DAG(s) dict_keys(['tutorial_taskflow_api']) retrieved from /home/ahyar/Documents/tut_folder/tut_python/python_script/tut_airflow/env_airflow/lib/python3.9/site-packages/airflow/example_dags/tutorial_taskflow_api.py
[2023-04-15T10:46:36.069+0700] {logging_mixin.py:137} INFO - [2023-04-15T10:46:36.068+0700] {manager.py:504} INFO - Created Permission View: can read on DAG:tutorial_taskflow_api
[2023-04-15T10:46:36.077+0700] {logging_mixin.py:137} INFO - [2023-04-15T10:46:36.077+0700] {manager.py:504} INFO - Created Permission View: can edit on DAG:tutorial_taskflow_api
[2023-04-15T10:46:36.085+0700] {logging_mixin.py:137} INFO - [2023-04-15T10:46:36.085+0700] {manager.py:504} INFO - Created Permission View: can delete on DAG:tutorial_taskflow_api
[2023-04-15T10:46:36.085+0700] {logging_mixin.py:137} INFO - [2023-04-15T10:46:36.085+0700] {dag.py:2705} INFO - Sync 1 DAGs
[2023-04-15T10:46:36.090+0700] {logging_mixin.py:137} INFO - [2023-04-15T10:46:36.090+0700] {dag.py:2726} INFO - Creating ORM DAG for tutorial_taskflow_api
[2023-04-15T10:46:36.095+0700] {logging_mixin.py:137} INFO - [2023-04-15T10:46:36.095+0700] {dag.py:3452} INFO - Setting next_dagrun for tutorial_taskflow_api to None, run_after=None
[2023-04-15T10:46:36.109+0700] {processor.py:175} INFO - Processing /home/ahyar/Documents/tut_folder/tut_python/python_script/tut_airflow/env_airflow/lib/python3.9/site-packages/airflow/example_dags/tutorial_taskflow_api.py took 0.115 seconds
[2023-04-15T10:47:20.989+0700] {processor.py:153} INFO - Started process (PID=16573) to work on /home/ahyar/Documents/tut_folder/tut_python/python_script/tut_airflow/env_airflow/lib/python3.9/site-packages/airflow/example_dags/tutorial_taskflow_api.py
[2023-04-15T10:47:20.990+0700] {processor.py:743} INFO - Processing file /home/ahyar/Documents/tut_folder/tut_python/python_script/tut_airflow/env_airflow/lib/python3.9/site-packages/airflow/example_dags/tutorial_taskflow_api.py for tasks to queue
[2023-04-15T10:47:20.990+0700] {logging_mixin.py:137} INFO - [2023-04-15T10:47:20.990+0700] {dagbag.py:532} INFO - Filling up the DagBag from /home/ahyar/Documents/tut_folder/tut_python/python_script/tut_airflow/env_airflow/lib/python3.9/site-packages/airflow/example_dags/tutorial_taskflow_api.py
[2023-04-15T10:47:21.003+0700] {processor.py:753} INFO - DAG(s) dict_keys(['tutorial_taskflow_api']) retrieved from /home/ahyar/Documents/tut_folder/tut_python/python_script/tut_airflow/env_airflow/lib/python3.9/site-packages/airflow/example_dags/tutorial_taskflow_api.py
[2023-04-15T10:47:21.014+0700] {logging_mixin.py:137} INFO - [2023-04-15T10:47:21.014+0700] {dag.py:2705} INFO - Sync 1 DAGs
[2023-04-15T10:47:21.025+0700] {logging_mixin.py:137} INFO - [2023-04-15T10:47:21.025+0700] {dag.py:3452} INFO - Setting next_dagrun for tutorial_taskflow_api to None, run_after=None
[2023-04-15T10:47:21.043+0700] {processor.py:175} INFO - Processing /home/ahyar/Documents/tut_folder/tut_python/python_script/tut_airflow/env_airflow/lib/python3.9/site-packages/airflow/example_dags/tutorial_taskflow_api.py took 0.055 seconds
[2023-04-15T10:48:32.807+0700] {processor.py:153} INFO - Started process (PID=17031) to work on /home/ahyar/Documents/tut_folder/tut_python/python_script/tut_airflow/env_airflow/lib/python3.9/site-packages/airflow/example_dags/tutorial_taskflow_api.py
[2023-04-15T10:48:32.809+0700] {processor.py:743} INFO - Processing file /home/ahyar/Documents/tut_folder/tut_python/python_script/tut_airflow/env_airflow/lib/python3.9/site-packages/airflow/example_dags/tutorial_taskflow_api.py for tasks to queue
[2023-04-15T10:48:32.810+0700] {logging_mixin.py:137} INFO - [2023-04-15T10:48:32.810+0700] {dagbag.py:532} INFO - Filling up the DagBag from /home/ahyar/Documents/tut_folder/tut_python/python_script/tut_airflow/env_airflow/lib/python3.9/site-packages/airflow/example_dags/tutorial_taskflow_api.py
[2023-04-15T10:48:32.827+0700] {processor.py:753} INFO - DAG(s) dict_keys(['tutorial_taskflow_api']) retrieved from /home/ahyar/Documents/tut_folder/tut_python/python_script/tut_airflow/env_airflow/lib/python3.9/site-packages/airflow/example_dags/tutorial_taskflow_api.py
[2023-04-15T10:48:32.836+0700] {logging_mixin.py:137} INFO - [2023-04-15T10:48:32.836+0700] {dag.py:2705} INFO - Sync 1 DAGs
[2023-04-15T10:48:32.846+0700] {logging_mixin.py:137} INFO - [2023-04-15T10:48:32.845+0700] {dag.py:3452} INFO - Setting next_dagrun for tutorial_taskflow_api to None, run_after=None
[2023-04-15T10:48:32.860+0700] {processor.py:175} INFO - Processing /home/ahyar/Documents/tut_folder/tut_python/python_script/tut_airflow/env_airflow/lib/python3.9/site-packages/airflow/example_dags/tutorial_taskflow_api.py took 0.056 seconds
[2023-04-15T10:49:15.994+0700] {processor.py:153} INFO - Started process (PID=17425) to work on /home/ahyar/Documents/tut_folder/tut_python/python_script/tut_airflow/env_airflow/lib/python3.9/site-packages/airflow/example_dags/tutorial_taskflow_api.py
[2023-04-15T10:49:15.996+0700] {processor.py:743} INFO - Processing file /home/ahyar/Documents/tut_folder/tut_python/python_script/tut_airflow/env_airflow/lib/python3.9/site-packages/airflow/example_dags/tutorial_taskflow_api.py for tasks to queue
[2023-04-15T10:49:15.997+0700] {logging_mixin.py:137} INFO - [2023-04-15T10:49:15.996+0700] {dagbag.py:532} INFO - Filling up the DagBag from /home/ahyar/Documents/tut_folder/tut_python/python_script/tut_airflow/env_airflow/lib/python3.9/site-packages/airflow/example_dags/tutorial_taskflow_api.py
[2023-04-15T10:49:16.017+0700] {processor.py:753} INFO - DAG(s) dict_keys(['tutorial_taskflow_api']) retrieved from /home/ahyar/Documents/tut_folder/tut_python/python_script/tut_airflow/env_airflow/lib/python3.9/site-packages/airflow/example_dags/tutorial_taskflow_api.py
[2023-04-15T10:49:16.041+0700] {logging_mixin.py:137} INFO - [2023-04-15T10:49:16.041+0700] {dag.py:2705} INFO - Sync 1 DAGs
[2023-04-15T10:49:16.082+0700] {logging_mixin.py:137} INFO - [2023-04-15T10:49:16.081+0700] {dag.py:3452} INFO - Setting next_dagrun for tutorial_taskflow_api to None, run_after=None
[2023-04-15T10:49:16.134+0700] {processor.py:175} INFO - Processing /home/ahyar/Documents/tut_folder/tut_python/python_script/tut_airflow/env_airflow/lib/python3.9/site-packages/airflow/example_dags/tutorial_taskflow_api.py took 0.142 seconds
[2023-04-15T10:50:04.516+0700] {processor.py:153} INFO - Started process (PID=17614) to work on /home/ahyar/Documents/tut_folder/tut_python/python_script/tut_airflow/env_airflow/lib/python3.9/site-packages/airflow/example_dags/tutorial_taskflow_api.py
[2023-04-15T10:50:04.518+0700] {processor.py:743} INFO - Processing file /home/ahyar/Documents/tut_folder/tut_python/python_script/tut_airflow/env_airflow/lib/python3.9/site-packages/airflow/example_dags/tutorial_taskflow_api.py for tasks to queue
[2023-04-15T10:50:04.520+0700] {logging_mixin.py:137} INFO - [2023-04-15T10:50:04.519+0700] {dagbag.py:532} INFO - Filling up the DagBag from /home/ahyar/Documents/tut_folder/tut_python/python_script/tut_airflow/env_airflow/lib/python3.9/site-packages/airflow/example_dags/tutorial_taskflow_api.py
[2023-04-15T10:50:04.533+0700] {processor.py:753} INFO - DAG(s) dict_keys(['tutorial_taskflow_api']) retrieved from /home/ahyar/Documents/tut_folder/tut_python/python_script/tut_airflow/env_airflow/lib/python3.9/site-packages/airflow/example_dags/tutorial_taskflow_api.py
[2023-04-15T10:50:04.543+0700] {logging_mixin.py:137} INFO - [2023-04-15T10:50:04.543+0700] {dag.py:2705} INFO - Sync 1 DAGs
[2023-04-15T10:50:04.554+0700] {logging_mixin.py:137} INFO - [2023-04-15T10:50:04.554+0700] {dag.py:3452} INFO - Setting next_dagrun for tutorial_taskflow_api to None, run_after=None
[2023-04-15T10:50:04.568+0700] {processor.py:175} INFO - Processing /home/ahyar/Documents/tut_folder/tut_python/python_script/tut_airflow/env_airflow/lib/python3.9/site-packages/airflow/example_dags/tutorial_taskflow_api.py took 0.055 seconds
[2023-04-15T10:50:45.969+0700] {processor.py:153} INFO - Started process (PID=17753) to work on /home/ahyar/Documents/tut_folder/tut_python/python_script/tut_airflow/env_airflow/lib/python3.9/site-packages/airflow/example_dags/tutorial_taskflow_api.py
[2023-04-15T10:50:45.970+0700] {processor.py:743} INFO - Processing file /home/ahyar/Documents/tut_folder/tut_python/python_script/tut_airflow/env_airflow/lib/python3.9/site-packages/airflow/example_dags/tutorial_taskflow_api.py for tasks to queue
[2023-04-15T10:50:45.970+0700] {logging_mixin.py:137} INFO - [2023-04-15T10:50:45.970+0700] {dagbag.py:532} INFO - Filling up the DagBag from /home/ahyar/Documents/tut_folder/tut_python/python_script/tut_airflow/env_airflow/lib/python3.9/site-packages/airflow/example_dags/tutorial_taskflow_api.py
[2023-04-15T10:50:45.986+0700] {processor.py:753} INFO - DAG(s) dict_keys(['tutorial_taskflow_api']) retrieved from /home/ahyar/Documents/tut_folder/tut_python/python_script/tut_airflow/env_airflow/lib/python3.9/site-packages/airflow/example_dags/tutorial_taskflow_api.py
[2023-04-15T10:50:45.998+0700] {logging_mixin.py:137} INFO - [2023-04-15T10:50:45.998+0700] {dag.py:2705} INFO - Sync 1 DAGs
[2023-04-15T10:50:46.010+0700] {logging_mixin.py:137} INFO - [2023-04-15T10:50:46.010+0700] {dag.py:3452} INFO - Setting next_dagrun for tutorial_taskflow_api to None, run_after=None
[2023-04-15T10:50:46.024+0700] {processor.py:175} INFO - Processing /home/ahyar/Documents/tut_folder/tut_python/python_script/tut_airflow/env_airflow/lib/python3.9/site-packages/airflow/example_dags/tutorial_taskflow_api.py took 0.057 seconds
[2023-04-15T10:51:26.787+0700] {processor.py:153} INFO - Started process (PID=17838) to work on /home/ahyar/Documents/tut_folder/tut_python/python_script/tut_airflow/env_airflow/lib/python3.9/site-packages/airflow/example_dags/tutorial_taskflow_api.py
[2023-04-15T10:51:26.788+0700] {processor.py:743} INFO - Processing file /home/ahyar/Documents/tut_folder/tut_python/python_script/tut_airflow/env_airflow/lib/python3.9/site-packages/airflow/example_dags/tutorial_taskflow_api.py for tasks to queue
[2023-04-15T10:51:26.788+0700] {logging_mixin.py:137} INFO - [2023-04-15T10:51:26.788+0700] {dagbag.py:532} INFO - Filling up the DagBag from /home/ahyar/Documents/tut_folder/tut_python/python_script/tut_airflow/env_airflow/lib/python3.9/site-packages/airflow/example_dags/tutorial_taskflow_api.py
[2023-04-15T10:51:26.803+0700] {processor.py:753} INFO - DAG(s) dict_keys(['tutorial_taskflow_api']) retrieved from /home/ahyar/Documents/tut_folder/tut_python/python_script/tut_airflow/env_airflow/lib/python3.9/site-packages/airflow/example_dags/tutorial_taskflow_api.py
[2023-04-15T10:51:26.814+0700] {logging_mixin.py:137} INFO - [2023-04-15T10:51:26.813+0700] {dag.py:2705} INFO - Sync 1 DAGs
[2023-04-15T10:51:26.824+0700] {logging_mixin.py:137} INFO - [2023-04-15T10:51:26.824+0700] {dag.py:3452} INFO - Setting next_dagrun for tutorial_taskflow_api to None, run_after=None
[2023-04-15T10:51:26.837+0700] {processor.py:175} INFO - Processing /home/ahyar/Documents/tut_folder/tut_python/python_script/tut_airflow/env_airflow/lib/python3.9/site-packages/airflow/example_dags/tutorial_taskflow_api.py took 0.052 seconds
[2023-04-15T10:52:12.296+0700] {processor.py:153} INFO - Started process (PID=17910) to work on /home/ahyar/Documents/tut_folder/tut_python/python_script/tut_airflow/env_airflow/lib/python3.9/site-packages/airflow/example_dags/tutorial_taskflow_api.py
[2023-04-15T10:52:12.298+0700] {processor.py:743} INFO - Processing file /home/ahyar/Documents/tut_folder/tut_python/python_script/tut_airflow/env_airflow/lib/python3.9/site-packages/airflow/example_dags/tutorial_taskflow_api.py for tasks to queue
[2023-04-15T10:52:12.299+0700] {logging_mixin.py:137} INFO - [2023-04-15T10:52:12.299+0700] {dagbag.py:532} INFO - Filling up the DagBag from /home/ahyar/Documents/tut_folder/tut_python/python_script/tut_airflow/env_airflow/lib/python3.9/site-packages/airflow/example_dags/tutorial_taskflow_api.py
[2023-04-15T10:52:12.318+0700] {processor.py:753} INFO - DAG(s) dict_keys(['tutorial_taskflow_api']) retrieved from /home/ahyar/Documents/tut_folder/tut_python/python_script/tut_airflow/env_airflow/lib/python3.9/site-packages/airflow/example_dags/tutorial_taskflow_api.py
[2023-04-15T10:52:12.333+0700] {logging_mixin.py:137} INFO - [2023-04-15T10:52:12.333+0700] {dag.py:2705} INFO - Sync 1 DAGs
[2023-04-15T10:52:12.355+0700] {logging_mixin.py:137} INFO - [2023-04-15T10:52:12.355+0700] {dag.py:3452} INFO - Setting next_dagrun for tutorial_taskflow_api to None, run_after=None
[2023-04-15T10:52:12.382+0700] {processor.py:175} INFO - Processing /home/ahyar/Documents/tut_folder/tut_python/python_script/tut_airflow/env_airflow/lib/python3.9/site-packages/airflow/example_dags/tutorial_taskflow_api.py took 0.090 seconds
[2023-04-15T10:52:58.655+0700] {processor.py:153} INFO - Started process (PID=18082) to work on /home/ahyar/Documents/tut_folder/tut_python/python_script/tut_airflow/env_airflow/lib/python3.9/site-packages/airflow/example_dags/tutorial_taskflow_api.py
[2023-04-15T10:52:58.656+0700] {processor.py:743} INFO - Processing file /home/ahyar/Documents/tut_folder/tut_python/python_script/tut_airflow/env_airflow/lib/python3.9/site-packages/airflow/example_dags/tutorial_taskflow_api.py for tasks to queue
[2023-04-15T10:52:58.657+0700] {logging_mixin.py:137} INFO - [2023-04-15T10:52:58.657+0700] {dagbag.py:532} INFO - Filling up the DagBag from /home/ahyar/Documents/tut_folder/tut_python/python_script/tut_airflow/env_airflow/lib/python3.9/site-packages/airflow/example_dags/tutorial_taskflow_api.py
[2023-04-15T10:52:58.693+0700] {processor.py:753} INFO - DAG(s) dict_keys(['tutorial_taskflow_api']) retrieved from /home/ahyar/Documents/tut_folder/tut_python/python_script/tut_airflow/env_airflow/lib/python3.9/site-packages/airflow/example_dags/tutorial_taskflow_api.py
[2023-04-15T10:52:58.716+0700] {logging_mixin.py:137} INFO - [2023-04-15T10:52:58.715+0700] {dag.py:2705} INFO - Sync 1 DAGs
[2023-04-15T10:52:58.738+0700] {logging_mixin.py:137} INFO - [2023-04-15T10:52:58.738+0700] {dag.py:3452} INFO - Setting next_dagrun for tutorial_taskflow_api to None, run_after=None
[2023-04-15T10:52:58.765+0700] {processor.py:175} INFO - Processing /home/ahyar/Documents/tut_folder/tut_python/python_script/tut_airflow/env_airflow/lib/python3.9/site-packages/airflow/example_dags/tutorial_taskflow_api.py took 0.115 seconds
[2023-04-15T10:53:45.042+0700] {processor.py:153} INFO - Started process (PID=18177) to work on /home/ahyar/Documents/tut_folder/tut_python/python_script/tut_airflow/env_airflow/lib/python3.9/site-packages/airflow/example_dags/tutorial_taskflow_api.py
[2023-04-15T10:53:45.043+0700] {processor.py:743} INFO - Processing file /home/ahyar/Documents/tut_folder/tut_python/python_script/tut_airflow/env_airflow/lib/python3.9/site-packages/airflow/example_dags/tutorial_taskflow_api.py for tasks to queue
[2023-04-15T10:53:45.044+0700] {logging_mixin.py:137} INFO - [2023-04-15T10:53:45.043+0700] {dagbag.py:532} INFO - Filling up the DagBag from /home/ahyar/Documents/tut_folder/tut_python/python_script/tut_airflow/env_airflow/lib/python3.9/site-packages/airflow/example_dags/tutorial_taskflow_api.py
[2023-04-15T10:53:45.066+0700] {processor.py:753} INFO - DAG(s) dict_keys(['tutorial_taskflow_api']) retrieved from /home/ahyar/Documents/tut_folder/tut_python/python_script/tut_airflow/env_airflow/lib/python3.9/site-packages/airflow/example_dags/tutorial_taskflow_api.py
[2023-04-15T10:53:45.079+0700] {logging_mixin.py:137} INFO - [2023-04-15T10:53:45.079+0700] {dag.py:2705} INFO - Sync 1 DAGs
[2023-04-15T10:53:45.090+0700] {logging_mixin.py:137} INFO - [2023-04-15T10:53:45.090+0700] {dag.py:3452} INFO - Setting next_dagrun for tutorial_taskflow_api to None, run_after=None
[2023-04-15T10:53:45.103+0700] {processor.py:175} INFO - Processing /home/ahyar/Documents/tut_folder/tut_python/python_script/tut_airflow/env_airflow/lib/python3.9/site-packages/airflow/example_dags/tutorial_taskflow_api.py took 0.062 seconds
[2023-04-15T10:54:29.653+0700] {processor.py:153} INFO - Started process (PID=18262) to work on /home/ahyar/Documents/tut_folder/tut_python/python_script/tut_airflow/env_airflow/lib/python3.9/site-packages/airflow/example_dags/tutorial_taskflow_api.py
[2023-04-15T10:54:29.654+0700] {processor.py:743} INFO - Processing file /home/ahyar/Documents/tut_folder/tut_python/python_script/tut_airflow/env_airflow/lib/python3.9/site-packages/airflow/example_dags/tutorial_taskflow_api.py for tasks to queue
[2023-04-15T10:54:29.654+0700] {logging_mixin.py:137} INFO - [2023-04-15T10:54:29.654+0700] {dagbag.py:532} INFO - Filling up the DagBag from /home/ahyar/Documents/tut_folder/tut_python/python_script/tut_airflow/env_airflow/lib/python3.9/site-packages/airflow/example_dags/tutorial_taskflow_api.py
[2023-04-15T10:54:29.671+0700] {processor.py:753} INFO - DAG(s) dict_keys(['tutorial_taskflow_api']) retrieved from /home/ahyar/Documents/tut_folder/tut_python/python_script/tut_airflow/env_airflow/lib/python3.9/site-packages/airflow/example_dags/tutorial_taskflow_api.py
[2023-04-15T10:54:29.682+0700] {logging_mixin.py:137} INFO - [2023-04-15T10:54:29.682+0700] {dag.py:2705} INFO - Sync 1 DAGs
[2023-04-15T10:54:29.692+0700] {logging_mixin.py:137} INFO - [2023-04-15T10:54:29.692+0700] {dag.py:3452} INFO - Setting next_dagrun for tutorial_taskflow_api to None, run_after=None
[2023-04-15T10:54:29.706+0700] {processor.py:175} INFO - Processing /home/ahyar/Documents/tut_folder/tut_python/python_script/tut_airflow/env_airflow/lib/python3.9/site-packages/airflow/example_dags/tutorial_taskflow_api.py took 0.056 seconds
[2023-04-15T10:55:14.369+0700] {processor.py:153} INFO - Started process (PID=18334) to work on /home/ahyar/Documents/tut_folder/tut_python/python_script/tut_airflow/env_airflow/lib/python3.9/site-packages/airflow/example_dags/tutorial_taskflow_api.py
[2023-04-15T10:55:14.755+0700] {processor.py:743} INFO - Processing file /home/ahyar/Documents/tut_folder/tut_python/python_script/tut_airflow/env_airflow/lib/python3.9/site-packages/airflow/example_dags/tutorial_taskflow_api.py for tasks to queue
[2023-04-15T10:55:14.756+0700] {logging_mixin.py:137} INFO - [2023-04-15T10:55:14.755+0700] {dagbag.py:532} INFO - Filling up the DagBag from /home/ahyar/Documents/tut_folder/tut_python/python_script/tut_airflow/env_airflow/lib/python3.9/site-packages/airflow/example_dags/tutorial_taskflow_api.py
[2023-04-15T10:55:14.801+0700] {processor.py:753} INFO - DAG(s) dict_keys(['tutorial_taskflow_api']) retrieved from /home/ahyar/Documents/tut_folder/tut_python/python_script/tut_airflow/env_airflow/lib/python3.9/site-packages/airflow/example_dags/tutorial_taskflow_api.py
[2023-04-15T10:55:14.822+0700] {logging_mixin.py:137} INFO - [2023-04-15T10:55:14.822+0700] {dag.py:2705} INFO - Sync 1 DAGs
[2023-04-15T10:55:14.844+0700] {logging_mixin.py:137} INFO - [2023-04-15T10:55:14.844+0700] {dag.py:3452} INFO - Setting next_dagrun for tutorial_taskflow_api to None, run_after=None
[2023-04-15T10:55:14.916+0700] {processor.py:175} INFO - Processing /home/ahyar/Documents/tut_folder/tut_python/python_script/tut_airflow/env_airflow/lib/python3.9/site-packages/airflow/example_dags/tutorial_taskflow_api.py took 0.554 seconds
[2023-04-15T10:55:59.906+0700] {processor.py:153} INFO - Started process (PID=18446) to work on /home/ahyar/Documents/tut_folder/tut_python/python_script/tut_airflow/env_airflow/lib/python3.9/site-packages/airflow/example_dags/tutorial_taskflow_api.py
[2023-04-15T10:55:59.907+0700] {processor.py:743} INFO - Processing file /home/ahyar/Documents/tut_folder/tut_python/python_script/tut_airflow/env_airflow/lib/python3.9/site-packages/airflow/example_dags/tutorial_taskflow_api.py for tasks to queue
[2023-04-15T10:55:59.907+0700] {logging_mixin.py:137} INFO - [2023-04-15T10:55:59.907+0700] {dagbag.py:532} INFO - Filling up the DagBag from /home/ahyar/Documents/tut_folder/tut_python/python_script/tut_airflow/env_airflow/lib/python3.9/site-packages/airflow/example_dags/tutorial_taskflow_api.py
[2023-04-15T10:55:59.923+0700] {processor.py:753} INFO - DAG(s) dict_keys(['tutorial_taskflow_api']) retrieved from /home/ahyar/Documents/tut_folder/tut_python/python_script/tut_airflow/env_airflow/lib/python3.9/site-packages/airflow/example_dags/tutorial_taskflow_api.py
[2023-04-15T10:55:59.936+0700] {logging_mixin.py:137} INFO - [2023-04-15T10:55:59.936+0700] {dag.py:2705} INFO - Sync 1 DAGs
[2023-04-15T10:55:59.950+0700] {logging_mixin.py:137} INFO - [2023-04-15T10:55:59.950+0700] {dag.py:3452} INFO - Setting next_dagrun for tutorial_taskflow_api to None, run_after=None
[2023-04-15T10:55:59.967+0700] {processor.py:175} INFO - Processing /home/ahyar/Documents/tut_folder/tut_python/python_script/tut_airflow/env_airflow/lib/python3.9/site-packages/airflow/example_dags/tutorial_taskflow_api.py took 0.063 seconds
[2023-04-15T10:56:41.100+0700] {processor.py:153} INFO - Started process (PID=18514) to work on /home/ahyar/Documents/tut_folder/tut_python/python_script/tut_airflow/env_airflow/lib/python3.9/site-packages/airflow/example_dags/tutorial_taskflow_api.py
[2023-04-15T10:56:41.102+0700] {processor.py:743} INFO - Processing file /home/ahyar/Documents/tut_folder/tut_python/python_script/tut_airflow/env_airflow/lib/python3.9/site-packages/airflow/example_dags/tutorial_taskflow_api.py for tasks to queue
[2023-04-15T10:56:41.103+0700] {logging_mixin.py:137} INFO - [2023-04-15T10:56:41.103+0700] {dagbag.py:532} INFO - Filling up the DagBag from /home/ahyar/Documents/tut_folder/tut_python/python_script/tut_airflow/env_airflow/lib/python3.9/site-packages/airflow/example_dags/tutorial_taskflow_api.py
[2023-04-15T10:56:41.134+0700] {processor.py:753} INFO - DAG(s) dict_keys(['tutorial_taskflow_api']) retrieved from /home/ahyar/Documents/tut_folder/tut_python/python_script/tut_airflow/env_airflow/lib/python3.9/site-packages/airflow/example_dags/tutorial_taskflow_api.py
[2023-04-15T10:56:41.151+0700] {logging_mixin.py:137} INFO - [2023-04-15T10:56:41.150+0700] {dag.py:2705} INFO - Sync 1 DAGs
[2023-04-15T10:56:41.176+0700] {logging_mixin.py:137} INFO - [2023-04-15T10:56:41.175+0700] {dag.py:3452} INFO - Setting next_dagrun for tutorial_taskflow_api to None, run_after=None
[2023-04-15T10:56:41.203+0700] {processor.py:175} INFO - Processing /home/ahyar/Documents/tut_folder/tut_python/python_script/tut_airflow/env_airflow/lib/python3.9/site-packages/airflow/example_dags/tutorial_taskflow_api.py took 0.107 seconds
[2023-04-15T10:57:25.742+0700] {processor.py:153} INFO - Started process (PID=18595) to work on /home/ahyar/Documents/tut_folder/tut_python/python_script/tut_airflow/env_airflow/lib/python3.9/site-packages/airflow/example_dags/tutorial_taskflow_api.py
[2023-04-15T10:57:25.743+0700] {processor.py:743} INFO - Processing file /home/ahyar/Documents/tut_folder/tut_python/python_script/tut_airflow/env_airflow/lib/python3.9/site-packages/airflow/example_dags/tutorial_taskflow_api.py for tasks to queue
[2023-04-15T10:57:25.743+0700] {logging_mixin.py:137} INFO - [2023-04-15T10:57:25.743+0700] {dagbag.py:532} INFO - Filling up the DagBag from /home/ahyar/Documents/tut_folder/tut_python/python_script/tut_airflow/env_airflow/lib/python3.9/site-packages/airflow/example_dags/tutorial_taskflow_api.py
[2023-04-15T10:57:25.763+0700] {processor.py:753} INFO - DAG(s) dict_keys(['tutorial_taskflow_api']) retrieved from /home/ahyar/Documents/tut_folder/tut_python/python_script/tut_airflow/env_airflow/lib/python3.9/site-packages/airflow/example_dags/tutorial_taskflow_api.py
[2023-04-15T10:57:25.780+0700] {logging_mixin.py:137} INFO - [2023-04-15T10:57:25.780+0700] {dag.py:2705} INFO - Sync 1 DAGs
[2023-04-15T10:57:25.799+0700] {logging_mixin.py:137} INFO - [2023-04-15T10:57:25.799+0700] {dag.py:3452} INFO - Setting next_dagrun for tutorial_taskflow_api to None, run_after=None
[2023-04-15T10:57:25.822+0700] {processor.py:175} INFO - Processing /home/ahyar/Documents/tut_folder/tut_python/python_script/tut_airflow/env_airflow/lib/python3.9/site-packages/airflow/example_dags/tutorial_taskflow_api.py took 0.086 seconds
[2023-04-15T10:58:11.803+0700] {processor.py:153} INFO - Started process (PID=18651) to work on /home/ahyar/Documents/tut_folder/tut_python/python_script/tut_airflow/env_airflow/lib/python3.9/site-packages/airflow/example_dags/tutorial_taskflow_api.py
[2023-04-15T10:58:11.803+0700] {processor.py:743} INFO - Processing file /home/ahyar/Documents/tut_folder/tut_python/python_script/tut_airflow/env_airflow/lib/python3.9/site-packages/airflow/example_dags/tutorial_taskflow_api.py for tasks to queue
[2023-04-15T10:58:11.804+0700] {logging_mixin.py:137} INFO - [2023-04-15T10:58:11.803+0700] {dagbag.py:532} INFO - Filling up the DagBag from /home/ahyar/Documents/tut_folder/tut_python/python_script/tut_airflow/env_airflow/lib/python3.9/site-packages/airflow/example_dags/tutorial_taskflow_api.py
[2023-04-15T10:58:11.817+0700] {processor.py:753} INFO - DAG(s) dict_keys(['tutorial_taskflow_api']) retrieved from /home/ahyar/Documents/tut_folder/tut_python/python_script/tut_airflow/env_airflow/lib/python3.9/site-packages/airflow/example_dags/tutorial_taskflow_api.py
[2023-04-15T10:58:11.832+0700] {logging_mixin.py:137} INFO - [2023-04-15T10:58:11.831+0700] {dag.py:2705} INFO - Sync 1 DAGs
[2023-04-15T10:58:11.847+0700] {logging_mixin.py:137} INFO - [2023-04-15T10:58:11.847+0700] {dag.py:3452} INFO - Setting next_dagrun for tutorial_taskflow_api to None, run_after=None
[2023-04-15T10:58:11.865+0700] {processor.py:175} INFO - Processing /home/ahyar/Documents/tut_folder/tut_python/python_script/tut_airflow/env_airflow/lib/python3.9/site-packages/airflow/example_dags/tutorial_taskflow_api.py took 0.065 seconds
[2023-04-15T10:58:58.200+0700] {processor.py:153} INFO - Started process (PID=18849) to work on /home/ahyar/Documents/tut_folder/tut_python/python_script/tut_airflow/env_airflow/lib/python3.9/site-packages/airflow/example_dags/tutorial_taskflow_api.py
[2023-04-15T10:58:58.201+0700] {processor.py:743} INFO - Processing file /home/ahyar/Documents/tut_folder/tut_python/python_script/tut_airflow/env_airflow/lib/python3.9/site-packages/airflow/example_dags/tutorial_taskflow_api.py for tasks to queue
[2023-04-15T10:58:58.202+0700] {logging_mixin.py:137} INFO - [2023-04-15T10:58:58.202+0700] {dagbag.py:532} INFO - Filling up the DagBag from /home/ahyar/Documents/tut_folder/tut_python/python_script/tut_airflow/env_airflow/lib/python3.9/site-packages/airflow/example_dags/tutorial_taskflow_api.py
[2023-04-15T10:58:58.232+0700] {processor.py:753} INFO - DAG(s) dict_keys(['tutorial_taskflow_api']) retrieved from /home/ahyar/Documents/tut_folder/tut_python/python_script/tut_airflow/env_airflow/lib/python3.9/site-packages/airflow/example_dags/tutorial_taskflow_api.py
[2023-04-15T10:58:58.248+0700] {logging_mixin.py:137} INFO - [2023-04-15T10:58:58.248+0700] {dag.py:2705} INFO - Sync 1 DAGs
[2023-04-15T10:58:58.266+0700] {logging_mixin.py:137} INFO - [2023-04-15T10:58:58.266+0700] {dag.py:3452} INFO - Setting next_dagrun for tutorial_taskflow_api to None, run_after=None
[2023-04-15T10:58:58.284+0700] {processor.py:175} INFO - Processing /home/ahyar/Documents/tut_folder/tut_python/python_script/tut_airflow/env_airflow/lib/python3.9/site-packages/airflow/example_dags/tutorial_taskflow_api.py took 0.091 seconds
[2023-04-15T11:02:12.557+0700] {processor.py:153} INFO - Started process (PID=20974) to work on /home/ahyar/Documents/tut_folder/tut_python/python_script/tut_airflow/env_airflow/lib/python3.9/site-packages/airflow/example_dags/tutorial_taskflow_api.py
[2023-04-15T11:02:12.558+0700] {processor.py:743} INFO - Processing file /home/ahyar/Documents/tut_folder/tut_python/python_script/tut_airflow/env_airflow/lib/python3.9/site-packages/airflow/example_dags/tutorial_taskflow_api.py for tasks to queue
[2023-04-15T11:02:12.558+0700] {logging_mixin.py:137} INFO - [2023-04-15T11:02:12.558+0700] {dagbag.py:532} INFO - Filling up the DagBag from /home/ahyar/Documents/tut_folder/tut_python/python_script/tut_airflow/env_airflow/lib/python3.9/site-packages/airflow/example_dags/tutorial_taskflow_api.py
[2023-04-15T11:02:12.572+0700] {processor.py:753} INFO - DAG(s) dict_keys(['tutorial_taskflow_api']) retrieved from /home/ahyar/Documents/tut_folder/tut_python/python_script/tut_airflow/env_airflow/lib/python3.9/site-packages/airflow/example_dags/tutorial_taskflow_api.py
[2023-04-15T11:02:12.582+0700] {logging_mixin.py:137} INFO - [2023-04-15T11:02:12.582+0700] {dag.py:2705} INFO - Sync 1 DAGs
[2023-04-15T11:02:12.592+0700] {logging_mixin.py:137} INFO - [2023-04-15T11:02:12.592+0700] {dag.py:3452} INFO - Setting next_dagrun for tutorial_taskflow_api to None, run_after=None
[2023-04-15T11:02:12.607+0700] {processor.py:175} INFO - Processing /home/ahyar/Documents/tut_folder/tut_python/python_script/tut_airflow/env_airflow/lib/python3.9/site-packages/airflow/example_dags/tutorial_taskflow_api.py took 0.052 seconds
[2023-04-15T11:05:30.039+0700] {processor.py:153} INFO - Started process (PID=23286) to work on /home/ahyar/Documents/tut_folder/tut_python/python_script/tut_airflow/env_airflow/lib/python3.9/site-packages/airflow/example_dags/tutorial_taskflow_api.py
[2023-04-15T11:05:30.040+0700] {processor.py:743} INFO - Processing file /home/ahyar/Documents/tut_folder/tut_python/python_script/tut_airflow/env_airflow/lib/python3.9/site-packages/airflow/example_dags/tutorial_taskflow_api.py for tasks to queue
[2023-04-15T11:05:30.041+0700] {logging_mixin.py:137} INFO - [2023-04-15T11:05:30.041+0700] {dagbag.py:532} INFO - Filling up the DagBag from /home/ahyar/Documents/tut_folder/tut_python/python_script/tut_airflow/env_airflow/lib/python3.9/site-packages/airflow/example_dags/tutorial_taskflow_api.py
[2023-04-15T11:05:30.061+0700] {processor.py:753} INFO - DAG(s) dict_keys(['tutorial_taskflow_api']) retrieved from /home/ahyar/Documents/tut_folder/tut_python/python_script/tut_airflow/env_airflow/lib/python3.9/site-packages/airflow/example_dags/tutorial_taskflow_api.py
[2023-04-15T11:05:30.073+0700] {logging_mixin.py:137} INFO - [2023-04-15T11:05:30.073+0700] {dag.py:2705} INFO - Sync 1 DAGs
[2023-04-15T11:05:30.086+0700] {logging_mixin.py:137} INFO - [2023-04-15T11:05:30.086+0700] {dag.py:3452} INFO - Setting next_dagrun for tutorial_taskflow_api to None, run_after=None
[2023-04-15T11:05:30.174+0700] {processor.py:175} INFO - Processing /home/ahyar/Documents/tut_folder/tut_python/python_script/tut_airflow/env_airflow/lib/python3.9/site-packages/airflow/example_dags/tutorial_taskflow_api.py took 0.137 seconds
