[2023-04-15T11:04:36.151+0700] {taskinstance.py:1090} INFO - Dependencies all met for dep_context=non-requeueable deps ti=<TaskInstance: our_first_dag_v5.first_task scheduled__2021-09-06T00:00:00+00:00 [queued]>
[2023-04-15T11:04:36.155+0700] {taskinstance.py:1090} INFO - Dependencies all met for dep_context=requeueable deps ti=<TaskInstance: our_first_dag_v5.first_task scheduled__2021-09-06T00:00:00+00:00 [queued]>
[2023-04-15T11:04:36.155+0700] {taskinstance.py:1288} INFO - 
--------------------------------------------------------------------------------
[2023-04-15T11:04:36.155+0700] {taskinstance.py:1289} INFO - Starting attempt 1 of 6
[2023-04-15T11:04:36.155+0700] {taskinstance.py:1290} INFO - 
--------------------------------------------------------------------------------
[2023-04-15T11:04:36.169+0700] {taskinstance.py:1309} INFO - Executing <Task(BashOperator): first_task> on 2021-09-06 00:00:00+00:00
[2023-04-15T11:04:36.171+0700] {standard_task_runner.py:55} INFO - Started process 22732 to run task
[2023-04-15T11:04:36.173+0700] {standard_task_runner.py:82} INFO - Running: ['airflow', 'tasks', 'run', 'our_first_dag_v5', 'first_task', 'scheduled__2021-09-06T00:00:00+00:00', '--job-id', '118', '--raw', '--subdir', 'DAGS_FOLDER/first_dag.py', '--cfg-path', '/tmp/tmpw1bq8gr_']
[2023-04-15T11:04:36.173+0700] {standard_task_runner.py:83} INFO - Job 118: Subtask first_task
[2023-04-15T11:04:36.262+0700] {task_command.py:389} INFO - Running <TaskInstance: our_first_dag_v5.first_task scheduled__2021-09-06T00:00:00+00:00 [running]> on host ahyar-Aspire-A514-54
[2023-04-15T11:04:36.297+0700] {taskinstance.py:1516} INFO - Exporting the following env vars:
AIRFLOW_CTX_DAG_OWNER=coder2j
AIRFLOW_CTX_DAG_ID=our_first_dag_v5
AIRFLOW_CTX_TASK_ID=first_task
AIRFLOW_CTX_EXECUTION_DATE=2021-09-06T00:00:00+00:00
AIRFLOW_CTX_TRY_NUMBER=1
AIRFLOW_CTX_DAG_RUN_ID=scheduled__2021-09-06T00:00:00+00:00
[2023-04-15T11:04:36.297+0700] {subprocess.py:63} INFO - Tmp dir root location: 
 /tmp
[2023-04-15T11:04:36.298+0700] {subprocess.py:75} INFO - Running command: ['/usr/bin/bash', '-c', 'echo hello world, this is the first task!']
[2023-04-15T11:04:36.302+0700] {subprocess.py:86} INFO - Output:
[2023-04-15T11:04:36.303+0700] {subprocess.py:93} INFO - hello world, this is the first task!
[2023-04-15T11:04:36.304+0700] {subprocess.py:97} INFO - Command exited with return code 0
[2023-04-15T11:04:36.317+0700] {taskinstance.py:1327} INFO - Marking task as SUCCESS. dag_id=our_first_dag_v5, task_id=first_task, execution_date=20210906T000000, start_date=20230415T040436, end_date=20230415T040436
[2023-04-15T11:04:36.344+0700] {local_task_job.py:212} INFO - Task exited with return code 0
[2023-04-15T11:04:36.410+0700] {taskinstance.py:2596} INFO - 2 downstream tasks scheduled from follow-on schedule check
